[2023-10-08T05:35:09.766+0000] {taskinstance.py:1159} INFO - Dependencies all met for dep_context=non-requeueable deps ti=<TaskInstance: Reddit_Post_Comment_Dag.extract_post_comment_task manual__2023-10-08T05:35:02.568718+00:00 [queued]>
[2023-10-08T05:35:09.787+0000] {taskinstance.py:1159} INFO - Dependencies all met for dep_context=requeueable deps ti=<TaskInstance: Reddit_Post_Comment_Dag.extract_post_comment_task manual__2023-10-08T05:35:02.568718+00:00 [queued]>
[2023-10-08T05:35:09.789+0000] {taskinstance.py:1361} INFO - Starting attempt 1 of 2
[2023-10-08T05:35:09.811+0000] {taskinstance.py:1382} INFO - Executing <Task(PythonOperator): extract_post_comment_task> on 2023-10-08 05:35:02.568718+00:00
[2023-10-08T05:35:09.825+0000] {standard_task_runner.py:57} INFO - Started process 705 to run task
[2023-10-08T05:35:09.836+0000] {standard_task_runner.py:84} INFO - Running: ['***', 'tasks', 'run', 'Reddit_Post_Comment_Dag', 'extract_post_comment_task', 'manual__2023-10-08T05:35:02.568718+00:00', '--job-id', '152', '--raw', '--subdir', 'DAGS_FOLDER/reddit_post_comment_dag.py', '--cfg-path', '/tmp/tmpe5f3st88']
[2023-10-08T05:35:09.844+0000] {standard_task_runner.py:85} INFO - Job 152: Subtask extract_post_comment_task
[2023-10-08T05:35:09.931+0000] {task_command.py:415} INFO - Running <TaskInstance: Reddit_Post_Comment_Dag.extract_post_comment_task manual__2023-10-08T05:35:02.568718+00:00 [running]> on host 88aca7bb4134
[2023-10-08T05:35:10.324+0000] {taskinstance.py:1660} INFO - Exporting env vars: AIRFLOW_CTX_DAG_OWNER='***' AIRFLOW_CTX_DAG_ID='Reddit_Post_Comment_Dag' AIRFLOW_CTX_TASK_ID='extract_post_comment_task' AIRFLOW_CTX_EXECUTION_DATE='2023-10-08T05:35:02.568718+00:00' AIRFLOW_CTX_TRY_NUMBER='1' AIRFLOW_CTX_DAG_RUN_ID='manual__2023-10-08T05:35:02.568718+00:00'
[2023-10-08T05:35:12.491+0000] {logging_mixin.py:151} INFO - jne0tao
[2023-10-08T05:35:12.903+0000] {logging_mixin.py:151} INFO - jne2khi
[2023-10-08T05:35:13.392+0000] {logging_mixin.py:151} INFO - jne7g3j
[2023-10-08T05:35:13.804+0000] {logging_mixin.py:151} INFO - jnerfck
[2023-10-08T05:35:14.293+0000] {logging_mixin.py:151} INFO - jnf8nol
[2023-10-08T05:35:14.806+0000] {logging_mixin.py:151} INFO - jne1hiv
[2023-10-08T05:35:15.320+0000] {logging_mixin.py:151} INFO - jne8l3l
[2023-10-08T05:35:15.700+0000] {logging_mixin.py:151} INFO - jneev7i
[2023-10-08T05:35:16.082+0000] {logging_mixin.py:151} INFO - jnel3u4
[2023-10-08T05:35:16.552+0000] {logging_mixin.py:151} INFO - jnen2t4
[2023-10-08T05:35:16.949+0000] {logging_mixin.py:151} INFO - jnewyfw
[2023-10-08T05:35:17.347+0000] {logging_mixin.py:151} INFO - jnf3mhl
[2023-10-08T05:35:17.730+0000] {logging_mixin.py:151} INFO - jnfmshg
[2023-10-08T05:35:18.251+0000] {logging_mixin.py:151} INFO - jnfyt77
[2023-10-08T05:35:18.654+0000] {logging_mixin.py:151} INFO - jnegaj2
[2023-10-08T05:35:19.624+0000] {logging_mixin.py:151} INFO - jnfelhw
[2023-10-08T05:35:20.137+0000] {logging_mixin.py:151} INFO - jnfey51
[2023-10-08T05:35:20.547+0000] {logging_mixin.py:151} INFO - jnflcvr
[2023-10-08T05:35:21.000+0000] {logging_mixin.py:151} INFO - jng2c27
[2023-10-08T05:35:21.386+0000] {logging_mixin.py:151} INFO - jng96ac
[2023-10-08T05:35:21.759+0000] {logging_mixin.py:151} INFO - jngmc5s
[2023-10-08T05:35:22.188+0000] {logging_mixin.py:151} INFO - jngmxan
[2023-10-08T05:35:22.596+0000] {logging_mixin.py:151} INFO - jngpkis
[2023-10-08T05:35:23.008+0000] {logging_mixin.py:151} INFO - jngrpnn
[2023-10-08T05:35:23.418+0000] {logging_mixin.py:151} INFO - jnhcbrn
[2023-10-08T05:35:23.892+0000] {logging_mixin.py:151} INFO - jnhgw8d
[2023-10-08T05:35:25.057+0000] {logging_mixin.py:151} INFO - jnicmw8
[2023-10-08T05:35:25.465+0000] {logging_mixin.py:151} INFO - jne7lav
[2023-10-08T05:35:25.979+0000] {logging_mixin.py:151} INFO - jnftnvd
[2023-10-08T05:35:26.492+0000] {logging_mixin.py:151} INFO - jnffk10
[2023-10-08T05:35:26.899+0000] {logging_mixin.py:151} INFO - jne8wc7
[2023-10-08T05:35:27.413+0000] {logging_mixin.py:151} INFO - jne9edl
[2023-10-08T05:35:27.791+0000] {logging_mixin.py:151} INFO - jnf00fs
[2023-10-08T05:35:28.233+0000] {logging_mixin.py:151} INFO - jng2lqr
[2023-10-08T05:35:28.743+0000] {logging_mixin.py:151} INFO - jnen17d
[2023-10-08T05:35:29.259+0000] {logging_mixin.py:151} INFO - jngtszz
[2023-10-08T05:35:29.668+0000] {logging_mixin.py:151} INFO - jng2q7c
[2023-10-08T05:35:30.596+0000] {logging_mixin.py:151} INFO - jneny7z
[2023-10-08T05:35:31.103+0000] {logging_mixin.py:151} INFO - jng5cjd
[2023-10-08T05:35:31.484+0000] {logging_mixin.py:151} INFO - jneopyp
[2023-10-08T05:35:31.848+0000] {logging_mixin.py:151} INFO - jnep3tx
[2023-10-08T05:35:34.306+0000] {logging_mixin.py:151} INFO - jlmdlom
[2023-10-08T05:35:34.797+0000] {logging_mixin.py:151} INFO - jlmlaul
[2023-10-08T05:35:35.201+0000] {logging_mixin.py:151} INFO - jlnd3mf
[2023-10-08T05:35:35.611+0000] {logging_mixin.py:151} INFO - jlmtm7h
[2023-10-08T05:35:36.020+0000] {logging_mixin.py:151} INFO - jlm7xb6
[2023-10-08T05:35:36.532+0000] {logging_mixin.py:151} INFO - jlmdfb7
[2023-10-08T05:35:37.046+0000] {logging_mixin.py:151} INFO - jlmokzq
[2023-10-08T05:35:37.427+0000] {logging_mixin.py:151} INFO - jlmt3f4
[2023-10-08T05:35:39.095+0000] {logging_mixin.py:151} INFO - jlmzff6
[2023-10-08T05:35:39.503+0000] {logging_mixin.py:151} INFO - jlmqb68
[2023-10-08T05:35:39.902+0000] {logging_mixin.py:151} INFO - jln2x2j
[2023-10-08T05:35:40.288+0000] {logging_mixin.py:151} INFO - jlnbbma
[2023-10-08T05:35:40.678+0000] {logging_mixin.py:151} INFO - jlmpiit
[2023-10-08T05:35:41.141+0000] {logging_mixin.py:151} INFO - jlmg45t
[2023-10-08T05:35:41.553+0000] {logging_mixin.py:151} INFO - jlmsi4l
[2023-10-08T05:35:41.965+0000] {logging_mixin.py:151} INFO - jlnca7b
[2023-10-08T05:35:42.378+0000] {logging_mixin.py:151} INFO - jlnc5oc
[2023-10-08T05:35:42.891+0000] {logging_mixin.py:151} INFO - jlnf5xm
[2023-10-08T05:35:43.280+0000] {logging_mixin.py:151} INFO - jlmmdor
[2023-10-08T05:35:43.682+0000] {logging_mixin.py:151} INFO - jlmxl5q
[2023-10-08T05:35:44.118+0000] {logging_mixin.py:151} INFO - jlmgg2w
[2023-10-08T05:35:44.596+0000] {logging_mixin.py:151} INFO - jln61d7
[2023-10-08T05:35:44.980+0000] {logging_mixin.py:151} INFO - jlnczmd
[2023-10-08T05:35:45.426+0000] {logging_mixin.py:151} INFO - jlnme7d
[2023-10-08T05:35:45.937+0000] {logging_mixin.py:151} INFO - jlnu2nf
[2023-10-08T05:35:46.347+0000] {logging_mixin.py:151} INFO - jlnvaq2
[2023-10-08T05:35:46.757+0000] {logging_mixin.py:151} INFO - jlmub43
[2023-10-08T05:35:47.167+0000] {logging_mixin.py:151} INFO - jlncc47
[2023-10-08T05:35:47.577+0000] {logging_mixin.py:151} INFO - jlmr2uf
[2023-10-08T05:35:47.998+0000] {logging_mixin.py:151} INFO - jln58tq
[2023-10-08T05:35:48.499+0000] {logging_mixin.py:151} INFO - jlnuwlq
[2023-10-08T05:35:48.909+0000] {logging_mixin.py:151} INFO - jloj9uk
[2023-10-08T05:35:49.422+0000] {logging_mixin.py:151} INFO - jlpc7gq
[2023-10-08T05:35:49.835+0000] {logging_mixin.py:151} INFO - jlmwb4e
[2023-10-08T05:35:50.345+0000] {logging_mixin.py:151} INFO - jlnnah0
[2023-10-08T05:35:50.858+0000] {logging_mixin.py:151} INFO - jlo6m11
[2023-10-08T05:35:51.243+0000] {logging_mixin.py:151} INFO - jlpn8uf
[2023-10-08T05:35:51.678+0000] {logging_mixin.py:151} INFO - jlmt8go
[2023-10-08T05:35:52.072+0000] {logging_mixin.py:151} INFO - jlmzl3t
[2023-10-08T05:35:52.502+0000] {logging_mixin.py:151} INFO - jln98ya
[2023-10-08T05:35:53.010+0000] {logging_mixin.py:151} INFO - jlnvjmd
[2023-10-08T05:35:53.419+0000] {logging_mixin.py:151} INFO - jlo0koo
[2023-10-08T05:35:53.831+0000] {logging_mixin.py:151} INFO - jloch50
[2023-10-08T05:35:54.343+0000] {logging_mixin.py:151} INFO - jlpdcbp
[2023-10-08T05:35:54.752+0000] {logging_mixin.py:151} INFO - jlnd3l2
[2023-10-08T05:35:55.672+0000] {logging_mixin.py:151} INFO - jlmxw4f
[2023-10-08T05:35:56.093+0000] {logging_mixin.py:151} INFO - jlpt9sw
[2023-10-08T05:35:56.488+0000] {logging_mixin.py:151} INFO - jlptduj
[2023-10-08T05:35:56.967+0000] {logging_mixin.py:151} INFO - jlpw77x
[2023-10-08T05:35:57.417+0000] {logging_mixin.py:151} INFO - jlqgg8m
[2023-10-08T05:35:57.785+0000] {logging_mixin.py:151} INFO - jln4h8c
[2023-10-08T05:35:58.235+0000] {logging_mixin.py:151} INFO - jlndhw4
[2023-10-08T05:35:58.647+0000] {logging_mixin.py:151} INFO - jlmxiy8
[2023-10-08T05:35:59.058+0000] {logging_mixin.py:151} INFO - jln3dtw
[2023-10-08T05:35:59.571+0000] {logging_mixin.py:151} INFO - jlo4mg6
[2023-10-08T05:36:00.081+0000] {logging_mixin.py:151} INFO - jlo580z
[2023-10-08T05:36:00.491+0000] {logging_mixin.py:151} INFO - jlpagxk
[2023-10-08T05:36:00.897+0000] {logging_mixin.py:151} INFO - jlpu8mz
[2023-10-08T05:36:01.275+0000] {logging_mixin.py:151} INFO - jlpxdz1
[2023-10-08T05:36:01.722+0000] {logging_mixin.py:151} INFO - jlqcsc5
[2023-10-08T05:36:02.234+0000] {logging_mixin.py:151} INFO - jlqnlpe
[2023-10-08T05:36:02.625+0000] {logging_mixin.py:151} INFO - jlqqo8h
[2023-10-08T05:36:03.692+0000] {logging_mixin.py:151} INFO - jln7yuk
[2023-10-08T05:36:04.079+0000] {logging_mixin.py:151} INFO - jlptovr
[2023-10-08T05:36:04.590+0000] {logging_mixin.py:151} INFO - jlmxqny
[2023-10-08T05:36:05.113+0000] {logging_mixin.py:151} INFO - jlnbf2c
[2023-10-08T05:36:05.615+0000] {logging_mixin.py:151} INFO - jlmvmlv
[2023-10-08T05:36:06.125+0000] {logging_mixin.py:151} INFO - jln2pea
[2023-10-08T05:36:06.537+0000] {logging_mixin.py:151} INFO - jlntvcq
[2023-10-08T05:36:07.049+0000] {logging_mixin.py:151} INFO - jln7xq2
[2023-10-08T05:36:07.460+0000] {logging_mixin.py:151} INFO - jln5vng
[2023-10-08T05:36:07.868+0000] {logging_mixin.py:151} INFO - jlnqrwo
[2023-10-08T05:36:08.244+0000] {logging_mixin.py:151} INFO - jln4efw
[2023-10-08T05:36:08.632+0000] {logging_mixin.py:151} INFO - jln4ih1
[2023-10-08T05:36:09.007+0000] {logging_mixin.py:151} INFO - jlp0apx
[2023-10-08T05:36:09.383+0000] {logging_mixin.py:151} INFO - jlphm7f
[2023-10-08T05:36:09.817+0000] {logging_mixin.py:151} INFO - jln0bko
[2023-10-08T05:36:10.184+0000] {logging_mixin.py:151} INFO - jlncjyq
[2023-10-08T05:36:10.636+0000] {logging_mixin.py:151} INFO - jlno643
[2023-10-08T05:36:11.043+0000] {logging_mixin.py:151} INFO - jln06gb
[2023-10-08T05:36:11.433+0000] {logging_mixin.py:151} INFO - jlppqp2
[2023-10-08T05:36:11.807+0000] {logging_mixin.py:151} INFO - jlptbi2
[2023-10-08T05:36:12.279+0000] {logging_mixin.py:151} INFO - jlqg3es
[2023-10-08T05:36:12.788+0000] {logging_mixin.py:151} INFO - jlnasu4
[2023-10-08T05:36:13.218+0000] {logging_mixin.py:151} INFO - jlq5xu1
[2023-10-08T05:36:13.708+0000] {logging_mixin.py:151} INFO - jlnz93h
[2023-10-08T05:36:14.202+0000] {logging_mixin.py:151} INFO - jlpfkb9
[2023-10-08T05:36:14.713+0000] {logging_mixin.py:151} INFO - jlpgz6y
[2023-10-08T05:36:15.125+0000] {logging_mixin.py:151} INFO - jlpezgb
[2023-10-08T05:36:15.531+0000] {logging_mixin.py:151} INFO - jlnx5dl
[2023-10-08T05:36:15.945+0000] {logging_mixin.py:151} INFO - jlpb829
[2023-10-08T05:36:16.458+0000] {logging_mixin.py:151} INFO - jlpxz01
[2023-10-08T05:36:18.057+0000] {logging_mixin.py:151} INFO - jlpcy07
[2023-10-08T05:36:18.500+0000] {logging_mixin.py:151} INFO - jlohxge
[2023-10-08T05:36:18.890+0000] {logging_mixin.py:151} INFO - jlp7jjt
[2023-10-08T05:36:19.258+0000] {logging_mixin.py:151} INFO - jlowfuf
[2023-10-08T05:36:19.640+0000] {logging_mixin.py:151} INFO - jlp46wn
[2023-10-08T05:36:20.043+0000] {logging_mixin.py:151} INFO - jln574w
[2023-10-08T05:36:20.553+0000] {logging_mixin.py:151} INFO - jlmmkvd
[2023-10-08T05:36:20.963+0000] {logging_mixin.py:151} INFO - jlpm66j
[2023-10-08T05:36:21.477+0000] {logging_mixin.py:151} INFO - jlp52b1
[2023-10-08T05:36:21.982+0000] {logging_mixin.py:151} INFO - jlq8p6m
[2023-10-08T05:36:22.386+0000] {logging_mixin.py:151} INFO - jlmob4g
[2023-10-08T05:36:22.811+0000] {logging_mixin.py:151} INFO - jlmpk01
[2023-10-08T05:36:23.196+0000] {logging_mixin.py:151} INFO - jlmrbhw
[2023-10-08T05:36:23.631+0000] {logging_mixin.py:151} INFO - jlnfby9
[2023-10-08T05:36:24.107+0000] {logging_mixin.py:151} INFO - jlp4wmp
[2023-10-08T05:36:24.540+0000] {logging_mixin.py:151} INFO - jlnjhox
[2023-10-08T05:36:25.222+0000] {logging_mixin.py:151} INFO - jlmzwp8
[2023-10-08T05:36:25.686+0000] {logging_mixin.py:151} INFO - jlmbl1p
[2023-10-08T05:36:26.192+0000] {logging_mixin.py:151} INFO - jlmttv2
[2023-10-08T05:36:26.909+0000] {logging_mixin.py:151} INFO - jlq67wv
[2023-10-08T05:36:27.316+0000] {logging_mixin.py:151} INFO - jlqsw9t
[2023-10-08T05:36:27.810+0000] {logging_mixin.py:151} INFO - jlq3rgv
[2023-10-08T05:36:28.191+0000] {logging_mixin.py:151} INFO - jlojefc
[2023-10-08T05:36:28.646+0000] {logging_mixin.py:151} INFO - jloxe3r
[2023-10-08T05:36:29.061+0000] {logging_mixin.py:151} INFO - jln284n
[2023-10-08T05:36:30.297+0000] {logging_mixin.py:151} INFO - jln39fw
[2023-10-08T05:36:30.702+0000] {logging_mixin.py:151} INFO - jlnx04b
[2023-10-08T05:36:31.211+0000] {logging_mixin.py:151} INFO - jlo0m2m
[2023-10-08T05:36:31.726+0000] {logging_mixin.py:151} INFO - jlno53f
[2023-10-08T05:36:32.586+0000] {logging_mixin.py:151} INFO - jlqd4wk
[2023-10-08T05:36:32.981+0000] {logging_mixin.py:151} INFO - jlo5s11
[2023-10-08T05:36:33.469+0000] {logging_mixin.py:151} INFO - jln9tiz
[2023-10-08T05:36:33.872+0000] {logging_mixin.py:151} INFO - jloa7cy
[2023-10-08T05:36:34.283+0000] {logging_mixin.py:151} INFO - jlqdlm5
[2023-10-08T05:36:34.697+0000] {logging_mixin.py:151} INFO - jlotv5i
[2023-10-08T05:36:35.211+0000] {logging_mixin.py:151} INFO - jlmmoz0
[2023-10-08T05:36:35.617+0000] {logging_mixin.py:151} INFO - jlmo7bs
[2023-10-08T05:36:36.132+0000] {logging_mixin.py:151} INFO - jlmxp4g
[2023-10-08T05:36:36.542+0000] {logging_mixin.py:151} INFO - jlmzp98
[2023-10-08T05:36:37.050+0000] {logging_mixin.py:151} INFO - jlns1i7
[2023-10-08T05:36:37.422+0000] {logging_mixin.py:151} INFO - jlmq2hz
[2023-10-08T05:36:37.875+0000] {logging_mixin.py:151} INFO - jlmog1v
[2023-10-08T05:36:38.391+0000] {logging_mixin.py:151} INFO - jlmt6aa
[2023-10-08T05:36:38.899+0000] {logging_mixin.py:151} INFO - jlmmeuc
[2023-10-08T05:36:39.306+0000] {logging_mixin.py:151} INFO - jln4ry2
[2023-10-08T05:36:39.694+0000] {logging_mixin.py:151} INFO - jlnqlqd
[2023-10-08T05:36:40.097+0000] {logging_mixin.py:151} INFO - jlmzrxj
[2023-10-08T05:36:40.638+0000] {logging_mixin.py:151} INFO - jln005s
[2023-10-08T05:36:41.020+0000] {logging_mixin.py:151} INFO - jlpqn7p
[2023-10-08T05:36:41.457+0000] {logging_mixin.py:151} INFO - jlppvb0
[2023-10-08T05:36:41.973+0000] {logging_mixin.py:151} INFO - jlpp1um
[2023-10-08T05:36:42.485+0000] {logging_mixin.py:151} INFO - jlqfxa8
[2023-10-08T05:36:42.894+0000] {logging_mixin.py:151} INFO - jlo59gj
[2023-10-08T05:36:43.284+0000] {logging_mixin.py:151} INFO - jlnfb7a
[2023-10-08T05:36:44.204+0000] {logging_mixin.py:151} INFO - jlnfqas
[2023-10-08T05:36:44.613+0000] {logging_mixin.py:151} INFO - jlprzzs
[2023-10-08T05:36:45.025+0000] {logging_mixin.py:151} INFO - jlq0r99
[2023-10-08T05:36:45.541+0000] {logging_mixin.py:151} INFO - jlq0rx2
[2023-10-08T05:36:46.048+0000] {logging_mixin.py:151} INFO - jlnffve
[2023-10-08T05:36:46.565+0000] {logging_mixin.py:151} INFO - jlmznkr
[2023-10-08T05:36:47.075+0000] {logging_mixin.py:151} INFO - jlncb1e
[2023-10-08T05:36:47.483+0000] {logging_mixin.py:151} INFO - jlmztgf
[2023-10-08T05:36:47.895+0000] {logging_mixin.py:151} INFO - jlpqsa7
[2023-10-08T05:36:48.276+0000] {logging_mixin.py:151} INFO - jlo5j3d
[2023-10-08T05:36:48.719+0000] {logging_mixin.py:151} INFO - jlqgca2
[2023-10-08T05:36:49.101+0000] {logging_mixin.py:151} INFO - jln9lzf
[2023-10-08T05:36:49.537+0000] {logging_mixin.py:151} INFO - jlnrwnm
[2023-10-08T05:36:49.930+0000] {logging_mixin.py:151} INFO - jlng41t
[2023-10-08T05:36:50.354+0000] {logging_mixin.py:151} INFO - jlps8aa
[2023-10-08T05:36:50.763+0000] {logging_mixin.py:151} INFO - jln6ujc
[2023-10-08T05:36:51.171+0000] {logging_mixin.py:151} INFO - jlo4s2g
[2023-10-08T05:36:51.591+0000] {logging_mixin.py:151} INFO - jlolof1
[2023-10-08T05:36:51.976+0000] {logging_mixin.py:151} INFO - jlqfzk5
[2023-10-08T05:36:52.341+0000] {logging_mixin.py:151} INFO - jlombgq
[2023-10-08T05:36:52.812+0000] {logging_mixin.py:151} INFO - jlppesa
[2023-10-08T05:36:53.221+0000] {logging_mixin.py:151} INFO - jlporq3
[2023-10-08T05:36:53.631+0000] {logging_mixin.py:151} INFO - jln0i1y
[2023-10-08T05:36:54.147+0000] {logging_mixin.py:151} INFO - jlnfx91
[2023-10-08T05:36:54.557+0000] {logging_mixin.py:151} INFO - jlprkkh
[2023-10-08T05:36:55.375+0000] {logging_mixin.py:151} INFO - jlpqymd
[2023-10-08T05:36:55.748+0000] {logging_mixin.py:151} INFO - jln0gkb
[2023-10-08T05:36:56.193+0000] {logging_mixin.py:151} INFO - jlq3s62
[2023-10-08T05:36:56.604+0000] {logging_mixin.py:151} INFO - jlprxjq
[2023-10-08T05:36:57.016+0000] {logging_mixin.py:151} INFO - jlpq92c
[2023-10-08T05:36:57.423+0000] {logging_mixin.py:151} INFO - jlpowvg
[2023-10-08T05:36:57.933+0000] {logging_mixin.py:151} INFO - jlpovgx
[2023-10-08T05:36:58.449+0000] {logging_mixin.py:151} INFO - jlpozjq
[2023-10-08T05:36:58.848+0000] {logging_mixin.py:151} INFO - jlqdvbc
[2023-10-08T05:36:59.243+0000] {logging_mixin.py:151} INFO - jlpqkas
[2023-10-08T05:36:59.699+0000] {logging_mixin.py:151} INFO - jlpp7ks
[2023-10-08T05:37:00.190+0000] {logging_mixin.py:151} INFO - jlqgr57
[2023-10-08T05:37:00.598+0000] {logging_mixin.py:151} INFO - jlpp496
[2023-10-08T05:37:01.727+0000] {logging_mixin.py:151} INFO - jlppmkp
[2023-10-08T05:37:02.110+0000] {logging_mixin.py:151} INFO - jlppd68
[2023-10-08T05:37:02.549+0000] {logging_mixin.py:151} INFO - jlppjel
[2023-10-08T05:37:03.064+0000] {logging_mixin.py:151} INFO - jlp5vwc
[2023-10-08T05:37:03.492+0000] {logging_mixin.py:151} INFO - jlmwjid
[2023-10-08T05:37:03.888+0000] {logging_mixin.py:151} INFO - jlpebki
[2023-10-08T05:37:04.280+0000] {logging_mixin.py:151} INFO - jlpfmr2
[2023-10-08T05:37:04.790+0000] {logging_mixin.py:151} INFO - jlpn3ry
[2023-10-08T05:37:05.314+0000] {logging_mixin.py:151} INFO - jlmtfv5
[2023-10-08T05:37:05.832+0000] {logging_mixin.py:151} INFO - jlmpyid
[2023-10-08T05:37:06.344+0000] {logging_mixin.py:151} INFO - jlqsl71
[2023-10-08T05:37:06.751+0000] {logging_mixin.py:151} INFO - jlo8cms
[2023-10-08T05:37:07.164+0000] {logging_mixin.py:151} INFO - jlp9cu5
[2023-10-08T05:37:07.673+0000] {logging_mixin.py:151} INFO - jlmbqb9
[2023-10-08T05:37:08.093+0000] {logging_mixin.py:151} INFO - jlngaev
[2023-10-08T05:37:08.514+0000] {logging_mixin.py:151} INFO - jlnfwyu
[2023-10-08T05:37:09.006+0000] {logging_mixin.py:151} INFO - jlokqhq
[2023-10-08T05:37:09.417+0000] {logging_mixin.py:151} INFO - jlqf7o3
[2023-10-08T05:37:09.822+0000] {logging_mixin.py:151} INFO - jlp96z5
[2023-10-08T05:37:10.233+0000] {logging_mixin.py:151} INFO - jlqf9r6
[2023-10-08T05:37:10.627+0000] {logging_mixin.py:151} INFO - jln3eg3
[2023-10-08T05:37:10.995+0000] {logging_mixin.py:151} INFO - jln4vpf
[2023-10-08T05:37:11.463+0000] {logging_mixin.py:151} INFO - jlpy0d5
[2023-10-08T05:37:11.874+0000] {logging_mixin.py:151} INFO - jln5epy
[2023-10-08T05:37:12.489+0000] {logging_mixin.py:151} INFO - jln5t70
[2023-10-08T05:37:12.908+0000] {logging_mixin.py:151} INFO - jln9t8a
[2023-10-08T05:37:13.308+0000] {logging_mixin.py:151} INFO - jlqfg51
[2023-10-08T05:37:13.821+0000] {logging_mixin.py:151} INFO - jlo8gwo
[2023-10-08T05:37:14.316+0000] {logging_mixin.py:151} INFO - jlqdvjc
[2023-10-08T05:37:14.723+0000] {logging_mixin.py:151} INFO - jlqgbmy
[2023-10-08T05:37:15.235+0000] {logging_mixin.py:151} INFO - jlmqfrr
[2023-10-08T05:37:15.645+0000] {logging_mixin.py:151} INFO - jlmp9nm
[2023-10-08T05:37:16.044+0000] {logging_mixin.py:151} INFO - jlold6s
[2023-10-08T05:37:16.463+0000] {logging_mixin.py:151} INFO - jlom36x
[2023-10-08T05:37:16.977+0000] {logging_mixin.py:151} INFO - jlqfqb1
[2023-10-08T05:37:17.388+0000] {logging_mixin.py:151} INFO - jloff2n
[2023-10-08T05:37:17.900+0000] {logging_mixin.py:151} INFO - jlnu4hb
[2023-10-08T05:37:18.410+0000] {logging_mixin.py:151} INFO - jlq1quv
[2023-10-08T05:37:18.797+0000] {logging_mixin.py:151} INFO - jlqg78e
[2023-10-08T05:37:19.234+0000] {logging_mixin.py:151} INFO - jln7rot
[2023-10-08T05:37:19.652+0000] {logging_mixin.py:151} INFO - jlpr755
[2023-10-08T05:37:20.053+0000] {logging_mixin.py:151} INFO - jlnbysd
[2023-10-08T05:37:20.459+0000] {logging_mixin.py:151} INFO - jlpscsn
[2023-10-08T05:37:20.859+0000] {logging_mixin.py:151} INFO - jlpyjg1
[2023-10-08T05:37:21.282+0000] {logging_mixin.py:151} INFO - jlqs9sc
[2023-10-08T05:37:21.659+0000] {logging_mixin.py:151} INFO - jln0mga
[2023-10-08T05:37:22.102+0000] {logging_mixin.py:151} INFO - jloftvo
[2023-10-08T05:37:22.602+0000] {logging_mixin.py:151} INFO - jln1lp9
[2023-10-08T05:37:23.124+0000] {logging_mixin.py:151} INFO - jln5f0q
[2023-10-08T05:37:23.531+0000] {logging_mixin.py:151} INFO - jlr0j5a
[2023-10-08T05:37:24.046+0000] {logging_mixin.py:151} INFO - jlpxfks
[2023-10-08T05:37:24.558+0000] {logging_mixin.py:151} INFO - jlqc2nv
[2023-10-08T05:37:25.071+0000] {logging_mixin.py:151} INFO - jlnc6n5
[2023-10-08T05:37:25.821+0000] {logging_mixin.py:151} INFO - jlmxt5h
[2023-10-08T05:37:26.217+0000] {logging_mixin.py:151} INFO - jlpymem
[2023-10-08T05:37:26.712+0000] {logging_mixin.py:151} INFO - jlng6ik
[2023-10-08T05:37:27.227+0000] {logging_mixin.py:151} INFO - jln3w5a
[2023-10-08T05:37:27.633+0000] {logging_mixin.py:151} INFO - jlnnwmf
[2023-10-08T05:37:28.147+0000] {logging_mixin.py:151} INFO - jln6ykc
[2023-10-08T05:37:28.564+0000] {logging_mixin.py:151} INFO - jloxki6
[2023-10-08T05:37:28.973+0000] {logging_mixin.py:151} INFO - jlqf03l
[2023-10-08T05:37:29.364+0000] {logging_mixin.py:151} INFO - jln2201
[2023-10-08T05:37:29.772+0000] {logging_mixin.py:151} INFO - jloptma
[2023-10-08T05:37:30.196+0000] {logging_mixin.py:151} INFO - jlnlsm8
[2023-10-08T05:37:30.707+0000] {logging_mixin.py:151} INFO - jln8xfh
[2023-10-08T05:37:31.118+0000] {logging_mixin.py:151} INFO - jlo8fjq
[2023-10-08T05:37:31.482+0000] {logging_mixin.py:151} INFO - jln63yk
[2023-10-08T05:37:31.872+0000] {logging_mixin.py:151} INFO - jlore3a
[2023-10-08T05:37:32.349+0000] {logging_mixin.py:151} INFO - jln0bn3
[2023-10-08T05:37:32.763+0000] {logging_mixin.py:151} INFO - jloltl1
[2023-10-08T05:37:33.153+0000] {logging_mixin.py:151} INFO - jlpprks
[2023-10-08T05:37:33.579+0000] {logging_mixin.py:151} INFO - jlqg3p3
[2023-10-08T05:37:33.972+0000] {logging_mixin.py:151} INFO - jlqgq99
[2023-10-08T05:37:34.400+0000] {logging_mixin.py:151} INFO - jlqkied
[2023-10-08T05:37:34.806+0000] {logging_mixin.py:151} INFO - jlps69h
[2023-10-08T05:37:35.424+0000] {logging_mixin.py:151} INFO - jlq3wk9
[2023-10-08T05:37:36.038+0000] {logging_mixin.py:151} INFO - jlps4lq
[2023-10-08T05:37:36.548+0000] {logging_mixin.py:151} INFO - jlq3ag5
[2023-10-08T05:37:36.950+0000] {logging_mixin.py:151} INFO - jln1uzy
[2023-10-08T05:37:37.378+0000] {logging_mixin.py:151} INFO - jlom008
[2023-10-08T05:37:37.792+0000] {logging_mixin.py:151} INFO - jlozlfs
[2023-10-08T05:37:38.293+0000] {logging_mixin.py:151} INFO - jlprn2t
[2023-10-08T05:37:38.719+0000] {logging_mixin.py:151} INFO - jln1w2w
[2023-10-08T05:37:39.216+0000] {logging_mixin.py:151} INFO - jlng77w
[2023-10-08T05:37:39.624+0000] {logging_mixin.py:151} INFO - jlr1t3s
[2023-10-08T05:37:40.042+0000] {logging_mixin.py:151} INFO - jlnkj5y
[2023-10-08T05:37:40.420+0000] {logging_mixin.py:151} INFO - jlpercc
[2023-10-08T05:37:40.798+0000] {logging_mixin.py:151} INFO - jlqeybr
[2023-10-08T05:37:41.267+0000] {logging_mixin.py:151} INFO - jlp0jae
[2023-10-08T05:37:41.670+0000] {logging_mixin.py:151} INFO - jlqk9xa
[2023-10-08T05:37:42.188+0000] {logging_mixin.py:151} INFO - jln6yx4
[2023-10-08T05:37:42.698+0000] {logging_mixin.py:151} INFO - jlnnl0b
[2023-10-08T05:37:43.067+0000] {logging_mixin.py:151} INFO - jlpr5ht
[2023-10-08T05:37:43.461+0000] {logging_mixin.py:151} INFO - jlnivp9
[2023-10-08T05:37:43.858+0000] {logging_mixin.py:151} INFO - jlp2gv6
[2023-10-08T05:37:44.231+0000] {logging_mixin.py:151} INFO - jlpwphx
[2023-10-08T05:37:44.730+0000] {logging_mixin.py:151} INFO - jlpy7i7
[2023-10-08T05:37:45.237+0000] {logging_mixin.py:151} INFO - jlo9lef
[2023-10-08T05:37:45.750+0000] {logging_mixin.py:151} INFO - jlospu8
[2023-10-08T05:37:46.164+0000] {logging_mixin.py:151} INFO - jln653x
[2023-10-08T05:37:46.673+0000] {logging_mixin.py:151} INFO - jlpvzj0
[2023-10-08T05:37:47.187+0000] {logging_mixin.py:151} INFO - jlqgbjp
[2023-10-08T05:37:47.706+0000] {logging_mixin.py:151} INFO - jlqiky2
[2023-10-08T05:37:48.208+0000] {logging_mixin.py:151} INFO - jlq1ztz
[2023-10-08T05:37:48.618+0000] {logging_mixin.py:151} INFO - jlpwqjy
[2023-10-08T05:37:49.133+0000] {logging_mixin.py:151} INFO - jln3w5m
[2023-10-08T05:37:49.533+0000] {logging_mixin.py:151} INFO - jlp01vf
[2023-10-08T05:37:49.918+0000] {logging_mixin.py:151} INFO - jlnpqr5
[2023-10-08T05:37:50.364+0000] {logging_mixin.py:151} INFO - jlnl8tm
[2023-10-08T05:37:50.767+0000] {logging_mixin.py:151} INFO - jlpvtht
[2023-10-08T05:37:51.294+0000] {logging_mixin.py:151} INFO - jlpfbkv
[2023-10-08T05:37:51.656+0000] {logging_mixin.py:151} INFO - jlpwte3
[2023-10-08T05:37:52.106+0000] {logging_mixin.py:151} INFO - jln7f74
[2023-10-08T05:37:52.616+0000] {logging_mixin.py:151} INFO - jlpxrlu
[2023-10-08T05:37:53.027+0000] {logging_mixin.py:151} INFO - jlqm9hh
[2023-10-08T05:37:53.437+0000] {logging_mixin.py:151} INFO - jlqmaw4
[2023-10-08T05:37:53.817+0000] {logging_mixin.py:151} INFO - jloa0na
[2023-10-08T05:37:54.258+0000] {logging_mixin.py:151} INFO - jlq3mvo
[2023-10-08T05:37:54.656+0000] {logging_mixin.py:151} INFO - jlq395y
[2023-10-08T05:37:55.076+0000] {logging_mixin.py:151} INFO - jlq3hou
[2023-10-08T05:37:55.487+0000] {logging_mixin.py:151} INFO - jlps9ud
[2023-10-08T05:37:55.896+0000] {logging_mixin.py:151} INFO - jlnw4nj
[2023-10-08T05:37:56.306+0000] {logging_mixin.py:151} INFO - jlpx3g1
[2023-10-08T05:37:56.698+0000] {logging_mixin.py:151} INFO - jlpfhmp
[2023-10-08T05:37:57.082+0000] {logging_mixin.py:151} INFO - jlqf5ca
[2023-10-08T05:37:57.533+0000] {logging_mixin.py:151} INFO - jlo7cd1
[2023-10-08T05:37:57.944+0000] {logging_mixin.py:151} INFO - jlphq1d
[2023-10-08T05:37:58.355+0000] {logging_mixin.py:151} INFO - jlpfltj
[2023-10-08T05:37:58.763+0000] {logging_mixin.py:151} INFO - jlpiap6
[2023-10-08T05:37:59.964+0000] {logging_mixin.py:151} INFO - jlpignr
[2023-10-08T05:38:02.504+0000] {logging_mixin.py:151} INFO - jm419az
[2023-10-08T05:38:02.901+0000] {logging_mixin.py:151} INFO - jm42lun
[2023-10-08T05:38:03.379+0000] {logging_mixin.py:151} INFO - jm4pdtd
[2023-10-08T05:38:03.787+0000] {logging_mixin.py:151} INFO - jm48vhe
[2023-10-08T05:38:04.204+0000] {logging_mixin.py:151} INFO - jm46wi0
[2023-10-08T05:38:04.607+0000] {logging_mixin.py:151} INFO - jm3ncv0
[2023-10-08T05:38:04.985+0000] {logging_mixin.py:151} INFO - jm3vmtx
[2023-10-08T05:38:05.369+0000] {logging_mixin.py:151} INFO - jm46uwh
[2023-10-08T05:38:05.834+0000] {logging_mixin.py:151} INFO - jm54tku
[2023-10-08T05:38:06.247+0000] {logging_mixin.py:151} INFO - jm41wav
[2023-10-08T05:38:06.657+0000] {logging_mixin.py:151} INFO - jm4n598
[2023-10-08T05:38:07.041+0000] {logging_mixin.py:151} INFO - jm4qena
[2023-10-08T05:38:07.477+0000] {logging_mixin.py:151} INFO - jm4kxdi
[2023-10-08T05:38:07.988+0000] {logging_mixin.py:151} INFO - jm4q85i
[2023-10-08T05:38:08.503+0000] {logging_mixin.py:151} INFO - jm5o6p5
[2023-10-08T05:38:09.020+0000] {logging_mixin.py:151} INFO - jm3x194
[2023-10-08T05:38:09.434+0000] {logging_mixin.py:151} INFO - jm5cl2l
[2023-10-08T05:38:09.934+0000] {logging_mixin.py:151} INFO - jm47wox
[2023-10-08T05:38:10.348+0000] {logging_mixin.py:151} INFO - jm4ud7o
[2023-10-08T05:38:10.858+0000] {logging_mixin.py:151} INFO - jm4tpmp
[2023-10-08T05:38:11.987+0000] {logging_mixin.py:151} INFO - jm50zje
[2023-10-08T05:38:12.501+0000] {logging_mixin.py:151} INFO - jm40nmc
[2023-10-08T05:38:12.884+0000] {logging_mixin.py:151} INFO - jm40kte
[2023-10-08T05:38:13.321+0000] {logging_mixin.py:151} INFO - jm4p66j
[2023-10-08T05:38:13.711+0000] {logging_mixin.py:151} INFO - jm4mscn
[2023-10-08T05:38:14.217+0000] {logging_mixin.py:151} INFO - jm4q2gf
[2023-10-08T05:38:14.602+0000] {logging_mixin.py:151} INFO - jm4e0ex
[2023-10-08T05:38:15.038+0000] {logging_mixin.py:151} INFO - jm4zzzg
[2023-10-08T05:38:15.409+0000] {logging_mixin.py:151} INFO - jm4rpeq
[2023-10-08T05:38:15.857+0000] {logging_mixin.py:151} INFO - jm48dvb
[2023-10-08T05:38:16.365+0000] {logging_mixin.py:151} INFO - jm45xue
[2023-10-08T05:38:16.781+0000] {logging_mixin.py:151} INFO - jm4310f
[2023-10-08T05:38:17.189+0000] {logging_mixin.py:151} INFO - jm4t0uv
[2023-10-08T05:38:17.598+0000] {logging_mixin.py:151} INFO - jm4opzj
[2023-10-08T05:38:18.007+0000] {logging_mixin.py:151} INFO - jm5814z
[2023-10-08T05:38:18.520+0000] {logging_mixin.py:151} INFO - jm3yyxl
[2023-10-08T05:38:18.929+0000] {logging_mixin.py:151} INFO - jm49r72
[2023-10-08T05:38:19.446+0000] {logging_mixin.py:151} INFO - jm458gj
[2023-10-08T05:38:19.942+0000] {logging_mixin.py:151} INFO - jm3wbzm
[2023-10-08T05:38:20.363+0000] {logging_mixin.py:151} INFO - jm3yxso
[2023-10-08T05:38:20.882+0000] {logging_mixin.py:151} INFO - jm4zhjk
[2023-10-08T05:38:21.391+0000] {logging_mixin.py:151} INFO - jm49aim
[2023-10-08T05:38:21.911+0000] {logging_mixin.py:151} INFO - jm4wg2n
[2023-10-08T05:38:22.288+0000] {logging_mixin.py:151} INFO - jm5ha8e
[2023-10-08T05:38:22.723+0000] {logging_mixin.py:151} INFO - jm4y0yp
[2023-10-08T05:38:23.135+0000] {logging_mixin.py:151} INFO - jm4bais
[2023-10-08T05:38:23.543+0000] {logging_mixin.py:151} INFO - jm41huw
[2023-10-08T05:38:23.952+0000] {logging_mixin.py:151} INFO - jm45azc
[2023-10-08T05:38:24.670+0000] {logging_mixin.py:151} INFO - jm4y8th
[2023-10-08T05:38:25.032+0000] {logging_mixin.py:151} INFO - jm4jx4w
[2023-10-08T05:38:25.421+0000] {logging_mixin.py:151} INFO - jm5g36n
[2023-10-08T05:38:25.797+0000] {logging_mixin.py:151} INFO - jm4rrse
[2023-10-08T05:38:26.180+0000] {logging_mixin.py:151} INFO - jm43msr
[2023-10-08T05:38:26.616+0000] {logging_mixin.py:151} INFO - jm4igxp
[2023-10-08T05:38:27.028+0000] {logging_mixin.py:151} INFO - jm4l9i5
[2023-10-08T05:38:28.056+0000] {logging_mixin.py:151} INFO - jm5u8q7
[2023-10-08T05:38:28.565+0000] {logging_mixin.py:151} INFO - jm4mls5
[2023-10-08T05:38:28.973+0000] {logging_mixin.py:151} INFO - jm5h91b
[2023-10-08T05:38:29.386+0000] {logging_mixin.py:151} INFO - jm40nbi
[2023-10-08T05:38:30.057+0000] {logging_mixin.py:151} INFO - jm4k32k
[2023-10-08T05:38:30.510+0000] {logging_mixin.py:151} INFO - jm4brmu
[2023-10-08T05:38:31.027+0000] {logging_mixin.py:151} INFO - jm504qd
[2023-10-08T05:38:31.432+0000] {logging_mixin.py:151} INFO - jm4e6r4
[2023-10-08T05:38:31.839+0000] {logging_mixin.py:151} INFO - jm45twc
[2023-10-08T05:38:32.321+0000] {logging_mixin.py:151} INFO - jm55p0x
[2023-10-08T05:38:32.700+0000] {logging_mixin.py:151} INFO - jm4wrjw
[2023-10-08T05:38:33.094+0000] {logging_mixin.py:151} INFO - jm4bbuv
[2023-10-08T05:38:33.592+0000] {logging_mixin.py:151} INFO - jm5fl0t
[2023-10-08T05:38:33.969+0000] {logging_mixin.py:151} INFO - jm4m63z
[2023-10-08T05:38:34.614+0000] {logging_mixin.py:151} INFO - jm4y3gv
[2023-10-08T05:38:34.998+0000] {logging_mixin.py:151} INFO - jm535u9
[2023-10-08T05:38:35.406+0000] {logging_mixin.py:151} INFO - jm454kd
[2023-10-08T05:38:35.806+0000] {logging_mixin.py:151} INFO - jm4t4p4
[2023-10-08T05:38:36.251+0000] {logging_mixin.py:151} INFO - jm5arf4
[2023-10-08T05:38:36.655+0000] {logging_mixin.py:151} INFO - jm5csab
[2023-10-08T05:38:37.025+0000] {logging_mixin.py:151} INFO - jm42asx
[2023-10-08T05:38:37.484+0000] {logging_mixin.py:151} INFO - jm4ylnx
[2023-10-08T05:38:37.888+0000] {logging_mixin.py:151} INFO - jm5nv42
[2023-10-08T05:38:38.402+0000] {logging_mixin.py:151} INFO - jm5525g
[2023-10-08T05:38:38.815+0000] {logging_mixin.py:151} INFO - jm56lvm
[2023-10-08T05:38:39.324+0000] {logging_mixin.py:151} INFO - jm4sddx
[2023-10-08T05:38:40.485+0000] {logging_mixin.py:151} INFO - jm46ajz
[2023-10-08T05:38:40.892+0000] {logging_mixin.py:151} INFO - jm4q16g
[2023-10-08T05:38:41.376+0000] {logging_mixin.py:151} INFO - jm5kyq8
[2023-10-08T05:38:41.884+0000] {logging_mixin.py:151} INFO - jm4d9mb
[2023-10-08T05:38:42.301+0000] {logging_mixin.py:151} INFO - jm4haa6
[2023-10-08T05:38:42.664+0000] {logging_mixin.py:151} INFO - jm47j92
[2023-10-08T05:38:43.063+0000] {logging_mixin.py:151} INFO - jm45f7h
[2023-10-08T05:38:43.527+0000] {logging_mixin.py:151} INFO - jm4a33s
[2023-10-08T05:38:43.921+0000] {logging_mixin.py:151} INFO - jm4ei9u
[2023-10-08T05:38:44.327+0000] {logging_mixin.py:151} INFO - jm452lh
[2023-10-08T05:38:44.833+0000] {logging_mixin.py:151} INFO - jm494bw
[2023-10-08T05:38:45.241+0000] {logging_mixin.py:151} INFO - jm423t1
[2023-10-08T05:38:45.611+0000] {logging_mixin.py:151} INFO - jm4e2sg
[2023-10-08T05:38:46.060+0000] {logging_mixin.py:151} INFO - jm4t0vz
[2023-10-08T05:38:46.432+0000] {logging_mixin.py:151} INFO - jm47bwl
[2023-10-08T05:38:46.852+0000] {logging_mixin.py:151} INFO - jm5g73j
[2023-10-08T05:38:47.296+0000] {logging_mixin.py:151} INFO - jm4p0ax
[2023-10-08T05:38:47.704+0000] {logging_mixin.py:151} INFO - jm3ze82
[2023-10-08T05:38:48.114+0000] {logging_mixin.py:151} INFO - jm4b4wh
[2023-10-08T05:38:48.529+0000] {logging_mixin.py:151} INFO - jm4uw5d
[2023-10-08T05:38:49.603+0000] {logging_mixin.py:151} INFO - jm45v5a
[2023-10-08T05:38:50.066+0000] {logging_mixin.py:151} INFO - jm43511
[2023-10-08T05:38:50.577+0000] {logging_mixin.py:151} INFO - jm5sp6q
[2023-10-08T05:38:50.985+0000] {logging_mixin.py:151} INFO - jm5txxe
[2023-10-08T05:38:51.906+0000] {logging_mixin.py:151} INFO - jm46bwz
[2023-10-08T05:38:52.320+0000] {logging_mixin.py:151} INFO - jm458tr
[2023-10-08T05:38:52.829+0000] {logging_mixin.py:151} INFO - jm46nay
[2023-10-08T05:38:53.238+0000] {logging_mixin.py:151} INFO - jm4a2sn
[2023-10-08T05:38:54.284+0000] {logging_mixin.py:151} INFO - jm41goy
[2023-10-08T05:38:54.654+0000] {logging_mixin.py:151} INFO - jm43t4b
[2023-10-08T05:38:56.008+0000] {logging_mixin.py:151} INFO - jm460nr
[2023-10-08T05:38:56.519+0000] {logging_mixin.py:151} INFO - jm5agen
[2023-10-08T05:38:56.915+0000] {logging_mixin.py:151} INFO - jm4aikj
[2023-10-08T05:38:58.260+0000] {logging_mixin.py:151} INFO - jm467id
[2023-10-08T05:38:58.674+0000] {logging_mixin.py:151} INFO - jm49106
[2023-10-08T05:38:59.092+0000] {logging_mixin.py:151} INFO - jm4dj68
[2023-10-08T05:38:59.594+0000] {logging_mixin.py:151} INFO - jm5rogm
[2023-10-08T05:39:00.004+0000] {logging_mixin.py:151} INFO - jm5ufeg
[2023-10-08T05:39:00.517+0000] {logging_mixin.py:151} INFO - jm42qtp
[2023-10-08T05:39:01.028+0000] {logging_mixin.py:151} INFO - jm4953w
[2023-10-08T05:39:01.412+0000] {logging_mixin.py:151} INFO - jm4kg59
[2023-10-08T05:39:01.811+0000] {logging_mixin.py:151} INFO - jm4btei
[2023-10-08T05:39:02.253+0000] {logging_mixin.py:151} INFO - jm5qt5i
[2023-10-08T05:39:02.666+0000] {logging_mixin.py:151} INFO - jm5htlq
[2023-10-08T05:39:03.076+0000] {logging_mixin.py:151} INFO - jm4y8il
[2023-10-08T05:39:03.486+0000] {logging_mixin.py:151} INFO - jm58c3k
[2023-10-08T05:39:03.874+0000] {logging_mixin.py:151} INFO - jm47h2w
[2023-10-08T05:39:04.305+0000] {logging_mixin.py:151} INFO - jm57m7r
[2023-10-08T05:39:04.821+0000] {logging_mixin.py:151} INFO - jm5wjcn
[2023-10-08T05:39:05.229+0000] {logging_mixin.py:151} INFO - jm4wv79
[2023-10-08T05:39:05.641+0000] {logging_mixin.py:151} INFO - jm5w1ws
[2023-10-08T05:39:06.050+0000] {logging_mixin.py:151} INFO - jm42v7l
[2023-10-08T05:39:06.448+0000] {logging_mixin.py:151} INFO - jm4k4vb
[2023-10-08T05:39:06.847+0000] {logging_mixin.py:151} INFO - jm4pkw7
[2023-10-08T05:39:07.235+0000] {logging_mixin.py:151} INFO - jm5pyd2
[2023-10-08T05:39:07.692+0000] {logging_mixin.py:151} INFO - jm5phwx
[2023-10-08T05:39:08.200+0000] {logging_mixin.py:151} INFO - jm5o9ih
[2023-10-08T05:39:08.611+0000] {logging_mixin.py:151} INFO - jm4suv3
[2023-10-08T05:39:09.122+0000] {logging_mixin.py:151} INFO - jm547qr
[2023-10-08T05:39:09.535+0000] {logging_mixin.py:151} INFO - jm554w3
[2023-10-08T05:39:10.049+0000] {logging_mixin.py:151} INFO - jm5m4z7
[2023-10-08T05:39:10.418+0000] {logging_mixin.py:151} INFO - jm49hsd
[2023-10-08T05:39:10.818+0000] {logging_mixin.py:151} INFO - jm4fo02
[2023-10-08T05:39:11.277+0000] {logging_mixin.py:151} INFO - jm4kvjv
[2023-10-08T05:39:11.695+0000] {logging_mixin.py:151} INFO - jm4c90f
[2023-10-08T05:39:12.198+0000] {logging_mixin.py:151} INFO - jm4fiy0
[2023-10-08T05:39:12.713+0000] {logging_mixin.py:151} INFO - jm4z8os
[2023-10-08T05:39:13.093+0000] {logging_mixin.py:151} INFO - jm45h8f
[2023-10-08T05:39:13.527+0000] {logging_mixin.py:151} INFO - jm4puw7
[2023-10-08T05:39:13.920+0000] {logging_mixin.py:151} INFO - jm4d77s
[2023-10-08T05:39:14.332+0000] {logging_mixin.py:151} INFO - jm3zpxz
[2023-10-08T05:39:16.277+0000] {logging_mixin.py:151} INFO - jm44tvq
[2023-10-08T05:39:16.790+0000] {logging_mixin.py:151} INFO - jm3zjx5
[2023-10-08T05:39:17.252+0000] {logging_mixin.py:151} INFO - jm4cz9e
[2023-10-08T05:39:17.629+0000] {logging_mixin.py:151} INFO - jm4vk6y
[2023-10-08T05:39:18.120+0000] {logging_mixin.py:151} INFO - jm458wz
[2023-10-08T05:39:18.635+0000] {logging_mixin.py:151} INFO - jm45lqu
[2023-10-08T05:39:19.007+0000] {logging_mixin.py:151} INFO - jm4je5g
[2023-10-08T05:39:19.407+0000] {logging_mixin.py:151} INFO - jm47587
[2023-10-08T05:39:19.810+0000] {logging_mixin.py:151} INFO - jm4af9m
[2023-10-08T05:39:20.354+0000] {logging_mixin.py:151} INFO - jm45yts
[2023-10-08T05:39:20.730+0000] {logging_mixin.py:151} INFO - jm4kqa2
[2023-10-08T05:39:21.197+0000] {logging_mixin.py:151} INFO - jm4kyjv
[2023-10-08T05:39:21.586+0000] {logging_mixin.py:151} INFO - jm4kn43
[2023-10-08T05:39:22.017+0000] {logging_mixin.py:151} INFO - jm4h9lt
[2023-10-08T05:39:22.424+0000] {logging_mixin.py:151} INFO - jm53sjm
[2023-10-08T05:39:22.876+0000] {logging_mixin.py:151} INFO - jm5j4ut
[2023-10-08T05:39:23.277+0000] {logging_mixin.py:151} INFO - jm58ty9
[2023-10-08T05:39:23.658+0000] {logging_mixin.py:151} INFO - jm58vfk
[2023-10-08T05:39:24.064+0000] {logging_mixin.py:151} INFO - jm4vasu
[2023-10-08T05:39:24.474+0000] {logging_mixin.py:151} INFO - jm5kowf
[2023-10-08T05:39:24.878+0000] {logging_mixin.py:151} INFO - jm4vko5
[2023-10-08T05:39:25.397+0000] {logging_mixin.py:151} INFO - jm4rtzo
[2023-10-08T05:39:25.813+0000] {logging_mixin.py:151} INFO - jm4vuaj
[2023-10-08T05:39:26.216+0000] {logging_mixin.py:151} INFO - jm589ti
[2023-10-08T05:39:26.727+0000] {logging_mixin.py:151} INFO - jm5pagg
[2023-10-08T05:39:27.241+0000] {logging_mixin.py:151} INFO - jm4b6y2
[2023-10-08T05:39:27.751+0000] {logging_mixin.py:151} INFO - jm4xr2z
[2023-10-08T05:39:28.164+0000] {logging_mixin.py:151} INFO - jm4ccki
[2023-10-08T05:39:28.674+0000] {logging_mixin.py:151} INFO - jm4q2hd
[2023-10-08T05:39:29.093+0000] {logging_mixin.py:151} INFO - jm4wxt8
[2023-10-08T05:39:29.597+0000] {logging_mixin.py:151} INFO - jm4w10p
[2023-10-08T05:39:29.973+0000] {logging_mixin.py:151} INFO - jm568ii
[2023-10-08T05:39:30.419+0000] {logging_mixin.py:151} INFO - jm46v4d
[2023-10-08T05:39:30.930+0000] {logging_mixin.py:151} INFO - jm457a0
[2023-10-08T05:39:31.444+0000] {logging_mixin.py:151} INFO - jm453d5
[2023-10-08T05:39:31.825+0000] {logging_mixin.py:151} INFO - jm4g4bq
[2023-10-08T05:39:32.264+0000] {logging_mixin.py:151} INFO - jm4wdyl
[2023-10-08T05:39:32.643+0000] {logging_mixin.py:151} INFO - jm45or7
[2023-10-08T05:39:33.015+0000] {logging_mixin.py:151} INFO - jm47tcu
[2023-10-08T05:39:33.495+0000] {logging_mixin.py:151} INFO - jm4qirr
[2023-10-08T05:39:33.900+0000] {logging_mixin.py:151} INFO - jm5rmle
[2023-10-08T05:39:34.295+0000] {logging_mixin.py:151} INFO - jm4ha5n
[2023-10-08T05:39:34.720+0000] {logging_mixin.py:151} INFO - jm4xw72
[2023-10-08T05:39:35.130+0000] {logging_mixin.py:151} INFO - jm5q5mm
[2023-10-08T05:39:35.539+0000] {logging_mixin.py:151} INFO - jm4chw9
[2023-10-08T05:39:35.949+0000] {logging_mixin.py:151} INFO - jm5qkx6
[2023-10-08T05:39:36.360+0000] {logging_mixin.py:151} INFO - jm45hn9
[2023-10-08T05:39:36.871+0000] {logging_mixin.py:151} INFO - jm45ctj
[2023-10-08T05:39:37.238+0000] {logging_mixin.py:151} INFO - jm45grm
[2023-10-08T05:39:37.696+0000] {logging_mixin.py:151} INFO - jm4v99b
[2023-10-08T05:39:38.112+0000] {logging_mixin.py:151} INFO - jm4l45o
[2023-10-08T05:39:38.618+0000] {logging_mixin.py:151} INFO - jm45zjg
[2023-10-08T05:39:39.022+0000] {logging_mixin.py:151} INFO - jm4r0yq
[2023-10-08T05:39:39.436+0000] {logging_mixin.py:151} INFO - jm466xj
[2023-10-08T05:39:39.842+0000] {logging_mixin.py:151} INFO - jm45mzn
[2023-10-08T05:39:40.277+0000] {logging_mixin.py:151} INFO - jm45txs
[2023-10-08T05:39:40.771+0000] {logging_mixin.py:151} INFO - jm4pcm3
[2023-10-08T05:39:41.278+0000] {logging_mixin.py:151} INFO - jm56r6w
[2023-10-08T05:39:41.748+0000] {logging_mixin.py:151} INFO - jm4l52a
[2023-10-08T05:39:42.204+0000] {logging_mixin.py:151} INFO - jm4u7cj
[2023-10-08T05:39:42.613+0000] {logging_mixin.py:151} INFO - jm5rchk
[2023-10-08T05:39:43.537+0000] {logging_mixin.py:151} INFO - jm46fhw
[2023-10-08T05:39:44.048+0000] {logging_mixin.py:151} INFO - jm46q3z
[2023-10-08T05:39:44.538+0000] {logging_mixin.py:151} INFO - jm59bmn
[2023-10-08T05:39:44.946+0000] {logging_mixin.py:151} INFO - jm58wt8
[2023-10-08T05:39:45.565+0000] {logging_mixin.py:151} INFO - jm47reo
[2023-10-08T05:39:45.982+0000] {logging_mixin.py:151} INFO - jm5o068
[2023-10-08T05:39:46.377+0000] {logging_mixin.py:151} INFO - jm48q6g
[2023-10-08T05:39:46.898+0000] {logging_mixin.py:151} INFO - jm4987v
[2023-10-08T05:39:47.305+0000] {logging_mixin.py:151} INFO - jm492y0
[2023-10-08T05:39:47.718+0000] {logging_mixin.py:151} INFO - jm49kl6
[2023-10-08T05:39:49.600+0000] {logging_mixin.py:151} INFO - jlcxxrn
[2023-10-08T05:39:50.068+0000] {logging_mixin.py:151} INFO - jldeugy
[2023-10-08T05:39:50.481+0000] {logging_mixin.py:151} INFO - jld3946
[2023-10-08T05:39:51.000+0000] {logging_mixin.py:151} INFO - jldf3n6
[2023-10-08T05:39:51.506+0000] {logging_mixin.py:151} INFO - jlda2me
[2023-10-08T05:39:51.912+0000] {logging_mixin.py:151} INFO - jld62is
[2023-10-08T05:39:52.325+0000] {logging_mixin.py:151} INFO - jle2b4f
[2023-10-08T05:39:52.737+0000] {logging_mixin.py:151} INFO - jldjikj
[2023-10-08T05:39:53.144+0000] {logging_mixin.py:151} INFO - jldioz1
[2023-10-08T05:39:53.557+0000] {logging_mixin.py:151} INFO - jldk5rh
[2023-10-08T05:39:54.170+0000] {logging_mixin.py:151} INFO - jldjuig
[2023-10-08T05:39:54.589+0000] {logging_mixin.py:151} INFO - jle19qm
[2023-10-08T05:39:55.094+0000] {logging_mixin.py:151} INFO - jldod1a
[2023-10-08T05:39:55.472+0000] {logging_mixin.py:151} INFO - jldfvdf
[2023-10-08T05:39:55.914+0000] {logging_mixin.py:151} INFO - jldoi0o
[2023-10-08T05:39:57.451+0000] {logging_mixin.py:151} INFO - jldzoyv
[2023-10-08T05:39:58.888+0000] {logging_mixin.py:151} INFO - jldt0hk
[2023-10-08T05:39:59.298+0000] {logging_mixin.py:151} INFO - jldmez0
[2023-10-08T05:40:00.716+0000] {logging_mixin.py:151} INFO - jldzr0t
[2023-10-08T05:40:02.127+0000] {logging_mixin.py:151} INFO - jle2zi5
[2023-10-08T05:40:03.597+0000] {logging_mixin.py:151} INFO - jlelcm4
[2023-10-08T05:40:04.113+0000] {logging_mixin.py:151} INFO - jleu74w
[2023-10-08T05:40:05.526+0000] {logging_mixin.py:151} INFO - jldp2u0
[2023-10-08T05:40:05.920+0000] {logging_mixin.py:151} INFO - jldrunx
[2023-10-08T05:40:07.386+0000] {logging_mixin.py:151} INFO - jlgouk8
[2023-10-08T05:40:08.771+0000] {logging_mixin.py:151} INFO - jlfc5go
[2023-10-08T05:40:09.182+0000] {logging_mixin.py:151} INFO - jlgh4hf
[2023-10-08T05:40:10.573+0000] {logging_mixin.py:151} INFO - jleph99
[2023-10-08T05:40:11.079+0000] {logging_mixin.py:151} INFO - jletnjv
[2023-10-08T05:40:12.518+0000] {logging_mixin.py:151} INFO - jlfgp05
[2023-10-08T05:40:13.028+0000] {logging_mixin.py:151} INFO - jldremp
[2023-10-08T05:40:14.445+0000] {logging_mixin.py:151} INFO - jlfiadb
[2023-10-08T05:40:14.847+0000] {logging_mixin.py:151} INFO - jlgfxjb
[2023-10-08T05:40:16.285+0000] {logging_mixin.py:151} INFO - jlendet
[2023-10-08T05:40:17.720+0000] {logging_mixin.py:151} INFO - jldjqnh
[2023-10-08T05:40:18.230+0000] {logging_mixin.py:151} INFO - jlf33a2
[2023-10-08T05:40:19.636+0000] {logging_mixin.py:151} INFO - jlfd3p5
[2023-10-08T05:40:20.087+0000] {logging_mixin.py:151} INFO - jlfdevc
[2023-10-08T05:40:21.489+0000] {logging_mixin.py:151} INFO - jlfe0e4
[2023-10-08T05:40:21.919+0000] {logging_mixin.py:151} INFO - jlfntt7
[2023-10-08T05:40:23.287+0000] {logging_mixin.py:151} INFO - jlfpprs
[2023-10-08T05:40:24.729+0000] {logging_mixin.py:151} INFO - jlfzfiu
[2023-10-08T05:40:25.203+0000] {logging_mixin.py:151} INFO - jlg51ye
[2023-10-08T05:40:26.693+0000] {logging_mixin.py:151} INFO - jlgenb3
[2023-10-08T05:40:27.083+0000] {logging_mixin.py:151} INFO - jlgev9g
[2023-10-08T05:40:28.580+0000] {logging_mixin.py:151} INFO - jlgw9pp
[2023-10-08T05:40:28.994+0000] {logging_mixin.py:151} INFO - jlhckwr
[2023-10-08T05:40:30.429+0000] {logging_mixin.py:151} INFO - jlhcpoo
[2023-10-08T05:40:30.941+0000] {logging_mixin.py:151} INFO - jliaf1n
[2023-10-08T05:40:32.374+0000] {logging_mixin.py:151} INFO - jlimiha
[2023-10-08T05:40:33.780+0000] {logging_mixin.py:151} INFO - jlej3d1
[2023-10-08T05:40:34.178+0000] {logging_mixin.py:151} INFO - jlg2fel
[2023-10-08T05:40:35.653+0000] {logging_mixin.py:151} INFO - jlenwmq
[2023-10-08T05:40:36.168+0000] {logging_mixin.py:151} INFO - jlftpqb
[2023-10-08T05:40:37.602+0000] {logging_mixin.py:151} INFO - jlftr69
[2023-10-08T05:40:38.009+0000] {logging_mixin.py:151} INFO - jllxjh8
[2023-10-08T05:40:39.442+0000] {logging_mixin.py:151} INFO - jldr24t
[2023-10-08T05:40:39.820+0000] {logging_mixin.py:151} INFO - jld6hyy
[2023-10-08T05:40:41.284+0000] {logging_mixin.py:151} INFO - jleg6ms
[2023-10-08T05:40:42.685+0000] {logging_mixin.py:151} INFO - jldbruu
[2023-10-08T05:40:43.238+0000] {logging_mixin.py:151} INFO - jldh1oy
[2023-10-08T05:40:44.599+0000] {logging_mixin.py:151} INFO - jldod3o
[2023-10-08T05:40:44.998+0000] {logging_mixin.py:151} INFO - jldocr1
[2023-10-08T05:40:46.497+0000] {logging_mixin.py:151} INFO - jlh1p7f
[2023-10-08T05:40:47.006+0000] {logging_mixin.py:151} INFO - jldzct6
[2023-10-08T05:40:48.440+0000] {logging_mixin.py:151} INFO - jldgkpl
[2023-10-08T05:40:48.954+0000] {logging_mixin.py:151} INFO - jlfp11e
[2023-10-08T05:40:50.388+0000] {logging_mixin.py:151} INFO - jldr72v
[2023-10-08T05:40:50.789+0000] {logging_mixin.py:151} INFO - jldjdw1
[2023-10-08T05:40:52.230+0000] {logging_mixin.py:151} INFO - jleypnu
[2023-10-08T05:40:53.664+0000] {logging_mixin.py:151} INFO - jldzfm7
[2023-10-08T05:40:54.075+0000] {logging_mixin.py:151} INFO - jldjtgb
[2023-10-08T05:40:55.515+0000] {logging_mixin.py:151} INFO - jleh1sc
[2023-10-08T05:40:55.907+0000] {logging_mixin.py:151} INFO - jliglka
[2023-10-08T05:40:57.358+0000] {logging_mixin.py:151} INFO - jle633g
[2023-10-08T05:40:58.793+0000] {logging_mixin.py:151} INFO - jlfm35r
[2023-10-08T05:40:59.301+0000] {logging_mixin.py:151} INFO - jlegk43
[2023-10-08T05:41:00.697+0000] {logging_mixin.py:151} INFO - jlf2385
[2023-10-08T05:41:01.766+0000] {logging_mixin.py:151} INFO - jlfcdow
[2023-10-08T05:41:03.197+0000] {logging_mixin.py:151} INFO - jldmspx
[2023-10-08T05:41:03.612+0000] {logging_mixin.py:151} INFO - jlellx5
[2023-10-08T05:41:03.996+0000] {logging_mixin.py:151} INFO - jldm8mb
[2023-10-08T05:41:05.449+0000] {logging_mixin.py:151} INFO - jldq8sb
[2023-10-08T05:41:05.967+0000] {logging_mixin.py:151} INFO - jle1jay
[2023-10-08T05:41:07.399+0000] {logging_mixin.py:151} INFO - jlfqwum
[2023-10-08T05:41:07.814+0000] {logging_mixin.py:151} INFO - jlg3mjf
[2023-10-08T05:41:09.347+0000] {logging_mixin.py:151} INFO - jlgjrrh
[2023-10-08T05:41:10.783+0000] {logging_mixin.py:151} INFO - jle34v2
[2023-10-08T05:41:11.294+0000] {logging_mixin.py:151} INFO - jldpao9
[2023-10-08T05:41:12.725+0000] {logging_mixin.py:151} INFO - jle71nq
[2023-10-08T05:41:13.099+0000] {logging_mixin.py:151} INFO - jlg44vq
[2023-10-08T05:41:14.548+0000] {logging_mixin.py:151} INFO - jldw4dj
[2023-10-08T05:41:14.928+0000] {logging_mixin.py:151} INFO - jle1ilk
[2023-10-08T05:41:16.394+0000] {logging_mixin.py:151} INFO - jlf2fgq
[2023-10-08T05:41:17.935+0000] {logging_mixin.py:151} INFO - jlelih6
[2023-10-08T05:41:18.342+0000] {logging_mixin.py:151} INFO - jleog6v
[2023-10-08T05:41:19.734+0000] {logging_mixin.py:151} INFO - jlhidke
[2023-10-08T05:41:20.189+0000] {logging_mixin.py:151} INFO - jlfjsxa
[2023-10-08T05:41:21.620+0000] {logging_mixin.py:151} INFO - jldo30u
[2023-10-08T05:41:22.137+0000] {logging_mixin.py:151} INFO - jlhiw29
[2023-10-08T05:41:23.573+0000] {logging_mixin.py:151} INFO - jlenzne
[2023-10-08T05:41:24.081+0000] {logging_mixin.py:151} INFO - jleiwij
[2023-10-08T05:41:25.475+0000] {logging_mixin.py:151} INFO - jlgp3ih
[2023-10-08T05:41:25.892+0000] {logging_mixin.py:151} INFO - jleyarp
[2023-10-08T05:41:27.448+0000] {logging_mixin.py:151} INFO - jldhc8u
[2023-10-08T05:41:28.895+0000] {logging_mixin.py:151} INFO - jldr5rx
[2023-10-08T05:41:29.310+0000] {logging_mixin.py:151} INFO - jlgnn1m
[2023-10-08T05:41:30.717+0000] {logging_mixin.py:151} INFO - jlfgmsz
[2023-10-08T05:41:31.095+0000] {logging_mixin.py:151} INFO - jleizcy
[2023-10-08T05:41:32.587+0000] {logging_mixin.py:151} INFO - jlh021l
[2023-10-08T05:41:32.999+0000] {logging_mixin.py:151} INFO - jlgntlx
[2023-10-08T05:41:34.433+0000] {logging_mixin.py:151} INFO - jllxf56
[2023-10-08T05:41:34.811+0000] {logging_mixin.py:151} INFO - jldsmvh
[2023-10-08T05:41:36.216+0000] {logging_mixin.py:151} INFO - jldtxo6
[2023-10-08T05:41:37.637+0000] {logging_mixin.py:151} INFO - jle58ig
[2023-10-08T05:41:38.761+0000] {logging_mixin.py:151} INFO - jlduytt
[2023-10-08T05:41:40.150+0000] {logging_mixin.py:151} INFO - jle3x9o
[2023-10-08T05:41:40.578+0000] {logging_mixin.py:151} INFO - jleeac5
[2023-10-08T05:41:40.959+0000] {logging_mixin.py:151} INFO - jledvfr
[2023-10-08T05:41:42.425+0000] {logging_mixin.py:151} INFO - jle41cr
[2023-10-08T05:41:42.836+0000] {logging_mixin.py:151} INFO - jlfupjs
[2023-10-08T05:41:44.246+0000] {logging_mixin.py:151} INFO - jldrsi8
[2023-10-08T05:41:45.785+0000] {logging_mixin.py:151} INFO - jlfc2ur
[2023-10-08T05:41:46.294+0000] {logging_mixin.py:151} INFO - jldjc8x
[2023-10-08T05:41:47.730+0000] {logging_mixin.py:151} INFO - jldr7ev
[2023-10-08T05:41:48.139+0000] {logging_mixin.py:151} INFO - jllerz7
[2023-10-08T05:41:49.577+0000] {logging_mixin.py:151} INFO - jlhtckd
[2023-10-08T05:41:49.956+0000] {logging_mixin.py:151} INFO - jlekpsl
[2023-10-08T05:41:51.422+0000] {logging_mixin.py:151} INFO - jldue2v
[2023-10-08T05:41:51.936+0000] {logging_mixin.py:151} INFO - jlffrss
[2023-10-08T05:41:53.368+0000] {logging_mixin.py:151} INFO - jlfkqab
[2023-10-08T05:41:53.879+0000] {logging_mixin.py:151} INFO - jldzqox
[2023-10-08T05:41:55.623+0000] {logging_mixin.py:151} INFO - jlfcu3u
[2023-10-08T05:41:57.060+0000] {logging_mixin.py:151} INFO - jlili5k
[2023-10-08T05:41:57.464+0000] {logging_mixin.py:151} INFO - jlg0skc
[2023-10-08T05:41:57.914+0000] {logging_mixin.py:151} INFO - jlfyail
[2023-10-08T05:41:59.418+0000] {logging_mixin.py:151} INFO - jlfnif0
[2023-10-08T05:41:59.931+0000] {logging_mixin.py:151} INFO - jlg37gi
[2023-10-08T05:42:01.342+0000] {logging_mixin.py:151} INFO - jlniflr
[2023-10-08T05:42:01.733+0000] {logging_mixin.py:151} INFO - jlel70c
[2023-10-08T05:42:03.205+0000] {logging_mixin.py:151} INFO - jleq3cr
[2023-10-08T05:42:04.638+0000] {logging_mixin.py:151} INFO - jlg46ed
[2023-10-08T05:42:05.151+0000] {logging_mixin.py:151} INFO - jldw5jr
[2023-10-08T05:42:06.587+0000] {logging_mixin.py:151} INFO - jlfkhbr
[2023-10-08T05:42:06.985+0000] {logging_mixin.py:151} INFO - jlfjbne
[2023-10-08T05:42:08.432+0000] {logging_mixin.py:151} INFO - jlplkgl
[2023-10-08T05:42:08.939+0000] {logging_mixin.py:151} INFO - jlfon59
[2023-10-08T05:42:10.377+0000] {logging_mixin.py:151} INFO - jlgh1fy
[2023-10-08T05:42:11.749+0000] {logging_mixin.py:151} INFO - jlufeci
[2023-10-08T05:42:12.133+0000] {logging_mixin.py:151} INFO - jlhaej3
[2023-10-08T05:42:13.554+0000] {logging_mixin.py:151} INFO - jlelefv
[2023-10-08T05:42:13.933+0000] {logging_mixin.py:151} INFO - jlf6rud
[2023-10-08T05:42:15.377+0000] {logging_mixin.py:151} INFO - jlesdua
[2023-10-08T05:42:16.809+0000] {logging_mixin.py:151} INFO - jlgcjqf
[2023-10-08T05:42:17.221+0000] {logging_mixin.py:151} INFO - jlgoq0d
[2023-10-08T05:42:19.271+0000] {logging_mixin.py:151} INFO - jlfwowm
[2023-10-08T05:42:19.680+0000] {logging_mixin.py:151} INFO - jlelhaa
[2023-10-08T05:42:20.105+0000] {logging_mixin.py:151} INFO - jlfybpu
[2023-10-08T05:42:21.508+0000] {logging_mixin.py:151} INFO - jlep9u3
[2023-10-08T05:42:21.898+0000] {logging_mixin.py:151} INFO - jleq0wx
[2023-10-08T05:42:25.654+0000] {logging_mixin.py:151} INFO - jku6gv8
[2023-10-08T05:42:26.141+0000] {logging_mixin.py:151} INFO - jku4x3e
[2023-10-08T05:42:26.539+0000] {logging_mixin.py:151} INFO - jktxemg
[2023-10-08T05:42:26.916+0000] {logging_mixin.py:151} INFO - jkuc3zw
[2023-10-08T05:42:28.395+0000] {logging_mixin.py:151} INFO - jku3hs9
[2023-10-08T05:42:29.810+0000] {logging_mixin.py:151} INFO - jku37ba
[2023-10-08T05:42:30.344+0000] {logging_mixin.py:151} INFO - jkuax38
[2023-10-08T05:42:31.739+0000] {logging_mixin.py:151} INFO - jkud6ck
[2023-10-08T05:42:32.118+0000] {logging_mixin.py:151} INFO - jkuec6j
[2023-10-08T05:42:33.624+0000] {logging_mixin.py:151} INFO - jkubltk
[2023-10-08T05:42:34.029+0000] {logging_mixin.py:151} INFO - jkub21h
[2023-10-08T05:42:35.465+0000] {logging_mixin.py:151} INFO - jkuesv1
[2023-10-08T05:42:35.979+0000] {logging_mixin.py:151} INFO - jkuwl6t
[2023-10-08T05:42:37.424+0000] {logging_mixin.py:151} INFO - jkuez4s
[2023-10-08T05:42:37.926+0000] {logging_mixin.py:151} INFO - jkuu3iz
[2023-10-08T05:42:39.355+0000] {logging_mixin.py:151} INFO - jkuvnb5
[2023-10-08T05:42:40.793+0000] {logging_mixin.py:151} INFO - jkuprh3
[2023-10-08T05:42:41.306+0000] {logging_mixin.py:151} INFO - jkurpuk
[2023-10-08T05:42:42.718+0000] {logging_mixin.py:151} INFO - jkuwl9j
[2023-10-08T05:42:43.148+0000] {logging_mixin.py:151} INFO - jkuici0
[2023-10-08T05:42:44.565+0000] {logging_mixin.py:151} INFO - jkujujq
[2023-10-08T05:42:44.972+0000] {logging_mixin.py:151} INFO - jkuoyy3
[2023-10-08T05:42:46.369+0000] {logging_mixin.py:151} INFO - jkuzymu
[2023-10-08T05:42:46.768+0000] {logging_mixin.py:151} INFO - jkv7anj
[2023-10-08T05:42:48.253+0000] {logging_mixin.py:151} INFO - jkvanhh
[2023-10-08T05:42:49.685+0000] {logging_mixin.py:151} INFO - jkui8ll
[2023-10-08T05:42:50.101+0000] {logging_mixin.py:151} INFO - jkuqnzc
[2023-10-08T05:42:51.529+0000] {logging_mixin.py:151} INFO - jkv5z9y
[2023-10-08T05:42:51.917+0000] {logging_mixin.py:151} INFO - jkuszie
[2023-10-08T05:42:53.376+0000] {logging_mixin.py:151} INFO - jkv4uyg
[2023-10-08T05:42:54.772+0000] {logging_mixin.py:151} INFO - jkuaibw
[2023-10-08T05:42:55.217+0000] {logging_mixin.py:151} INFO - jkvjgmz
[2023-10-08T05:42:56.655+0000] {logging_mixin.py:151} INFO - jkvrqhu
[2023-10-08T05:42:57.169+0000] {logging_mixin.py:151} INFO - jkwrqai
[2023-10-08T05:42:58.606+0000] {logging_mixin.py:151} INFO - jkwx8ep
[2023-10-08T05:42:59.124+0000] {logging_mixin.py:151} INFO - jkx3syq
[2023-10-08T05:43:00.649+0000] {logging_mixin.py:151} INFO - jkxv3kj
[2023-10-08T05:43:01.734+0000] {logging_mixin.py:151} INFO - jkz8och
[2023-10-08T05:43:03.138+0000] {logging_mixin.py:151} INFO - jkvt1i9
[2023-10-08T05:43:03.626+0000] {logging_mixin.py:151} INFO - jkwegzw
[2023-10-08T05:43:04.008+0000] {logging_mixin.py:151} INFO - jkwxnxm
[2023-10-08T05:43:05.466+0000] {logging_mixin.py:151} INFO - jkx7m95
[2023-10-08T05:43:05.982+0000] {logging_mixin.py:151} INFO - jkxdh9n
[2023-10-08T05:43:07.378+0000] {logging_mixin.py:151} INFO - jky0hxl
[2023-10-08T05:43:07.762+0000] {logging_mixin.py:151} INFO - jky1irw
[2023-10-08T05:43:09.257+0000] {logging_mixin.py:151} INFO - jkuzw9d
[2023-10-08T05:43:10.805+0000] {logging_mixin.py:151} INFO - jkve297
[2023-10-08T05:43:11.310+0000] {logging_mixin.py:151} INFO - jkvz8n8
[2023-10-08T05:43:12.746+0000] {logging_mixin.py:151} INFO - jkw2y7i
[2023-10-08T05:43:13.129+0000] {logging_mixin.py:151} INFO - jkw490n
[2023-10-08T05:43:14.511+0000] {logging_mixin.py:151} INFO - jkwjxbx
[2023-10-08T05:43:14.876+0000] {logging_mixin.py:151} INFO - jkwk2sk
[2023-10-08T05:43:16.310+0000] {logging_mixin.py:151} INFO - jkwmc9d
[2023-10-08T05:43:17.705+0000] {logging_mixin.py:151} INFO - jkwnet9
[2023-10-08T05:43:18.155+0000] {logging_mixin.py:151} INFO - jkwokby
[2023-10-08T05:43:19.556+0000] {logging_mixin.py:151} INFO - jkwuxor
[2023-10-08T05:43:19.999+0000] {logging_mixin.py:151} INFO - jkwvj8h
[2023-10-08T05:43:21.538+0000] {logging_mixin.py:151} INFO - jkxavh8
[2023-10-08T05:43:22.049+0000] {logging_mixin.py:151} INFO - jkzr91x
[2023-10-08T05:43:23.480+0000] {logging_mixin.py:151} INFO - jku9muh
[2023-10-08T05:43:23.890+0000] {logging_mixin.py:151} INFO - jkuzjt4
[2023-10-08T05:43:25.325+0000] {logging_mixin.py:151} INFO - jkuhpf1
[2023-10-08T05:43:26.760+0000] {logging_mixin.py:151} INFO - jkvjpr3
[2023-10-08T05:43:27.175+0000] {logging_mixin.py:151} INFO - jktxpgh
[2023-10-08T05:43:28.570+0000] {logging_mixin.py:151} INFO - jkv48br
[2023-10-08T05:43:29.017+0000] {logging_mixin.py:151} INFO - jkwvwe8
[2023-10-08T05:43:30.452+0000] {logging_mixin.py:151} INFO - jkx478o
[2023-10-08T05:43:30.964+0000] {logging_mixin.py:151} INFO - jkuo3pq
[2023-10-08T05:43:32.400+0000] {logging_mixin.py:151} INFO - jkucfcv
[2023-10-08T05:43:32.865+0000] {logging_mixin.py:151} INFO - jkuaxn5
[2023-10-08T05:43:34.347+0000] {logging_mixin.py:151} INFO - jkuwilg
[2023-10-08T05:43:35.839+0000] {logging_mixin.py:151} INFO - jkv2wks
[2023-10-08T05:43:36.239+0000] {logging_mixin.py:151} INFO - jku925n
[2023-10-08T05:43:37.728+0000] {logging_mixin.py:151} INFO - jkv65r2
[2023-10-08T05:43:38.336+0000] {logging_mixin.py:151} INFO - jkudavn
[2023-10-08T05:43:39.749+0000] {logging_mixin.py:151} INFO - jkukfh3
[2023-10-08T05:43:40.126+0000] {logging_mixin.py:151} INFO - jkv66ft
[2023-10-08T05:43:41.620+0000] {logging_mixin.py:151} INFO - jkxijrr
[2023-10-08T05:43:42.136+0000] {logging_mixin.py:151} INFO - jkud7z2
[2023-10-08T05:43:43.570+0000] {logging_mixin.py:151} INFO - jkuiv5f
[2023-10-08T05:43:43.933+0000] {logging_mixin.py:151} INFO - jkv6dk6
[2023-10-08T05:43:45.390+0000] {logging_mixin.py:151} INFO - jkwqwjd
[2023-10-08T05:43:46.774+0000] {logging_mixin.py:151} INFO - jlq0wvu
[2023-10-08T05:43:47.236+0000] {logging_mixin.py:151} INFO - jkvl701
[2023-10-08T05:43:48.666+0000] {logging_mixin.py:151} INFO - jkv6hg2
[2023-10-08T05:43:49.192+0000] {logging_mixin.py:151} INFO - jkyhpo5
[2023-10-08T05:43:50.618+0000] {logging_mixin.py:151} INFO - jkwqrvj
[2023-10-08T05:43:51.132+0000] {logging_mixin.py:151} INFO - jkv5vnm
[2023-10-08T05:43:52.529+0000] {logging_mixin.py:151} INFO - jkv9g14
[2023-10-08T05:43:52.914+0000] {logging_mixin.py:151} INFO - jkxd6b9
[2023-10-08T05:43:54.282+0000] {logging_mixin.py:151} INFO - jkyeu7q
[2023-10-08T05:43:55.740+0000] {logging_mixin.py:151} INFO - jkuuoxy
[2023-10-08T05:43:56.146+0000] {logging_mixin.py:151} INFO - jkutw9b
[2023-10-08T05:43:57.584+0000] {logging_mixin.py:151} INFO - jkugta4
[2023-10-08T05:43:57.993+0000] {logging_mixin.py:151} INFO - jku9a5w
[2023-10-08T05:43:59.399+0000] {logging_mixin.py:151} INFO - jkvkvsl
[2023-10-08T05:43:59.869+0000] {logging_mixin.py:151} INFO - jkuj15c
[2023-10-08T05:44:01.763+0000] {logging_mixin.py:151} INFO - jkvksji
[2023-10-08T05:44:02.161+0000] {logging_mixin.py:151} INFO - jkv6tn1
[2023-10-08T05:44:03.627+0000] {logging_mixin.py:151} INFO - jkww7ax
[2023-10-08T05:44:04.041+0000] {logging_mixin.py:151} INFO - jlrm0ig
[2023-10-08T05:44:05.478+0000] {logging_mixin.py:151} INFO - jkv780b
[2023-10-08T05:44:05.990+0000] {logging_mixin.py:151} INFO - jkvfg6s
[2023-10-08T05:44:07.422+0000] {logging_mixin.py:151} INFO - jkvf0gq
[2023-10-08T05:44:08.040+0000] {logging_mixin.py:151} INFO - jkv14gt
[2023-10-08T05:44:09.471+0000] {logging_mixin.py:151} INFO - jkuwvhi
[2023-10-08T05:44:09.885+0000] {logging_mixin.py:151} INFO - jkv5z4b
[2023-10-08T05:44:11.321+0000] {logging_mixin.py:151} INFO - jkwep2l
[2023-10-08T05:44:12.752+0000] {logging_mixin.py:151} INFO - jkvfhoq
[2023-10-08T05:44:13.159+0000] {logging_mixin.py:151} INFO - jkvmkew
[2023-10-08T05:44:14.553+0000] {logging_mixin.py:151} INFO - jkwa7e5
[2023-10-08T05:44:14.926+0000] {logging_mixin.py:151} INFO - jkwnbni
[2023-10-08T05:44:16.418+0000] {logging_mixin.py:151} INFO - jkvl59e
[2023-10-08T05:44:17.854+0000] {logging_mixin.py:151} INFO - jkv7l34
[2023-10-08T05:44:18.930+0000] {logging_mixin.py:151} INFO - jkvfue3
[2023-10-08T05:44:20.421+0000] {logging_mixin.py:151} INFO - jkva7mb
[2023-10-08T05:44:20.929+0000] {logging_mixin.py:151} INFO - jkwkykt
[2023-10-08T05:44:21.446+0000] {logging_mixin.py:151} INFO - jkxycqe
[2023-10-08T05:44:22.875+0000] {logging_mixin.py:151} INFO - jkv7nha
[2023-10-08T05:44:23.289+0000] {logging_mixin.py:151} INFO - jkvg4gl
[2023-10-08T05:44:24.675+0000] {logging_mixin.py:151} INFO - jkvks89
[2023-10-08T05:44:25.110+0000] {logging_mixin.py:151} INFO - jkwezbw
[2023-10-08T05:44:26.562+0000] {logging_mixin.py:151} INFO - jkv7sjo
[2023-10-08T05:44:26.976+0000] {logging_mixin.py:151} INFO - jkvgcio
[2023-10-08T05:44:28.385+0000] {logging_mixin.py:151} INFO - jmvg66a
[2023-10-08T05:44:29.525+0000] {logging_mixin.py:151} INFO - jkw0gnd
[2023-10-08T05:44:30.973+0000] {logging_mixin.py:151} INFO - jkw8yks
[2023-10-08T05:44:31.484+0000] {logging_mixin.py:151} INFO - jkwqu0s
[2023-10-08T05:44:32.032+0000] {logging_mixin.py:151} INFO -      post_id     post_author  ... is_root_comment comment_author_flair_text
0    1447yrk        dr_libra  ...            True         :Barista: Barista
1    1447yrk        dr_libra  ...            True         :Barista: Barista
2    1447yrk        dr_libra  ...            True                      None
3    1447yrk        dr_libra  ...            True                      None
4    1447yrk        dr_libra  ...            True                      None
..       ...             ...  ...             ...                       ...
861  13m97x8  official_koda_  ...           False        :CM: Coffee Master
862  13m97x8  official_koda_  ...           False                      None
863  13m97x8  official_koda_  ...           False         :Barista: Barista
864  13m97x8  official_koda_  ...           False         :Barista: Barista
865  13m97x8  official_koda_  ...           False                      None

[866 rows x 10 columns]
[2023-10-08T05:44:32.067+0000] {python.py:194} INFO - Done. Returned value was: None
[2023-10-08T05:44:32.080+0000] {taskinstance.py:1400} INFO - Marking task as SUCCESS. dag_id=Reddit_Post_Comment_Dag, task_id=extract_post_comment_task, execution_date=20231008T053502, start_date=20231008T053509, end_date=20231008T054432
[2023-10-08T05:44:32.157+0000] {local_task_job_runner.py:228} INFO - Task exited with return code 0
[2023-10-08T05:44:32.201+0000] {taskinstance.py:2784} INFO - 1 downstream tasks scheduled from follow-on schedule check
