[2023-10-08T05:09:05.319+0000] {taskinstance.py:1159} INFO - Dependencies all met for dep_context=non-requeueable deps ti=<TaskInstance: Reddit_Post_Comment_Dag.comment_raw_data_insert_task manual__2023-10-08T04:58:27.785729+00:00 [queued]>
[2023-10-08T05:09:05.336+0000] {taskinstance.py:1159} INFO - Dependencies all met for dep_context=requeueable deps ti=<TaskInstance: Reddit_Post_Comment_Dag.comment_raw_data_insert_task manual__2023-10-08T04:58:27.785729+00:00 [queued]>
[2023-10-08T05:09:05.338+0000] {taskinstance.py:1361} INFO - Starting attempt 1 of 2
[2023-10-08T05:09:05.360+0000] {taskinstance.py:1382} INFO - Executing <Task(CommentRawDataTableOperator): comment_raw_data_insert_task> on 2023-10-08 04:58:27.785729+00:00
[2023-10-08T05:09:05.369+0000] {standard_task_runner.py:57} INFO - Started process 273 to run task
[2023-10-08T05:09:05.377+0000] {standard_task_runner.py:84} INFO - Running: ['***', 'tasks', 'run', 'Reddit_Post_Comment_Dag', 'comment_raw_data_insert_task', 'manual__2023-10-08T04:58:27.785729+00:00', '--job-id', '143', '--raw', '--subdir', 'DAGS_FOLDER/reddit_post_comment_dag.py', '--cfg-path', '/tmp/tmpm2eb8daf']
[2023-10-08T05:09:05.385+0000] {standard_task_runner.py:85} INFO - Job 143: Subtask comment_raw_data_insert_task
[2023-10-08T05:09:05.476+0000] {task_command.py:415} INFO - Running <TaskInstance: Reddit_Post_Comment_Dag.comment_raw_data_insert_task manual__2023-10-08T04:58:27.785729+00:00 [running]> on host 88aca7bb4134
[2023-10-08T05:09:06.001+0000] {taskinstance.py:1660} INFO - Exporting env vars: AIRFLOW_CTX_DAG_OWNER='***' AIRFLOW_CTX_DAG_ID='Reddit_Post_Comment_Dag' AIRFLOW_CTX_TASK_ID='comment_raw_data_insert_task' AIRFLOW_CTX_EXECUTION_DATE='2023-10-08T04:58:27.785729+00:00' AIRFLOW_CTX_TRY_NUMBER='1' AIRFLOW_CTX_DAG_RUN_ID='manual__2023-10-08T04:58:27.785729+00:00'
[2023-10-08T05:09:06.003+0000] {comment_raw_data_table_operator.py:27} INFO - Executing CustomMySqlOperator with data from task: extract_post_comment_task
[2023-10-08T05:09:06.019+0000] {sql.py:274} INFO - Executing: CREATE TABLE  IF NOT EXISTS reddit_comment_raw_details(id INT AUTO_INCREMENT PRIMARY KEY,post_id INT NOT NULL, post_author VARCHAR(255) NOT NULL, comment_author VARCHAR(255) NOT NULL, comment_id INT NOT NULL, comment_body TEXT NOT NULL, comment_score INT NOT NULL, comment_created_utc DATETIME NOT NULL, comment_permalink VARCHAR(255) NOT NULL,is_root_comment BOOLEAN NOT NULL, comment_author_flair_text VARCHAR(255))
[2023-10-08T05:09:06.026+0000] {base.py:73} INFO - Using connection ID 'mysql_connection' for task execution.
[2023-10-08T05:09:06.039+0000] {base.py:73} INFO - Using connection ID 'mysql_connection' for task execution.
[2023-10-08T05:09:06.061+0000] {sql.py:418} INFO - Running statement: CREATE TABLE  IF NOT EXISTS reddit_comment_raw_details(id INT AUTO_INCREMENT PRIMARY KEY,post_id INT NOT NULL, post_author VARCHAR(255) NOT NULL, comment_author VARCHAR(255) NOT NULL, comment_id INT NOT NULL, comment_body TEXT NOT NULL, comment_score INT NOT NULL, comment_created_utc DATETIME NOT NULL, comment_permalink VARCHAR(255) NOT NULL,is_root_comment BOOLEAN NOT NULL, comment_author_flair_text VARCHAR(255)), parameters: None
[2023-10-08T05:09:06.074+0000] {sql.py:427} INFO - Rows affected: 0
[2023-10-08T05:09:06.085+0000] {logging_mixin.py:151} INFO - mysql_connection
[2023-10-08T05:09:06.356+0000] {logging_mixin.py:151} INFO -      post_id post_author  ... is_root_comment comment_author_flair_text
0    15y4v3n  colonade17  ...            True                       NaN
1    15y4v3n  colonade17  ...            True      :Barista: Supervisor
2    15y4v3n  colonade17  ...            True         :Barista: Barista
3    15y4v3n  colonade17  ...            True                       NaN
4    15y4v3n  colonade17  ...            True                       NaN
..       ...         ...  ...             ...                       ...
701  14x2lun      JOV_97  ...           False                       NaN
702  14x2lun      JOV_97  ...           False                       NaN
703  14x2lun      JOV_97  ...           False                       NaN
704  14x2lun      JOV_97  ...           False         :Barista: Barista
705  14x2lun      JOV_97  ...           False                       NaN

[706 rows x 10 columns]
[2023-10-08T05:09:06.654+0000] {taskinstance.py:1400} INFO - Marking task as SUCCESS. dag_id=Reddit_Post_Comment_Dag, task_id=comment_raw_data_insert_task, execution_date=20231008T045827, start_date=20231008T050905, end_date=20231008T050906
[2023-10-08T05:09:06.717+0000] {local_task_job_runner.py:228} INFO - Task exited with return code 0
[2023-10-08T05:09:06.753+0000] {taskinstance.py:2784} INFO - 0 downstream tasks scheduled from follow-on schedule check
