[2023-10-05T15:44:34.878+0000] {taskinstance.py:1159} INFO - Dependencies all met for dep_context=non-requeueable deps ti=<TaskInstance: Reddit_starbucks_Dag.save_starbucks_task manual__2023-10-05T15:44:26.812307+00:00 [queued]>
[2023-10-05T15:44:34.891+0000] {taskinstance.py:1159} INFO - Dependencies all met for dep_context=requeueable deps ti=<TaskInstance: Reddit_starbucks_Dag.save_starbucks_task manual__2023-10-05T15:44:26.812307+00:00 [queued]>
[2023-10-05T15:44:34.893+0000] {taskinstance.py:1361} INFO - Starting attempt 1 of 2
[2023-10-05T15:44:34.914+0000] {taskinstance.py:1382} INFO - Executing <Task(StarbucksDataTableOperator): save_starbucks_task> on 2023-10-05 15:44:26.812307+00:00
[2023-10-05T15:44:34.924+0000] {standard_task_runner.py:57} INFO - Started process 550 to run task
[2023-10-05T15:44:34.931+0000] {standard_task_runner.py:84} INFO - Running: ['***', 'tasks', 'run', 'Reddit_starbucks_Dag', 'save_starbucks_task', 'manual__2023-10-05T15:44:26.812307+00:00', '--job-id', '120', '--raw', '--subdir', 'DAGS_FOLDER/reddit_starbucks_dag.py', '--cfg-path', '/tmp/tmphz_udqr2']
[2023-10-05T15:44:34.937+0000] {standard_task_runner.py:85} INFO - Job 120: Subtask save_starbucks_task
[2023-10-05T15:44:35.014+0000] {task_command.py:415} INFO - Running <TaskInstance: Reddit_starbucks_Dag.save_starbucks_task manual__2023-10-05T15:44:26.812307+00:00 [running]> on host 83a26c877c38
[2023-10-05T15:44:35.128+0000] {taskinstance.py:1660} INFO - Exporting env vars: AIRFLOW_CTX_DAG_OWNER='***' AIRFLOW_CTX_DAG_ID='Reddit_starbucks_Dag' AIRFLOW_CTX_TASK_ID='save_starbucks_task' AIRFLOW_CTX_EXECUTION_DATE='2023-10-05T15:44:26.812307+00:00' AIRFLOW_CTX_TRY_NUMBER='1' AIRFLOW_CTX_DAG_RUN_ID='manual__2023-10-05T15:44:26.812307+00:00'
[2023-10-05T15:44:35.135+0000] {starbucks_data_table_operator.py:27} INFO - Executing CustomMySqlOperator with data from task: extract_post_task
[2023-10-05T15:44:35.153+0000] {logging_mixin.py:151} INFO - /home/***/reddit_starbucks_details.csv
[2023-10-05T15:44:35.156+0000] {sql.py:274} INFO - Executing: CREATE TABLE  IF NOT EXISTS organization_table(id INT AUTO_INCREMENT PRIMARY KEY, social_media_platform VARCHAR(255),description TEXT, display_name VARCHAR(255),image VARCHAR(255),subscribers INT,title VARCHAR(255),url VARCHAR(255))
[2023-10-05T15:44:35.444+0000] {base.py:73} INFO - Using connection ID 'mysql_connection' for task execution.
[2023-10-05T15:44:35.455+0000] {base.py:73} INFO - Using connection ID 'mysql_connection' for task execution.
[2023-10-05T15:44:35.479+0000] {sql.py:418} INFO - Running statement: CREATE TABLE  IF NOT EXISTS organization_table(id INT AUTO_INCREMENT PRIMARY KEY, social_media_platform VARCHAR(255),description TEXT, display_name VARCHAR(255),image VARCHAR(255),subscribers INT,title VARCHAR(255),url VARCHAR(255)), parameters: None
[2023-10-05T15:44:35.483+0000] {sql.py:427} INFO - Rows affected: 0
[2023-10-05T15:44:35.495+0000] {logging_mixin.py:151} INFO - mysql_connection
[2023-10-05T15:44:35.577+0000] {logging_mixin.py:151} INFO -   social_media_platform  ...            url
0                Reddit  ...  /r/starbucks/

[1 rows x 7 columns]
[2023-10-05T15:44:35.772+0000] {taskinstance.py:1400} INFO - Marking task as SUCCESS. dag_id=Reddit_starbucks_Dag, task_id=save_starbucks_task, execution_date=20231005T154426, start_date=20231005T154434, end_date=20231005T154435
[2023-10-05T15:44:35.830+0000] {local_task_job_runner.py:228} INFO - Task exited with return code 0
[2023-10-05T15:44:35.874+0000] {taskinstance.py:2784} INFO - 0 downstream tasks scheduled from follow-on schedule check
