[2023-10-05T07:03:03.726+0000] {taskinstance.py:1159} INFO - Dependencies all met for dep_context=non-requeueable deps ti=<TaskInstance: Reddit_Post_Comment_Dag.comment_raw_data_insert_task manual__2023-10-05T07:02:39.484745+00:00 [queued]>
[2023-10-05T07:03:03.741+0000] {taskinstance.py:1159} INFO - Dependencies all met for dep_context=requeueable deps ti=<TaskInstance: Reddit_Post_Comment_Dag.comment_raw_data_insert_task manual__2023-10-05T07:02:39.484745+00:00 [queued]>
[2023-10-05T07:03:03.743+0000] {taskinstance.py:1361} INFO - Starting attempt 1 of 2
[2023-10-05T07:03:03.765+0000] {taskinstance.py:1382} INFO - Executing <Task(CommentRawDataTableOperator): comment_raw_data_insert_task> on 2023-10-05 07:02:39.484745+00:00
[2023-10-05T07:03:03.776+0000] {standard_task_runner.py:57} INFO - Started process 437 to run task
[2023-10-05T07:03:03.783+0000] {standard_task_runner.py:84} INFO - Running: ['***', 'tasks', 'run', 'Reddit_Post_Comment_Dag', 'comment_raw_data_insert_task', 'manual__2023-10-05T07:02:39.484745+00:00', '--job-id', '75', '--raw', '--subdir', 'DAGS_FOLDER/reddit_post_comment_dag.py', '--cfg-path', '/tmp/tmpj9qo6vde']
[2023-10-05T07:03:03.791+0000] {standard_task_runner.py:85} INFO - Job 75: Subtask comment_raw_data_insert_task
[2023-10-05T07:03:03.873+0000] {task_command.py:415} INFO - Running <TaskInstance: Reddit_Post_Comment_Dag.comment_raw_data_insert_task manual__2023-10-05T07:02:39.484745+00:00 [running]> on host 44d08be4c1e6
[2023-10-05T07:03:04.010+0000] {taskinstance.py:1660} INFO - Exporting env vars: AIRFLOW_CTX_DAG_OWNER='***' AIRFLOW_CTX_DAG_ID='Reddit_Post_Comment_Dag' AIRFLOW_CTX_TASK_ID='comment_raw_data_insert_task' AIRFLOW_CTX_EXECUTION_DATE='2023-10-05T07:02:39.484745+00:00' AIRFLOW_CTX_TRY_NUMBER='1' AIRFLOW_CTX_DAG_RUN_ID='manual__2023-10-05T07:02:39.484745+00:00'
[2023-10-05T07:03:04.013+0000] {comment_raw_data_table_operator.py:27} INFO - Executing CustomMySqlOperator with data from task: extract_post_comment_task
[2023-10-05T07:03:04.029+0000] {sql.py:274} INFO - Executing: CREATE TABLE  IF NOT EXISTS reddit_comment_raw_details(id INT AUTO_INCREMENT PRIMARY KEY,post_id INT NOT NULL, post_author VARCHAR(255) NOT NULL, comment_author VARCHAR(255) NOT NULL, comment_id INT NOT NULL, comment_body TEXT NOT NULL, comment_score INT NOT NULL, comment_created_utc DATETIME NOT NULL, comment_permalink VARCHAR(255) NOT NULL,is_root_comment BOOLEAN NOT NULL, comment_author_flair_text VARCHAR(255))
[2023-10-05T07:03:04.038+0000] {base.py:73} INFO - Using connection ID 'mysql_connection' for task execution.
[2023-10-05T07:03:04.050+0000] {base.py:73} INFO - Using connection ID 'mysql_connection' for task execution.
[2023-10-05T07:03:04.072+0000] {sql.py:418} INFO - Running statement: CREATE TABLE  IF NOT EXISTS reddit_comment_raw_details(id INT AUTO_INCREMENT PRIMARY KEY,post_id INT NOT NULL, post_author VARCHAR(255) NOT NULL, comment_author VARCHAR(255) NOT NULL, comment_id INT NOT NULL, comment_body TEXT NOT NULL, comment_score INT NOT NULL, comment_created_utc DATETIME NOT NULL, comment_permalink VARCHAR(255) NOT NULL,is_root_comment BOOLEAN NOT NULL, comment_author_flair_text VARCHAR(255)), parameters: None
[2023-10-05T07:03:04.077+0000] {sql.py:427} INFO - Rows affected: 0
[2023-10-05T07:03:04.093+0000] {logging_mixin.py:151} INFO - mysql_connection
[2023-10-05T07:03:04.580+0000] {logging_mixin.py:151} INFO -    post_id    post_author  ... is_root_comment comment_author_flair_text
0   92x3p6  SeriousStarbs  ...            True                       NaN
1   92x3p6  SeriousStarbs  ...            True            Former Partner
2   92x3p6  SeriousStarbs  ...            True                       NaN
3   92x3p6  SeriousStarbs  ...            True                       NaN
4   92x3p6  SeriousStarbs  ...            True                       NaN
5   92x3p6  SeriousStarbs  ...            True        :CM: Coffee Master
6   92x3p6  SeriousStarbs  ...            True                   Barista
7   92x3p6  SeriousStarbs  ...            True                Supervisor
8   92x3p6  SeriousStarbs  ...            True                       NaN
9   92x3p6  SeriousStarbs  ...            True                       NaN
10  92x3p6  SeriousStarbs  ...            True                   Barista
11  92x3p6  SeriousStarbs  ...           False      :Barista: Supervisor
12  92x3p6  SeriousStarbs  ...           False                   Barista
13  92x3p6  SeriousStarbs  ...           False                       NaN
14  92x3p6  SeriousStarbs  ...           False            Former Partner
15  92x3p6  SeriousStarbs  ...           False            Former Partner
16  92x3p6  SeriousStarbs  ...           False                       NaN
17  92x3p6  SeriousStarbs  ...           False      :Barista: Supervisor
18  92x3p6  SeriousStarbs  ...           False                   Barista
19  92x3p6  SeriousStarbs  ...           False            Former Partner
20  92x3p6  SeriousStarbs  ...           False            Former Partner
21  92x3p6  SeriousStarbs  ...           False                   Barista
22  92x3p6  SeriousStarbs  ...           False            Former Partner
23  92x3p6  SeriousStarbs  ...           False                   Barista

[24 rows x 10 columns]
[2023-10-05T07:03:04.827+0000] {taskinstance.py:1400} INFO - Marking task as SUCCESS. dag_id=Reddit_Post_Comment_Dag, task_id=comment_raw_data_insert_task, execution_date=20231005T070239, start_date=20231005T070303, end_date=20231005T070304
[2023-10-05T07:03:04.885+0000] {local_task_job_runner.py:228} INFO - Task exited with return code 0
[2023-10-05T07:03:04.944+0000] {taskinstance.py:2784} INFO - 1 downstream tasks scheduled from follow-on schedule check
