[2023-10-05T05:59:21.588+0000] {taskinstance.py:1159} INFO - Dependencies all met for dep_context=non-requeueable deps ti=<TaskInstance: Reddit_Post_Comment_Dag.comment_raw_data_insert_task manual__2023-10-05T05:55:17.238059+00:00 [queued]>
[2023-10-05T05:59:21.606+0000] {taskinstance.py:1159} INFO - Dependencies all met for dep_context=requeueable deps ti=<TaskInstance: Reddit_Post_Comment_Dag.comment_raw_data_insert_task manual__2023-10-05T05:55:17.238059+00:00 [queued]>
[2023-10-05T05:59:21.608+0000] {taskinstance.py:1361} INFO - Starting attempt 1 of 2
[2023-10-05T05:59:21.627+0000] {taskinstance.py:1382} INFO - Executing <Task(CommentRawDataTableOperator): comment_raw_data_insert_task> on 2023-10-05 05:55:17.238059+00:00
[2023-10-05T05:59:21.635+0000] {standard_task_runner.py:57} INFO - Started process 2499 to run task
[2023-10-05T05:59:21.641+0000] {standard_task_runner.py:84} INFO - Running: ['***', 'tasks', 'run', 'Reddit_Post_Comment_Dag', 'comment_raw_data_insert_task', 'manual__2023-10-05T05:55:17.238059+00:00', '--job-id', '59', '--raw', '--subdir', 'DAGS_FOLDER/reddit_post_comment_dag.py', '--cfg-path', '/tmp/tmp_0mma6kg']
[2023-10-05T05:59:21.647+0000] {standard_task_runner.py:85} INFO - Job 59: Subtask comment_raw_data_insert_task
[2023-10-05T05:59:21.717+0000] {task_command.py:415} INFO - Running <TaskInstance: Reddit_Post_Comment_Dag.comment_raw_data_insert_task manual__2023-10-05T05:55:17.238059+00:00 [running]> on host 1de4a8047cc3
[2023-10-05T05:59:21.840+0000] {taskinstance.py:1660} INFO - Exporting env vars: AIRFLOW_CTX_DAG_OWNER='***' AIRFLOW_CTX_DAG_ID='Reddit_Post_Comment_Dag' AIRFLOW_CTX_TASK_ID='comment_raw_data_insert_task' AIRFLOW_CTX_EXECUTION_DATE='2023-10-05T05:55:17.238059+00:00' AIRFLOW_CTX_TRY_NUMBER='1' AIRFLOW_CTX_DAG_RUN_ID='manual__2023-10-05T05:55:17.238059+00:00'
[2023-10-05T05:59:21.844+0000] {comment_raw_data_table_operator.py:27} INFO - Executing CustomMySqlOperator with data from task: extract_post_comment_task
[2023-10-05T05:59:21.866+0000] {sql.py:274} INFO - Executing: CREATE TABLE  IF NOT EXISTS reddit_comment_details(id INT AUTO_INCREMENT PRIMARY KEY,post_id INT NOT NULL, post_author VARCHAR(255) NOT NULL, comment_author VARCHAR(255) NOT NULL, comment_id INT NOT NULL, comment_body TEXT NOT NULL, comment_score INT NOT NULL, comment_created_utc DATETIME NOT NULL, comment_permalink VARCHAR(255) NOT NULL,is_root_comment BOOLEAN NOT NULL, comment_author_flair_text VARCHAR(255))
[2023-10-05T05:59:21.875+0000] {base.py:73} INFO - Using connection ID 'mysql_connection' for task execution.
[2023-10-05T05:59:21.892+0000] {base.py:73} INFO - Using connection ID 'mysql_connection' for task execution.
[2023-10-05T05:59:21.914+0000] {sql.py:418} INFO - Running statement: CREATE TABLE  IF NOT EXISTS reddit_comment_details(id INT AUTO_INCREMENT PRIMARY KEY,post_id INT NOT NULL, post_author VARCHAR(255) NOT NULL, comment_author VARCHAR(255) NOT NULL, comment_id INT NOT NULL, comment_body TEXT NOT NULL, comment_score INT NOT NULL, comment_created_utc DATETIME NOT NULL, comment_permalink VARCHAR(255) NOT NULL,is_root_comment BOOLEAN NOT NULL, comment_author_flair_text VARCHAR(255)), parameters: None
[2023-10-05T05:59:22.024+0000] {sql.py:427} INFO - Rows affected: 0
[2023-10-05T05:59:22.037+0000] {logging_mixin.py:151} INFO - mysql_connection
[2023-10-05T05:59:22.373+0000] {logging_mixin.py:151} INFO -     post_id  post_author  ... is_root_comment comment_author_flair_text
0    xr8fc3  swiftlocked  ...            True            Former Partner
1    xr8fc3  swiftlocked  ...            True                       NaN
2    xr8fc3  swiftlocked  ...            True       :Customer: Customer
3    xr8fc3  swiftlocked  ...            True                       NaN
4    xr8fc3  swiftlocked  ...            True                       NaN
..      ...          ...  ...             ...                       ...
525  rco8xd  witchezbrew  ...           False            Former Partner
526  rco8xd  witchezbrew  ...           False            Former Partner
527  rco8xd  witchezbrew  ...           False            Former Partner
528  rco8xd  witchezbrew  ...           False            Former Partner
529  rco8xd  witchezbrew  ...           False            Former Partner

[530 rows x 10 columns]
[2023-10-05T05:59:22.749+0000] {taskinstance.py:1400} INFO - Marking task as SUCCESS. dag_id=Reddit_Post_Comment_Dag, task_id=comment_raw_data_insert_task, execution_date=20231005T055517, start_date=20231005T055921, end_date=20231005T055922
[2023-10-05T05:59:22.781+0000] {local_task_job_runner.py:228} INFO - Task exited with return code 0
[2023-10-05T05:59:22.806+0000] {taskinstance.py:2784} INFO - 0 downstream tasks scheduled from follow-on schedule check
