[2023-10-08T03:24:34.325+0000] {taskinstance.py:1159} INFO - Dependencies all met for dep_context=non-requeueable deps ti=<TaskInstance: Reddit_Post_Comment_Dag.extract_post_comment_task manual__2023-10-08T03:24:24.758927+00:00 [queued]>
[2023-10-08T03:24:34.340+0000] {taskinstance.py:1159} INFO - Dependencies all met for dep_context=requeueable deps ti=<TaskInstance: Reddit_Post_Comment_Dag.extract_post_comment_task manual__2023-10-08T03:24:24.758927+00:00 [queued]>
[2023-10-08T03:24:34.341+0000] {taskinstance.py:1361} INFO - Starting attempt 1 of 2
[2023-10-08T03:24:34.361+0000] {taskinstance.py:1382} INFO - Executing <Task(PythonOperator): extract_post_comment_task> on 2023-10-08 03:24:24.758927+00:00
[2023-10-08T03:24:34.372+0000] {standard_task_runner.py:57} INFO - Started process 107 to run task
[2023-10-08T03:24:34.378+0000] {standard_task_runner.py:84} INFO - Running: ['***', 'tasks', 'run', 'Reddit_Post_Comment_Dag', 'extract_post_comment_task', 'manual__2023-10-08T03:24:24.758927+00:00', '--job-id', '126', '--raw', '--subdir', 'DAGS_FOLDER/reddit_post_comment_dag.py', '--cfg-path', '/tmp/tmp5_apn4yl']
[2023-10-08T03:24:34.384+0000] {standard_task_runner.py:85} INFO - Job 126: Subtask extract_post_comment_task
[2023-10-08T03:24:34.453+0000] {task_command.py:415} INFO - Running <TaskInstance: Reddit_Post_Comment_Dag.extract_post_comment_task manual__2023-10-08T03:24:24.758927+00:00 [running]> on host e23e2b6f1b74
[2023-10-08T03:24:34.910+0000] {taskinstance.py:1660} INFO - Exporting env vars: AIRFLOW_CTX_DAG_OWNER='***' AIRFLOW_CTX_DAG_ID='Reddit_Post_Comment_Dag' AIRFLOW_CTX_TASK_ID='extract_post_comment_task' AIRFLOW_CTX_EXECUTION_DATE='2023-10-08T03:24:24.758927+00:00' AIRFLOW_CTX_TRY_NUMBER='1' AIRFLOW_CTX_DAG_RUN_ID='manual__2023-10-08T03:24:24.758927+00:00'
[2023-10-08T03:24:34.929+0000] {logging_mixin.py:151} INFO - ['xr8fc3', 'rco8xd', 'pou8vz', 'pa07hq', 'p9283m', 'ntnjz2', 'mi9q3t', 'kdmatx', 'k2qgn2', '3gscwr']
[2023-10-08T03:24:45.191+0000] {logging_mixin.py:151} INFO - iqdfbj8
[2023-10-08T03:24:46.323+0000] {logging_mixin.py:151} INFO - iqdmth8
[2023-10-08T03:24:47.471+0000] {logging_mixin.py:151} INFO - iqdknrl
[2023-10-08T03:24:48.639+0000] {logging_mixin.py:151} INFO - iqdkdq1
[2023-10-08T03:24:49.115+0000] {logging_mixin.py:151} INFO - iqdlkuq
[2023-10-08T03:24:49.585+0000] {logging_mixin.py:151} INFO - iqdgp13
[2023-10-08T03:24:50.102+0000] {logging_mixin.py:151} INFO - iqdc3vj
[2023-10-08T03:24:50.583+0000] {logging_mixin.py:151} INFO - iqe4am6
[2023-10-08T03:24:51.030+0000] {logging_mixin.py:151} INFO - iqdn7bu
[2023-10-08T03:24:51.546+0000] {logging_mixin.py:151} INFO - iqdqi7o
[2023-10-08T03:24:52.048+0000] {logging_mixin.py:151} INFO - iqe1sdp
[2023-10-08T03:24:52.525+0000] {logging_mixin.py:151} INFO - iqdvfa2
[2023-10-08T03:24:52.974+0000] {logging_mixin.py:151} INFO - iqdy51g
[2023-10-08T03:24:53.408+0000] {logging_mixin.py:151} INFO - iqdu1d7
[2023-10-08T03:24:53.925+0000] {logging_mixin.py:151} INFO - iqdtj5v
[2023-10-08T03:24:54.435+0000] {logging_mixin.py:151} INFO - iqdwgle
[2023-10-08T03:24:55.020+0000] {logging_mixin.py:151} INFO - iqdv8i4
[2023-10-08T03:24:55.634+0000] {logging_mixin.py:151} INFO - iqe43z1
[2023-10-08T03:24:56.002+0000] {logging_mixin.py:151} INFO - iqdkzna
[2023-10-08T03:24:56.375+0000] {logging_mixin.py:151} INFO - iqem0tf
[2023-10-08T03:24:56.769+0000] {logging_mixin.py:151} INFO - iqdpi4z
[2023-10-08T03:24:57.277+0000] {logging_mixin.py:151} INFO - iqe0abl
[2023-10-08T03:24:57.686+0000] {logging_mixin.py:151} INFO - iqf1l7w
[2023-10-08T03:24:58.098+0000] {logging_mixin.py:151} INFO - iqe10yc
[2023-10-08T03:24:58.604+0000] {logging_mixin.py:151} INFO - iqe9uhh
[2023-10-08T03:24:59.123+0000] {logging_mixin.py:151} INFO - iqet6t3
[2023-10-08T03:24:59.728+0000] {logging_mixin.py:151} INFO - iqexvf7
[2023-10-08T03:25:00.246+0000] {logging_mixin.py:151} INFO - iqe8ih5
[2023-10-08T03:25:00.760+0000] {logging_mixin.py:151} INFO - iqep6mb
[2023-10-08T03:25:01.154+0000] {logging_mixin.py:151} INFO - iqerogi
[2023-10-08T03:25:01.764+0000] {logging_mixin.py:151} INFO - iqey0e9
[2023-10-08T03:25:02.377+0000] {logging_mixin.py:151} INFO - iqdtk7j
[2023-10-08T03:25:03.004+0000] {logging_mixin.py:151} INFO - iqe42ul
[2023-10-08T03:25:03.604+0000] {logging_mixin.py:151} INFO - iqecq7x
[2023-10-08T03:25:04.119+0000] {logging_mixin.py:151} INFO - iqem498
[2023-10-08T03:25:04.634+0000] {logging_mixin.py:151} INFO - iqewks9
[2023-10-08T03:25:05.248+0000] {logging_mixin.py:151} INFO - iqdu42g
[2023-10-08T03:25:05.763+0000] {logging_mixin.py:151} INFO - iqdxtw3
[2023-10-08T03:25:06.580+0000] {logging_mixin.py:151} INFO - iqdzpt7
[2023-10-08T03:25:07.087+0000] {logging_mixin.py:151} INFO - iqe9hok
[2023-10-08T03:25:08.010+0000] {logging_mixin.py:151} INFO - iqee9b3
[2023-10-08T03:25:09.406+0000] {logging_mixin.py:151} INFO - iqentih
[2023-10-08T03:25:09.962+0000] {logging_mixin.py:151} INFO - iqdj7p3
[2023-10-08T03:25:10.472+0000] {logging_mixin.py:151} INFO - iqecf0l
[2023-10-08T03:25:10.981+0000] {logging_mixin.py:151} INFO - iqets8m
[2023-10-08T03:25:11.479+0000] {logging_mixin.py:151} INFO - iqduk4z
[2023-10-08T03:25:11.978+0000] {logging_mixin.py:151} INFO - iqe3bhs
[2023-10-08T03:25:12.622+0000] {logging_mixin.py:151} INFO - iqesqmb
[2023-10-08T03:25:13.138+0000] {logging_mixin.py:151} INFO - iqetbs4
[2023-10-08T03:25:13.648+0000] {logging_mixin.py:151} INFO - iqey8y6
[2023-10-08T03:25:14.160+0000] {logging_mixin.py:151} INFO - iqezh16
[2023-10-08T03:25:14.775+0000] {logging_mixin.py:151} INFO - iqdnsvo
[2023-10-08T03:25:15.232+0000] {logging_mixin.py:151} INFO - iqe40pq
[2023-10-08T03:25:15.624+0000] {logging_mixin.py:151} INFO - iqeabx7
[2023-10-08T03:25:16.226+0000] {logging_mixin.py:151} INFO - iqeajf8
[2023-10-08T03:25:16.721+0000] {logging_mixin.py:151} INFO - iqechdz
[2023-10-08T03:25:17.232+0000] {logging_mixin.py:151} INFO - iqej4uc
[2023-10-08T03:25:17.755+0000] {logging_mixin.py:151} INFO - iqej9uz
[2023-10-08T03:25:18.316+0000] {logging_mixin.py:151} INFO - iqek8a6
[2023-10-08T03:25:18.763+0000] {logging_mixin.py:151} INFO - iqel54b
[2023-10-08T03:25:19.285+0000] {logging_mixin.py:151} INFO - iqely7e
[2023-10-08T03:25:19.897+0000] {logging_mixin.py:151} INFO - iqerhre
[2023-10-08T03:25:20.414+0000] {logging_mixin.py:151} INFO - iqev2f5
[2023-10-08T03:25:20.881+0000] {logging_mixin.py:151} INFO - iqeipej
[2023-10-08T03:25:21.396+0000] {logging_mixin.py:151} INFO - iqe7ds5
[2023-10-08T03:25:21.946+0000] {logging_mixin.py:151} INFO - iqea7qy
[2023-10-08T03:25:22.459+0000] {logging_mixin.py:151} INFO - iqdzwxr
[2023-10-08T03:25:22.971+0000] {logging_mixin.py:151} INFO - iqepslm
[2023-10-08T03:25:23.484+0000] {logging_mixin.py:151} INFO - iqe76g4
[2023-10-08T03:25:24.008+0000] {logging_mixin.py:151} INFO - iqeeqro
[2023-10-08T03:25:24.536+0000] {logging_mixin.py:151} INFO - iqefoxm
[2023-10-08T03:25:25.123+0000] {logging_mixin.py:151} INFO - iqejhly
[2023-10-08T03:25:25.741+0000] {logging_mixin.py:151} INFO - iqejibk
[2023-10-08T03:25:26.423+0000] {logging_mixin.py:151} INFO - iqelv8r
[2023-10-08T03:25:26.919+0000] {logging_mixin.py:151} INFO - iqeppvh
[2023-10-08T03:25:27.326+0000] {logging_mixin.py:151} INFO - iqerhsn
[2023-10-08T03:25:27.891+0000] {logging_mixin.py:151} INFO - iqdjc5s
[2023-10-08T03:25:28.511+0000] {logging_mixin.py:151} INFO - iqdxas6
[2023-10-08T03:25:29.738+0000] {logging_mixin.py:151} INFO - iqefg8u
[2023-10-08T03:25:30.355+0000] {logging_mixin.py:151} INFO - iqemqke
[2023-10-08T03:25:30.869+0000] {logging_mixin.py:151} INFO - iqf0b70
[2023-10-08T03:25:31.351+0000] {logging_mixin.py:151} INFO - iqeaei6
[2023-10-08T03:25:31.870+0000] {logging_mixin.py:151} INFO - iqekn6z
[2023-10-08T03:25:32.307+0000] {logging_mixin.py:151} INFO - iqeidqz
[2023-10-08T03:25:32.870+0000] {logging_mixin.py:151} INFO - iqdoijy
[2023-10-08T03:25:33.362+0000] {logging_mixin.py:151} INFO - iqefwty
[2023-10-08T03:25:33.919+0000] {logging_mixin.py:151} INFO - iqezb9m
[2023-10-08T03:25:34.432+0000] {logging_mixin.py:151} INFO - iqdmynl
[2023-10-08T03:25:34.943+0000] {logging_mixin.py:151} INFO - iqdxkno
[2023-10-08T03:25:35.557+0000] {logging_mixin.py:151} INFO - iqdvwvj
[2023-10-08T03:25:36.072+0000] {logging_mixin.py:151} INFO - iqeh5ei
[2023-10-08T03:25:36.579+0000] {logging_mixin.py:151} INFO - iqe3k4l
[2023-10-08T03:25:37.096+0000] {logging_mixin.py:151} INFO - iqdvua0
[2023-10-08T03:25:37.509+0000] {logging_mixin.py:151} INFO - iqe23oq
[2023-10-08T03:25:38.019+0000] {logging_mixin.py:151} INFO - iqe40ju
[2023-10-08T03:25:38.476+0000] {logging_mixin.py:151} INFO - iqdt09n
[2023-10-08T03:25:38.937+0000] {logging_mixin.py:151} INFO - iqdj4eg
[2023-10-08T03:25:39.408+0000] {logging_mixin.py:151} INFO - iqdgjj1
[2023-10-08T03:25:39.838+0000] {logging_mixin.py:151} INFO - iqecswi
[2023-10-08T03:25:40.373+0000] {logging_mixin.py:151} INFO - iqdu8au
[2023-10-08T03:25:40.909+0000] {logging_mixin.py:151} INFO - iqeano6
[2023-10-08T03:25:41.622+0000] {logging_mixin.py:151} INFO - iqeexta
[2023-10-08T03:25:42.324+0000] {logging_mixin.py:151} INFO - iqe428p
[2023-10-08T03:25:42.728+0000] {logging_mixin.py:151} INFO - iqdt44l
[2023-10-08T03:25:43.216+0000] {logging_mixin.py:151} INFO - iqe1yqc
[2023-10-08T03:25:43.691+0000] {logging_mixin.py:151} INFO - iqe43v5
[2023-10-08T03:25:44.371+0000] {logging_mixin.py:151} INFO - iqdpkmh
[2023-10-08T03:25:44.960+0000] {logging_mixin.py:151} INFO - iqdrwj3
[2023-10-08T03:25:45.705+0000] {logging_mixin.py:151} INFO - iqe4u5k
[2023-10-08T03:25:46.110+0000] {logging_mixin.py:151} INFO - iqe3bvo
[2023-10-08T03:25:46.828+0000] {logging_mixin.py:151} INFO - iqe26om
[2023-10-08T03:25:47.361+0000] {logging_mixin.py:151} INFO - iqe9tse
[2023-10-08T03:25:47.857+0000] {logging_mixin.py:151} INFO - iqemdbr
[2023-10-08T03:25:48.401+0000] {logging_mixin.py:151} INFO - iqeya39
[2023-10-08T03:25:48.981+0000] {logging_mixin.py:151} INFO - iqecxnr
[2023-10-08T03:25:49.502+0000] {logging_mixin.py:151} INFO - iqdm67m
[2023-10-08T03:25:50.009+0000] {logging_mixin.py:151} INFO - iqe1vto
[2023-10-08T03:25:50.619+0000] {logging_mixin.py:151} INFO - iqe4jxp
[2023-10-08T03:25:51.019+0000] {logging_mixin.py:151} INFO - iqef82s
[2023-10-08T03:25:51.657+0000] {logging_mixin.py:151} INFO - iqej7z2
[2023-10-08T03:25:52.161+0000] {logging_mixin.py:151} INFO - iqdwcl5
[2023-10-08T03:25:52.654+0000] {logging_mixin.py:151} INFO - iqdxjsz
[2023-10-08T03:25:53.046+0000] {logging_mixin.py:151} INFO - iqe5y1w
[2023-10-08T03:25:53.590+0000] {logging_mixin.py:151} INFO - iqeknje
[2023-10-08T03:25:54.161+0000] {logging_mixin.py:151} INFO - iqego2w
[2023-10-08T03:25:54.618+0000] {logging_mixin.py:151} INFO - iqenaki
[2023-10-08T03:25:55.107+0000] {logging_mixin.py:151} INFO - iqe6a9l
[2023-10-08T03:25:55.686+0000] {logging_mixin.py:151} INFO - iqe2e19
[2023-10-08T03:25:56.367+0000] {logging_mixin.py:151} INFO - iqekwge
[2023-10-08T03:25:56.883+0000] {logging_mixin.py:151} INFO - iqec2mj
[2023-10-08T03:25:57.488+0000] {logging_mixin.py:151} INFO - iqesiqg
[2023-10-08T03:25:58.125+0000] {logging_mixin.py:151} INFO - iqejg6n
[2023-10-08T03:25:58.825+0000] {logging_mixin.py:151} INFO - iqdxt7e
[2023-10-08T03:25:59.253+0000] {logging_mixin.py:151} INFO - iqdu9i1
[2023-10-08T03:25:59.739+0000] {logging_mixin.py:151} INFO - iqearw7
[2023-10-08T03:26:00.324+0000] {logging_mixin.py:151} INFO - iqe3lkf
[2023-10-08T03:26:00.762+0000] {logging_mixin.py:151} INFO - iqdruj1
[2023-10-08T03:26:01.256+0000] {logging_mixin.py:151} INFO - iqduegk
[2023-10-08T03:26:01.769+0000] {logging_mixin.py:151} INFO - iqe2dfi
[2023-10-08T03:26:02.392+0000] {logging_mixin.py:151} INFO - iqdx2sx
[2023-10-08T03:26:02.894+0000] {logging_mixin.py:151} INFO - iqe9xvy
[2023-10-08T03:26:03.283+0000] {logging_mixin.py:151} INFO - iqestha
[2023-10-08T03:26:03.820+0000] {logging_mixin.py:151} INFO - iqegl1o
[2023-10-08T03:26:04.435+0000] {logging_mixin.py:151} INFO - iqea95j
[2023-10-08T03:26:04.845+0000] {logging_mixin.py:151} INFO - iqezkic
[2023-10-08T03:26:05.358+0000] {logging_mixin.py:151} INFO - iqe7tor
[2023-10-08T03:26:05.866+0000] {logging_mixin.py:151} INFO - iqexirn
[2023-10-08T03:26:06.496+0000] {logging_mixin.py:151} INFO - iqefk07
[2023-10-08T03:26:07.100+0000] {logging_mixin.py:151} INFO - iqevtpw
[2023-10-08T03:26:07.612+0000] {logging_mixin.py:151} INFO - iqe7zzp
[2023-10-08T03:26:08.122+0000] {logging_mixin.py:151} INFO - iqemftb
[2023-10-08T03:26:08.736+0000] {logging_mixin.py:151} INFO - iqeqchl
[2023-10-08T03:26:09.253+0000] {logging_mixin.py:151} INFO - iqelr4c
[2023-10-08T03:26:09.766+0000] {logging_mixin.py:151} INFO - iqeo0wg
[2023-10-08T03:26:10.378+0000] {logging_mixin.py:151} INFO - iqejtwp
[2023-10-08T03:26:11.005+0000] {logging_mixin.py:151} INFO - iqepp7r
[2023-10-08T03:26:11.380+0000] {logging_mixin.py:151} INFO - iqe43ws
[2023-10-08T03:26:11.912+0000] {logging_mixin.py:151} INFO - iqdzfte
[2023-10-08T03:26:12.427+0000] {logging_mixin.py:151} INFO - iqel192
[2023-10-08T03:26:12.940+0000] {logging_mixin.py:151} INFO - iqeymm1
[2023-10-08T03:26:13.456+0000] {logging_mixin.py:151} INFO - iqeo4ra
[2023-10-08T03:26:14.005+0000] {logging_mixin.py:151} INFO - iqe99wn
[2023-10-08T03:26:14.678+0000] {logging_mixin.py:151} INFO - iqeofu7
[2023-10-08T03:26:15.202+0000] {logging_mixin.py:151} INFO - iqetf1t
[2023-10-08T03:26:15.810+0000] {logging_mixin.py:151} INFO - iqepe5j
[2023-10-08T03:26:16.333+0000] {logging_mixin.py:151} INFO - iqex658
[2023-10-08T03:26:16.809+0000] {logging_mixin.py:151} INFO - iqez6vw
[2023-10-08T03:26:17.358+0000] {logging_mixin.py:151} INFO - iqepp6v
[2023-10-08T03:26:18.278+0000] {logging_mixin.py:151} INFO - iqed730
[2023-10-08T03:26:18.916+0000] {logging_mixin.py:151} INFO - iqee9yq
[2023-10-08T03:26:19.547+0000] {logging_mixin.py:151} INFO - iqetlpg
[2023-10-08T03:26:19.999+0000] {logging_mixin.py:151} INFO - iqedga1
[2023-10-08T03:26:20.524+0000] {logging_mixin.py:151} INFO - iqeh4xp
[2023-10-08T03:26:21.140+0000] {logging_mixin.py:151} INFO - iqel5s6
[2023-10-08T03:26:21.995+0000] {logging_mixin.py:151} INFO - iqeehz2
[2023-10-08T03:26:22.393+0000] {logging_mixin.py:151} INFO - iqelbr1
[2023-10-08T03:26:22.982+0000] {logging_mixin.py:151} INFO - iqef1yn
[2023-10-08T03:26:23.472+0000] {logging_mixin.py:151} INFO - iqeqfz6
[2023-10-08T03:26:23.969+0000] {logging_mixin.py:151} INFO - iqenz0y
[2023-10-08T03:26:27.716+0000] {logging_mixin.py:151} INFO - hnvvbih
[2023-10-08T03:26:28.308+0000] {logging_mixin.py:151} INFO - hnvvjuf
[2023-10-08T03:26:28.694+0000] {logging_mixin.py:151} INFO - hnw48u2
[2023-10-08T03:26:29.103+0000] {logging_mixin.py:151} INFO - hnvx6bp
[2023-10-08T03:26:30.155+0000] {logging_mixin.py:151} INFO - hnvw6t4
[2023-10-08T03:26:30.770+0000] {logging_mixin.py:151} INFO - hnwxnva
[2023-10-08T03:26:31.190+0000] {logging_mixin.py:151} INFO - hnvzc7o
[2023-10-08T03:26:31.772+0000] {logging_mixin.py:151} INFO - hnvyc7v
[2023-10-08T03:26:32.285+0000] {logging_mixin.py:151} INFO - hnvy4r8
[2023-10-08T03:26:33.112+0000] {logging_mixin.py:151} INFO - hnw4d7x
[2023-10-08T03:26:34.471+0000] {logging_mixin.py:151} INFO - hnw9vv1
[2023-10-08T03:26:36.183+0000] {logging_mixin.py:151} INFO - hnvv9s5
[2023-10-08T03:26:37.285+0000] {logging_mixin.py:151} INFO - hnxghvp
[2023-10-08T03:26:38.399+0000] {logging_mixin.py:151} INFO - hnxi34b
[2023-10-08T03:26:39.228+0000] {logging_mixin.py:151} INFO - hnxicr4
[2023-10-08T03:26:40.582+0000] {logging_mixin.py:151} INFO - hnvxiuw
[2023-10-08T03:26:41.559+0000] {logging_mixin.py:151} INFO - hnw1wbn
[2023-10-08T03:26:42.962+0000] {logging_mixin.py:151} INFO - hnw7ec5
[2023-10-08T03:26:43.410+0000] {logging_mixin.py:151} INFO - hnw6l09
[2023-10-08T03:26:43.875+0000] {logging_mixin.py:151} INFO - hnvxhy4
[2023-10-08T03:26:44.584+0000] {logging_mixin.py:151} INFO - hnvv63f
[2023-10-08T03:26:45.079+0000] {logging_mixin.py:151} INFO - hnxgjjp
[2023-10-08T03:26:45.504+0000] {logging_mixin.py:151} INFO - hnw58k3
[2023-10-08T03:26:46.018+0000] {logging_mixin.py:151} INFO - hnwi8lp
[2023-10-08T03:26:46.736+0000] {logging_mixin.py:151} INFO - hnx5krf
[2023-10-08T03:26:47.351+0000] {logging_mixin.py:151} INFO - hnvvzo8
[2023-10-08T03:26:47.978+0000] {logging_mixin.py:151} INFO - hnvwv0e
[2023-10-08T03:26:48.528+0000] {logging_mixin.py:151} INFO - hnwdmej
[2023-10-08T03:26:48.903+0000] {logging_mixin.py:151} INFO - hnw87pm
[2023-10-08T03:26:49.399+0000] {logging_mixin.py:151} INFO - hnw8qvj
[2023-10-08T03:26:50.018+0000] {logging_mixin.py:151} INFO - hnvvmzx
[2023-10-08T03:26:50.926+0000] {logging_mixin.py:151} INFO - hnw5ky2
[2023-10-08T03:26:51.413+0000] {logging_mixin.py:151} INFO - hnvwi9n
[2023-10-08T03:26:51.841+0000] {logging_mixin.py:151} INFO - hnw08kn
[2023-10-08T03:26:52.300+0000] {logging_mixin.py:151} INFO - hnw0agd
[2023-10-08T03:26:52.779+0000] {logging_mixin.py:151} INFO - hnw1545
[2023-10-08T03:26:53.303+0000] {logging_mixin.py:151} INFO - hnwc11r
[2023-10-08T03:26:53.804+0000] {logging_mixin.py:151} INFO - hnxaa6o
[2023-10-08T03:26:54.331+0000] {logging_mixin.py:151} INFO - hnwogmg
[2023-10-08T03:26:54.830+0000] {logging_mixin.py:151} INFO - hnvw9zi
[2023-10-08T03:26:55.372+0000] {logging_mixin.py:151} INFO - hnvy09z
[2023-10-08T03:26:55.752+0000] {logging_mixin.py:151} INFO - hnxduir
[2023-10-08T03:26:56.368+0000] {logging_mixin.py:151} INFO - hnxetlx
[2023-10-08T03:26:56.886+0000] {logging_mixin.py:151} INFO - hnxfjjf
[2023-10-08T03:26:57.400+0000] {logging_mixin.py:151} INFO - hnvwg92
[2023-10-08T03:26:57.814+0000] {logging_mixin.py:151} INFO - hnvwxkd
[2023-10-08T03:26:58.486+0000] {logging_mixin.py:151} INFO - hnvzqj0
[2023-10-08T03:26:58.927+0000] {logging_mixin.py:151} INFO - hnx8tou
[2023-10-08T03:26:59.440+0000] {logging_mixin.py:151} INFO - hnx9xr2
[2023-10-08T03:26:59.921+0000] {logging_mixin.py:151} INFO - hnvz778
[2023-10-08T03:27:00.566+0000] {logging_mixin.py:151} INFO - hnvyry9
[2023-10-08T03:27:01.164+0000] {logging_mixin.py:151} INFO - hnvyuuw
[2023-10-08T03:27:01.674+0000] {logging_mixin.py:151} INFO - hnvz3zk
[2023-10-08T03:27:02.292+0000] {logging_mixin.py:151} INFO - hnvzdwm
[2023-10-08T03:27:02.785+0000] {logging_mixin.py:151} INFO - hnvzj2h
[2023-10-08T03:27:03.319+0000] {logging_mixin.py:151} INFO - hnvzz6z
[2023-10-08T03:27:03.727+0000] {logging_mixin.py:151} INFO - hnx3q0v
[2023-10-08T03:27:04.239+0000] {logging_mixin.py:151} INFO - hnx94t6
[2023-10-08T03:27:04.854+0000] {logging_mixin.py:151} INFO - hnxa03a
[2023-10-08T03:27:05.317+0000] {logging_mixin.py:151} INFO - hnw77n7
[2023-10-08T03:27:05.977+0000] {logging_mixin.py:151} INFO - hnxbstm
[2023-10-08T03:27:06.645+0000] {logging_mixin.py:151} INFO - hnxdx9w
[2023-10-08T03:27:07.312+0000] {logging_mixin.py:151} INFO - hnwy4tx
[2023-10-08T03:27:07.796+0000] {logging_mixin.py:151} INFO - hnw3zhg
[2023-10-08T03:27:08.437+0000] {logging_mixin.py:151} INFO - hnx9l1v
[2023-10-08T03:27:08.952+0000] {logging_mixin.py:151} INFO - hnxgp9l
[2023-10-08T03:27:09.464+0000] {logging_mixin.py:151} INFO - hnw8nbu
[2023-10-08T03:27:09.873+0000] {logging_mixin.py:151} INFO - hnwq9c3
[2023-10-08T03:27:10.387+0000] {logging_mixin.py:151} INFO - hnwiif5
[2023-10-08T03:27:11.002+0000] {logging_mixin.py:151} INFO - hnx1qa5
[2023-10-08T03:27:11.627+0000] {logging_mixin.py:151} INFO - hnwpqk1
[2023-10-08T03:27:12.228+0000] {logging_mixin.py:151} INFO - hnxa9ht
[2023-10-08T03:27:12.844+0000] {logging_mixin.py:151} INFO - hnwxgdh
[2023-10-08T03:27:13.357+0000] {logging_mixin.py:151} INFO - hnwogoh
[2023-10-08T03:27:13.873+0000] {logging_mixin.py:151} INFO - hnwqnon
[2023-10-08T03:27:14.485+0000] {logging_mixin.py:151} INFO - hnx2f6e
[2023-10-08T03:27:14.937+0000] {logging_mixin.py:151} INFO - hnxhxdu
[2023-10-08T03:27:15.409+0000] {logging_mixin.py:151} INFO - hnxel59
[2023-10-08T03:27:15.798+0000] {logging_mixin.py:151} INFO - hnx0zhl
[2023-10-08T03:27:16.427+0000] {logging_mixin.py:151} INFO - hnx7ggm
[2023-10-08T03:27:17.050+0000] {logging_mixin.py:151} INFO - hnxa4y4
[2023-10-08T03:27:17.763+0000] {logging_mixin.py:151} INFO - hnwxwl0
[2023-10-08T03:27:18.585+0000] {logging_mixin.py:151} INFO - hnx7i0c
[2023-10-08T03:27:19.088+0000] {logging_mixin.py:151} INFO - hnxfqnq
[2023-10-08T03:27:19.612+0000] {logging_mixin.py:151} INFO - hnxedgm
[2023-10-08T03:27:20.118+0000] {logging_mixin.py:151} INFO - hnwoagv
[2023-10-08T03:27:20.530+0000] {logging_mixin.py:151} INFO - hnwxnik
[2023-10-08T03:27:21.043+0000] {logging_mixin.py:151} INFO - hnvwe5u
[2023-10-08T03:27:21.434+0000] {logging_mixin.py:151} INFO - hnx1iv5
[2023-10-08T03:27:21.877+0000] {logging_mixin.py:151} INFO - hnxhhgs
[2023-10-08T03:27:22.314+0000] {logging_mixin.py:151} INFO - hnws1mn
[2023-10-08T03:27:22.763+0000] {logging_mixin.py:151} INFO - hnx8k0n
[2023-10-08T03:27:23.297+0000] {logging_mixin.py:151} INFO - hnx84hk
[2023-10-08T03:27:23.809+0000] {logging_mixin.py:151} INFO - hnxh0wz
[2023-10-08T03:27:24.430+0000] {logging_mixin.py:151} INFO - hnvzley
[2023-10-08T03:27:24.970+0000] {logging_mixin.py:151} INFO - hnxh5og
[2023-10-08T03:27:25.503+0000] {logging_mixin.py:151} INFO - hnx27oh
[2023-10-08T03:27:26.041+0000] {logging_mixin.py:151} INFO - hnxdot7
[2023-10-08T03:27:26.531+0000] {logging_mixin.py:151} INFO - hnxcv1s
[2023-10-08T03:27:27.003+0000] {logging_mixin.py:151} INFO - hnwnojb
[2023-10-08T03:27:27.502+0000] {logging_mixin.py:151} INFO - hnwzq5u
[2023-10-08T03:27:27.917+0000] {logging_mixin.py:151} INFO - hnwc9hw
[2023-10-08T03:27:28.386+0000] {logging_mixin.py:151} INFO - hnw7qup
[2023-10-08T03:27:28.767+0000] {logging_mixin.py:151} INFO - hnxdfyb
[2023-10-08T03:27:29.242+0000] {logging_mixin.py:151} INFO - hnxh55d
[2023-10-08T03:27:29.753+0000] {logging_mixin.py:151} INFO - hnw6294
[2023-10-08T03:27:30.371+0000] {logging_mixin.py:151} INFO - hnw7573
[2023-10-08T03:27:30.881+0000] {logging_mixin.py:151} INFO - hnw8c6a
[2023-10-08T03:27:31.371+0000] {logging_mixin.py:151} INFO - hnw9v4d
[2023-10-08T03:27:31.802+0000] {logging_mixin.py:151} INFO - hnwc3yj
[2023-10-08T03:27:32.303+0000] {logging_mixin.py:151} INFO - hnwefz6
[2023-10-08T03:27:32.751+0000] {logging_mixin.py:151} INFO - hnwfu4j
[2023-10-08T03:27:33.622+0000] {logging_mixin.py:151} INFO - hnwi4yt
[2023-10-08T03:27:34.034+0000] {logging_mixin.py:151} INFO - hnwmr2j
[2023-10-08T03:27:34.520+0000] {logging_mixin.py:151} INFO - hnwvgna
[2023-10-08T03:27:34.935+0000] {logging_mixin.py:151} INFO - hnwxrdr
[2023-10-08T03:27:35.574+0000] {logging_mixin.py:151} INFO - hnwy66o
[2023-10-08T03:27:36.157+0000] {logging_mixin.py:151} INFO - hnwydui
[2023-10-08T03:27:36.617+0000] {logging_mixin.py:151} INFO - hnxble3
[2023-10-08T03:27:37.112+0000] {logging_mixin.py:151} INFO - hnxehhp
[2023-10-08T03:27:37.623+0000] {logging_mixin.py:151} INFO - hnvwojh
[2023-10-08T03:27:38.137+0000] {logging_mixin.py:151} INFO - hnvwjk7
[2023-10-08T03:27:38.651+0000] {logging_mixin.py:151} INFO - hnwl8vf
[2023-10-08T03:27:39.569+0000] {logging_mixin.py:151} INFO - hnwpumq
[2023-10-08T03:27:39.978+0000] {logging_mixin.py:151} INFO - hnxejer
[2023-10-08T03:27:40.472+0000] {logging_mixin.py:151} INFO - hnwug49
[2023-10-08T03:27:40.847+0000] {logging_mixin.py:151} INFO - hnx5850
[2023-10-08T03:27:41.310+0000] {logging_mixin.py:151} INFO - hnwmudd
[2023-10-08T03:27:41.736+0000] {logging_mixin.py:151} INFO - hnwelgz
[2023-10-08T03:27:42.114+0000] {logging_mixin.py:151} INFO - hnxf7dn
[2023-10-08T03:27:42.492+0000] {logging_mixin.py:151} INFO - hnwfh5d
[2023-10-08T03:27:42.950+0000] {logging_mixin.py:151} INFO - hnxfbiz
[2023-10-08T03:27:43.363+0000] {logging_mixin.py:151} INFO - hnwxrd9
[2023-10-08T03:27:43.975+0000] {logging_mixin.py:151} INFO - hnw8wzx
[2023-10-08T03:27:44.509+0000] {logging_mixin.py:151} INFO - hnwu6dl
[2023-10-08T03:27:45.015+0000] {logging_mixin.py:151} INFO - hnw6ilc
[2023-10-08T03:27:45.514+0000] {logging_mixin.py:151} INFO - hnwpic6
[2023-10-08T03:27:46.128+0000] {logging_mixin.py:151} INFO - hnx6euj
[2023-10-08T03:27:46.542+0000] {logging_mixin.py:151} INFO - hnw2maj
[2023-10-08T03:27:47.054+0000] {logging_mixin.py:151} INFO - hnwgnuw
[2023-10-08T03:27:47.564+0000] {logging_mixin.py:151} INFO - hnwlap4
[2023-10-08T03:27:48.078+0000] {logging_mixin.py:151} INFO - hnvy5k1
[2023-10-08T03:27:48.587+0000] {logging_mixin.py:151} INFO - hnwpf3w
[2023-10-08T03:27:49.212+0000] {logging_mixin.py:151} INFO - hnwayqm
[2023-10-08T03:27:49.823+0000] {logging_mixin.py:151} INFO - hnwzdob
[2023-10-08T03:27:50.331+0000] {logging_mixin.py:151} INFO - hnwalqh
[2023-10-08T03:27:50.847+0000] {logging_mixin.py:151} INFO - hnwovqr
[2023-10-08T03:27:51.316+0000] {logging_mixin.py:151} INFO - hnwcuct
[2023-10-08T03:27:51.775+0000] {logging_mixin.py:151} INFO - hnwrmwq
[2023-10-08T03:27:52.274+0000] {logging_mixin.py:151} INFO - hnwq8r2
[2023-10-08T03:27:52.792+0000] {logging_mixin.py:151} INFO - hnxapd3
[2023-10-08T03:27:53.300+0000] {logging_mixin.py:151} INFO - hnxd4nr
[2023-10-08T03:27:53.815+0000] {logging_mixin.py:151} INFO - hnxefac
[2023-10-08T03:27:54.326+0000] {logging_mixin.py:151} INFO - hnx26fz
[2023-10-08T03:27:54.840+0000] {logging_mixin.py:151} INFO - hnx2pgh
[2023-10-08T03:27:55.352+0000] {logging_mixin.py:151} INFO - hnwyzzx
[2023-10-08T03:27:55.768+0000] {logging_mixin.py:151} INFO - hnxgg3c
[2023-10-08T03:27:56.297+0000] {logging_mixin.py:151} INFO - hnxb4n6
[2023-10-08T03:27:56.787+0000] {logging_mixin.py:151} INFO - hnxb8xz
[2023-10-08T03:27:57.183+0000] {logging_mixin.py:151} INFO - hnvwqhp
[2023-10-08T03:27:57.711+0000] {logging_mixin.py:151} INFO - hnvwzhg
[2023-10-08T03:27:58.173+0000] {logging_mixin.py:151} INFO - hnvzpxq
[2023-10-08T03:27:58.630+0000] {logging_mixin.py:151} INFO - hnw5tdz
[2023-10-08T03:27:59.144+0000] {logging_mixin.py:151} INFO - hnwxttf
[2023-10-08T03:27:59.645+0000] {logging_mixin.py:151} INFO - hnw26gh
[2023-10-08T03:28:00.167+0000] {logging_mixin.py:151} INFO - hnw1m9b
[2023-10-08T03:28:00.681+0000] {logging_mixin.py:151} INFO - hnw49ll
[2023-10-08T03:28:01.171+0000] {logging_mixin.py:151} INFO - hnx2gm4
[2023-10-08T03:28:01.696+0000] {logging_mixin.py:151} INFO - hnxed4a
[2023-10-08T03:28:02.070+0000] {logging_mixin.py:151} INFO - hnxecv7
[2023-10-08T03:28:02.502+0000] {logging_mixin.py:151} INFO - hnwz8au
[2023-10-08T03:28:02.910+0000] {logging_mixin.py:151} INFO - hnwx4mn
[2023-10-08T03:28:03.324+0000] {logging_mixin.py:151} INFO - hnxbq3e
[2023-10-08T03:28:03.939+0000] {logging_mixin.py:151} INFO - hnxcxwk
[2023-10-08T03:28:04.450+0000] {logging_mixin.py:151} INFO - hnxd7uz
[2023-10-08T03:28:05.064+0000] {logging_mixin.py:151} INFO - hnvzpza
[2023-10-08T03:28:05.690+0000] {logging_mixin.py:151} INFO - hnx21lt
[2023-10-08T03:28:06.084+0000] {logging_mixin.py:151} INFO - hnw8ol2
[2023-10-08T03:28:06.499+0000] {logging_mixin.py:151} INFO - hnwshso
[2023-10-08T03:28:07.011+0000] {logging_mixin.py:151} INFO - hnxdi9l
[2023-10-08T03:28:07.523+0000] {logging_mixin.py:151} INFO - hnxi719
[2023-10-08T03:28:07.992+0000] {logging_mixin.py:151} INFO - hnx6oy1
[2023-10-08T03:28:08.654+0000] {logging_mixin.py:151} INFO - hnxfh7x
[2023-10-08T03:28:09.269+0000] {logging_mixin.py:151} INFO - hnwy2hi
[2023-10-08T03:28:09.654+0000] {logging_mixin.py:151} INFO - hnx6pmk
[2023-10-08T03:28:10.087+0000] {logging_mixin.py:151} INFO - hnwv80o
[2023-10-08T03:28:10.597+0000] {logging_mixin.py:151} INFO - hnx9ie1
[2023-10-08T03:28:11.119+0000] {logging_mixin.py:151} INFO - hnwn7wb
[2023-10-08T03:28:11.503+0000] {logging_mixin.py:151} INFO - hnx1iw8
[2023-10-08T03:28:11.942+0000] {logging_mixin.py:151} INFO - hnwprje
[2023-10-08T03:28:12.344+0000] {logging_mixin.py:151} INFO - hnwnq6u
[2023-10-08T03:28:12.754+0000] {logging_mixin.py:151} INFO - hnwtfw3
[2023-10-08T03:28:13.264+0000] {logging_mixin.py:151} INFO - hnwqeh4
[2023-10-08T03:28:13.794+0000] {logging_mixin.py:151} INFO - hnwraq0
[2023-10-08T03:28:14.241+0000] {logging_mixin.py:151} INFO - hnxgkfb
[2023-10-08T03:28:14.695+0000] {logging_mixin.py:151} INFO - hnwtibd
[2023-10-08T03:28:15.209+0000] {logging_mixin.py:151} INFO - hnxbnmu
[2023-10-08T03:28:15.726+0000] {logging_mixin.py:151} INFO - hnx1das
[2023-10-08T03:28:16.237+0000] {logging_mixin.py:151} INFO - hnxe4u3
[2023-10-08T03:28:16.745+0000] {logging_mixin.py:151} INFO - hnwo6tc
[2023-10-08T03:28:17.160+0000] {logging_mixin.py:151} INFO - hnxf0nb
[2023-10-08T03:28:17.569+0000] {logging_mixin.py:151} INFO - hnxh6z7
[2023-10-08T03:28:18.093+0000] {logging_mixin.py:151} INFO - hnwh9dg
[2023-10-08T03:28:18.595+0000] {logging_mixin.py:151} INFO - hnwfl6p
[2023-10-08T03:28:19.116+0000] {logging_mixin.py:151} INFO - hnwjdvj
[2023-10-08T03:28:19.617+0000] {logging_mixin.py:151} INFO - hnwb2r9
[2023-10-08T03:28:20.139+0000] {logging_mixin.py:151} INFO - hnwqy0r
[2023-10-08T03:28:20.645+0000] {logging_mixin.py:151} INFO - hnvyh4h
[2023-10-08T03:28:21.268+0000] {logging_mixin.py:151} INFO - hnvzuk0
[2023-10-08T03:28:21.780+0000] {logging_mixin.py:151} INFO - hnwkcbp
[2023-10-08T03:28:22.179+0000] {logging_mixin.py:151} INFO - hnwbhmr
[2023-10-08T03:28:22.554+0000] {logging_mixin.py:151} INFO - hnwcqwj
[2023-10-08T03:28:22.999+0000] {logging_mixin.py:151} INFO - hnwcyr6
[2023-10-08T03:28:23.374+0000] {logging_mixin.py:151} INFO - hnwqy8d
[2023-10-08T03:28:23.817+0000] {logging_mixin.py:151} INFO - hnx9pfe
[2023-10-08T03:28:24.345+0000] {logging_mixin.py:151} INFO - hnxgao1
[2023-10-08T03:28:24.753+0000] {logging_mixin.py:151} INFO - hnx3m9h
[2023-10-08T03:28:25.251+0000] {logging_mixin.py:151} INFO - hnx38fg
[2023-10-08T03:28:25.652+0000] {logging_mixin.py:151} INFO - hnwdfle
[2023-10-08T03:28:26.035+0000] {logging_mixin.py:151} INFO - hnw70ym
[2023-10-08T03:28:26.536+0000] {logging_mixin.py:151} INFO - hnx8oer
[2023-10-08T03:28:26.995+0000] {logging_mixin.py:151} INFO - hnw1td9
[2023-10-08T03:28:27.583+0000] {logging_mixin.py:151} INFO - hnxeji7
[2023-10-08T03:28:28.004+0000] {logging_mixin.py:151} INFO - hnw1lk4
[2023-10-08T03:28:28.433+0000] {logging_mixin.py:151} INFO - hnx2mt9
[2023-10-08T03:28:28.902+0000] {logging_mixin.py:151} INFO - hnwb7ps
[2023-10-08T03:28:29.285+0000] {logging_mixin.py:151} INFO - hnx8vsu
[2023-10-08T03:28:29.668+0000] {logging_mixin.py:151} INFO - hnxi0in
[2023-10-08T03:28:30.070+0000] {logging_mixin.py:151} INFO - hnwsyyv
[2023-10-08T03:28:30.585+0000] {logging_mixin.py:151} INFO - hnwy8ng
[2023-10-08T03:28:30.935+0000] {logging_mixin.py:151} INFO - hnwq4rt
[2023-10-08T03:28:31.383+0000] {logging_mixin.py:151} INFO - hnx0y2v
[2023-10-08T03:28:31.762+0000] {logging_mixin.py:151} INFO - hnxdrqp
[2023-10-08T03:28:32.326+0000] {logging_mixin.py:151} INFO - hnwvc50
[2023-10-08T03:28:32.919+0000] {logging_mixin.py:151} INFO - hnx84i4
[2023-10-08T03:28:33.552+0000] {logging_mixin.py:151} INFO - hnwvbte
[2023-10-08T03:28:34.020+0000] {logging_mixin.py:151} INFO - hnxa1hp
[2023-10-08T03:28:34.454+0000] {logging_mixin.py:151} INFO - hnwzkpd
[2023-10-08T03:28:34.967+0000] {logging_mixin.py:151} INFO - hnxant7
[2023-10-08T03:28:35.375+0000] {logging_mixin.py:151} INFO - hnx2ffu
[2023-10-08T03:28:35.786+0000] {logging_mixin.py:151} INFO - hnxbqfl
[2023-10-08T03:28:36.195+0000] {logging_mixin.py:151} INFO - hnx3bmc
[2023-10-08T03:28:36.707+0000] {logging_mixin.py:151} INFO - hnxarxj
[2023-10-08T03:28:37.093+0000] {logging_mixin.py:151} INFO - hnworv9
[2023-10-08T03:28:38.040+0000] {logging_mixin.py:151} INFO - hnwhax6
[2023-10-08T03:28:38.551+0000] {logging_mixin.py:151} INFO - hnwrbxi
[2023-10-08T03:28:39.167+0000] {logging_mixin.py:151} INFO - hnw0hfm
[2023-10-08T03:28:39.550+0000] {logging_mixin.py:151} INFO - hnwgrth
[2023-10-08T03:28:40.001+0000] {logging_mixin.py:151} INFO - hnwitte
[2023-10-08T03:28:40.505+0000] {logging_mixin.py:151} INFO - hnxeqv9
[2023-10-08T03:28:41.024+0000] {logging_mixin.py:151} INFO - hnwdyz9
[2023-10-08T03:28:41.430+0000] {logging_mixin.py:151} INFO - hnxbd9j
[2023-10-08T03:28:41.947+0000] {logging_mixin.py:151} INFO - hnxbf54
[2023-10-08T03:28:42.448+0000] {logging_mixin.py:151} INFO - hnx46cn
[2023-10-08T03:28:42.960+0000] {logging_mixin.py:151} INFO - hnw3002
[2023-10-08T03:28:43.363+0000] {logging_mixin.py:151} INFO - hnw5cte
[2023-10-08T03:28:43.884+0000] {logging_mixin.py:151} INFO - hnw27hh
[2023-10-08T03:28:44.393+0000] {logging_mixin.py:151} INFO - hnwei7d
[2023-10-08T03:28:44.909+0000] {logging_mixin.py:151} INFO - hnw9amc
[2023-10-08T03:28:45.422+0000] {logging_mixin.py:151} INFO - hnwxmzw
[2023-10-08T03:28:45.932+0000] {logging_mixin.py:151} INFO - hnx3u0r
[2023-10-08T03:28:47.031+0000] {logging_mixin.py:151} INFO - hnx459b
[2023-10-08T03:28:47.468+0000] {logging_mixin.py:151} INFO - hnwe9wm
[2023-10-08T03:28:47.878+0000] {logging_mixin.py:151} INFO - hnwcku8
[2023-10-08T03:28:48.288+0000] {logging_mixin.py:151} INFO - hnx8zvm
[2023-10-08T03:28:48.699+0000] {logging_mixin.py:151} INFO - hnwvxqm
[2023-10-08T03:28:49.121+0000] {logging_mixin.py:151} INFO - hnwyvrb
[2023-10-08T03:28:49.511+0000] {logging_mixin.py:151} INFO - hnwxxmo
[2023-10-08T03:28:49.930+0000] {logging_mixin.py:151} INFO - hnwqvsc
[2023-10-08T03:28:50.437+0000] {logging_mixin.py:151} INFO - hnwvf43
[2023-10-08T03:28:50.851+0000] {logging_mixin.py:151} INFO - hnwvuc4
[2023-10-08T03:28:51.278+0000] {logging_mixin.py:151} INFO - hnx4ntm
[2023-10-08T03:28:51.786+0000] {logging_mixin.py:151} INFO - hnxe2rm
[2023-10-08T03:28:52.287+0000] {logging_mixin.py:151} INFO - hnwprwz
[2023-10-08T03:28:52.798+0000] {logging_mixin.py:151} INFO - hnwkpb9
[2023-10-08T03:28:53.309+0000] {logging_mixin.py:151} INFO - hnwq4pn
[2023-10-08T03:28:53.824+0000] {logging_mixin.py:151} INFO - hnxg2s1
[2023-10-08T03:28:54.281+0000] {logging_mixin.py:151} INFO - hnw0nyu
[2023-10-08T03:28:54.682+0000] {logging_mixin.py:151} INFO - hnwu5sj
[2023-10-08T03:28:55.155+0000] {logging_mixin.py:151} INFO - hnwp48r
[2023-10-08T03:28:55.566+0000] {logging_mixin.py:151} INFO - hnwl2du
[2023-10-08T03:28:56.079+0000] {logging_mixin.py:151} INFO - hnxbufh
[2023-10-08T03:28:56.900+0000] {logging_mixin.py:151} INFO - hnx4ezf
[2023-10-08T03:28:57.411+0000] {logging_mixin.py:151} INFO - hnw7x5c
[2023-10-08T03:28:57.801+0000] {logging_mixin.py:151} INFO - hnx4jjm
[2023-10-08T03:28:58.232+0000] {logging_mixin.py:151} INFO - hnwgwna
[2023-10-08T03:28:58.740+0000] {logging_mixin.py:151} INFO - hnwed8u
[2023-10-08T03:28:59.153+0000] {logging_mixin.py:151} INFO - hnxhewl
[2023-10-08T03:28:59.560+0000] {logging_mixin.py:151} INFO - hnwem22
[2023-10-08T03:29:00.071+0000] {logging_mixin.py:151} INFO - hnwe5u6
[2023-10-08T03:29:00.587+0000] {logging_mixin.py:151} INFO - hnxfz0z
[2023-10-08T03:29:01.075+0000] {logging_mixin.py:151} INFO - hnx676s
[2023-10-08T03:29:01.599+0000] {logging_mixin.py:151} INFO - hnx2knl
[2023-10-08T03:29:01.998+0000] {logging_mixin.py:151} INFO - hnx1ptl
[2023-10-08T03:29:02.392+0000] {logging_mixin.py:151} INFO - hnx1283
[2023-10-08T03:29:02.919+0000] {logging_mixin.py:151} INFO - hnxi1hq
[2023-10-08T03:29:03.434+0000] {logging_mixin.py:151} INFO - hnwz5hn
[2023-10-08T03:29:03.842+0000] {logging_mixin.py:151} INFO - hnwt8jl
[2023-10-08T03:29:04.357+0000] {logging_mixin.py:151} INFO - hnwxqim
[2023-10-08T03:29:04.868+0000] {logging_mixin.py:151} INFO - hnwq4z5
[2023-10-08T03:29:05.392+0000] {logging_mixin.py:151} INFO - hnwxx0x
[2023-10-08T03:29:05.890+0000] {logging_mixin.py:151} INFO - hnwl0ec
[2023-10-08T03:29:06.302+0000] {logging_mixin.py:151} INFO - hnwokxo
[2023-10-08T03:29:06.815+0000] {logging_mixin.py:151} INFO - hnw2vod
[2023-10-08T03:29:07.329+0000] {logging_mixin.py:151} INFO - hnw1bi9
[2023-10-08T03:29:07.738+0000] {logging_mixin.py:151} INFO - hnwxwue
[2023-10-08T03:29:08.352+0000] {logging_mixin.py:151} INFO - hnwrdjm
[2023-10-08T03:29:08.751+0000] {logging_mixin.py:151} INFO - hnxctz4
[2023-10-08T03:29:09.278+0000] {logging_mixin.py:151} INFO - hnx65a8
[2023-10-08T03:29:09.785+0000] {logging_mixin.py:151} INFO - hnx62po
[2023-10-08T03:29:10.297+0000] {logging_mixin.py:151} INFO - hnx91c1
[2023-10-08T03:29:10.704+0000] {logging_mixin.py:151} INFO - hnwh97u
[2023-10-08T03:29:11.115+0000] {logging_mixin.py:151} INFO - hnxhirs
[2023-10-08T03:29:11.494+0000] {logging_mixin.py:151} INFO - hnx83tf
[2023-10-08T03:29:11.939+0000] {logging_mixin.py:151} INFO - hnx8fqy
[2023-10-08T03:29:12.449+0000] {logging_mixin.py:151} INFO - hnxb6xv
[2023-10-08T03:29:12.862+0000] {logging_mixin.py:151} INFO - hnxa1gl
[2023-10-08T03:29:13.372+0000] {logging_mixin.py:151} INFO - hnxaa64
[2023-10-08T03:29:13.884+0000] {logging_mixin.py:151} INFO - hnx4lex
[2023-10-08T03:29:14.469+0000] {logging_mixin.py:151} INFO - hnx7mzy
[2023-10-08T03:29:15.024+0000] {logging_mixin.py:151} INFO - hnx6gxc
[2023-10-08T03:29:15.527+0000] {logging_mixin.py:151} INFO - hnwoxhg
[2023-10-08T03:29:16.159+0000] {logging_mixin.py:151} INFO - hnw1ho7
[2023-10-08T03:29:16.664+0000] {logging_mixin.py:151} INFO - hnxd6gq
[2023-10-08T03:29:17.067+0000] {logging_mixin.py:151} INFO - hnxhyfw
[2023-10-08T03:29:17.527+0000] {logging_mixin.py:151} INFO - hnx8auj
[2023-10-08T03:29:18.396+0000] {logging_mixin.py:151} INFO - hnx95ar
[2023-10-08T03:29:18.868+0000] {logging_mixin.py:151} INFO - hnxadxb
[2023-10-08T03:29:19.318+0000] {logging_mixin.py:151} INFO - hnxarhx
[2023-10-08T03:29:19.835+0000] {logging_mixin.py:151} INFO - hnx5mja
[2023-10-08T03:29:20.345+0000] {logging_mixin.py:151} INFO - hnx71xj
[2023-10-08T03:29:20.854+0000] {logging_mixin.py:151} INFO - hnw2lbl
[2023-10-08T03:29:21.362+0000] {logging_mixin.py:151} INFO - hnw2cds
[2023-10-08T03:29:21.779+0000] {logging_mixin.py:151} INFO - hnwc1no
[2023-10-08T03:29:22.290+0000] {logging_mixin.py:151} INFO - hnx8ic3
[2023-10-08T03:29:22.699+0000] {logging_mixin.py:151} INFO - hnxa48c
[2023-10-08T03:29:23.116+0000] {logging_mixin.py:151} INFO - hnxbgw0
[2023-10-08T03:29:23.830+0000] {logging_mixin.py:151} INFO - hnx9fap
[2023-10-08T03:29:24.531+0000] {logging_mixin.py:151} INFO - hnxaqb1
[2023-10-08T03:29:24.953+0000] {logging_mixin.py:151} INFO - hnxa9yh
[2023-10-08T03:29:25.341+0000] {logging_mixin.py:151} INFO - hnxaby6
[2023-10-08T03:29:25.732+0000] {logging_mixin.py:151} INFO - hnxasvj
[2023-10-08T03:29:26.185+0000] {logging_mixin.py:151} INFO - hnxbaek
[2023-10-08T03:29:26.581+0000] {logging_mixin.py:151} INFO - hnxd9a6
[2023-10-08T03:29:27.002+0000] {logging_mixin.py:151} INFO - hnx8yxf
[2023-10-08T03:29:27.415+0000] {logging_mixin.py:151} INFO - hnxba6k
[2023-10-08T03:29:27.930+0000] {logging_mixin.py:151} INFO - hnxbokm
[2023-10-08T03:29:29.055+0000] {logging_mixin.py:151} INFO - hnx9ijf
[2023-10-08T03:29:29.745+0000] {logging_mixin.py:151} INFO - hnxamvt
[2023-10-08T03:29:30.161+0000] {logging_mixin.py:151} INFO - hnxagol
[2023-10-08T03:29:30.549+0000] {logging_mixin.py:151} INFO - hnxbk52
[2023-10-08T03:29:34.654+0000] {logging_mixin.py:151} INFO - hcz9mhe
[2023-10-08T03:29:35.193+0000] {logging_mixin.py:151} INFO - hd0033d
[2023-10-08T03:29:35.748+0000] {logging_mixin.py:151} INFO - hcz0ezs
[2023-10-08T03:29:36.287+0000] {logging_mixin.py:151} INFO - hczz2cn
[2023-10-08T03:29:36.928+0000] {logging_mixin.py:151} INFO - hczalui
[2023-10-08T03:29:37.436+0000] {logging_mixin.py:151} INFO - hczb116
[2023-10-08T03:29:37.948+0000] {logging_mixin.py:151} INFO - hcz4uqr
[2023-10-08T03:29:38.460+0000] {logging_mixin.py:151} INFO - hczvvr7
[2023-10-08T03:29:38.969+0000] {logging_mixin.py:151} INFO - hd0gr75
[2023-10-08T03:29:39.386+0000] {logging_mixin.py:151} INFO - hczzuw9
[2023-10-08T03:29:39.766+0000] {logging_mixin.py:151} INFO - hcz95b8
[2023-10-08T03:29:40.151+0000] {logging_mixin.py:151} INFO - hcz4wjd
[2023-10-08T03:29:40.613+0000] {logging_mixin.py:151} INFO - hczk0hs
[2023-10-08T03:29:41.132+0000] {logging_mixin.py:151} INFO - hd02fth
[2023-10-08T03:29:41.646+0000] {logging_mixin.py:151} INFO - hczztux
[2023-10-08T03:29:42.146+0000] {logging_mixin.py:151} INFO - hcz7qmg
[2023-10-08T03:29:42.658+0000] {logging_mixin.py:151} INFO - hcz1dd2
[2023-10-08T03:29:43.038+0000] {logging_mixin.py:151} INFO - hd08cn3
[2023-10-08T03:29:43.400+0000] {logging_mixin.py:151} INFO - hd0ujer
[2023-10-08T03:29:43.772+0000] {logging_mixin.py:151} INFO - hcz9z0x
[2023-10-08T03:29:44.196+0000] {logging_mixin.py:151} INFO - hczirc6
[2023-10-08T03:29:44.595+0000] {logging_mixin.py:151} INFO - hcz5t9v
[2023-10-08T03:29:45.052+0000] {logging_mixin.py:151} INFO - hd0et6d
[2023-10-08T03:29:45.687+0000] {logging_mixin.py:151} INFO - hd0k943
[2023-10-08T03:29:46.145+0000] {logging_mixin.py:151} INFO - hd0xjz6
[2023-10-08T03:29:46.558+0000] {logging_mixin.py:151} INFO - hd2ia4m
[2023-10-08T03:29:47.066+0000] {logging_mixin.py:151} INFO - hcziylh
[2023-10-08T03:29:47.581+0000] {logging_mixin.py:151} INFO - hd0mfpy
[2023-10-08T03:29:48.091+0000] {logging_mixin.py:151} INFO - hczclnu
[2023-10-08T03:29:48.612+0000] {logging_mixin.py:151} INFO - hd04861
[2023-10-08T03:29:49.111+0000] {logging_mixin.py:151} INFO - hczojun
[2023-10-08T03:29:49.625+0000] {logging_mixin.py:151} INFO - hd0byku
[2023-10-08T03:29:50.098+0000] {logging_mixin.py:151} INFO - hd0vm48
[2023-10-08T03:29:50.552+0000] {logging_mixin.py:151} INFO - hczrxo6
[2023-10-08T03:29:51.063+0000] {logging_mixin.py:151} INFO - hczdv1g
[2023-10-08T03:29:51.475+0000] {logging_mixin.py:151} INFO - hd07oou
[2023-10-08T03:29:51.998+0000] {logging_mixin.py:151} INFO - hd0i443
[2023-10-08T03:29:52.371+0000] {logging_mixin.py:151} INFO - hd0fwr4
[2023-10-08T03:29:52.816+0000] {logging_mixin.py:151} INFO - hczdhby
[2023-10-08T03:29:53.319+0000] {logging_mixin.py:151} INFO - hd1al7c
[2023-10-08T03:29:53.732+0000] {logging_mixin.py:151} INFO - hd06f7n
[2023-10-08T03:29:54.241+0000] {logging_mixin.py:151} INFO - hd0obqs
[2023-10-08T03:29:54.755+0000] {logging_mixin.py:151} INFO - hd0ugdi
[2023-10-08T03:29:55.265+0000] {logging_mixin.py:151} INFO - hd1ip47
[2023-10-08T03:29:55.649+0000] {logging_mixin.py:151} INFO - hczx1tn
[2023-10-08T03:29:56.083+0000] {logging_mixin.py:151} INFO - hd1f5ze
[2023-10-08T03:29:56.452+0000] {logging_mixin.py:151} INFO - hczqqch
[2023-10-08T03:29:56.904+0000] {logging_mixin.py:151} INFO - hd0bdnz
[2023-10-08T03:29:57.418+0000] {logging_mixin.py:151} INFO - hd0pcao
[2023-10-08T03:29:57.805+0000] {logging_mixin.py:151} INFO - hd1w034
[2023-10-08T03:29:58.241+0000] {logging_mixin.py:151} INFO - hcz4u06
[2023-10-08T03:29:58.750+0000] {logging_mixin.py:151} INFO - hczd8pk
[2023-10-08T03:29:59.262+0000] {logging_mixin.py:151} INFO - hczfxk8
[2023-10-08T03:29:59.769+0000] {logging_mixin.py:151} INFO - hd1ffsw
[2023-10-08T03:30:00.198+0000] {logging_mixin.py:151} INFO - hd1howl
[2023-10-08T03:30:00.591+0000] {logging_mixin.py:151} INFO - hd3p7n9
[2023-10-08T03:30:02.121+0000] {logging_mixin.py:151} INFO - hd0zvn1
[2023-10-08T03:30:03.545+0000] {logging_mixin.py:151} INFO - hd0a8v3
[2023-10-08T03:30:03.954+0000] {logging_mixin.py:151} INFO - hd1zhfh
[2023-10-08T03:30:05.492+0000] {logging_mixin.py:151} INFO - hd0eh9l
[2023-10-08T03:30:06.929+0000] {logging_mixin.py:151} INFO - hd114j6
[2023-10-08T03:30:07.444+0000] {logging_mixin.py:151} INFO - hd1495f
[2023-10-08T03:30:08.872+0000] {logging_mixin.py:151} INFO - hd3ysa5
[2023-10-08T03:30:09.295+0000] {logging_mixin.py:151} INFO - hd172kl
[2023-10-08T03:30:10.718+0000] {logging_mixin.py:151} INFO - hd1w13i
[2023-10-08T03:30:11.113+0000] {logging_mixin.py:151} INFO - hd23orv
[2023-10-08T03:30:12.559+0000] {logging_mixin.py:151} INFO - hd25ykg
[2023-10-08T03:30:12.974+0000] {logging_mixin.py:151} INFO - hd29q18
[2023-10-08T03:30:14.510+0000] {logging_mixin.py:151} INFO - hd2bgyx
[2023-10-08T03:30:15.942+0000] {logging_mixin.py:151} INFO - hd2qao5
[2023-10-08T03:30:16.466+0000] {logging_mixin.py:151} INFO - hdlp1h8
[2023-10-08T03:30:17.993+0000] {logging_mixin.py:151} INFO - hd0mbwk
[2023-10-08T03:30:18.395+0000] {logging_mixin.py:151} INFO - hd28b9c
[2023-10-08T03:30:19.835+0000] {logging_mixin.py:151} INFO - hdm7s8c
[2023-10-08T03:30:20.246+0000] {logging_mixin.py:151} INFO - hd179cp
[2023-10-08T03:30:21.697+0000] {logging_mixin.py:151} INFO - hd05l6d
[2023-10-08T03:30:22.197+0000] {logging_mixin.py:151} INFO - hczqqmv
[2023-10-08T03:30:23.732+0000] {logging_mixin.py:151} INFO - hczwkq1
[2023-10-08T03:30:24.140+0000] {logging_mixin.py:151} INFO - hczxbmp
[2023-10-08T03:30:25.784+0000] {logging_mixin.py:151} INFO - hczxthr
[2023-10-08T03:30:26.325+0000] {logging_mixin.py:151} INFO - hd18ipt
[2023-10-08T03:30:27.744+0000] {logging_mixin.py:151} INFO - hd1nwr5
[2023-10-08T03:30:28.247+0000] {logging_mixin.py:151} INFO - hd33tiz
[2023-10-08T03:30:29.882+0000] {logging_mixin.py:151} INFO - hd35h12
[2023-10-08T03:30:30.403+0000] {logging_mixin.py:151} INFO - hd3iqgo
[2023-10-08T03:30:31.817+0000] {logging_mixin.py:151} INFO - hd0m7ka
[2023-10-08T03:30:32.236+0000] {logging_mixin.py:151} INFO - hd0c6t2
[2023-10-08T03:30:33.903+0000] {logging_mixin.py:151} INFO - hd0pfhe
[2023-10-08T03:30:34.396+0000] {logging_mixin.py:151} INFO - hd1kwmw
[2023-10-08T03:30:35.904+0000] {logging_mixin.py:151} INFO - hczf8zp
[2023-10-08T03:30:36.457+0000] {logging_mixin.py:151} INFO - hd0p0f3
[2023-10-08T03:30:37.954+0000] {logging_mixin.py:151} INFO - hd0qj8v
[2023-10-08T03:30:38.470+0000] {logging_mixin.py:151} INFO - hd1c7rb
[2023-10-08T03:30:40.073+0000] {logging_mixin.py:151} INFO - hd1sxsf
[2023-10-08T03:30:40.724+0000] {logging_mixin.py:151} INFO - hd1whfq
[2023-10-08T03:30:41.178+0000] {logging_mixin.py:151} INFO - hd2i2lk
[2023-10-08T03:30:42.667+0000] {logging_mixin.py:151} INFO - hd2l5l5
[2023-10-08T03:30:43.196+0000] {logging_mixin.py:151} INFO - hd3553n
[2023-10-08T03:30:44.727+0000] {logging_mixin.py:151} INFO - hd3hihe
[2023-10-08T03:30:45.245+0000] {logging_mixin.py:151} INFO - hd4y5ju
[2023-10-08T03:30:46.757+0000] {logging_mixin.py:151} INFO - hd7sjvh
[2023-10-08T03:30:47.210+0000] {logging_mixin.py:151} INFO - hdqg361
[2023-10-08T03:30:48.597+0000] {logging_mixin.py:151} INFO - hdrjoiq
[2023-10-08T03:30:49.227+0000] {logging_mixin.py:151} INFO - hf7c1u7
[2023-10-08T03:30:50.768+0000] {logging_mixin.py:151} INFO - hjwv35p
[2023-10-08T03:30:51.198+0000] {logging_mixin.py:151} INFO - hk2730t
[2023-10-08T03:30:55.241+0000] {logging_mixin.py:151} INFO - i06f9z9
[2023-10-08T03:30:55.643+0000] {logging_mixin.py:151} INFO - i176dij
[2023-10-08T03:30:56.026+0000] {logging_mixin.py:151} INFO - irve4kq
[2023-10-08T03:30:56.416+0000] {logging_mixin.py:151} INFO - hd0qgwv
[2023-10-08T03:30:56.846+0000] {logging_mixin.py:151} INFO - hd1mjag
[2023-10-08T03:30:57.415+0000] {logging_mixin.py:151} INFO - hd0x6yv
[2023-10-08T03:30:58.804+0000] {logging_mixin.py:151} INFO - hd1gx6j
[2023-10-08T03:30:59.211+0000] {logging_mixin.py:151} INFO - hd1p22w
[2023-10-08T03:31:00.601+0000] {logging_mixin.py:151} INFO - hd35a7c
[2023-10-08T03:31:01.527+0000] {logging_mixin.py:151} INFO - hd1ky67
[2023-10-08T03:31:03.133+0000] {logging_mixin.py:151} INFO - hd0pcxd
[2023-10-08T03:31:03.750+0000] {logging_mixin.py:151} INFO - hcztkmp
[2023-10-08T03:31:04.366+0000] {logging_mixin.py:151} INFO - hd2aqop
[2023-10-08T03:31:05.891+0000] {logging_mixin.py:151} INFO - hd00vkd
[2023-10-08T03:31:06.922+0000] {logging_mixin.py:151} INFO - hczbykb
[2023-10-08T03:31:08.455+0000] {logging_mixin.py:151} INFO - hd19tsi
[2023-10-08T03:31:08.971+0000] {logging_mixin.py:151} INFO - hczgp53
[2023-10-08T03:31:09.585+0000] {logging_mixin.py:151} INFO - hczrslk
[2023-10-08T03:31:11.028+0000] {logging_mixin.py:151} INFO - hd0g941
[2023-10-08T03:31:11.529+0000] {logging_mixin.py:151} INFO - hd0mx2k
[2023-10-08T03:31:12.973+0000] {logging_mixin.py:151} INFO - hd0xfes
[2023-10-08T03:31:13.424+0000] {logging_mixin.py:151} INFO - hd0zykm
[2023-10-08T03:31:14.815+0000] {logging_mixin.py:151} INFO - hd1jb6g
[2023-10-08T03:31:15.459+0000] {logging_mixin.py:151} INFO - hd2s5fi
[2023-10-08T03:31:16.982+0000] {logging_mixin.py:151} INFO - hdzn215
[2023-10-08T03:31:17.384+0000] {logging_mixin.py:151} INFO - he1f43d
[2023-10-08T03:31:18.916+0000] {logging_mixin.py:151} INFO - he4qdjn
[2023-10-08T03:31:19.430+0000] {logging_mixin.py:151} INFO - heoxta9
[2023-10-08T03:31:21.057+0000] {logging_mixin.py:151} INFO - hf6agh7
[2023-10-08T03:31:21.790+0000] {logging_mixin.py:151} INFO - hfjgun0
[2023-10-08T03:31:23.316+0000] {logging_mixin.py:151} INFO - hfmkwyv
[2023-10-08T03:31:23.940+0000] {logging_mixin.py:151} INFO - hg9nkue
[2023-10-08T03:31:24.596+0000] {logging_mixin.py:151} INFO - hoa5sd4
[2023-10-08T03:31:25.977+0000] {logging_mixin.py:151} INFO - hyc0nvq
[2023-10-08T03:31:26.593+0000] {logging_mixin.py:151} INFO - iu30wve
[2023-10-08T03:31:28.166+0000] {logging_mixin.py:151} INFO - jp5tn66
[2023-10-08T03:31:28.718+0000] {logging_mixin.py:151} INFO - jr5ohma
[2023-10-08T03:31:29.258+0000] {logging_mixin.py:151} INFO - jzce4rp
[2023-10-08T03:31:30.809+0000] {logging_mixin.py:151} INFO - hczcj74
[2023-10-08T03:31:31.282+0000] {logging_mixin.py:151} INFO - hczcjvx
[2023-10-08T03:31:32.669+0000] {logging_mixin.py:151} INFO - hczfdbu
[2023-10-08T03:31:33.143+0000] {logging_mixin.py:151} INFO - hczl93n
[2023-10-08T03:31:34.666+0000] {logging_mixin.py:151} INFO - hczunmu
[2023-10-08T03:31:35.097+0000] {logging_mixin.py:151} INFO - hd0czl7
[2023-10-08T03:31:36.622+0000] {logging_mixin.py:151} INFO - hd054ai
[2023-10-08T03:31:37.126+0000] {logging_mixin.py:151} INFO - hczmevb
[2023-10-08T03:31:38.561+0000] {logging_mixin.py:151} INFO - he79yvh
[2023-10-08T03:31:38.969+0000] {logging_mixin.py:151} INFO - hd0dys2
[2023-10-08T03:31:40.442+0000] {logging_mixin.py:151} INFO - hd14exv
[2023-10-08T03:31:41.942+0000] {logging_mixin.py:151} INFO - hd1omyu
[2023-10-08T03:31:42.364+0000] {logging_mixin.py:151} INFO - hd1lvdn
[2023-10-08T03:31:43.919+0000] {logging_mixin.py:151} INFO - hd1hsda
[2023-10-08T03:31:44.412+0000] {logging_mixin.py:151} INFO - hd0hwl7
[2023-10-08T03:31:45.830+0000] {logging_mixin.py:151} INFO - hd1jfvj
[2023-10-08T03:31:46.250+0000] {logging_mixin.py:151} INFO - hd1ttkm
[2023-10-08T03:31:47.652+0000] {logging_mixin.py:151} INFO - hd25fi3
[2023-10-08T03:31:48.195+0000] {logging_mixin.py:151} INFO - hgexjvd
[2023-10-08T03:31:49.630+0000] {logging_mixin.py:151} INFO - hcz5jy7
[2023-10-08T03:31:50.139+0000] {logging_mixin.py:151} INFO - hczm1zb
[2023-10-08T03:31:51.597+0000] {logging_mixin.py:151} INFO - hd0hssq
[2023-10-08T03:31:52.085+0000] {logging_mixin.py:151} INFO - hd14cdn
[2023-10-08T03:31:53.463+0000] {logging_mixin.py:151} INFO - hd0a6wc
[2023-10-08T03:31:53.930+0000] {logging_mixin.py:151} INFO - hd041q7
[2023-10-08T03:31:55.368+0000] {logging_mixin.py:151} INFO - hd1mlo9
[2023-10-08T03:31:56.901+0000] {logging_mixin.py:151} INFO - hd0r3rp
[2023-10-08T03:31:57.302+0000] {logging_mixin.py:151} INFO - i3nauo8
[2023-10-08T03:31:58.787+0000] {logging_mixin.py:151} INFO - hd1s27y
[2023-10-08T03:31:59.201+0000] {logging_mixin.py:151} INFO - hd374y7
[2023-10-08T03:32:00.601+0000] {logging_mixin.py:151} INFO - hd0b974
[2023-10-08T03:32:01.084+0000] {logging_mixin.py:151} INFO - hd1z6p4
[2023-10-08T03:32:02.476+0000] {logging_mixin.py:151} INFO - hcz81x0
[2023-10-08T03:32:02.927+0000] {logging_mixin.py:151} INFO - hczijj1
[2023-10-08T03:32:04.466+0000] {logging_mixin.py:151} INFO - hczctlf
[2023-10-08T03:32:05.999+0000] {logging_mixin.py:151} INFO - hczhqzu
[2023-10-08T03:32:06.540+0000] {logging_mixin.py:151} INFO - hczocjh
[2023-10-08T03:32:08.052+0000] {logging_mixin.py:151} INFO - hczur95
[2023-10-08T03:32:08.564+0000] {logging_mixin.py:151} INFO - hczynrh
[2023-10-08T03:32:09.082+0000] {logging_mixin.py:151} INFO - hd07za2
[2023-10-08T03:32:10.511+0000] {logging_mixin.py:151} INFO - hd1jlfz
[2023-10-08T03:32:11.401+0000] {logging_mixin.py:151} INFO - hczddb6
[2023-10-08T03:32:13.393+0000] {logging_mixin.py:151} INFO - hd0rma9
[2023-10-08T03:32:14.207+0000] {logging_mixin.py:151} INFO - hz4zngv
[2023-10-08T03:32:15.127+0000] {logging_mixin.py:151} INFO - hd0bj4h
[2023-10-08T03:32:16.046+0000] {logging_mixin.py:151} INFO - hd2onla
[2023-10-08T03:32:16.759+0000] {logging_mixin.py:151} INFO - hgey4xo
[2023-10-08T03:32:18.198+0000] {logging_mixin.py:151} INFO - hd08x3c
[2023-10-08T03:32:18.909+0000] {logging_mixin.py:151} INFO - hd0tex1
[2023-10-08T03:32:19.751+0000] {logging_mixin.py:151} INFO - hcz9ubc
[2023-10-08T03:32:21.966+0000] {logging_mixin.py:151} INFO - hczauoi
[2023-10-08T03:32:22.501+0000] {logging_mixin.py:151} INFO - hczlq5c
[2023-10-08T03:32:23.024+0000] {logging_mixin.py:151} INFO - hczhorz
[2023-10-08T03:32:23.476+0000] {logging_mixin.py:151} INFO - hczalxv
[2023-10-08T03:32:24.857+0000] {logging_mixin.py:151} INFO - hczfzmh
[2023-10-08T03:32:25.368+0000] {logging_mixin.py:151} INFO - hczebug
[2023-10-08T03:32:26.909+0000] {logging_mixin.py:151} INFO - hcza1gu
[2023-10-08T03:32:27.274+0000] {logging_mixin.py:151} INFO - hczkmwr
[2023-10-08T03:32:28.675+0000] {logging_mixin.py:151} INFO - hczf5pi
[2023-10-08T03:32:29.163+0000] {logging_mixin.py:151} INFO - hd0pzfj
[2023-10-08T03:32:30.693+0000] {logging_mixin.py:151} INFO - hd0bat3
[2023-10-08T03:32:31.262+0000] {logging_mixin.py:151} INFO - hd0bxd6
[2023-10-08T03:32:32.738+0000] {logging_mixin.py:151} INFO - hczg198
[2023-10-08T03:32:33.240+0000] {logging_mixin.py:151} INFO - hd0fbvy
[2023-10-08T03:32:34.923+0000] {logging_mixin.py:151} INFO - hd0rsvm
[2023-10-08T03:32:35.360+0000] {logging_mixin.py:151} INFO - hcz72jv
[2023-10-08T03:32:36.929+0000] {logging_mixin.py:151} INFO - hczluwm
[2023-10-08T03:32:37.642+0000] {logging_mixin.py:151} INFO - hczuez9
[2023-10-08T03:32:39.043+0000] {logging_mixin.py:151} INFO - hgij997
[2023-10-08T03:32:39.444+0000] {logging_mixin.py:151} INFO - hdfmtyj
[2023-10-08T03:32:42.115+0000] {logging_mixin.py:151} INFO - hd1mkco
[2023-10-08T03:32:43.576+0000] {logging_mixin.py:151} INFO - hexvns8
[2023-10-08T03:32:44.776+0000] {logging_mixin.py:151} INFO - hczu4yc
[2023-10-08T03:32:45.920+0000] {logging_mixin.py:151} INFO - hczl9vp
[2023-10-08T03:32:46.878+0000] {logging_mixin.py:151} INFO - hcz6sxg
[2023-10-08T03:32:48.061+0000] {logging_mixin.py:151} INFO - hcz6v9z
[2023-10-08T03:32:49.621+0000] {logging_mixin.py:151} INFO - hczfmaq
[2023-10-08T03:32:50.547+0000] {logging_mixin.py:151} INFO - hczs0sp
[2023-10-08T03:32:51.324+0000] {logging_mixin.py:151} INFO - hcznsln
[2023-10-08T03:32:52.343+0000] {logging_mixin.py:151} INFO - hd0rm7w
[2023-10-08T03:32:53.375+0000] {logging_mixin.py:151} INFO - hd09k90
[2023-10-08T03:32:54.286+0000] {logging_mixin.py:151} INFO - hd0kl2x
[2023-10-08T03:32:55.030+0000] {logging_mixin.py:151} INFO - hd0lld5
[2023-10-08T03:32:55.851+0000] {logging_mixin.py:151} INFO - hd0b5yq
[2023-10-08T03:32:56.616+0000] {logging_mixin.py:151} INFO - hd2d89v
[2023-10-08T03:32:57.539+0000] {logging_mixin.py:151} INFO - hd0w220
[2023-10-08T03:32:58.497+0000] {logging_mixin.py:151} INFO - hd3rvvt
[2023-10-08T03:32:59.424+0000] {logging_mixin.py:151} INFO - hcztn3m
[2023-10-08T03:33:00.719+0000] {logging_mixin.py:151} INFO - hczu7pg
[2023-10-08T03:33:01.573+0000] {logging_mixin.py:151} INFO - hczlp10
[2023-10-08T03:33:02.464+0000] {logging_mixin.py:151} INFO - hczssjt
[2023-10-08T03:33:06.474+0000] {logging_mixin.py:151} INFO - hd0yvgk
[2023-10-08T03:33:07.789+0000] {logging_mixin.py:151} INFO - hczrp5q
[2023-10-08T03:33:08.896+0000] {logging_mixin.py:151} INFO - hd009y4
[2023-10-08T03:33:09.748+0000] {logging_mixin.py:151} INFO - hd0jdxj
[2023-10-08T03:33:10.454+0000] {logging_mixin.py:151} INFO - hd0fvia
[2023-10-08T03:33:11.251+0000] {logging_mixin.py:151} INFO - hd0z4qe
[2023-10-08T03:33:12.039+0000] {logging_mixin.py:151} INFO - hczm8u4
[2023-10-08T03:33:12.759+0000] {logging_mixin.py:151} INFO - hd15k6i
[2023-10-08T03:33:13.629+0000] {logging_mixin.py:151} INFO - hd08tu9
[2023-10-08T03:33:14.526+0000] {logging_mixin.py:151} INFO - hd2pmoi
[2023-10-08T03:33:15.485+0000] {logging_mixin.py:151} INFO - hczq8wy
[2023-10-08T03:33:16.690+0000] {logging_mixin.py:151} INFO - hczw9gx
[2023-10-08T03:33:17.609+0000] {logging_mixin.py:151} INFO - hyqav0i
[2023-10-08T03:33:18.529+0000] {logging_mixin.py:151} INFO - hd0g5ci
[2023-10-08T03:33:19.462+0000] {logging_mixin.py:151} INFO - hd0vy96
[2023-10-08T03:33:20.339+0000] {logging_mixin.py:151} INFO - hd3s2ih
[2023-10-08T03:33:21.367+0000] {logging_mixin.py:151} INFO - hd1fncj
[2023-10-08T03:33:22.457+0000] {logging_mixin.py:151} INFO - hd0dlkj
[2023-10-08T03:33:23.488+0000] {logging_mixin.py:151} INFO - hd0cb1e
[2023-10-08T03:33:24.398+0000] {logging_mixin.py:151} INFO - ho974py
[2023-10-08T03:33:25.236+0000] {logging_mixin.py:151} INFO - hd0zmh5
[2023-10-08T03:33:25.907+0000] {logging_mixin.py:151} INFO - hd3skv8
[2023-10-08T03:33:26.794+0000] {logging_mixin.py:151} INFO - hem17ji
[2023-10-08T03:33:27.773+0000] {logging_mixin.py:151} INFO - iqzjfnu
[2023-10-08T03:33:28.760+0000] {logging_mixin.py:151} INFO - hd0ix10
[2023-10-08T03:33:30.145+0000] {logging_mixin.py:151} INFO - hd3swmz
[2023-10-08T03:33:30.961+0000] {logging_mixin.py:151} INFO - hd0wbev
[2023-10-08T03:33:32.019+0000] {logging_mixin.py:151} INFO - hd3u6js
[2023-10-08T03:33:33.177+0000] {logging_mixin.py:151} INFO - hczxkc4
[2023-10-08T03:33:34.222+0000] {logging_mixin.py:151} INFO - hd3tb42
[2023-10-08T03:33:35.383+0000] {logging_mixin.py:151} INFO - hd3uits
[2023-10-08T03:33:36.387+0000] {logging_mixin.py:151} INFO - hd1l84n
[2023-10-08T03:33:37.319+0000] {logging_mixin.py:151} INFO - hd6hmqq
[2023-10-08T03:33:38.469+0000] {logging_mixin.py:151} INFO - hd0bfa9
[2023-10-08T03:33:39.224+0000] {logging_mixin.py:151} INFO - hd5s5m8
[2023-10-08T03:33:40.043+0000] {logging_mixin.py:151} INFO - hd3gvmr
[2023-10-08T03:33:41.363+0000] {logging_mixin.py:151} INFO - hd0fb5s
[2023-10-08T03:33:42.455+0000] {logging_mixin.py:151} INFO - hd6odj6
[2023-10-08T03:33:43.232+0000] {logging_mixin.py:151} INFO - hd3gvuo
[2023-10-08T03:33:44.413+0000] {logging_mixin.py:151} INFO - hd3gi8f
[2023-10-08T03:33:45.406+0000] {logging_mixin.py:151} INFO - hdn12kd
[2023-10-08T03:33:46.196+0000] {logging_mixin.py:151} INFO - hdn1fzo
[2023-10-08T03:33:46.891+0000] {logging_mixin.py:151} INFO - hd08h3w
[2023-10-08T03:33:47.766+0000] {logging_mixin.py:151} INFO - hd2oexg
[2023-10-08T03:33:48.556+0000] {logging_mixin.py:151} INFO - hdekuit
[2023-10-08T03:33:49.329+0000] {logging_mixin.py:151} INFO - hd0d1xs
[2023-10-08T03:33:50.518+0000] {logging_mixin.py:151} INFO - hf6awi5
[2023-10-08T03:33:54.264+0000] {logging_mixin.py:151} INFO - hd3us1a
[2023-10-08T03:33:54.955+0000] {logging_mixin.py:151} INFO - hd0qdqv
[2023-10-08T03:33:55.972+0000] {logging_mixin.py:151} INFO - hd0sotq
[2023-10-08T03:33:56.902+0000] {logging_mixin.py:151} INFO - hd6ogy4
[2023-10-08T03:33:58.053+0000] {logging_mixin.py:151} INFO - hdisvwe
[2023-10-08T03:33:59.573+0000] {logging_mixin.py:151} INFO - hdvawmu
[2023-10-08T03:34:00.638+0000] {logging_mixin.py:151} INFO - jmodcqk
[2023-10-08T03:34:01.558+0000] {logging_mixin.py:151} INFO - i1g3o9u
[2023-10-08T03:34:02.490+0000] {logging_mixin.py:151} INFO - hd35n24
[2023-10-08T03:34:03.618+0000] {logging_mixin.py:151} INFO - hczvvl6
[2023-10-08T03:34:04.476+0000] {logging_mixin.py:151} INFO - hd06qq5
[2023-10-08T03:34:05.326+0000] {logging_mixin.py:151} INFO - hd08i2z
[2023-10-08T03:34:06.213+0000] {logging_mixin.py:151} INFO - hd0ayh5
[2023-10-08T03:34:08.203+0000] {logging_mixin.py:151} INFO - hczkhes
[2023-10-08T03:34:09.169+0000] {logging_mixin.py:151} INFO - hd26s0j
[2023-10-08T03:34:10.487+0000] {logging_mixin.py:151} INFO - hczi5g2
[2023-10-08T03:34:11.790+0000] {logging_mixin.py:151} INFO - hczlmkc
[2023-10-08T03:34:13.326+0000] {logging_mixin.py:151} INFO - hczk0ze
[2023-10-08T03:34:14.815+0000] {logging_mixin.py:151} INFO - hd0791h
[2023-10-08T03:34:15.938+0000] {logging_mixin.py:151} INFO - hd016x1
[2023-10-08T03:34:16.632+0000] {logging_mixin.py:151} INFO - hd0cocv
[2023-10-08T03:34:17.171+0000] {logging_mixin.py:151} INFO - hd0syp3
[2023-10-08T03:34:18.368+0000] {logging_mixin.py:151} INFO - he1i179
[2023-10-08T03:34:19.530+0000] {logging_mixin.py:151} INFO - hnusb66
[2023-10-08T03:34:20.605+0000] {logging_mixin.py:151} INFO - hcznpy1
[2023-10-08T03:34:21.243+0000] {logging_mixin.py:151} INFO - hd0ursy
[2023-10-08T03:34:21.911+0000] {logging_mixin.py:151} INFO - hd1ndzg
[2023-10-08T03:34:23.639+0000] {logging_mixin.py:151} INFO - hd1u3kz
[2023-10-08T03:34:25.459+0000] {logging_mixin.py:151} INFO - hd0lown
[2023-10-08T03:34:26.788+0000] {logging_mixin.py:151} INFO - hd0ux8v
[2023-10-08T03:34:28.982+0000] {logging_mixin.py:151} INFO - hd2j6w4
[2023-10-08T03:34:30.473+0000] {logging_mixin.py:151} INFO - hd0qs9m
[2023-10-08T03:34:33.770+0000] {logging_mixin.py:151} INFO - hd1jmdy
[2023-10-08T03:34:35.525+0000] {logging_mixin.py:151} INFO - hdnuet5
[2023-10-08T03:34:37.327+0000] {logging_mixin.py:151} INFO - hd2jlm8
[2023-10-08T03:34:40.937+0000] {logging_mixin.py:151} INFO - hd450nq
[2023-10-08T03:34:42.282+0000] {logging_mixin.py:151} INFO - hfrvbjc
[2023-10-08T03:34:42.961+0000] {logging_mixin.py:151} INFO - hd8kbdd
[2023-10-08T03:34:46.783+0000] {logging_mixin.py:151} INFO - hd1tvep
[2023-10-08T03:34:49.348+0000] {logging_mixin.py:151} INFO - hd373fm
[2023-10-08T03:34:50.031+0000] {logging_mixin.py:151} INFO - hj75t7w
[2023-10-08T03:34:52.482+0000] {logging_mixin.py:151} INFO - hd1srzn
[2023-10-08T03:34:55.610+0000] {logging_mixin.py:151} INFO - hd4gvtq
[2023-10-08T03:34:56.430+0000] {logging_mixin.py:151} INFO - hd4gdly
[2023-10-08T03:34:58.671+0000] {logging_mixin.py:151} INFO - hczncfh
[2023-10-08T03:35:00.964+0000] {logging_mixin.py:151} INFO - hd0bn5u
[2023-10-08T03:35:01.978+0000] {logging_mixin.py:151} INFO - hd0cjk8
[2023-10-08T03:35:02.797+0000] {logging_mixin.py:151} INFO - hd2cxh5
[2023-10-08T03:35:03.534+0000] {logging_mixin.py:151} INFO - hd3lgcj
[2023-10-08T03:35:04.412+0000] {logging_mixin.py:151} INFO - hd0ixqt
[2023-10-08T03:35:05.293+0000] {logging_mixin.py:151} INFO - hd21rqu
[2023-10-08T03:35:06.388+0000] {logging_mixin.py:151} INFO - hd2mlcl
[2023-10-08T03:35:07.534+0000] {logging_mixin.py:151} INFO - hd226dc
[2023-10-08T03:35:08.536+0000] {logging_mixin.py:151} INFO - hd06vhu
[2023-10-08T03:35:09.529+0000] {logging_mixin.py:151} INFO - hdqd0vg
[2023-10-08T03:35:10.750+0000] {logging_mixin.py:151} INFO - hd1uusp
[2023-10-08T03:35:11.777+0000] {logging_mixin.py:151} INFO - hd3o4ul
[2023-10-08T03:35:12.695+0000] {logging_mixin.py:151} INFO - hjs9e9b
[2023-10-08T03:35:13.468+0000] {logging_mixin.py:151} INFO - hd01km9
[2023-10-08T03:35:14.606+0000] {logging_mixin.py:151} INFO - hd3c58d
[2023-10-08T03:35:15.761+0000] {logging_mixin.py:151} INFO - hd3gxrn
[2023-10-08T03:35:16.766+0000] {logging_mixin.py:151} INFO - hd2xknl
[2023-10-08T03:35:17.576+0000] {logging_mixin.py:151} INFO - hd02zfe
[2023-10-08T03:35:18.525+0000] {logging_mixin.py:151} INFO - hczcg1w
[2023-10-08T03:35:19.502+0000] {logging_mixin.py:151} INFO - hczb3se
[2023-10-08T03:35:20.491+0000] {logging_mixin.py:151} INFO - hd3mg8s
[2023-10-08T03:35:21.267+0000] {logging_mixin.py:151} INFO - hd0ll7f
[2023-10-08T03:35:22.179+0000] {logging_mixin.py:151} INFO - hd1342t
[2023-10-08T03:35:23.206+0000] {logging_mixin.py:151} INFO - hczrx2m
[2023-10-08T03:35:23.930+0000] {logging_mixin.py:151} INFO - hczumv6
[2023-10-08T03:35:25.111+0000] {logging_mixin.py:151} INFO - hd1zwy2
[2023-10-08T03:35:26.038+0000] {logging_mixin.py:151} INFO - hd2dayf
[2023-10-08T03:35:26.942+0000] {logging_mixin.py:151} INFO - hd01y9b
[2023-10-08T03:35:27.915+0000] {logging_mixin.py:151} INFO - hczrh6c
[2023-10-08T03:35:28.864+0000] {logging_mixin.py:151} INFO - hd03w2i
[2023-10-08T03:35:29.992+0000] {logging_mixin.py:151} INFO - hd0i5xw
[2023-10-08T03:35:31.030+0000] {logging_mixin.py:151} INFO - hd0pfgd
[2023-10-08T03:35:32.006+0000] {logging_mixin.py:151} INFO - hd2gbij
[2023-10-08T03:35:32.961+0000] {logging_mixin.py:151} INFO - hd3j521
[2023-10-08T03:35:34.283+0000] {logging_mixin.py:151} INFO - hd0xy7n
[2023-10-08T03:35:35.521+0000] {logging_mixin.py:151} INFO - hd3st22
[2023-10-08T03:35:36.524+0000] {logging_mixin.py:151} INFO - hczu0wu
[2023-10-08T03:35:37.352+0000] {logging_mixin.py:151} INFO - hczz48n
[2023-10-08T03:35:38.338+0000] {logging_mixin.py:151} INFO - hczwglp
[2023-10-08T03:35:39.323+0000] {logging_mixin.py:151} INFO - hczt0d4
[2023-10-08T03:35:40.362+0000] {logging_mixin.py:151} INFO - hczsq1w
[2023-10-08T03:35:41.425+0000] {logging_mixin.py:151} INFO - hd11rsz
[2023-10-08T03:35:42.496+0000] {logging_mixin.py:151} INFO - hczoiur
[2023-10-08T03:35:43.370+0000] {logging_mixin.py:151} INFO - hd3qwxy
[2023-10-08T03:35:44.407+0000] {logging_mixin.py:151} INFO - hd0swzj
[2023-10-08T03:35:45.563+0000] {logging_mixin.py:151} INFO - hd2u8ki
[2023-10-08T03:35:46.839+0000] {logging_mixin.py:151} INFO - hd0xv6v
[2023-10-08T03:35:48.061+0000] {logging_mixin.py:151} INFO - hd1g7g8
[2023-10-08T03:35:48.925+0000] {logging_mixin.py:151} INFO - hd4fvgu
[2023-10-08T03:35:49.939+0000] {logging_mixin.py:151} INFO - hd0wwec
[2023-10-08T03:35:51.013+0000] {logging_mixin.py:151} INFO - hn6bdg2
[2023-10-08T03:35:51.887+0000] {logging_mixin.py:151} INFO - hd78g7u
[2023-10-08T03:35:53.274+0000] {logging_mixin.py:151} INFO - hd0g032
[2023-10-08T03:35:54.254+0000] {logging_mixin.py:151} INFO - hd5gb84
[2023-10-08T03:35:55.132+0000] {logging_mixin.py:151} INFO - hd0fb1e
[2023-10-08T03:35:56.091+0000] {logging_mixin.py:151} INFO - hd0gv0d
[2023-10-08T03:35:57.106+0000] {logging_mixin.py:151} INFO - hd3vwt2
[2023-10-08T03:35:57.743+0000] {logging_mixin.py:151} INFO - hd7hd0j
[2023-10-08T03:35:58.529+0000] {logging_mixin.py:151} INFO - hd065hm
[2023-10-08T03:35:59.387+0000] {logging_mixin.py:151} INFO - hczw3qs
[2023-10-08T03:36:00.386+0000] {logging_mixin.py:151} INFO - hczkjax
[2023-10-08T03:36:01.377+0000] {logging_mixin.py:151} INFO - hd0tl5h
[2023-10-08T03:36:02.349+0000] {logging_mixin.py:151} INFO - hd0sw4h
[2023-10-08T03:36:03.126+0000] {logging_mixin.py:151} INFO - hd17ful
[2023-10-08T03:36:04.202+0000] {logging_mixin.py:151} INFO - hd8u4za
[2023-10-08T03:36:05.125+0000] {logging_mixin.py:151} INFO - hd0m52q
[2023-10-08T03:36:06.130+0000] {logging_mixin.py:151} INFO - hd2scjf
[2023-10-08T03:36:07.111+0000] {logging_mixin.py:151} INFO - hd2y8w2
[2023-10-08T03:36:07.964+0000] {logging_mixin.py:151} INFO - hd637bn
[2023-10-08T03:36:08.789+0000] {logging_mixin.py:151} INFO - hd36fvg
[2023-10-08T03:36:09.752+0000] {logging_mixin.py:151} INFO - hd2xdpu
[2023-10-08T03:36:10.661+0000] {logging_mixin.py:151} INFO - hfcqqqy
[2023-10-08T03:36:11.472+0000] {logging_mixin.py:151} INFO - hd3hv5m
[2023-10-08T03:36:12.295+0000] {logging_mixin.py:151} INFO - hd4h53q
[2023-10-08T03:36:13.223+0000] {logging_mixin.py:151} INFO - hfd5lgb
[2023-10-08T03:36:13.972+0000] {logging_mixin.py:151} INFO - hgei9x7
[2023-10-08T03:36:14.873+0000] {logging_mixin.py:151} INFO - hexiluw
[2023-10-08T03:36:15.893+0000] {logging_mixin.py:151} INFO - hd27now
[2023-10-08T03:36:17.047+0000] {logging_mixin.py:151} INFO - hd3hlq2
[2023-10-08T03:36:17.958+0000] {logging_mixin.py:151} INFO - hd4gq0x
[2023-10-08T03:36:18.851+0000] {logging_mixin.py:151} INFO - hczp3vp
[2023-10-08T03:36:19.744+0000] {logging_mixin.py:151} INFO - hczns6h
[2023-10-08T03:36:20.897+0000] {logging_mixin.py:151} INFO - hd2pzf3
[2023-10-08T03:36:21.977+0000] {logging_mixin.py:151} INFO - hd4sl0i
[2023-10-08T03:36:22.921+0000] {logging_mixin.py:151} INFO - hd0jdbm
[2023-10-08T03:36:24.055+0000] {logging_mixin.py:151} INFO - hd1qvfg
[2023-10-08T03:36:25.268+0000] {logging_mixin.py:151} INFO - izi6hsd
[2023-10-08T03:36:26.191+0000] {logging_mixin.py:151} INFO - hd2tcim
[2023-10-08T03:36:27.305+0000] {logging_mixin.py:151} INFO - hd3n58s
[2023-10-08T03:36:28.306+0000] {logging_mixin.py:151} INFO - hd05t3c
[2023-10-08T03:36:29.354+0000] {logging_mixin.py:151} INFO - hd3oc0l
[2023-10-08T03:36:30.146+0000] {logging_mixin.py:151} INFO - hd3qvkz
[2023-10-08T03:36:31.275+0000] {logging_mixin.py:151} INFO - hd7ualn
[2023-10-08T03:36:33.327+0000] {logging_mixin.py:151} INFO - hd0641r
[2023-10-08T03:36:34.824+0000] {logging_mixin.py:151} INFO - hd35awe
[2023-10-08T03:36:36.737+0000] {logging_mixin.py:151} INFO - hd3ml5i
[2023-10-08T03:36:37.749+0000] {logging_mixin.py:151} INFO - hdeuclj
[2023-10-08T03:36:39.169+0000] {logging_mixin.py:151} INFO - hd0eyew
[2023-10-08T03:36:40.447+0000] {logging_mixin.py:151} INFO - hd04bl8
[2023-10-08T03:36:41.599+0000] {logging_mixin.py:151} INFO - hd0au93
[2023-10-08T03:36:42.417+0000] {logging_mixin.py:151} INFO - hd0djf7
[2023-10-08T03:36:43.266+0000] {logging_mixin.py:151} INFO - hd0qf2e
[2023-10-08T03:36:44.052+0000] {logging_mixin.py:151} INFO - hd0i2fb
[2023-10-08T03:36:44.930+0000] {logging_mixin.py:151} INFO - hd0rl0p
[2023-10-08T03:36:45.712+0000] {logging_mixin.py:151} INFO - hd2so63
[2023-10-08T03:36:46.583+0000] {logging_mixin.py:151} INFO - hd0y0oj
[2023-10-08T03:36:47.468+0000] {logging_mixin.py:151} INFO - hd05t55
[2023-10-08T03:36:48.248+0000] {logging_mixin.py:151} INFO - hd3r4rv
[2023-10-08T03:36:49.137+0000] {logging_mixin.py:151} INFO - hd0gdqy
[2023-10-08T03:36:50.064+0000] {logging_mixin.py:151} INFO - hd0tgfq
[2023-10-08T03:36:50.979+0000] {logging_mixin.py:151} INFO - hczt49r
[2023-10-08T03:36:51.884+0000] {logging_mixin.py:151} INFO - hd0uszn
[2023-10-08T03:36:52.960+0000] {logging_mixin.py:151} INFO - hd1s6wv
[2023-10-08T03:36:54.606+0000] {logging_mixin.py:151} INFO - hd0y6l2
[2023-10-08T03:36:55.634+0000] {logging_mixin.py:151} INFO - hem0giu
[2023-10-08T03:36:56.697+0000] {logging_mixin.py:151} INFO - hd3s9qs
[2023-10-08T03:36:57.718+0000] {logging_mixin.py:151} INFO - hd0fjdq
[2023-10-08T03:36:58.810+0000] {logging_mixin.py:151} INFO - hd0lhvp
[2023-10-08T03:36:59.594+0000] {logging_mixin.py:151} INFO - hd0wiaf
[2023-10-08T03:37:00.355+0000] {logging_mixin.py:151} INFO - juuipn2
[2023-10-08T03:37:01.103+0000] {logging_mixin.py:151} INFO - hd16z0p
[2023-10-08T03:37:01.800+0000] {logging_mixin.py:151} INFO - hd06d1l
[2023-10-08T03:37:02.470+0000] {logging_mixin.py:151} INFO - hczwfzw
[2023-10-08T03:37:03.033+0000] {logging_mixin.py:151} INFO - hd10iud
[2023-10-08T03:37:03.787+0000] {logging_mixin.py:151} INFO - hd17izy
[2023-10-08T03:37:04.538+0000] {logging_mixin.py:151} INFO - hd1fc8y
[2023-10-08T03:37:05.414+0000] {logging_mixin.py:151} INFO - hd1g9a6
[2023-10-08T03:37:06.319+0000] {logging_mixin.py:151} INFO - hd1p4nd
[2023-10-08T03:37:07.339+0000] {logging_mixin.py:151} INFO - hd1zv2a
[2023-10-08T03:37:08.893+0000] {logging_mixin.py:151} INFO - hjwv7mc
[2023-10-08T03:37:09.713+0000] {logging_mixin.py:151} INFO - hdypeiz
[2023-10-08T03:37:10.611+0000] {logging_mixin.py:151} INFO - hd0no24
[2023-10-08T03:37:11.739+0000] {logging_mixin.py:151} INFO - hd1mzdj
[2023-10-08T03:37:12.424+0000] {logging_mixin.py:151} INFO - hfx7h0l
[2023-10-08T03:37:13.348+0000] {logging_mixin.py:151} INFO - hd52ssg
[2023-10-08T03:37:14.305+0000] {logging_mixin.py:151} INFO - hd3j54c
[2023-10-08T03:37:15.533+0000] {logging_mixin.py:151} INFO - hd2o9cc
[2023-10-08T03:37:16.674+0000] {logging_mixin.py:151} INFO - hdhez0k
[2023-10-08T03:37:17.442+0000] {logging_mixin.py:151} INFO - hd62fol
[2023-10-08T03:37:18.314+0000] {logging_mixin.py:151} INFO - hd2qkbu
[2023-10-08T03:37:19.147+0000] {logging_mixin.py:151} INFO - hd6lz02
[2023-10-08T03:37:20.117+0000] {logging_mixin.py:151} INFO - hd1mpct
[2023-10-08T03:37:20.968+0000] {logging_mixin.py:151} INFO - hd1jy1g
[2023-10-08T03:37:21.853+0000] {logging_mixin.py:151} INFO - hd1pppq
[2023-10-08T03:37:22.865+0000] {logging_mixin.py:151} INFO - hd3m1xp
[2023-10-08T03:37:23.884+0000] {logging_mixin.py:151} INFO - hg0xpcn
[2023-10-08T03:37:25.006+0000] {logging_mixin.py:151} INFO - hd1jqpz
[2023-10-08T03:37:26.001+0000] {logging_mixin.py:151} INFO - hd3xe9a
[2023-10-08T03:37:26.703+0000] {logging_mixin.py:151} INFO - ia07vv7
[2023-10-08T03:37:27.400+0000] {logging_mixin.py:151} INFO - hd0huy0
[2023-10-08T03:37:28.669+0000] {logging_mixin.py:151} INFO - hd0dbrj
[2023-10-08T03:37:29.629+0000] {logging_mixin.py:151} INFO - hd3ddec
[2023-10-08T03:37:30.365+0000] {logging_mixin.py:151} INFO - hd4kbw7
[2023-10-08T03:37:31.148+0000] {logging_mixin.py:151} INFO - hd52xl5
[2023-10-08T03:37:31.868+0000] {logging_mixin.py:151} INFO - hd52wie
[2023-10-08T03:37:32.773+0000] {logging_mixin.py:151} INFO - hd29tk5
[2023-10-08T03:37:33.772+0000] {logging_mixin.py:151} INFO - hd17ubz
[2023-10-08T03:37:34.410+0000] {logging_mixin.py:151} INFO - hjwvah5
[2023-10-08T03:37:35.089+0000] {logging_mixin.py:151} INFO - hd1ldgn
[2023-10-08T03:37:35.889+0000] {logging_mixin.py:151} INFO - hd0uqnv
[2023-10-08T03:37:36.742+0000] {logging_mixin.py:151} INFO - hd0qvxz
[2023-10-08T03:37:37.915+0000] {logging_mixin.py:151} INFO - izi671m
[2023-10-08T03:37:38.753+0000] {logging_mixin.py:151} INFO - hd211wy
[2023-10-08T03:37:39.718+0000] {logging_mixin.py:151} INFO - hd8wno3
[2023-10-08T03:37:40.564+0000] {logging_mixin.py:151} INFO - hf4uxot
[2023-10-08T03:37:41.558+0000] {logging_mixin.py:151} INFO - hd2qyd0
[2023-10-08T03:37:42.514+0000] {logging_mixin.py:151} INFO - hd24wmx
[2023-10-08T03:37:43.471+0000] {logging_mixin.py:151} INFO - hd21vke
[2023-10-08T03:37:44.130+0000] {logging_mixin.py:151} INFO - hd1tg6c
[2023-10-08T03:37:44.876+0000] {logging_mixin.py:151} INFO - hd0qw4u
[2023-10-08T03:43:50.007+0000] {sessions.py:161} WARNING - Retrying due to ReadTimeout(ReadTimeoutError("HTTPSConnectionPool(host='oauth.reddit.com', port=443): Read timed out. (read timeout=16.0)")) status: GET https://oauth.reddit.com/api/info/
[2023-10-08T03:43:52.452+0000] {logging_mixin.py:151} INFO - hd3vgh1
[2023-10-08T03:43:52.893+0000] {logging_mixin.py:151} INFO - hd4p4jq
[2023-10-08T03:43:53.401+0000] {logging_mixin.py:151} INFO - hd5369f
[2023-10-08T03:43:53.806+0000] {logging_mixin.py:151} INFO - hd4ur2g
[2023-10-08T03:43:54.362+0000] {logging_mixin.py:151} INFO - hd0vqvs
[2023-10-08T03:43:54.867+0000] {logging_mixin.py:151} INFO - hd0uhqi
[2023-10-08T03:43:55.355+0000] {logging_mixin.py:151} INFO - hd36f9c
[2023-10-08T03:43:55.831+0000] {logging_mixin.py:151} INFO - hd2mouy
[2023-10-08T03:43:56.299+0000] {logging_mixin.py:151} INFO - hd1bh7a
[2023-10-08T03:43:57.056+0000] {logging_mixin.py:151} INFO - hd11dfz
[2023-10-08T03:43:58.848+0000] {logging_mixin.py:151} INFO - ha1lmxv
[2023-10-08T03:43:59.408+0000] {logging_mixin.py:151} INFO - ha1skg4
[2023-10-08T03:43:59.986+0000] {logging_mixin.py:151} INFO - ha2993t
[2023-10-08T03:44:00.454+0000] {logging_mixin.py:151} INFO - ha18y6u
[2023-10-08T03:44:01.043+0000] {logging_mixin.py:151} INFO - ha2rq7g
[2023-10-08T03:44:01.073+0000] {local_task_job_runner.py:294} WARNING - State of this instance has been externally set to up_for_retry. Terminating instance.
[2023-10-08T03:44:01.077+0000] {process_utils.py:131} INFO - Sending 15 to group 107. PIDs of all processes in the group: [107]
[2023-10-08T03:44:01.079+0000] {process_utils.py:86} INFO - Sending the signal 15 to group 107
[2023-10-08T03:44:01.081+0000] {taskinstance.py:1632} ERROR - Received SIGTERM. Terminating subprocesses.
[2023-10-08T03:44:01.084+0000] {taskinstance.py:1943} ERROR - Task failed with exception
Traceback (most recent call last):
  File "/home/airflow/.local/lib/python3.8/site-packages/airflow/operators/python.py", line 192, in execute
    return_value = self.execute_callable()
  File "/home/airflow/.local/lib/python3.8/site-packages/airflow/operators/python.py", line 209, in execute_callable
    return self.python_callable(*self.op_args, **self.op_kwargs)
  File "/opt/airflow/plugins/reddit_data_extractor.py", line 103, in extract_post_comment
    post_comments["comment_auther"].append(comment_data.author if comment_data.author else '')
  File "/home/airflow/.local/lib/python3.8/site-packages/praw/models/reddit/base.py", line 35, in __getattr__
    self._fetch()
  File "/home/airflow/.local/lib/python3.8/site-packages/praw/models/reddit/comment.py", line 188, in _fetch
    data = self._fetch_data()
  File "/home/airflow/.local/lib/python3.8/site-packages/praw/models/reddit/base.py", line 89, in _fetch_data
    return self._reddit.request(method="GET", params=params, path=path)
  File "/home/airflow/.local/lib/python3.8/site-packages/praw/util/deprecate_args.py", line 43, in wrapped
    return func(**dict(zip(_old_args, args)), **kwargs)
  File "/home/airflow/.local/lib/python3.8/site-packages/praw/reddit.py", line 941, in request
    return self._core.request(
  File "/home/airflow/.local/lib/python3.8/site-packages/prawcore/sessions.py", line 328, in request
    return self._request_with_retries(
  File "/home/airflow/.local/lib/python3.8/site-packages/prawcore/sessions.py", line 234, in _request_with_retries
    response, saved_exception = self._make_request(
  File "/home/airflow/.local/lib/python3.8/site-packages/prawcore/sessions.py", line 186, in _make_request
    response = self._rate_limiter.call(
  File "/home/airflow/.local/lib/python3.8/site-packages/prawcore/rate_limit.py", line 47, in call
    response = request_function(*args, **kwargs)
  File "/home/airflow/.local/lib/python3.8/site-packages/prawcore/requestor.py", line 70, in request
    raise RequestException(exc, args, kwargs) from None
prawcore.exceptions.RequestException: error with request Task received SIGTERM signal
[2023-10-08T03:44:01.110+0000] {taskinstance.py:1400} INFO - Marking task as FAILED. dag_id=Reddit_Post_Comment_Dag, task_id=extract_post_comment_task, execution_date=20231008T032424, start_date=20231008T032434, end_date=20231008T034401
[2023-10-08T03:44:01.130+0000] {standard_task_runner.py:104} ERROR - Failed to execute job 126 for task extract_post_comment_task (error with request Task received SIGTERM signal; 107)
[2023-10-08T03:44:01.174+0000] {process_utils.py:79} INFO - Process psutil.Process(pid=107, status='terminated', exitcode=1, started='03:24:34') (107) terminated with exit code 1
