[2023-10-04T03:30:48.472+0000] {taskinstance.py:1159} INFO - Dependencies all met for dep_context=non-requeueable deps ti=<TaskInstance: Reddit_Post_Dag.processed_data_insert_task manual__2023-10-04T03:30:36.738339+00:00 [queued]>
[2023-10-04T03:30:48.488+0000] {taskinstance.py:1159} INFO - Dependencies all met for dep_context=requeueable deps ti=<TaskInstance: Reddit_Post_Dag.processed_data_insert_task manual__2023-10-04T03:30:36.738339+00:00 [queued]>
[2023-10-04T03:30:48.490+0000] {taskinstance.py:1361} INFO - Starting attempt 1 of 2
[2023-10-04T03:30:48.512+0000] {taskinstance.py:1382} INFO - Executing <Task(ProcessDataTableOperator): processed_data_insert_task> on 2023-10-04 03:30:36.738339+00:00
[2023-10-04T03:30:48.520+0000] {standard_task_runner.py:57} INFO - Started process 945 to run task
[2023-10-04T03:30:48.527+0000] {standard_task_runner.py:84} INFO - Running: ['***', 'tasks', 'run', 'Reddit_Post_Dag', 'processed_data_insert_task', 'manual__2023-10-04T03:30:36.738339+00:00', '--job-id', '36', '--raw', '--subdir', 'DAGS_FOLDER/reddit_post_dag.py', '--cfg-path', '/tmp/tmp5puxehm5']
[2023-10-04T03:30:48.534+0000] {standard_task_runner.py:85} INFO - Job 36: Subtask processed_data_insert_task
[2023-10-04T03:30:48.615+0000] {task_command.py:415} INFO - Running <TaskInstance: Reddit_Post_Dag.processed_data_insert_task manual__2023-10-04T03:30:36.738339+00:00 [running]> on host 119fbdffdc04
[2023-10-04T03:30:48.743+0000] {taskinstance.py:1660} INFO - Exporting env vars: AIRFLOW_CTX_DAG_OWNER='***' AIRFLOW_CTX_DAG_ID='Reddit_Post_Dag' AIRFLOW_CTX_TASK_ID='processed_data_insert_task' AIRFLOW_CTX_EXECUTION_DATE='2023-10-04T03:30:36.738339+00:00' AIRFLOW_CTX_TRY_NUMBER='1' AIRFLOW_CTX_DAG_RUN_ID='manual__2023-10-04T03:30:36.738339+00:00'
[2023-10-04T03:30:48.746+0000] {process_data_table_operator.py:27} INFO - Executing CustomMySqlOperator with data from task: data_transformation_task
[2023-10-04T03:30:48.763+0000] {sql.py:274} INFO - Executing: CREATE TABLE IF NOT EXISTS reddit_posts(id INT AUTO_INCREMENT PRIMARY KEY,title VARCHAR(255) DEFAULT NULL,score INT DEFAULT NULL,post_id INT DEFAULT NULL, url VARCHAR(255) DEFAULT NULL,comms_num INT DEFAULT NULL,created DATETIME DEFAULT NULL,created_date DATETIME DEFAULT NULL, created_time DATETIME DEFAULT NULL, body TEXT DEFAULT NULL, author VARCHAR(255) DEFAULT NULL,subreddit VARCHAR(255) DEFAULT NULL)
[2023-10-04T03:30:48.774+0000] {base.py:73} INFO - Using connection ID 'mysql_connection' for task execution.
[2023-10-04T03:30:48.790+0000] {base.py:73} INFO - Using connection ID 'mysql_connection' for task execution.
[2023-10-04T03:30:48.814+0000] {sql.py:418} INFO - Running statement: CREATE TABLE IF NOT EXISTS reddit_posts(id INT AUTO_INCREMENT PRIMARY KEY,title VARCHAR(255) DEFAULT NULL,score INT DEFAULT NULL,post_id INT DEFAULT NULL, url VARCHAR(255) DEFAULT NULL,comms_num INT DEFAULT NULL,created DATETIME DEFAULT NULL,created_date DATETIME DEFAULT NULL, created_time DATETIME DEFAULT NULL, body TEXT DEFAULT NULL, author VARCHAR(255) DEFAULT NULL,subreddit VARCHAR(255) DEFAULT NULL), parameters: None
[2023-10-04T03:30:48.867+0000] {sql.py:427} INFO - Rows affected: 0
[2023-10-04T03:30:48.882+0000] {logging_mixin.py:151} INFO - mysql_connection
[2023-10-04T03:30:48.998+0000] {logging_mixin.py:151} INFO -                                                title  ...  created_time
0  when they buy a $0.05 handle bag and request a...  ...      13:52:04
1                            THEY WON THE UNION VOTE  ...      18:48:34
2                        What did you get fired for?  ...      17:03:32
3                        An inspiration to us all 🙌🏻  ...      13:49:26
4                 60 Frappuccino’s with no tip… $279  ...      00:05:34
5   Needless to say we’ve been verbally abused a lot  ...      14:56:37
6  Year two of dressing up as In-N-Out at my Star...  ...      01:14:51
7                                bro is struggling 💀  ...      14:05:19
8                Filling out the CoVid CoAcH like...  ...      16:23:34
9             I'm not allowed to make signs anymore.  ...      23:54:40

[10 rows x 11 columns]
[2023-10-04T03:30:49.270+0000] {taskinstance.py:1400} INFO - Marking task as SUCCESS. dag_id=Reddit_Post_Dag, task_id=processed_data_insert_task, execution_date=20231004T033036, start_date=20231004T033048, end_date=20231004T033049
[2023-10-04T03:30:49.346+0000] {local_task_job_runner.py:228} INFO - Task exited with return code 0
[2023-10-04T03:30:49.393+0000] {taskinstance.py:2784} INFO - 0 downstream tasks scheduled from follow-on schedule check
