[2023-10-05T09:54:02.757+0000] {taskinstance.py:1159} INFO - Dependencies all met for dep_context=non-requeueable deps ti=<TaskInstance: YouTube_Post_Dag.processed_data_insert_task manual__2023-10-05T09:53:46.539361+00:00 [queued]>
[2023-10-05T09:54:02.772+0000] {taskinstance.py:1159} INFO - Dependencies all met for dep_context=requeueable deps ti=<TaskInstance: YouTube_Post_Dag.processed_data_insert_task manual__2023-10-05T09:53:46.539361+00:00 [queued]>
[2023-10-05T09:54:02.774+0000] {taskinstance.py:1361} INFO - Starting attempt 1 of 2
[2023-10-05T09:54:02.801+0000] {taskinstance.py:1382} INFO - Executing <Task(YouTubeProcessDataTableOperator): processed_data_insert_task> on 2023-10-05 09:53:46.539361+00:00
[2023-10-05T09:54:02.840+0000] {standard_task_runner.py:57} INFO - Started process 262 to run task
[2023-10-05T09:54:02.848+0000] {standard_task_runner.py:84} INFO - Running: ['***', 'tasks', 'run', 'YouTube_Post_Dag', 'processed_data_insert_task', 'manual__2023-10-05T09:53:46.539361+00:00', '--job-id', '92', '--raw', '--subdir', 'DAGS_FOLDER/youTube_video_data_dag.py', '--cfg-path', '/tmp/tmpuiiwr156']
[2023-10-05T09:54:02.853+0000] {standard_task_runner.py:85} INFO - Job 92: Subtask processed_data_insert_task
[2023-10-05T09:54:02.936+0000] {task_command.py:415} INFO - Running <TaskInstance: YouTube_Post_Dag.processed_data_insert_task manual__2023-10-05T09:53:46.539361+00:00 [running]> on host bdf8a93b58be
[2023-10-05T09:54:03.386+0000] {taskinstance.py:1660} INFO - Exporting env vars: AIRFLOW_CTX_DAG_OWNER='***' AIRFLOW_CTX_DAG_ID='YouTube_Post_Dag' AIRFLOW_CTX_TASK_ID='processed_data_insert_task' AIRFLOW_CTX_EXECUTION_DATE='2023-10-05T09:53:46.539361+00:00' AIRFLOW_CTX_TRY_NUMBER='1' AIRFLOW_CTX_DAG_RUN_ID='manual__2023-10-05T09:53:46.539361+00:00'
[2023-10-05T09:54:03.388+0000] {youTube_process_data_table_operator.py:27} INFO - Executing CustomMySqlOperator with data from task: data_transformation_task
[2023-10-05T09:54:03.420+0000] {sql.py:274} INFO - Executing: CREATE TABLE IF NOT EXISTS youtube_posts(id INT AUTO_INCREMENT PRIMARY KEY,title VARCHAR(255), view_count INT, like_count INT, comment_count INT, favorite_count INT, duration VARCHAR(255))
[2023-10-05T09:54:03.433+0000] {base.py:73} INFO - Using connection ID 'mysql_connection' for task execution.
[2023-10-05T09:54:03.451+0000] {base.py:73} INFO - Using connection ID 'mysql_connection' for task execution.
[2023-10-05T09:54:03.475+0000] {sql.py:418} INFO - Running statement: CREATE TABLE IF NOT EXISTS youtube_posts(id INT AUTO_INCREMENT PRIMARY KEY,title VARCHAR(255), view_count INT, like_count INT, comment_count INT, favorite_count INT, duration VARCHAR(255)), parameters: None
[2023-10-05T09:54:03.481+0000] {sql.py:427} INFO - Rows affected: 0
[2023-10-05T09:54:03.499+0000] {logging_mixin.py:151} INFO - mysql_connection
[2023-10-05T09:54:03.593+0000] {logging_mixin.py:151} INFO -                                                title  ...    durations
0  Full Energy New Day With Starbucks Coffee Musi...  ...          P0D
1  Elegant Starbucks Cafe Music - Starbucks Music...  ...       P1DT1S
2  Starbucks BGM 2024 : Positive Jazz Music with ...  ...  PT11H54M57S
3  Starbucks Coffee Music & Jazz Relaxing Music -...  ...          P0D
4  Happy October Jazz - Relaxing Morning Starbuck...  ...          P1D

[5 rows x 7 columns]
[2023-10-05T09:54:03.840+0000] {taskinstance.py:1400} INFO - Marking task as SUCCESS. dag_id=YouTube_Post_Dag, task_id=processed_data_insert_task, execution_date=20231005T095346, start_date=20231005T095402, end_date=20231005T095403
[2023-10-05T09:54:03.912+0000] {local_task_job_runner.py:228} INFO - Task exited with return code 0
[2023-10-05T09:54:03.937+0000] {taskinstance.py:2784} INFO - 0 downstream tasks scheduled from follow-on schedule check
