[2023-10-08T04:18:58.580+0000] {taskinstance.py:1159} INFO - Dependencies all met for dep_context=non-requeueable deps ti=<TaskInstance: Reddit_Post_Comment_Dag.comment_raw_data_insert_task manual__2023-10-08T03:48:09.073695+00:00 [queued]>
[2023-10-08T04:18:58.596+0000] {taskinstance.py:1159} INFO - Dependencies all met for dep_context=requeueable deps ti=<TaskInstance: Reddit_Post_Comment_Dag.comment_raw_data_insert_task manual__2023-10-08T03:48:09.073695+00:00 [queued]>
[2023-10-08T04:18:58.597+0000] {taskinstance.py:1361} INFO - Starting attempt 1 of 2
[2023-10-08T04:18:58.618+0000] {taskinstance.py:1382} INFO - Executing <Task(CommentRawDataTableOperator): comment_raw_data_insert_task> on 2023-10-08 03:48:09.073695+00:00
[2023-10-08T04:18:58.629+0000] {standard_task_runner.py:57} INFO - Started process 790 to run task
[2023-10-08T04:18:58.636+0000] {standard_task_runner.py:84} INFO - Running: ['***', 'tasks', 'run', 'Reddit_Post_Comment_Dag', 'comment_raw_data_insert_task', 'manual__2023-10-08T03:48:09.073695+00:00', '--job-id', '130', '--raw', '--subdir', 'DAGS_FOLDER/reddit_post_comment_dag.py', '--cfg-path', '/tmp/tmp23qpbzoh']
[2023-10-08T04:18:58.641+0000] {standard_task_runner.py:85} INFO - Job 130: Subtask comment_raw_data_insert_task
[2023-10-08T04:18:58.718+0000] {task_command.py:415} INFO - Running <TaskInstance: Reddit_Post_Comment_Dag.comment_raw_data_insert_task manual__2023-10-08T03:48:09.073695+00:00 [running]> on host e23e2b6f1b74
[2023-10-08T04:18:59.104+0000] {taskinstance.py:1660} INFO - Exporting env vars: AIRFLOW_CTX_DAG_OWNER='***' AIRFLOW_CTX_DAG_ID='Reddit_Post_Comment_Dag' AIRFLOW_CTX_TASK_ID='comment_raw_data_insert_task' AIRFLOW_CTX_EXECUTION_DATE='2023-10-08T03:48:09.073695+00:00' AIRFLOW_CTX_TRY_NUMBER='1' AIRFLOW_CTX_DAG_RUN_ID='manual__2023-10-08T03:48:09.073695+00:00'
[2023-10-08T04:18:59.106+0000] {comment_raw_data_table_operator.py:27} INFO - Executing CustomMySqlOperator with data from task: extract_post_comment_task
[2023-10-08T04:18:59.122+0000] {sql.py:274} INFO - Executing: CREATE TABLE  IF NOT EXISTS reddit_comment_raw_details(id INT AUTO_INCREMENT PRIMARY KEY,post_id INT NOT NULL, post_author VARCHAR(255) NOT NULL, comment_author VARCHAR(255) NOT NULL, comment_id INT NOT NULL, comment_body TEXT NOT NULL, comment_score INT NOT NULL, comment_created_utc DATETIME NOT NULL, comment_permalink VARCHAR(255) NOT NULL,is_root_comment BOOLEAN NOT NULL, comment_author_flair_text VARCHAR(255))
[2023-10-08T04:18:59.130+0000] {base.py:73} INFO - Using connection ID 'mysql_connection' for task execution.
[2023-10-08T04:18:59.142+0000] {base.py:73} INFO - Using connection ID 'mysql_connection' for task execution.
[2023-10-08T04:18:59.161+0000] {sql.py:418} INFO - Running statement: CREATE TABLE  IF NOT EXISTS reddit_comment_raw_details(id INT AUTO_INCREMENT PRIMARY KEY,post_id INT NOT NULL, post_author VARCHAR(255) NOT NULL, comment_author VARCHAR(255) NOT NULL, comment_id INT NOT NULL, comment_body TEXT NOT NULL, comment_score INT NOT NULL, comment_created_utc DATETIME NOT NULL, comment_permalink VARCHAR(255) NOT NULL,is_root_comment BOOLEAN NOT NULL, comment_author_flair_text VARCHAR(255)), parameters: None
[2023-10-08T04:18:59.169+0000] {sql.py:427} INFO - Rows affected: 0
[2023-10-08T04:18:59.182+0000] {logging_mixin.py:151} INFO - mysql_connection
[2023-10-08T04:18:59.501+0000] {logging_mixin.py:151} INFO -      post_id       post_author  ... is_root_comment comment_author_flair_text
0     92x3p6     SeriousStarbs  ...            True                       NaN
1     92x3p6     SeriousStarbs  ...            True            Former Partner
2     92x3p6     SeriousStarbs  ...            True                       NaN
3     92x3p6     SeriousStarbs  ...            True                       NaN
4     92x3p6     SeriousStarbs  ...            True                       NaN
...      ...               ...  ...             ...                       ...
1126  pou8vz  PossiblyUnhinged  ...           False            Former Partner
1127  pou8vz  PossiblyUnhinged  ...           False                       NaN
1128  pou8vz  PossiblyUnhinged  ...           False   :Barista: Store Manager
1129  pou8vz  PossiblyUnhinged  ...           False                       NaN
1130  pou8vz  PossiblyUnhinged  ...           False                       NaN

[1131 rows x 10 columns]
[2023-10-08T04:18:59.893+0000] {taskinstance.py:1400} INFO - Marking task as SUCCESS. dag_id=Reddit_Post_Comment_Dag, task_id=comment_raw_data_insert_task, execution_date=20231008T034809, start_date=20231008T041858, end_date=20231008T041859
[2023-10-08T04:18:59.978+0000] {local_task_job_runner.py:228} INFO - Task exited with return code 0
[2023-10-08T04:19:00.034+0000] {taskinstance.py:2784} INFO - 1 downstream tasks scheduled from follow-on schedule check
