[2023-10-08T04:19:06.975+0000] {taskinstance.py:1159} INFO - Dependencies all met for dep_context=non-requeueable deps ti=<TaskInstance: Reddit_Post_Comment_Dag.processed_comment_data_insert_task manual__2023-10-08T03:48:09.073695+00:00 [queued]>
[2023-10-08T04:19:06.989+0000] {taskinstance.py:1159} INFO - Dependencies all met for dep_context=requeueable deps ti=<TaskInstance: Reddit_Post_Comment_Dag.processed_comment_data_insert_task manual__2023-10-08T03:48:09.073695+00:00 [queued]>
[2023-10-08T04:19:06.990+0000] {taskinstance.py:1361} INFO - Starting attempt 1 of 2
[2023-10-08T04:19:07.009+0000] {taskinstance.py:1382} INFO - Executing <Task(ProcessCommentDataTableOperator): processed_comment_data_insert_task> on 2023-10-08 03:48:09.073695+00:00
[2023-10-08T04:19:07.019+0000] {standard_task_runner.py:57} INFO - Started process 802 to run task
[2023-10-08T04:19:07.026+0000] {standard_task_runner.py:84} INFO - Running: ['***', 'tasks', 'run', 'Reddit_Post_Comment_Dag', 'processed_comment_data_insert_task', 'manual__2023-10-08T03:48:09.073695+00:00', '--job-id', '132', '--raw', '--subdir', 'DAGS_FOLDER/reddit_post_comment_dag.py', '--cfg-path', '/tmp/tmpdrrznwme']
[2023-10-08T04:19:07.031+0000] {standard_task_runner.py:85} INFO - Job 132: Subtask processed_comment_data_insert_task
[2023-10-08T04:19:07.102+0000] {task_command.py:415} INFO - Running <TaskInstance: Reddit_Post_Comment_Dag.processed_comment_data_insert_task manual__2023-10-08T03:48:09.073695+00:00 [running]> on host e23e2b6f1b74
[2023-10-08T04:19:07.474+0000] {taskinstance.py:1660} INFO - Exporting env vars: AIRFLOW_CTX_DAG_OWNER='***' AIRFLOW_CTX_DAG_ID='Reddit_Post_Comment_Dag' AIRFLOW_CTX_TASK_ID='processed_comment_data_insert_task' AIRFLOW_CTX_EXECUTION_DATE='2023-10-08T03:48:09.073695+00:00' AIRFLOW_CTX_TRY_NUMBER='1' AIRFLOW_CTX_DAG_RUN_ID='manual__2023-10-08T03:48:09.073695+00:00'
[2023-10-08T04:19:07.476+0000] {process_comment_data_table_operator.py:27} INFO - Executing CustomMySqlOperator with data from task: sentiment_analysis_task
[2023-10-08T04:19:07.493+0000] {sql.py:274} INFO - Executing: CREATE TABLE  IF NOT EXISTS reddit_post_comments(id INT AUTO_INCREMENT PRIMARY KEY,post_id INT NOT NULL, post_author VARCHAR(255) NOT NULL, comment_author VARCHAR(255) NOT NULL, comment_id INT NOT NULL, comment_body TEXT NOT NULL, comment_score INT NOT NULL, comment_created_utc DATETIME NOT NULL, comment_permalink VARCHAR(255) NOT NULL,is_root_comment BOOLEAN NOT NULL, comment_author_flair_text VARCHAR(255), sentiment_scores FLOAT, compound_sentiment FLOAT, sentiment VARCHAR(255))
[2023-10-08T04:19:07.500+0000] {base.py:73} INFO - Using connection ID 'mysql_connection' for task execution.
[2023-10-08T04:19:07.510+0000] {base.py:73} INFO - Using connection ID 'mysql_connection' for task execution.
[2023-10-08T04:19:07.527+0000] {sql.py:418} INFO - Running statement: CREATE TABLE  IF NOT EXISTS reddit_post_comments(id INT AUTO_INCREMENT PRIMARY KEY,post_id INT NOT NULL, post_author VARCHAR(255) NOT NULL, comment_author VARCHAR(255) NOT NULL, comment_id INT NOT NULL, comment_body TEXT NOT NULL, comment_score INT NOT NULL, comment_created_utc DATETIME NOT NULL, comment_permalink VARCHAR(255) NOT NULL,is_root_comment BOOLEAN NOT NULL, comment_author_flair_text VARCHAR(255), sentiment_scores FLOAT, compound_sentiment FLOAT, sentiment VARCHAR(255)), parameters: None
[2023-10-08T04:19:07.532+0000] {sql.py:427} INFO - Rows affected: 0
[2023-10-08T04:19:07.544+0000] {logging_mixin.py:151} INFO - mysql_connection
[2023-10-08T04:19:07.653+0000] {logging_mixin.py:151} INFO -      post_id       post_author  ... compound_sentiment sentiment
0     92x3p6     SeriousStarbs  ...             0.7650  positive
1     92x3p6     SeriousStarbs  ...             0.6369  positive
2     92x3p6     SeriousStarbs  ...             0.6522  positive
3     92x3p6     SeriousStarbs  ...             0.4939  positive
4     92x3p6     SeriousStarbs  ...            -0.2732  negative
...      ...               ...  ...                ...       ...
1126  pou8vz  PossiblyUnhinged  ...            -0.2134  negative
1127  pou8vz  PossiblyUnhinged  ...             0.0000   neutral
1128  pou8vz  PossiblyUnhinged  ...             0.0000   neutral
1129  pou8vz  PossiblyUnhinged  ...            -0.7351  negative
1130  pou8vz  PossiblyUnhinged  ...             0.2500  positive

[1131 rows x 14 columns]
[2023-10-08T04:19:08.040+0000] {taskinstance.py:1400} INFO - Marking task as SUCCESS. dag_id=Reddit_Post_Comment_Dag, task_id=processed_comment_data_insert_task, execution_date=20231008T034809, start_date=20231008T041906, end_date=20231008T041908
[2023-10-08T04:19:08.086+0000] {local_task_job_runner.py:228} INFO - Task exited with return code 0
[2023-10-08T04:19:08.113+0000] {taskinstance.py:2784} INFO - 0 downstream tasks scheduled from follow-on schedule check
