[2023-10-05T07:03:12.012+0000] {taskinstance.py:1159} INFO - Dependencies all met for dep_context=non-requeueable deps ti=<TaskInstance: Reddit_Post_Comment_Dag.processed_comment_data_insert_task manual__2023-10-05T07:02:39.484745+00:00 [queued]>
[2023-10-05T07:03:12.028+0000] {taskinstance.py:1159} INFO - Dependencies all met for dep_context=requeueable deps ti=<TaskInstance: Reddit_Post_Comment_Dag.processed_comment_data_insert_task manual__2023-10-05T07:02:39.484745+00:00 [queued]>
[2023-10-05T07:03:12.030+0000] {taskinstance.py:1361} INFO - Starting attempt 1 of 2
[2023-10-05T07:03:12.050+0000] {taskinstance.py:1382} INFO - Executing <Task(ProcessCommentDataTableOperator): processed_comment_data_insert_task> on 2023-10-05 07:02:39.484745+00:00
[2023-10-05T07:03:12.060+0000] {standard_task_runner.py:57} INFO - Started process 449 to run task
[2023-10-05T07:03:12.068+0000] {standard_task_runner.py:84} INFO - Running: ['***', 'tasks', 'run', 'Reddit_Post_Comment_Dag', 'processed_comment_data_insert_task', 'manual__2023-10-05T07:02:39.484745+00:00', '--job-id', '77', '--raw', '--subdir', 'DAGS_FOLDER/reddit_post_comment_dag.py', '--cfg-path', '/tmp/tmppdh3m2j2']
[2023-10-05T07:03:12.074+0000] {standard_task_runner.py:85} INFO - Job 77: Subtask processed_comment_data_insert_task
[2023-10-05T07:03:12.159+0000] {task_command.py:415} INFO - Running <TaskInstance: Reddit_Post_Comment_Dag.processed_comment_data_insert_task manual__2023-10-05T07:02:39.484745+00:00 [running]> on host 44d08be4c1e6
[2023-10-05T07:03:12.275+0000] {taskinstance.py:1660} INFO - Exporting env vars: AIRFLOW_CTX_DAG_OWNER='***' AIRFLOW_CTX_DAG_ID='Reddit_Post_Comment_Dag' AIRFLOW_CTX_TASK_ID='processed_comment_data_insert_task' AIRFLOW_CTX_EXECUTION_DATE='2023-10-05T07:02:39.484745+00:00' AIRFLOW_CTX_TRY_NUMBER='1' AIRFLOW_CTX_DAG_RUN_ID='manual__2023-10-05T07:02:39.484745+00:00'
[2023-10-05T07:03:12.277+0000] {process_comment_data_table_operator.py:27} INFO - Executing CustomMySqlOperator with data from task: sentiment_analysis_task
[2023-10-05T07:03:12.294+0000] {sql.py:274} INFO - Executing: CREATE TABLE  IF NOT EXISTS reddit_post_comments(id INT AUTO_INCREMENT PRIMARY KEY,post_id INT NOT NULL, post_author VARCHAR(255) NOT NULL, comment_author VARCHAR(255) NOT NULL, comment_id INT NOT NULL, comment_body TEXT NOT NULL, comment_score INT NOT NULL, comment_created_utc DATETIME NOT NULL, comment_permalink VARCHAR(255) NOT NULL,is_root_comment BOOLEAN NOT NULL, comment_author_flair_text VARCHAR(255), sentiment_scores FLOAT, compound_sentiment FLOAT, sentiment VARCHAR(255))
[2023-10-05T07:03:12.302+0000] {base.py:73} INFO - Using connection ID 'mysql_connection' for task execution.
[2023-10-05T07:03:12.314+0000] {base.py:73} INFO - Using connection ID 'mysql_connection' for task execution.
[2023-10-05T07:03:12.334+0000] {sql.py:418} INFO - Running statement: CREATE TABLE  IF NOT EXISTS reddit_post_comments(id INT AUTO_INCREMENT PRIMARY KEY,post_id INT NOT NULL, post_author VARCHAR(255) NOT NULL, comment_author VARCHAR(255) NOT NULL, comment_id INT NOT NULL, comment_body TEXT NOT NULL, comment_score INT NOT NULL, comment_created_utc DATETIME NOT NULL, comment_permalink VARCHAR(255) NOT NULL,is_root_comment BOOLEAN NOT NULL, comment_author_flair_text VARCHAR(255), sentiment_scores FLOAT, compound_sentiment FLOAT, sentiment VARCHAR(255)), parameters: None
[2023-10-05T07:03:12.361+0000] {sql.py:427} INFO - Rows affected: 0
[2023-10-05T07:03:12.373+0000] {logging_mixin.py:151} INFO - mysql_connection
[2023-10-05T07:03:12.749+0000] {logging_mixin.py:151} INFO -    post_id    post_author  ... compound_sentiment sentiment
0   92x3p6  SeriousStarbs  ...             0.7650  positive
1   92x3p6  SeriousStarbs  ...             0.6369  positive
2   92x3p6  SeriousStarbs  ...             0.6522  positive
3   92x3p6  SeriousStarbs  ...             0.4939  positive
4   92x3p6  SeriousStarbs  ...            -0.2732  negative
5   92x3p6  SeriousStarbs  ...            -0.2732  negative
6   92x3p6  SeriousStarbs  ...             0.2732  positive
7   92x3p6  SeriousStarbs  ...             0.6369  positive
8   92x3p6  SeriousStarbs  ...             0.0000   neutral
9   92x3p6  SeriousStarbs  ...             0.8555  positive
10  92x3p6  SeriousStarbs  ...            -0.4019  negative
11  92x3p6  SeriousStarbs  ...            -0.1531  negative
12  92x3p6  SeriousStarbs  ...             0.0000   neutral
13  92x3p6  SeriousStarbs  ...             0.0000   neutral
14  92x3p6  SeriousStarbs  ...            -0.3612  negative
15  92x3p6  SeriousStarbs  ...            -0.4588  negative
16  92x3p6  SeriousStarbs  ...             0.6705  positive
17  92x3p6  SeriousStarbs  ...            -0.0572  negative
18  92x3p6  SeriousStarbs  ...             0.0000   neutral
19  92x3p6  SeriousStarbs  ...             0.4019  positive
20  92x3p6  SeriousStarbs  ...            -0.2500  negative
21  92x3p6  SeriousStarbs  ...             0.0000   neutral
22  92x3p6  SeriousStarbs  ...            -0.1531  negative
23  92x3p6  SeriousStarbs  ...            -0.2500  negative

[24 rows x 14 columns]
[2023-10-05T07:03:12.989+0000] {taskinstance.py:1400} INFO - Marking task as SUCCESS. dag_id=Reddit_Post_Comment_Dag, task_id=processed_comment_data_insert_task, execution_date=20231005T070239, start_date=20231005T070312, end_date=20231005T070312
[2023-10-05T07:03:13.068+0000] {local_task_job_runner.py:228} INFO - Task exited with return code 0
[2023-10-05T07:03:13.099+0000] {taskinstance.py:2784} INFO - 0 downstream tasks scheduled from follow-on schedule check
