[2023-10-08T06:31:49.520+0000] {taskinstance.py:1159} INFO - Dependencies all met for dep_context=non-requeueable deps ti=<TaskInstance: Reddit_Post_Comment_Dag.extract_post_comment_task manual__2023-10-08T06:31:37.100374+00:00 [queued]>
[2023-10-08T06:31:49.536+0000] {taskinstance.py:1159} INFO - Dependencies all met for dep_context=requeueable deps ti=<TaskInstance: Reddit_Post_Comment_Dag.extract_post_comment_task manual__2023-10-08T06:31:37.100374+00:00 [queued]>
[2023-10-08T06:31:49.537+0000] {taskinstance.py:1361} INFO - Starting attempt 1 of 2
[2023-10-08T06:31:49.556+0000] {taskinstance.py:1382} INFO - Executing <Task(PythonOperator): extract_post_comment_task> on 2023-10-08 06:31:37.100374+00:00
[2023-10-08T06:31:49.567+0000] {standard_task_runner.py:57} INFO - Started process 1624 to run task
[2023-10-08T06:31:49.574+0000] {standard_task_runner.py:84} INFO - Running: ['***', 'tasks', 'run', 'Reddit_Post_Comment_Dag', 'extract_post_comment_task', 'manual__2023-10-08T06:31:37.100374+00:00', '--job-id', '165', '--raw', '--subdir', 'DAGS_FOLDER/reddit_post_comment_dag.py', '--cfg-path', '/tmp/tmpmv5u4d9_']
[2023-10-08T06:31:49.580+0000] {standard_task_runner.py:85} INFO - Job 165: Subtask extract_post_comment_task
[2023-10-08T06:31:49.673+0000] {task_command.py:415} INFO - Running <TaskInstance: Reddit_Post_Comment_Dag.extract_post_comment_task manual__2023-10-08T06:31:37.100374+00:00 [running]> on host 88aca7bb4134
[2023-10-08T06:31:50.296+0000] {taskinstance.py:1660} INFO - Exporting env vars: AIRFLOW_CTX_DAG_OWNER='***' AIRFLOW_CTX_DAG_ID='Reddit_Post_Comment_Dag' AIRFLOW_CTX_TASK_ID='extract_post_comment_task' AIRFLOW_CTX_EXECUTION_DATE='2023-10-08T06:31:37.100374+00:00' AIRFLOW_CTX_TRY_NUMBER='1' AIRFLOW_CTX_DAG_RUN_ID='manual__2023-10-08T06:31:37.100374+00:00'
[2023-10-08T06:31:58.457+0000] {logging_mixin.py:151} INFO - i7ysevk
[2023-10-08T06:31:58.898+0000] {logging_mixin.py:151} INFO - i7yrcib
[2023-10-08T06:31:59.448+0000] {logging_mixin.py:151} INFO - i7yj0ny
[2023-10-08T06:31:59.843+0000] {logging_mixin.py:151} INFO - i7yllke
[2023-10-08T06:32:00.208+0000] {logging_mixin.py:151} INFO - i7yltnz
[2023-10-08T06:32:00.606+0000] {logging_mixin.py:151} INFO - i7ys4a9
[2023-10-08T06:32:00.981+0000] {logging_mixin.py:151} INFO - i7ykeab
[2023-10-08T06:32:01.426+0000] {logging_mixin.py:151} INFO - i7yvrtb
[2023-10-08T06:32:01.830+0000] {logging_mixin.py:151} INFO - i7yucyw
[2023-10-08T06:32:02.346+0000] {logging_mixin.py:151} INFO - i7yr7mz
[2023-10-08T06:32:02.860+0000] {logging_mixin.py:151} INFO - i7yrzp8
[2023-10-08T06:32:03.255+0000] {logging_mixin.py:151} INFO - i7yjdef
[2023-10-08T06:32:03.648+0000] {logging_mixin.py:151} INFO - i7yrohl
[2023-10-08T06:32:04.194+0000] {logging_mixin.py:151} INFO - i7yzph2
[2023-10-08T06:32:04.704+0000] {logging_mixin.py:151} INFO - i7z0dcp
[2023-10-08T06:32:05.126+0000] {logging_mixin.py:151} INFO - i7yqa51
[2023-10-08T06:32:05.524+0000] {logging_mixin.py:151} INFO - i7yz705
[2023-10-08T06:32:06.040+0000] {logging_mixin.py:151} INFO - i7yzamw
[2023-10-08T06:32:06.549+0000] {logging_mixin.py:151} INFO - i7ykafn
[2023-10-08T06:32:07.061+0000] {logging_mixin.py:151} INFO - i7yuicf
[2023-10-08T06:32:07.577+0000] {logging_mixin.py:151} INFO - i7yzzo2
[2023-10-08T06:32:08.090+0000] {logging_mixin.py:151} INFO - i7yt6y2
[2023-10-08T06:32:08.473+0000] {logging_mixin.py:151} INFO - i7yk8jn
[2023-10-08T06:32:08.863+0000] {logging_mixin.py:151} INFO - i7yu626
[2023-10-08T06:32:09.623+0000] {logging_mixin.py:151} INFO - i7zdjlm
[2023-10-08T06:32:10.172+0000] {logging_mixin.py:151} INFO - i7yqdd6
[2023-10-08T06:32:10.592+0000] {logging_mixin.py:151} INFO - i7yyiaa
[2023-10-08T06:32:11.158+0000] {logging_mixin.py:151} INFO - i7z0h2d
[2023-10-08T06:32:11.746+0000] {logging_mixin.py:151} INFO - i7zirce
[2023-10-08T06:32:12.472+0000] {logging_mixin.py:151} INFO - i7yvbol
[2023-10-08T06:32:13.087+0000] {logging_mixin.py:151} INFO - i7yxrn9
[2023-10-08T06:32:13.645+0000] {logging_mixin.py:151} INFO - i7z2eh2
[2023-10-08T06:32:14.189+0000] {logging_mixin.py:151} INFO - i7z9vsn
[2023-10-08T06:32:14.799+0000] {logging_mixin.py:151} INFO - i7yqcom
[2023-10-08T06:32:15.365+0000] {logging_mixin.py:151} INFO - i7yrz2e
[2023-10-08T06:32:15.902+0000] {logging_mixin.py:151} INFO - i7zbc1b
[2023-10-08T06:32:16.418+0000] {logging_mixin.py:151} INFO - i7zkwe0
[2023-10-08T06:32:16.982+0000] {logging_mixin.py:151} INFO - i7yu6k3
[2023-10-08T06:32:17.505+0000] {logging_mixin.py:151} INFO - i7z65vo
[2023-10-08T06:32:18.415+0000] {logging_mixin.py:151} INFO - i7zd4b3
[2023-10-08T06:32:19.130+0000] {logging_mixin.py:151} INFO - i7yrmfr
[2023-10-08T06:32:19.748+0000] {logging_mixin.py:151} INFO - i7yyl73
[2023-10-08T06:32:20.216+0000] {logging_mixin.py:151} INFO - i7ymtk4
[2023-10-08T06:32:20.658+0000] {logging_mixin.py:151} INFO - i7ynguu
[2023-10-08T06:32:21.800+0000] {logging_mixin.py:151} INFO - i7z46fz
[2023-10-08T06:32:22.794+0000] {logging_mixin.py:151} INFO - i7yq7vg
[2023-10-08T06:32:23.945+0000] {logging_mixin.py:151} INFO - i7ytvup
[2023-10-08T06:32:25.126+0000] {logging_mixin.py:151} INFO - i7yxqby
[2023-10-08T06:32:25.894+0000] {logging_mixin.py:151} INFO - i7yy037
[2023-10-08T06:32:27.778+0000] {logging_mixin.py:151} INFO - i7zailv
[2023-10-08T06:32:28.437+0000] {logging_mixin.py:151} INFO - i7zhlbz
[2023-10-08T06:32:29.171+0000] {logging_mixin.py:151} INFO - i7z3yud
[2023-10-08T06:32:29.892+0000] {logging_mixin.py:151} INFO - i7zbqi1
[2023-10-08T06:32:30.423+0000] {logging_mixin.py:151} INFO - i7zbs8q
[2023-10-08T06:32:31.014+0000] {logging_mixin.py:151} INFO - i7zpl1v
[2023-10-08T06:32:31.642+0000] {logging_mixin.py:151} INFO - i7zvcjc
[2023-10-08T06:32:32.392+0000] {logging_mixin.py:151} INFO - i7zvtzt
[2023-10-08T06:32:33.516+0000] {logging_mixin.py:151} INFO - i818n68
[2023-10-08T06:32:34.308+0000] {logging_mixin.py:151} INFO - i8nrr4k
[2023-10-08T06:32:35.224+0000] {logging_mixin.py:151} INFO - i7yv996
[2023-10-08T06:32:35.819+0000] {logging_mixin.py:151} INFO - i7yy5w2
[2023-10-08T06:32:36.431+0000] {logging_mixin.py:151} INFO - i7yyb20
[2023-10-08T06:32:36.961+0000] {logging_mixin.py:151} INFO - i7yym17
[2023-10-08T06:32:37.992+0000] {logging_mixin.py:151} INFO - i7z1sm4
[2023-10-08T06:32:38.765+0000] {logging_mixin.py:151} INFO - i7z29q1
[2023-10-08T06:32:39.345+0000] {logging_mixin.py:151} INFO - i7z3gvy
[2023-10-08T06:32:39.960+0000] {logging_mixin.py:151} INFO - i7z3wln
[2023-10-08T06:32:40.715+0000] {logging_mixin.py:151} INFO - i7z6peo
[2023-10-08T06:32:41.347+0000] {logging_mixin.py:151} INFO - i7z7bd7
[2023-10-08T06:32:41.916+0000] {logging_mixin.py:151} INFO - i7ze1mt
[2023-10-08T06:32:42.680+0000] {logging_mixin.py:151} INFO - i7zha5l
[2023-10-08T06:32:43.419+0000] {logging_mixin.py:151} INFO - i8003ck
[2023-10-08T06:32:44.161+0000] {logging_mixin.py:151} INFO - i8044ll
[2023-10-08T06:32:46.318+0000] {logging_mixin.py:151} INFO - i80xerw
[2023-10-08T06:32:46.909+0000] {logging_mixin.py:151} INFO - i80zk68
[2023-10-08T06:32:47.699+0000] {logging_mixin.py:151} INFO - i811mxz
[2023-10-08T06:32:48.312+0000] {logging_mixin.py:151} INFO - i8140tu
[2023-10-08T06:32:48.771+0000] {logging_mixin.py:151} INFO - i81469u
[2023-10-08T06:32:50.381+0000] {logging_mixin.py:151} INFO - i81b5gy
[2023-10-08T06:32:51.082+0000] {logging_mixin.py:151} INFO - i81vnzp
[2023-10-08T06:32:51.871+0000] {logging_mixin.py:151} INFO - i824uc0
[2023-10-08T06:32:52.316+0000] {logging_mixin.py:151} INFO - i82e83y
[2023-10-08T06:32:52.718+0000] {logging_mixin.py:151} INFO - i82sdlw
[2023-10-08T06:32:53.235+0000] {logging_mixin.py:151} INFO - i82u9im
[2023-10-08T06:32:53.702+0000] {logging_mixin.py:151} INFO - i82unl9
[2023-10-08T06:32:54.104+0000] {logging_mixin.py:151} INFO - i836lzs
[2023-10-08T06:32:54.573+0000] {logging_mixin.py:151} INFO - i837tkq
[2023-10-08T06:32:55.704+0000] {logging_mixin.py:151} INFO - i87fygl
[2023-10-08T06:32:56.447+0000] {logging_mixin.py:151} INFO - i89rdd5
[2023-10-08T06:32:57.020+0000] {logging_mixin.py:151} INFO - i9iffxo
[2023-10-08T06:32:57.646+0000] {logging_mixin.py:151} INFO - i7yw8gt
[2023-10-08T06:32:59.671+0000] {logging_mixin.py:151} INFO - i7ywzjx
[2023-10-08T06:33:00.512+0000] {logging_mixin.py:151} INFO - i7yxcq5
[2023-10-08T06:33:01.468+0000] {logging_mixin.py:151} INFO - i7z1e2b
[2023-10-08T06:33:02.432+0000] {logging_mixin.py:151} INFO - i7z25hr
[2023-10-08T06:33:03.255+0000] {logging_mixin.py:151} INFO - i7z2cj6
[2023-10-08T06:33:04.506+0000] {logging_mixin.py:151} INFO - i7z2vq2
[2023-10-08T06:33:05.283+0000] {logging_mixin.py:151} INFO - i7z7sgt
[2023-10-08T06:33:06.050+0000] {logging_mixin.py:151} INFO - i7z7ysm
[2023-10-08T06:33:06.733+0000] {logging_mixin.py:151} INFO - i7z8bez
[2023-10-08T06:33:07.165+0000] {logging_mixin.py:151} INFO - i7z911g
[2023-10-08T06:33:08.207+0000] {logging_mixin.py:151} INFO - i7z98f1
[2023-10-08T06:33:09.229+0000] {logging_mixin.py:151} INFO - i7z99cd
[2023-10-08T06:33:10.348+0000] {logging_mixin.py:151} INFO - i7z9otf
[2023-10-08T06:33:11.291+0000] {logging_mixin.py:151} INFO - i7z9v22
[2023-10-08T06:33:12.579+0000] {logging_mixin.py:151} INFO - i7z9zl6
[2023-10-08T06:33:13.589+0000] {logging_mixin.py:151} INFO - i7za6tb
[2023-10-08T06:33:14.784+0000] {logging_mixin.py:151} INFO - i7zaapk
[2023-10-08T06:33:15.245+0000] {logging_mixin.py:151} INFO - i7zabib
[2023-10-08T06:33:16.000+0000] {logging_mixin.py:151} INFO - i7zaizn
[2023-10-08T06:33:16.376+0000] {logging_mixin.py:151} INFO - i7zamaj
[2023-10-08T06:33:16.763+0000] {logging_mixin.py:151} INFO - i7zb2wn
[2023-10-08T06:33:17.298+0000] {logging_mixin.py:151} INFO - i7zb8kc
[2023-10-08T06:33:18.319+0000] {logging_mixin.py:151} INFO - i7zbfgo
[2023-10-08T06:33:18.830+0000] {logging_mixin.py:151} INFO - i7zc7gw
[2023-10-08T06:33:19.250+0000] {logging_mixin.py:151} INFO - i7zc8ks
[2023-10-08T06:33:19.647+0000] {logging_mixin.py:151} INFO - i7zcb3h
[2023-10-08T06:33:20.063+0000] {logging_mixin.py:151} INFO - i7zdeq0
[2023-10-08T06:33:20.471+0000] {logging_mixin.py:151} INFO - i7zdve1
[2023-10-08T06:33:20.879+0000] {logging_mixin.py:151} INFO - i7zdvn6
[2023-10-08T06:33:21.293+0000] {logging_mixin.py:151} INFO - i7zdwdh
[2023-10-08T06:33:21.703+0000] {logging_mixin.py:151} INFO - i7ze1q7
[2023-10-08T06:33:22.213+0000] {logging_mixin.py:151} INFO - i7ze29k
[2023-10-08T06:33:23.549+0000] {logging_mixin.py:151} INFO - i7ze7bz
[2023-10-08T06:33:24.070+0000] {logging_mixin.py:151} INFO - i7zhlmr
[2023-10-08T06:33:24.569+0000] {logging_mixin.py:151} INFO - i7zhp20
[2023-10-08T06:33:25.191+0000] {logging_mixin.py:151} INFO - i7zi1kw
[2023-10-08T06:33:25.810+0000] {logging_mixin.py:151} INFO - i7zj98a
[2023-10-08T06:33:26.514+0000] {logging_mixin.py:151} INFO - i7zktw3
[2023-10-08T06:33:27.352+0000] {logging_mixin.py:151} INFO - i7zky29
[2023-10-08T06:33:27.791+0000] {logging_mixin.py:151} INFO - i7zmvv3
[2023-10-08T06:33:28.579+0000] {logging_mixin.py:151} INFO - i7zmxs6
[2023-10-08T06:33:29.257+0000] {logging_mixin.py:151} INFO - i7zqzdr
[2023-10-08T06:33:29.948+0000] {logging_mixin.py:151} INFO - i7zro2k
[2023-10-08T06:33:30.919+0000] {logging_mixin.py:151} INFO - i7zrwrf
[2023-10-08T06:33:31.949+0000] {logging_mixin.py:151} INFO - i7zsa4v
[2023-10-08T06:33:32.751+0000] {logging_mixin.py:151} INFO - i7ztxf3
[2023-10-08T06:33:33.281+0000] {logging_mixin.py:151} INFO - i7zv2lp
[2023-10-08T06:33:33.997+0000] {logging_mixin.py:151} INFO - i7zvcub
[2023-10-08T06:33:34.919+0000] {logging_mixin.py:151} INFO - i7zvnvh
[2023-10-08T06:33:35.775+0000] {logging_mixin.py:151} INFO - i7zxbao
[2023-10-08T06:33:36.429+0000] {logging_mixin.py:151} INFO - i7zzj00
[2023-10-08T06:33:37.175+0000] {logging_mixin.py:151} INFO - i800z8r
[2023-10-08T06:33:38.197+0000] {logging_mixin.py:151} INFO - i80cqf7
[2023-10-08T06:33:38.862+0000] {logging_mixin.py:151} INFO - i80gdgq
[2023-10-08T06:33:39.446+0000] {logging_mixin.py:151} INFO - i80ggl9
[2023-10-08T06:33:40.032+0000] {logging_mixin.py:151} INFO - i80hsf0
[2023-10-08T06:33:42.627+0000] {logging_mixin.py:151} INFO - i80j4k5
[2023-10-08T06:33:43.109+0000] {logging_mixin.py:151} INFO - i80jgkn
[2023-10-08T06:33:44.112+0000] {logging_mixin.py:151} INFO - i80kllt
[2023-10-08T06:33:45.877+0000] {logging_mixin.py:151} INFO - i80krxm
[2023-10-08T06:34:01.889+0000] {sessions.py:161} WARNING - Retrying due to ReadTimeout(ReadTimeoutError("HTTPSConnectionPool(host='oauth.reddit.com', port=443): Read timed out. (read timeout=16.0)")) status: GET https://oauth.reddit.com/api/info/
[2023-10-08T06:34:03.123+0000] {logging_mixin.py:151} INFO - i80oc26
[2023-10-08T06:34:03.539+0000] {logging_mixin.py:151} INFO - i80tauc
[2023-10-08T06:34:08.312+0000] {logging_mixin.py:151} INFO - i80tnqj
[2023-10-08T06:34:19.989+0000] {logging_mixin.py:151} INFO - i80up8w
[2023-10-08T06:34:22.735+0000] {logging_mixin.py:151} INFO - i80v904
[2023-10-08T06:34:23.147+0000] {logging_mixin.py:151} INFO - i80vabl
[2023-10-08T06:34:23.598+0000] {logging_mixin.py:151} INFO - i80wi8b
[2023-10-08T06:34:23.995+0000] {logging_mixin.py:151} INFO - i80x6ro
[2023-10-08T06:34:24.426+0000] {logging_mixin.py:151} INFO - i80zv7p
[2023-10-08T06:34:24.886+0000] {logging_mixin.py:151} INFO - i810sxt
[2023-10-08T06:34:25.283+0000] {logging_mixin.py:151} INFO - i811kni
[2023-10-08T06:34:25.707+0000] {logging_mixin.py:151} INFO - i813s5k
[2023-10-08T06:34:26.159+0000] {logging_mixin.py:151} INFO - i814rb8
[2023-10-08T06:34:29.362+0000] {logging_mixin.py:151} INFO - i815zvl
[2023-10-08T06:34:29.854+0000] {logging_mixin.py:151} INFO - i817f6l
[2023-10-08T06:34:30.251+0000] {logging_mixin.py:151} INFO - i817rge
[2023-10-08T06:34:30.646+0000] {logging_mixin.py:151} INFO - i81btuw
[2023-10-08T06:34:31.051+0000] {logging_mixin.py:151} INFO - i81c3m2
[2023-10-08T06:34:31.466+0000] {logging_mixin.py:151} INFO - i81gxpn
[2023-10-08T06:34:31.859+0000] {logging_mixin.py:151} INFO - i81jrwv
[2023-10-08T06:34:32.263+0000] {logging_mixin.py:151} INFO - i81m77a
[2023-10-08T06:34:32.659+0000] {logging_mixin.py:151} INFO - i81rlzg
[2023-10-08T06:34:33.061+0000] {logging_mixin.py:151} INFO - i81xpti
[2023-10-08T06:34:33.444+0000] {logging_mixin.py:151} INFO - i81xx9z
[2023-10-08T06:34:33.847+0000] {logging_mixin.py:151} INFO - i81zeqr
[2023-10-08T06:34:34.223+0000] {logging_mixin.py:151} INFO - i82494j
[2023-10-08T06:34:34.591+0000] {logging_mixin.py:151} INFO - i828m3b
[2023-10-08T06:34:34.970+0000] {logging_mixin.py:151} INFO - i82c1p6
[2023-10-08T06:34:35.392+0000] {logging_mixin.py:151} INFO - i82e9ku
[2023-10-08T06:34:35.794+0000] {logging_mixin.py:151} INFO - i82hyl5
[2023-10-08T06:34:36.197+0000] {logging_mixin.py:151} INFO - i82l7v3
[2023-10-08T06:34:36.577+0000] {logging_mixin.py:151} INFO - i82pw88
[2023-10-08T06:34:36.962+0000] {logging_mixin.py:151} INFO - i82rww9
[2023-10-08T06:34:37.330+0000] {logging_mixin.py:151} INFO - i82sri3
[2023-10-08T06:34:37.798+0000] {logging_mixin.py:151} INFO - i82y56l
[2023-10-08T06:34:38.195+0000] {logging_mixin.py:151} INFO - i83fb50
[2023-10-08T06:34:38.590+0000] {logging_mixin.py:151} INFO - i83khyz
[2023-10-08T06:34:39.119+0000] {logging_mixin.py:151} INFO - i83qksr
[2023-10-08T06:34:39.666+0000] {logging_mixin.py:151} INFO - i83sczb
[2023-10-08T06:34:40.216+0000] {logging_mixin.py:151} INFO - i83u7xx
[2023-10-08T06:34:40.610+0000] {logging_mixin.py:151} INFO - i86b4jc
[2023-10-08T06:34:41.138+0000] {logging_mixin.py:151} INFO - i8sco74
[2023-10-08T06:34:41.543+0000] {logging_mixin.py:151} INFO - i93xe1n
[2023-10-08T06:34:41.901+0000] {logging_mixin.py:151} INFO - ia88080
[2023-10-08T06:34:42.418+0000] {logging_mixin.py:151} INFO - iadjnbb
[2023-10-08T06:34:42.896+0000] {logging_mixin.py:151} INFO - i80mks7
[2023-10-08T06:34:43.310+0000] {logging_mixin.py:151} INFO - i7zezok
[2023-10-08T06:34:43.825+0000] {logging_mixin.py:151} INFO - i82f422
[2023-10-08T06:34:44.333+0000] {logging_mixin.py:151} INFO - i7yx3nm
[2023-10-08T06:34:44.847+0000] {logging_mixin.py:151} INFO - i7z5hm2
[2023-10-08T06:34:45.361+0000] {logging_mixin.py:151} INFO - i7zf6i5
[2023-10-08T06:34:45.872+0000] {logging_mixin.py:151} INFO - i7zs6ef
[2023-10-08T06:34:46.386+0000] {logging_mixin.py:151} INFO - i8101s6
[2023-10-08T06:34:46.898+0000] {logging_mixin.py:151} INFO - i81h721
[2023-10-08T06:34:47.324+0000] {logging_mixin.py:151} INFO - i7z18s9
[2023-10-08T06:34:48.672+0000] {logging_mixin.py:151} INFO - i802ktd
[2023-10-08T06:34:49.118+0000] {logging_mixin.py:151} INFO - i80mnez
[2023-10-08T06:34:49.782+0000] {logging_mixin.py:151} INFO - i81v3zv
[2023-10-08T06:34:50.308+0000] {logging_mixin.py:151} INFO - i85ag1l
[2023-10-08T06:34:50.825+0000] {logging_mixin.py:151} INFO - i7zd0vi
[2023-10-08T06:34:51.366+0000] {logging_mixin.py:151} INFO - i7yu9j7
[2023-10-08T06:34:51.861+0000] {logging_mixin.py:151} INFO - i7ywu0x
[2023-10-08T06:34:52.241+0000] {logging_mixin.py:151} INFO - i7z19g0
[2023-10-08T06:34:52.724+0000] {logging_mixin.py:151} INFO - i7z2hgv
[2023-10-08T06:34:53.118+0000] {logging_mixin.py:151} INFO - i7z2zh6
[2023-10-08T06:34:53.514+0000] {logging_mixin.py:151} INFO - i7z3yke
[2023-10-08T06:34:53.897+0000] {logging_mixin.py:151} INFO - i7z54je
[2023-10-08T06:34:54.985+0000] {logging_mixin.py:151} INFO - i7z56oq
[2023-10-08T06:34:55.381+0000] {logging_mixin.py:151} INFO - i7z56uc
[2023-10-08T06:34:55.906+0000] {logging_mixin.py:151} INFO - i7z5bgi
[2023-10-08T06:34:56.279+0000] {logging_mixin.py:151} INFO - i7z5ewm
[2023-10-08T06:34:56.823+0000] {logging_mixin.py:151} INFO - i7z5x1e
[2023-10-08T06:34:58.191+0000] {logging_mixin.py:151} INFO - i7z5xzw
[2023-10-08T06:34:58.578+0000] {logging_mixin.py:151} INFO - i7z5y45
[2023-10-08T06:35:00.118+0000] {logging_mixin.py:151} INFO - i7z615s
[2023-10-08T06:35:01.548+0000] {logging_mixin.py:151} INFO - i7z65qy
[2023-10-08T06:35:01.963+0000] {logging_mixin.py:151} INFO - i7z69xf
[2023-10-08T06:35:03.356+0000] {logging_mixin.py:151} INFO - i7z7tnv
[2023-10-08T06:35:03.909+0000] {logging_mixin.py:151} INFO - i7z8s1u
[2023-10-08T06:35:05.342+0000] {logging_mixin.py:151} INFO - i7z8u86
[2023-10-08T06:35:05.735+0000] {logging_mixin.py:151} INFO - i7zehix
[2023-10-08T06:35:07.186+0000] {logging_mixin.py:151} INFO - i7zfsfe
[2023-10-08T06:35:08.566+0000] {logging_mixin.py:151} INFO - i7zfxf7
[2023-10-08T06:35:08.962+0000] {logging_mixin.py:151} INFO - i7zg1pf
[2023-10-08T06:35:10.468+0000] {logging_mixin.py:151} INFO - i7zgloq
[2023-10-08T06:35:10.876+0000] {logging_mixin.py:151} INFO - i7zgn72
[2023-10-08T06:35:12.391+0000] {logging_mixin.py:151} INFO - i7zgwbd
[2023-10-08T06:35:12.774+0000] {logging_mixin.py:151} INFO - i7zh8q3
[2023-10-08T06:35:14.236+0000] {logging_mixin.py:151} INFO - i7zhc73
[2023-10-08T06:35:15.670+0000] {logging_mixin.py:151} INFO - i7zi2fl
[2023-10-08T06:35:16.063+0000] {logging_mixin.py:151} INFO - i7zi570
[2023-10-08T06:35:17.516+0000] {logging_mixin.py:151} INFO - i7ziaad
[2023-10-08T06:35:18.030+0000] {logging_mixin.py:151} INFO - i7zitpr
[2023-10-08T06:35:19.463+0000] {logging_mixin.py:151} INFO - i7zj3c5
[2023-10-08T06:35:19.875+0000] {logging_mixin.py:151} INFO - i7zk1dx
[2023-10-08T06:35:21.410+0000] {logging_mixin.py:151} INFO - i7zkf7s
[2023-10-08T06:35:21.824+0000] {logging_mixin.py:151} INFO - i7zkxcm
[2023-10-08T06:35:23.257+0000] {logging_mixin.py:151} INFO - i7zld7v
[2023-10-08T06:35:23.667+0000] {logging_mixin.py:151} INFO - i7zmntu
[2023-10-08T06:35:25.060+0000] {logging_mixin.py:151} INFO - i7zndjg
[2023-10-08T06:35:26.537+0000] {logging_mixin.py:151} INFO - i7znjp1
[2023-10-08T06:35:26.941+0000] {logging_mixin.py:151} INFO - i7z24oq
[2023-10-08T06:35:28.423+0000] {logging_mixin.py:151} INFO - i81az6t
[2023-10-08T06:35:28.838+0000] {logging_mixin.py:151} INFO - i80lksf
[2023-10-08T06:35:30.322+0000] {logging_mixin.py:151} INFO - i81v75c
[2023-10-08T06:35:30.722+0000] {logging_mixin.py:151} INFO - i81jf1u
[2023-10-08T06:35:32.173+0000] {logging_mixin.py:151} INFO - i83dc0y
[2023-10-08T06:35:33.601+0000] {logging_mixin.py:151} INFO - i7yxgrf
[2023-10-08T06:35:34.016+0000] {logging_mixin.py:151} INFO - i8269zh
[2023-10-08T06:35:35.449+0000] {logging_mixin.py:151} INFO - i9zlm3r
[2023-10-08T06:35:35.858+0000] {logging_mixin.py:151} INFO - i8000si
[2023-10-08T06:35:37.296+0000] {logging_mixin.py:151} INFO - i7z6xhh
[2023-10-08T06:35:37.810+0000] {logging_mixin.py:151} INFO - i7za05u
[2023-10-08T06:35:39.347+0000] {logging_mixin.py:151} INFO - i7z7dwq
[2023-10-08T06:35:40.881+0000] {logging_mixin.py:151} INFO - i7zb8iv
[2023-10-08T06:35:41.395+0000] {logging_mixin.py:151} INFO - i7z5hvv
[2023-10-08T06:35:41.778+0000] {logging_mixin.py:151} INFO - i7zd8ef
[2023-10-08T06:35:45.866+0000] {logging_mixin.py:151} INFO - i7zl8ys
[2023-10-08T06:35:47.267+0000] {logging_mixin.py:151} INFO - i7zk00n
[2023-10-08T06:35:47.698+0000] {logging_mixin.py:151} INFO - i7z9l41
[2023-10-08T06:35:48.138+0000] {logging_mixin.py:151} INFO - i7zuw2w
[2023-10-08T06:35:48.584+0000] {logging_mixin.py:151} INFO - i802dd6
[2023-10-08T06:35:48.983+0000] {logging_mixin.py:151} INFO - i7zgpd6
[2023-10-08T06:35:49.568+0000] {logging_mixin.py:151} INFO - i7zshfj
[2023-10-08T06:35:49.983+0000] {logging_mixin.py:151} INFO - i808hem
[2023-10-08T06:35:51.415+0000] {logging_mixin.py:151} INFO - i808jkm
[2023-10-08T06:35:51.928+0000] {logging_mixin.py:151} INFO - i8356ta
[2023-10-08T06:35:53.341+0000] {logging_mixin.py:151} INFO - i7ypxei
[2023-10-08T06:35:53.774+0000] {logging_mixin.py:151} INFO - i7yxxii
[2023-10-08T06:35:55.208+0000] {logging_mixin.py:151} INFO - i7z4n45
[2023-10-08T06:35:56.654+0000] {logging_mixin.py:151} INFO - i7yscn0
[2023-10-08T06:35:57.050+0000] {logging_mixin.py:151} INFO - i7z2pob
[2023-10-08T06:35:58.468+0000] {logging_mixin.py:151} INFO - i7ytbl8
[2023-10-08T06:35:58.895+0000] {logging_mixin.py:151} INFO - i7z49v9
[2023-10-08T06:36:00.434+0000] {logging_mixin.py:151} INFO - i7yupe1
[2023-10-08T06:36:00.955+0000] {logging_mixin.py:151} INFO - i7zbl0q
[2023-10-08T06:36:02.485+0000] {logging_mixin.py:151} INFO - i7zzcd8
[2023-10-08T06:36:02.995+0000] {logging_mixin.py:151} INFO - i7ymkkt
[2023-10-08T06:36:04.385+0000] {logging_mixin.py:151} INFO - i7z57ab
[2023-10-08T06:36:04.841+0000] {logging_mixin.py:151} INFO - i7zy7ac
[2023-10-08T06:36:06.375+0000] {logging_mixin.py:151} INFO - i7zwg4r
[2023-10-08T06:36:06.889+0000] {logging_mixin.py:151} INFO - i80kiuc
[2023-10-08T06:36:08.300+0000] {logging_mixin.py:151} INFO - i81a6sx
[2023-10-08T06:36:08.731+0000] {logging_mixin.py:151} INFO - i7ynwr9
[2023-10-08T06:36:10.165+0000] {logging_mixin.py:151} INFO - i7yv4f3
[2023-10-08T06:36:12.404+0000] {logging_mixin.py:151} INFO - i81e5ia
[2023-10-08T06:36:12.810+0000] {logging_mixin.py:151} INFO - i835emz
[2023-10-08T06:36:13.219+0000] {logging_mixin.py:151} INFO - i801phl
[2023-10-08T06:36:13.631+0000] {logging_mixin.py:151} INFO - i7ym7a8
[2023-10-08T06:36:15.056+0000] {logging_mixin.py:151} INFO - i7ysv0p
[2023-10-08T06:36:16.501+0000] {logging_mixin.py:151} INFO - i7z61p0
[2023-10-08T06:36:17.015+0000] {logging_mixin.py:151} INFO - i7zh56q
[2023-10-08T06:36:18.549+0000] {logging_mixin.py:151} INFO - i7ymwff
[2023-10-08T06:36:18.931+0000] {logging_mixin.py:151} INFO - i802e5i
[2023-10-08T06:36:20.395+0000] {logging_mixin.py:151} INFO - i7zgz38
[2023-10-08T06:36:20.904+0000] {logging_mixin.py:151} INFO - i7zgm7v
[2023-10-08T06:36:22.343+0000] {logging_mixin.py:151} INFO - i7yu4bg
[2023-10-08T06:36:22.854+0000] {logging_mixin.py:151} INFO - i80ioz7
[2023-10-08T06:36:24.393+0000] {logging_mixin.py:151} INFO - i7z1jfx
[2023-10-08T06:36:24.785+0000] {logging_mixin.py:151} INFO - i7zjp0m
[2023-10-08T06:36:26.172+0000] {logging_mixin.py:151} INFO - i80mbqw
[2023-10-08T06:36:27.670+0000] {logging_mixin.py:151} INFO - i7zh6we
[2023-10-08T06:36:28.122+0000] {logging_mixin.py:151} INFO - i7z6nai
[2023-10-08T06:36:29.614+0000] {logging_mixin.py:151} INFO - i7yxk8t
[2023-10-08T06:36:30.127+0000] {logging_mixin.py:151} INFO - i7yul33
[2023-10-08T06:36:31.664+0000] {logging_mixin.py:151} INFO - i7zhvkf
[2023-10-08T06:36:32.180+0000] {logging_mixin.py:151} INFO - i80uv1s
[2023-10-08T06:36:33.613+0000] {logging_mixin.py:151} INFO - i7yxzxh
[2023-10-08T06:36:34.019+0000] {logging_mixin.py:151} INFO - i81wt0k
[2023-10-08T06:36:35.465+0000] {logging_mixin.py:151} INFO - i7z1f8l
[2023-10-08T06:36:35.971+0000] {logging_mixin.py:151} INFO - i7z7kd9
[2023-10-08T06:36:37.406+0000] {logging_mixin.py:151} INFO - i81xw86
[2023-10-08T06:36:37.814+0000] {logging_mixin.py:151} INFO - i81sx1f
[2023-10-08T06:36:39.186+0000] {logging_mixin.py:151} INFO - i7yy1t6
[2023-10-08T06:36:40.583+0000] {logging_mixin.py:151} INFO - i80bnhf
[2023-10-08T06:36:41.096+0000] {logging_mixin.py:151} INFO - i7yxpj3
[2023-10-08T06:36:42.512+0000] {logging_mixin.py:151} INFO - i7zjvr9
[2023-10-08T06:36:43.022+0000] {logging_mixin.py:151} INFO - i7zl5fw
[2023-10-08T06:36:44.549+0000] {logging_mixin.py:151} INFO - i8146xi
[2023-10-08T06:36:45.064+0000] {logging_mixin.py:151} INFO - i7z59jg
[2023-10-08T06:36:46.504+0000] {logging_mixin.py:151} INFO - i7zhnq4
[2023-10-08T06:36:46.946+0000] {logging_mixin.py:151} INFO - i7zd2wg
[2023-10-08T06:36:48.451+0000] {logging_mixin.py:151} INFO - i98n2hf
[2023-10-08T06:36:48.966+0000] {logging_mixin.py:151} INFO - i81at79
[2023-10-08T06:36:50.496+0000] {logging_mixin.py:151} INFO - i8163z9
[2023-10-08T06:36:50.904+0000] {logging_mixin.py:151} INFO - i86hoci
[2023-10-08T06:36:52.365+0000] {logging_mixin.py:151} INFO - i86hjnv
[2023-10-08T06:36:52.733+0000] {logging_mixin.py:151} INFO - i82my4h
[2023-10-08T06:36:54.168+0000] {logging_mixin.py:151} INFO - i84cqw0
[2023-10-08T06:36:55.626+0000] {logging_mixin.py:151} INFO - i7z40rm
[2023-10-08T06:36:56.138+0000] {logging_mixin.py:151} INFO - i809uv4
[2023-10-08T06:36:57.572+0000] {logging_mixin.py:151} INFO - i7zfuca
[2023-10-08T06:36:58.086+0000] {logging_mixin.py:151} INFO - i7z5hyw
[2023-10-08T06:36:59.587+0000] {logging_mixin.py:151} INFO - i7zby9g
[2023-10-08T06:37:00.030+0000] {logging_mixin.py:151} INFO - i7z5h1m
[2023-10-08T06:37:01.464+0000] {logging_mixin.py:151} INFO - i7z6zd7
[2023-10-08T06:37:01.981+0000] {logging_mixin.py:151} INFO - i7zh1rj
[2023-10-08T06:37:03.416+0000] {logging_mixin.py:151} INFO - i7zhytg
[2023-10-08T06:37:03.827+0000] {logging_mixin.py:151} INFO - i825ugr
[2023-10-08T06:37:05.257+0000] {logging_mixin.py:151} INFO - i81vt6z
[2023-10-08T06:37:05.770+0000] {logging_mixin.py:151} INFO - i856ots
[2023-10-08T06:37:07.202+0000] {logging_mixin.py:151} INFO - iadjz5d
[2023-10-08T06:37:08.622+0000] {logging_mixin.py:151} INFO - i8s1q05
[2023-10-08T06:37:09.049+0000] {logging_mixin.py:151} INFO - i7zj3jv
[2023-10-08T06:37:10.484+0000] {logging_mixin.py:151} INFO - i80lfwf
[2023-10-08T06:37:10.888+0000] {logging_mixin.py:151} INFO - i80scgk
[2023-10-08T06:37:12.310+0000] {logging_mixin.py:151} INFO - i80zlhc
[2023-10-08T06:37:12.824+0000] {logging_mixin.py:151} INFO - i81wimt
[2023-10-08T06:37:14.256+0000] {logging_mixin.py:151} INFO - i7zkech
[2023-10-08T06:37:14.770+0000] {logging_mixin.py:151} INFO - i7zu1z4
[2023-10-08T06:37:16.202+0000] {logging_mixin.py:151} INFO - i80ekz9
[2023-10-08T06:37:17.737+0000] {logging_mixin.py:151} INFO - i81xl4d
[2023-10-08T06:37:18.148+0000] {logging_mixin.py:151} INFO - i80iou6
[2023-10-08T06:37:19.560+0000] {logging_mixin.py:151} INFO - i8013bs
[2023-10-08T06:37:19.955+0000] {logging_mixin.py:151} INFO - i80t704
[2023-10-08T06:37:21.425+0000] {logging_mixin.py:151} INFO - i801bd4
[2023-10-08T06:37:21.833+0000] {logging_mixin.py:151} INFO - i80bk1q
[2023-10-08T06:37:23.270+0000] {logging_mixin.py:151} INFO - i7yy2ga
[2023-10-08T06:37:23.783+0000] {logging_mixin.py:151} INFO - i7yx4s2
[2023-10-08T06:37:25.217+0000] {logging_mixin.py:151} INFO - i7z6l8d
[2023-10-08T06:37:26.650+0000] {logging_mixin.py:151} INFO - i81c82j
[2023-10-08T06:37:27.053+0000] {logging_mixin.py:151} INFO - i7z6w1v
[2023-10-08T06:37:28.451+0000] {logging_mixin.py:151} INFO - i7z7fqa
[2023-10-08T06:37:28.839+0000] {logging_mixin.py:151} INFO - i80p3y2
[2023-10-08T06:37:30.343+0000] {logging_mixin.py:151} INFO - i7z6rhe
[2023-10-08T06:37:30.751+0000] {logging_mixin.py:151} INFO - i7zzr8d
[2023-10-08T06:37:32.289+0000] {logging_mixin.py:151} INFO - i82btz0
[2023-10-08T06:37:33.725+0000] {logging_mixin.py:151} INFO - i7z70vn
[2023-10-08T06:37:34.235+0000] {logging_mixin.py:151} INFO - i7yram9
[2023-10-08T06:37:35.772+0000] {logging_mixin.py:151} INFO - i7z5wdr
[2023-10-08T06:37:36.298+0000] {logging_mixin.py:151} INFO - i7yqd7s
[2023-10-08T06:37:37.706+0000] {logging_mixin.py:151} INFO - i7zh94g
[2023-10-08T06:37:38.130+0000] {logging_mixin.py:151} INFO - i80dfb7
[2023-10-08T06:37:39.505+0000] {logging_mixin.py:151} INFO - i7yx9fh
[2023-10-08T06:37:39.898+0000] {logging_mixin.py:151} INFO - i7yvn6m
[2023-10-08T06:37:41.307+0000] {logging_mixin.py:151} INFO - i7zkgi8
[2023-10-08T06:37:41.800+0000] {logging_mixin.py:151} INFO - i7z8afd
[2023-10-08T06:37:43.950+0000] {logging_mixin.py:151} INFO - i7zovnm
[2023-10-08T06:37:44.321+0000] {logging_mixin.py:151} INFO - i80h5vh
[2023-10-08T06:37:44.771+0000] {logging_mixin.py:151} INFO - i7z4375
[2023-10-08T06:37:46.309+0000] {logging_mixin.py:151} INFO - i7zsks6
[2023-10-08T06:37:46.818+0000] {logging_mixin.py:151} INFO - i7zse9x
[2023-10-08T06:37:48.253+0000] {logging_mixin.py:151} INFO - i7ywko2
[2023-10-08T06:37:48.665+0000] {logging_mixin.py:151} INFO - i84kouk
[2023-10-08T06:37:50.097+0000] {logging_mixin.py:151} INFO - i7z4dit
[2023-10-08T06:37:51.841+0000] {logging_mixin.py:151} INFO - i7z9sha
[2023-10-08T06:37:52.349+0000] {logging_mixin.py:151} INFO - i7zsoqq
[2023-10-08T06:37:52.761+0000] {logging_mixin.py:151} INFO - i89tfmk
[2023-10-08T06:37:55.126+0000] {logging_mixin.py:151} INFO - i8345uq
[2023-10-08T06:37:55.639+0000] {logging_mixin.py:151} INFO - i7z6h3o
[2023-10-08T06:37:56.209+0000] {logging_mixin.py:151} INFO - i824fdd
[2023-10-08T06:37:57.784+0000] {logging_mixin.py:151} INFO - i7z4sr6
[2023-10-08T06:37:58.193+0000] {logging_mixin.py:151} INFO - i81vp0j
[2023-10-08T06:37:59.629+0000] {logging_mixin.py:151} INFO - i7z6pk5
[2023-10-08T06:38:00.144+0000] {logging_mixin.py:151} INFO - i7z5qtd
[2023-10-08T06:38:01.551+0000] {logging_mixin.py:151} INFO - i8003pn
[2023-10-08T06:38:01.988+0000] {logging_mixin.py:151} INFO - i80eg2r
[2023-10-08T06:38:03.420+0000] {logging_mixin.py:151} INFO - i803cmm
[2023-10-08T06:38:03.932+0000] {logging_mixin.py:151} INFO - ia2s35b
[2023-10-08T06:38:05.343+0000] {logging_mixin.py:151} INFO - i800cqs
[2023-10-08T06:38:05.779+0000] {logging_mixin.py:151} INFO - i81ij0w
[2023-10-08T06:38:07.209+0000] {logging_mixin.py:151} INFO - i8210e2
[2023-10-08T06:38:08.600+0000] {logging_mixin.py:151} INFO - i7zwdqq
[2023-10-08T06:38:09.056+0000] {logging_mixin.py:151} INFO - i7zwcv7
[2023-10-08T06:38:10.461+0000] {logging_mixin.py:151} INFO - i7zwffl
[2023-10-08T06:38:10.902+0000] {logging_mixin.py:151} INFO - i800unf
[2023-10-08T06:38:12.283+0000] {logging_mixin.py:151} INFO - i81wdev
[2023-10-08T06:38:12.723+0000] {logging_mixin.py:151} INFO - i80507o
[2023-10-08T06:38:14.264+0000] {logging_mixin.py:151} INFO - i833jj8
[2023-10-08T06:38:15.661+0000] {logging_mixin.py:151} INFO - i8a6dax
[2023-10-08T06:38:16.108+0000] {logging_mixin.py:151} INFO - i7yy8zx
[2023-10-08T06:38:17.544+0000] {logging_mixin.py:151} INFO - i7zbubf
[2023-10-08T06:38:18.053+0000] {logging_mixin.py:151} INFO - i7zmcf6
[2023-10-08T06:38:19.594+0000] {logging_mixin.py:151} INFO - i7z6b1b
[2023-10-08T06:38:20.000+0000] {logging_mixin.py:151} INFO - i7zqjrz
[2023-10-08T06:38:21.408+0000] {logging_mixin.py:151} INFO - i7z7xel
[2023-10-08T06:38:21.844+0000] {logging_mixin.py:151} INFO - i7znoki
[2023-10-08T06:38:23.282+0000] {logging_mixin.py:151} INFO - i7zkh3v
[2023-10-08T06:38:23.792+0000] {logging_mixin.py:151} INFO - i7ztkf2
[2023-10-08T06:38:25.226+0000] {logging_mixin.py:151} INFO - i7zzk4b
[2023-10-08T06:38:26.666+0000] {logging_mixin.py:151} INFO - i7z9bph
[2023-10-08T06:38:27.055+0000] {logging_mixin.py:151} INFO - i8029qw
[2023-10-08T06:38:28.479+0000] {logging_mixin.py:151} INFO - i84yjbd
[2023-10-08T06:38:28.914+0000] {logging_mixin.py:151} INFO - i7z793f
[2023-10-08T06:38:30.308+0000] {logging_mixin.py:151} INFO - i7yu0ce
[2023-10-08T06:38:30.697+0000] {logging_mixin.py:151} INFO - i7zjbne
[2023-10-08T06:38:32.195+0000] {logging_mixin.py:151} INFO - i7ysjge
[2023-10-08T06:38:35.212+0000] {logging_mixin.py:151} INFO - i7zjqqz
[2023-10-08T06:38:35.613+0000] {logging_mixin.py:151} INFO - i80uzet
[2023-10-08T06:38:36.092+0000] {logging_mixin.py:151} INFO - i7zddll
[2023-10-08T06:38:36.603+0000] {logging_mixin.py:151} INFO - i7zkmtt
[2023-10-08T06:38:37.119+0000] {logging_mixin.py:151} INFO - i7zpj8m
[2023-10-08T06:38:38.550+0000] {logging_mixin.py:151} INFO - i7ziv15
[2023-10-08T06:38:39.061+0000] {logging_mixin.py:151} INFO - i7z0hr4
[2023-10-08T06:38:40.447+0000] {logging_mixin.py:151} INFO - i7zroos
[2023-10-08T06:38:40.907+0000] {logging_mixin.py:151} INFO - i84jwds
[2023-10-08T06:38:42.402+0000] {logging_mixin.py:151} INFO - i8065fi
[2023-10-08T06:38:42.793+0000] {logging_mixin.py:151} INFO - i7z6akv
[2023-10-08T06:38:44.268+0000] {logging_mixin.py:151} INFO - i801lxk
[2023-10-08T06:38:44.780+0000] {logging_mixin.py:151} INFO - i81x1du
[2023-10-08T06:38:46.316+0000] {logging_mixin.py:151} INFO - i826vei
[2023-10-08T06:38:47.722+0000] {logging_mixin.py:151} INFO - i8007wn
[2023-10-08T06:38:48.163+0000] {logging_mixin.py:151} INFO - i82dcog
[2023-10-08T06:38:49.697+0000] {logging_mixin.py:151} INFO - i82txvd
[2023-10-08T06:38:50.204+0000] {logging_mixin.py:151} INFO - i82bpy4
[2023-10-08T06:38:51.745+0000] {logging_mixin.py:151} INFO - i802e11
[2023-10-08T06:38:52.157+0000] {logging_mixin.py:151} INFO - ibfkjs0
[2023-10-08T06:38:53.589+0000] {logging_mixin.py:151} INFO - i8gy039
[2023-10-08T06:38:54.104+0000] {logging_mixin.py:151} INFO - i8266eo
[2023-10-08T06:38:55.539+0000] {logging_mixin.py:151} INFO - ib5gw8v
[2023-10-08T06:38:55.951+0000] {logging_mixin.py:151} INFO - i8efrki
[2023-10-08T06:38:57.356+0000] {logging_mixin.py:151} INFO - i817yqm
[2023-10-08T06:38:57.914+0000] {logging_mixin.py:151} INFO - i8a6o0g
[2023-10-08T06:38:59.433+0000] {logging_mixin.py:151} INFO - i7z640d
[2023-10-08T06:38:59.841+0000] {logging_mixin.py:151} INFO - i7z6etd
[2023-10-08T06:39:01.993+0000] {logging_mixin.py:151} INFO - i806gpi
[2023-10-08T06:39:02.403+0000] {logging_mixin.py:151} INFO - i805z0j
[2023-10-08T06:39:02.812+0000] {logging_mixin.py:151} INFO - i7zy9p0
[2023-10-08T06:39:04.351+0000] {logging_mixin.py:151} INFO - i7zz58u
[2023-10-08T06:39:04.760+0000] {logging_mixin.py:151} INFO - i80rnml
[2023-10-08T06:39:06.196+0000] {logging_mixin.py:151} INFO - i7zh6ma
[2023-10-08T06:39:07.629+0000] {logging_mixin.py:151} INFO - i7zyu11
[2023-10-08T06:39:08.146+0000] {logging_mixin.py:151} INFO - i88z64s
[2023-10-08T06:39:09.680+0000] {logging_mixin.py:151} INFO - i7zxp0l
[2023-10-08T06:39:10.192+0000] {logging_mixin.py:151} INFO - i7yvwuf
[2023-10-08T06:39:11.627+0000] {logging_mixin.py:151} INFO - i7yv2jx
[2023-10-08T06:39:12.121+0000] {logging_mixin.py:151} INFO - i80uzxo
[2023-10-08T06:39:13.551+0000] {logging_mixin.py:151} INFO - i80t37j
[2023-10-08T06:39:13.961+0000] {logging_mixin.py:151} INFO - i8034u3
[2023-10-08T06:39:15.398+0000] {logging_mixin.py:151} INFO - i805gxh
[2023-10-08T06:39:15.772+0000] {logging_mixin.py:151} INFO - i82ddrg
[2023-10-08T06:39:17.244+0000] {logging_mixin.py:151} INFO - i8323ow
[2023-10-08T06:39:18.782+0000] {logging_mixin.py:151} INFO - i8nd4nr
[2023-10-08T06:39:19.294+0000] {logging_mixin.py:151} INFO - i8gwxg5
[2023-10-08T06:39:20.743+0000] {logging_mixin.py:151} INFO - i803adp
[2023-10-08T06:39:23.089+0000] {logging_mixin.py:151} INFO - i80o6vw
[2023-10-08T06:39:24.623+0000] {logging_mixin.py:151} INFO - i81v8hq
[2023-10-08T06:39:25.528+0000] {logging_mixin.py:151} INFO - i82mxwx
[2023-10-08T06:39:25.904+0000] {logging_mixin.py:151} INFO - ibicw6d
[2023-10-08T06:39:26.368+0000] {logging_mixin.py:151} INFO - i82i52w
[2023-10-08T06:39:26.873+0000] {logging_mixin.py:151} INFO - i7zwyuc
[2023-10-08T06:39:27.287+0000] {logging_mixin.py:151} INFO - i7zzjkv
[2023-10-08T06:39:27.796+0000] {logging_mixin.py:151} INFO - i8062s7
[2023-10-08T06:39:29.211+0000] {logging_mixin.py:151} INFO - i80p4lj
[2023-10-08T06:39:30.668+0000] {logging_mixin.py:151} INFO - i7zzp2x
[2023-10-08T06:39:31.093+0000] {logging_mixin.py:151} INFO - i7yx8e0
[2023-10-08T06:39:32.607+0000] {logging_mixin.py:151} INFO - i7ywqx6
[2023-10-08T06:39:33.237+0000] {logging_mixin.py:151} INFO - i7yzpe1
[2023-10-08T06:39:34.761+0000] {logging_mixin.py:151} INFO - i80u8xs
[2023-10-08T06:39:35.280+0000] {logging_mixin.py:151} INFO - i81163c
[2023-10-08T06:39:36.810+0000] {logging_mixin.py:151} INFO - i80147d
[2023-10-08T06:39:37.740+0000] {logging_mixin.py:151} INFO - i816p28
[2023-10-08T06:39:38.248+0000] {logging_mixin.py:151} INFO - i82mafc
[2023-10-08T06:39:39.784+0000] {logging_mixin.py:151} INFO - i80otgc
[2023-10-08T06:39:40.294+0000] {logging_mixin.py:151} INFO - i80uglc
[2023-10-08T06:39:41.711+0000] {logging_mixin.py:151} INFO - i7yywvl
[2023-10-08T06:39:42.228+0000] {logging_mixin.py:151} INFO - i7z0szi
[2023-10-08T06:39:43.660+0000] {logging_mixin.py:151} INFO - i7yzscb
[2023-10-08T06:39:44.045+0000] {logging_mixin.py:151} INFO - i813h74
[2023-10-08T06:39:45.444+0000] {logging_mixin.py:151} INFO - i81oikq
[2023-10-08T06:39:45.914+0000] {logging_mixin.py:151} INFO - i7yzles
[2023-10-08T06:39:47.316+0000] {logging_mixin.py:151} INFO - i7z2zw3
[2023-10-08T06:39:47.762+0000] {logging_mixin.py:151} INFO - i7z2ipp
[2023-10-08T06:39:49.297+0000] {logging_mixin.py:151} INFO - i82fi8k
[2023-10-08T06:39:54.798+0000] {logging_mixin.py:151} INFO - jqdroh4
[2023-10-08T06:39:56.164+0000] {logging_mixin.py:151} INFO - jqdutvv
[2023-10-08T06:39:56.674+0000] {logging_mixin.py:151} INFO - jqe0quj
[2023-10-08T06:39:57.187+0000] {logging_mixin.py:151} INFO - jqe5b5p
[2023-10-08T06:39:57.708+0000] {logging_mixin.py:151} INFO - jqe74be
[2023-10-08T06:39:58.212+0000] {logging_mixin.py:151} INFO - jqe86v5
[2023-10-08T06:39:58.623+0000] {logging_mixin.py:151} INFO - jqea742
[2023-10-08T06:39:59.138+0000] {logging_mixin.py:151} INFO - jqeded2
[2023-10-08T06:39:59.648+0000] {logging_mixin.py:151} INFO - jqdvv54
[2023-10-08T06:40:00.158+0000] {logging_mixin.py:151} INFO - jqe6klj
[2023-10-08T06:40:00.616+0000] {logging_mixin.py:151} INFO - jqe1gla
[2023-10-08T06:40:02.108+0000] {logging_mixin.py:151} INFO - jqed3r7
[2023-10-08T06:40:03.541+0000] {logging_mixin.py:151} INFO - jqe04et
[2023-10-08T06:40:03.920+0000] {logging_mixin.py:151} INFO - jqdqdwh
[2023-10-08T06:40:05.385+0000] {logging_mixin.py:151} INFO - jqeauz5
[2023-10-08T06:40:05.797+0000] {logging_mixin.py:151} INFO - jqe45xu
[2023-10-08T06:40:07.230+0000] {logging_mixin.py:151} INFO - jqeo21l
[2023-10-08T06:40:09.123+0000] {logging_mixin.py:151} INFO - jqebj11
[2023-10-08T06:40:09.517+0000] {logging_mixin.py:151} INFO - jqe0g6e
[2023-10-08T06:40:09.937+0000] {logging_mixin.py:151} INFO - jqe5mhe
[2023-10-08T06:40:11.430+0000] {logging_mixin.py:151} INFO - jqe97b3
[2023-10-08T06:40:11.825+0000] {logging_mixin.py:151} INFO - jqebnpr
[2023-10-08T06:40:13.259+0000] {logging_mixin.py:151} INFO - jqf763m
[2023-10-08T06:40:13.766+0000] {logging_mixin.py:151} INFO - jqe8lrf
[2023-10-08T06:40:15.163+0000] {logging_mixin.py:151} INFO - jqe054y
[2023-10-08T06:40:17.355+0000] {logging_mixin.py:151} INFO - jqei7fo
[2023-10-08T06:40:17.866+0000] {logging_mixin.py:151} INFO - jqepc6b
[2023-10-08T06:40:18.275+0000] {logging_mixin.py:151} INFO - jqf6vva
[2023-10-08T06:40:18.696+0000] {logging_mixin.py:151} INFO - jqfiksi
[2023-10-08T06:40:20.222+0000] {logging_mixin.py:151} INFO - jqfo1z7
[2023-10-08T06:40:21.612+0000] {logging_mixin.py:151} INFO - jqeisul
[2023-10-08T06:40:22.065+0000] {logging_mixin.py:151} INFO - jqe5l6y
[2023-10-08T06:40:23.504+0000] {logging_mixin.py:151} INFO - jqeafwb
[2023-10-08T06:40:23.988+0000] {logging_mixin.py:151} INFO - jqed4pl
[2023-10-08T06:40:25.450+0000] {logging_mixin.py:151} INFO - jqe754v
[2023-10-08T06:40:25.960+0000] {logging_mixin.py:151} INFO - jqeeoz1
[2023-10-08T06:40:27.461+0000] {logging_mixin.py:151} INFO - jqeh397
[2023-10-08T06:40:27.908+0000] {logging_mixin.py:151} INFO - jqeqt5g
[2023-10-08T06:40:29.343+0000] {logging_mixin.py:151} INFO - jqf2w69
[2023-10-08T06:40:29.710+0000] {logging_mixin.py:151} INFO - jqecojg
[2023-10-08T06:40:31.188+0000] {logging_mixin.py:151} INFO - jqeiz53
[2023-10-08T06:40:32.581+0000] {logging_mixin.py:151} INFO - jqemsiq
[2023-10-08T06:40:33.032+0000] {logging_mixin.py:151} INFO - jqftzl6
[2023-10-08T06:40:35.290+0000] {logging_mixin.py:151} INFO - jqe6rsf
[2023-10-08T06:40:36.417+0000] {logging_mixin.py:151} INFO - jqefvw6
[2023-10-08T06:40:36.824+0000] {logging_mixin.py:151} INFO - jqeiwzw
[2023-10-08T06:40:37.337+0000] {logging_mixin.py:151} INFO - jqek5eg
[2023-10-08T06:40:37.713+0000] {logging_mixin.py:151} INFO - jqfv4tn
[2023-10-08T06:40:39.177+0000] {logging_mixin.py:151} INFO - jqefy1a
[2023-10-08T06:40:40.714+0000] {logging_mixin.py:151} INFO - jqef72z
[2023-10-08T06:40:41.230+0000] {logging_mixin.py:151} INFO - jqeoaoy
[2023-10-08T06:40:42.746+0000] {logging_mixin.py:151} INFO - jqeu96c
[2023-10-08T06:40:43.158+0000] {logging_mixin.py:151} INFO - jqeyb19
[2023-10-08T06:40:44.666+0000] {logging_mixin.py:151} INFO - jqf29sc
[2023-10-08T06:40:45.107+0000] {logging_mixin.py:151} INFO - jqfdnux
[2023-10-08T06:40:46.536+0000] {logging_mixin.py:151} INFO - jqfft2j
[2023-10-08T06:40:46.947+0000] {logging_mixin.py:151} INFO - jqeg9ld
[2023-10-08T06:40:48.329+0000] {logging_mixin.py:151} INFO - jqeg6xf
[2023-10-08T06:40:48.722+0000] {logging_mixin.py:151} INFO - jqeihxg
[2023-10-08T06:40:50.232+0000] {logging_mixin.py:151} INFO - jqeoz6w
[2023-10-08T06:40:51.666+0000] {logging_mixin.py:151} INFO - jqep8lc
[2023-10-08T06:40:52.177+0000] {logging_mixin.py:151} INFO - jqeqbba
[2023-10-08T06:40:53.612+0000] {logging_mixin.py:151} INFO - jqeqean
[2023-10-08T06:40:54.124+0000] {logging_mixin.py:151} INFO - jqeqxv1
[2023-10-08T06:40:55.555+0000] {logging_mixin.py:151} INFO - jqh2cbm
[2023-10-08T06:40:55.945+0000] {logging_mixin.py:151} INFO - jqfho66
[2023-10-08T06:40:57.405+0000] {logging_mixin.py:151} INFO - jqe6nr6
[2023-10-08T06:40:57.820+0000] {logging_mixin.py:151} INFO - jqejs5b
[2023-10-08T06:40:59.248+0000] {logging_mixin.py:151} INFO - jqfimp6
[2023-10-08T06:40:59.757+0000] {logging_mixin.py:151} INFO - jqeivd5
[2023-10-08T06:41:01.192+0000] {logging_mixin.py:151} INFO - jqejj30
[2023-10-08T06:41:02.731+0000] {logging_mixin.py:151} INFO - jqetrwg
[2023-10-08T06:41:03.243+0000] {logging_mixin.py:151} INFO - jqf4k0o
[2023-10-08T06:41:04.675+0000] {logging_mixin.py:151} INFO - jqehwen
[2023-10-08T06:41:05.195+0000] {logging_mixin.py:151} INFO - jqelf57
[2023-10-08T06:41:06.626+0000] {logging_mixin.py:151} INFO - jqenat8
[2023-10-08T06:41:07.144+0000] {logging_mixin.py:151} INFO - jqeswyj
[2023-10-08T06:41:08.572+0000] {logging_mixin.py:151} INFO - jqetcd2
[2023-10-08T06:41:09.086+0000] {logging_mixin.py:151} INFO - jqf2662
[2023-10-08T06:41:10.517+0000] {logging_mixin.py:151} INFO - jqfa2tq
[2023-10-08T06:41:11.030+0000] {logging_mixin.py:151} INFO - jqfluzh
[2023-10-08T06:41:12.445+0000] {logging_mixin.py:151} INFO - jqfojg9
[2023-10-08T06:41:12.957+0000] {logging_mixin.py:151} INFO - jqfqes8
[2023-10-08T06:41:14.492+0000] {logging_mixin.py:151} INFO - jqfrqhw
[2023-10-08T06:41:15.006+0000] {logging_mixin.py:151} INFO - jqfuvvp
[2023-10-08T06:41:16.441+0000] {logging_mixin.py:151} INFO - jqgpnxo
[2023-10-08T06:41:17.068+0000] {logging_mixin.py:151} INFO - jqer492
[2023-10-08T06:41:18.753+0000] {logging_mixin.py:151} INFO - jqerk22
[2023-10-08T06:41:19.208+0000] {logging_mixin.py:151} INFO - jqesufd
[2023-10-08T06:41:20.744+0000] {logging_mixin.py:151} INFO - jqf055x
[2023-10-08T06:41:21.259+0000] {logging_mixin.py:151} INFO - jqf07xt
[2023-10-08T06:41:22.818+0000] {logging_mixin.py:151} INFO - jqf3bru
[2023-10-08T06:41:23.304+0000] {logging_mixin.py:151} INFO - jqf783a
[2023-10-08T06:41:23.817+0000] {logging_mixin.py:151} INFO - jqfagv7
[2023-10-08T06:41:25.714+0000] {logging_mixin.py:151} INFO - jqfe9lg
[2023-10-08T06:41:26.260+0000] {logging_mixin.py:151} INFO - jqflg1b
[2023-10-08T06:41:28.080+0000] {logging_mixin.py:151} INFO - jqfqvxm
[2023-10-08T06:41:28.754+0000] {logging_mixin.py:151} INFO - jqftfv6
[2023-10-08T06:41:29.454+0000] {logging_mixin.py:151} INFO - jqftxd6
[2023-10-08T06:41:30.982+0000] {logging_mixin.py:151} INFO - jqfuybd
[2023-10-08T06:41:31.674+0000] {logging_mixin.py:151} INFO - jqfv6qu
[2023-10-08T06:41:32.122+0000] {logging_mixin.py:151} INFO - jqfx4zz
[2023-10-08T06:41:33.555+0000] {logging_mixin.py:151} INFO - jqg6ay5
[2023-10-08T06:41:33.967+0000] {logging_mixin.py:151} INFO - jqgnkhb
[2023-10-08T06:41:35.397+0000] {logging_mixin.py:151} INFO - jqe5b25
[2023-10-08T06:41:35.912+0000] {logging_mixin.py:151} INFO - jqehrhg
[2023-10-08T06:41:37.447+0000] {logging_mixin.py:151} INFO - jqek3ew
[2023-10-08T06:41:37.854+0000] {logging_mixin.py:151} INFO - jqeq5kn
[2023-10-08T06:41:39.296+0000] {logging_mixin.py:151} INFO - jqerlt2
[2023-10-08T06:41:39.681+0000] {logging_mixin.py:151} INFO - jqew4s8
[2023-10-08T06:41:41.138+0000] {logging_mixin.py:151} INFO - jqexxt6
[2023-10-08T06:41:42.656+0000] {logging_mixin.py:151} INFO - jqf0ub1
[2023-10-08T06:41:43.163+0000] {logging_mixin.py:151} INFO - jqfbwft
[2023-10-08T06:41:44.599+0000] {logging_mixin.py:151} INFO - jqfffks
[2023-10-08T06:41:45.111+0000] {logging_mixin.py:151} INFO - jqfktws
[2023-10-08T06:41:46.487+0000] {logging_mixin.py:151} INFO - jqfpizi
[2023-10-08T06:41:46.956+0000] {logging_mixin.py:151} INFO - jqfsnlc
[2023-10-08T06:41:48.390+0000] {logging_mixin.py:151} INFO - jqfsyv4
[2023-10-08T06:41:48.799+0000] {logging_mixin.py:151} INFO - jqftbow
[2023-10-08T06:41:50.238+0000] {logging_mixin.py:151} INFO - jqftk26
[2023-10-08T06:41:50.612+0000] {logging_mixin.py:151} INFO - jqfv2kl
[2023-10-08T06:41:52.778+0000] {logging_mixin.py:151} INFO - jqfv7cj
[2023-10-08T06:41:54.232+0000] {logging_mixin.py:151} INFO - jqg0012
[2023-10-08T06:41:54.631+0000] {logging_mixin.py:151} INFO - jqg4zd9
[2023-10-08T06:41:55.055+0000] {logging_mixin.py:151} INFO - jqg638p
[2023-10-08T06:41:56.594+0000] {logging_mixin.py:151} INFO - jqf4sp3
[2023-10-08T06:41:57.105+0000] {logging_mixin.py:151} INFO - jqfad79
[2023-10-08T06:41:58.640+0000] {logging_mixin.py:151} INFO - jqfcpdz
[2023-10-08T06:41:59.070+0000] {logging_mixin.py:151} INFO - jqfctq0
[2023-10-08T06:42:00.588+0000] {logging_mixin.py:151} INFO - jqfl5pf
[2023-10-08T06:42:00.998+0000] {logging_mixin.py:151} INFO - jqfoq7x
[2023-10-08T06:42:02.536+0000] {logging_mixin.py:151} INFO - jqfq8i1
[2023-10-08T06:42:03.047+0000] {logging_mixin.py:151} INFO - jqftbo4
[2023-10-08T06:42:04.479+0000] {logging_mixin.py:151} INFO - jqfvtwb
[2023-10-08T06:42:04.894+0000] {logging_mixin.py:151} INFO - jqfxav4
[2023-10-08T06:42:06.311+0000] {logging_mixin.py:151} INFO - jqfyza4
[2023-10-08T06:42:06.738+0000] {logging_mixin.py:151} INFO - jqfzxj9
[2023-10-08T06:42:08.169+0000] {logging_mixin.py:151} INFO - jqg0bfv
[2023-10-08T06:42:09.571+0000] {logging_mixin.py:151} INFO - jqg1ra5
[2023-10-08T06:42:10.016+0000] {logging_mixin.py:151} INFO - jqg2gyl
[2023-10-08T06:42:11.447+0000] {logging_mixin.py:151} INFO - jqg3i40
[2023-10-08T06:42:11.841+0000] {logging_mixin.py:151} INFO - jqg3xfm
[2023-10-08T06:42:13.275+0000] {logging_mixin.py:151} INFO - jqg4yix
[2023-10-08T06:42:13.786+0000] {logging_mixin.py:151} INFO - jqg9d0m
[2023-10-08T06:42:15.228+0000] {logging_mixin.py:151} INFO - jqg9rn8
[2023-10-08T06:42:16.640+0000] {logging_mixin.py:151} INFO - jqgaxis
[2023-10-08T06:42:17.043+0000] {logging_mixin.py:151} INFO - jqgeksx
[2023-10-08T06:42:18.496+0000] {logging_mixin.py:151} INFO - jqgh4es
[2023-10-08T06:42:18.892+0000] {logging_mixin.py:151} INFO - jqgh9rb
[2023-10-08T06:42:20.338+0000] {logging_mixin.py:151} INFO - jqghq4t
[2023-10-08T06:42:20.754+0000] {logging_mixin.py:151} INFO - jqgj3ju
[2023-10-08T06:42:22.292+0000] {logging_mixin.py:151} INFO - jqgnlh2
[2023-10-08T06:42:23.726+0000] {logging_mixin.py:151} INFO - jqgs4l4
[2023-10-08T06:42:24.233+0000] {logging_mixin.py:151} INFO - jqgsbxh
[2023-10-08T06:42:25.673+0000] {logging_mixin.py:151} INFO - jqgv5xz
[2023-10-08T06:42:26.081+0000] {logging_mixin.py:151} INFO - jqhq1gz
[2023-10-08T06:42:27.496+0000] {logging_mixin.py:151} INFO - jqk0pjc
[2023-10-08T06:42:27.926+0000] {logging_mixin.py:151} INFO - jqk36ek
[2023-10-08T06:42:29.446+0000] {logging_mixin.py:151} INFO - jqkafcv
[2023-10-08T06:42:29.875+0000] {logging_mixin.py:151} INFO - jqetc79
[2023-10-08T06:42:31.290+0000] {logging_mixin.py:151} INFO - jqfgwj7
[2023-10-08T06:42:31.796+0000] {logging_mixin.py:151} INFO - jqgscxd
[2023-10-08T06:42:33.173+0000] {logging_mixin.py:151} INFO - jqduxv8
[2023-10-08T06:42:34.711+0000] {logging_mixin.py:151} INFO - jqferrh
[2023-10-08T06:42:35.261+0000] {logging_mixin.py:151} INFO - jqfhz6m
[2023-10-08T06:42:36.744+0000] {logging_mixin.py:151} INFO - jqe8x52
[2023-10-08T06:42:37.253+0000] {logging_mixin.py:151} INFO - jqek9yw
[2023-10-08T06:42:38.687+0000] {logging_mixin.py:151} INFO - jqdzxp0
[2023-10-08T06:42:39.816+0000] {logging_mixin.py:151} INFO - jqf5ojw
[2023-10-08T06:42:41.249+0000] {logging_mixin.py:151} INFO - jqe0zqo
[2023-10-08T06:42:41.743+0000] {logging_mixin.py:151} INFO - jqfldlv
[2023-10-08T06:42:42.253+0000] {logging_mixin.py:151} INFO - jqetury
[2023-10-08T06:42:43.791+0000] {logging_mixin.py:151} INFO - jqh04m9
[2023-10-08T06:42:44.199+0000] {logging_mixin.py:151} INFO - jqg1tbh
[2023-10-08T06:42:45.737+0000] {logging_mixin.py:151} INFO - jqgbb2k
[2023-10-08T06:42:46.247+0000] {logging_mixin.py:151} INFO - jqgbdj7
[2023-10-08T06:42:47.683+0000] {logging_mixin.py:151} INFO - jqgvtka
[2023-10-08T06:42:48.196+0000] {logging_mixin.py:151} INFO - jqjck7g
[2023-10-08T06:42:49.730+0000] {logging_mixin.py:151} INFO - jqhezth
[2023-10-08T06:42:50.141+0000] {logging_mixin.py:151} INFO - jqf8rrl
[2023-10-08T06:42:51.579+0000] {logging_mixin.py:151} INFO - jqfeds5
[2023-10-08T06:42:52.088+0000] {logging_mixin.py:151} INFO - jqg4wr5
[2023-10-08T06:42:53.525+0000] {logging_mixin.py:151} INFO - jqeawqv
[2023-10-08T06:42:54.037+0000] {logging_mixin.py:151} INFO - jqgchm9
[2023-10-08T06:42:55.572+0000] {logging_mixin.py:151} INFO - jqeksjs
[2023-10-08T06:42:56.089+0000] {logging_mixin.py:151} INFO - jqg82xl
[2023-10-08T06:42:57.538+0000] {logging_mixin.py:151} INFO - jqg9q7l
[2023-10-08T06:42:57.935+0000] {logging_mixin.py:151} INFO - jqfaqqc
[2023-10-08T06:42:59.368+0000] {logging_mixin.py:151} INFO - jqg8ll6
[2023-10-08T06:42:59.879+0000] {logging_mixin.py:151} INFO - jqgr767
[2023-10-08T06:43:01.414+0000] {logging_mixin.py:151} INFO - jqfjizj
[2023-10-08T06:43:01.927+0000] {logging_mixin.py:151} INFO - jqfrvhd
[2023-10-08T06:43:03.465+0000] {logging_mixin.py:151} INFO - jqe55pc
[2023-10-08T06:43:04.395+0000] {logging_mixin.py:151} INFO - jqe9cvn
[2023-10-08T06:43:04.902+0000] {logging_mixin.py:151} INFO - jqegkgh
[2023-10-08T06:43:06.544+0000] {logging_mixin.py:151} INFO - jqefo2q
[2023-10-08T06:43:07.054+0000] {logging_mixin.py:151} INFO - jqes03j
[2023-10-08T06:43:08.462+0000] {logging_mixin.py:151} INFO - jqfakx0
[2023-10-08T06:43:08.898+0000] {logging_mixin.py:151} INFO - jqgsjlg
[2023-10-08T06:43:10.302+0000] {logging_mixin.py:151} INFO - jrte2yc
[2023-10-08T06:43:10.748+0000] {logging_mixin.py:151} INFO - jqghv0b
[2023-10-08T06:43:12.156+0000] {logging_mixin.py:151} INFO - jqe7e1e
[2023-10-08T06:43:13.693+0000] {logging_mixin.py:151} INFO - jqeg8c2
[2023-10-08T06:43:14.206+0000] {logging_mixin.py:151} INFO - jqf4oje
[2023-10-08T06:43:15.638+0000] {logging_mixin.py:151} INFO - jqeymi7
[2023-10-08T06:43:16.152+0000] {logging_mixin.py:151} INFO - jqex7i6
[2023-10-08T06:43:17.578+0000] {logging_mixin.py:151} INFO - jqgg3on
[2023-10-08T06:43:17.998+0000] {logging_mixin.py:151} INFO - jqe8gud
[2023-10-08T06:43:19.434+0000] {logging_mixin.py:151} INFO - jqf90gu
[2023-10-08T06:43:19.822+0000] {logging_mixin.py:151} INFO - jqfuxqs
[2023-10-08T06:43:21.213+0000] {logging_mixin.py:151} INFO - jqfhlkr
[2023-10-08T06:43:21.621+0000] {logging_mixin.py:151} INFO - jqgmfvm
[2023-10-08T06:43:23.043+0000] {logging_mixin.py:151} INFO - jqe7i1q
[2023-10-08T06:43:24.941+0000] {logging_mixin.py:151} INFO - jqh7rh0
[2023-10-08T06:43:25.372+0000] {logging_mixin.py:151} INFO - jqh9xtj
[2023-10-08T06:43:25.782+0000] {logging_mixin.py:151} INFO - jqgz6uv
[2023-10-08T06:43:27.206+0000] {logging_mixin.py:151} INFO - jqeatxi
[2023-10-08T06:43:27.628+0000] {logging_mixin.py:151} INFO - jqfauqd
[2023-10-08T06:43:29.041+0000] {logging_mixin.py:151} INFO - jqeg11u
[2023-10-08T06:43:30.498+0000] {logging_mixin.py:151} INFO - jqephep
[2023-10-08T06:43:31.010+0000] {logging_mixin.py:151} INFO - jqeazon
[2023-10-08T06:43:32.447+0000] {logging_mixin.py:151} INFO - jqez5e5
[2023-10-08T06:43:32.960+0000] {logging_mixin.py:151} INFO - jqfkisb
[2023-10-08T06:43:34.492+0000] {logging_mixin.py:151} INFO - jqfnx6a
[2023-10-08T06:43:34.864+0000] {logging_mixin.py:151} INFO - jqfrfwy
[2023-10-08T06:43:37.158+0000] {logging_mixin.py:151} INFO - jqgaueq
[2023-10-08T06:43:37.569+0000] {logging_mixin.py:151} INFO - jqg1bk6
[2023-10-08T06:43:38.778+0000] {logging_mixin.py:151} INFO - jqgdat7
[2023-10-08T06:43:40.224+0000] {logging_mixin.py:151} INFO - jqf8srz
[2023-10-08T06:43:41.154+0000] {logging_mixin.py:151} INFO - jqf6oe2
[2023-10-08T06:43:41.645+0000] {logging_mixin.py:151} INFO - jqkwre6
[2023-10-08T06:43:42.163+0000] {logging_mixin.py:151} INFO - jqeguhf
[2023-10-08T06:43:43.693+0000] {logging_mixin.py:151} INFO - jqf8odd
[2023-10-08T06:43:44.210+0000] {logging_mixin.py:151} INFO - jqg2yt1
[2023-10-08T06:43:45.640+0000] {logging_mixin.py:151} INFO - jqgjjat
[2023-10-08T06:43:46.153+0000] {logging_mixin.py:151} INFO - jqgpe0e
[2023-10-08T06:43:47.574+0000] {logging_mixin.py:151} INFO - jqdw9q9
[2023-10-08T06:43:47.999+0000] {logging_mixin.py:151} INFO - jqe74wz
[2023-10-08T06:43:49.404+0000] {logging_mixin.py:151} INFO - jqe4s19
[2023-10-08T06:43:49.815+0000] {logging_mixin.py:151} INFO - jqe7cif
[2023-10-08T06:43:51.277+0000] {logging_mixin.py:151} INFO - jqfjhzv
[2023-10-08T06:43:52.707+0000] {logging_mixin.py:151} INFO - jqemm9l
[2023-10-08T06:43:53.121+0000] {logging_mixin.py:151} INFO - jqfi1g0
[2023-10-08T06:43:54.558+0000] {logging_mixin.py:151} INFO - jqen52u
[2023-10-08T06:43:54.952+0000] {logging_mixin.py:151} INFO - jqgbovh
[2023-10-08T06:43:56.401+0000] {logging_mixin.py:151} INFO - jqenafg
[2023-10-08T06:43:56.903+0000] {logging_mixin.py:151} INFO - jqgyqxu
[2023-10-08T06:43:58.348+0000] {logging_mixin.py:151} INFO - jqu2a80
[2023-10-08T06:43:58.862+0000] {logging_mixin.py:151} INFO - jqgxgq8
[2023-10-08T06:44:00.397+0000] {logging_mixin.py:151} INFO - jqe9rpp
[2023-10-08T06:44:00.912+0000] {logging_mixin.py:151} INFO - jqf1799
[2023-10-08T06:44:02.342+0000] {logging_mixin.py:151} INFO - jqem8hs
[2023-10-08T06:44:02.859+0000] {logging_mixin.py:151} INFO - jqfc3k8
[2023-10-08T06:44:04.396+0000] {logging_mixin.py:151} INFO - jqu2yw2
[2023-10-08T06:44:04.908+0000] {logging_mixin.py:151} INFO - jqfhkp4
[2023-10-08T06:44:06.444+0000] {logging_mixin.py:151} INFO - jqetl1g
[2023-10-08T06:44:06.956+0000] {logging_mixin.py:151} INFO - jqfc31e
[2023-10-08T06:44:08.391+0000] {logging_mixin.py:151} INFO - jqevgwi
[2023-10-08T06:44:08.797+0000] {logging_mixin.py:151} INFO - jqf30j3
[2023-10-08T06:44:10.197+0000] {logging_mixin.py:151} INFO - jqg8842
[2023-10-08T06:44:11.649+0000] {logging_mixin.py:151} INFO - jqhwhgx
[2023-10-08T06:44:12.162+0000] {logging_mixin.py:151} INFO - jqem2fs
[2023-10-08T06:44:13.706+0000] {logging_mixin.py:151} INFO - jqdqepr
[2023-10-08T06:44:14.212+0000] {logging_mixin.py:151} INFO - jqer4cv
[2023-10-08T06:44:15.760+0000] {logging_mixin.py:151} INFO - jqfkgud
[2023-10-08T06:44:16.148+0000] {logging_mixin.py:151} INFO - jqedvww
[2023-10-08T06:44:17.590+0000] {logging_mixin.py:151} INFO - jqf7i2k
[2023-10-08T06:44:17.991+0000] {logging_mixin.py:151} INFO - jqh1zaz
[2023-10-08T06:44:19.470+0000] {logging_mixin.py:151} INFO - jqu7n1h
[2023-10-08T06:44:19.951+0000] {logging_mixin.py:151} INFO - jqempzm
[2023-10-08T06:44:21.385+0000] {logging_mixin.py:151} INFO - jqflpdq
[2023-10-08T06:44:21.785+0000] {logging_mixin.py:151} INFO - jqjpe7a
[2023-10-08T06:44:23.229+0000] {logging_mixin.py:151} INFO - jqeuq3e
[2023-10-08T06:44:24.630+0000] {logging_mixin.py:151} INFO - jrzx3ao
[2023-10-08T06:44:25.074+0000] {logging_mixin.py:151} INFO - jqe6w96
[2023-10-08T06:44:26.485+0000] {logging_mixin.py:151} INFO - jqeoyxd
[2023-10-08T06:44:26.915+0000] {logging_mixin.py:151} INFO - jqf7ev8
[2023-10-08T06:44:28.451+0000] {logging_mixin.py:151} INFO - jqewi6h
[2023-10-08T06:44:28.967+0000] {logging_mixin.py:151} INFO - jqh1j3e
[2023-10-08T06:44:30.332+0000] {logging_mixin.py:151} INFO - jqewcdu
[2023-10-08T06:44:30.815+0000] {logging_mixin.py:151} INFO - jqegbxc
[2023-10-08T06:44:32.245+0000] {logging_mixin.py:151} INFO - jqh8uh7
[2023-10-08T06:44:33.683+0000] {logging_mixin.py:151} INFO - jqfd90d
[2023-10-08T06:44:34.195+0000] {logging_mixin.py:151} INFO - jqfmalk
[2023-10-08T06:44:35.609+0000] {logging_mixin.py:151} INFO - jqffia2
[2023-10-08T06:44:36.005+0000] {logging_mixin.py:151} INFO - jqfzte5
[2023-10-08T06:44:37.471+0000] {logging_mixin.py:151} INFO - jqgbugh
[2023-10-08T06:44:37.886+0000] {logging_mixin.py:151} INFO - jqf23za
[2023-10-08T06:44:39.316+0000] {logging_mixin.py:151} INFO - jqf4bfw
[2023-10-08T06:44:39.698+0000] {logging_mixin.py:151} INFO - jqmjp8f
[2023-10-08T06:44:41.164+0000] {logging_mixin.py:151} INFO - jqh24gz
[2023-10-08T06:44:42.578+0000] {logging_mixin.py:151} INFO - jqg2rdw
[2023-10-08T06:44:42.988+0000] {logging_mixin.py:151} INFO - jqerdvq
[2023-10-08T06:44:44.522+0000] {logging_mixin.py:151} INFO - jqes191
[2023-10-08T06:44:45.033+0000] {logging_mixin.py:151} INFO - jqef1tj
[2023-10-08T06:44:46.471+0000] {logging_mixin.py:151} INFO - jqeb4qu
[2023-10-08T06:44:46.982+0000] {logging_mixin.py:151} INFO - jqff5yk
[2023-10-08T06:44:48.520+0000] {logging_mixin.py:151} INFO - jqehv09
[2023-10-08T06:44:48.889+0000] {logging_mixin.py:151} INFO - jqem8vv
[2023-10-08T06:44:50.364+0000] {logging_mixin.py:151} INFO - jqfdwjr
[2023-10-08T06:44:50.792+0000] {logging_mixin.py:151} INFO - jqee9zm
[2023-10-08T06:44:52.315+0000] {logging_mixin.py:151} INFO - jqeu1ct
[2023-10-08T06:44:53.818+0000] {logging_mixin.py:151} INFO - jqgh6bh
[2023-10-08T06:44:54.201+0000] {logging_mixin.py:151} INFO - jqehdac
[2023-10-08T06:44:55.695+0000] {logging_mixin.py:151} INFO - jr3v03h
[2023-10-08T06:44:56.205+0000] {logging_mixin.py:151} INFO - jqflu9n
[2023-10-08T06:44:57.638+0000] {logging_mixin.py:151} INFO - jqf2uu2
[2023-10-08T06:44:58.050+0000] {logging_mixin.py:151} INFO - jqhytce
[2023-10-08T06:44:59.484+0000] {logging_mixin.py:151} INFO - jqh7xe1
[2023-10-08T06:45:02.144+0000] {logging_mixin.py:151} INFO - jqh36lq
[2023-10-08T06:45:03.682+0000] {logging_mixin.py:151} INFO - jqg308x
[2023-10-08T06:45:04.197+0000] {logging_mixin.py:151} INFO - jqfefsf
[2023-10-08T06:45:04.707+0000] {logging_mixin.py:151} INFO - jqfzqey
[2023-10-08T06:45:05.224+0000] {logging_mixin.py:151} INFO - jr3gyol
[2023-10-08T06:45:05.735+0000] {logging_mixin.py:151} INFO - jqhkv3x
[2023-10-08T06:45:06.248+0000] {logging_mixin.py:151} INFO - jqefy3s
[2023-10-08T06:45:07.782+0000] {logging_mixin.py:151} INFO - jqghuvr
[2023-10-08T06:45:08.298+0000] {logging_mixin.py:151} INFO - jqgrd97
[2023-10-08T06:45:09.837+0000] {logging_mixin.py:151} INFO - jqfh0n2
[2023-10-08T06:45:11.270+0000] {logging_mixin.py:151} INFO - jqfkgzu
[2023-10-08T06:45:11.758+0000] {logging_mixin.py:151} INFO - jqfolri
[2023-10-08T06:45:12.174+0000] {logging_mixin.py:151} INFO - jqev97j
[2023-10-08T06:45:13.607+0000] {logging_mixin.py:151} INFO - jqfewg0
[2023-10-08T06:45:14.118+0000] {logging_mixin.py:151} INFO - jqh2gut
[2023-10-08T06:45:15.655+0000] {logging_mixin.py:151} INFO - jqeii6x
[2023-10-08T06:45:16.092+0000] {logging_mixin.py:151} INFO - jqeo62n
[2023-10-08T06:45:17.508+0000] {logging_mixin.py:151} INFO - jqes49u
[2023-10-08T06:45:17.900+0000] {logging_mixin.py:151} INFO - jr3k4hk
[2023-10-08T06:45:19.309+0000] {logging_mixin.py:151} INFO - jr3l21j
[2023-10-08T06:45:19.815+0000] {logging_mixin.py:151} INFO - jqss1ow
[2023-10-08T06:45:21.293+0000] {logging_mixin.py:151} INFO - jufl5xf
[2023-10-08T06:45:21.803+0000] {logging_mixin.py:151} INFO - jqfr03u
[2023-10-08T06:45:23.235+0000] {logging_mixin.py:151} INFO - jqfywuh
[2023-10-08T06:45:24.673+0000] {logging_mixin.py:151} INFO - jqeayhl
[2023-10-08T06:45:25.082+0000] {logging_mixin.py:151} INFO - jqg9i63
[2023-10-08T06:45:27.487+0000] {logging_mixin.py:151} INFO - jqg984h
[2023-10-08T06:45:27.883+0000] {logging_mixin.py:151} INFO - jqg64ws
[2023-10-08T06:45:28.286+0000] {logging_mixin.py:151} INFO - jqha717
[2023-10-08T06:45:28.640+0000] {logging_mixin.py:151} INFO - jr3vk8x
[2023-10-08T06:45:30.028+0000] {logging_mixin.py:151} INFO - jqfjqca
[2023-10-08T06:45:31.425+0000] {logging_mixin.py:151} INFO - jqfqd3d
[2023-10-08T06:45:31.951+0000] {logging_mixin.py:151} INFO - jsschy2
[2023-10-08T06:45:33.378+0000] {logging_mixin.py:151} INFO - jqfr8nq
[2023-10-08T06:45:33.791+0000] {logging_mixin.py:151} INFO - jqhyggu
[2023-10-08T06:45:35.506+0000] {logging_mixin.py:151} INFO - jqfxc2h
[2023-10-08T06:45:36.091+0000] {logging_mixin.py:151} INFO - jqfq6mw
[2023-10-08T06:50:57.649+0000] {sessions.py:161} WARNING - Retrying due to ConnectionError(ProtocolError('Connection aborted.', RemoteDisconnected('Remote end closed connection without response'))) status: GET https://oauth.reddit.com/api/info/
[2023-10-08T06:50:59.985+0000] {logging_mixin.py:151} INFO - jqkhvgp
[2023-10-08T06:51:00.531+0000] {logging_mixin.py:151} INFO - jqfdhrx
[2023-10-08T06:51:00.933+0000] {logging_mixin.py:151} INFO - jqekq3c
[2023-10-08T06:51:01.342+0000] {logging_mixin.py:151} INFO - jqezmjl
[2023-10-08T06:51:01.730+0000] {logging_mixin.py:151} INFO - jqfaiyr
[2023-10-08T06:51:02.165+0000] {logging_mixin.py:151} INFO - jqjf5h3
[2023-10-08T06:51:02.558+0000] {logging_mixin.py:151} INFO - jqexzsh
[2023-10-08T06:51:03.056+0000] {logging_mixin.py:151} INFO - jqggge4
[2023-10-08T06:51:03.451+0000] {logging_mixin.py:151} INFO - jqgq3gr
[2023-10-08T06:51:03.828+0000] {logging_mixin.py:151} INFO - jqekzg2
[2023-10-08T06:51:04.229+0000] {logging_mixin.py:151} INFO - jqewa59
[2023-10-08T06:51:04.763+0000] {logging_mixin.py:151} INFO - jqf408d
[2023-10-08T06:51:05.146+0000] {logging_mixin.py:151} INFO - jqgf01i
[2023-10-08T06:51:05.568+0000] {logging_mixin.py:151} INFO - jqgdkju
[2023-10-08T06:51:05.980+0000] {logging_mixin.py:151} INFO - jqgi731
[2023-10-08T06:51:06.404+0000] {logging_mixin.py:151} INFO - jqh6bjn
[2023-10-08T06:51:06.781+0000] {logging_mixin.py:151} INFO - jqo9b4r
[2023-10-08T06:51:07.174+0000] {logging_mixin.py:151} INFO - jqpecz2
[2023-10-08T06:51:07.566+0000] {logging_mixin.py:151} INFO - jqesk3y
[2023-10-08T06:51:07.968+0000] {logging_mixin.py:151} INFO - jqesl5o
[2023-10-08T06:51:08.025+0000] {local_task_job_runner.py:294} WARNING - State of this instance has been externally set to up_for_retry. Terminating instance.
[2023-10-08T06:51:08.028+0000] {process_utils.py:131} INFO - Sending 15 to group 1624. PIDs of all processes in the group: [1624]
[2023-10-08T06:51:08.029+0000] {process_utils.py:86} INFO - Sending the signal 15 to group 1624
[2023-10-08T06:51:08.031+0000] {taskinstance.py:1632} ERROR - Received SIGTERM. Terminating subprocesses.
[2023-10-08T06:51:08.033+0000] {taskinstance.py:1943} ERROR - Task failed with exception
Traceback (most recent call last):
  File "/home/airflow/.local/lib/python3.8/site-packages/airflow/operators/python.py", line 192, in execute
    return_value = self.execute_callable()
  File "/home/airflow/.local/lib/python3.8/site-packages/airflow/operators/python.py", line 209, in execute_callable
    return self.python_callable(*self.op_args, **self.op_kwargs)
  File "/opt/airflow/plugins/reddit_data_extractor.py", line 103, in extract_post_comment
    post_comments["comment_auther"].append(comment_data.author if comment_data.author else '')
  File "/home/airflow/.local/lib/python3.8/site-packages/praw/models/reddit/base.py", line 35, in __getattr__
    self._fetch()
  File "/home/airflow/.local/lib/python3.8/site-packages/praw/models/reddit/comment.py", line 188, in _fetch
    data = self._fetch_data()
  File "/home/airflow/.local/lib/python3.8/site-packages/praw/models/reddit/base.py", line 89, in _fetch_data
    return self._reddit.request(method="GET", params=params, path=path)
  File "/home/airflow/.local/lib/python3.8/site-packages/praw/util/deprecate_args.py", line 43, in wrapped
    return func(**dict(zip(_old_args, args)), **kwargs)
  File "/home/airflow/.local/lib/python3.8/site-packages/praw/reddit.py", line 941, in request
    return self._core.request(
  File "/home/airflow/.local/lib/python3.8/site-packages/prawcore/sessions.py", line 328, in request
    return self._request_with_retries(
  File "/home/airflow/.local/lib/python3.8/site-packages/prawcore/sessions.py", line 234, in _request_with_retries
    response, saved_exception = self._make_request(
  File "/home/airflow/.local/lib/python3.8/site-packages/prawcore/sessions.py", line 186, in _make_request
    response = self._rate_limiter.call(
  File "/home/airflow/.local/lib/python3.8/site-packages/prawcore/rate_limit.py", line 47, in call
    response = request_function(*args, **kwargs)
  File "/home/airflow/.local/lib/python3.8/site-packages/prawcore/requestor.py", line 70, in request
    raise RequestException(exc, args, kwargs) from None
prawcore.exceptions.RequestException: error with request Task received SIGTERM signal
[2023-10-08T06:51:08.061+0000] {taskinstance.py:1400} INFO - Marking task as FAILED. dag_id=Reddit_Post_Comment_Dag, task_id=extract_post_comment_task, execution_date=20231008T063137, start_date=20231008T063149, end_date=20231008T065108
[2023-10-08T06:51:08.085+0000] {standard_task_runner.py:104} ERROR - Failed to execute job 165 for task extract_post_comment_task (error with request Task received SIGTERM signal; 1624)
[2023-10-08T06:51:08.124+0000] {process_utils.py:79} INFO - Process psutil.Process(pid=1624, status='terminated', exitcode=1, started='06:31:48') (1624) terminated with exit code 1
