[2023-10-08T05:13:07.229+0000] {taskinstance.py:1159} INFO - Dependencies all met for dep_context=non-requeueable deps ti=<TaskInstance: Reddit_Post_Comment_Dag.extract_post_comment_task manual__2023-10-08T05:13:00.592367+00:00 [queued]>
[2023-10-08T05:13:07.244+0000] {taskinstance.py:1159} INFO - Dependencies all met for dep_context=requeueable deps ti=<TaskInstance: Reddit_Post_Comment_Dag.extract_post_comment_task manual__2023-10-08T05:13:00.592367+00:00 [queued]>
[2023-10-08T05:13:07.245+0000] {taskinstance.py:1361} INFO - Starting attempt 1 of 2
[2023-10-08T05:13:07.263+0000] {taskinstance.py:1382} INFO - Executing <Task(PythonOperator): extract_post_comment_task> on 2023-10-08 05:13:00.592367+00:00
[2023-10-08T05:13:07.273+0000] {standard_task_runner.py:57} INFO - Started process 354 to run task
[2023-10-08T05:13:07.279+0000] {standard_task_runner.py:84} INFO - Running: ['***', 'tasks', 'run', 'Reddit_Post_Comment_Dag', 'extract_post_comment_task', 'manual__2023-10-08T05:13:00.592367+00:00', '--job-id', '147', '--raw', '--subdir', 'DAGS_FOLDER/reddit_post_comment_dag.py', '--cfg-path', '/tmp/tmpsnxix_e8']
[2023-10-08T05:13:07.284+0000] {standard_task_runner.py:85} INFO - Job 147: Subtask extract_post_comment_task
[2023-10-08T05:13:07.355+0000] {task_command.py:415} INFO - Running <TaskInstance: Reddit_Post_Comment_Dag.extract_post_comment_task manual__2023-10-08T05:13:00.592367+00:00 [running]> on host 88aca7bb4134
[2023-10-08T05:13:07.731+0000] {taskinstance.py:1660} INFO - Exporting env vars: AIRFLOW_CTX_DAG_OWNER='***' AIRFLOW_CTX_DAG_ID='Reddit_Post_Comment_Dag' AIRFLOW_CTX_TASK_ID='extract_post_comment_task' AIRFLOW_CTX_EXECUTION_DATE='2023-10-08T05:13:00.592367+00:00' AIRFLOW_CTX_TRY_NUMBER='1' AIRFLOW_CTX_DAG_RUN_ID='manual__2023-10-08T05:13:00.592367+00:00'
[2023-10-08T05:13:09.790+0000] {logging_mixin.py:151} INFO - jr9z33l
[2023-10-08T05:13:10.268+0000] {logging_mixin.py:151} INFO - jr9u2ea
[2023-10-08T05:13:10.784+0000] {logging_mixin.py:151} INFO - jrb2xth
[2023-10-08T05:13:11.298+0000] {logging_mixin.py:151} INFO - jraq98s
[2023-10-08T05:13:11.808+0000] {logging_mixin.py:151} INFO - jrbjq79
[2023-10-08T05:13:12.216+0000] {logging_mixin.py:151} INFO - jramaei
[2023-10-08T05:13:12.606+0000] {logging_mixin.py:151} INFO - jrbi3az
[2023-10-08T05:13:13.019+0000] {logging_mixin.py:151} INFO - jrab0yq
[2023-10-08T05:13:13.450+0000] {logging_mixin.py:151} INFO - jrb8ikh
[2023-10-08T05:13:13.895+0000] {logging_mixin.py:151} INFO - jrbgec0
[2023-10-08T05:13:14.370+0000] {logging_mixin.py:151} INFO - jrbfnwq
[2023-10-08T05:13:14.783+0000] {logging_mixin.py:151} INFO - jrau6n8
[2023-10-08T05:13:15.144+0000] {logging_mixin.py:151} INFO - jra3p2m
[2023-10-08T05:13:15.579+0000] {logging_mixin.py:151} INFO - jrc09u4
[2023-10-08T05:13:15.971+0000] {logging_mixin.py:151} INFO - jrewqom
[2023-10-08T05:13:16.500+0000] {logging_mixin.py:151} INFO - jraho95
[2023-10-08T05:13:16.885+0000] {logging_mixin.py:151} INFO - jrax0y1
[2023-10-08T05:13:17.299+0000] {logging_mixin.py:151} INFO - jrbynhu
[2023-10-08T05:13:17.715+0000] {logging_mixin.py:151} INFO - jrc4pl0
[2023-10-08T05:13:18.112+0000] {logging_mixin.py:151} INFO - jracx4r
[2023-10-08T05:13:18.494+0000] {logging_mixin.py:151} INFO - jrcvn4e
[2023-10-08T05:13:18.875+0000] {logging_mixin.py:151} INFO - jrah2q4
[2023-10-08T05:13:19.367+0000] {logging_mixin.py:151} INFO - jrdmsiw
[2023-10-08T05:13:19.751+0000] {logging_mixin.py:151} INFO - jrevyx4
[2023-10-08T05:13:20.153+0000] {logging_mixin.py:151} INFO - jrak5gh
[2023-10-08T05:13:20.544+0000] {logging_mixin.py:151} INFO - jrah7je
[2023-10-08T05:13:21.012+0000] {logging_mixin.py:151} INFO - jrao67t
[2023-10-08T05:13:21.407+0000] {logging_mixin.py:151} INFO - jrbzm13
[2023-10-08T05:13:21.779+0000] {logging_mixin.py:151} INFO - jram7mq
[2023-10-08T05:13:22.176+0000] {logging_mixin.py:151} INFO - jravdpa
[2023-10-08T05:13:22.577+0000] {logging_mixin.py:151} INFO - jrbk3oe
[2023-10-08T05:13:22.971+0000] {logging_mixin.py:151} INFO - jrgnhd0
[2023-10-08T05:13:23.362+0000] {logging_mixin.py:151} INFO - jraoofv
[2023-10-08T05:13:23.773+0000] {logging_mixin.py:151} INFO - jraj6zj
[2023-10-08T05:13:24.388+0000] {logging_mixin.py:151} INFO - jrapfbh
[2023-10-08T05:13:24.776+0000] {logging_mixin.py:151} INFO - jr9v4ed
[2023-10-08T05:13:25.310+0000] {logging_mixin.py:151} INFO - jrb7b4u
[2023-10-08T05:13:25.820+0000] {logging_mixin.py:151} INFO - jravq4c
[2023-10-08T05:13:26.334+0000] {logging_mixin.py:151} INFO - jraobjh
[2023-10-08T05:13:26.846+0000] {logging_mixin.py:151} INFO - jraeoy3
[2023-10-08T05:13:27.258+0000] {logging_mixin.py:151} INFO - jrars6a
[2023-10-08T05:13:27.771+0000] {logging_mixin.py:151} INFO - jrbcsvk
[2023-10-08T05:13:28.183+0000] {logging_mixin.py:151} INFO - jrbfjsg
[2023-10-08T05:13:28.692+0000] {logging_mixin.py:151} INFO - jrbgukt
[2023-10-08T05:13:29.209+0000] {logging_mixin.py:151} INFO - jrbyj7d
[2023-10-08T05:13:29.606+0000] {logging_mixin.py:151} INFO - jrbai0u
[2023-10-08T05:13:30.461+0000] {logging_mixin.py:151} INFO - jra3m2g
[2023-10-08T05:13:30.865+0000] {logging_mixin.py:151} INFO - jraqfyt
[2023-10-08T05:13:31.243+0000] {logging_mixin.py:151} INFO - jrbuoxv
[2023-10-08T05:13:31.642+0000] {logging_mixin.py:151} INFO - jrckgbs
[2023-10-08T05:13:32.076+0000] {logging_mixin.py:151} INFO - jrcoc4x
[2023-10-08T05:13:32.470+0000] {logging_mixin.py:151} INFO - jrcpb98
[2023-10-08T05:13:32.862+0000] {logging_mixin.py:151} INFO - jrczcsp
[2023-10-08T05:13:33.247+0000] {logging_mixin.py:151} INFO - jrd36i2
[2023-10-08T05:13:33.646+0000] {logging_mixin.py:151} INFO - jrdosee
[2023-10-08T05:13:34.124+0000] {logging_mixin.py:151} INFO - jrdx9da
[2023-10-08T05:13:34.536+0000] {logging_mixin.py:151} INFO - jre4j8g
[2023-10-08T05:13:34.918+0000] {logging_mixin.py:151} INFO - jtla0xz
[2023-10-08T05:13:35.352+0000] {logging_mixin.py:151} INFO - jraojt7
[2023-10-08T05:13:35.866+0000] {logging_mixin.py:151} INFO - jrbmn74
[2023-10-08T05:13:36.378+0000] {logging_mixin.py:151} INFO - jr9zape
[2023-10-08T05:13:36.896+0000] {logging_mixin.py:151} INFO - jrcb9ki
[2023-10-08T05:13:37.305+0000] {logging_mixin.py:151} INFO - jra623e
[2023-10-08T05:13:37.709+0000] {logging_mixin.py:151} INFO - jrbnbwp
[2023-10-08T05:13:38.106+0000] {logging_mixin.py:151} INFO - jrbk82y
[2023-10-08T05:13:38.478+0000] {logging_mixin.py:151} INFO - jrd7v7p
[2023-10-08T05:13:38.853+0000] {logging_mixin.py:151} INFO - jrh2ki5
[2023-10-08T05:13:39.258+0000] {logging_mixin.py:151} INFO - jrcy182
[2023-10-08T05:13:39.644+0000] {logging_mixin.py:151} INFO - jrbqj74
[2023-10-08T05:13:40.034+0000] {logging_mixin.py:151} INFO - jrdls2a
[2023-10-08T05:13:40.419+0000] {logging_mixin.py:151} INFO - jrf8z62
[2023-10-08T05:13:40.826+0000] {logging_mixin.py:151} INFO - jraczhn
[2023-10-08T05:13:41.221+0000] {logging_mixin.py:151} INFO - jrq4msz
[2023-10-08T05:13:41.636+0000] {logging_mixin.py:151} INFO - jrewwux
[2023-10-08T05:13:42.056+0000] {logging_mixin.py:151} INFO - jrba5pf
[2023-10-08T05:13:42.532+0000] {logging_mixin.py:151} INFO - jrbgd3q
[2023-10-08T05:13:42.955+0000] {logging_mixin.py:151} INFO - jrb09f3
[2023-10-08T05:13:43.450+0000] {logging_mixin.py:151} INFO - jra64i6
[2023-10-08T05:13:43.862+0000] {logging_mixin.py:151} INFO - jrb6722
[2023-10-08T05:13:44.368+0000] {logging_mixin.py:151} INFO - jrex5xm
[2023-10-08T05:13:44.757+0000] {logging_mixin.py:151} INFO - jrakxqe
[2023-10-08T05:13:45.173+0000] {logging_mixin.py:151} INFO - jradmyc
[2023-10-08T05:13:45.685+0000] {logging_mixin.py:151} INFO - jrahgxg
[2023-10-08T05:13:46.090+0000] {logging_mixin.py:151} INFO - jrakl0o
[2023-10-08T05:13:46.504+0000] {logging_mixin.py:151} INFO - jrf0vr9
[2023-10-08T05:13:47.029+0000] {logging_mixin.py:151} INFO - js4da12
[2023-10-08T05:13:47.532+0000] {logging_mixin.py:151} INFO - jrajc4b
[2023-10-08T05:13:47.955+0000] {logging_mixin.py:151} INFO - jrbln27
[2023-10-08T05:13:48.338+0000] {logging_mixin.py:151} INFO - jrbo7mm
[2023-10-08T05:13:48.863+0000] {logging_mixin.py:151} INFO - jrbb8if
[2023-10-08T05:13:49.372+0000] {logging_mixin.py:151} INFO - jra0fsb
[2023-10-08T05:13:49.767+0000] {logging_mixin.py:151} INFO - jrb0rht
[2023-10-08T05:13:50.299+0000] {logging_mixin.py:151} INFO - jra7bcc
[2023-10-08T05:13:50.808+0000] {logging_mixin.py:151} INFO - jre8zhw
[2023-10-08T05:13:51.216+0000] {logging_mixin.py:151} INFO - jragw3x
[2023-10-08T05:13:51.608+0000] {logging_mixin.py:151} INFO - jrb6o93
[2023-10-08T05:13:52.003+0000] {logging_mixin.py:151} INFO - jrhzhwm
[2023-10-08T05:13:52.397+0000] {logging_mixin.py:151} INFO - jrbgfmx
[2023-10-08T05:13:52.774+0000] {logging_mixin.py:151} INFO - jrbbuca
[2023-10-08T05:13:53.168+0000] {logging_mixin.py:151} INFO - jrbd6e7
[2023-10-08T05:13:53.550+0000] {logging_mixin.py:151} INFO - jrcot4f
[2023-10-08T05:13:53.987+0000] {logging_mixin.py:151} INFO - jrbo16x
[2023-10-08T05:13:54.377+0000] {logging_mixin.py:151} INFO - jra6rb5
[2023-10-08T05:13:54.803+0000] {logging_mixin.py:151} INFO - jrcx9wp
[2023-10-08T05:13:55.209+0000] {logging_mixin.py:151} INFO - jras81s
[2023-10-08T05:13:55.622+0000] {logging_mixin.py:151} INFO - jraqjbt
[2023-10-08T05:13:56.022+0000] {logging_mixin.py:151} INFO - jrbbb70
[2023-10-08T05:13:56.396+0000] {logging_mixin.py:151} INFO - jrazdwt
[2023-10-08T05:13:56.853+0000] {logging_mixin.py:151} INFO - jrbr5xv
[2023-10-08T05:13:57.224+0000] {logging_mixin.py:151} INFO - jrb3hzh
[2023-10-08T05:13:57.618+0000] {logging_mixin.py:151} INFO - jrc8d9o
[2023-10-08T05:13:57.999+0000] {logging_mixin.py:151} INFO - jreny99
[2023-10-08T05:13:58.393+0000] {logging_mixin.py:151} INFO - jrbhv4v
[2023-10-08T05:13:58.770+0000] {logging_mixin.py:151} INFO - jrev35c
[2023-10-08T05:13:59.213+0000] {logging_mixin.py:151} INFO - jrb3qg0
[2023-10-08T05:13:59.606+0000] {logging_mixin.py:151} INFO - jrbq838
[2023-10-08T05:13:59.972+0000] {logging_mixin.py:151} INFO - jrajx5n
[2023-10-08T05:14:00.344+0000] {logging_mixin.py:151} INFO - jra7ceb
[2023-10-08T05:14:00.851+0000] {logging_mixin.py:151} INFO - jrbf0ns
[2023-10-08T05:14:01.263+0000] {logging_mixin.py:151} INFO - jra77pe
[2023-10-08T05:14:01.776+0000] {logging_mixin.py:151} INFO - jrcy0qc
[2023-10-08T05:14:02.183+0000] {logging_mixin.py:151} INFO - jrbzgx5
[2023-10-08T05:14:02.695+0000] {logging_mixin.py:151} INFO - jrczvod
[2023-10-08T05:14:03.108+0000] {logging_mixin.py:151} INFO - jre8oag
[2023-10-08T05:14:03.617+0000] {logging_mixin.py:151} INFO - jraqwje
[2023-10-08T05:14:04.029+0000] {logging_mixin.py:151} INFO - jrak7jg
[2023-10-08T05:14:04.543+0000] {logging_mixin.py:151} INFO - jrh6yb2
[2023-10-08T05:14:04.950+0000] {logging_mixin.py:151} INFO - jraswwg
[2023-10-08T05:14:05.335+0000] {logging_mixin.py:151} INFO - jrha4kt
[2023-10-08T05:14:05.796+0000] {logging_mixin.py:151} INFO - jratefk
[2023-10-08T05:14:08.286+0000] {logging_mixin.py:151} INFO - jqoyt0a
[2023-10-08T05:14:08.711+0000] {logging_mixin.py:151} INFO - jqpgt4s
[2023-10-08T05:14:09.134+0000] {logging_mixin.py:151} INFO - jqp95hm
[2023-10-08T05:14:09.564+0000] {logging_mixin.py:151} INFO - jqp9kv0
[2023-10-08T05:14:10.075+0000] {logging_mixin.py:151} INFO - jqpl9op
[2023-10-08T05:14:10.443+0000] {logging_mixin.py:151} INFO - jqowmt4
[2023-10-08T05:14:10.895+0000] {logging_mixin.py:151} INFO - jqoyl5z
[2023-10-08T05:14:11.407+0000] {logging_mixin.py:151} INFO - jqpof8a
[2023-10-08T05:14:11.805+0000] {logging_mixin.py:151} INFO - jqpvl5s
[2023-10-08T05:14:12.227+0000] {logging_mixin.py:151} INFO - jqp9wc2
[2023-10-08T05:14:12.735+0000] {logging_mixin.py:151} INFO - jqp5rdx
[2023-10-08T05:14:13.150+0000] {logging_mixin.py:151} INFO - jqpk62f
[2023-10-08T05:14:13.617+0000] {logging_mixin.py:151} INFO - jqqucy4
[2023-10-08T05:14:14.019+0000] {logging_mixin.py:151} INFO - jqpmeiq
[2023-10-08T05:14:14.430+0000] {logging_mixin.py:151} INFO - jqpvrot
[2023-10-08T05:14:14.821+0000] {logging_mixin.py:151} INFO - jqpe1oy
[2023-10-08T05:14:15.321+0000] {logging_mixin.py:151} INFO - jqp386k
[2023-10-08T05:14:15.754+0000] {logging_mixin.py:151} INFO - jqpl4l5
[2023-10-08T05:14:16.200+0000] {logging_mixin.py:151} INFO - jqp5kyd
[2023-10-08T05:14:16.612+0000] {logging_mixin.py:151} INFO - jqpls0z
[2023-10-08T05:14:17.516+0000] {logging_mixin.py:151} INFO - jqpum9y
[2023-10-08T05:14:17.923+0000] {logging_mixin.py:151} INFO - jqsdadg
[2023-10-08T05:14:18.448+0000] {logging_mixin.py:151} INFO - jqprysl
[2023-10-08T05:14:18.854+0000] {logging_mixin.py:151} INFO - jqpvhsl
[2023-10-08T05:14:19.233+0000] {logging_mixin.py:151} INFO - jqphyp6
[2023-10-08T05:14:19.642+0000] {logging_mixin.py:151} INFO - jqprdok
[2023-10-08T05:14:20.065+0000] {logging_mixin.py:151} INFO - jqq3jj0
[2023-10-08T05:14:20.504+0000] {logging_mixin.py:151} INFO - jqp4mzw
[2023-10-08T05:14:20.969+0000] {logging_mixin.py:151} INFO - jqp7ans
[2023-10-08T05:14:21.369+0000] {logging_mixin.py:151} INFO - jqpfoz9
[2023-10-08T05:14:21.769+0000] {logging_mixin.py:151} INFO - jqpp0r1
[2023-10-08T05:14:22.151+0000] {logging_mixin.py:151} INFO - jqpdgv6
[2023-10-08T05:14:22.558+0000] {logging_mixin.py:151} INFO - jqp399o
[2023-10-08T05:14:22.975+0000] {logging_mixin.py:151} INFO - jqpnc80
[2023-10-08T05:14:23.356+0000] {logging_mixin.py:151} INFO - jqpml12
[2023-10-08T05:14:23.813+0000] {logging_mixin.py:151} INFO - jqqu6uh
[2023-10-08T05:14:24.295+0000] {logging_mixin.py:151} INFO - jqrhehx
[2023-10-08T05:14:24.709+0000] {logging_mixin.py:151} INFO - jqpmy4q
[2023-10-08T05:14:25.218+0000] {logging_mixin.py:151} INFO - jqp0pfk
[2023-10-08T05:14:25.736+0000] {logging_mixin.py:151} INFO - jqq5awo
[2023-10-08T05:14:26.220+0000] {logging_mixin.py:151} INFO - jqqac3e
[2023-10-08T05:14:26.639+0000] {logging_mixin.py:151} INFO - jqqc05k
[2023-10-08T05:14:27.064+0000] {logging_mixin.py:151} INFO - jqqmo0t
[2023-10-08T05:14:27.575+0000] {logging_mixin.py:151} INFO - jqrl0mf
[2023-10-08T05:14:28.090+0000] {logging_mixin.py:151} INFO - jqrsvzb
[2023-10-08T05:14:28.499+0000] {logging_mixin.py:151} INFO - jqrv90n
[2023-10-08T05:14:29.008+0000] {logging_mixin.py:151} INFO - jqper6e
[2023-10-08T05:14:29.421+0000] {logging_mixin.py:151} INFO - jqpr1py
[2023-10-08T05:14:29.776+0000] {logging_mixin.py:151} INFO - jqql7xn
[2023-10-08T05:14:30.238+0000] {logging_mixin.py:151} INFO - jqpsfn6
[2023-10-08T05:14:30.752+0000] {logging_mixin.py:151} INFO - jqq0r1p
[2023-10-08T05:14:31.161+0000] {logging_mixin.py:151} INFO - jqqrrfl
[2023-10-08T05:14:31.571+0000] {logging_mixin.py:151} INFO - jqrgjww
[2023-10-08T05:14:31.979+0000] {logging_mixin.py:151} INFO - jqqi79v
[2023-10-08T05:14:32.393+0000] {logging_mixin.py:151} INFO - jqtci5n
[2023-10-08T05:14:32.796+0000] {logging_mixin.py:151} INFO - jqp4cmc
[2023-10-08T05:14:33.210+0000] {logging_mixin.py:151} INFO - jqqiv09
[2023-10-08T05:14:33.564+0000] {logging_mixin.py:151} INFO - jqr5lal
[2023-10-08T05:14:34.033+0000] {logging_mixin.py:151} INFO - jqrbi8y
[2023-10-08T05:14:34.545+0000] {logging_mixin.py:151} INFO - jqrst77
[2023-10-08T05:14:35.058+0000] {logging_mixin.py:151} INFO - jqs46wc
[2023-10-08T05:14:35.571+0000] {logging_mixin.py:151} INFO - jqse1h1
[2023-10-08T05:14:35.980+0000] {logging_mixin.py:151} INFO - jqsw0n8
[2023-10-08T05:14:36.362+0000] {logging_mixin.py:151} INFO - jqswwmy
[2023-10-08T05:14:36.794+0000] {logging_mixin.py:151} INFO - jqsz3wv
[2023-10-08T05:14:37.310+0000] {logging_mixin.py:151} INFO - jqszz9j
[2023-10-08T05:14:38.179+0000] {logging_mixin.py:151} INFO - jqt2nnk
[2023-10-08T05:14:38.582+0000] {logging_mixin.py:151} INFO - jqt86rm
[2023-10-08T05:14:38.964+0000] {logging_mixin.py:151} INFO - jqt8lfh
[2023-10-08T05:14:39.356+0000] {logging_mixin.py:151} INFO - jqtm19n
[2023-10-08T05:14:39.745+0000] {logging_mixin.py:151} INFO - jqtrb1m
[2023-10-08T05:14:40.145+0000] {logging_mixin.py:151} INFO - jqu1zcz
[2023-10-08T05:14:40.539+0000] {logging_mixin.py:151} INFO - jqu4dsu
[2023-10-08T05:14:40.938+0000] {logging_mixin.py:151} INFO - jqu5wpb
[2023-10-08T05:14:41.328+0000] {logging_mixin.py:151} INFO - jqu7ihq
[2023-10-08T05:14:41.724+0000] {logging_mixin.py:151} INFO - jqu9ej9
[2023-10-08T05:14:42.128+0000] {logging_mixin.py:151} INFO - jqu9umx
[2023-10-08T05:14:42.641+0000] {logging_mixin.py:151} INFO - jquju7n
[2023-10-08T05:14:43.027+0000] {logging_mixin.py:151} INFO - jqulu8d
[2023-10-08T05:14:43.460+0000] {logging_mixin.py:151} INFO - jqv0pu0
[2023-10-08T05:14:43.859+0000] {logging_mixin.py:151} INFO - jqv0xx1
[2023-10-08T05:14:44.381+0000] {logging_mixin.py:151} INFO - jqv7pj5
[2023-10-08T05:14:44.768+0000] {logging_mixin.py:151} INFO - jqvmgc6
[2023-10-08T05:14:45.178+0000] {logging_mixin.py:151} INFO - jqwdvjc
[2023-10-08T05:14:45.588+0000] {logging_mixin.py:151} INFO - jqwg0gv
[2023-10-08T05:14:45.998+0000] {logging_mixin.py:151} INFO - jqxdg09
[2023-10-08T05:14:46.409+0000] {logging_mixin.py:151} INFO - jqxgnbe
[2023-10-08T05:14:46.813+0000] {logging_mixin.py:151} INFO - jqy0g98
[2023-10-08T05:14:47.238+0000] {logging_mixin.py:151} INFO - js3b4p7
[2023-10-08T05:14:47.714+0000] {logging_mixin.py:151} INFO - jukr3gz
[2023-10-08T05:14:48.864+0000] {logging_mixin.py:151} INFO - jukr5d2
[2023-10-08T05:14:49.349+0000] {logging_mixin.py:151} INFO - jukr6sg
[2023-10-08T05:14:49.758+0000] {logging_mixin.py:151} INFO - jqp3upf
[2023-10-08T05:14:50.302+0000] {logging_mixin.py:151} INFO - jqpfpiq
[2023-10-08T05:14:50.714+0000] {logging_mixin.py:151} INFO - jqp12hz
[2023-10-08T05:14:51.126+0000] {logging_mixin.py:151} INFO - jqrv5x5
[2023-10-08T05:14:51.528+0000] {logging_mixin.py:151} INFO - jqtxfih
[2023-10-08T05:14:51.929+0000] {logging_mixin.py:151} INFO - jqt0fd7
[2023-10-08T05:14:52.301+0000] {logging_mixin.py:151} INFO - jqvt6sw
[2023-10-08T05:14:52.707+0000] {logging_mixin.py:151} INFO - jqpgx58
[2023-10-08T05:14:53.094+0000] {logging_mixin.py:151} INFO - jqpgzd9
[2023-10-08T05:14:53.467+0000] {logging_mixin.py:151} INFO - jqpct6y
[2023-10-08T05:14:54.576+0000] {logging_mixin.py:151} INFO - jqpyd2x
[2023-10-08T05:14:55.698+0000] {logging_mixin.py:151} INFO - jqpy6az
[2023-10-08T05:14:56.061+0000] {logging_mixin.py:151} INFO - jqqoth9
[2023-10-08T05:14:56.447+0000] {logging_mixin.py:151} INFO - jqs1ug5
[2023-10-08T05:14:56.826+0000] {logging_mixin.py:151} INFO - jqq25tf
[2023-10-08T05:14:57.276+0000] {logging_mixin.py:151} INFO - jqqu9az
[2023-10-08T05:14:57.782+0000] {logging_mixin.py:151} INFO - jqrtvqg
[2023-10-08T05:14:58.195+0000] {logging_mixin.py:151} INFO - jqqsqty
[2023-10-08T05:14:58.583+0000] {logging_mixin.py:151} INFO - jqpfd1y
[2023-10-08T05:14:58.955+0000] {logging_mixin.py:151} INFO - jqp16cr
[2023-10-08T05:14:59.337+0000] {logging_mixin.py:151} INFO - jqquycj
[2023-10-08T05:14:59.717+0000] {logging_mixin.py:151} INFO - jqq59t2
[2023-10-08T05:15:00.098+0000] {logging_mixin.py:151} INFO - jqqupkc
[2023-10-08T05:15:00.511+0000] {logging_mixin.py:151} INFO - jqpee6z
[2023-10-08T05:15:00.961+0000] {logging_mixin.py:151} INFO - jqrjnyj
[2023-10-08T05:15:01.451+0000] {logging_mixin.py:151} INFO - jqq1qh2
[2023-10-08T05:15:01.882+0000] {logging_mixin.py:151} INFO - jqpg8h2
[2023-10-08T05:15:02.392+0000] {logging_mixin.py:151} INFO - jqq524o
[2023-10-08T05:15:02.904+0000] {logging_mixin.py:151} INFO - jqp99zm
[2023-10-08T05:15:03.284+0000] {logging_mixin.py:151} INFO - jqpdxsr
[2023-10-08T05:15:03.727+0000] {logging_mixin.py:151} INFO - jqq5u9j
[2023-10-08T05:15:04.141+0000] {logging_mixin.py:151} INFO - jqqjiy9
[2023-10-08T05:15:04.651+0000] {logging_mixin.py:151} INFO - jqq5wm1
[2023-10-08T05:15:05.162+0000] {logging_mixin.py:151} INFO - jqq2xju
[2023-10-08T05:15:05.675+0000] {logging_mixin.py:151} INFO - jqq58x4
[2023-10-08T05:15:06.063+0000] {logging_mixin.py:151} INFO - jqpelrh
[2023-10-08T05:15:06.456+0000] {logging_mixin.py:151} INFO - jqpewck
[2023-10-08T05:15:06.905+0000] {logging_mixin.py:151} INFO - jqpgfem
[2023-10-08T05:15:07.317+0000] {logging_mixin.py:151} INFO - jqq5h3c
[2023-10-08T05:15:07.828+0000] {logging_mixin.py:151} INFO - jqqvkhj
[2023-10-08T05:15:08.232+0000] {logging_mixin.py:151} INFO - jqpgp3d
[2023-10-08T05:15:08.707+0000] {logging_mixin.py:151} INFO - jqq2fqd
[2023-10-08T05:15:09.655+0000] {logging_mixin.py:151} INFO - jqpdtnm
[2023-10-08T05:15:12.030+0000] {logging_mixin.py:151} INFO - jqp93tl
[2023-10-08T05:15:14.410+0000] {logging_mixin.py:151} INFO - jqp3tc7
[2023-10-08T05:15:16.819+0000] {logging_mixin.py:151} INFO - jqpf64c
[2023-10-08T05:15:18.675+0000] {logging_mixin.py:151} INFO - jqpe50y
[2023-10-08T05:15:20.448+0000] {logging_mixin.py:151} INFO - jqrgg4d
[2023-10-08T05:15:22.630+0000] {logging_mixin.py:151} INFO - jqtm7ha
[2023-10-08T05:15:23.892+0000] {logging_mixin.py:151} INFO - jqrmlpq
[2023-10-08T05:15:25.173+0000] {logging_mixin.py:151} INFO - jqp25r7
[2023-10-08T05:15:26.332+0000] {logging_mixin.py:151} INFO - jqp3d17
[2023-10-08T05:15:27.363+0000] {logging_mixin.py:151} INFO - jqt2quv
[2023-10-08T05:15:28.312+0000] {logging_mixin.py:151} INFO - jqvyxft
[2023-10-08T05:15:29.252+0000] {logging_mixin.py:151} INFO - jqpqjmy
[2023-10-08T05:15:30.248+0000] {logging_mixin.py:151} INFO - jqppifc
[2023-10-08T05:15:31.142+0000] {logging_mixin.py:151} INFO - jqq68qc
[2023-10-08T05:15:31.575+0000] {logging_mixin.py:151} INFO - jqpyaib
[2023-10-08T05:15:31.978+0000] {logging_mixin.py:151} INFO - jqqtcyt
[2023-10-08T05:15:32.372+0000] {logging_mixin.py:151} INFO - jqqtdl6
[2023-10-08T05:15:33.171+0000] {logging_mixin.py:151} INFO - jqrbqpx
[2023-10-08T05:15:33.983+0000] {logging_mixin.py:151} INFO - jqpfete
[2023-10-08T05:15:35.360+0000] {logging_mixin.py:151} INFO - jqqwt69
[2023-10-08T05:15:36.514+0000] {logging_mixin.py:151} INFO - jqqt28y
[2023-10-08T05:15:37.156+0000] {logging_mixin.py:151} INFO - jqskqm1
[2023-10-08T05:15:38.662+0000] {logging_mixin.py:151} INFO - jqq8iob
[2023-10-08T05:15:39.510+0000] {logging_mixin.py:151} INFO - jqul3y8
[2023-10-08T05:15:40.669+0000] {logging_mixin.py:151} INFO - jqpsqmb
[2023-10-08T05:15:42.030+0000] {logging_mixin.py:151} INFO - jqrluid
[2023-10-08T05:15:42.813+0000] {logging_mixin.py:151} INFO - jqpfote
[2023-10-08T05:15:44.814+0000] {logging_mixin.py:151} INFO - jqq4oa6
[2023-10-08T05:15:47.904+0000] {logging_mixin.py:151} INFO - jqqtov3
[2023-10-08T05:15:52.716+0000] {logging_mixin.py:151} INFO - jqpcr79
[2023-10-08T05:15:54.643+0000] {logging_mixin.py:151} INFO - jqrnue8
[2023-10-08T05:15:56.632+0000] {logging_mixin.py:151} INFO - jqqv0pd
[2023-10-08T05:15:57.724+0000] {logging_mixin.py:151} INFO - jqs0bd2
[2023-10-08T05:15:59.140+0000] {logging_mixin.py:151} INFO - jqpfuq6
[2023-10-08T05:16:00.420+0000] {logging_mixin.py:151} INFO - jqpsktu
[2023-10-08T05:16:01.654+0000] {logging_mixin.py:151} INFO - jqpd3r3
[2023-10-08T05:16:02.783+0000] {logging_mixin.py:151} INFO - jqpga6m
[2023-10-08T05:16:04.335+0000] {logging_mixin.py:151} INFO - jqpyht4
[2023-10-08T05:16:05.922+0000] {logging_mixin.py:151} INFO - jqrcc2a
[2023-10-08T05:16:08.054+0000] {logging_mixin.py:151} INFO - jqrj5l6
[2023-10-08T05:16:10.171+0000] {logging_mixin.py:151} INFO - jqpfjd5
[2023-10-08T05:16:12.526+0000] {logging_mixin.py:151} INFO - jqpfpig
[2023-10-08T05:16:15.142+0000] {logging_mixin.py:151} INFO - jqpfdh8
[2023-10-08T05:16:17.450+0000] {logging_mixin.py:151} INFO - jr3r10a
[2023-10-08T05:16:19.956+0000] {logging_mixin.py:151} INFO - jr3rac7
[2023-10-08T05:16:29.638+0000] {logging_mixin.py:151} INFO - jr3reke
[2023-10-08T05:16:31.901+0000] {logging_mixin.py:151} INFO - jqq5k4c
[2023-10-08T05:16:42.040+0000] {logging_mixin.py:151} INFO - jr3r55p
[2023-10-08T05:16:45.403+0000] {logging_mixin.py:151} INFO - jqtqzfj
[2023-10-08T05:16:48.213+0000] {logging_mixin.py:151} INFO - jqpee8q
[2023-10-08T05:16:50.849+0000] {logging_mixin.py:151} INFO - jqp9s97
[2023-10-08T05:16:52.074+0000] {logging_mixin.py:151} INFO - jqq640j
[2023-10-08T05:16:53.668+0000] {logging_mixin.py:151} INFO - jqq6e7i
[2023-10-08T05:16:54.663+0000] {logging_mixin.py:151} INFO - jqppnui
[2023-10-08T05:16:55.805+0000] {logging_mixin.py:151} INFO - jqpfi80
[2023-10-08T05:16:57.252+0000] {logging_mixin.py:151} INFO - jqq1rff
[2023-10-08T05:16:58.242+0000] {logging_mixin.py:151} INFO - jqp3s9i
[2023-10-08T05:16:59.262+0000] {logging_mixin.py:151} INFO - jqp45e1
[2023-10-08T05:17:00.898+0000] {logging_mixin.py:151} INFO - jqtsglc
[2023-10-08T05:17:02.400+0000] {logging_mixin.py:151} INFO - jqprjli
[2023-10-08T05:17:03.458+0000] {logging_mixin.py:151} INFO - jqprfgd
[2023-10-08T05:17:04.510+0000] {logging_mixin.py:151} INFO - jqqacjk
[2023-10-08T05:17:05.636+0000] {logging_mixin.py:151} INFO - jqsqle1
[2023-10-08T05:17:06.266+0000] {logging_mixin.py:151} INFO - jqu9kol
[2023-10-08T05:17:06.706+0000] {logging_mixin.py:151} INFO - jqqxc8x
[2023-10-08T05:17:07.255+0000] {logging_mixin.py:151} INFO - jqqtb2y
[2023-10-08T05:17:07.924+0000] {logging_mixin.py:151} INFO - jqsxt5p
[2023-10-08T05:17:08.925+0000] {logging_mixin.py:151} INFO - jqq8jbc
[2023-10-08T05:17:09.923+0000] {logging_mixin.py:151} INFO - jqu4fut
[2023-10-08T05:17:11.085+0000] {logging_mixin.py:151} INFO - jqql87m
[2023-10-08T05:17:12.475+0000] {logging_mixin.py:151} INFO - jqqzx39
[2023-10-08T05:17:13.591+0000] {logging_mixin.py:151} INFO - jqrhr1c
[2023-10-08T05:17:14.852+0000] {logging_mixin.py:151} INFO - jqsbs9u
[2023-10-08T05:17:15.966+0000] {logging_mixin.py:151} INFO - jqpe9cr
[2023-10-08T05:17:16.923+0000] {logging_mixin.py:151} INFO - jqpfd4u
[2023-10-08T05:17:17.800+0000] {logging_mixin.py:151} INFO - jqpyfai
[2023-10-08T05:17:18.459+0000] {logging_mixin.py:151} INFO - jqpewnl
[2023-10-08T05:17:18.848+0000] {logging_mixin.py:151} INFO - jqpgw3n
[2023-10-08T05:17:19.251+0000] {logging_mixin.py:151} INFO - jqpfy0u
[2023-10-08T05:17:19.645+0000] {logging_mixin.py:151} INFO - jqpakbt
[2023-10-08T05:17:20.035+0000] {logging_mixin.py:151} INFO - jqqwxtf
[2023-10-08T05:17:20.441+0000] {logging_mixin.py:151} INFO - jqq2486
[2023-10-08T05:17:20.850+0000] {logging_mixin.py:151} INFO - jqp4svo
[2023-10-08T05:17:21.269+0000] {logging_mixin.py:151} INFO - jqptr2y
[2023-10-08T05:17:21.886+0000] {logging_mixin.py:151} INFO - jqrj23c
[2023-10-08T05:17:22.533+0000] {logging_mixin.py:151} INFO - jqu15gi
[2023-10-08T05:17:23.104+0000] {logging_mixin.py:151} INFO - jqqy8py
[2023-10-08T05:17:23.634+0000] {logging_mixin.py:151} INFO - jqrjmoo
[2023-10-08T05:17:24.086+0000] {logging_mixin.py:151} INFO - jqtqd85
[2023-10-08T05:17:24.544+0000] {logging_mixin.py:151} INFO - jqtdair
[2023-10-08T05:17:25.108+0000] {logging_mixin.py:151} INFO - jqs7cbj
[2023-10-08T05:17:25.599+0000] {logging_mixin.py:151} INFO - jqs761w
[2023-10-08T05:17:25.990+0000] {logging_mixin.py:151} INFO - jqs45zg
[2023-10-08T05:17:26.870+0000] {logging_mixin.py:151} INFO - jqscb1m
[2023-10-08T05:17:27.764+0000] {logging_mixin.py:151} INFO - jqq01ta
[2023-10-08T05:17:28.342+0000] {logging_mixin.py:151} INFO - jqph8la
[2023-10-08T05:17:28.772+0000] {logging_mixin.py:151} INFO - jqpaouk
[2023-10-08T05:17:29.467+0000] {logging_mixin.py:151} INFO - jqq8vpc
[2023-10-08T05:17:30.013+0000] {logging_mixin.py:151} INFO - jqq6954
[2023-10-08T05:17:30.406+0000] {logging_mixin.py:151} INFO - jqqz0fc
[2023-10-08T05:17:30.800+0000] {logging_mixin.py:151} INFO - jqp5kv6
[2023-10-08T05:17:31.187+0000] {logging_mixin.py:151} INFO - jqpwijv
[2023-10-08T05:17:31.605+0000] {logging_mixin.py:151} INFO - jqrp8ln
[2023-10-08T05:17:31.995+0000] {logging_mixin.py:151} INFO - jqrep38
[2023-10-08T05:17:32.409+0000] {logging_mixin.py:151} INFO - jqr4dbd
[2023-10-08T05:17:32.927+0000] {logging_mixin.py:151} INFO - jqsgll7
[2023-10-08T05:17:33.347+0000] {logging_mixin.py:151} INFO - jqr2pfs
[2023-10-08T05:17:33.719+0000] {logging_mixin.py:151} INFO - jqtqhj9
[2023-10-08T05:17:34.127+0000] {logging_mixin.py:151} INFO - jqu47b2
[2023-10-08T05:17:34.571+0000] {logging_mixin.py:151} INFO - jqq8y9b
[2023-10-08T05:17:35.082+0000] {logging_mixin.py:151} INFO - jqq76wg
[2023-10-08T05:17:36.205+0000] {logging_mixin.py:151} INFO - jqrfm83
[2023-10-08T05:17:36.592+0000] {logging_mixin.py:151} INFO - jqp637g
[2023-10-08T05:17:37.029+0000] {logging_mixin.py:151} INFO - jqqyy6s
[2023-10-08T05:17:37.660+0000] {logging_mixin.py:151} INFO - jqqhkay
[2023-10-08T05:17:38.635+0000] {logging_mixin.py:151} INFO - jqrhwkd
[2023-10-08T05:17:39.640+0000] {logging_mixin.py:151} INFO - jquubdu
[2023-10-08T05:17:40.728+0000] {logging_mixin.py:151} INFO - jqrndga
[2023-10-08T05:17:41.984+0000] {logging_mixin.py:151} INFO - jqsny7z
[2023-10-08T05:17:42.976+0000] {logging_mixin.py:151} INFO - jqtu0sk
[2023-10-08T05:17:43.816+0000] {logging_mixin.py:151} INFO - jquazuh
[2023-10-08T05:17:44.484+0000] {logging_mixin.py:151} INFO - jqs4k6v
[2023-10-08T05:17:45.407+0000] {logging_mixin.py:151} INFO - jqs5tol
[2023-10-08T05:17:46.479+0000] {logging_mixin.py:151} INFO - jqp7kgv
[2023-10-08T05:17:47.768+0000] {logging_mixin.py:151} INFO - jqvkqmf
[2023-10-08T05:17:49.016+0000] {logging_mixin.py:151} INFO - jqt1fhs
[2023-10-08T05:17:50.081+0000] {logging_mixin.py:151} INFO - jqucf0y
[2023-10-08T05:17:50.666+0000] {logging_mixin.py:151} INFO - jqukw18
[2023-10-08T05:17:51.581+0000] {logging_mixin.py:151} INFO - jqp7xf3
[2023-10-08T05:17:52.850+0000] {logging_mixin.py:151} INFO - jqt8lu3
[2023-10-08T05:17:54.013+0000] {logging_mixin.py:151} INFO - jqvme4q
[2023-10-08T05:17:55.069+0000] {logging_mixin.py:151} INFO - jqp8glc
[2023-10-08T05:17:56.574+0000] {logging_mixin.py:151} INFO - jqwkwpm
[2023-10-08T05:18:01.658+0000] {logging_mixin.py:151} INFO - jqdroh4
[2023-10-08T05:18:02.763+0000] {logging_mixin.py:151} INFO - jqdutvv
[2023-10-08T05:18:03.169+0000] {logging_mixin.py:151} INFO - jqe0quj
[2023-10-08T05:18:03.565+0000] {logging_mixin.py:151} INFO - jqe5b5p
[2023-10-08T05:18:03.969+0000] {logging_mixin.py:151} INFO - jqe74be
[2023-10-08T05:18:04.374+0000] {logging_mixin.py:151} INFO - jqe86v5
[2023-10-08T05:18:04.799+0000] {logging_mixin.py:151} INFO - jqea742
[2023-10-08T05:18:05.224+0000] {logging_mixin.py:151} INFO - jqeded2
[2023-10-08T05:18:05.624+0000] {logging_mixin.py:151} INFO - jqdvv54
[2023-10-08T05:18:05.978+0000] {logging_mixin.py:151} INFO - jqe6klj
[2023-10-08T05:18:06.369+0000] {logging_mixin.py:151} INFO - jqe1gla
[2023-10-08T05:18:06.769+0000] {logging_mixin.py:151} INFO - jqed3r7
[2023-10-08T05:18:07.237+0000] {logging_mixin.py:151} INFO - jqe04et
[2023-10-08T05:18:07.753+0000] {logging_mixin.py:151} INFO - jqdqdwh
[2023-10-08T05:18:08.192+0000] {logging_mixin.py:151} INFO - jqeauz5
[2023-10-08T05:18:08.562+0000] {logging_mixin.py:151} INFO - jqe45xu
[2023-10-08T05:18:08.968+0000] {logging_mixin.py:151} INFO - jqeo21l
[2023-10-08T05:18:09.389+0000] {logging_mixin.py:151} INFO - jqebj11
[2023-10-08T05:18:09.766+0000] {logging_mixin.py:151} INFO - jqe0g6e
[2023-10-08T05:18:10.148+0000] {logging_mixin.py:151} INFO - jqe5mhe
[2023-10-08T05:18:10.531+0000] {logging_mixin.py:151} INFO - jqe97b3
[2023-10-08T05:18:10.925+0000] {logging_mixin.py:151} INFO - jqebnpr
[2023-10-08T05:18:11.347+0000] {logging_mixin.py:151} INFO - jqf763m
[2023-10-08T05:18:11.729+0000] {logging_mixin.py:151} INFO - jqe8lrf
[2023-10-08T05:18:12.143+0000] {logging_mixin.py:151} INFO - jqe054y
[2023-10-08T05:18:12.570+0000] {logging_mixin.py:151} INFO - jqei7fo
[2023-10-08T05:18:12.963+0000] {logging_mixin.py:151} INFO - jqepc6b
[2023-10-08T05:18:13.327+0000] {logging_mixin.py:151} INFO - jqf6vva
[2023-10-08T05:18:13.714+0000] {logging_mixin.py:151} INFO - jqfiksi
[2023-10-08T05:18:14.121+0000] {logging_mixin.py:151} INFO - jqfo1z7
[2023-10-08T05:18:14.613+0000] {logging_mixin.py:151} INFO - jqeisul
[2023-10-08T05:18:14.990+0000] {logging_mixin.py:151} INFO - jqe5l6y
[2023-10-08T05:18:15.412+0000] {logging_mixin.py:151} INFO - jqeafwb
[2023-10-08T05:18:15.786+0000] {logging_mixin.py:151} INFO - jqed4pl
[2023-10-08T05:18:16.177+0000] {logging_mixin.py:151} INFO - jqe754v
[2023-10-08T05:18:16.573+0000] {logging_mixin.py:151} INFO - jqeeoz1
[2023-10-08T05:18:16.988+0000] {logging_mixin.py:151} INFO - jqeh397
[2023-10-08T05:18:17.466+0000] {logging_mixin.py:151} INFO - jqeqt5g
[2023-10-08T05:18:17.824+0000] {logging_mixin.py:151} INFO - jqf2w69
[2023-10-08T05:18:18.205+0000] {logging_mixin.py:151} INFO - jqecojg
[2023-10-08T05:18:19.101+0000] {logging_mixin.py:151} INFO - jqeiz53
[2023-10-08T05:18:19.822+0000] {logging_mixin.py:151} INFO - jqemsiq
[2023-10-08T05:18:20.229+0000] {logging_mixin.py:151} INFO - jqftzl6
[2023-10-08T05:18:20.741+0000] {logging_mixin.py:151} INFO - jqe6rsf
[2023-10-08T05:18:21.251+0000] {logging_mixin.py:151} INFO - jqefvw6
[2023-10-08T05:18:21.664+0000] {logging_mixin.py:151} INFO - jqeiwzw
[2023-10-08T05:18:22.050+0000] {logging_mixin.py:151} INFO - jqek5eg
[2023-10-08T05:18:22.484+0000] {logging_mixin.py:151} INFO - jqfv4tn
[2023-10-08T05:18:22.898+0000] {logging_mixin.py:151} INFO - jqefy1a
[2023-10-08T05:18:23.303+0000] {logging_mixin.py:151} INFO - jqef72z
[2023-10-08T05:18:23.815+0000] {logging_mixin.py:151} INFO - jqeoaoy
[2023-10-08T05:18:24.192+0000] {logging_mixin.py:151} INFO - jqeu96c
[2023-10-08T05:18:24.586+0000] {logging_mixin.py:151} INFO - jqeyb19
[2023-10-08T05:18:24.968+0000] {logging_mixin.py:151} INFO - jqf29sc
[2023-10-08T05:18:25.347+0000] {logging_mixin.py:151} INFO - jqfdnux
[2023-10-08T05:18:25.736+0000] {logging_mixin.py:151} INFO - jqfft2j
[2023-10-08T05:18:26.170+0000] {logging_mixin.py:151} INFO - jqeg9ld
[2023-10-08T05:18:26.542+0000] {logging_mixin.py:151} INFO - jqeg6xf
[2023-10-08T05:18:26.937+0000] {logging_mixin.py:151} INFO - jqeihxg
[2023-10-08T05:18:27.367+0000] {logging_mixin.py:151} INFO - jqeoz6w
[2023-10-08T05:18:27.752+0000] {logging_mixin.py:151} INFO - jqep8lc
[2023-10-08T05:18:28.156+0000] {logging_mixin.py:151} INFO - jqeqbba
[2023-10-08T05:18:28.560+0000] {logging_mixin.py:151} INFO - jqeqean
[2023-10-08T05:18:28.958+0000] {logging_mixin.py:151} INFO - jqeqxv1
[2023-10-08T05:18:29.328+0000] {logging_mixin.py:151} INFO - jqh2cbm
[2023-10-08T05:18:30.697+0000] {logging_mixin.py:151} INFO - jqfho66
[2023-10-08T05:18:31.091+0000] {logging_mixin.py:151} INFO - jqe6nr6
[2023-10-08T05:18:31.997+0000] {logging_mixin.py:151} INFO - jqejs5b
[2023-10-08T05:18:32.389+0000] {logging_mixin.py:151} INFO - jqfimp6
[2023-10-08T05:18:32.777+0000] {logging_mixin.py:151} INFO - jqeivd5
[2023-10-08T05:18:33.284+0000] {logging_mixin.py:151} INFO - jqejj30
[2023-10-08T05:18:33.664+0000] {logging_mixin.py:151} INFO - jqetrwg
[2023-10-08T05:18:34.039+0000] {logging_mixin.py:151} INFO - jqf4k0o
[2023-10-08T05:18:34.406+0000] {logging_mixin.py:151} INFO - jqehwen
[2023-10-08T05:18:34.775+0000] {logging_mixin.py:151} INFO - jqelf57
[2023-10-08T05:18:35.168+0000] {logging_mixin.py:151} INFO - jqenat8
[2023-10-08T05:18:35.563+0000] {logging_mixin.py:151} INFO - jqeswyj
[2023-10-08T05:18:35.984+0000] {logging_mixin.py:151} INFO - jqetcd2
[2023-10-08T05:18:36.371+0000] {logging_mixin.py:151} INFO - jqf2662
[2023-10-08T05:18:36.761+0000] {logging_mixin.py:151} INFO - jqfa2tq
[2023-10-08T05:18:37.144+0000] {logging_mixin.py:151} INFO - jqfluzh
[2023-10-08T05:18:37.620+0000] {logging_mixin.py:151} INFO - jqfojg9
[2023-10-08T05:18:38.068+0000] {logging_mixin.py:151} INFO - jqfqes8
[2023-10-08T05:18:38.456+0000] {logging_mixin.py:151} INFO - jqfrqhw
[2023-10-08T05:18:38.883+0000] {logging_mixin.py:151} INFO - jqfuvvp
[2023-10-08T05:18:39.264+0000] {logging_mixin.py:151} INFO - jqgpnxo
[2023-10-08T05:18:39.664+0000] {logging_mixin.py:151} INFO - jqer492
[2023-10-08T05:18:40.046+0000] {logging_mixin.py:151} INFO - jqerk22
[2023-10-08T05:18:40.443+0000] {logging_mixin.py:151} INFO - jqesufd
[2023-10-08T05:18:40.848+0000] {logging_mixin.py:151} INFO - jqf055x
[2023-10-08T05:18:41.231+0000] {logging_mixin.py:151} INFO - jqf07xt
[2023-10-08T05:18:41.627+0000] {logging_mixin.py:151} INFO - jqf3bru
[2023-10-08T05:18:41.994+0000] {logging_mixin.py:151} INFO - jqf783a
[2023-10-08T05:18:42.471+0000] {logging_mixin.py:151} INFO - jqfagv7
[2023-10-08T05:18:42.861+0000] {logging_mixin.py:151} INFO - jqfe9lg
[2023-10-08T05:18:43.286+0000] {logging_mixin.py:151} INFO - jqflg1b
[2023-10-08T05:18:43.673+0000] {logging_mixin.py:151} INFO - jqfqvxm
[2023-10-08T05:18:44.157+0000] {logging_mixin.py:151} INFO - jqftfv6
[2023-10-08T05:18:44.544+0000] {logging_mixin.py:151} INFO - jqftxd6
[2023-10-08T05:18:44.899+0000] {logging_mixin.py:151} INFO - jqfuybd
[2023-10-08T05:18:45.289+0000] {logging_mixin.py:151} INFO - jqfv6qu
[2023-10-08T05:18:45.684+0000] {logging_mixin.py:151} INFO - jqfx4zz
[2023-10-08T05:18:46.196+0000] {logging_mixin.py:151} INFO - jqg6ay5
[2023-10-08T05:18:46.595+0000] {logging_mixin.py:151} INFO - jqgnkhb
[2023-10-08T05:18:46.987+0000] {logging_mixin.py:151} INFO - jqe5b25
[2023-10-08T05:18:47.369+0000] {logging_mixin.py:151} INFO - jqehrhg
[2023-10-08T05:18:47.774+0000] {logging_mixin.py:151} INFO - jqek3ew
[2023-10-08T05:18:48.163+0000] {logging_mixin.py:151} INFO - jqeq5kn
[2023-10-08T05:18:48.546+0000] {logging_mixin.py:151} INFO - jqerlt2
[2023-10-08T05:18:48.940+0000] {logging_mixin.py:151} INFO - jqew4s8
[2023-10-08T05:18:49.415+0000] {logging_mixin.py:151} INFO - jqexxt6
[2023-10-08T05:18:49.930+0000] {logging_mixin.py:151} INFO - jqf0ub1
[2023-10-08T05:18:50.324+0000] {logging_mixin.py:151} INFO - jqfbwft
[2023-10-08T05:18:50.717+0000] {logging_mixin.py:151} INFO - jqfffks
[2023-10-08T05:18:51.158+0000] {logging_mixin.py:151} INFO - jqfktws
[2023-10-08T05:18:51.672+0000] {logging_mixin.py:151} INFO - jqfpizi
[2023-10-08T05:18:52.181+0000] {logging_mixin.py:151} INFO - jqfsnlc
[2023-10-08T05:18:52.592+0000] {logging_mixin.py:151} INFO - jqfsyv4
[2023-10-08T05:18:52.976+0000] {logging_mixin.py:151} INFO - jqftbow
[2023-10-08T05:18:53.372+0000] {logging_mixin.py:151} INFO - jqftk26
[2023-10-08T05:18:53.805+0000] {logging_mixin.py:151} INFO - jqfv2kl
[2023-10-08T05:18:54.216+0000] {logging_mixin.py:151} INFO - jqfv7cj
[2023-10-08T05:18:54.637+0000] {logging_mixin.py:151} INFO - jqg0012
[2023-10-08T05:18:55.046+0000] {logging_mixin.py:151} INFO - jqg4zd9
[2023-10-08T05:18:55.518+0000] {logging_mixin.py:151} INFO - jqg638p
[2023-10-08T05:18:55.969+0000] {logging_mixin.py:151} INFO - jqf4sp3
[2023-10-08T05:18:56.485+0000] {logging_mixin.py:151} INFO - jqfad79
[2023-10-08T05:18:56.885+0000] {logging_mixin.py:151} INFO - jqfcpdz
[2023-10-08T05:18:57.272+0000] {logging_mixin.py:151} INFO - jqfctq0
[2023-10-08T05:18:57.653+0000] {logging_mixin.py:151} INFO - jqfl5pf
[2023-10-08T05:18:58.072+0000] {logging_mixin.py:151} INFO - jqfoq7x
[2023-10-08T05:18:58.445+0000] {logging_mixin.py:151} INFO - jqfq8i1
[2023-10-08T05:18:58.861+0000] {logging_mixin.py:151} INFO - jqftbo4
[2023-10-08T05:18:59.281+0000] {logging_mixin.py:151} INFO - jqfvtwb
[2023-10-08T05:18:59.682+0000] {logging_mixin.py:151} INFO - jqfxav4
[2023-10-08T05:19:00.064+0000] {logging_mixin.py:151} INFO - jqfyza4
[2023-10-08T05:19:00.457+0000] {logging_mixin.py:151} INFO - jqfzxj9
[2023-10-08T05:19:00.850+0000] {logging_mixin.py:151} INFO - jqg0bfv
[2023-10-08T05:19:01.304+0000] {logging_mixin.py:151} INFO - jqg1ra5
[2023-10-08T05:19:02.600+0000] {logging_mixin.py:151} INFO - jqg2gyl
[2023-10-08T05:19:03.002+0000] {logging_mixin.py:151} INFO - jqg3i40
[2023-10-08T05:19:03.402+0000] {logging_mixin.py:151} INFO - jqg3xfm
[2023-10-08T05:19:03.806+0000] {logging_mixin.py:151} INFO - jqg4yix
[2023-10-08T05:19:04.276+0000] {logging_mixin.py:151} INFO - jqg9d0m
[2023-10-08T05:19:05.677+0000] {logging_mixin.py:151} INFO - jqg9rn8
[2023-10-08T05:19:06.061+0000] {logging_mixin.py:151} INFO - jqgaxis
[2023-10-08T05:19:07.555+0000] {logging_mixin.py:151} INFO - jqgeksx
[2023-10-08T05:19:07.963+0000] {logging_mixin.py:151} INFO - jqgh4es
[2023-10-08T05:19:09.664+0000] {logging_mixin.py:151} INFO - jqgh9rb
[2023-10-08T05:19:10.117+0000] {logging_mixin.py:151} INFO - jqghq4t
[2023-10-08T05:19:11.549+0000] {logging_mixin.py:151} INFO - jqgj3ju
[2023-10-08T05:19:11.915+0000] {logging_mixin.py:151} INFO - jqgnlh2
[2023-10-08T05:19:13.316+0000] {logging_mixin.py:151} INFO - jqgs4l4
[2023-10-08T05:19:14.750+0000] {logging_mixin.py:151} INFO - jqgsbxh
[2023-10-08T05:19:15.130+0000] {logging_mixin.py:151} INFO - jqgv5xz
[2023-10-08T05:19:16.519+0000] {logging_mixin.py:151} INFO - jqhq1gz
[2023-10-08T05:19:16.921+0000] {logging_mixin.py:151} INFO - jqk0pjc
[2023-10-08T05:19:18.397+0000] {logging_mixin.py:151} INFO - jqk36ek
[2023-10-08T05:19:18.797+0000] {logging_mixin.py:151} INFO - jqkafcv
[2023-10-08T05:19:20.202+0000] {logging_mixin.py:151} INFO - jqetc79
[2023-10-08T05:19:21.604+0000] {logging_mixin.py:151} INFO - jqfgwj7
[2023-10-08T05:19:22.037+0000] {logging_mixin.py:151} INFO - jqgscxd
[2023-10-08T05:19:23.519+0000] {logging_mixin.py:151} INFO - jqduxv8
[2023-10-08T05:19:23.907+0000] {logging_mixin.py:151} INFO - jqferrh
[2023-10-08T05:19:25.313+0000] {logging_mixin.py:151} INFO - jqfhz6m
[2023-10-08T05:19:26.696+0000] {logging_mixin.py:151} INFO - jqe8x52
[2023-10-08T05:19:27.071+0000] {logging_mixin.py:151} INFO - jqek9yw
[2023-10-08T05:19:28.461+0000] {logging_mixin.py:151} INFO - jqdzxp0
[2023-10-08T05:19:28.870+0000] {logging_mixin.py:151} INFO - jqf5ojw
[2023-10-08T05:19:30.247+0000] {logging_mixin.py:151} INFO - jqe0zqo
[2023-10-08T05:19:31.634+0000] {logging_mixin.py:151} INFO - jqfldlv
[2023-10-08T05:19:32.008+0000] {logging_mixin.py:151} INFO - jqetury
[2023-10-08T05:19:33.435+0000] {logging_mixin.py:151} INFO - jqh04m9
[2023-10-08T05:19:33.834+0000] {logging_mixin.py:151} INFO - jqg1tbh
[2023-10-08T05:19:35.722+0000] {logging_mixin.py:151} INFO - jqgbb2k
[2023-10-08T05:19:36.223+0000] {logging_mixin.py:151} INFO - jqgbdj7
[2023-10-08T05:19:37.761+0000] {logging_mixin.py:151} INFO - jqgvtka
[2023-10-08T05:19:38.171+0000] {logging_mixin.py:151} INFO - jqjck7g
[2023-10-08T05:19:39.615+0000] {logging_mixin.py:151} INFO - jqhezth
[2023-10-08T05:19:40.094+0000] {logging_mixin.py:151} INFO - jqf8rrl
[2023-10-08T05:19:41.487+0000] {logging_mixin.py:151} INFO - jqfeds5
[2023-10-08T05:19:41.887+0000] {logging_mixin.py:151} INFO - jqg4wr5
[2023-10-08T05:19:43.297+0000] {logging_mixin.py:151} INFO - jqeawqv
[2023-10-08T05:19:44.684+0000] {logging_mixin.py:151} INFO - jqgchm9
[2023-10-08T05:19:45.073+0000] {logging_mixin.py:151} INFO - jqeksjs
[2023-10-08T05:19:46.491+0000] {logging_mixin.py:151} INFO - jqg82xl
[2023-10-08T05:19:46.884+0000] {logging_mixin.py:151} INFO - jqg9q7l
[2023-10-08T05:19:48.263+0000] {logging_mixin.py:151} INFO - jqfaqqc
[2023-10-08T05:19:49.663+0000] {logging_mixin.py:151} INFO - jqg8ll6
[2023-10-08T05:19:50.133+0000] {logging_mixin.py:151} INFO - jqgr767
[2023-10-08T05:19:51.580+0000] {logging_mixin.py:151} INFO - jqfjizj
[2023-10-08T05:19:51.975+0000] {logging_mixin.py:151} INFO - jqfrvhd
[2023-10-08T05:19:53.355+0000] {logging_mixin.py:151} INFO - jqe55pc
[2023-10-08T05:19:54.528+0000] {logging_mixin.py:151} INFO - jqe9cvn
[2023-10-08T05:19:55.937+0000] {logging_mixin.py:151} INFO - jqegkgh
[2023-10-08T05:19:56.328+0000] {logging_mixin.py:151} INFO - jqefo2q
[2023-10-08T05:19:56.801+0000] {logging_mixin.py:151} INFO - jqes03j
[2023-10-08T05:19:58.896+0000] {logging_mixin.py:151} INFO - jqfakx0
[2023-10-08T05:20:00.285+0000] {logging_mixin.py:151} INFO - jqgsjlg
[2023-10-08T05:20:00.677+0000] {logging_mixin.py:151} INFO - jrte2yc
[2023-10-08T05:20:02.054+0000] {logging_mixin.py:151} INFO - jqghv0b
[2023-10-08T05:20:03.460+0000] {logging_mixin.py:151} INFO - jqe7e1e
[2023-10-08T05:20:03.840+0000] {logging_mixin.py:151} INFO - jqeg8c2
[2023-10-08T05:20:05.243+0000] {logging_mixin.py:151} INFO - jqf4oje
[2023-10-08T05:20:06.630+0000] {logging_mixin.py:151} INFO - jqeymi7
[2023-10-08T05:20:07.020+0000] {logging_mixin.py:151} INFO - jqex7i6
[2023-10-08T05:20:08.420+0000] {logging_mixin.py:151} INFO - jqgg3on
[2023-10-08T05:20:08.821+0000] {logging_mixin.py:151} INFO - jqe8gud
[2023-10-08T05:20:10.328+0000] {logging_mixin.py:151} INFO - jqf90gu
[2023-10-08T05:20:11.762+0000] {logging_mixin.py:151} INFO - jqfuxqs
[2023-10-08T05:20:12.688+0000] {logging_mixin.py:151} INFO - jqfhlkr
[2023-10-08T05:20:13.094+0000] {logging_mixin.py:151} INFO - jqgmfvm
[2023-10-08T05:20:14.471+0000] {logging_mixin.py:151} INFO - jqe7i1q
[2023-10-08T05:20:14.917+0000] {logging_mixin.py:151} INFO - jqh7rh0
[2023-10-08T05:20:16.349+0000] {logging_mixin.py:151} INFO - jqh9xtj
[2023-10-08T05:20:16.866+0000] {logging_mixin.py:151} INFO - jqgz6uv
[2023-10-08T05:20:18.300+0000] {logging_mixin.py:151} INFO - jqeatxi
[2023-10-08T05:20:19.733+0000] {logging_mixin.py:151} INFO - jqfauqd
[2023-10-08T05:20:20.620+0000] {logging_mixin.py:151} INFO - jqeg11u
[2023-10-08T05:20:21.067+0000] {logging_mixin.py:151} INFO - jqephep
[2023-10-08T05:20:22.503+0000] {logging_mixin.py:151} INFO - jqeazon
[2023-10-08T05:20:23.013+0000] {logging_mixin.py:151} INFO - jqez5e5
[2023-10-08T05:20:24.449+0000] {logging_mixin.py:151} INFO - jqfkisb
[2023-10-08T05:20:24.964+0000] {logging_mixin.py:151} INFO - jqfnx6a
[2023-10-08T05:20:26.397+0000] {logging_mixin.py:151} INFO - jqfrfwy
[2023-10-08T05:20:26.808+0000] {logging_mixin.py:151} INFO - jqgaueq
[2023-10-08T05:20:28.251+0000] {logging_mixin.py:151} INFO - jqg1bk6
[2023-10-08T05:20:29.688+0000] {logging_mixin.py:151} INFO - jqgdat7
[2023-10-08T05:20:30.075+0000] {logging_mixin.py:151} INFO - jqf8srz
[2023-10-08T05:20:31.457+0000] {logging_mixin.py:151} INFO - jqf6oe2
[2023-10-08T05:20:31.837+0000] {logging_mixin.py:151} INFO - jqkwre6
[2023-10-08T05:20:33.207+0000] {logging_mixin.py:151} INFO - jqeguhf
[2023-10-08T05:20:34.694+0000] {logging_mixin.py:151} INFO - jqf8odd
[2023-10-08T05:20:35.118+0000] {logging_mixin.py:151} INFO - jqg2yt1
[2023-10-08T05:20:36.517+0000] {logging_mixin.py:151} INFO - jqgjjat
[2023-10-08T05:20:36.914+0000] {logging_mixin.py:151} INFO - jqgpe0e
[2023-10-08T05:20:38.383+0000] {logging_mixin.py:151} INFO - jqdw9q9
[2023-10-08T05:20:39.795+0000] {logging_mixin.py:151} INFO - jqe74wz
[2023-10-08T05:20:40.198+0000] {logging_mixin.py:151} INFO - jqe4s19
[2023-10-08T05:20:41.723+0000] {logging_mixin.py:151} INFO - jqe7cif
[2023-10-08T05:20:42.119+0000] {logging_mixin.py:151} INFO - jqfjhzv
[2023-10-08T05:20:43.517+0000] {logging_mixin.py:151} INFO - jqemm9l
[2023-10-08T05:20:44.038+0000] {logging_mixin.py:151} INFO - jqfi1g0
[2023-10-08T05:20:45.455+0000] {logging_mixin.py:151} INFO - jqen52u
[2023-10-08T05:20:45.824+0000] {logging_mixin.py:151} INFO - jqgbovh
[2023-10-08T05:20:47.291+0000] {logging_mixin.py:151} INFO - jqenafg
[2023-10-08T05:20:48.698+0000] {logging_mixin.py:151} INFO - jqgyqxu
[2023-10-08T05:20:49.101+0000] {logging_mixin.py:151} INFO - jqu2a80
[2023-10-08T05:20:50.491+0000] {logging_mixin.py:151} INFO - jqgxgq8
[2023-10-08T05:20:50.916+0000] {logging_mixin.py:151} INFO - jqe9rpp
[2023-10-08T05:20:52.300+0000] {logging_mixin.py:151} INFO - jqf1799
[2023-10-08T05:20:53.702+0000] {logging_mixin.py:151} INFO - jqem8hs
[2023-10-08T05:20:54.145+0000] {logging_mixin.py:151} INFO - jqfc3k8
[2023-10-08T05:20:55.531+0000] {logging_mixin.py:151} INFO - jqu2yw2
[2023-10-08T05:20:55.988+0000] {logging_mixin.py:151} INFO - jqfhkp4
[2023-10-08T05:20:57.400+0000] {logging_mixin.py:151} INFO - jqetl1g
[2023-10-08T05:20:57.807+0000] {logging_mixin.py:151} INFO - jqfc31e
[2023-10-08T05:20:59.216+0000] {logging_mixin.py:151} INFO - jqevgwi
[2023-10-08T05:21:00.652+0000] {logging_mixin.py:151} INFO - jqf30j3
[2023-10-08T05:21:01.062+0000] {logging_mixin.py:151} INFO - jqg8842
[2023-10-08T05:21:02.452+0000] {logging_mixin.py:151} INFO - jqhwhgx
[2023-10-08T05:21:03.177+0000] {logging_mixin.py:151} INFO - jqem2fs
[2023-10-08T05:21:04.608+0000] {logging_mixin.py:151} INFO - jqdqepr
[2023-10-08T05:21:05.106+0000] {logging_mixin.py:151} INFO - jqer4cv
[2023-10-08T05:21:06.544+0000] {logging_mixin.py:151} INFO - jqfkgud
[2023-10-08T05:21:07.056+0000] {logging_mixin.py:151} INFO - jqedvww
[2023-10-08T05:21:08.475+0000] {logging_mixin.py:151} INFO - jqf7i2k
[2023-10-08T05:21:08.884+0000] {logging_mixin.py:151} INFO - jqh1zaz
[2023-10-08T05:21:10.286+0000] {logging_mixin.py:151} INFO - jqu7n1h
[2023-10-08T05:21:11.770+0000] {logging_mixin.py:151} INFO - jqempzm
[2023-10-08T05:21:12.179+0000] {logging_mixin.py:151} INFO - jqflpdq
[2023-10-08T05:21:13.619+0000] {logging_mixin.py:151} INFO - jqjpe7a
[2023-10-08T05:21:14.006+0000] {logging_mixin.py:151} INFO - jqeuq3e
[2023-10-08T05:21:15.380+0000] {logging_mixin.py:151} INFO - jrzx3ao
[2023-10-08T05:21:15.857+0000] {logging_mixin.py:151} INFO - jqe6w96
[2023-10-08T05:21:17.384+0000] {logging_mixin.py:151} INFO - jqeoyxd
[2023-10-08T05:21:18.820+0000] {logging_mixin.py:151} INFO - jqf7ev8
[2023-10-08T05:21:19.239+0000] {logging_mixin.py:151} INFO - jqewi6h
[2023-10-08T05:21:20.767+0000] {logging_mixin.py:151} INFO - jqh1j3e
[2023-10-08T05:21:21.176+0000] {logging_mixin.py:151} INFO - jqewcdu
[2023-10-08T05:21:22.595+0000] {logging_mixin.py:151} INFO - jqegbxc
[2023-10-08T05:21:22.984+0000] {logging_mixin.py:151} INFO - jqh8uh7
[2023-10-08T05:21:24.388+0000] {logging_mixin.py:151} INFO - jqfd90d
[2023-10-08T05:21:24.874+0000] {logging_mixin.py:151} INFO - jqfmalk
[2023-10-08T05:21:26.276+0000] {logging_mixin.py:151} INFO - jqffia2
[2023-10-08T05:21:27.691+0000] {logging_mixin.py:151} INFO - jqfzte5
[2023-10-08T05:21:28.088+0000] {logging_mixin.py:151} INFO - jqgbugh
[2023-10-08T05:21:29.510+0000] {logging_mixin.py:151} INFO - jqf23za
[2023-10-08T05:21:29.925+0000] {logging_mixin.py:151} INFO - jqf4bfw
[2023-10-08T05:21:31.323+0000] {logging_mixin.py:151} INFO - jqmjp8f
[2023-10-08T05:21:31.836+0000] {logging_mixin.py:151} INFO - jqh24gz
[2023-10-08T05:21:33.245+0000] {logging_mixin.py:151} INFO - jqg2rdw
[2023-10-08T05:21:34.705+0000] {logging_mixin.py:151} INFO - jqerdvq
[2023-10-08T05:21:35.113+0000] {logging_mixin.py:151} INFO - jqes191
[2023-10-08T05:21:36.528+0000] {logging_mixin.py:151} INFO - jqef1tj
[2023-10-08T05:21:36.961+0000] {logging_mixin.py:151} INFO - jqeb4qu
[2023-10-08T05:21:38.492+0000] {logging_mixin.py:151} INFO - jqff5yk
[2023-10-08T05:21:38.908+0000] {logging_mixin.py:151} INFO - jqehv09
[2023-10-08T05:21:40.300+0000] {logging_mixin.py:151} INFO - jqem8vv
[2023-10-08T05:21:41.697+0000] {logging_mixin.py:151} INFO - jqfdwjr
[2023-10-08T05:21:42.134+0000] {logging_mixin.py:151} INFO - jqee9zm
[2023-10-08T05:21:43.620+0000] {logging_mixin.py:151} INFO - jqeu1ct
[2023-10-08T05:21:44.048+0000] {logging_mixin.py:151} INFO - jqgh6bh
[2023-10-08T05:21:45.412+0000] {logging_mixin.py:151} INFO - jqehdac
[2023-10-08T05:21:45.826+0000] {logging_mixin.py:151} INFO - jr3v03h
[2023-10-08T05:21:47.289+0000] {logging_mixin.py:151} INFO - jqflu9n
[2023-10-08T05:21:48.685+0000] {logging_mixin.py:151} INFO - jqf2uu2
[2023-10-08T05:21:49.082+0000] {logging_mixin.py:151} INFO - jqhytce
[2023-10-08T05:21:50.491+0000] {logging_mixin.py:151} INFO - jqh7xe1
[2023-10-08T05:21:50.873+0000] {logging_mixin.py:151} INFO - jqh36lq
[2023-10-08T05:21:52.306+0000] {logging_mixin.py:151} INFO - jqg308x
[2023-10-08T05:21:53.693+0000] {logging_mixin.py:151} INFO - jqfefsf
[2023-10-08T05:21:54.151+0000] {logging_mixin.py:151} INFO - jqfzqey
[2023-10-08T05:21:55.588+0000] {logging_mixin.py:151} INFO - jr3gyol
[2023-10-08T05:21:55.981+0000] {logging_mixin.py:151} INFO - jqhkv3x
[2023-10-08T05:21:57.363+0000] {logging_mixin.py:151} INFO - jqefy3s
[2023-10-08T05:21:57.748+0000] {logging_mixin.py:151} INFO - jqghuvr
[2023-10-08T05:21:59.205+0000] {logging_mixin.py:151} INFO - jqgrd97
[2023-10-08T05:22:00.711+0000] {logging_mixin.py:151} INFO - jqfh0n2
[2023-10-08T05:22:01.180+0000] {logging_mixin.py:151} INFO - jqfkgzu
[2023-10-08T05:22:02.610+0000] {logging_mixin.py:151} INFO - jqfolri
[2023-10-08T05:22:03.002+0000] {logging_mixin.py:151} INFO - jqev97j
[2023-10-08T05:22:04.403+0000] {logging_mixin.py:151} INFO - jqfewg0
[2023-10-08T05:22:04.836+0000] {logging_mixin.py:151} INFO - jqh2gut
[2023-10-08T05:22:06.223+0000] {logging_mixin.py:151} INFO - jqeii6x
[2023-10-08T05:22:07.683+0000] {logging_mixin.py:151} INFO - jqeo62n
[2023-10-08T05:22:08.051+0000] {logging_mixin.py:151} INFO - jqes49u
[2023-10-08T05:22:09.454+0000] {logging_mixin.py:151} INFO - jr3k4hk
[2023-10-08T05:22:09.844+0000] {logging_mixin.py:151} INFO - jr3l21j
[2023-10-08T05:22:11.197+0000] {logging_mixin.py:151} INFO - jqss1ow
[2023-10-08T05:22:12.617+0000] {logging_mixin.py:151} INFO - jufl5xf
[2023-10-08T05:22:13.008+0000] {logging_mixin.py:151} INFO - jqfr03u
[2023-10-08T05:22:14.408+0000] {logging_mixin.py:151} INFO - jqfywuh
[2023-10-08T05:22:14.771+0000] {logging_mixin.py:151} INFO - jqeayhl
[2023-10-08T05:22:16.269+0000] {logging_mixin.py:151} INFO - jqg9i63
[2023-10-08T05:22:17.678+0000] {logging_mixin.py:151} INFO - jqg984h
[2023-10-08T05:22:18.075+0000] {logging_mixin.py:151} INFO - jqg64ws
[2023-10-08T05:22:19.549+0000] {logging_mixin.py:151} INFO - jqha717
[2023-10-08T05:22:20.060+0000] {logging_mixin.py:151} INFO - jr3vk8x
[2023-10-08T05:22:21.492+0000] {logging_mixin.py:151} INFO - jqfjqca
[2023-10-08T05:22:21.886+0000] {logging_mixin.py:151} INFO - jqfqd3d
[2023-10-08T05:22:23.341+0000] {logging_mixin.py:151} INFO - jsschy2
[2023-10-08T05:22:24.774+0000] {logging_mixin.py:151} INFO - jqfr8nq
[2023-10-08T05:22:25.392+0000] {logging_mixin.py:151} INFO - jqhyggu
[2023-10-08T05:22:26.933+0000] {logging_mixin.py:151} INFO - jqfxc2h
[2023-10-08T05:22:27.745+0000] {logging_mixin.py:151} INFO - jqfq6mw
[2023-10-08T05:22:29.290+0000] {logging_mixin.py:151} INFO - jqkhvgp
[2023-10-08T05:22:30.042+0000] {logging_mixin.py:151} INFO - jqfdhrx
[2023-10-08T05:22:30.905+0000] {logging_mixin.py:151} INFO - jqekq3c
[2023-10-08T05:22:31.691+0000] {logging_mixin.py:151} INFO - jqezmjl
[2023-10-08T05:22:33.440+0000] {logging_mixin.py:151} INFO - jqfaiyr
[2023-10-08T05:22:34.218+0000] {logging_mixin.py:151} INFO - jqjf5h3
[2023-10-08T05:22:34.627+0000] {logging_mixin.py:151} INFO - jqexzsh
[2023-10-08T05:22:35.018+0000] {logging_mixin.py:151} INFO - jqggge4
[2023-10-08T05:22:36.451+0000] {logging_mixin.py:151} INFO - jqgq3gr
[2023-10-08T05:22:36.952+0000] {logging_mixin.py:151} INFO - jqekzg2
[2023-10-08T05:22:38.485+0000] {logging_mixin.py:151} INFO - jqewa59
[2023-10-08T05:22:39.018+0000] {logging_mixin.py:151} INFO - jqf408d
[2023-10-08T05:22:40.733+0000] {logging_mixin.py:151} INFO - jqgf01i
[2023-10-08T05:22:41.370+0000] {logging_mixin.py:151} INFO - jqgdkju
[2023-10-08T05:22:43.353+0000] {logging_mixin.py:151} INFO - jqgi731
[2023-10-08T05:22:43.920+0000] {logging_mixin.py:151} INFO - jqh6bjn
[2023-10-08T05:22:44.453+0000] {logging_mixin.py:151} INFO - jqo9b4r
[2023-10-08T05:22:44.912+0000] {logging_mixin.py:151} INFO - jqpecz2
[2023-10-08T05:22:46.308+0000] {logging_mixin.py:151} INFO - jqesk3y
[2023-10-08T05:22:47.734+0000] {logging_mixin.py:151} INFO - jqesl5o
[2023-10-08T05:22:48.142+0000] {logging_mixin.py:151} INFO - jqe8nx1
[2023-10-08T05:22:51.733+0000] {logging_mixin.py:151} INFO - jqeowux
[2023-10-08T05:22:52.919+0000] {logging_mixin.py:151} INFO - jqe8p1d
[2023-10-08T05:22:54.367+0000] {logging_mixin.py:151} INFO - jqgkcw4
[2023-10-08T05:22:55.098+0000] {logging_mixin.py:151} INFO - jqgj3nr
[2023-10-08T05:22:55.699+0000] {logging_mixin.py:151} INFO - jqfasjn
[2023-10-08T05:22:56.091+0000] {logging_mixin.py:151} INFO - jqfi843
[2023-10-08T05:22:56.467+0000] {logging_mixin.py:151} INFO - jqfiep0
[2023-10-08T05:22:56.862+0000] {logging_mixin.py:151} INFO - jqgko6t
[2023-10-08T05:22:57.238+0000] {logging_mixin.py:151} INFO - jqfimb1
[2023-10-08T05:22:58.642+0000] {logging_mixin.py:151} INFO - jqfnxjr
[2023-10-08T05:22:59.013+0000] {logging_mixin.py:151} INFO - jqgjeps
[2023-10-08T05:23:01.316+0000] {logging_mixin.py:151} INFO - jqiisin
[2023-10-08T05:23:02.848+0000] {logging_mixin.py:151} INFO - jqh0cuh
[2023-10-08T05:23:04.529+0000] {logging_mixin.py:151} INFO - jqfdsdk
[2023-10-08T05:23:06.044+0000] {logging_mixin.py:151} INFO - jqfhzpv
[2023-10-08T05:23:07.494+0000] {logging_mixin.py:151} INFO - jqfhinx
[2023-10-08T05:23:08.934+0000] {logging_mixin.py:151} INFO - jqhpiig
[2023-10-08T05:23:10.150+0000] {logging_mixin.py:151} INFO - jqgt0si
[2023-10-08T05:23:11.769+0000] {logging_mixin.py:151} INFO - jqelhzy
[2023-10-08T05:23:13.636+0000] {logging_mixin.py:151} INFO - jqj5faf
[2023-10-08T05:23:15.261+0000] {logging_mixin.py:151} INFO - jqg4ir1
[2023-10-08T05:23:19.755+0000] {logging_mixin.py:151} INFO - jqhih1b
[2023-10-08T05:23:22.017+0000] {logging_mixin.py:151} INFO - jqfajij
[2023-10-08T05:23:24.391+0000] {logging_mixin.py:151} INFO - jqu2jhx
[2023-10-08T05:23:25.358+0000] {logging_mixin.py:151} INFO - jqejivo
[2023-10-08T05:23:26.730+0000] {logging_mixin.py:151} INFO - jqfyud1
[2023-10-08T05:23:27.789+0000] {logging_mixin.py:151} INFO - jqf6coa
[2023-10-08T05:23:29.170+0000] {logging_mixin.py:151} INFO - jqev7dr
[2023-10-08T05:23:30.111+0000] {logging_mixin.py:151} INFO - jqfz42z
[2023-10-08T05:23:30.745+0000] {logging_mixin.py:151} INFO - jqfcu61
[2023-10-08T05:23:31.278+0000] {logging_mixin.py:151} INFO - jqflimp
[2023-10-08T05:23:33.238+0000] {logging_mixin.py:151} INFO - jqhf1bp
[2023-10-08T05:23:35.213+0000] {logging_mixin.py:151} INFO - jqferaa
[2023-10-08T05:23:36.525+0000] {logging_mixin.py:151} INFO - jqey4en
[2023-10-08T05:23:38.010+0000] {logging_mixin.py:151} INFO - jqfipve
[2023-10-08T05:23:39.459+0000] {logging_mixin.py:151} INFO - jqfyojt
[2023-10-08T05:23:41.220+0000] {logging_mixin.py:151} INFO - jqf66w5
[2023-10-08T05:23:42.359+0000] {logging_mixin.py:151} INFO - jqfbje4
[2023-10-08T05:23:45.258+0000] {logging_mixin.py:151} INFO - jqfdqpb
[2023-10-08T05:23:46.792+0000] {logging_mixin.py:151} INFO - jqgj9aq
[2023-10-08T05:23:47.417+0000] {logging_mixin.py:151} INFO - jqemj1c
[2023-10-08T05:23:47.917+0000] {logging_mixin.py:151} INFO - jqdsfcq
[2023-10-08T05:23:50.675+0000] {logging_mixin.py:151} INFO - jqdxjkd
[2023-10-08T05:23:53.605+0000] {logging_mixin.py:151} INFO - jqedwzy
[2023-10-08T05:23:55.345+0000] {logging_mixin.py:151} INFO - jqu6esv
[2023-10-08T05:23:57.720+0000] {logging_mixin.py:151} INFO - jqehki9
[2023-10-08T05:23:58.909+0000] {logging_mixin.py:151} INFO - jqf85fp
[2023-10-08T05:24:00.031+0000] {logging_mixin.py:151} INFO - jqu831r
[2023-10-08T05:24:01.243+0000] {logging_mixin.py:151} INFO - jqewjo0
[2023-10-08T05:24:02.352+0000] {logging_mixin.py:151} INFO - jrzyps3
[2023-10-08T05:24:04.584+0000] {logging_mixin.py:151} INFO - jqe73nw
[2023-10-08T05:24:05.613+0000] {logging_mixin.py:151} INFO - jqf2ghn
[2023-10-08T05:24:06.248+0000] {logging_mixin.py:151} INFO - jqeqclw
[2023-10-08T05:24:06.994+0000] {logging_mixin.py:151} INFO - jqep98v
[2023-10-08T05:24:07.416+0000] {logging_mixin.py:151} INFO - jqhw2rp
[2023-10-08T05:24:07.803+0000] {logging_mixin.py:151} INFO - jqfcajs
[2023-10-08T05:24:09.646+0000] {logging_mixin.py:151} INFO - jqez7od
[2023-10-08T05:24:11.641+0000] {logging_mixin.py:151} INFO - jqfnvji
[2023-10-08T05:24:13.463+0000] {logging_mixin.py:151} INFO - jqf46uk
[2023-10-08T05:24:16.149+0000] {logging_mixin.py:151} INFO - jqh49zq
[2023-10-08T05:24:19.435+0000] {logging_mixin.py:151} INFO - jqgxzfi
[2023-10-08T05:24:20.523+0000] {logging_mixin.py:151} INFO - jqhphot
[2023-10-08T05:24:21.474+0000] {logging_mixin.py:151} INFO - jqeporb
[2023-10-08T05:24:22.103+0000] {logging_mixin.py:151} INFO - jqgf4lj
[2023-10-08T05:24:22.493+0000] {logging_mixin.py:151} INFO - jqidaig
[2023-10-08T05:24:22.881+0000] {logging_mixin.py:151} INFO - jqec0vf
[2023-10-08T05:24:23.250+0000] {logging_mixin.py:151} INFO - jqei8oz
[2023-10-08T05:24:23.655+0000] {logging_mixin.py:151} INFO - jqgygib
[2023-10-08T05:24:24.082+0000] {logging_mixin.py:151} INFO - jqerric
[2023-10-08T05:24:24.556+0000] {logging_mixin.py:151} INFO - jqfen1m
[2023-10-08T05:24:25.097+0000] {logging_mixin.py:151} INFO - jqgh1e8
[2023-10-08T05:24:25.570+0000] {logging_mixin.py:151} INFO - jqehfp3
[2023-10-08T05:24:26.123+0000] {logging_mixin.py:151} INFO - jqhppoq
[2023-10-08T05:24:26.544+0000] {logging_mixin.py:151} INFO - jqehlyp
[2023-10-08T05:24:26.965+0000] {logging_mixin.py:151} INFO - jqgpdbq
[2023-10-08T05:24:27.367+0000] {logging_mixin.py:151} INFO - jql3ppf
[2023-10-08T05:24:27.762+0000] {logging_mixin.py:151} INFO - jqer72l
[2023-10-08T05:24:28.275+0000] {logging_mixin.py:151} INFO - jqfhtde
[2023-10-08T05:24:28.788+0000] {logging_mixin.py:151} INFO - jqeqnu2
[2023-10-08T05:24:29.306+0000] {logging_mixin.py:151} INFO - jqesmvs
[2023-10-08T05:24:29.721+0000] {logging_mixin.py:151} INFO - jqen8m0
[2023-10-08T05:24:30.106+0000] {logging_mixin.py:151} INFO - jqh7n9k
[2023-10-08T05:24:30.492+0000] {logging_mixin.py:151} INFO - jqg4p7b
[2023-10-08T05:24:31.375+0000] {logging_mixin.py:151} INFO - jqg0f39
[2023-10-08T05:24:32.434+0000] {logging_mixin.py:151} INFO - jqfvnbd
[2023-10-08T05:24:33.918+0000] {logging_mixin.py:151} INFO - jqkju06
[2023-10-08T05:24:35.021+0000] {logging_mixin.py:151} INFO - jqf5bpb
[2023-10-08T05:24:36.084+0000] {logging_mixin.py:151} INFO - jqepvdr
[2023-10-08T05:24:38.421+0000] {logging_mixin.py:151} INFO - jqf54fy
[2023-10-08T05:24:39.272+0000] {logging_mixin.py:151} INFO - jqfk0w8
[2023-10-08T05:24:40.011+0000] {logging_mixin.py:151} INFO - jqhfbzh
[2023-10-08T05:24:40.882+0000] {logging_mixin.py:151} INFO - jqgpim1
[2023-10-08T05:24:41.813+0000] {logging_mixin.py:151} INFO - jt4a7j6
[2023-10-08T05:24:42.220+0000] {logging_mixin.py:151} INFO - jqgs10g
[2023-10-08T05:24:42.895+0000] {logging_mixin.py:151} INFO - jqfiuy5
[2023-10-08T05:24:43.461+0000] {logging_mixin.py:151} INFO - jqgit4d
[2023-10-08T05:24:43.853+0000] {logging_mixin.py:151} INFO - jqh1u10
[2023-10-08T05:24:45.632+0000] {logging_mixin.py:151} INFO - jqpeq35
[2023-10-08T05:24:46.450+0000] {logging_mixin.py:151} INFO - jqpev10
[2023-10-08T05:24:46.888+0000] {logging_mixin.py:151} INFO - jqf5hbn
[2023-10-08T05:24:48.301+0000] {logging_mixin.py:151} INFO - jqgfd6e
[2023-10-08T05:24:49.467+0000] {logging_mixin.py:151} INFO - jqh8rae
[2023-10-08T05:24:50.208+0000] {logging_mixin.py:151} INFO - jqf3njd
[2023-10-08T05:24:50.898+0000] {logging_mixin.py:151} INFO - jqeal73
[2023-10-08T05:24:51.588+0000] {logging_mixin.py:151} INFO - jqg7z2u
[2023-10-08T05:24:52.436+0000] {logging_mixin.py:151} INFO - jqh4s8d
[2023-10-08T05:24:53.006+0000] {logging_mixin.py:151} INFO - jqep71d
[2023-10-08T05:24:53.606+0000] {logging_mixin.py:151} INFO - jqenldn
[2023-10-08T05:24:53.988+0000] {logging_mixin.py:151} INFO - jqh3dwx
[2023-10-08T05:24:54.471+0000] {logging_mixin.py:151} INFO - jqglhjv
[2023-10-08T05:24:54.875+0000] {logging_mixin.py:151} INFO - jqfkh7x
[2023-10-08T05:24:55.275+0000] {logging_mixin.py:151} INFO - jqfnx0v
[2023-10-08T05:24:55.687+0000] {logging_mixin.py:151} INFO - jqgn158
[2023-10-08T05:24:56.106+0000] {logging_mixin.py:151} INFO - jqjql5s
[2023-10-08T05:24:56.486+0000] {logging_mixin.py:151} INFO - jqfj2i5
[2023-10-08T05:24:56.947+0000] {logging_mixin.py:151} INFO - jqfesku
[2023-10-08T05:24:57.458+0000] {logging_mixin.py:151} INFO - jqgxmds
[2023-10-08T05:24:57.865+0000] {logging_mixin.py:151} INFO - jqg5m7d
[2023-10-08T05:24:58.250+0000] {logging_mixin.py:151} INFO - jqgksum
[2023-10-08T05:24:58.634+0000] {logging_mixin.py:151} INFO - jqg5nop
[2023-10-08T05:24:59.098+0000] {logging_mixin.py:151} INFO - jqhf21n
[2023-10-08T05:25:00.497+0000] {logging_mixin.py:151} INFO - jqgvx7l
[2023-10-08T05:25:00.891+0000] {logging_mixin.py:151} INFO - jqf6n7x
[2023-10-08T05:25:01.350+0000] {logging_mixin.py:151} INFO - jqfl0ko
[2023-10-08T05:25:01.751+0000] {logging_mixin.py:151} INFO - jqg2g84
[2023-10-08T05:25:02.153+0000] {logging_mixin.py:151} INFO - jqfha0m
[2023-10-08T05:25:02.542+0000] {logging_mixin.py:151} INFO - jqexoap
[2023-10-08T05:25:02.993+0000] {logging_mixin.py:151} INFO - jqewxsx
[2023-10-08T05:25:03.503+0000] {logging_mixin.py:151} INFO - js0l8zu
[2023-10-08T05:25:03.914+0000] {logging_mixin.py:151} INFO - jqf57wi
[2023-10-08T05:25:04.315+0000] {logging_mixin.py:151} INFO - jqgwaht
[2023-10-08T05:25:04.700+0000] {logging_mixin.py:151} INFO - jqfkz8j
[2023-10-08T05:25:05.105+0000] {logging_mixin.py:151} INFO - jqh0yax
[2023-10-08T05:25:05.483+0000] {logging_mixin.py:151} INFO - jqfc579
[2023-10-08T05:25:05.965+0000] {logging_mixin.py:151} INFO - jqfukx7
[2023-10-08T05:25:06.477+0000] {logging_mixin.py:151} INFO - jqks34y
[2023-10-08T05:25:06.872+0000] {logging_mixin.py:151} INFO - jqfbulu
[2023-10-08T05:25:07.301+0000] {logging_mixin.py:151} INFO - jqghy9o
[2023-10-08T05:25:07.698+0000] {logging_mixin.py:151} INFO - jqh27kj
[2023-10-08T05:25:08.095+0000] {logging_mixin.py:151} INFO - jqet5fd
[2023-10-08T05:25:09.551+0000] {logging_mixin.py:151} INFO - jqgl3pz
[2023-10-08T05:25:10.064+0000] {logging_mixin.py:151} INFO - jqg1fh0
[2023-10-08T05:25:11.598+0000] {logging_mixin.py:151} INFO - jqf772o
[2023-10-08T05:25:12.010+0000] {logging_mixin.py:151} INFO - jqeq054
[2023-10-08T05:25:13.432+0000] {logging_mixin.py:151} INFO - jqge7kp
[2023-10-08T05:25:13.836+0000] {logging_mixin.py:151} INFO - jqgt8fw
[2023-10-08T05:25:15.199+0000] {logging_mixin.py:151} INFO - jqgprj1
[2023-10-08T05:25:16.705+0000] {logging_mixin.py:151} INFO - jqgjqgp
[2023-10-08T05:25:17.096+0000] {logging_mixin.py:151} INFO - jqh7392
[2023-10-08T05:25:18.481+0000] {logging_mixin.py:151} INFO - jqpfp4m
[2023-10-08T05:25:18.957+0000] {logging_mixin.py:151} INFO - jqgfe0f
[2023-10-08T05:25:20.392+0000] {logging_mixin.py:151} INFO - jqepysj
[2023-10-08T05:25:20.843+0000] {logging_mixin.py:151} INFO - jqipkjt
[2023-10-08T05:25:22.340+0000] {logging_mixin.py:151} INFO - jqk3x0e
[2023-10-08T05:25:23.739+0000] {logging_mixin.py:151} INFO - jqgpbb3
[2023-10-08T05:25:24.139+0000] {logging_mixin.py:151} INFO - jqg3a04
[2023-10-08T05:25:25.617+0000] {logging_mixin.py:151} INFO - jqgi79u
[2023-10-08T05:25:26.127+0000] {logging_mixin.py:151} INFO - jqgslho
[2023-10-08T05:25:27.538+0000] {logging_mixin.py:151} INFO - jqhf7po
[2023-10-08T05:25:27.972+0000] {logging_mixin.py:151} INFO - jqlshln
[2023-10-08T05:25:29.360+0000] {logging_mixin.py:151} INFO - jqgh4bt
[2023-10-08T05:25:29.747+0000] {logging_mixin.py:151} INFO - jqh0sw1
[2023-10-08T05:25:31.177+0000] {logging_mixin.py:151} INFO - jqgqm63
[2023-10-08T05:25:32.583+0000] {logging_mixin.py:151} INFO - jqf7wha
[2023-10-08T05:25:32.975+0000] {logging_mixin.py:151} INFO - jqgpw4g
[2023-10-08T05:25:34.381+0000] {logging_mixin.py:151} INFO - jqeyu1o
[2023-10-08T05:25:34.801+0000] {logging_mixin.py:151} INFO - jqfsk45
[2023-10-08T05:25:36.279+0000] {logging_mixin.py:151} INFO - jqhg9hq
[2023-10-08T05:25:37.671+0000] {logging_mixin.py:151} INFO - jqfdp72
[2023-10-08T05:25:38.120+0000] {logging_mixin.py:151} INFO - jqht69t
[2023-10-08T05:25:39.520+0000] {logging_mixin.py:151} INFO - jqgtt1r
[2023-10-08T05:25:39.933+0000] {logging_mixin.py:151} INFO - jqf9652
[2023-10-08T05:25:41.398+0000] {logging_mixin.py:151} INFO - jrva3a4
[2023-10-08T05:25:41.915+0000] {logging_mixin.py:151} INFO - jqgh5fy
[2023-10-08T05:25:43.349+0000] {logging_mixin.py:151} INFO - jqgr79k
[2023-10-08T05:25:44.763+0000] {logging_mixin.py:151} INFO - jqfbgxc
[2023-10-08T05:25:45.158+0000] {logging_mixin.py:151} INFO - jqfh4i5
[2023-10-08T05:25:46.603+0000] {logging_mixin.py:151} INFO - jqhahoa
[2023-10-08T05:25:47.015+0000] {logging_mixin.py:151} INFO - jqf9fg7
[2023-10-08T05:25:48.403+0000] {logging_mixin.py:151} INFO - jqgi00k
[2023-10-08T05:25:48.869+0000] {logging_mixin.py:151} INFO - jqgsouh
[2023-10-08T05:25:51.011+0000] {logging_mixin.py:151} INFO - jqgm5el
[2023-10-08T05:25:52.431+0000] {logging_mixin.py:151} INFO - jqgo5gu
[2023-10-08T05:25:53.938+0000] {logging_mixin.py:151} INFO - jplb321
[2023-10-08T05:25:55.339+0000] {logging_mixin.py:151} INFO - jplgg5g
[2023-10-08T05:25:55.732+0000] {logging_mixin.py:151} INFO - jpliil7
[2023-10-08T05:25:56.134+0000] {logging_mixin.py:151} INFO - jpleml9
[2023-10-08T05:25:57.575+0000] {logging_mixin.py:151} INFO - jpljmpw
[2023-10-08T05:25:57.977+0000] {logging_mixin.py:151} INFO - jpl4vaj
[2023-10-08T05:25:59.390+0000] {logging_mixin.py:151} INFO - jpmjko3
[2023-10-08T05:25:59.791+0000] {logging_mixin.py:151} INFO - jpoctjh
[2023-10-08T05:26:01.359+0000] {logging_mixin.py:151} INFO - jpm22gj
[2023-10-08T05:26:02.737+0000] {logging_mixin.py:151} INFO - jplppll
[2023-10-08T05:26:03.209+0000] {logging_mixin.py:151} INFO - jpmmmwn
[2023-10-08T05:26:04.642+0000] {logging_mixin.py:151} INFO - jpmvqnw
[2023-10-08T05:26:05.047+0000] {logging_mixin.py:151} INFO - jpma4am
[2023-10-08T05:26:06.482+0000] {logging_mixin.py:151} INFO - jpowjiv
[2023-10-08T05:26:06.999+0000] {logging_mixin.py:151} INFO - jplxruy
[2023-10-08T05:26:08.427+0000] {logging_mixin.py:151} INFO - jpm4jjw
[2023-10-08T05:26:08.943+0000] {logging_mixin.py:151} INFO - jpm2324
[2023-10-08T05:26:10.354+0000] {logging_mixin.py:151} INFO - jpr7syi
[2023-10-08T05:26:10.797+0000] {logging_mixin.py:151} INFO - jpp0no3
[2023-10-08T05:26:12.735+0000] {logging_mixin.py:151} INFO - jplyev9
[2023-10-08T05:26:13.251+0000] {logging_mixin.py:151} INFO - jpm4p0m
[2023-10-08T05:26:14.632+0000] {logging_mixin.py:151} INFO - jplyska
[2023-10-08T05:26:15.047+0000] {logging_mixin.py:151} INFO - jpn81u5
[2023-10-08T05:26:16.450+0000] {logging_mixin.py:151} INFO - jpmt93a
[2023-10-08T05:26:16.859+0000] {logging_mixin.py:151} INFO - jpntofh
[2023-10-08T05:26:18.352+0000] {logging_mixin.py:151} INFO - jpnidc5
[2023-10-08T05:26:19.776+0000] {logging_mixin.py:151} INFO - jpnt4vx
[2023-10-08T05:26:20.189+0000] {logging_mixin.py:151} INFO - jpp6ftb
[2023-10-08T05:26:21.628+0000] {logging_mixin.py:151} INFO - jpoll3z
[2023-10-08T05:26:21.990+0000] {logging_mixin.py:151} INFO - jpocvah
[2023-10-08T05:26:23.475+0000] {logging_mixin.py:151} INFO - jppew5j
[2023-10-08T05:26:26.054+0000] {logging_mixin.py:151} INFO - jnsbrk8
[2023-10-08T05:26:26.551+0000] {logging_mixin.py:151} INFO - jnsehbx
[2023-10-08T05:26:27.063+0000] {logging_mixin.py:151} INFO - jnsgmby
[2023-10-08T05:26:28.459+0000] {logging_mixin.py:151} INFO - jnsiz0i
[2023-10-08T05:26:28.904+0000] {logging_mixin.py:151} INFO - jnsahjl
[2023-10-08T05:26:30.382+0000] {logging_mixin.py:151} INFO - jnsam9d
[2023-10-08T05:26:30.932+0000] {logging_mixin.py:151} INFO - jnsps7g
[2023-10-08T05:26:32.325+0000] {logging_mixin.py:151} INFO - jnsel46
[2023-10-08T05:26:33.822+0000] {logging_mixin.py:151} INFO - jnsl5un
[2023-10-08T05:26:34.230+0000] {logging_mixin.py:151} INFO - jnthgqo
[2023-10-08T05:26:35.622+0000] {logging_mixin.py:151} INFO - jnt7ygo
[2023-10-08T05:26:36.002+0000] {logging_mixin.py:151} INFO - jnsemnf
[2023-10-08T05:26:37.431+0000] {logging_mixin.py:151} INFO - jnsq4i9
[2023-10-08T05:26:37.831+0000] {logging_mixin.py:151} INFO - jnss5jn
[2023-10-08T05:26:39.227+0000] {logging_mixin.py:151} INFO - jnt40b5
[2023-10-08T05:26:40.625+0000] {logging_mixin.py:151} INFO - jntej3v
[2023-10-08T05:26:41.101+0000] {logging_mixin.py:151} INFO - jnsfgxv
[2023-10-08T05:26:42.506+0000] {logging_mixin.py:151} INFO - jnsjyfj
[2023-10-08T05:26:42.927+0000] {logging_mixin.py:151} INFO - jnsco6y
[2023-10-08T05:26:44.395+0000] {logging_mixin.py:151} INFO - jnscnq3
[2023-10-08T05:26:44.762+0000] {logging_mixin.py:151} INFO - jntuesl
[2023-10-08T05:26:46.175+0000] {logging_mixin.py:151} INFO - jnslqf7
[2023-10-08T05:26:47.579+0000] {logging_mixin.py:151} INFO - jnsyzf1
[2023-10-08T05:26:47.977+0000] {logging_mixin.py:151} INFO - jnt3ebo
[2023-10-08T05:26:49.485+0000] {logging_mixin.py:151} INFO - jnt3yuc
[2023-10-08T05:26:49.892+0000] {logging_mixin.py:151} INFO - jntdst4
[2023-10-08T05:26:51.286+0000] {logging_mixin.py:151} INFO - jntuqlc
[2023-10-08T05:26:52.761+0000] {logging_mixin.py:151} INFO - jnuen5k
[2023-10-08T05:26:53.659+0000] {logging_mixin.py:151} INFO - jnt4okf
[2023-10-08T05:26:54.151+0000] {logging_mixin.py:151} INFO - jntaak7
[2023-10-08T05:26:55.527+0000] {logging_mixin.py:151} INFO - jntb4iw
[2023-10-08T05:26:55.928+0000] {logging_mixin.py:151} INFO - jntga16
[2023-10-08T05:26:57.338+0000] {logging_mixin.py:151} INFO - jntjbgc
[2023-10-08T05:26:58.727+0000] {logging_mixin.py:151} INFO - jntoa8f
[2023-10-08T05:26:59.219+0000] {logging_mixin.py:151} INFO - jntrp6v
[2023-10-08T05:27:00.604+0000] {logging_mixin.py:151} INFO - jntski1
[2023-10-08T05:27:01.017+0000] {logging_mixin.py:151} INFO - jntvf2l
[2023-10-08T05:27:02.495+0000] {logging_mixin.py:151} INFO - jntxdlj
[2023-10-08T05:27:03.008+0000] {logging_mixin.py:151} INFO - jnu2nkw
[2023-10-08T05:27:04.544+0000] {logging_mixin.py:151} INFO - jnu84xe
[2023-10-08T05:27:05.770+0000] {logging_mixin.py:151} INFO - jnub3po
[2023-10-08T05:27:07.307+0000] {logging_mixin.py:151} INFO - jnudrd6
[2023-10-08T05:27:07.820+0000] {logging_mixin.py:151} INFO - jnuecuk
[2023-10-08T05:27:08.334+0000] {logging_mixin.py:151} INFO - jnufmp6
[2023-10-08T05:27:09.872+0000] {logging_mixin.py:151} INFO - jnuoddl
[2023-10-08T05:27:10.274+0000] {logging_mixin.py:151} INFO - jobc3a0
[2023-10-08T05:27:11.719+0000] {logging_mixin.py:151} INFO - jobdq9d
[2023-10-08T05:27:12.235+0000] {logging_mixin.py:151} INFO - jnsc9vr
[2023-10-08T05:27:13.871+0000] {logging_mixin.py:151} INFO - jnsnhjt
[2023-10-08T05:27:14.386+0000] {logging_mixin.py:151} INFO - jnt1myf
[2023-10-08T05:27:15.758+0000] {logging_mixin.py:151} INFO - jntadea
[2023-10-08T05:27:16.158+0000] {logging_mixin.py:151} INFO - jntpktd
[2023-10-08T05:27:17.640+0000] {logging_mixin.py:151} INFO - jnu899o
[2023-10-08T05:27:18.020+0000] {logging_mixin.py:151} INFO - jnukh6g
[2023-10-08T05:27:19.487+0000] {logging_mixin.py:151} INFO - jnss40s
[2023-10-08T05:27:20.002+0000] {logging_mixin.py:151} INFO - jnsl0is
[2023-10-08T05:27:21.434+0000] {logging_mixin.py:151} INFO - jnsz5n4
[2023-10-08T05:27:21.844+0000] {logging_mixin.py:151} INFO - jnsla8m
[2023-10-08T05:27:23.226+0000] {logging_mixin.py:151} INFO - jntygao
[2023-10-08T05:27:24.713+0000] {logging_mixin.py:151} INFO - jnumltc
[2023-10-08T05:27:25.224+0000] {logging_mixin.py:151} INFO - jntdt0m
[2023-10-08T05:27:26.662+0000] {logging_mixin.py:151} INFO - jnsrw0d
[2023-10-08T05:27:27.057+0000] {logging_mixin.py:151} INFO - jntckd7
[2023-10-08T05:27:28.492+0000] {logging_mixin.py:151} INFO - jntyf5z
[2023-10-08T05:27:28.892+0000] {logging_mixin.py:151} INFO - jnswmul
[2023-10-08T05:27:30.349+0000] {logging_mixin.py:151} INFO - jnwajvo
[2023-10-08T05:27:32.081+0000] {logging_mixin.py:151} INFO - jnssfa3
[2023-10-08T05:27:32.542+0000] {logging_mixin.py:151} INFO - jntc36g
[2023-10-08T05:27:32.908+0000] {logging_mixin.py:151} INFO - jnt7le0
[2023-10-08T05:27:34.327+0000] {logging_mixin.py:151} INFO - jntlm2q
[2023-10-08T05:27:35.714+0000] {logging_mixin.py:151} INFO - jnu70h1
[2023-10-08T05:27:36.123+0000] {logging_mixin.py:151} INFO - jnsorif
[2023-10-08T05:27:37.608+0000] {logging_mixin.py:151} INFO - jntl92s
[2023-10-08T05:27:37.993+0000] {logging_mixin.py:151} INFO - jod4e14
[2023-10-08T05:27:39.467+0000] {logging_mixin.py:151} INFO - jnukwzl
[2023-10-08T05:27:39.852+0000] {logging_mixin.py:151} INFO - jnso0ai
[2023-10-08T05:27:41.311+0000] {logging_mixin.py:151} INFO - jnsuel3
[2023-10-08T05:27:42.751+0000] {logging_mixin.py:151} INFO - jnw9yg5
[2023-10-08T05:27:43.124+0000] {logging_mixin.py:151} INFO - jntj23r
[2023-10-08T05:27:44.573+0000] {logging_mixin.py:151} INFO - jnsqulg
[2023-10-08T05:27:44.956+0000] {logging_mixin.py:151} INFO - jnsumjv
[2023-10-08T05:27:46.415+0000] {logging_mixin.py:151} INFO - jnumvqc
[2023-10-08T05:27:46.930+0000] {logging_mixin.py:151} INFO - jntkxdj
[2023-10-08T05:27:48.341+0000] {logging_mixin.py:151} INFO - jntgnc1
[2023-10-08T05:27:48.772+0000] {logging_mixin.py:151} INFO - jnsx5fr
[2023-10-08T05:27:50.209+0000] {logging_mixin.py:151} INFO - jnwaz1u
[2023-10-08T05:27:51.742+0000] {logging_mixin.py:151} INFO - jnu3gle
[2023-10-08T05:27:52.640+0000] {logging_mixin.py:151} INFO - jnum8yd
[2023-10-08T05:27:53.035+0000] {logging_mixin.py:151} INFO - jnst386
[2023-10-08T05:27:54.509+0000] {logging_mixin.py:151} INFO - jntj2a8
[2023-10-08T05:27:54.922+0000] {logging_mixin.py:151} INFO - jnu3j77
[2023-10-08T05:27:56.313+0000] {logging_mixin.py:151} INFO - jnsypsj
[2023-10-08T05:27:57.707+0000] {logging_mixin.py:151} INFO - jnu3re9
[2023-10-08T05:27:58.099+0000] {logging_mixin.py:151} INFO - jnstihd
[2023-10-08T05:27:59.522+0000] {logging_mixin.py:151} INFO - jnszi02
[2023-10-08T05:27:59.992+0000] {logging_mixin.py:151} INFO -       post_id post_author  ... is_root_comment comment_author_flair_text
0     14uxomd     xCB_III  ...            True                      None
1     14uxomd     xCB_III  ...            True            Former Partner
2     14uxomd     xCB_III  ...            True                      None
3     14uxomd     xCB_III  ...            True                      None
4     14uxomd     xCB_III  ...            True            Former Partner
...       ...         ...  ...             ...                       ...
1069  146un2r  nagynaggle  ...           False                      None
1070  146un2r  nagynaggle  ...           False                      None
1071  146un2r  nagynaggle  ...           False      :Barista: Supervisor
1072  146un2r  nagynaggle  ...           False                      None
1073  146un2r  nagynaggle  ...           False       :Customer: Customer

[1074 rows x 10 columns]
[2023-10-08T05:28:00.035+0000] {python.py:194} INFO - Done. Returned value was: None
[2023-10-08T05:28:00.051+0000] {taskinstance.py:1400} INFO - Marking task as SUCCESS. dag_id=Reddit_Post_Comment_Dag, task_id=extract_post_comment_task, execution_date=20231008T051300, start_date=20231008T051307, end_date=20231008T052800
[2023-10-08T05:28:00.100+0000] {local_task_job_runner.py:228} INFO - Task exited with return code 0
[2023-10-08T05:28:00.136+0000] {taskinstance.py:2784} INFO - 1 downstream tasks scheduled from follow-on schedule check
