[2023-10-08T05:44:35.193+0000] {taskinstance.py:1159} INFO - Dependencies all met for dep_context=non-requeueable deps ti=<TaskInstance: Reddit_Post_Comment_Dag.comment_raw_data_insert_task manual__2023-10-08T05:35:02.568718+00:00 [queued]>
[2023-10-08T05:44:35.207+0000] {taskinstance.py:1159} INFO - Dependencies all met for dep_context=requeueable deps ti=<TaskInstance: Reddit_Post_Comment_Dag.comment_raw_data_insert_task manual__2023-10-08T05:35:02.568718+00:00 [queued]>
[2023-10-08T05:44:35.208+0000] {taskinstance.py:1361} INFO - Starting attempt 1 of 2
[2023-10-08T05:44:35.226+0000] {taskinstance.py:1382} INFO - Executing <Task(CommentRawDataTableOperator): comment_raw_data_insert_task> on 2023-10-08 05:35:02.568718+00:00
[2023-10-08T05:44:35.237+0000] {standard_task_runner.py:57} INFO - Started process 856 to run task
[2023-10-08T05:44:35.245+0000] {standard_task_runner.py:84} INFO - Running: ['***', 'tasks', 'run', 'Reddit_Post_Comment_Dag', 'comment_raw_data_insert_task', 'manual__2023-10-08T05:35:02.568718+00:00', '--job-id', '153', '--raw', '--subdir', 'DAGS_FOLDER/reddit_post_comment_dag.py', '--cfg-path', '/tmp/tmp90whpj9y']
[2023-10-08T05:44:35.252+0000] {standard_task_runner.py:85} INFO - Job 153: Subtask comment_raw_data_insert_task
[2023-10-08T05:44:35.322+0000] {task_command.py:415} INFO - Running <TaskInstance: Reddit_Post_Comment_Dag.comment_raw_data_insert_task manual__2023-10-08T05:35:02.568718+00:00 [running]> on host 88aca7bb4134
[2023-10-08T05:44:35.696+0000] {taskinstance.py:1660} INFO - Exporting env vars: AIRFLOW_CTX_DAG_OWNER='***' AIRFLOW_CTX_DAG_ID='Reddit_Post_Comment_Dag' AIRFLOW_CTX_TASK_ID='comment_raw_data_insert_task' AIRFLOW_CTX_EXECUTION_DATE='2023-10-08T05:35:02.568718+00:00' AIRFLOW_CTX_TRY_NUMBER='1' AIRFLOW_CTX_DAG_RUN_ID='manual__2023-10-08T05:35:02.568718+00:00'
[2023-10-08T05:44:35.698+0000] {comment_raw_data_table_operator.py:27} INFO - Executing CustomMySqlOperator with data from task: extract_post_comment_task
[2023-10-08T05:44:35.712+0000] {sql.py:274} INFO - Executing: CREATE TABLE  IF NOT EXISTS reddit_comment_raw_details(id INT AUTO_INCREMENT PRIMARY KEY,post_id INT NOT NULL, post_author VARCHAR(255) NOT NULL, comment_author VARCHAR(255) NOT NULL, comment_id INT NOT NULL, comment_body TEXT NOT NULL, comment_score INT NOT NULL, comment_created_utc DATETIME NOT NULL, comment_permalink VARCHAR(255) NOT NULL,is_root_comment BOOLEAN NOT NULL, comment_author_flair_text VARCHAR(255))
[2023-10-08T05:44:35.719+0000] {base.py:73} INFO - Using connection ID 'mysql_connection' for task execution.
[2023-10-08T05:44:35.731+0000] {base.py:73} INFO - Using connection ID 'mysql_connection' for task execution.
[2023-10-08T05:44:35.748+0000] {sql.py:418} INFO - Running statement: CREATE TABLE  IF NOT EXISTS reddit_comment_raw_details(id INT AUTO_INCREMENT PRIMARY KEY,post_id INT NOT NULL, post_author VARCHAR(255) NOT NULL, comment_author VARCHAR(255) NOT NULL, comment_id INT NOT NULL, comment_body TEXT NOT NULL, comment_score INT NOT NULL, comment_created_utc DATETIME NOT NULL, comment_permalink VARCHAR(255) NOT NULL,is_root_comment BOOLEAN NOT NULL, comment_author_flair_text VARCHAR(255)), parameters: None
[2023-10-08T05:44:35.753+0000] {sql.py:427} INFO - Rows affected: 0
[2023-10-08T05:44:35.768+0000] {logging_mixin.py:151} INFO - mysql_connection
[2023-10-08T05:44:35.859+0000] {logging_mixin.py:151} INFO -      post_id     post_author  ... is_root_comment comment_author_flair_text
0    1447yrk        dr_libra  ...            True         :Barista: Barista
1    1447yrk        dr_libra  ...            True         :Barista: Barista
2    1447yrk        dr_libra  ...            True                       NaN
3    1447yrk        dr_libra  ...            True                       NaN
4    1447yrk        dr_libra  ...            True                       NaN
..       ...             ...  ...             ...                       ...
861  13m97x8  official_koda_  ...           False        :CM: Coffee Master
862  13m97x8  official_koda_  ...           False                       NaN
863  13m97x8  official_koda_  ...           False         :Barista: Barista
864  13m97x8  official_koda_  ...           False         :Barista: Barista
865  13m97x8  official_koda_  ...           False                       NaN

[866 rows x 10 columns]
[2023-10-08T05:44:36.137+0000] {taskinstance.py:1400} INFO - Marking task as SUCCESS. dag_id=Reddit_Post_Comment_Dag, task_id=comment_raw_data_insert_task, execution_date=20231008T053502, start_date=20231008T054435, end_date=20231008T054436
[2023-10-08T05:44:36.183+0000] {local_task_job_runner.py:228} INFO - Task exited with return code 0
[2023-10-08T05:44:36.219+0000] {taskinstance.py:2784} INFO - 1 downstream tasks scheduled from follow-on schedule check
