[2023-10-08T03:48:17.037+0000] {taskinstance.py:1159} INFO - Dependencies all met for dep_context=non-requeueable deps ti=<TaskInstance: Reddit_Post_Comment_Dag.extract_post_comment_task manual__2023-10-08T03:48:09.073695+00:00 [queued]>
[2023-10-08T03:48:17.057+0000] {taskinstance.py:1159} INFO - Dependencies all met for dep_context=requeueable deps ti=<TaskInstance: Reddit_Post_Comment_Dag.extract_post_comment_task manual__2023-10-08T03:48:09.073695+00:00 [queued]>
[2023-10-08T03:48:17.059+0000] {taskinstance.py:1361} INFO - Starting attempt 1 of 2
[2023-10-08T03:48:17.082+0000] {taskinstance.py:1382} INFO - Executing <Task(PythonOperator): extract_post_comment_task> on 2023-10-08 03:48:09.073695+00:00
[2023-10-08T03:48:17.095+0000] {standard_task_runner.py:57} INFO - Started process 384 to run task
[2023-10-08T03:48:17.100+0000] {standard_task_runner.py:84} INFO - Running: ['***', 'tasks', 'run', 'Reddit_Post_Comment_Dag', 'extract_post_comment_task', 'manual__2023-10-08T03:48:09.073695+00:00', '--job-id', '128', '--raw', '--subdir', 'DAGS_FOLDER/reddit_post_comment_dag.py', '--cfg-path', '/tmp/tmprc0rm17k']
[2023-10-08T03:48:17.107+0000] {standard_task_runner.py:85} INFO - Job 128: Subtask extract_post_comment_task
[2023-10-08T03:48:17.183+0000] {task_command.py:415} INFO - Running <TaskInstance: Reddit_Post_Comment_Dag.extract_post_comment_task manual__2023-10-08T03:48:09.073695+00:00 [running]> on host e23e2b6f1b74
[2023-10-08T03:48:17.567+0000] {taskinstance.py:1660} INFO - Exporting env vars: AIRFLOW_CTX_DAG_OWNER='***' AIRFLOW_CTX_DAG_ID='Reddit_Post_Comment_Dag' AIRFLOW_CTX_TASK_ID='extract_post_comment_task' AIRFLOW_CTX_EXECUTION_DATE='2023-10-08T03:48:09.073695+00:00' AIRFLOW_CTX_TRY_NUMBER='1' AIRFLOW_CTX_DAG_RUN_ID='manual__2023-10-08T03:48:09.073695+00:00'
[2023-10-08T03:48:18.891+0000] {logging_mixin.py:151} INFO - e394x3f
[2023-10-08T03:48:19.280+0000] {logging_mixin.py:151} INFO - e39bjg1
[2023-10-08T03:48:19.644+0000] {logging_mixin.py:151} INFO - e39djei
[2023-10-08T03:48:20.023+0000] {logging_mixin.py:151} INFO - e397yak
[2023-10-08T03:48:20.409+0000] {logging_mixin.py:151} INFO - e396cxa
[2023-10-08T03:48:20.877+0000] {logging_mixin.py:151} INFO - e39kgo8
[2023-10-08T03:48:21.262+0000] {logging_mixin.py:151} INFO - e39i2g6
[2023-10-08T03:48:21.694+0000] {logging_mixin.py:151} INFO - e3989ym
[2023-10-08T03:48:22.082+0000] {logging_mixin.py:151} INFO - e39e2rk
[2023-10-08T03:48:22.516+0000] {logging_mixin.py:151} INFO - e39rptt
[2023-10-08T03:48:22.927+0000] {logging_mixin.py:151} INFO - e3ajiqw
[2023-10-08T03:48:23.336+0000] {logging_mixin.py:151} INFO - e39k6pu
[2023-10-08T03:48:23.730+0000] {logging_mixin.py:151} INFO - e39j1vl
[2023-10-08T03:48:24.133+0000] {logging_mixin.py:151} INFO - e3b6kl7
[2023-10-08T03:48:24.564+0000] {logging_mixin.py:151} INFO - e39ki1k
[2023-10-08T03:48:24.975+0000] {logging_mixin.py:151} INFO - e39jpby
[2023-10-08T03:48:25.383+0000] {logging_mixin.py:151} INFO - e3b6u2p
[2023-10-08T03:48:25.897+0000] {logging_mixin.py:151} INFO - e39kl1g
[2023-10-08T03:48:26.409+0000] {logging_mixin.py:151} INFO - e39jr0y
[2023-10-08T03:48:26.858+0000] {logging_mixin.py:151} INFO - e39kuw2
[2023-10-08T03:48:27.242+0000] {logging_mixin.py:151} INFO - e39jtj9
[2023-10-08T03:48:27.660+0000] {logging_mixin.py:151} INFO - e39jutt
[2023-10-08T03:48:28.357+0000] {logging_mixin.py:151} INFO - e39jz0s
[2023-10-08T03:48:28.744+0000] {logging_mixin.py:151} INFO - e39k022
[2023-10-08T03:48:31.620+0000] {logging_mixin.py:151} INFO - hnvvbih
[2023-10-08T03:48:32.003+0000] {logging_mixin.py:151} INFO - hnvvjuf
[2023-10-08T03:48:32.393+0000] {logging_mixin.py:151} INFO - hnw48u2
[2023-10-08T03:48:32.783+0000] {logging_mixin.py:151} INFO - hnvx6bp
[2023-10-08T03:48:33.275+0000] {logging_mixin.py:151} INFO - hnvw6t4
[2023-10-08T03:48:33.673+0000] {logging_mixin.py:151} INFO - hnwxnva
[2023-10-08T03:48:34.098+0000] {logging_mixin.py:151} INFO - hnvzc7o
[2023-10-08T03:48:34.499+0000] {logging_mixin.py:151} INFO - hnvyc7v
[2023-10-08T03:48:34.913+0000] {logging_mixin.py:151} INFO - hnvy4r8
[2023-10-08T03:48:35.394+0000] {logging_mixin.py:151} INFO - hnw4d7x
[2023-10-08T03:48:35.779+0000] {logging_mixin.py:151} INFO - hnw9vv1
[2023-10-08T03:48:36.189+0000] {logging_mixin.py:151} INFO - hnvv9s5
[2023-10-08T03:48:36.569+0000] {logging_mixin.py:151} INFO - hnxghvp
[2023-10-08T03:48:36.969+0000] {logging_mixin.py:151} INFO - hnxi34b
[2023-10-08T03:48:37.370+0000] {logging_mixin.py:151} INFO - hnxicr4
[2023-10-08T03:48:37.759+0000] {logging_mixin.py:151} INFO - hnvxiuw
[2023-10-08T03:48:38.142+0000] {logging_mixin.py:151} INFO - hnw1wbn
[2023-10-08T03:48:38.606+0000] {logging_mixin.py:151} INFO - hnw7ec5
[2023-10-08T03:48:39.039+0000] {logging_mixin.py:151} INFO - hnw6l09
[2023-10-08T03:48:39.423+0000] {logging_mixin.py:151} INFO - hnvxhy4
[2023-10-08T03:48:39.939+0000] {logging_mixin.py:151} INFO - hnvv63f
[2023-10-08T03:48:40.327+0000] {logging_mixin.py:151} INFO - hnxgjjp
[2023-10-08T03:48:40.720+0000] {logging_mixin.py:151} INFO - hnw58k3
[2023-10-08T03:48:41.114+0000] {logging_mixin.py:151} INFO - hnwi8lp
[2023-10-08T03:48:41.498+0000] {logging_mixin.py:151} INFO - hnx5krf
[2023-10-08T03:48:41.988+0000] {logging_mixin.py:151} INFO - hnvvzo8
[2023-10-08T03:48:42.390+0000] {logging_mixin.py:151} INFO - hnvwv0e
[2023-10-08T03:48:42.804+0000] {logging_mixin.py:151} INFO - hnwdmej
[2023-10-08T03:48:43.217+0000] {logging_mixin.py:151} INFO - hnw87pm
[2023-10-08T03:48:43.729+0000] {logging_mixin.py:151} INFO - hnw8qvj
[2023-10-08T03:48:44.126+0000] {logging_mixin.py:151} INFO - hnvvmzx
[2023-10-08T03:48:44.547+0000] {logging_mixin.py:151} INFO - hnw5ky2
[2023-10-08T03:48:44.956+0000] {logging_mixin.py:151} INFO - hnvwi9n
[2023-10-08T03:48:45.368+0000] {logging_mixin.py:151} INFO - hnw08kn
[2023-10-08T03:48:45.878+0000] {logging_mixin.py:151} INFO - hnw0agd
[2023-10-08T03:48:46.332+0000] {logging_mixin.py:151} INFO - hnw1545
[2023-10-08T03:48:46.723+0000] {logging_mixin.py:151} INFO - hnwc11r
[2023-10-08T03:48:47.214+0000] {logging_mixin.py:151} INFO - hnxaa6o
[2023-10-08T03:48:47.598+0000] {logging_mixin.py:151} INFO - hnwogmg
[2023-10-08T03:48:48.030+0000] {logging_mixin.py:151} INFO - hnvw9zi
[2023-10-08T03:48:48.441+0000] {logging_mixin.py:151} INFO - hnvy09z
[2023-10-08T03:48:48.951+0000] {logging_mixin.py:151} INFO - hnxduir
[2023-10-08T03:48:49.362+0000] {logging_mixin.py:151} INFO - hnxetlx
[2023-10-08T03:48:49.853+0000] {logging_mixin.py:151} INFO - hnxfjjf
[2023-10-08T03:48:50.266+0000] {logging_mixin.py:151} INFO - hnvwg92
[2023-10-08T03:48:50.658+0000] {logging_mixin.py:151} INFO - hnvwxkd
[2023-10-08T03:48:51.084+0000] {logging_mixin.py:151} INFO - hnvzqj0
[2023-10-08T03:48:51.495+0000] {logging_mixin.py:151} INFO - hnx8tou
[2023-10-08T03:48:51.907+0000] {logging_mixin.py:151} INFO - hnx9xr2
[2023-10-08T03:48:52.412+0000] {logging_mixin.py:151} INFO - hnvz778
[2023-10-08T03:48:52.929+0000] {logging_mixin.py:151} INFO - hnvyry9
[2023-10-08T03:48:53.441+0000] {logging_mixin.py:151} INFO - hnvyuuw
[2023-10-08T03:48:53.835+0000] {logging_mixin.py:151} INFO - hnvz3zk
[2023-10-08T03:48:54.262+0000] {logging_mixin.py:151} INFO - hnvzdwm
[2023-10-08T03:48:54.774+0000] {logging_mixin.py:151} INFO - hnvzj2h
[2023-10-08T03:48:55.291+0000] {logging_mixin.py:151} INFO - hnvzz6z
[2023-10-08T03:48:55.678+0000] {logging_mixin.py:151} INFO - hnx3q0v
[2023-10-08T03:48:56.106+0000] {logging_mixin.py:151} INFO - hnx94t6
[2023-10-08T03:48:56.515+0000] {logging_mixin.py:151} INFO - hnxa03a
[2023-10-08T03:48:56.922+0000] {logging_mixin.py:151} INFO - hnw77n7
[2023-10-08T03:48:57.310+0000] {logging_mixin.py:151} INFO - hnxbstm
[2023-10-08T03:48:57.685+0000] {logging_mixin.py:151} INFO - hnxdx9w
[2023-10-08T03:48:58.099+0000] {logging_mixin.py:151} INFO - hnwy4tx
[2023-10-08T03:48:58.523+0000] {logging_mixin.py:151} INFO - hnw3zhg
[2023-10-08T03:48:58.893+0000] {logging_mixin.py:151} INFO - hnx9l1v
[2023-10-08T03:48:59.258+0000] {logging_mixin.py:151} INFO - hnxgp9l
[2023-10-08T03:48:59.663+0000] {logging_mixin.py:151} INFO - hnw8nbu
[2023-10-08T03:49:00.047+0000] {logging_mixin.py:151} INFO - hnwq9c3
[2023-10-08T03:49:00.422+0000] {logging_mixin.py:151} INFO - hnwiif5
[2023-10-08T03:49:00.856+0000] {logging_mixin.py:151} INFO - hnx1qa5
[2023-10-08T03:49:01.249+0000] {logging_mixin.py:151} INFO - hnwpqk1
[2023-10-08T03:49:01.651+0000] {logging_mixin.py:151} INFO - hnxa9ht
[2023-10-08T03:49:02.046+0000] {logging_mixin.py:151} INFO - hnwxgdh
[2023-10-08T03:49:02.457+0000] {logging_mixin.py:151} INFO - hnwogoh
[2023-10-08T03:49:02.847+0000] {logging_mixin.py:151} INFO - hnwqnon
[2023-10-08T03:49:03.280+0000] {logging_mixin.py:151} INFO - hnx2f6e
[2023-10-08T03:49:03.687+0000] {logging_mixin.py:151} INFO - hnxhxdu
[2023-10-08T03:49:04.102+0000] {logging_mixin.py:151} INFO - hnxel59
[2023-10-08T03:49:04.496+0000] {logging_mixin.py:151} INFO - hnx0zhl
[2023-10-08T03:49:04.919+0000] {logging_mixin.py:151} INFO - hnx7ggm
[2023-10-08T03:49:05.314+0000] {logging_mixin.py:151} INFO - hnxa4y4
[2023-10-08T03:49:05.739+0000] {logging_mixin.py:151} INFO - hnwxwl0
[2023-10-08T03:49:06.130+0000] {logging_mixin.py:151} INFO - hnx7i0c
[2023-10-08T03:49:06.559+0000] {logging_mixin.py:151} INFO - hnxfqnq
[2023-10-08T03:49:06.970+0000] {logging_mixin.py:151} INFO - hnxedgm
[2023-10-08T03:49:07.483+0000] {logging_mixin.py:151} INFO - hnwoagv
[2023-10-08T03:49:07.887+0000] {logging_mixin.py:151} INFO - hnwxnik
[2023-10-08T03:49:08.303+0000] {logging_mixin.py:151} INFO - hnvwe5u
[2023-10-08T03:49:08.813+0000] {logging_mixin.py:151} INFO - hnx1iv5
[2023-10-08T03:49:09.227+0000] {logging_mixin.py:151} INFO - hnxhhgs
[2023-10-08T03:49:09.724+0000] {logging_mixin.py:151} INFO - hnws1mn
[2023-10-08T03:49:10.149+0000] {logging_mixin.py:151} INFO - hnx8k0n
[2023-10-08T03:49:10.556+0000] {logging_mixin.py:151} INFO - hnx84hk
[2023-10-08T03:49:11.069+0000] {logging_mixin.py:151} INFO - hnxh0wz
[2023-10-08T03:49:11.477+0000] {logging_mixin.py:151} INFO - hnvzley
[2023-10-08T03:49:11.984+0000] {logging_mixin.py:151} INFO - hnxh5og
[2023-10-08T03:49:12.504+0000] {logging_mixin.py:151} INFO - hnx27oh
[2023-10-08T03:49:13.012+0000] {logging_mixin.py:151} INFO - hnxdot7
[2023-10-08T03:49:13.391+0000] {logging_mixin.py:151} INFO - hnxcv1s
[2023-10-08T03:49:13.776+0000] {logging_mixin.py:151} INFO - hnwnojb
[2023-10-08T03:49:14.245+0000] {logging_mixin.py:151} INFO - hnwzq5u
[2023-10-08T03:49:14.759+0000] {logging_mixin.py:151} INFO - hnwc9hw
[2023-10-08T03:49:15.128+0000] {logging_mixin.py:151} INFO - hnw7qup
[2023-10-08T03:49:15.578+0000] {logging_mixin.py:151} INFO - hnxdfyb
[2023-10-08T03:49:16.091+0000] {logging_mixin.py:151} INFO - hnxh55d
[2023-10-08T03:49:16.499+0000] {logging_mixin.py:151} INFO - hnw6294
[2023-10-08T03:49:17.011+0000] {logging_mixin.py:151} INFO - hnw7573
[2023-10-08T03:49:17.525+0000] {logging_mixin.py:151} INFO - hnw8c6a
[2023-10-08T03:49:17.934+0000] {logging_mixin.py:151} INFO - hnw9v4d
[2023-10-08T03:49:18.345+0000] {logging_mixin.py:151} INFO - hnwc3yj
[2023-10-08T03:49:18.860+0000] {logging_mixin.py:151} INFO - hnwefz6
[2023-10-08T03:49:19.370+0000] {logging_mixin.py:151} INFO - hnwfu4j
[2023-10-08T03:49:19.754+0000] {logging_mixin.py:151} INFO - hnwi4yt
[2023-10-08T03:49:20.164+0000] {logging_mixin.py:151} INFO - hnwmr2j
[2023-10-08T03:49:20.548+0000] {logging_mixin.py:151} INFO - hnwvgna
[2023-10-08T03:49:20.951+0000] {logging_mixin.py:151} INFO - hnwxrdr
[2023-10-08T03:49:21.343+0000] {logging_mixin.py:151} INFO - hnwy66o
[2023-10-08T03:49:21.743+0000] {logging_mixin.py:151} INFO - hnwydui
[2023-10-08T03:49:22.106+0000] {logging_mixin.py:151} INFO - hnxble3
[2023-10-08T03:49:22.484+0000] {logging_mixin.py:151} INFO - hnxehhp
[2023-10-08T03:49:22.934+0000] {logging_mixin.py:151} INFO - hnvwojh
[2023-10-08T03:49:23.328+0000] {logging_mixin.py:151} INFO - hnvwjk7
[2023-10-08T03:49:23.854+0000] {logging_mixin.py:151} INFO - hnwl8vf
[2023-10-08T03:49:24.371+0000] {logging_mixin.py:151} INFO - hnwpumq
[2023-10-08T03:49:24.881+0000] {logging_mixin.py:151} INFO - hnxejer
[2023-10-08T03:49:25.800+0000] {logging_mixin.py:151} INFO - hnwug49
[2023-10-08T03:49:26.319+0000] {logging_mixin.py:151} INFO - hnx5850
[2023-10-08T03:49:26.830+0000] {logging_mixin.py:151} INFO - hnwmudd
[2023-10-08T03:49:27.214+0000] {logging_mixin.py:151} INFO - hnwelgz
[2023-10-08T03:49:27.648+0000] {logging_mixin.py:151} INFO - hnxf7dn
[2023-10-08T03:49:28.042+0000] {logging_mixin.py:151} INFO - hnwfh5d
[2023-10-08T03:49:28.443+0000] {logging_mixin.py:151} INFO - hnxfbiz
[2023-10-08T03:49:28.879+0000] {logging_mixin.py:151} INFO - hnwxrd9
[2023-10-08T03:49:29.287+0000] {logging_mixin.py:151} INFO - hnw8wzx
[2023-10-08T03:49:29.686+0000] {logging_mixin.py:151} INFO - hnwu6dl
[2023-10-08T03:49:30.081+0000] {logging_mixin.py:151} INFO - hnw6ilc
[2023-10-08T03:49:30.579+0000] {logging_mixin.py:151} INFO - hnwpic6
[2023-10-08T03:49:30.972+0000] {logging_mixin.py:151} INFO - hnx6euj
[2023-10-08T03:49:31.390+0000] {logging_mixin.py:151} INFO - hnw2maj
[2023-10-08T03:49:31.767+0000] {logging_mixin.py:151} INFO - hnwgnuw
[2023-10-08T03:49:32.219+0000] {logging_mixin.py:151} INFO - hnwlap4
[2023-10-08T03:49:32.666+0000] {logging_mixin.py:151} INFO - hnvy5k1
[2023-10-08T03:49:33.109+0000] {logging_mixin.py:151} INFO - hnwpf3w
[2023-10-08T03:49:33.513+0000] {logging_mixin.py:151} INFO - hnwayqm
[2023-10-08T03:49:34.032+0000] {logging_mixin.py:151} INFO - hnwzdob
[2023-10-08T03:49:34.516+0000] {logging_mixin.py:151} INFO - hnwalqh
[2023-10-08T03:49:34.887+0000] {logging_mixin.py:151} INFO - hnwovqr
[2023-10-08T03:49:35.333+0000] {logging_mixin.py:151} INFO - hnwcuct
[2023-10-08T03:49:35.737+0000] {logging_mixin.py:151} INFO - hnwrmwq
[2023-10-08T03:49:36.124+0000] {logging_mixin.py:151} INFO - hnwq8r2
[2023-10-08T03:49:36.530+0000] {logging_mixin.py:151} INFO - hnxapd3
[2023-10-08T03:49:36.971+0000] {logging_mixin.py:151} INFO - hnxd4nr
[2023-10-08T03:49:37.378+0000] {logging_mixin.py:151} INFO - hnxefac
[2023-10-08T03:49:37.779+0000] {logging_mixin.py:151} INFO - hnx26fz
[2023-10-08T03:49:38.204+0000] {logging_mixin.py:151} INFO - hnx2pgh
[2023-10-08T03:49:38.610+0000] {logging_mixin.py:151} INFO - hnwyzzx
[2023-10-08T03:49:39.096+0000] {logging_mixin.py:151} INFO - hnxgg3c
[2023-10-08T03:49:39.540+0000] {logging_mixin.py:151} INFO - hnxb4n6
[2023-10-08T03:49:40.048+0000] {logging_mixin.py:151} INFO - hnxb8xz
[2023-10-08T03:49:40.556+0000] {logging_mixin.py:151} INFO - hnvwqhp
[2023-10-08T03:49:40.941+0000] {logging_mixin.py:151} INFO - hnvwzhg
[2023-10-08T03:49:41.341+0000] {logging_mixin.py:151} INFO - hnvzpxq
[2023-10-08T03:49:41.721+0000] {logging_mixin.py:151} INFO - hnw5tdz
[2023-10-08T03:49:42.106+0000] {logging_mixin.py:151} INFO - hnwxttf
[2023-10-08T03:49:42.499+0000] {logging_mixin.py:151} INFO - hnw26gh
[2023-10-08T03:49:42.910+0000] {logging_mixin.py:151} INFO - hnw1m9b
[2023-10-08T03:49:43.324+0000] {logging_mixin.py:151} INFO - hnw49ll
[2023-10-08T03:49:43.726+0000] {logging_mixin.py:151} INFO - hnx2gm4
[2023-10-08T03:49:44.129+0000] {logging_mixin.py:151} INFO - hnxed4a
[2023-10-08T03:49:44.511+0000] {logging_mixin.py:151} INFO - hnxecv7
[2023-10-08T03:49:44.967+0000] {logging_mixin.py:151} INFO - hnwz8au
[2023-10-08T03:49:45.478+0000] {logging_mixin.py:151} INFO - hnwx4mn
[2023-10-08T03:49:45.883+0000] {logging_mixin.py:151} INFO - hnxbq3e
[2023-10-08T03:49:46.302+0000] {logging_mixin.py:151} INFO - hnxcxwk
[2023-10-08T03:49:46.810+0000] {logging_mixin.py:151} INFO - hnxd7uz
[2023-10-08T03:49:47.222+0000] {logging_mixin.py:151} INFO - hnvzpza
[2023-10-08T03:49:47.646+0000] {logging_mixin.py:151} INFO - hnx21lt
[2023-10-08T03:49:48.146+0000] {logging_mixin.py:151} INFO - hnw8ol2
[2023-10-08T03:49:48.561+0000] {logging_mixin.py:151} INFO - hnwshso
[2023-10-08T03:49:49.029+0000] {logging_mixin.py:151} INFO - hnxdi9l
[2023-10-08T03:49:49.478+0000] {logging_mixin.py:151} INFO - hnxi719
[2023-10-08T03:49:49.966+0000] {logging_mixin.py:151} INFO - hnx6oy1
[2023-10-08T03:49:50.376+0000] {logging_mixin.py:151} INFO - hnxfh7x
[2023-10-08T03:49:50.889+0000] {logging_mixin.py:151} INFO - hnwy2hi
[2023-10-08T03:49:51.287+0000] {logging_mixin.py:151} INFO - hnx6pmk
[2023-10-08T03:49:51.707+0000] {logging_mixin.py:151} INFO - hnwv80o
[2023-10-08T03:49:52.214+0000] {logging_mixin.py:151} INFO - hnx9ie1
[2023-10-08T03:49:52.626+0000] {logging_mixin.py:151} INFO - hnwn7wb
[2023-10-08T03:49:53.037+0000] {logging_mixin.py:151} INFO - hnx1iw8
[2023-10-08T03:49:53.550+0000] {logging_mixin.py:151} INFO - hnwprje
[2023-10-08T03:49:53.961+0000] {logging_mixin.py:151} INFO - hnwnq6u
[2023-10-08T03:49:54.472+0000] {logging_mixin.py:151} INFO - hnwtfw3
[2023-10-08T03:49:54.870+0000] {logging_mixin.py:151} INFO - hnwqeh4
[2023-10-08T03:49:55.264+0000] {logging_mixin.py:151} INFO - hnwraq0
[2023-10-08T03:49:55.652+0000] {logging_mixin.py:151} INFO - hnxgkfb
[2023-10-08T03:49:56.037+0000] {logging_mixin.py:151} INFO - hnwtibd
[2023-10-08T03:49:56.436+0000] {logging_mixin.py:151} INFO - hnxbnmu
[2023-10-08T03:49:56.830+0000] {logging_mixin.py:151} INFO - hnx1das
[2023-10-08T03:49:57.215+0000] {logging_mixin.py:151} INFO - hnxe4u3
[2023-10-08T03:49:57.620+0000] {logging_mixin.py:151} INFO - hnwo6tc
[2023-10-08T03:49:58.062+0000] {logging_mixin.py:151} INFO - hnxf0nb
[2023-10-08T03:49:58.572+0000] {logging_mixin.py:151} INFO - hnxh6z7
[2023-10-08T03:49:58.981+0000] {logging_mixin.py:151} INFO - hnwh9dg
[2023-10-08T03:49:59.496+0000] {logging_mixin.py:151} INFO - hnwfl6p
[2023-10-08T03:49:59.932+0000] {logging_mixin.py:151} INFO - hnwjdvj
[2023-10-08T03:50:00.329+0000] {logging_mixin.py:151} INFO - hnwb2r9
[2023-10-08T03:50:00.733+0000] {logging_mixin.py:151} INFO - hnwqy0r
[2023-10-08T03:50:02.129+0000] {logging_mixin.py:151} INFO - hnvyh4h
[2023-10-08T03:50:03.582+0000] {logging_mixin.py:151} INFO - hnvzuk0
[2023-10-08T03:50:04.005+0000] {logging_mixin.py:151} INFO - hnwkcbp
[2023-10-08T03:50:05.427+0000] {logging_mixin.py:151} INFO - hnwbhmr
[2023-10-08T03:50:05.851+0000] {logging_mixin.py:151} INFO - hnwcqwj
[2023-10-08T03:50:07.385+0000] {logging_mixin.py:151} INFO - hnwcyr6
[2023-10-08T03:50:08.779+0000] {logging_mixin.py:151} INFO - hnwqy8d
[2023-10-08T03:50:09.226+0000] {logging_mixin.py:151} INFO - hnx9pfe
[2023-10-08T03:50:10.670+0000] {logging_mixin.py:151} INFO - hnxgao1
[2023-10-08T03:50:11.179+0000] {logging_mixin.py:151} INFO - hnx3m9h
[2023-10-08T03:50:12.587+0000] {logging_mixin.py:151} INFO - hnx38fg
[2023-10-08T03:50:13.023+0000] {logging_mixin.py:151} INFO - hnwdfle
[2023-10-08T03:50:14.557+0000] {logging_mixin.py:151} INFO - hnw70ym
[2023-10-08T03:50:14.934+0000] {logging_mixin.py:151} INFO - hnx8oer
[2023-10-08T03:50:16.335+0000] {logging_mixin.py:151} INFO - hnw1td9
[2023-10-08T03:50:17.838+0000] {logging_mixin.py:151} INFO - hnxeji7
[2023-10-08T03:50:18.233+0000] {logging_mixin.py:151} INFO - hnw1lk4
[2023-10-08T03:50:19.614+0000] {logging_mixin.py:151} INFO - hnx2mt9
[2023-10-08T03:50:20.478+0000] {logging_mixin.py:151} INFO - hnwb7ps
[2023-10-08T03:50:20.870+0000] {logging_mixin.py:151} INFO - hnx8vsu
[2023-10-08T03:50:22.255+0000] {logging_mixin.py:151} INFO - hnxi0in
[2023-10-08T03:50:23.762+0000] {logging_mixin.py:151} INFO - hnwsyyv
[2023-10-08T03:50:24.275+0000] {logging_mixin.py:151} INFO - hnwy8ng
[2023-10-08T03:50:25.706+0000] {logging_mixin.py:151} INFO - hnwq4rt
[2023-10-08T03:50:26.141+0000] {logging_mixin.py:151} INFO - hnx0y2v
[2023-10-08T03:50:27.653+0000] {logging_mixin.py:151} INFO - hnxdrqp
[2023-10-08T03:50:28.082+0000] {logging_mixin.py:151} INFO - hnwvc50
[2023-10-08T03:50:29.482+0000] {logging_mixin.py:151} INFO - hnx84i4
[2023-10-08T03:50:30.423+0000] {logging_mixin.py:151} INFO - hnwvbte
[2023-10-08T03:50:30.811+0000] {logging_mixin.py:151} INFO - hnxa1hp
[2023-10-08T03:50:32.225+0000] {logging_mixin.py:151} INFO - hnwzkpd
[2023-10-08T03:50:33.706+0000] {logging_mixin.py:151} INFO - hnxant7
[2023-10-08T03:50:34.216+0000] {logging_mixin.py:151} INFO - hnx2ffu
[2023-10-08T03:50:35.606+0000] {logging_mixin.py:151} INFO - hnxbqfl
[2023-10-08T03:50:36.001+0000] {logging_mixin.py:151} INFO - hnx3bmc
[2023-10-08T03:50:37.482+0000] {logging_mixin.py:151} INFO - hnxarxj
[2023-10-08T03:50:37.880+0000] {logging_mixin.py:151} INFO - hnworv9
[2023-10-08T03:50:39.264+0000] {logging_mixin.py:151} INFO - hnwhax6
[2023-10-08T03:50:40.772+0000] {logging_mixin.py:151} INFO - hnwrbxi
[2023-10-08T03:50:41.153+0000] {logging_mixin.py:151} INFO - hnw0hfm
[2023-10-08T03:50:42.619+0000] {logging_mixin.py:151} INFO - hnwgrth
[2023-10-08T03:50:43.026+0000] {logging_mixin.py:151} INFO - hnwitte
[2023-10-08T03:50:44.426+0000] {logging_mixin.py:151} INFO - hnxeqv9
[2023-10-08T03:50:44.873+0000] {logging_mixin.py:151} INFO - hnwdyz9
[2023-10-08T03:50:46.307+0000] {logging_mixin.py:151} INFO - hnxbd9j
[2023-10-08T03:50:47.742+0000] {logging_mixin.py:151} INFO - hnxbf54
[2023-10-08T03:50:48.256+0000] {logging_mixin.py:151} INFO - hnx46cn
[2023-10-08T03:50:49.764+0000] {logging_mixin.py:151} INFO - hnw3002
[2023-10-08T03:50:50.174+0000] {logging_mixin.py:151} INFO - hnw5cte
[2023-10-08T03:50:52.018+0000] {logging_mixin.py:151} INFO - hnw27hh
[2023-10-08T03:50:52.492+0000] {logging_mixin.py:151} INFO - hnwei7d
[2023-10-08T03:50:53.045+0000] {logging_mixin.py:151} INFO - hnw9amc
[2023-10-08T03:50:54.584+0000] {logging_mixin.py:151} INFO - hnwxmzw
[2023-10-08T03:50:55.099+0000] {logging_mixin.py:151} INFO - hnx3u0r
[2023-10-08T03:50:56.498+0000] {logging_mixin.py:151} INFO - hnx459b
[2023-10-08T03:50:56.885+0000] {logging_mixin.py:151} INFO - hnwe9wm
[2023-10-08T03:50:58.372+0000] {logging_mixin.py:151} INFO - hnwcku8
[2023-10-08T03:50:59.812+0000] {logging_mixin.py:151} INFO - hnx8zvm
[2023-10-08T03:51:00.324+0000] {logging_mixin.py:151} INFO - hnwvxqm
[2023-10-08T03:51:01.720+0000] {logging_mixin.py:151} INFO - hnwyvrb
[2023-10-08T03:51:02.116+0000] {logging_mixin.py:151} INFO - hnwxxmo
[2023-10-08T03:51:03.514+0000] {logging_mixin.py:151} INFO - hnwqvsc
[2023-10-08T03:51:03.908+0000] {logging_mixin.py:151} INFO - hnwvf43
[2023-10-08T03:51:05.302+0000] {logging_mixin.py:151} INFO - hnwvuc4
[2023-10-08T03:51:06.700+0000] {logging_mixin.py:151} INFO - hnx4ntm
[2023-10-08T03:51:07.086+0000] {logging_mixin.py:151} INFO - hnxe2rm
[2023-10-08T03:51:08.522+0000] {logging_mixin.py:151} INFO - hnwprwz
[2023-10-08T03:51:08.932+0000] {logging_mixin.py:151} INFO - hnwkpb9
[2023-10-08T03:51:10.369+0000] {logging_mixin.py:151} INFO - hnwq4pn
[2023-10-08T03:51:11.803+0000] {logging_mixin.py:151} INFO - hnxg2s1
[2023-10-08T03:51:12.311+0000] {logging_mixin.py:151} INFO - hnw0nyu
[2023-10-08T03:51:13.847+0000] {logging_mixin.py:151} INFO - hnwu5sj
[2023-10-08T03:51:14.776+0000] {logging_mixin.py:151} INFO - hnwp48r
[2023-10-08T03:51:15.181+0000] {logging_mixin.py:151} INFO - hnwl2du
[2023-10-08T03:51:16.577+0000] {logging_mixin.py:151} INFO - hnxbufh
[2023-10-08T03:51:17.025+0000] {logging_mixin.py:151} INFO - hnx4ezf
[2023-10-08T03:51:18.408+0000] {logging_mixin.py:151} INFO - hnw7x5c
[2023-10-08T03:51:18.870+0000] {logging_mixin.py:151} INFO - hnx4jjm
[2023-10-08T03:51:20.289+0000] {logging_mixin.py:151} INFO - hnwgwna
[2023-10-08T03:51:21.679+0000] {logging_mixin.py:151} INFO - hnwed8u
[2023-10-08T03:51:22.130+0000] {logging_mixin.py:151} INFO - hnxhewl
[2023-10-08T03:51:23.668+0000] {logging_mixin.py:151} INFO - hnwem22
[2023-10-08T03:51:24.178+0000] {logging_mixin.py:151} INFO - hnwe5u6
[2023-10-08T03:51:25.724+0000] {logging_mixin.py:151} INFO - hnxfz0z
[2023-10-08T03:51:26.228+0000] {logging_mixin.py:151} INFO - hnx676s
[2023-10-08T03:51:27.665+0000] {logging_mixin.py:151} INFO - hnx2knl
[2023-10-08T03:51:28.046+0000] {logging_mixin.py:151} INFO - hnx1ptl
[2023-10-08T03:51:29.507+0000] {logging_mixin.py:151} INFO - hnx1283
[2023-10-08T03:51:29.884+0000] {logging_mixin.py:151} INFO - hnxi1hq
[2023-10-08T03:51:31.352+0000] {logging_mixin.py:151} INFO - hnwz5hn
[2023-10-08T03:51:32.741+0000] {logging_mixin.py:151} INFO - hnwt8jl
[2023-10-08T03:51:33.114+0000] {logging_mixin.py:151} INFO - hnwxqim
[2023-10-08T03:51:34.532+0000] {logging_mixin.py:151} INFO - hnwq4z5
[2023-10-08T03:51:34.964+0000] {logging_mixin.py:151} INFO - hnwxx0x
[2023-10-08T03:51:36.364+0000] {logging_mixin.py:151} INFO - hnwl0ec
[2023-10-08T03:51:36.763+0000] {logging_mixin.py:151} INFO - hnwokxo
[2023-10-08T03:51:38.497+0000] {logging_mixin.py:151} INFO - hnw2vod
[2023-10-08T03:51:39.911+0000] {logging_mixin.py:151} INFO - hnw1bi9
[2023-10-08T03:51:40.290+0000] {logging_mixin.py:151} INFO - hnwxwue
[2023-10-08T03:51:41.707+0000] {logging_mixin.py:151} INFO - hnwrdjm
[2023-10-08T03:51:42.216+0000] {logging_mixin.py:151} INFO - hnxctz4
[2023-10-08T03:51:43.754+0000] {logging_mixin.py:151} INFO - hnx65a8
[2023-10-08T03:51:44.138+0000] {logging_mixin.py:151} INFO - hnx62po
[2023-10-08T03:51:45.596+0000] {logging_mixin.py:151} INFO - hnx91c1
[2023-10-08T03:51:46.005+0000] {logging_mixin.py:151} INFO - hnwh97u
[2023-10-08T03:51:47.416+0000] {logging_mixin.py:151} INFO - hnxhirs
[2023-10-08T03:51:47.791+0000] {logging_mixin.py:151} INFO - hnx83tf
[2023-10-08T03:51:49.178+0000] {logging_mixin.py:151} INFO - hnx8fqy
[2023-10-08T03:51:50.699+0000] {logging_mixin.py:151} INFO - hnxb6xv
[2023-10-08T03:51:51.080+0000] {logging_mixin.py:151} INFO - hnxa1gl
[2023-10-08T03:51:52.479+0000] {logging_mixin.py:151} INFO - hnxaa64
[2023-10-08T03:51:52.874+0000] {logging_mixin.py:151} INFO - hnx4lex
[2023-10-08T03:51:54.390+0000] {logging_mixin.py:151} INFO - hnx7mzy
[2023-10-08T03:51:55.770+0000] {logging_mixin.py:151} INFO - hnx6gxc
[2023-10-08T03:51:56.180+0000] {logging_mixin.py:151} INFO - hnwoxhg
[2023-10-08T03:51:57.560+0000] {logging_mixin.py:151} INFO - hnw1ho7
[2023-10-08T03:51:57.981+0000] {logging_mixin.py:151} INFO - hnxd6gq
[2023-10-08T03:51:59.514+0000] {logging_mixin.py:151} INFO - hnxhyfw
[2023-10-08T03:51:59.910+0000] {logging_mixin.py:151} INFO - hnx8auj
[2023-10-08T03:52:01.356+0000] {logging_mixin.py:151} INFO - hnx95ar
[2023-10-08T03:52:02.771+0000] {logging_mixin.py:151} INFO - hnxadxb
[2023-10-08T03:52:03.207+0000] {logging_mixin.py:151} INFO - hnxarhx
[2023-10-08T03:52:04.610+0000] {logging_mixin.py:151} INFO - hnx5mja
[2023-10-08T03:52:05.056+0000] {logging_mixin.py:151} INFO - hnx71xj
[2023-10-08T03:52:06.458+0000] {logging_mixin.py:151} INFO - hnw2lbl
[2023-10-08T03:52:06.866+0000] {logging_mixin.py:151} INFO - hnw2cds
[2023-10-08T03:52:08.333+0000] {logging_mixin.py:151} INFO - hnwc1no
[2023-10-08T03:52:09.863+0000] {logging_mixin.py:151} INFO - hnx8ic3
[2023-10-08T03:52:10.258+0000] {logging_mixin.py:151} INFO - hnxa48c
[2023-10-08T03:52:11.668+0000] {logging_mixin.py:151} INFO - hnxbgw0
[2023-10-08T03:52:12.119+0000] {logging_mixin.py:151} INFO - hnx9fap
[2023-10-08T03:52:13.513+0000] {logging_mixin.py:151} INFO - hnxaqb1
[2023-10-08T03:52:13.962+0000] {logging_mixin.py:151} INFO - hnxa9yh
[2023-10-08T03:52:15.401+0000] {logging_mixin.py:151} INFO - hnxaby6
[2023-10-08T03:52:15.791+0000] {logging_mixin.py:151} INFO - hnxasvj
[2023-10-08T03:52:17.176+0000] {logging_mixin.py:151} INFO - hnxbaek
[2023-10-08T03:52:18.587+0000] {logging_mixin.py:151} INFO - hnxd9a6
[2023-10-08T03:52:19.087+0000] {logging_mixin.py:151} INFO - hnx8yxf
[2023-10-08T03:52:20.496+0000] {logging_mixin.py:151} INFO - hnxba6k
[2023-10-08T03:52:20.907+0000] {logging_mixin.py:151} INFO - hnxbokm
[2023-10-08T03:52:22.274+0000] {logging_mixin.py:151} INFO - hnx9ijf
[2023-10-08T03:52:23.654+0000] {logging_mixin.py:151} INFO - hnxamvt
[2023-10-08T03:52:24.087+0000] {logging_mixin.py:151} INFO - hnxagol
[2023-10-08T03:52:25.518+0000] {logging_mixin.py:151} INFO - hnxbk52
[2023-10-08T03:52:29.218+0000] {logging_mixin.py:151} INFO - h9uuc0d
[2023-10-08T03:52:29.591+0000] {logging_mixin.py:151} INFO - h9uvn3h
[2023-10-08T03:52:29.974+0000] {logging_mixin.py:151} INFO - h9uxgkm
[2023-10-08T03:52:30.440+0000] {logging_mixin.py:151} INFO - h9uuhww
[2023-10-08T03:52:31.874+0000] {logging_mixin.py:151} INFO - h9ux7i6
[2023-10-08T03:52:32.259+0000] {logging_mixin.py:151} INFO - h9vmdpy
[2023-10-08T03:52:33.651+0000] {logging_mixin.py:151} INFO - h9uw250
[2023-10-08T03:52:34.048+0000] {logging_mixin.py:151} INFO - h9uu4mc
[2023-10-08T03:52:35.560+0000] {logging_mixin.py:151} INFO - h9v4oyt
[2023-10-08T03:52:35.931+0000] {logging_mixin.py:151} INFO - h9unwro
[2023-10-08T03:52:37.332+0000] {logging_mixin.py:151} INFO - h9usslo
[2023-10-08T03:52:38.706+0000] {logging_mixin.py:151} INFO - h9un0ty
[2023-10-08T03:52:39.106+0000] {logging_mixin.py:151} INFO - h9ut8x3
[2023-10-08T03:52:40.495+0000] {logging_mixin.py:151} INFO - h9v5381
[2023-10-08T03:52:40.995+0000] {logging_mixin.py:151} INFO - h9ve7nh
[2023-10-08T03:52:42.546+0000] {logging_mixin.py:151} INFO - h9v0i41
[2023-10-08T03:52:43.042+0000] {logging_mixin.py:151} INFO - h9vjqfo
[2023-10-08T03:52:44.480+0000] {logging_mixin.py:151} INFO - h9umaqn
[2023-10-08T03:52:44.880+0000] {logging_mixin.py:151} INFO - h9v3y6v
[2023-10-08T03:52:46.339+0000] {logging_mixin.py:151} INFO - h9v79t9
[2023-10-08T03:52:47.859+0000] {logging_mixin.py:151} INFO - h9vb8kt
[2023-10-08T03:52:48.272+0000] {logging_mixin.py:151} INFO - h9uql7f
[2023-10-08T03:52:49.682+0000] {logging_mixin.py:151} INFO - h9v1ogt
[2023-10-08T03:52:50.073+0000] {logging_mixin.py:151} INFO - h9uzs7i
[2023-10-08T03:52:51.488+0000] {logging_mixin.py:151} INFO - h9uwry3
[2023-10-08T03:52:51.876+0000] {logging_mixin.py:151} INFO - h9vjx4i
[2023-10-08T03:52:53.383+0000] {logging_mixin.py:151} INFO - h9v3cnm
[2023-10-08T03:52:54.912+0000] {logging_mixin.py:151} INFO - h9vcexm
[2023-10-08T03:52:55.321+0000] {logging_mixin.py:151} INFO - h9vdyzi
[2023-10-08T03:52:56.729+0000] {logging_mixin.py:151} INFO - h9vl1tx
[2023-10-08T03:52:57.114+0000] {logging_mixin.py:151} INFO - h9uwue6
[2023-10-08T03:52:58.502+0000] {logging_mixin.py:151} INFO - h9v97xu
[2023-10-08T03:52:59.006+0000] {logging_mixin.py:151} INFO - h9vgpzv
[2023-10-08T03:53:00.719+0000] {logging_mixin.py:151} INFO - h9vkeka
[2023-10-08T03:53:01.779+0000] {logging_mixin.py:151} INFO - h9v8c5j
[2023-10-08T03:53:03.170+0000] {logging_mixin.py:151} INFO - h9utgbu
[2023-10-08T03:53:03.570+0000] {logging_mixin.py:151} INFO - h9vkpsj
[2023-10-08T03:53:03.947+0000] {logging_mixin.py:151} INFO - h9vo0ut
[2023-10-08T03:53:05.342+0000] {logging_mixin.py:151} INFO - h9v2xpx
[2023-10-08T03:53:06.720+0000] {logging_mixin.py:151} INFO - h9vkzeg
[2023-10-08T03:53:07.098+0000] {logging_mixin.py:151} INFO - h9urygn
[2023-10-08T03:53:08.537+0000] {logging_mixin.py:151} INFO - h9vevh7
[2023-10-08T03:53:08.947+0000] {logging_mixin.py:151} INFO - h9vjmqx
[2023-10-08T03:53:10.335+0000] {logging_mixin.py:151} INFO - h9v29o6
[2023-10-08T03:53:11.818+0000] {logging_mixin.py:151} INFO - h9vhhav
[2023-10-08T03:53:12.329+0000] {logging_mixin.py:151} INFO - h9v8vc9
[2023-10-08T03:53:13.868+0000] {logging_mixin.py:151} INFO - h9v5r05
[2023-10-08T03:53:14.378+0000] {logging_mixin.py:151} INFO - h9va8u8
[2023-10-08T03:53:15.780+0000] {logging_mixin.py:151} INFO - h9vo7v9
[2023-10-08T03:53:16.199+0000] {logging_mixin.py:151} INFO - h9vfwud
[2023-10-08T03:53:17.596+0000] {logging_mixin.py:151} INFO - h9vk5ef
[2023-10-08T03:53:17.980+0000] {logging_mixin.py:151} INFO - h9viuxt
[2023-10-08T03:53:19.355+0000] {logging_mixin.py:151} INFO - h9vmi11
[2023-10-08T03:53:19.791+0000] {logging_mixin.py:151} INFO - h9v049s
[2023-10-08T03:53:21.225+0000] {logging_mixin.py:151} INFO - h9v2uca
[2023-10-08T03:53:22.658+0000] {logging_mixin.py:151} INFO - h9v59lw
[2023-10-08T03:53:23.071+0000] {logging_mixin.py:151} INFO - h9vfa1t
[2023-10-08T03:53:24.499+0000] {logging_mixin.py:151} INFO - h9vjk58
[2023-10-08T03:53:24.885+0000] {logging_mixin.py:151} INFO - h9vpe9v
[2023-10-08T03:53:26.863+0000] {logging_mixin.py:151} INFO - h9uul4g
[2023-10-08T03:53:27.375+0000] {logging_mixin.py:151} INFO - h9vk18g
[2023-10-08T03:53:28.809+0000] {logging_mixin.py:151} INFO - h9vnhb7
[2023-10-08T03:53:29.232+0000] {logging_mixin.py:151} INFO - h9vk0mb
[2023-10-08T03:53:30.753+0000] {logging_mixin.py:151} INFO - h9vcjls
[2023-10-08T03:53:31.180+0000] {logging_mixin.py:151} INFO - h9vhl0j
[2023-10-08T03:53:32.700+0000] {logging_mixin.py:151} INFO - h9vb8lw
[2023-10-08T03:53:33.063+0000] {logging_mixin.py:151} INFO - h9vbn8m
[2023-10-08T03:53:34.459+0000] {logging_mixin.py:151} INFO - h9vbwib
[2023-10-08T03:53:34.955+0000] {logging_mixin.py:151} INFO - h9vgewp
[2023-10-08T03:53:36.338+0000] {logging_mixin.py:151} INFO - h9vix9i
[2023-10-08T03:53:37.752+0000] {logging_mixin.py:151} INFO - h9vb8lc
[2023-10-08T03:53:38.126+0000] {logging_mixin.py:151} INFO - h9vopht
[2023-10-08T03:53:39.571+0000] {logging_mixin.py:151} INFO - h9vgwx2
[2023-10-08T03:53:39.959+0000] {logging_mixin.py:151} INFO - h9v0r70
[2023-10-08T03:53:41.355+0000] {logging_mixin.py:151} INFO - h9vone5
[2023-10-08T03:53:42.741+0000] {logging_mixin.py:151} INFO - h9vcdau
[2023-10-08T03:53:43.130+0000] {logging_mixin.py:151} INFO - h9vpraj
[2023-10-08T03:53:44.588+0000] {logging_mixin.py:151} INFO - h9vbk48
[2023-10-08T03:53:45.101+0000] {logging_mixin.py:151} INFO - h9vgqkk
[2023-10-08T03:53:46.603+0000] {logging_mixin.py:151} INFO - h9vhww6
[2023-10-08T03:53:47.055+0000] {logging_mixin.py:151} INFO - h9vb9jh
[2023-10-08T03:53:48.565+0000] {logging_mixin.py:151} INFO - h9vbk92
[2023-10-08T03:53:48.961+0000] {logging_mixin.py:151} INFO - h9vdlrl
[2023-10-08T03:53:50.313+0000] {logging_mixin.py:151} INFO - h9vedxt
[2023-10-08T03:53:51.847+0000] {logging_mixin.py:151} INFO - h9vaz90
[2023-10-08T03:53:52.355+0000] {logging_mixin.py:151} INFO - h9vnzio
[2023-10-08T03:53:53.793+0000] {logging_mixin.py:151} INFO - h9vnctv
[2023-10-08T03:53:54.200+0000] {logging_mixin.py:151} INFO - h9vakf3
[2023-10-08T03:53:56.366+0000] {logging_mixin.py:151} INFO - h9vhfwz
[2023-10-08T03:53:56.745+0000] {logging_mixin.py:151} INFO - h9vj6rc
[2023-10-08T03:53:57.151+0000] {logging_mixin.py:151} INFO - h9v42o2
[2023-10-08T03:53:58.609+0000] {logging_mixin.py:151} INFO - h9vl9y3
[2023-10-08T03:53:59.117+0000] {logging_mixin.py:151} INFO - h9vansy
[2023-10-08T03:54:00.660+0000] {logging_mixin.py:151} INFO - h9vhz3k
[2023-10-08T03:54:01.166+0000] {logging_mixin.py:151} INFO - h9vkxnq
[2023-10-08T03:54:02.604+0000] {logging_mixin.py:151} INFO - h9vgr2d
[2023-10-08T03:54:02.983+0000] {logging_mixin.py:151} INFO - h9vghn5
[2023-10-08T03:54:04.369+0000] {logging_mixin.py:151} INFO - h9vboke
[2023-10-08T03:54:04.782+0000] {logging_mixin.py:151} INFO - h9visy9
[2023-10-08T03:54:06.252+0000] {logging_mixin.py:151} INFO - h9vbpw8
[2023-10-08T03:54:07.735+0000] {logging_mixin.py:151} INFO - h9v1duh
[2023-10-08T03:54:08.137+0000] {logging_mixin.py:151} INFO - h9upeli
[2023-10-08T03:54:09.675+0000] {logging_mixin.py:151} INFO - h9v7wuz
[2023-10-08T03:54:10.048+0000] {logging_mixin.py:151} INFO - h9vb7mp
[2023-10-08T03:54:11.454+0000] {logging_mixin.py:151} INFO - h9uu0tn
[2023-10-08T03:54:11.927+0000] {logging_mixin.py:151} INFO - h9v8cg8
[2023-10-08T03:54:13.333+0000] {logging_mixin.py:151} INFO - h9uocy1
[2023-10-08T03:54:14.731+0000] {logging_mixin.py:151} INFO - h9urff0
[2023-10-08T03:54:15.122+0000] {logging_mixin.py:151} INFO - h9vka5x
[2023-10-08T03:54:16.660+0000] {logging_mixin.py:151} INFO - h9vocxi
[2023-10-08T03:54:17.044+0000] {logging_mixin.py:151} INFO - h9uwnml
[2023-10-08T03:54:18.489+0000] {logging_mixin.py:151} INFO - h9vgxtz
[2023-10-08T03:54:18.999+0000] {logging_mixin.py:151} INFO - h9vbcib
[2023-10-08T03:54:20.443+0000] {logging_mixin.py:151} INFO - h9vg6aj
[2023-10-08T03:54:20.936+0000] {logging_mixin.py:151} INFO - h9vheah
[2023-10-08T03:54:22.463+0000] {logging_mixin.py:151} INFO - h9uo4cy
[2023-10-08T03:54:22.978+0000] {logging_mixin.py:151} INFO - h9uvqsq
[2023-10-08T03:54:24.405+0000] {logging_mixin.py:151} INFO - h9v42sp
[2023-10-08T03:54:24.921+0000] {logging_mixin.py:151} INFO - h9vbjz5
[2023-10-08T03:54:26.359+0000] {logging_mixin.py:151} INFO - h9vd7ex
[2023-10-08T03:54:27.748+0000] {logging_mixin.py:151} INFO - h9vcvrm
[2023-10-08T03:54:28.137+0000] {logging_mixin.py:151} INFO - h9v9w3z
[2023-10-08T03:54:29.553+0000] {logging_mixin.py:151} INFO - h9vklre
[2023-10-08T03:54:29.979+0000] {logging_mixin.py:151} INFO - h9vd5z4
[2023-10-08T03:54:31.482+0000] {logging_mixin.py:151} INFO - h9vco54
[2023-10-08T03:54:31.991+0000] {logging_mixin.py:151} INFO - h9uv0xj
[2023-10-08T03:54:33.395+0000] {logging_mixin.py:151} INFO - h9vh5sw
[2023-10-08T03:54:33.802+0000] {logging_mixin.py:151} INFO - h9vlezu
[2023-10-08T03:54:35.204+0000] {logging_mixin.py:151} INFO - h9vckt8
[2023-10-08T03:54:36.607+0000] {logging_mixin.py:151} INFO - h9vcrvm
[2023-10-08T03:54:36.999+0000] {logging_mixin.py:151} INFO - h9vkt7h
[2023-10-08T03:54:38.383+0000] {logging_mixin.py:151} INFO - h9vkv4i
[2023-10-08T03:54:38.822+0000] {logging_mixin.py:151} INFO - h9vkjn6
[2023-10-08T03:54:40.294+0000] {logging_mixin.py:151} INFO - h9vhvch
[2023-10-08T03:54:41.728+0000] {logging_mixin.py:151} INFO - h9vcu7b
[2023-10-08T03:54:42.141+0000] {logging_mixin.py:151} INFO - h9vd18m
[2023-10-08T03:54:43.576+0000] {logging_mixin.py:151} INFO - h9vo7zj
[2023-10-08T03:54:43.982+0000] {logging_mixin.py:151} INFO - h9vkp8u
[2023-10-08T03:54:45.418+0000] {logging_mixin.py:151} INFO - h9vbzl9
[2023-10-08T03:54:45.828+0000] {logging_mixin.py:151} INFO - h9vkn1y
[2023-10-08T03:54:47.260+0000] {logging_mixin.py:151} INFO - h9vdia3
[2023-10-08T03:54:48.695+0000] {logging_mixin.py:151} INFO - h9vftaw
[2023-10-08T03:54:49.105+0000] {logging_mixin.py:151} INFO - h9vkl2j
[2023-10-08T03:54:51.751+0000] {logging_mixin.py:151} INFO - h9vkzpw
[2023-10-08T03:54:52.158+0000] {logging_mixin.py:151} INFO - h9vczep
[2023-10-08T03:54:52.673+0000] {logging_mixin.py:151} INFO - h9vp7tn
[2023-10-08T03:54:53.082+0000] {logging_mixin.py:151} INFO - h9vp33j
[2023-10-08T03:54:54.485+0000] {logging_mixin.py:151} INFO - h9vjrhs
[2023-10-08T03:54:54.878+0000] {logging_mixin.py:151} INFO - h9vozct
[2023-10-08T03:54:56.274+0000] {logging_mixin.py:151} INFO - h9vc27f
[2023-10-08T03:54:57.661+0000] {logging_mixin.py:151} INFO - h9vfbgj
[2023-10-08T03:54:58.071+0000] {logging_mixin.py:151} INFO - h9vk0sv
[2023-10-08T03:54:59.466+0000] {logging_mixin.py:151} INFO - h9v2ewh
[2023-10-08T03:54:59.896+0000] {logging_mixin.py:151} INFO - h9v75yu
[2023-10-08T03:55:01.369+0000] {logging_mixin.py:151} INFO - h9urzvb
[2023-10-08T03:55:02.818+0000] {logging_mixin.py:151} INFO - h9vfw5d
[2023-10-08T03:55:03.196+0000] {logging_mixin.py:151} INFO - h9vebms
[2023-10-08T03:55:04.602+0000] {logging_mixin.py:151} INFO - h9uw9og
[2023-10-08T03:55:04.998+0000] {logging_mixin.py:151} INFO - h9vno2k
[2023-10-08T03:55:06.415+0000] {logging_mixin.py:151} INFO - h9uwpqz
[2023-10-08T03:55:06.817+0000] {logging_mixin.py:151} INFO - h9v6j9d
[2023-10-08T03:55:08.347+0000] {logging_mixin.py:151} INFO - h9v0cav
[2023-10-08T03:55:09.890+0000] {logging_mixin.py:151} INFO - h9vomnt
[2023-10-08T03:55:10.267+0000] {logging_mixin.py:151} INFO - h9vokhk
[2023-10-08T03:55:11.731+0000] {logging_mixin.py:151} INFO - h9vh01q
[2023-10-08T03:55:12.127+0000] {logging_mixin.py:151} INFO - h9vl2py
[2023-10-08T03:55:13.547+0000] {logging_mixin.py:151} INFO - h9vh44t
[2023-10-08T03:55:14.091+0000] {logging_mixin.py:151} INFO - h9ura07
[2023-10-08T03:55:15.522+0000] {logging_mixin.py:151} INFO - h9vdzxe
[2023-10-08T03:55:15.939+0000] {logging_mixin.py:151} INFO - h9uxy7x
[2023-10-08T03:55:17.365+0000] {logging_mixin.py:151} INFO - h9vcddq
[2023-10-08T03:55:18.771+0000] {logging_mixin.py:151} INFO - h9v49c3
[2023-10-08T03:55:19.212+0000] {logging_mixin.py:151} INFO - h9vevmz
[2023-10-08T03:55:20.712+0000] {logging_mixin.py:151} INFO - h9vdydd
[2023-10-08T03:55:21.090+0000] {logging_mixin.py:151} INFO - h9uw9sa
[2023-10-08T03:55:22.573+0000] {logging_mixin.py:151} INFO - h9vnxtr
[2023-10-08T03:55:23.087+0000] {logging_mixin.py:151} INFO - h9vczhc
[2023-10-08T03:55:24.579+0000] {logging_mixin.py:151} INFO - h9vldve
[2023-10-08T03:55:24.955+0000] {logging_mixin.py:151} INFO - h9vlcqa
[2023-10-08T03:55:26.351+0000] {logging_mixin.py:151} INFO - h9vd7qk
[2023-10-08T03:55:27.900+0000] {logging_mixin.py:151} INFO - h9vkvic
[2023-10-08T03:55:28.266+0000] {logging_mixin.py:151} INFO - h9vgoug
[2023-10-08T03:55:29.727+0000] {logging_mixin.py:151} INFO - h9ve7j3
[2023-10-08T03:55:30.159+0000] {logging_mixin.py:151} INFO - h9vkd3u
[2023-10-08T03:55:31.573+0000] {logging_mixin.py:151} INFO - h9vlhue
[2023-10-08T03:55:32.106+0000] {logging_mixin.py:151} INFO - h9vkr6o
[2023-10-08T03:55:33.639+0000] {logging_mixin.py:151} INFO - h9v2jzi
[2023-10-08T03:55:34.022+0000] {logging_mixin.py:151} INFO - h9us6kp
[2023-10-08T03:55:35.421+0000] {logging_mixin.py:151} INFO - h9uy52k
[2023-10-08T03:55:35.813+0000] {logging_mixin.py:151} INFO - h9vp09f
[2023-10-08T03:55:37.215+0000] {logging_mixin.py:151} INFO - h9vp16j
[2023-10-08T03:55:38.658+0000] {logging_mixin.py:151} INFO - h9voo13
[2023-10-08T03:55:39.040+0000] {logging_mixin.py:151} INFO - h9vj0uk
[2023-10-08T03:55:40.443+0000] {logging_mixin.py:151} INFO - h9vmdos
[2023-10-08T03:55:40.842+0000] {logging_mixin.py:151} INFO - h9us9jb
[2023-10-08T03:55:42.355+0000] {logging_mixin.py:151} INFO - h9vgapy
[2023-10-08T03:55:43.891+0000] {logging_mixin.py:151} INFO - h9vgyu1
[2023-10-08T03:55:44.402+0000] {logging_mixin.py:151} INFO - h9vh5mv
[2023-10-08T03:55:45.797+0000] {logging_mixin.py:151} INFO - h9vdui1
[2023-10-08T03:55:46.759+0000] {logging_mixin.py:151} INFO - h9vb1rf
[2023-10-08T03:55:47.169+0000] {logging_mixin.py:151} INFO - h9vhqft
[2023-10-08T03:55:48.605+0000] {logging_mixin.py:151} INFO - h9vi3e2
[2023-10-08T03:55:49.113+0000] {logging_mixin.py:151} INFO - h9uz1ak
[2023-10-08T03:55:50.515+0000] {logging_mixin.py:151} INFO - h9vgny9
[2023-10-08T03:55:50.941+0000] {logging_mixin.py:151} INFO - h9vlhnx
[2023-10-08T03:55:52.336+0000] {logging_mixin.py:151} INFO - h9vle3y
[2023-10-08T03:55:53.807+0000] {logging_mixin.py:151} INFO - h9vengk
[2023-10-08T03:55:54.216+0000] {logging_mixin.py:151} INFO - h9vlbjn
[2023-10-08T03:55:55.649+0000] {logging_mixin.py:151} INFO - h9voytp
[2023-10-08T03:55:56.060+0000] {logging_mixin.py:151} INFO - h9vf1oe
[2023-10-08T03:55:57.599+0000] {logging_mixin.py:151} INFO - h9vlbr6
[2023-10-08T03:55:58.115+0000] {logging_mixin.py:151} INFO - h9vkjls
[2023-10-08T03:55:59.987+0000] {logging_mixin.py:151} INFO - h9vngk7
[2023-10-08T03:56:00.379+0000] {logging_mixin.py:151} INFO - h9vof85
[2023-10-08T03:56:00.775+0000] {logging_mixin.py:151} INFO - h9vb7b3
[2023-10-08T03:56:02.165+0000] {logging_mixin.py:151} INFO - h9uyjje
[2023-10-08T03:56:03.536+0000] {logging_mixin.py:151} INFO - h9v3kxm
[2023-10-08T03:56:03.922+0000] {logging_mixin.py:151} INFO - h9vorjd
[2023-10-08T03:56:05.324+0000] {logging_mixin.py:151} INFO - h9vj43m
[2023-10-08T03:56:06.736+0000] {logging_mixin.py:151} INFO - h9vgkke
[2023-10-08T03:56:07.120+0000] {logging_mixin.py:151} INFO - h9vi0un
[2023-10-08T03:56:08.564+0000] {logging_mixin.py:151} INFO - h9vknat
[2023-10-08T03:56:08.973+0000] {logging_mixin.py:151} INFO - h9vikmn
[2023-10-08T03:56:10.407+0000] {logging_mixin.py:151} INFO - h9v0fj0
[2023-10-08T03:56:10.821+0000] {logging_mixin.py:151} INFO - h9vlq02
[2023-10-08T03:56:12.354+0000] {logging_mixin.py:151} INFO - h9vli6l
[2023-10-08T03:56:13.747+0000] {logging_mixin.py:151} INFO - h9vlrm9
[2023-10-08T03:56:14.200+0000] {logging_mixin.py:151} INFO - h9vpzir
[2023-10-08T03:56:16.146+0000] {logging_mixin.py:151} INFO - h9vp8rq
[2023-10-08T03:56:16.594+0000] {logging_mixin.py:151} INFO - h9vlk4l
[2023-10-08T03:56:16.979+0000] {logging_mixin.py:151} INFO - h9vptny
[2023-10-08T03:56:18.503+0000] {logging_mixin.py:151} INFO - h9uylm8
[2023-10-08T03:56:18.897+0000] {logging_mixin.py:151} INFO - h9v3qo8
[2023-10-08T03:56:20.310+0000] {logging_mixin.py:151} INFO - h9v6d6n
[2023-10-08T03:56:21.692+0000] {logging_mixin.py:151} INFO - h9vdqqg
[2023-10-08T03:56:22.086+0000] {logging_mixin.py:151} INFO - h9vkbp8
[2023-10-08T03:56:23.486+0000] {logging_mixin.py:151} INFO - h9vl5dw
[2023-10-08T03:56:23.915+0000] {logging_mixin.py:151} INFO - h9vnfe8
[2023-10-08T03:56:25.360+0000] {logging_mixin.py:151} INFO - h9v267p
[2023-10-08T03:56:25.859+0000] {logging_mixin.py:151} INFO - h9v18ea
[2023-10-08T03:56:27.497+0000] {logging_mixin.py:151} INFO - h9vn4h1
[2023-10-08T03:56:28.920+0000] {logging_mixin.py:151} INFO - h9vm8mb
[2023-10-08T03:56:29.343+0000] {logging_mixin.py:151} INFO - h9vpe9f
[2023-10-08T03:56:30.881+0000] {logging_mixin.py:151} INFO - h9v00bz
[2023-10-08T03:56:31.292+0000] {logging_mixin.py:151} INFO - h9v3uz9
[2023-10-08T03:56:32.693+0000] {logging_mixin.py:151} INFO - h9v3wj7
[2023-10-08T03:56:33.085+0000] {logging_mixin.py:151} INFO - h9v8nh3
[2023-10-08T03:56:34.571+0000] {logging_mixin.py:151} INFO - h9v1ol5
[2023-10-08T03:56:35.083+0000] {logging_mixin.py:151} INFO - h9vb7u8
[2023-10-08T03:56:43.676+0000] {logging_mixin.py:151} INFO - hcz9mhe
[2023-10-08T03:56:45.038+0000] {logging_mixin.py:151} INFO - hd0033d
[2023-10-08T03:56:45.536+0000] {logging_mixin.py:151} INFO - hcz0ezs
[2023-10-08T03:56:46.049+0000] {logging_mixin.py:151} INFO - hczz2cn
[2023-10-08T03:56:46.449+0000] {logging_mixin.py:151} INFO - hczalui
[2023-10-08T03:56:46.845+0000] {logging_mixin.py:151} INFO - hczb116
[2023-10-08T03:56:47.281+0000] {logging_mixin.py:151} INFO - hcz4uqr
[2023-10-08T03:56:47.674+0000] {logging_mixin.py:151} INFO - hczvvr7
[2023-10-08T03:56:48.103+0000] {logging_mixin.py:151} INFO - hd0gr75
[2023-10-08T03:56:48.507+0000] {logging_mixin.py:151} INFO - hczzuw9
[2023-10-08T03:56:49.017+0000] {logging_mixin.py:151} INFO - hcz95b8
[2023-10-08T03:56:49.509+0000] {logging_mixin.py:151} INFO - hcz4wjd
[2023-10-08T03:56:49.949+0000] {logging_mixin.py:151} INFO - hczk0hs
[2023-10-08T03:56:50.432+0000] {logging_mixin.py:151} INFO - hd02fth
[2023-10-08T03:56:51.869+0000] {logging_mixin.py:151} INFO - hczztux
[2023-10-08T03:56:52.379+0000] {logging_mixin.py:151} INFO - hcz7qmg
[2023-10-08T03:56:53.829+0000] {logging_mixin.py:151} INFO - hcz1dd2
[2023-10-08T03:56:54.330+0000] {logging_mixin.py:151} INFO - hd08cn3
[2023-10-08T03:56:55.708+0000] {logging_mixin.py:151} INFO - hd0ujer
[2023-10-08T03:56:56.174+0000] {logging_mixin.py:151} INFO - hcz9z0x
[2023-10-08T03:56:57.611+0000] {logging_mixin.py:151} INFO - hczirc6
[2023-10-08T03:56:58.121+0000] {logging_mixin.py:151} INFO - hcz5t9v
[2023-10-08T03:56:59.535+0000] {logging_mixin.py:151} INFO - hd0et6d
[2023-10-08T03:56:59.932+0000] {logging_mixin.py:151} INFO - hd0k943
[2023-10-08T03:57:01.324+0000] {logging_mixin.py:151} INFO - hd0xjz6
[2023-10-08T03:57:02.835+0000] {logging_mixin.py:151} INFO - hd2ia4m
[2023-10-08T03:57:03.249+0000] {logging_mixin.py:151} INFO - hcziylh
[2023-10-08T03:57:04.639+0000] {logging_mixin.py:151} INFO - hd0mfpy
[2023-10-08T03:57:05.090+0000] {logging_mixin.py:151} INFO - hczclnu
[2023-10-08T03:57:06.470+0000] {logging_mixin.py:151} INFO - hd04861
[2023-10-08T03:57:06.873+0000] {logging_mixin.py:151} INFO - hczojun
[2023-10-08T03:57:08.365+0000] {logging_mixin.py:151} INFO - hd0byku
[2023-10-08T03:57:09.805+0000] {logging_mixin.py:151} INFO - hd0vm48
[2023-10-08T03:57:10.314+0000] {logging_mixin.py:151} INFO - hczrxo6
[2023-10-08T03:57:11.849+0000] {logging_mixin.py:151} INFO - hczdv1g
[2023-10-08T03:57:12.362+0000] {logging_mixin.py:151} INFO - hd07oou
[2023-10-08T03:57:13.771+0000] {logging_mixin.py:151} INFO - hd0i443
[2023-10-08T03:57:14.155+0000] {logging_mixin.py:151} INFO - hd0fwr4
[2023-10-08T03:57:15.644+0000] {logging_mixin.py:151} INFO - hczdhby
[2023-10-08T03:57:16.161+0000] {logging_mixin.py:151} INFO - hd1al7c
[2023-10-08T03:57:18.322+0000] {logging_mixin.py:151} INFO - hd06f7n
[2023-10-08T03:57:18.723+0000] {logging_mixin.py:151} INFO - hd0obqs
[2023-10-08T03:57:19.208+0000] {logging_mixin.py:151} INFO - hd0ugdi
[2023-10-08T03:57:20.609+0000] {logging_mixin.py:151} INFO - hd1ip47
[2023-10-08T03:57:21.001+0000] {logging_mixin.py:151} INFO - hczx1tn
[2023-10-08T03:57:22.407+0000] {logging_mixin.py:151} INFO - hd1f5ze
[2023-10-08T03:57:22.885+0000] {logging_mixin.py:151} INFO - hczqqch
[2023-10-08T03:57:24.333+0000] {logging_mixin.py:151} INFO - hd0bdnz
[2023-10-08T03:57:25.754+0000] {logging_mixin.py:151} INFO - hd0pcao
[2023-10-08T03:57:26.147+0000] {logging_mixin.py:151} INFO - hd1w034
[2023-10-08T03:57:27.536+0000] {logging_mixin.py:151} INFO - hcz4u06
[2023-10-08T03:57:27.925+0000] {logging_mixin.py:151} INFO - hczd8pk
[2023-10-08T03:57:29.558+0000] {logging_mixin.py:151} INFO - hczfxk8
[2023-10-08T03:57:29.967+0000] {logging_mixin.py:151} INFO - hd1ffsw
[2023-10-08T03:57:31.390+0000] {logging_mixin.py:151} INFO - hd1howl
[2023-10-08T03:57:32.793+0000] {logging_mixin.py:151} INFO - hd3p7n9
[2023-10-08T03:57:33.252+0000] {logging_mixin.py:151} INFO - hd0zvn1
[2023-10-08T03:57:34.637+0000] {logging_mixin.py:151} INFO - hd0a8v3
[2023-10-08T03:57:35.095+0000] {logging_mixin.py:151} INFO - hd1zhfh
[2023-10-08T03:57:36.495+0000] {logging_mixin.py:151} INFO - hd0eh9l
[2023-10-08T03:57:37.619+0000] {logging_mixin.py:151} INFO - hd114j6
[2023-10-08T03:57:39.031+0000] {logging_mixin.py:151} INFO - hd1495f
[2023-10-08T03:57:39.502+0000] {logging_mixin.py:151} INFO - hd3ysa5
[2023-10-08T03:57:39.893+0000] {logging_mixin.py:151} INFO - hd172kl
[2023-10-08T03:57:41.260+0000] {logging_mixin.py:151} INFO - hd1w13i
[2023-10-08T03:57:42.669+0000] {logging_mixin.py:151} INFO - hd23orv
[2023-10-08T03:57:43.085+0000] {logging_mixin.py:151} INFO - hd25ykg
[2023-10-08T03:57:44.520+0000] {logging_mixin.py:151} INFO - hd29q18
[2023-10-08T03:57:44.926+0000] {logging_mixin.py:151} INFO - hd2bgyx
[2023-10-08T03:57:46.362+0000] {logging_mixin.py:151} INFO - hd2qao5
[2023-10-08T03:57:47.747+0000] {logging_mixin.py:151} INFO - hdlp1h8
[2023-10-08T03:57:48.209+0000] {logging_mixin.py:151} INFO - hd0mbwk
[2023-10-08T03:57:49.589+0000] {logging_mixin.py:151} INFO - hd28b9c
[2023-10-08T03:57:49.992+0000] {logging_mixin.py:151} INFO - hdm7s8c
[2023-10-08T03:57:51.393+0000] {logging_mixin.py:151} INFO - hd179cp
[2023-10-08T03:57:51.875+0000] {logging_mixin.py:151} INFO - hd05l6d
[2023-10-08T03:57:53.310+0000] {logging_mixin.py:151} INFO - hczqqmv
[2023-10-08T03:57:54.844+0000] {logging_mixin.py:151} INFO - hczwkq1
[2023-10-08T03:57:55.256+0000] {logging_mixin.py:151} INFO - hczxbmp
[2023-10-08T03:57:56.695+0000] {logging_mixin.py:151} INFO - hczxthr
[2023-10-08T03:57:57.115+0000] {logging_mixin.py:151} INFO - hd18ipt
[2023-10-08T03:57:58.639+0000] {logging_mixin.py:151} INFO - hd1nwr5
[2023-10-08T03:57:59.162+0000] {logging_mixin.py:151} INFO - hd33tiz
[2023-10-08T03:58:00.584+0000] {logging_mixin.py:151} INFO - hd35h12
[2023-10-08T03:58:00.970+0000] {logging_mixin.py:151} INFO - hd3iqgo
[2023-10-08T03:58:02.354+0000] {logging_mixin.py:151} INFO - hd0m7ka
[2023-10-08T03:58:03.751+0000] {logging_mixin.py:151} INFO - hd0c6t2
[2023-10-08T03:58:04.117+0000] {logging_mixin.py:151} INFO - hd0pfhe
[2023-10-08T03:58:05.608+0000] {logging_mixin.py:151} INFO - hd1kwmw
[2023-10-08T03:58:06.120+0000] {logging_mixin.py:151} INFO - hczf8zp
[2023-10-08T03:58:07.531+0000] {logging_mixin.py:151} INFO - hd0p0f3
[2023-10-08T03:58:07.924+0000] {logging_mixin.py:151} INFO - hd0qj8v
[2023-10-08T03:58:09.398+0000] {logging_mixin.py:151} INFO - hd1c7rb
[2023-10-08T03:58:10.936+0000] {logging_mixin.py:151} INFO - hd1sxsf
[2023-10-08T03:58:11.352+0000] {logging_mixin.py:151} INFO - hd1whfq
[2023-10-08T03:58:12.782+0000] {logging_mixin.py:151} INFO - hd2i2lk
[2023-10-08T03:58:13.201+0000] {logging_mixin.py:151} INFO - hd2l5l5
[2023-10-08T03:58:14.615+0000] {logging_mixin.py:151} INFO - hd3553n
[2023-10-08T03:58:15.017+0000] {logging_mixin.py:151} INFO - hd3hihe
[2023-10-08T03:58:16.484+0000] {logging_mixin.py:151} INFO - hd4y5ju
[2023-10-08T03:58:16.882+0000] {logging_mixin.py:151} INFO - hd7sjvh
[2023-10-08T03:58:18.315+0000] {logging_mixin.py:151} INFO - hdqg361
[2023-10-08T03:58:19.731+0000] {logging_mixin.py:151} INFO - hdrjoiq
[2023-10-08T03:58:20.143+0000] {logging_mixin.py:151} INFO - hf7c1u7
[2023-10-08T03:58:21.572+0000] {logging_mixin.py:151} INFO - hjwv35p
[2023-10-08T03:58:21.963+0000] {logging_mixin.py:151} INFO - hk2730t
[2023-10-08T03:58:23.345+0000] {logging_mixin.py:151} INFO - i06f9z9
[2023-10-08T03:58:24.723+0000] {logging_mixin.py:151} INFO - i176dij
[2023-10-08T03:58:25.126+0000] {logging_mixin.py:151} INFO - irve4kq
[2023-10-08T03:58:26.530+0000] {logging_mixin.py:151} INFO - hd0qgwv
[2023-10-08T03:58:26.927+0000] {logging_mixin.py:151} INFO - hd1mjag
[2023-10-08T03:58:28.323+0000] {logging_mixin.py:151} INFO - hd0x6yv
[2023-10-08T03:58:29.835+0000] {logging_mixin.py:151} INFO - hd1gx6j
[2023-10-08T03:58:30.285+0000] {logging_mixin.py:151} INFO - hd1p22w
[2023-10-08T03:58:31.733+0000] {logging_mixin.py:151} INFO - hd35a7c
[2023-10-08T03:58:32.200+0000] {logging_mixin.py:151} INFO - hd1ky67
[2023-10-08T03:58:33.638+0000] {logging_mixin.py:151} INFO - hd0pcxd
[2023-10-08T03:58:34.042+0000] {logging_mixin.py:151} INFO - hcztkmp
[2023-10-08T03:58:35.478+0000] {logging_mixin.py:151} INFO - hd2aqop
[2023-10-08T03:58:35.841+0000] {logging_mixin.py:151} INFO - hd00vkd
[2023-10-08T03:58:37.237+0000] {logging_mixin.py:151} INFO - hczbykb
[2023-10-08T03:58:38.636+0000] {logging_mixin.py:151} INFO - hd19tsi
[2023-10-08T03:58:39.053+0000] {logging_mixin.py:151} INFO - hczgp53
[2023-10-08T03:58:40.534+0000] {logging_mixin.py:151} INFO - hczrslk
[2023-10-08T03:58:40.925+0000] {logging_mixin.py:151} INFO - hd0g941
[2023-10-08T04:02:47.761+0000] {sessions.py:161} WARNING - Retrying due to ReadTimeout(ReadTimeoutError("HTTPSConnectionPool(host='oauth.reddit.com', port=443): Read timed out. (read timeout=16.0)")) status: GET https://oauth.reddit.com/api/info/
[2023-10-08T04:02:50.338+0000] {sessions.py:161} WARNING - Retrying due to ConnectionError(MaxRetryError("HTTPSConnectionPool(host='oauth.reddit.com', port=443): Max retries exceeded with url: /api/info/?id=t1_hd0g941&raw_json=1 (Caused by NewConnectionError('<urllib3.connection.HTTPSConnection object at 0x7f11ce94a100>: Failed to establish a new connection: [Errno -2] Name or service not known'))")) status: GET https://oauth.reddit.com/api/info/
[2023-10-08T04:02:53.247+0000] {taskinstance.py:1943} ERROR - Task failed with exception
Traceback (most recent call last):
  File "/home/airflow/.local/lib/python3.8/site-packages/airflow/operators/python.py", line 192, in execute
    return_value = self.execute_callable()
  File "/home/airflow/.local/lib/python3.8/site-packages/airflow/operators/python.py", line 209, in execute_callable
    return self.python_callable(*self.op_args, **self.op_kwargs)
  File "/opt/airflow/plugins/reddit_data_extractor.py", line 103, in extract_post_comment
    post_comments["comment_auther"].append(comment_data.author if comment_data.author else '')
  File "/home/airflow/.local/lib/python3.8/site-packages/praw/models/reddit/base.py", line 35, in __getattr__
    self._fetch()
  File "/home/airflow/.local/lib/python3.8/site-packages/praw/models/reddit/comment.py", line 188, in _fetch
    data = self._fetch_data()
  File "/home/airflow/.local/lib/python3.8/site-packages/praw/models/reddit/base.py", line 89, in _fetch_data
    return self._reddit.request(method="GET", params=params, path=path)
  File "/home/airflow/.local/lib/python3.8/site-packages/praw/util/deprecate_args.py", line 43, in wrapped
    return func(**dict(zip(_old_args, args)), **kwargs)
  File "/home/airflow/.local/lib/python3.8/site-packages/praw/reddit.py", line 941, in request
    return self._core.request(
  File "/home/airflow/.local/lib/python3.8/site-packages/prawcore/sessions.py", line 328, in request
    return self._request_with_retries(
  File "/home/airflow/.local/lib/python3.8/site-packages/prawcore/sessions.py", line 254, in _request_with_retries
    return self._do_retry(
  File "/home/airflow/.local/lib/python3.8/site-packages/prawcore/sessions.py", line 162, in _do_retry
    return self._request_with_retries(
  File "/home/airflow/.local/lib/python3.8/site-packages/prawcore/sessions.py", line 254, in _request_with_retries
    return self._do_retry(
  File "/home/airflow/.local/lib/python3.8/site-packages/prawcore/sessions.py", line 162, in _do_retry
    return self._request_with_retries(
  File "/home/airflow/.local/lib/python3.8/site-packages/prawcore/sessions.py", line 234, in _request_with_retries
    response, saved_exception = self._make_request(
  File "/home/airflow/.local/lib/python3.8/site-packages/prawcore/sessions.py", line 186, in _make_request
    response = self._rate_limiter.call(
  File "/home/airflow/.local/lib/python3.8/site-packages/prawcore/rate_limit.py", line 47, in call
    response = request_function(*args, **kwargs)
  File "/home/airflow/.local/lib/python3.8/site-packages/prawcore/requestor.py", line 70, in request
    raise RequestException(exc, args, kwargs) from None
prawcore.exceptions.RequestException: error with request HTTPSConnectionPool(host='oauth.reddit.com', port=443): Max retries exceeded with url: /api/info/?id=t1_hd0g941&raw_json=1 (Caused by NewConnectionError('<urllib3.connection.HTTPSConnection object at 0x7f11ce94a610>: Failed to establish a new connection: [Errno -2] Name or service not known'))
[2023-10-08T04:02:53.283+0000] {taskinstance.py:1400} INFO - Marking task as UP_FOR_RETRY. dag_id=Reddit_Post_Comment_Dag, task_id=extract_post_comment_task, execution_date=20231008T034809, start_date=20231008T034817, end_date=20231008T040253
[2023-10-08T04:02:53.325+0000] {standard_task_runner.py:104} ERROR - Failed to execute job 128 for task extract_post_comment_task (error with request HTTPSConnectionPool(host='oauth.reddit.com', port=443): Max retries exceeded with url: /api/info/?id=t1_hd0g941&raw_json=1 (Caused by NewConnectionError('<urllib3.connection.HTTPSConnection object at 0x7f11ce94a610>: Failed to establish a new connection: [Errno -2] Name or service not known')); 384)
[2023-10-08T04:02:53.382+0000] {local_task_job_runner.py:228} INFO - Task exited with return code 1
[2023-10-08T04:02:53.421+0000] {taskinstance.py:2784} INFO - 0 downstream tasks scheduled from follow-on schedule check
