[2023-10-08T06:11:51.996+0000] {taskinstance.py:1159} INFO - Dependencies all met for dep_context=non-requeueable deps ti=<TaskInstance: Reddit_Post_Comment_Dag.extract_post_comment_task manual__2023-10-08T06:11:44.193224+00:00 [queued]>
[2023-10-08T06:11:52.011+0000] {taskinstance.py:1159} INFO - Dependencies all met for dep_context=requeueable deps ti=<TaskInstance: Reddit_Post_Comment_Dag.extract_post_comment_task manual__2023-10-08T06:11:44.193224+00:00 [queued]>
[2023-10-08T06:11:52.013+0000] {taskinstance.py:1361} INFO - Starting attempt 1 of 2
[2023-10-08T06:11:52.033+0000] {taskinstance.py:1382} INFO - Executing <Task(PythonOperator): extract_post_comment_task> on 2023-10-08 06:11:44.193224+00:00
[2023-10-08T06:11:52.044+0000] {standard_task_runner.py:57} INFO - Started process 1318 to run task
[2023-10-08T06:11:52.051+0000] {standard_task_runner.py:84} INFO - Running: ['***', 'tasks', 'run', 'Reddit_Post_Comment_Dag', 'extract_post_comment_task', 'manual__2023-10-08T06:11:44.193224+00:00', '--job-id', '162', '--raw', '--subdir', 'DAGS_FOLDER/reddit_post_comment_dag.py', '--cfg-path', '/tmp/tmpn0cvyv1t']
[2023-10-08T06:11:52.056+0000] {standard_task_runner.py:85} INFO - Job 162: Subtask extract_post_comment_task
[2023-10-08T06:11:52.125+0000] {task_command.py:415} INFO - Running <TaskInstance: Reddit_Post_Comment_Dag.extract_post_comment_task manual__2023-10-08T06:11:44.193224+00:00 [running]> on host 88aca7bb4134
[2023-10-08T06:11:52.569+0000] {taskinstance.py:1660} INFO - Exporting env vars: AIRFLOW_CTX_DAG_OWNER='***' AIRFLOW_CTX_DAG_ID='Reddit_Post_Comment_Dag' AIRFLOW_CTX_TASK_ID='extract_post_comment_task' AIRFLOW_CTX_EXECUTION_DATE='2023-10-08T06:11:44.193224+00:00' AIRFLOW_CTX_TRY_NUMBER='1' AIRFLOW_CTX_DAG_RUN_ID='manual__2023-10-08T06:11:44.193224+00:00'
[2023-10-08T06:11:57.045+0000] {logging_mixin.py:151} INFO - i7ysevk
[2023-10-08T06:11:57.453+0000] {logging_mixin.py:151} INFO - i7yrcib
[2023-10-08T06:11:57.906+0000] {logging_mixin.py:151} INFO - i7yj0ny
[2023-10-08T06:11:58.314+0000] {logging_mixin.py:151} INFO - i7yllke
[2023-10-08T06:11:58.829+0000] {logging_mixin.py:151} INFO - i7yltnz
[2023-10-08T06:11:59.339+0000] {logging_mixin.py:151} INFO - i7ys4a9
[2023-10-08T06:11:59.724+0000] {logging_mixin.py:151} INFO - i7ykeab
[2023-10-08T06:12:00.120+0000] {logging_mixin.py:151} INFO - i7yvrtb
[2023-10-08T06:12:00.567+0000] {logging_mixin.py:151} INFO - i7yucyw
[2023-10-08T06:12:01.083+0000] {logging_mixin.py:151} INFO - i7yr7mz
[2023-10-08T06:12:01.486+0000] {logging_mixin.py:151} INFO - i7yrzp8
[2023-10-08T06:12:01.911+0000] {logging_mixin.py:151} INFO - i7yjdef
[2023-10-08T06:12:02.298+0000] {logging_mixin.py:151} INFO - i7yrohl
[2023-10-08T06:12:02.676+0000] {logging_mixin.py:151} INFO - i7yzph2
[2023-10-08T06:12:03.082+0000] {logging_mixin.py:151} INFO - i7z0dcp
[2023-10-08T06:12:03.470+0000] {logging_mixin.py:151} INFO - i7yqa51
[2023-10-08T06:12:03.899+0000] {logging_mixin.py:151} INFO - i7yz705
[2023-10-08T06:12:04.285+0000] {logging_mixin.py:151} INFO - i7yzamw
[2023-10-08T06:12:04.661+0000] {logging_mixin.py:151} INFO - i7ykafn
[2023-10-08T06:12:05.896+0000] {logging_mixin.py:151} INFO - i7yuicf
[2023-10-08T06:12:06.295+0000] {logging_mixin.py:151} INFO - i7yzzo2
[2023-10-08T06:12:06.676+0000] {logging_mixin.py:151} INFO - i7yt6y2
[2023-10-08T06:12:07.060+0000] {logging_mixin.py:151} INFO - i7yk8jn
[2023-10-08T06:12:07.536+0000] {logging_mixin.py:151} INFO - i7yu626
[2023-10-08T06:12:07.932+0000] {logging_mixin.py:151} INFO - i7zdjlm
[2023-10-08T06:12:08.460+0000] {logging_mixin.py:151} INFO - i7yqdd6
[2023-10-08T06:12:08.975+0000] {logging_mixin.py:151} INFO - i7yyiaa
[2023-10-08T06:12:09.483+0000] {logging_mixin.py:151} INFO - i7z0h2d
[2023-10-08T06:12:09.879+0000] {logging_mixin.py:151} INFO - i7zirce
[2023-10-08T06:12:10.404+0000] {logging_mixin.py:151} INFO - i7yvbol
[2023-10-08T06:12:10.773+0000] {logging_mixin.py:151} INFO - i7yxrn9
[2023-10-08T06:12:11.158+0000] {logging_mixin.py:151} INFO - i7z2eh2
[2023-10-08T06:12:11.638+0000] {logging_mixin.py:151} INFO - i7z9vsn
[2023-10-08T06:12:12.659+0000] {logging_mixin.py:151} INFO - i7yqcom
[2023-10-08T06:12:13.153+0000] {logging_mixin.py:151} INFO - i7yrz2e
[2023-10-08T06:12:13.662+0000] {logging_mixin.py:151} INFO - i7zbc1b
[2023-10-08T06:12:14.175+0000] {logging_mixin.py:151} INFO - i7zkwe0
[2023-10-08T06:12:14.661+0000] {logging_mixin.py:151} INFO - i7yu6k3
[2023-10-08T06:12:15.081+0000] {logging_mixin.py:151} INFO - i7z65vo
[2023-10-08T06:12:15.508+0000] {logging_mixin.py:151} INFO - i7zd4b3
[2023-10-08T06:12:15.921+0000] {logging_mixin.py:151} INFO - i7yrmfr
[2023-10-08T06:12:16.322+0000] {logging_mixin.py:151} INFO - i7yyl73
[2023-10-08T06:12:16.841+0000] {logging_mixin.py:151} INFO - i7ymtk4
[2023-10-08T06:12:17.236+0000] {logging_mixin.py:151} INFO - i7ynguu
[2023-10-08T06:12:17.759+0000] {logging_mixin.py:151} INFO - i7z46fz
[2023-10-08T06:12:18.135+0000] {logging_mixin.py:151} INFO - i7yq7vg
[2023-10-08T06:12:18.580+0000] {logging_mixin.py:151} INFO - i7ytvup
[2023-10-08T06:12:18.992+0000] {logging_mixin.py:151} INFO - i7yxqby
[2023-10-08T06:12:19.402+0000] {logging_mixin.py:151} INFO - i7yy037
[2023-10-08T06:12:19.919+0000] {logging_mixin.py:151} INFO - i7zailv
[2023-10-08T06:12:20.330+0000] {logging_mixin.py:151} INFO - i7zhlbz
[2023-10-08T06:12:20.840+0000] {logging_mixin.py:151} INFO - i7z3yud
[2023-10-08T06:12:21.247+0000] {logging_mixin.py:151} INFO - i7zbqi1
[2023-10-08T06:12:21.630+0000] {logging_mixin.py:151} INFO - i7zbs8q
[2023-10-08T06:12:22.017+0000] {logging_mixin.py:151} INFO - i7zpl1v
[2023-10-08T06:12:22.402+0000] {logging_mixin.py:151} INFO - i7zvcjc
[2023-10-08T06:12:23.273+0000] {logging_mixin.py:151} INFO - i7zvtzt
[2023-10-08T06:12:23.666+0000] {logging_mixin.py:151} INFO - i818n68
[2023-10-08T06:12:24.043+0000] {logging_mixin.py:151} INFO - i8nrr4k
[2023-10-08T06:12:24.418+0000] {logging_mixin.py:151} INFO - i7yv996
[2023-10-08T06:12:24.851+0000] {logging_mixin.py:151} INFO - i7yy5w2
[2023-10-08T06:12:25.341+0000] {logging_mixin.py:151} INFO - i7yyb20
[2023-10-08T06:12:25.758+0000] {logging_mixin.py:151} INFO - i7yym17
[2023-10-08T06:12:26.168+0000] {logging_mixin.py:151} INFO - i7z1sm4
[2023-10-08T06:12:26.551+0000] {logging_mixin.py:151} INFO - i7z29q1
[2023-10-08T06:12:26.984+0000] {logging_mixin.py:151} INFO - i7z3gvy
[2023-10-08T06:12:27.394+0000] {logging_mixin.py:151} INFO - i7z3wln
[2023-10-08T06:12:27.903+0000] {logging_mixin.py:151} INFO - i7z6peo
[2023-10-08T06:12:28.422+0000] {logging_mixin.py:151} INFO - i7z7bd7
[2023-10-08T06:12:28.933+0000] {logging_mixin.py:151} INFO - i7ze1mt
[2023-10-08T06:12:29.325+0000] {logging_mixin.py:151} INFO - i7zha5l
[2023-10-08T06:12:29.753+0000] {logging_mixin.py:151} INFO - i8003ck
[2023-10-08T06:12:30.263+0000] {logging_mixin.py:151} INFO - i8044ll
[2023-10-08T06:12:30.673+0000] {logging_mixin.py:151} INFO - i80xerw
[2023-10-08T06:12:31.186+0000] {logging_mixin.py:151} INFO - i80zk68
[2023-10-08T06:12:31.595+0000] {logging_mixin.py:151} INFO - i811mxz
[2023-10-08T06:12:32.110+0000] {logging_mixin.py:151} INFO - i8140tu
[2023-10-08T06:12:32.622+0000] {logging_mixin.py:151} INFO - i81469u
[2023-10-08T06:12:33.041+0000] {logging_mixin.py:151} INFO - i81b5gy
[2023-10-08T06:12:34.156+0000] {logging_mixin.py:151} INFO - i81vnzp
[2023-10-08T06:12:35.044+0000] {logging_mixin.py:151} INFO - i824uc0
[2023-10-08T06:12:35.438+0000] {logging_mixin.py:151} INFO - i82e83y
[2023-10-08T06:12:35.851+0000] {logging_mixin.py:151} INFO - i82sdlw
[2023-10-08T06:12:36.313+0000] {logging_mixin.py:151} INFO - i82u9im
[2023-10-08T06:12:36.710+0000] {logging_mixin.py:151} INFO - i82unl9
[2023-10-08T06:12:37.100+0000] {logging_mixin.py:151} INFO - i836lzs
[2023-10-08T06:12:37.543+0000] {logging_mixin.py:151} INFO - i837tkq
[2023-10-08T06:12:37.944+0000] {logging_mixin.py:151} INFO - i87fygl
[2023-10-08T06:12:38.343+0000] {logging_mixin.py:151} INFO - i89rdd5
[2023-10-08T06:12:38.771+0000] {logging_mixin.py:151} INFO - i9iffxo
[2023-10-08T06:12:39.144+0000] {logging_mixin.py:151} INFO - i7yw8gt
[2023-10-08T06:12:39.523+0000] {logging_mixin.py:151} INFO - i7ywzjx
[2023-10-08T06:12:39.911+0000] {logging_mixin.py:151} INFO - i7yxcq5
[2023-10-08T06:12:40.329+0000] {logging_mixin.py:151} INFO - i7z1e2b
[2023-10-08T06:12:40.732+0000] {logging_mixin.py:151} INFO - i7z25hr
[2023-10-08T06:12:41.123+0000] {logging_mixin.py:151} INFO - i7z2cj6
[2023-10-08T06:12:41.536+0000] {logging_mixin.py:151} INFO - i7z2vq2
[2023-10-08T06:12:41.930+0000] {logging_mixin.py:151} INFO - i7z7sgt
[2023-10-08T06:12:42.318+0000] {logging_mixin.py:151} INFO - i7z7ysm
[2023-10-08T06:12:42.725+0000] {logging_mixin.py:151} INFO - i7z8bez
[2023-10-08T06:12:43.108+0000] {logging_mixin.py:151} INFO - i7z911g
[2023-10-08T06:12:43.526+0000] {logging_mixin.py:151} INFO - i7z98f1
[2023-10-08T06:12:43.932+0000] {logging_mixin.py:151} INFO - i7z99cd
[2023-10-08T06:12:44.334+0000] {logging_mixin.py:151} INFO - i7z9otf
[2023-10-08T06:12:44.712+0000] {logging_mixin.py:151} INFO - i7z9v22
[2023-10-08T06:12:45.117+0000] {logging_mixin.py:151} INFO - i7z9zl6
[2023-10-08T06:12:45.490+0000] {logging_mixin.py:151} INFO - i7za6tb
[2023-10-08T06:12:45.876+0000] {logging_mixin.py:151} INFO - i7zaapk
[2023-10-08T06:12:46.331+0000] {logging_mixin.py:151} INFO - i7zabib
[2023-10-08T06:12:46.845+0000] {logging_mixin.py:151} INFO - i7zaizn
[2023-10-08T06:12:47.253+0000] {logging_mixin.py:151} INFO - i7zamaj
[2023-10-08T06:12:47.670+0000] {logging_mixin.py:151} INFO - i7zb2wn
[2023-10-08T06:12:48.064+0000] {logging_mixin.py:151} INFO - i7zb8kc
[2023-10-08T06:12:48.478+0000] {logging_mixin.py:151} INFO - i7zbfgo
[2023-10-08T06:12:48.895+0000] {logging_mixin.py:151} INFO - i7zc7gw
[2023-10-08T06:12:49.406+0000] {logging_mixin.py:151} INFO - i7zc8ks
[2023-10-08T06:12:49.919+0000] {logging_mixin.py:151} INFO - i7zcb3h
[2023-10-08T06:12:50.337+0000] {logging_mixin.py:151} INFO - i7zdeq0
[2023-10-08T06:12:50.838+0000] {logging_mixin.py:151} INFO - i7zdve1
[2023-10-08T06:12:51.219+0000] {logging_mixin.py:151} INFO - i7zdvn6
[2023-10-08T06:12:51.620+0000] {logging_mixin.py:151} INFO - i7zdwdh
[2023-10-08T06:12:52.023+0000] {logging_mixin.py:151} INFO - i7ze1q7
[2023-10-08T06:12:52.408+0000] {logging_mixin.py:151} INFO - i7ze29k
[2023-10-08T06:12:52.796+0000] {logging_mixin.py:151} INFO - i7ze7bz
[2023-10-08T06:12:53.179+0000] {logging_mixin.py:151} INFO - i7zhlmr
[2023-10-08T06:12:53.555+0000] {logging_mixin.py:151} INFO - i7zhp20
[2023-10-08T06:12:53.973+0000] {logging_mixin.py:151} INFO - i7zi1kw
[2023-10-08T06:12:54.391+0000] {logging_mixin.py:151} INFO - i7zj98a
[2023-10-08T06:12:54.797+0000] {logging_mixin.py:151} INFO - i7zktw3
[2023-10-08T06:12:55.272+0000] {logging_mixin.py:151} INFO - i7zky29
[2023-10-08T06:12:55.759+0000] {logging_mixin.py:151} INFO - i7zmvv3
[2023-10-08T06:12:56.826+0000] {logging_mixin.py:151} INFO - i7zmxs6
[2023-10-08T06:12:57.236+0000] {logging_mixin.py:151} INFO - i7zqzdr
[2023-10-08T06:12:57.640+0000] {logging_mixin.py:151} INFO - i7zro2k
[2023-10-08T06:12:58.024+0000] {logging_mixin.py:151} INFO - i7zrwrf
[2023-10-08T06:12:58.526+0000] {logging_mixin.py:151} INFO - i7zsa4v
[2023-10-08T06:12:59.042+0000] {logging_mixin.py:151} INFO - i7ztxf3
[2023-10-08T06:12:59.964+0000] {logging_mixin.py:151} INFO - i7zv2lp
[2023-10-08T06:13:00.356+0000] {logging_mixin.py:151} INFO - i7zvcub
[2023-10-08T06:13:00.784+0000] {logging_mixin.py:151} INFO - i7zvnvh
[2023-10-08T06:13:01.292+0000] {logging_mixin.py:151} INFO - i7zxbao
[2023-10-08T06:13:01.702+0000] {logging_mixin.py:151} INFO - i7zzj00
[2023-10-08T06:13:02.216+0000] {logging_mixin.py:151} INFO - i800z8r
[2023-10-08T06:13:02.727+0000] {logging_mixin.py:151} INFO - i80cqf7
[2023-10-08T06:13:03.122+0000] {logging_mixin.py:151} INFO - i80gdgq
[2023-10-08T06:13:03.509+0000] {logging_mixin.py:151} INFO - i80ggl9
[2023-10-08T06:13:03.959+0000] {logging_mixin.py:151} INFO - i80hsf0
[2023-10-08T06:13:04.353+0000] {logging_mixin.py:151} INFO - i80j4k5
[2023-10-08T06:13:04.746+0000] {logging_mixin.py:151} INFO - i80jgkn
[2023-10-08T06:13:05.135+0000] {logging_mixin.py:151} INFO - i80kllt
[2023-10-08T06:13:06.301+0000] {logging_mixin.py:151} INFO - i80krxm
[2023-10-08T06:13:06.700+0000] {logging_mixin.py:151} INFO - i80oc26
[2023-10-08T06:13:07.110+0000] {logging_mixin.py:151} INFO - i80tauc
[2023-10-08T06:13:07.546+0000] {logging_mixin.py:151} INFO - i80tnqj
[2023-10-08T06:13:07.954+0000] {logging_mixin.py:151} INFO - i80up8w
[2023-10-08T06:13:08.358+0000] {logging_mixin.py:151} INFO - i80v904
[2023-10-08T06:13:09.663+0000] {logging_mixin.py:151} INFO - i80vabl
[2023-10-08T06:13:10.058+0000] {logging_mixin.py:151} INFO - i80wi8b
[2023-10-08T06:13:10.450+0000] {logging_mixin.py:151} INFO - i80x6ro
[2023-10-08T06:13:10.855+0000] {logging_mixin.py:151} INFO - i80zv7p
[2023-10-08T06:13:11.252+0000] {logging_mixin.py:151} INFO - i810sxt
[2023-10-08T06:13:11.642+0000] {logging_mixin.py:151} INFO - i811kni
[2023-10-08T06:13:12.037+0000] {logging_mixin.py:151} INFO - i813s5k
[2023-10-08T06:13:12.464+0000] {logging_mixin.py:151} INFO - i814rb8
[2023-10-08T06:13:12.940+0000] {logging_mixin.py:151} INFO - i815zvl
[2023-10-08T06:13:13.392+0000] {logging_mixin.py:151} INFO - i817f6l
[2023-10-08T06:13:13.875+0000] {logging_mixin.py:151} INFO - i817rge
[2023-10-08T06:13:14.289+0000] {logging_mixin.py:151} INFO - i81btuw
[2023-10-08T06:13:14.800+0000] {logging_mixin.py:151} INFO - i81c3m2
[2023-10-08T06:13:15.310+0000] {logging_mixin.py:151} INFO - i81gxpn
[2023-10-08T06:13:15.723+0000] {logging_mixin.py:151} INFO - i81jrwv
[2023-10-08T06:13:16.136+0000] {logging_mixin.py:151} INFO - i81m77a
[2023-10-08T06:13:16.554+0000] {logging_mixin.py:151} INFO - i81rlzg
[2023-10-08T06:13:17.057+0000] {logging_mixin.py:151} INFO - i81xpti
[2023-10-08T06:13:17.568+0000] {logging_mixin.py:151} INFO - i81xx9z
[2023-10-08T06:13:18.171+0000] {logging_mixin.py:151} INFO - i81zeqr
[2023-10-08T06:13:18.742+0000] {logging_mixin.py:151} INFO - i82494j
[2023-10-08T06:13:19.121+0000] {logging_mixin.py:151} INFO - i828m3b
[2023-10-08T06:13:19.521+0000] {logging_mixin.py:151} INFO - i82c1p6
[2023-10-08T06:13:19.892+0000] {logging_mixin.py:151} INFO - i82e9ku
[2023-10-08T06:13:20.281+0000] {logging_mixin.py:151} INFO - i82hyl5
[2023-10-08T06:13:20.771+0000] {logging_mixin.py:151} INFO - i82l7v3
[2023-10-08T06:13:21.153+0000] {logging_mixin.py:151} INFO - i82pw88
[2023-10-08T06:13:22.320+0000] {logging_mixin.py:151} INFO - i82rww9
[2023-10-08T06:13:22.714+0000] {logging_mixin.py:151} INFO - i82sri3
[2023-10-08T06:13:23.117+0000] {logging_mixin.py:151} INFO - i82y56l
[2023-10-08T06:13:23.518+0000] {logging_mixin.py:151} INFO - i83fb50
[2023-10-08T06:13:24.030+0000] {logging_mixin.py:151} INFO - i83khyz
[2023-10-08T06:13:24.445+0000] {logging_mixin.py:151} INFO - i83qksr
[2023-10-08T06:13:24.837+0000] {logging_mixin.py:151} INFO - i83sczb
[2023-10-08T06:13:25.202+0000] {logging_mixin.py:151} INFO - i83u7xx
[2023-10-08T06:13:25.595+0000] {logging_mixin.py:151} INFO - i86b4jc
[2023-10-08T06:13:26.007+0000] {logging_mixin.py:151} INFO - i8sco74
[2023-10-08T06:13:26.414+0000] {logging_mixin.py:151} INFO - i93xe1n
[2023-10-08T06:13:26.890+0000] {logging_mixin.py:151} INFO - ia88080
[2023-10-08T06:13:27.279+0000] {logging_mixin.py:151} INFO - iadjnbb
[2023-10-08T06:13:28.429+0000] {logging_mixin.py:151} INFO - i80mks7
[2023-10-08T06:13:28.939+0000] {logging_mixin.py:151} INFO - i7zezok
[2023-10-08T06:13:29.341+0000] {logging_mixin.py:151} INFO - i82f422
[2023-10-08T06:13:29.865+0000] {logging_mixin.py:151} INFO - i7yx3nm
[2023-10-08T06:13:30.254+0000] {logging_mixin.py:151} INFO - i7z5hm2
[2023-10-08T06:13:30.654+0000] {logging_mixin.py:151} INFO - i7zf6i5
[2023-10-08T06:13:31.096+0000] {logging_mixin.py:151} INFO - i7zs6ef
[2023-10-08T06:13:31.607+0000] {logging_mixin.py:151} INFO - i8101s6
[2023-10-08T06:13:32.117+0000] {logging_mixin.py:151} INFO - i81h721
[2023-10-08T06:13:32.511+0000] {logging_mixin.py:151} INFO - i7z18s9
[2023-10-08T06:13:32.890+0000] {logging_mixin.py:151} INFO - i802ktd
[2023-10-08T06:13:33.349+0000] {logging_mixin.py:151} INFO - i80mnez
[2023-10-08T06:13:33.857+0000] {logging_mixin.py:151} INFO - i81v3zv
[2023-10-08T06:13:34.269+0000] {logging_mixin.py:151} INFO - i85ag1l
[2023-10-08T06:13:34.785+0000] {logging_mixin.py:151} INFO - i7zd0vi
[2023-10-08T06:13:35.296+0000] {logging_mixin.py:151} INFO - i7yu9j7
[2023-10-08T06:13:35.809+0000] {logging_mixin.py:151} INFO - i7ywu0x
[2023-10-08T06:13:36.320+0000] {logging_mixin.py:151} INFO - i7z19g0
[2023-10-08T06:13:36.835+0000] {logging_mixin.py:151} INFO - i7z2hgv
[2023-10-08T06:13:37.342+0000] {logging_mixin.py:151} INFO - i7z2zh6
[2023-10-08T06:13:37.858+0000] {logging_mixin.py:151} INFO - i7z3yke
[2023-10-08T06:13:39.005+0000] {logging_mixin.py:151} INFO - i7z54je
[2023-10-08T06:13:40.382+0000] {logging_mixin.py:151} INFO - i7z56oq
[2023-10-08T06:13:41.471+0000] {logging_mixin.py:151} INFO - i7z56uc
[2023-10-08T06:13:41.955+0000] {logging_mixin.py:151} INFO - i7z5bgi
[2023-10-08T06:13:42.471+0000] {logging_mixin.py:151} INFO - i7z5ewm
[2023-10-08T06:13:42.859+0000] {logging_mixin.py:151} INFO - i7z5x1e
[2023-10-08T06:13:44.291+0000] {logging_mixin.py:151} INFO - i7z5xzw
[2023-10-08T06:13:44.681+0000] {logging_mixin.py:151} INFO - i7z5y45
[2023-10-08T06:13:46.081+0000] {logging_mixin.py:151} INFO - i7z615s
[2023-10-08T06:13:47.500+0000] {logging_mixin.py:151} INFO - i7z65qy
[2023-10-08T06:13:47.901+0000] {logging_mixin.py:151} INFO - i7z69xf
[2023-10-08T06:13:49.321+0000] {logging_mixin.py:151} INFO - i7z7tnv
[2023-10-08T06:13:49.714+0000] {logging_mixin.py:151} INFO - i7z8s1u
[2023-10-08T06:13:51.259+0000] {logging_mixin.py:151} INFO - i7z8u86
[2023-10-08T06:13:52.658+0000] {logging_mixin.py:151} INFO - i7zehix
[2023-10-08T06:13:53.047+0000] {logging_mixin.py:151} INFO - i7zfsfe
[2023-10-08T06:13:54.433+0000] {logging_mixin.py:151} INFO - i7zfxf7
[2023-10-08T06:13:54.835+0000] {logging_mixin.py:151} INFO - i7zg1pf
[2023-10-08T06:13:56.795+0000] {logging_mixin.py:151} INFO - i7zgloq
[2023-10-08T06:13:57.205+0000] {logging_mixin.py:151} INFO - i7zgn72
[2023-10-08T06:13:58.599+0000] {logging_mixin.py:151} INFO - i7zgwbd
[2023-10-08T06:13:58.972+0000] {logging_mixin.py:151} INFO - i7zh8q3
[2023-10-08T06:14:00.357+0000] {logging_mixin.py:151} INFO - i7zhc73
[2023-10-08T06:14:00.777+0000] {logging_mixin.py:151} INFO - i7zi2fl
[2023-10-08T06:14:02.224+0000] {logging_mixin.py:151} INFO - i7zi570
[2023-10-08T06:14:03.660+0000] {logging_mixin.py:151} INFO - i7ziaad
[2023-10-08T06:14:04.048+0000] {logging_mixin.py:151} INFO - i7zitpr
[2023-10-08T06:14:05.503+0000] {logging_mixin.py:151} INFO - i7zj3c5
[2023-10-08T06:14:05.894+0000] {logging_mixin.py:151} INFO - i7zk1dx
[2023-10-08T06:14:07.311+0000] {logging_mixin.py:151} INFO - i7zkf7s
[2023-10-08T06:14:07.720+0000] {logging_mixin.py:151} INFO - i7zkxcm
[2023-10-08T06:14:09.191+0000] {logging_mixin.py:151} INFO - i7zld7v
[2023-10-08T06:14:10.575+0000] {logging_mixin.py:151} INFO - i7zmntu
[2023-10-08T06:14:10.978+0000] {logging_mixin.py:151} INFO - i7zndjg
[2023-10-08T06:14:12.467+0000] {logging_mixin.py:151} INFO - i7znjp1
[2023-10-08T06:14:12.965+0000] {logging_mixin.py:151} INFO - i7z24oq
[2023-10-08T06:14:14.386+0000] {logging_mixin.py:151} INFO - i81az6t
[2023-10-08T06:14:14.816+0000] {logging_mixin.py:151} INFO - i80lksf
[2023-10-08T06:14:16.343+0000] {logging_mixin.py:151} INFO - i81v75c
[2023-10-08T06:14:17.757+0000] {logging_mixin.py:151} INFO - i81jf1u
[2023-10-08T06:14:18.160+0000] {logging_mixin.py:151} INFO - i83dc0y
[2023-10-08T06:14:19.564+0000] {logging_mixin.py:151} INFO - i7yxgrf
[2023-10-08T06:14:20.037+0000] {logging_mixin.py:151} INFO - i8269zh
[2023-10-08T06:14:21.470+0000] {logging_mixin.py:151} INFO - i9zlm3r
[2023-10-08T06:14:21.983+0000] {logging_mixin.py:151} INFO - i8000si
[2023-10-08T06:14:23.417+0000] {logging_mixin.py:151} INFO - i7z6xhh
[2023-10-08T06:14:23.835+0000] {logging_mixin.py:151} INFO - i7za05u
[2023-10-08T06:14:25.367+0000] {logging_mixin.py:151} INFO - i7z7dwq
[2023-10-08T06:14:26.775+0000] {logging_mixin.py:151} INFO - i7zb8iv
[2023-10-08T06:14:27.183+0000] {logging_mixin.py:151} INFO - i7z5hvv
[2023-10-08T06:14:28.584+0000] {logging_mixin.py:151} INFO - i7zd8ef
[2023-10-08T06:14:29.008+0000] {logging_mixin.py:151} INFO - i7zl8ys
[2023-10-08T06:14:30.402+0000] {logging_mixin.py:151} INFO - i7zk00n
[2023-10-08T06:14:30.795+0000] {logging_mixin.py:151} INFO - i7z9l41
[2023-10-08T06:14:32.201+0000] {logging_mixin.py:151} INFO - i7zuw2w
[2023-10-08T06:14:33.664+0000] {logging_mixin.py:151} INFO - i802dd6
[2023-10-08T06:14:34.048+0000] {logging_mixin.py:151} INFO - i7zgpd6
[2023-10-08T06:14:35.483+0000] {logging_mixin.py:151} INFO - i7zshfj
[2023-10-08T06:14:35.913+0000] {logging_mixin.py:151} INFO - i808hem
[2023-10-08T06:14:37.351+0000] {logging_mixin.py:151} INFO - i808jkm
[2023-10-08T06:14:38.067+0000] {logging_mixin.py:151} INFO - i8356ta
[2023-10-08T06:14:39.518+0000] {logging_mixin.py:151} INFO - i7ypxei
[2023-10-08T06:14:39.905+0000] {logging_mixin.py:151} INFO - i7yxxii
[2023-10-08T06:14:42.064+0000] {logging_mixin.py:151} INFO - i7z4n45
[2023-10-08T06:14:42.488+0000] {logging_mixin.py:151} INFO - i7yscn0
[2023-10-08T06:14:42.868+0000] {logging_mixin.py:151} INFO - i7z2pob
[2023-10-08T06:14:44.302+0000] {logging_mixin.py:151} INFO - i7ytbl8
[2023-10-08T06:14:45.405+0000] {logging_mixin.py:151} INFO - i7z49v9
[2023-10-08T06:14:46.863+0000] {logging_mixin.py:151} INFO - i7yupe1
[2023-10-08T06:14:47.258+0000] {logging_mixin.py:151} INFO - i7zbl0q
[2023-10-08T06:14:47.664+0000] {logging_mixin.py:151} INFO - i7zzcd8
[2023-10-08T06:14:49.120+0000] {logging_mixin.py:151} INFO - i7ymkkt
[2023-10-08T06:14:50.525+0000] {logging_mixin.py:151} INFO - i7z57ab
[2023-10-08T06:14:51.028+0000] {logging_mixin.py:151} INFO - i7zy7ac
[2023-10-08T06:14:53.190+0000] {logging_mixin.py:151} INFO - i7zwg4r
[2023-10-08T06:14:53.597+0000] {logging_mixin.py:151} INFO - i80kiuc
[2023-10-08T06:14:53.988+0000] {logging_mixin.py:151} INFO - i81a6sx
[2023-10-08T06:14:55.471+0000] {logging_mixin.py:151} INFO - i7ynwr9
[2023-10-08T06:14:55.902+0000] {logging_mixin.py:151} INFO - i7yv4f3
[2023-10-08T06:14:57.302+0000] {logging_mixin.py:151} INFO - i81e5ia
[2023-10-08T06:14:57.722+0000] {logging_mixin.py:151} INFO - i835emz
[2023-10-08T06:14:59.158+0000] {logging_mixin.py:151} INFO - i801phl
[2023-10-08T06:15:00.562+0000] {logging_mixin.py:151} INFO - i7ym7a8
[2023-10-08T06:15:00.950+0000] {logging_mixin.py:151} INFO - i7ysv0p
[2023-10-08T06:15:02.436+0000] {logging_mixin.py:151} INFO - i7z61p0
[2023-10-08T06:15:02.949+0000] {logging_mixin.py:151} INFO - i7zh56q
[2023-10-08T06:15:04.486+0000] {logging_mixin.py:151} INFO - i7ymwff
[2023-10-08T06:15:04.895+0000] {logging_mixin.py:151} INFO - i802e5i
[2023-10-08T06:15:06.327+0000] {logging_mixin.py:151} INFO - i7zgz38
[2023-10-08T06:15:06.723+0000] {logging_mixin.py:151} INFO - i7zgm7v
[2023-10-08T06:15:08.106+0000] {logging_mixin.py:151} INFO - i7yu4bg
[2023-10-08T06:15:09.497+0000] {logging_mixin.py:151} INFO - i80ioz7
[2023-10-08T06:15:09.914+0000] {logging_mixin.py:151} INFO - i7z1jfx
[2023-10-08T06:15:11.359+0000] {logging_mixin.py:151} INFO - i7zjp0m
[2023-10-08T06:15:11.772+0000] {logging_mixin.py:151} INFO - i80mbqw
[2023-10-08T06:15:13.174+0000] {logging_mixin.py:151} INFO - i7zh6we
[2023-10-08T06:15:14.582+0000] {logging_mixin.py:151} INFO - i7z6nai
[2023-10-08T06:15:15.743+0000] {logging_mixin.py:151} INFO - i7yxk8t
[2023-10-08T06:15:17.171+0000] {logging_mixin.py:151} INFO - i7yul33
[2023-10-08T06:15:17.683+0000] {logging_mixin.py:151} INFO - i7zhvkf
[2023-10-08T06:15:18.352+0000] {logging_mixin.py:151} INFO - i80uv1s
[2023-10-08T06:15:19.842+0000] {logging_mixin.py:151} INFO - i7yxzxh
[2023-10-08T06:15:20.352+0000] {logging_mixin.py:151} INFO - i81wt0k
[2023-10-08T06:15:20.740+0000] {logging_mixin.py:151} INFO - i7z1f8l
[2023-10-08T06:15:22.245+0000] {logging_mixin.py:151} INFO - i7z7kd9
[2023-10-08T06:15:24.380+0000] {logging_mixin.py:151} INFO - i81xw86
[2023-10-08T06:15:24.767+0000] {logging_mixin.py:151} INFO - i81sx1f
[2023-10-08T06:15:25.169+0000] {logging_mixin.py:151} INFO - i7yy1t6
[2023-10-08T06:15:26.571+0000] {logging_mixin.py:151} INFO - i80bnhf
[2023-10-08T06:15:26.950+0000] {logging_mixin.py:151} INFO - i7yxpj3
[2023-10-08T06:15:28.338+0000] {logging_mixin.py:151} INFO - i7zjvr9
[2023-10-08T06:15:28.725+0000] {logging_mixin.py:151} INFO - i7zl5fw
[2023-10-08T06:15:30.120+0000] {logging_mixin.py:151} INFO - i8146xi
[2023-10-08T06:15:31.620+0000] {logging_mixin.py:151} INFO - i7z59jg
[2023-10-08T06:15:32.028+0000] {logging_mixin.py:151} INFO - i7zhnq4
[2023-10-08T06:15:33.429+0000] {logging_mixin.py:151} INFO - i7zd2wg
[2023-10-08T06:15:33.875+0000] {logging_mixin.py:151} INFO - i98n2hf
[2023-10-08T06:15:35.274+0000] {logging_mixin.py:151} INFO - i81at79
[2023-10-08T06:15:35.719+0000] {logging_mixin.py:151} INFO - i8163z9
[2023-10-08T06:15:37.114+0000] {logging_mixin.py:151} INFO - i86hoci
[2023-10-08T06:15:38.591+0000] {logging_mixin.py:151} INFO - i86hjnv
[2023-10-08T06:15:39.103+0000] {logging_mixin.py:151} INFO - i82my4h
[2023-10-08T06:15:41.285+0000] {logging_mixin.py:151} INFO - i84cqw0
[2023-10-08T06:15:41.693+0000] {logging_mixin.py:151} INFO - i7z40rm
[2023-10-08T06:15:42.085+0000] {logging_mixin.py:151} INFO - i809uv4
[2023-10-08T06:15:43.590+0000] {logging_mixin.py:151} INFO - i7zfuca
[2023-10-08T06:15:44.104+0000] {logging_mixin.py:151} INFO - i7z5hyw
[2023-10-08T06:15:45.534+0000] {logging_mixin.py:151} INFO - i7zby9g
[2023-10-08T06:15:45.948+0000] {logging_mixin.py:151} INFO - i7z5h1m
[2023-10-08T06:15:47.335+0000] {logging_mixin.py:151} INFO - i7z6zd7
[2023-10-08T06:15:47.802+0000] {logging_mixin.py:151} INFO - i7zh1rj
[2023-10-08T06:15:49.329+0000] {logging_mixin.py:151} INFO - i7zhytg
[2023-10-08T06:15:50.764+0000] {logging_mixin.py:151} INFO - i825ugr
[2023-10-08T06:15:51.275+0000] {logging_mixin.py:151} INFO - i81vt6z
[2023-10-08T06:15:52.676+0000] {logging_mixin.py:151} INFO - i856ots
[2023-10-08T06:15:53.071+0000] {logging_mixin.py:151} INFO - iadjz5d
[2023-10-08T06:15:54.462+0000] {logging_mixin.py:151} INFO - i8s1q05
[2023-10-08T06:15:54.864+0000] {logging_mixin.py:151} INFO - i7zj3jv
[2023-10-08T06:15:56.296+0000] {logging_mixin.py:151} INFO - i80lfwf
[2023-10-08T06:15:56.710+0000] {logging_mixin.py:151} INFO - i80scgk
[2023-10-08T06:15:58.147+0000] {logging_mixin.py:151} INFO - i80zlhc
[2023-10-08T06:15:59.675+0000] {logging_mixin.py:151} INFO - i81wimt
[2023-10-08T06:16:00.194+0000] {logging_mixin.py:151} INFO - i7zkech
[2023-10-08T06:16:01.625+0000] {logging_mixin.py:151} INFO - i7zu1z4
[2023-10-08T06:16:02.014+0000] {logging_mixin.py:151} INFO - i80ekz9
[2023-10-08T06:16:03.473+0000] {logging_mixin.py:151} INFO - i81xl4d
[2023-10-08T06:16:03.986+0000] {logging_mixin.py:151} INFO - i80iou6
[2023-10-08T06:16:05.417+0000] {logging_mixin.py:151} INFO - i8013bs
[2023-10-08T06:16:05.827+0000] {logging_mixin.py:151} INFO - i80t704
[2023-10-08T06:16:07.256+0000] {logging_mixin.py:151} INFO - i801bd4
[2023-10-08T06:16:08.639+0000] {logging_mixin.py:151} INFO - i80bk1q
[2023-10-08T06:16:09.041+0000] {logging_mixin.py:151} INFO - i7yy2ga
[2023-10-08T06:16:13.589+0000] {logging_mixin.py:151} INFO - i7yx4s2
[2023-10-08T06:16:14.059+0000] {logging_mixin.py:151} INFO - i7z6l8d
[2023-10-08T06:16:15.021+0000] {logging_mixin.py:151} INFO - i81c82j
[2023-10-08T06:16:15.420+0000] {logging_mixin.py:151} INFO - i7z6w1v
[2023-10-08T06:16:15.825+0000] {logging_mixin.py:151} INFO - i7z7fqa
[2023-10-08T06:16:16.231+0000] {logging_mixin.py:151} INFO - i80p3y2
[2023-10-08T06:16:16.671+0000] {logging_mixin.py:151} INFO - i7z6rhe
[2023-10-08T06:16:17.061+0000] {logging_mixin.py:151} INFO - i7zzr8d
[2023-10-08T06:16:18.515+0000] {logging_mixin.py:151} INFO - i82btz0
[2023-10-08T06:16:18.919+0000] {logging_mixin.py:151} INFO - i7z70vn
[2023-10-08T06:16:20.329+0000] {logging_mixin.py:151} INFO - i7yram9
[2023-10-08T06:16:20.724+0000] {logging_mixin.py:151} INFO - i7z5wdr
[2023-10-08T06:16:22.326+0000] {logging_mixin.py:151} INFO - i7yqd7s
[2023-10-08T06:16:23.739+0000] {logging_mixin.py:151} INFO - i7zh94g
[2023-10-08T06:16:24.150+0000] {logging_mixin.py:151} INFO - i80dfb7
[2023-10-08T06:16:25.639+0000] {logging_mixin.py:151} INFO - i7yx9fh
[2023-10-08T06:16:26.032+0000] {logging_mixin.py:151} INFO - i7yvn6m
[2023-10-08T06:16:27.454+0000] {logging_mixin.py:151} INFO - i7zkgi8
[2023-10-08T06:16:27.979+0000] {logging_mixin.py:151} INFO - i7z8afd
[2023-10-08T06:16:29.396+0000] {logging_mixin.py:151} INFO - i7zovnm
[2023-10-08T06:16:29.807+0000] {logging_mixin.py:151} INFO - i80h5vh
[2023-10-08T06:16:31.218+0000] {logging_mixin.py:151} INFO - i7z4375
[2023-10-08T06:16:32.617+0000] {logging_mixin.py:151} INFO - i7zsks6
[2023-10-08T06:16:33.030+0000] {logging_mixin.py:151} INFO - i7zse9x
[2023-10-08T06:16:34.428+0000] {logging_mixin.py:151} INFO - i7ywko2
[2023-10-08T06:16:34.838+0000] {logging_mixin.py:151} INFO - i84kouk
[2023-10-08T06:16:36.233+0000] {logging_mixin.py:151} INFO - i7z4dit
[2023-10-08T06:16:37.640+0000] {logging_mixin.py:151} INFO - i7z9sha
[2023-10-08T06:16:38.090+0000] {logging_mixin.py:151} INFO - i7zsoqq
[2023-10-08T06:16:40.258+0000] {logging_mixin.py:151} INFO - i89tfmk
[2023-10-08T06:16:40.656+0000] {logging_mixin.py:151} INFO - i8345uq
[2023-10-08T06:16:41.032+0000] {logging_mixin.py:151} INFO - i7z6h3o
[2023-10-08T06:16:42.416+0000] {logging_mixin.py:151} INFO - i824fdd
[2023-10-08T06:16:42.949+0000] {logging_mixin.py:151} INFO - i7z4sr6
[2023-10-08T06:16:44.417+0000] {logging_mixin.py:151} INFO - i81vp0j
[2023-10-08T06:16:44.809+0000] {logging_mixin.py:151} INFO - i7z6pk5
[2023-10-08T06:16:46.187+0000] {logging_mixin.py:151} INFO - i7z5qtd
[2023-10-08T06:16:47.599+0000] {logging_mixin.py:151} INFO - i8003pn
[2023-10-08T06:16:48.062+0000] {logging_mixin.py:151} INFO - i80eg2r
[2023-10-08T06:16:49.455+0000] {logging_mixin.py:151} INFO - i803cmm
[2023-10-08T06:16:49.857+0000] {logging_mixin.py:151} INFO - ia2s35b
[2023-10-08T06:16:51.251+0000] {logging_mixin.py:151} INFO - i800cqs
[2023-10-08T06:16:51.696+0000] {logging_mixin.py:151} INFO - i81ij0w
[2023-10-08T06:16:53.099+0000] {logging_mixin.py:151} INFO - i8210e2
[2023-10-08T06:16:54.492+0000] {logging_mixin.py:151} INFO - i7zwdqq
[2023-10-08T06:16:54.909+0000] {logging_mixin.py:151} INFO - i7zwcv7
[2023-10-08T06:16:56.306+0000] {logging_mixin.py:151} INFO - i7zwffl
[2023-10-08T06:16:56.708+0000] {logging_mixin.py:151} INFO - i800unf
[2023-10-08T06:16:58.108+0000] {logging_mixin.py:151} INFO - i81wdev
[2023-10-08T06:16:59.573+0000] {logging_mixin.py:151} INFO - i80507o
[2023-10-08T06:17:00.100+0000] {logging_mixin.py:151} INFO - i833jj8
[2023-10-08T06:17:01.633+0000] {logging_mixin.py:151} INFO - i8a6dax
[2023-10-08T06:17:02.145+0000] {logging_mixin.py:151} INFO - i7yy8zx
[2023-10-08T06:17:03.545+0000] {logging_mixin.py:151} INFO - i7zbubf
[2023-10-08T06:17:03.946+0000] {logging_mixin.py:151} INFO - i7zmcf6
[2023-10-08T06:17:05.839+0000] {logging_mixin.py:151} INFO - i7z6b1b
[2023-10-08T06:17:06.255+0000] {logging_mixin.py:151} INFO - i7zqjrz
[2023-10-08T06:17:07.645+0000] {logging_mixin.py:151} INFO - i7z7xel
[2023-10-08T06:17:08.047+0000] {logging_mixin.py:151} INFO - i7znoki
[2023-10-08T06:17:09.447+0000] {logging_mixin.py:151} INFO - i7zkh3v
[2023-10-08T06:17:09.832+0000] {logging_mixin.py:151} INFO - i7ztkf2
[2023-10-08T06:17:11.478+0000] {logging_mixin.py:151} INFO - i7zzk4b
[2023-10-08T06:17:12.851+0000] {logging_mixin.py:151} INFO - i7z9bph
[2023-10-08T06:17:13.242+0000] {logging_mixin.py:151} INFO - i8029qw
[2023-10-08T06:17:14.645+0000] {logging_mixin.py:151} INFO - i84yjbd
[2023-10-08T06:17:15.044+0000] {logging_mixin.py:151} INFO - i7z793f
[2023-10-08T06:17:16.422+0000] {logging_mixin.py:151} INFO - i7yu0ce
[2023-10-08T06:17:16.860+0000] {logging_mixin.py:151} INFO - i7zjbne
[2023-10-08T06:17:18.316+0000] {logging_mixin.py:151} INFO - i7ysjge
[2023-10-08T06:17:18.724+0000] {logging_mixin.py:151} INFO - i7zjqqz
[2023-10-08T06:17:20.158+0000] {logging_mixin.py:151} INFO - i80uzet
[2023-10-08T06:17:21.585+0000] {logging_mixin.py:151} INFO - i7zddll
[2023-10-08T06:17:22.019+0000] {logging_mixin.py:151} INFO - i7zkmtt
[2023-10-08T06:17:23.427+0000] {logging_mixin.py:151} INFO - i7zpj8m
[2023-10-08T06:17:23.831+0000] {logging_mixin.py:151} INFO - i7ziv15
[2023-10-08T06:17:25.277+0000] {logging_mixin.py:151} INFO - i7z0hr4
[2023-10-08T06:17:26.687+0000] {logging_mixin.py:151} INFO - i7zroos
[2023-10-08T06:17:27.094+0000] {logging_mixin.py:151} INFO - i84jwds
[2023-10-08T06:17:28.647+0000] {logging_mixin.py:151} INFO - i8065fi
[2023-10-08T06:17:29.049+0000] {logging_mixin.py:151} INFO - i7z6akv
[2023-10-08T06:17:30.441+0000] {logging_mixin.py:151} INFO - i801lxk
[2023-10-08T06:17:30.919+0000] {logging_mixin.py:151} INFO - i81x1du
[2023-10-08T06:17:32.329+0000] {logging_mixin.py:151} INFO - i826vei
[2023-10-08T06:17:32.723+0000] {logging_mixin.py:151} INFO - i8007wn
[2023-10-08T06:17:34.116+0000] {logging_mixin.py:151} INFO - i82dcog
[2023-10-08T06:17:35.559+0000] {logging_mixin.py:151} INFO - i82txvd
[2023-10-08T06:17:35.968+0000] {logging_mixin.py:151} INFO - i82bpy4
[2023-10-08T06:17:37.423+0000] {logging_mixin.py:151} INFO - i802e11
[2023-10-08T06:17:37.932+0000] {logging_mixin.py:151} INFO - ibfkjs0
[2023-10-08T06:17:39.374+0000] {logging_mixin.py:151} INFO - i8gy039
[2023-10-08T06:17:39.771+0000] {logging_mixin.py:151} INFO - i8266eo
[2023-10-08T06:17:41.173+0000] {logging_mixin.py:151} INFO - ib5gw8v
[2023-10-08T06:17:42.580+0000] {logging_mixin.py:151} INFO - i8efrki
[2023-10-08T06:17:43.105+0000] {logging_mixin.py:151} INFO - i817yqm
[2023-10-08T06:17:44.506+0000] {logging_mixin.py:151} INFO - i8a6o0g
[2023-10-08T06:17:44.941+0000] {logging_mixin.py:151} INFO - i7z640d
[2023-10-08T06:17:46.344+0000] {logging_mixin.py:151} INFO - i7z6etd
[2023-10-08T06:17:46.744+0000] {logging_mixin.py:151} INFO - i806gpi
[2023-10-08T06:17:48.165+0000] {logging_mixin.py:151} INFO - i805z0j
[2023-10-08T06:17:49.590+0000] {logging_mixin.py:151} INFO - i7zy9p0
[2023-10-08T06:17:50.008+0000] {logging_mixin.py:151} INFO - i7zz58u
[2023-10-08T06:17:51.405+0000] {logging_mixin.py:151} INFO - i80rnml
[2023-10-08T06:17:51.817+0000] {logging_mixin.py:151} INFO - i7zh6ma
[2023-10-08T06:17:53.241+0000] {logging_mixin.py:151} INFO - i7zyu11
[2023-10-08T06:17:54.661+0000] {logging_mixin.py:151} INFO - i88z64s
[2023-10-08T06:17:55.059+0000] {logging_mixin.py:151} INFO - i7zxp0l
[2023-10-08T06:17:56.445+0000] {logging_mixin.py:151} INFO - i7yvwuf
[2023-10-08T06:17:56.860+0000] {logging_mixin.py:151} INFO - i7yv2jx
[2023-10-08T06:17:58.362+0000] {logging_mixin.py:151} INFO - i80uzxo
[2023-10-08T06:17:58.774+0000] {logging_mixin.py:151} INFO - i80t37j
[2023-10-08T06:18:00.207+0000] {logging_mixin.py:151} INFO - i8034u3
[2023-10-08T06:18:01.742+0000] {logging_mixin.py:151} INFO - i805gxh
[2023-10-08T06:18:02.132+0000] {logging_mixin.py:151} INFO - i82ddrg
[2023-10-08T06:18:03.536+0000] {logging_mixin.py:151} INFO - i8323ow
[2023-10-08T06:18:04.000+0000] {logging_mixin.py:151} INFO - i8nd4nr
[2023-10-08T06:18:05.397+0000] {logging_mixin.py:151} INFO - i8gwxg5
[2023-10-08T06:18:05.814+0000] {logging_mixin.py:151} INFO - i803adp
[2023-10-08T06:18:07.278+0000] {logging_mixin.py:151} INFO - i80o6vw
[2023-10-08T06:18:08.817+0000] {logging_mixin.py:151} INFO - i81v8hq
[2023-10-08T06:18:09.224+0000] {logging_mixin.py:151} INFO - i82mxwx
[2023-10-08T06:18:10.605+0000] {logging_mixin.py:151} INFO - ibicw6d
[2023-10-08T06:18:11.002+0000] {logging_mixin.py:151} INFO - i82i52w
[2023-10-08T06:18:12.402+0000] {logging_mixin.py:151} INFO - i7zwyuc
[2023-10-08T06:18:12.802+0000] {logging_mixin.py:151} INFO - i7zzjkv
[2023-10-08T06:18:14.327+0000] {logging_mixin.py:151} INFO - i8062s7
[2023-10-08T06:18:15.866+0000] {logging_mixin.py:151} INFO - i80p4lj
[2023-10-08T06:18:16.377+0000] {logging_mixin.py:151} INFO - i7zzp2x
[2023-10-08T06:18:16.786+0000] {logging_mixin.py:151} INFO - i7yx8e0
[2023-10-08T06:18:18.194+0000] {logging_mixin.py:151} INFO - i7ywqx6
[2023-10-08T06:18:19.614+0000] {logging_mixin.py:151} INFO - i7yzpe1
[2023-10-08T06:18:19.991+0000] {logging_mixin.py:151} INFO - i80u8xs
[2023-10-08T06:18:21.398+0000] {logging_mixin.py:151} INFO - i81163c
[2023-10-08T06:18:21.775+0000] {logging_mixin.py:151} INFO - i80147d
[2023-10-08T06:18:23.177+0000] {logging_mixin.py:151} INFO - i816p28
[2023-10-08T06:18:24.590+0000] {logging_mixin.py:151} INFO - i82mafc
[2023-10-08T06:18:24.993+0000] {logging_mixin.py:151} INFO - i80otgc
[2023-10-08T06:18:26.389+0000] {logging_mixin.py:151} INFO - i80uglc
[2023-10-08T06:18:26.772+0000] {logging_mixin.py:151} INFO - i7yywvl
[2023-10-08T06:18:28.267+0000] {logging_mixin.py:151} INFO - i7z0szi
[2023-10-08T06:18:29.807+0000] {logging_mixin.py:151} INFO - i7yzscb
[2023-10-08T06:18:30.317+0000] {logging_mixin.py:151} INFO - i813h74
[2023-10-08T06:18:31.756+0000] {logging_mixin.py:151} INFO - i81oikq
[2023-10-08T06:18:32.168+0000] {logging_mixin.py:151} INFO - i7yzles
[2023-10-08T06:18:33.563+0000] {logging_mixin.py:151} INFO - i7z2zw3
[2023-10-08T06:18:34.432+0000] {logging_mixin.py:151} INFO - i7z2ipp
[2023-10-08T06:18:34.928+0000] {logging_mixin.py:151} INFO - i82fi8k
[2023-10-08T06:18:45.271+0000] {logging_mixin.py:151} INFO - jqdroh4
[2023-10-08T06:18:46.692+0000] {logging_mixin.py:151} INFO - jqdutvv
[2023-10-08T06:18:47.102+0000] {logging_mixin.py:151} INFO - jqe0quj
[2023-10-08T06:18:47.612+0000] {logging_mixin.py:151} INFO - jqe5b5p
[2023-10-08T06:18:48.026+0000] {logging_mixin.py:151} INFO - jqe74be
[2023-10-08T06:18:48.537+0000] {logging_mixin.py:151} INFO - jqe86v5
[2023-10-08T06:18:48.953+0000] {logging_mixin.py:151} INFO - jqea742
[2023-10-08T06:18:49.461+0000] {logging_mixin.py:151} INFO - jqeded2
[2023-10-08T06:18:49.971+0000] {logging_mixin.py:151} INFO - jqdvv54
[2023-10-08T06:18:50.480+0000] {logging_mixin.py:151} INFO - jqe6klj
[2023-10-08T06:18:50.861+0000] {logging_mixin.py:151} INFO - jqe1gla
[2023-10-08T06:18:51.258+0000] {logging_mixin.py:151} INFO - jqed3r7
[2023-10-08T06:18:51.669+0000] {logging_mixin.py:151} INFO - jqe04et
[2023-10-08T06:18:52.056+0000] {logging_mixin.py:151} INFO - jqdqdwh
[2023-10-08T06:18:52.456+0000] {logging_mixin.py:151} INFO - jqeauz5
[2023-10-08T06:18:52.852+0000] {logging_mixin.py:151} INFO - jqe45xu
[2023-10-08T06:18:53.266+0000] {logging_mixin.py:151} INFO - jqeo21l
[2023-10-08T06:18:54.665+0000] {logging_mixin.py:151} INFO - jqebj11
[2023-10-08T06:18:55.056+0000] {logging_mixin.py:151} INFO - jqe0g6e
[2023-10-08T06:18:56.468+0000] {logging_mixin.py:151} INFO - jqe5mhe
[2023-10-08T06:18:56.944+0000] {logging_mixin.py:151} INFO - jqe97b3
[2023-10-08T06:18:58.473+0000] {logging_mixin.py:151} INFO - jqebnpr
[2023-10-08T06:18:58.989+0000] {logging_mixin.py:151} INFO - jqf763m
[2023-10-08T06:19:00.425+0000] {logging_mixin.py:151} INFO - jqe8lrf
[2023-10-08T06:19:00.933+0000] {logging_mixin.py:151} INFO - jqe054y
[2023-10-08T06:19:02.369+0000] {logging_mixin.py:151} INFO - jqei7fo
[2023-10-08T06:19:02.778+0000] {logging_mixin.py:151} INFO - jqepc6b
[2023-10-08T06:19:04.158+0000] {logging_mixin.py:151} INFO - jqf6vva
[2023-10-08T06:19:05.550+0000] {logging_mixin.py:151} INFO - jqfiksi
[2023-10-08T06:19:05.963+0000] {logging_mixin.py:151} INFO - jqfo1z7
[2023-10-08T06:19:07.387+0000] {logging_mixin.py:151} INFO - jqeisul
[2023-10-08T06:19:07.775+0000] {logging_mixin.py:151} INFO - jqe5l6y
[2023-10-08T06:19:09.172+0000] {logging_mixin.py:151} INFO - jqeafwb
[2023-10-08T06:19:10.594+0000] {logging_mixin.py:151} INFO - jqed4pl
[2023-10-08T06:19:10.979+0000] {logging_mixin.py:151} INFO - jqe754v
[2023-10-08T06:19:12.380+0000] {logging_mixin.py:151} INFO - jqeeoz1
[2023-10-08T06:19:12.765+0000] {logging_mixin.py:151} INFO - jqeh397
[2023-10-08T06:19:14.163+0000] {logging_mixin.py:151} INFO - jqeqt5g
[2023-10-08T06:19:15.564+0000] {logging_mixin.py:151} INFO - jqf2w69
[2023-10-08T06:19:16.080+0000] {logging_mixin.py:151} INFO - jqecojg
[2023-10-08T06:19:17.474+0000] {logging_mixin.py:151} INFO - jqeiz53
[2023-10-08T06:19:17.875+0000] {logging_mixin.py:151} INFO - jqemsiq
[2023-10-08T06:19:19.271+0000] {logging_mixin.py:151} INFO - jqftzl6
[2023-10-08T06:19:19.769+0000] {logging_mixin.py:151} INFO - jqe6rsf
[2023-10-08T06:19:21.167+0000] {logging_mixin.py:151} INFO - jqefvw6
[2023-10-08T06:19:22.588+0000] {logging_mixin.py:151} INFO - jqeiwzw
[2023-10-08T06:19:22.977+0000] {logging_mixin.py:151} INFO - jqek5eg
[2023-10-08T06:19:24.383+0000] {logging_mixin.py:151} INFO - jqfv4tn
[2023-10-08T06:19:24.783+0000] {logging_mixin.py:151} INFO - jqefy1a
[2023-10-08T06:19:26.222+0000] {logging_mixin.py:151} INFO - jqef72z
[2023-10-08T06:19:27.638+0000] {logging_mixin.py:151} INFO - jqeoaoy
[2023-10-08T06:19:28.056+0000] {logging_mixin.py:151} INFO - jqeu96c
[2023-10-08T06:19:29.437+0000] {logging_mixin.py:151} INFO - jqeyb19
[2023-10-08T06:19:29.820+0000] {logging_mixin.py:151} INFO - jqf29sc
[2023-10-08T06:19:31.350+0000] {logging_mixin.py:151} INFO - jqfdnux
[2023-10-08T06:19:32.759+0000] {logging_mixin.py:151} INFO - jqfft2j
[2023-10-08T06:19:33.162+0000] {logging_mixin.py:151} INFO - jqeg9ld
[2023-10-08T06:19:34.584+0000] {logging_mixin.py:151} INFO - jqeg6xf
[2023-10-08T06:19:34.966+0000] {logging_mixin.py:151} INFO - jqeihxg
[2023-10-08T06:19:36.792+0000] {logging_mixin.py:151} INFO - jqeoz6w
[2023-10-08T06:19:37.395+0000] {logging_mixin.py:151} INFO - jqep8lc
[2023-10-08T06:19:38.784+0000] {logging_mixin.py:151} INFO - jqeqbba
[2023-10-08T06:19:39.173+0000] {logging_mixin.py:151} INFO - jqeqean
[2023-10-08T06:19:40.577+0000] {logging_mixin.py:151} INFO - jqeqxv1
[2023-10-08T06:19:40.952+0000] {logging_mixin.py:151} INFO - jqh2cbm
[2023-10-08T06:19:43.810+0000] {logging_mixin.py:151} INFO - jqfho66
[2023-10-08T06:19:44.243+0000] {logging_mixin.py:151} INFO - jqe6nr6
[2023-10-08T06:19:44.721+0000] {logging_mixin.py:151} INFO - jqejs5b
[2023-10-08T06:19:45.163+0000] {logging_mixin.py:151} INFO - jqfimp6
[2023-10-08T06:19:46.570+0000] {logging_mixin.py:151} INFO - jqeivd5
[2023-10-08T06:19:47.011+0000] {logging_mixin.py:151} INFO - jqejj30
[2023-10-08T06:19:48.444+0000] {logging_mixin.py:151} INFO - jqetrwg
[2023-10-08T06:19:48.956+0000] {logging_mixin.py:151} INFO - jqf4k0o
[2023-10-08T06:19:50.390+0000] {logging_mixin.py:151} INFO - jqehwen
[2023-10-08T06:19:50.901+0000] {logging_mixin.py:151} INFO - jqelf57
[2023-10-08T06:19:53.028+0000] {logging_mixin.py:151} INFO - jqenat8
[2023-10-08T06:19:53.451+0000] {logging_mixin.py:151} INFO - jqeswyj
[2023-10-08T06:19:53.839+0000] {logging_mixin.py:151} INFO - jqetcd2
[2023-10-08T06:19:55.222+0000] {logging_mixin.py:151} INFO - jqf2662
[2023-10-08T06:19:56.740+0000] {logging_mixin.py:151} INFO - jqfa2tq
[2023-10-08T06:19:57.125+0000] {logging_mixin.py:151} INFO - jqfluzh
[2023-10-08T06:19:58.525+0000] {logging_mixin.py:151} INFO - jqfojg9
[2023-10-08T06:19:58.917+0000] {logging_mixin.py:151} INFO - jqfqes8
[2023-10-08T06:20:00.429+0000] {logging_mixin.py:151} INFO - jqfrqhw
[2023-10-08T06:20:01.966+0000] {logging_mixin.py:151} INFO - jqfuvvp
[2023-10-08T06:20:03.507+0000] {logging_mixin.py:151} INFO - jqgpnxo
[2023-10-08T06:20:03.915+0000] {logging_mixin.py:151} INFO - jqer492
[2023-10-08T06:20:05.455+0000] {logging_mixin.py:151} INFO - jqerk22
[2023-10-08T06:20:05.854+0000] {logging_mixin.py:151} INFO - jqesufd
[2023-10-08T06:20:07.295+0000] {logging_mixin.py:151} INFO - jqf055x
[2023-10-08T06:20:08.694+0000] {logging_mixin.py:151} INFO - jqf07xt
[2023-10-08T06:20:09.144+0000] {logging_mixin.py:151} INFO - jqf3bru
[2023-10-08T06:20:10.541+0000] {logging_mixin.py:151} INFO - jqf783a
[2023-10-08T06:20:10.966+0000] {logging_mixin.py:151} INFO - jqfagv7
[2023-10-08T06:20:12.380+0000] {logging_mixin.py:151} INFO - jqfe9lg
[2023-10-08T06:20:12.746+0000] {logging_mixin.py:151} INFO - jqflg1b
[2023-10-08T06:20:14.114+0000] {logging_mixin.py:151} INFO - jqfqvxm
[2023-10-08T06:20:15.542+0000] {logging_mixin.py:151} INFO - jqftfv6
[2023-10-08T06:20:16.449+0000] {logging_mixin.py:151} INFO - jqftxd6
[2023-10-08T06:20:16.920+0000] {logging_mixin.py:151} INFO - jqfuybd
[2023-10-08T06:20:18.341+0000] {logging_mixin.py:151} INFO - jqfv6qu
[2023-10-08T06:20:18.754+0000] {logging_mixin.py:151} INFO - jqfx4zz
[2023-10-08T06:20:20.188+0000] {logging_mixin.py:151} INFO - jqg6ay5
[2023-10-08T06:20:21.623+0000] {logging_mixin.py:151} INFO - jqgnkhb
[2023-10-08T06:20:22.015+0000] {logging_mixin.py:151} INFO - jqe5b25
[2023-10-08T06:20:23.408+0000] {logging_mixin.py:151} INFO - jqehrhg
[2023-10-08T06:20:23.774+0000] {logging_mixin.py:151} INFO - jqek3ew
[2023-10-08T06:20:25.168+0000] {logging_mixin.py:151} INFO - jqeq5kn
[2023-10-08T06:20:26.577+0000] {logging_mixin.py:151} INFO - jqerlt2
[2023-10-08T06:20:26.985+0000] {logging_mixin.py:151} INFO - jqew4s8
[2023-10-08T06:20:28.495+0000] {logging_mixin.py:151} INFO - jqexxt6
[2023-10-08T06:20:28.857+0000] {logging_mixin.py:151} INFO - jqf0ub1
[2023-10-08T06:20:30.329+0000] {logging_mixin.py:151} INFO - jqfbwft
[2023-10-08T06:20:30.846+0000] {logging_mixin.py:151} INFO - jqfffks
[2023-10-08T06:20:32.276+0000] {logging_mixin.py:151} INFO - jqfktws
[2023-10-08T06:20:33.716+0000] {logging_mixin.py:151} INFO - jqfpizi
[2023-10-08T06:20:34.121+0000] {logging_mixin.py:151} INFO - jqfsnlc
[2023-10-08T06:20:35.507+0000] {logging_mixin.py:151} INFO - jqfsyv4
[2023-10-08T06:20:35.894+0000] {logging_mixin.py:151} INFO - jqftbow
[2023-10-08T06:20:37.306+0000] {logging_mixin.py:151} INFO - jqftk26
[2023-10-08T06:20:37.744+0000] {logging_mixin.py:151} INFO - jqfv2kl
[2023-10-08T06:20:39.156+0000] {logging_mixin.py:151} INFO - jqfv7cj
[2023-10-08T06:20:40.547+0000] {logging_mixin.py:151} INFO - jqg0012
[2023-10-08T06:20:40.940+0000] {logging_mixin.py:151} INFO - jqg4zd9
[2023-10-08T06:20:42.329+0000] {logging_mixin.py:151} INFO - jqg638p
[2023-10-08T06:20:42.848+0000] {logging_mixin.py:151} INFO - jqf4sp3
[2023-10-08T06:20:44.348+0000] {logging_mixin.py:151} INFO - jqfad79
[2023-10-08T06:20:45.786+0000] {logging_mixin.py:151} INFO - jqfcpdz
[2023-10-08T06:20:46.159+0000] {logging_mixin.py:151} INFO - jqfctq0
[2023-10-08T06:20:47.627+0000] {logging_mixin.py:151} INFO - jqfl5pf
[2023-10-08T06:20:48.037+0000] {logging_mixin.py:151} INFO - jqfoq7x
[2023-10-08T06:20:49.473+0000] {logging_mixin.py:151} INFO - jqfq8i1
[2023-10-08T06:20:49.988+0000] {logging_mixin.py:151} INFO - jqftbo4
[2023-10-08T06:20:51.417+0000] {logging_mixin.py:151} INFO - jqfvtwb
[2023-10-08T06:20:51.830+0000] {logging_mixin.py:151} INFO - jqfxav4
[2023-10-08T06:20:53.369+0000] {logging_mixin.py:151} INFO - jqfyza4
[2023-10-08T06:20:54.757+0000] {logging_mixin.py:151} INFO - jqfzxj9
[2023-10-08T06:20:55.148+0000] {logging_mixin.py:151} INFO - jqg0bfv
[2023-10-08T06:20:56.553+0000] {logging_mixin.py:151} INFO - jqg1ra5
[2023-10-08T06:20:56.948+0000] {logging_mixin.py:151} INFO - jqg2gyl
[2023-10-08T06:20:58.337+0000] {logging_mixin.py:151} INFO - jqg3i40
[2023-10-08T06:20:58.730+0000] {logging_mixin.py:151} INFO - jqg3xfm
[2023-10-08T06:21:00.233+0000] {logging_mixin.py:151} INFO - jqg4yix
[2023-10-08T06:21:01.668+0000] {logging_mixin.py:151} INFO - jqg9d0m
[2023-10-08T06:21:02.060+0000] {logging_mixin.py:151} INFO - jqg9rn8
[2023-10-08T06:21:03.511+0000] {logging_mixin.py:151} INFO - jqgaxis
[2023-10-08T06:21:03.921+0000] {logging_mixin.py:151} INFO - jqgeksx
[2023-10-08T06:21:05.364+0000] {logging_mixin.py:151} INFO - jqgh4es
[2023-10-08T06:21:05.976+0000] {logging_mixin.py:151} INFO - jqgh9rb
[2023-10-08T06:21:07.410+0000] {logging_mixin.py:151} INFO - jqghq4t
[2023-10-08T06:21:07.921+0000] {logging_mixin.py:151} INFO - jqgj3ju
[2023-10-08T06:21:09.355+0000] {logging_mixin.py:151} INFO - jqgnlh2
[2023-10-08T06:21:09.866+0000] {logging_mixin.py:151} INFO - jqgs4l4
[2023-10-08T06:21:11.402+0000] {logging_mixin.py:151} INFO - jqgsbxh
[2023-10-08T06:21:11.812+0000] {logging_mixin.py:151} INFO - jqgv5xz
[2023-10-08T06:21:13.226+0000] {logging_mixin.py:151} INFO - jqhq1gz
[2023-10-08T06:21:14.631+0000] {logging_mixin.py:151} INFO - jqk0pjc
[2023-10-08T06:21:15.053+0000] {logging_mixin.py:151} INFO - jqk36ek
[2023-10-08T06:21:16.898+0000] {logging_mixin.py:151} INFO - jqkafcv
[2023-10-08T06:21:17.322+0000] {logging_mixin.py:151} INFO - jqetc79
[2023-10-08T06:21:17.840+0000] {logging_mixin.py:151} INFO - jqfgwj7
[2023-10-08T06:21:19.377+0000] {logging_mixin.py:151} INFO - jqgscxd
[2023-10-08T06:21:19.891+0000] {logging_mixin.py:151} INFO - jqduxv8
[2023-10-08T06:21:21.325+0000] {logging_mixin.py:151} INFO - jqferrh
[2023-10-08T06:21:21.939+0000] {logging_mixin.py:151} INFO - jqfhz6m
[2023-10-08T06:21:23.354+0000] {logging_mixin.py:151} INFO - jqe8x52
[2023-10-08T06:21:23.772+0000] {logging_mixin.py:151} INFO - jqek9yw
[2023-10-08T06:21:25.172+0000] {logging_mixin.py:151} INFO - jqdzxp0
[2023-10-08T06:21:26.660+0000] {logging_mixin.py:151} INFO - jqf5ojw
[2023-10-08T06:21:27.057+0000] {logging_mixin.py:151} INFO - jqe0zqo
[2023-10-08T06:21:28.601+0000] {logging_mixin.py:151} INFO - jqfldlv
[2023-10-08T06:21:29.112+0000] {logging_mixin.py:151} INFO - jqetury
[2023-10-08T06:21:30.551+0000] {logging_mixin.py:151} INFO - jqh04m9
[2023-10-08T06:21:31.056+0000] {logging_mixin.py:151} INFO - jqg1tbh
[2023-10-08T06:21:32.488+0000] {logging_mixin.py:151} INFO - jqgbb2k
[2023-10-08T06:21:32.881+0000] {logging_mixin.py:151} INFO - jqgbdj7
[2023-10-08T06:21:34.335+0000] {logging_mixin.py:151} INFO - jqgvtka
[2023-10-08T06:21:34.849+0000] {logging_mixin.py:151} INFO - jqjck7g
[2023-10-08T06:21:36.235+0000] {logging_mixin.py:151} INFO - jqhezth
[2023-10-08T06:21:37.627+0000] {logging_mixin.py:151} INFO - jqf8rrl
[2023-10-08T06:21:38.045+0000] {logging_mixin.py:151} INFO - jqfeds5
[2023-10-08T06:21:39.486+0000] {logging_mixin.py:151} INFO - jqg4wr5
[2023-10-08T06:21:39.880+0000] {logging_mixin.py:151} INFO - jqeawqv
[2023-10-08T06:21:41.410+0000] {logging_mixin.py:151} INFO - jqgchm9
[2023-10-08T06:21:41.918+0000] {logging_mixin.py:151} INFO - jqeksjs
[2023-10-08T06:21:43.315+0000] {logging_mixin.py:151} INFO - jqg82xl
[2023-10-08T06:21:43.852+0000] {logging_mixin.py:151} INFO - jqg9q7l
[2023-10-08T06:21:45.384+0000] {logging_mixin.py:151} INFO - jqfaqqc
[2023-10-08T06:21:46.545+0000] {logging_mixin.py:151} INFO - jqg8ll6
[2023-10-08T06:21:48.047+0000] {logging_mixin.py:151} INFO - jqgr767
[2023-10-08T06:21:48.563+0000] {logging_mixin.py:151} INFO - jqfjizj
[2023-10-08T06:21:49.069+0000] {logging_mixin.py:151} INFO - jqfrvhd
[2023-10-08T06:21:50.508+0000] {logging_mixin.py:151} INFO - jqe55pc
[2023-10-08T06:21:51.018+0000] {logging_mixin.py:151} INFO - jqe9cvn
[2023-10-08T06:21:52.558+0000] {logging_mixin.py:151} INFO - jqegkgh
[2023-10-08T06:21:53.067+0000] {logging_mixin.py:151} INFO - jqefo2q
[2023-10-08T06:21:54.482+0000] {logging_mixin.py:151} INFO - jqes03j
[2023-10-08T06:21:54.915+0000] {logging_mixin.py:151} INFO - jqfakx0
[2023-10-08T06:21:56.331+0000] {logging_mixin.py:151} INFO - jqgsjlg
[2023-10-08T06:21:56.724+0000] {logging_mixin.py:151} INFO - jrte2yc
[2023-10-08T06:21:58.189+0000] {logging_mixin.py:151} INFO - jqghv0b
[2023-10-08T06:21:59.629+0000] {logging_mixin.py:151} INFO - jqe7e1e
[2023-10-08T06:22:00.140+0000] {logging_mixin.py:151} INFO - jqeg8c2
[2023-10-08T06:22:01.576+0000] {logging_mixin.py:151} INFO - jqf4oje
[2023-10-08T06:22:02.087+0000] {logging_mixin.py:151} INFO - jqeymi7
[2023-10-08T06:22:03.519+0000] {logging_mixin.py:151} INFO - jqex7i6
[2023-10-08T06:22:03.910+0000] {logging_mixin.py:151} INFO - jqgg3on
[2023-10-08T06:22:05.364+0000] {logging_mixin.py:151} INFO - jqe8gud
[2023-10-08T06:22:05.876+0000] {logging_mixin.py:151} INFO - jqf90gu
[2023-10-08T06:22:07.416+0000] {logging_mixin.py:151} INFO - jqfuxqs
[2023-10-08T06:22:07.927+0000] {logging_mixin.py:151} INFO - jqfhlkr
[2023-10-08T06:22:09.361+0000] {logging_mixin.py:151} INFO - jqgmfvm
[2023-10-08T06:22:09.753+0000] {logging_mixin.py:151} INFO - jqe7i1q
[2023-10-08T06:22:11.208+0000] {logging_mixin.py:151} INFO - jqh7rh0
[2023-10-08T06:22:12.620+0000] {logging_mixin.py:151} INFO - jqh9xtj
[2023-10-08T06:22:13.032+0000] {logging_mixin.py:151} INFO - jqgz6uv
[2023-10-08T06:22:14.467+0000] {logging_mixin.py:151} INFO - jqeatxi
[2023-10-08T06:22:14.979+0000] {logging_mixin.py:151} INFO - jqfauqd
[2023-10-08T06:22:16.516+0000] {logging_mixin.py:151} INFO - jqeg11u
[2023-10-08T06:22:16.908+0000] {logging_mixin.py:151} INFO - jqephep
[2023-10-08T06:22:18.327+0000] {logging_mixin.py:151} INFO - jqeazon
[2023-10-08T06:22:18.759+0000] {logging_mixin.py:151} INFO - jqez5e5
[2023-10-08T06:22:20.264+0000] {logging_mixin.py:151} INFO - jqfkisb
[2023-10-08T06:22:21.532+0000] {logging_mixin.py:151} INFO - jqfnx6a
[2023-10-08T06:22:23.068+0000] {logging_mixin.py:151} INFO - jqfrfwy
[2023-10-08T06:22:23.437+0000] {logging_mixin.py:151} INFO - jqgaueq
[2023-10-08T06:22:23.824+0000] {logging_mixin.py:151} INFO - jqg1bk6
[2023-10-08T06:22:28.916+0000] {logging_mixin.py:151} INFO - jqgdat7
[2023-10-08T06:22:29.425+0000] {logging_mixin.py:151} INFO - jqf8srz
[2023-10-08T06:22:29.941+0000] {logging_mixin.py:151} INFO - jqf6oe2
[2023-10-08T06:22:30.365+0000] {logging_mixin.py:151} INFO - jqkwre6
[2023-10-08T06:22:30.865+0000] {logging_mixin.py:151} INFO - jqeguhf
[2023-10-08T06:22:31.374+0000] {logging_mixin.py:151} INFO - jqf8odd
[2023-10-08T06:22:31.888+0000] {logging_mixin.py:151} INFO - jqg2yt1
[2023-10-08T06:22:32.400+0000] {logging_mixin.py:151} INFO - jqgjjat
[2023-10-08T06:22:32.781+0000] {logging_mixin.py:151} INFO - jqgpe0e
[2023-10-08T06:22:34.244+0000] {logging_mixin.py:151} INFO - jqdw9q9
[2023-10-08T06:22:35.679+0000] {logging_mixin.py:151} INFO - jqe74wz
[2023-10-08T06:22:36.192+0000] {logging_mixin.py:151} INFO - jqe4s19
[2023-10-08T06:22:38.304+0000] {logging_mixin.py:151} INFO - jqe7cif
[2023-10-08T06:22:38.684+0000] {logging_mixin.py:151} INFO - jqfjhzv
[2023-10-08T06:22:39.073+0000] {logging_mixin.py:151} INFO - jqemm9l
[2023-10-08T06:22:40.458+0000] {logging_mixin.py:151} INFO - jqfi1g0
[2023-10-08T06:22:40.871+0000] {logging_mixin.py:151} INFO - jqen52u
[2023-10-08T06:22:42.336+0000] {logging_mixin.py:151} INFO - jqgbovh
[2023-10-08T06:22:43.747+0000] {logging_mixin.py:151} INFO - jqenafg
[2023-10-08T06:22:44.163+0000] {logging_mixin.py:151} INFO - jqgyqxu
[2023-10-08T06:22:45.699+0000] {logging_mixin.py:151} INFO - jqu2a80
[2023-10-08T06:22:46.210+0000] {logging_mixin.py:151} INFO - jqgxgq8
[2023-10-08T06:22:47.648+0000] {logging_mixin.py:151} INFO - jqe9rpp
[2023-10-08T06:22:48.198+0000] {logging_mixin.py:151} INFO - jqf1799
[2023-10-08T06:22:49.697+0000] {logging_mixin.py:151} INFO - jqem8hs
[2023-10-08T06:22:50.134+0000] {logging_mixin.py:151} INFO - jqfc3k8
[2023-10-08T06:22:51.571+0000] {logging_mixin.py:151} INFO - jqu2yw2
[2023-10-08T06:22:52.054+0000] {logging_mixin.py:151} INFO - jqfhkp4
[2023-10-08T06:22:53.486+0000] {logging_mixin.py:151} INFO - jqetl1g
[2023-10-08T06:22:53.902+0000] {logging_mixin.py:151} INFO - jqfc31e
[2023-10-08T06:22:55.332+0000] {logging_mixin.py:151} INFO - jqevgwi
[2023-10-08T06:22:55.841+0000] {logging_mixin.py:151} INFO - jqf30j3
[2023-10-08T06:22:57.384+0000] {logging_mixin.py:151} INFO - jqg8842
[2023-10-08T06:22:57.894+0000] {logging_mixin.py:151} INFO - jqhwhgx
[2023-10-08T06:22:59.310+0000] {logging_mixin.py:151} INFO - jqem2fs
[2023-10-08T06:22:59.704+0000] {logging_mixin.py:151} INFO - jqdqepr
[2023-10-08T06:23:01.120+0000] {logging_mixin.py:151} INFO - jqer4cv
[2023-10-08T06:23:02.606+0000] {logging_mixin.py:151} INFO - jqfkgud
[2023-10-08T06:23:03.120+0000] {logging_mixin.py:151} INFO - jqedvww
[2023-10-08T06:23:04.659+0000] {logging_mixin.py:151} INFO - jqf7i2k
[2023-10-08T06:23:05.174+0000] {logging_mixin.py:151} INFO - jqh1zaz
[2023-10-08T06:23:06.709+0000] {logging_mixin.py:151} INFO - jqu7n1h
[2023-10-08T06:23:07.223+0000] {logging_mixin.py:151} INFO - jqempzm
[2023-10-08T06:23:08.660+0000] {logging_mixin.py:151} INFO - jqflpdq
[2023-10-08T06:23:09.167+0000] {logging_mixin.py:151} INFO - jqjpe7a
[2023-10-08T06:23:10.581+0000] {logging_mixin.py:151} INFO - jqeuq3e
[2023-10-08T06:23:11.010+0000] {logging_mixin.py:151} INFO - jrzx3ao
[2023-10-08T06:23:12.373+0000] {logging_mixin.py:151} INFO - jqe6w96
[2023-10-08T06:23:12.838+0000] {logging_mixin.py:151} INFO - jqeoyxd
[2023-10-08T06:23:14.366+0000] {logging_mixin.py:151} INFO - jqf7ev8
[2023-10-08T06:23:15.908+0000] {logging_mixin.py:151} INFO - jqewi6h
[2023-10-08T06:23:16.423+0000] {logging_mixin.py:151} INFO - jqh1j3e
[2023-10-08T06:23:16.930+0000] {logging_mixin.py:151} INFO - jqewcdu
[2023-10-08T06:23:18.473+0000] {logging_mixin.py:151} INFO - jqegbxc
[2023-10-08T06:23:18.865+0000] {logging_mixin.py:151} INFO - jqh8uh7
[2023-10-08T06:23:20.267+0000] {logging_mixin.py:151} INFO - jqfd90d
[2023-10-08T06:23:20.673+0000] {logging_mixin.py:151} INFO - jqfmalk
[2023-10-08T06:23:22.161+0000] {logging_mixin.py:151} INFO - jqffia2
[2023-10-08T06:23:23.679+0000] {logging_mixin.py:151} INFO - jqfzte5
[2023-10-08T06:23:24.211+0000] {logging_mixin.py:151} INFO - jqgbugh
[2023-10-08T06:23:25.648+0000] {logging_mixin.py:151} INFO - jqf23za
[2023-10-08T06:23:26.154+0000] {logging_mixin.py:151} INFO - jqf4bfw
[2023-10-08T06:23:27.606+0000] {logging_mixin.py:151} INFO - jqmjp8f
[2023-10-08T06:23:28.005+0000] {logging_mixin.py:151} INFO - jqh24gz
[2023-10-08T06:23:29.535+0000] {logging_mixin.py:151} INFO - jqg2rdw
[2023-10-08T06:23:30.051+0000] {logging_mixin.py:151} INFO - jqerdvq
[2023-10-08T06:23:31.486+0000] {logging_mixin.py:151} INFO - jqes191
[2023-10-08T06:23:32.001+0000] {logging_mixin.py:151} INFO - jqef1tj
[2023-10-08T06:23:33.431+0000] {logging_mixin.py:151} INFO - jqeb4qu
[2023-10-08T06:23:33.943+0000] {logging_mixin.py:151} INFO - jqff5yk
[2023-10-08T06:23:35.479+0000] {logging_mixin.py:151} INFO - jqehv09
[2023-10-08T06:23:35.993+0000] {logging_mixin.py:151} INFO - jqem8vv
[2023-10-08T06:23:37.428+0000] {logging_mixin.py:151} INFO - jqfdwjr
[2023-10-08T06:23:37.941+0000] {logging_mixin.py:151} INFO - jqee9zm
[2023-10-08T06:23:39.351+0000] {logging_mixin.py:151} INFO - jqeu1ct
[2023-10-08T06:23:39.753+0000] {logging_mixin.py:151} INFO - jqgh6bh
[2023-10-08T06:23:41.166+0000] {logging_mixin.py:151} INFO - jqehdac
[2023-10-08T06:23:42.568+0000] {logging_mixin.py:151} INFO - jr3v03h
[2023-10-08T06:23:42.974+0000] {logging_mixin.py:151} INFO - jqflu9n
[2023-10-08T06:23:44.402+0000] {logging_mixin.py:151} INFO - jqf2uu2
[2023-10-08T06:23:44.886+0000] {logging_mixin.py:151} INFO - jqhytce
[2023-10-08T06:23:46.525+0000] {logging_mixin.py:151} INFO - jqh7xe1
[2023-10-08T06:23:46.938+0000] {logging_mixin.py:151} INFO - jqh36lq
[2023-10-08T06:23:48.686+0000] {logging_mixin.py:151} INFO - jqg308x
[2023-10-08T06:23:49.236+0000] {logging_mixin.py:151} INFO - jqfefsf
[2023-10-08T06:23:50.636+0000] {logging_mixin.py:151} INFO - jqfzqey
[2023-10-08T06:23:51.163+0000] {logging_mixin.py:151} INFO - jr3gyol
[2023-10-08T06:23:52.677+0000] {logging_mixin.py:151} INFO - jqhkv3x
[2023-10-08T06:23:53.065+0000] {logging_mixin.py:151} INFO - jqefy3s
[2023-10-08T06:23:54.772+0000] {logging_mixin.py:151} INFO - jqghuvr
[2023-10-08T06:23:55.170+0000] {logging_mixin.py:151} INFO - jqgrd97
[2023-10-08T06:23:56.561+0000] {logging_mixin.py:151} INFO - jqfh0n2
[2023-10-08T06:23:56.962+0000] {logging_mixin.py:151} INFO - jqfkgzu
[2023-10-08T06:23:58.353+0000] {logging_mixin.py:151} INFO - jqfolri
[2023-10-08T06:23:58.740+0000] {logging_mixin.py:151} INFO - jqev97j
[2023-10-08T06:24:00.129+0000] {logging_mixin.py:151} INFO - jqfewg0
[2023-10-08T06:24:01.548+0000] {logging_mixin.py:151} INFO - jqh2gut
[2023-10-08T06:24:02.002+0000] {logging_mixin.py:151} INFO - jqeii6x
[2023-10-08T06:24:03.431+0000] {logging_mixin.py:151} INFO - jqeo62n
[2023-10-08T06:24:03.836+0000] {logging_mixin.py:151} INFO - jqes49u
[2023-10-08T06:24:05.365+0000] {logging_mixin.py:151} INFO - jr3k4hk
[2023-10-08T06:24:05.890+0000] {logging_mixin.py:151} INFO - jr3l21j
[2023-10-08T06:24:07.287+0000] {logging_mixin.py:151} INFO - jqss1ow
[2023-10-08T06:24:07.844+0000] {logging_mixin.py:151} INFO - jufl5xf
[2023-10-08T06:24:09.274+0000] {logging_mixin.py:151} INFO - jqfr03u
[2023-10-08T06:24:10.690+0000] {logging_mixin.py:151} INFO - jqfywuh
[2023-10-08T06:24:11.090+0000] {logging_mixin.py:151} INFO - jqeayhl
[2023-10-08T06:24:12.489+0000] {logging_mixin.py:151} INFO - jqg9i63
[2023-10-08T06:24:12.889+0000] {logging_mixin.py:151} INFO - jqg984h
[2023-10-08T06:24:14.285+0000] {logging_mixin.py:151} INFO - jqg64ws
[2023-10-08T06:24:14.682+0000] {logging_mixin.py:151} INFO - jqha717
[2023-10-08T06:24:16.226+0000] {logging_mixin.py:151} INFO - jr3vk8x
[2023-10-08T06:24:17.804+0000] {logging_mixin.py:151} INFO - jqfjqca
[2023-10-08T06:24:18.271+0000] {logging_mixin.py:151} INFO - jqfqd3d
[2023-10-08T06:24:19.827+0000] {logging_mixin.py:151} INFO - jsschy2
[2023-10-08T06:24:20.219+0000] {logging_mixin.py:151} INFO - jqfr8nq
[2023-10-08T06:24:21.613+0000] {logging_mixin.py:151} INFO - jqhyggu
[2023-10-08T06:24:22.011+0000] {logging_mixin.py:151} INFO - jqfxc2h
[2023-10-08T06:24:23.501+0000] {logging_mixin.py:151} INFO - jqfq6mw
[2023-10-08T06:24:23.916+0000] {logging_mixin.py:151} INFO - jqkhvgp
[2023-10-08T06:24:25.301+0000] {logging_mixin.py:151} INFO - jqfdhrx
[2023-10-08T06:24:25.806+0000] {logging_mixin.py:151} INFO - jqekq3c
[2023-10-08T06:24:27.208+0000] {logging_mixin.py:151} INFO - jqezmjl
[2023-10-08T06:24:28.590+0000] {logging_mixin.py:151} INFO - jqfaiyr
[2023-10-08T06:24:28.980+0000] {logging_mixin.py:151} INFO - jqjf5h3
[2023-10-08T06:24:30.393+0000] {logging_mixin.py:151} INFO - jqexzsh
[2023-10-08T06:24:30.797+0000] {logging_mixin.py:151} INFO - jqggge4
[2023-10-08T06:24:32.314+0000] {logging_mixin.py:151} INFO - jqgq3gr
[2023-10-08T06:24:33.817+0000] {logging_mixin.py:151} INFO - jqekzg2
[2023-10-08T06:24:34.248+0000] {logging_mixin.py:151} INFO - jqewa59
[2023-10-08T06:24:35.650+0000] {logging_mixin.py:151} INFO - jqf408d
[2023-10-08T06:24:36.060+0000] {logging_mixin.py:151} INFO - jqgf01i
[2023-10-08T06:24:37.539+0000] {logging_mixin.py:151} INFO - jqgdkju
[2023-10-08T06:24:37.934+0000] {logging_mixin.py:151} INFO - jqgi731
[2023-10-08T06:24:39.352+0000] {logging_mixin.py:151} INFO - jqh6bjn
[2023-10-08T06:24:39.754+0000] {logging_mixin.py:151} INFO - jqo9b4r
[2023-10-08T06:24:41.155+0000] {logging_mixin.py:151} INFO - jqpecz2
[2023-10-08T06:24:42.526+0000] {logging_mixin.py:151} INFO - jqesk3y
[2023-10-08T06:24:42.947+0000] {logging_mixin.py:151} INFO - jqesl5o
[2023-10-08T06:24:44.355+0000] {logging_mixin.py:151} INFO - jqe8nx1
[2023-10-08T06:24:45.254+0000] {logging_mixin.py:151} INFO - jqeowux
[2023-10-08T06:24:45.650+0000] {logging_mixin.py:151} INFO - jqe8p1d
[2023-10-08T06:24:47.865+0000] {logging_mixin.py:151} INFO - jqgkcw4
[2023-10-08T06:24:49.325+0000] {logging_mixin.py:151} INFO - jqgj3nr
[2023-10-08T06:24:49.812+0000] {logging_mixin.py:151} INFO - jqfasjn
[2023-10-08T06:24:50.223+0000] {logging_mixin.py:151} INFO - jqfi843
[2023-10-08T06:24:51.658+0000] {logging_mixin.py:151} INFO - jqfiep0
[2023-10-08T06:24:52.068+0000] {logging_mixin.py:151} INFO - jqgko6t
[2023-10-08T06:24:53.607+0000] {logging_mixin.py:151} INFO - jqfimb1
[2023-10-08T06:24:54.004+0000] {logging_mixin.py:151} INFO - jqfnxjr
[2023-10-08T06:24:55.481+0000] {logging_mixin.py:151} INFO - jqgjeps
[2023-10-08T06:24:55.886+0000] {logging_mixin.py:151} INFO - jqiisin
[2023-10-08T06:24:57.811+0000] {logging_mixin.py:151} INFO - jqh0cuh
[2023-10-08T06:24:58.412+0000] {logging_mixin.py:151} INFO - jqfdsdk
[2023-10-08T06:25:00.263+0000] {logging_mixin.py:151} INFO - jqfhzpv
[2023-10-08T06:25:01.084+0000] {logging_mixin.py:151} INFO - jqfhinx
[2023-10-08T06:25:01.967+0000] {logging_mixin.py:151} INFO - jqhpiig
[2023-10-08T06:25:02.951+0000] {logging_mixin.py:151} INFO - jqgt0si
[2023-10-08T06:25:03.638+0000] {logging_mixin.py:151} INFO - jqelhzy
[2023-10-08T06:25:04.571+0000] {logging_mixin.py:151} INFO - jqj5faf
[2023-10-08T06:25:06.345+0000] {logging_mixin.py:151} INFO - jqg4ir1
[2023-10-08T06:25:07.134+0000] {logging_mixin.py:151} INFO - jqhih1b
[2023-10-08T06:25:07.751+0000] {logging_mixin.py:151} INFO - jqfajij
[2023-10-08T06:25:08.259+0000] {logging_mixin.py:151} INFO - jqu2jhx
[2023-10-08T06:25:09.835+0000] {logging_mixin.py:151} INFO - jqejivo
[2023-10-08T06:25:10.370+0000] {logging_mixin.py:151} INFO - jqfyud1
[2023-10-08T06:25:11.970+0000] {logging_mixin.py:151} INFO - jqf6coa
[2023-10-08T06:25:12.449+0000] {logging_mixin.py:151} INFO - jqev7dr
[2023-10-08T06:25:12.964+0000] {logging_mixin.py:151} INFO - jqfz42z
[2023-10-08T06:25:14.594+0000] {logging_mixin.py:151} INFO - jqfcu61
[2023-10-08T06:25:15.211+0000] {logging_mixin.py:151} INFO - jqflimp
[2023-10-08T06:25:16.797+0000] {logging_mixin.py:151} INFO - jqhf1bp
[2023-10-08T06:25:17.466+0000] {logging_mixin.py:151} INFO - jqferaa
[2023-10-08T06:25:19.109+0000] {logging_mixin.py:151} INFO - jqey4en
[2023-10-08T06:25:19.618+0000] {logging_mixin.py:151} INFO - jqfipve
[2023-10-08T06:25:20.034+0000] {logging_mixin.py:151} INFO - jqfyojt
[2023-10-08T06:25:21.425+0000] {logging_mixin.py:151} INFO - jqf66w5
[2023-10-08T06:25:21.820+0000] {logging_mixin.py:151} INFO - jqfbje4
[2023-10-08T06:25:23.298+0000] {logging_mixin.py:151} INFO - jqfdqpb
[2023-10-08T06:25:24.707+0000] {logging_mixin.py:151} INFO - jqgj9aq
[2023-10-08T06:25:25.088+0000] {logging_mixin.py:151} INFO - jqemj1c
[2023-10-08T06:25:26.626+0000] {logging_mixin.py:151} INFO - jqdsfcq
[2023-10-08T06:25:27.043+0000] {logging_mixin.py:151} INFO - jqdxjkd
[2023-10-08T06:25:28.479+0000] {logging_mixin.py:151} INFO - jqedwzy
[2023-10-08T06:25:28.862+0000] {logging_mixin.py:151} INFO - jqu6esv
[2023-10-08T06:25:30.374+0000] {logging_mixin.py:151} INFO - jqehki9
[2023-10-08T06:25:31.764+0000] {logging_mixin.py:151} INFO - jqf85fp
[2023-10-08T06:25:32.219+0000] {logging_mixin.py:151} INFO - jqu831r
[2023-10-08T06:25:33.653+0000] {logging_mixin.py:151} INFO - jqewjo0
[2023-10-08T06:25:34.183+0000] {logging_mixin.py:151} INFO - jrzyps3
[2023-10-08T06:25:35.712+0000] {logging_mixin.py:151} INFO - jqe73nw
[2023-10-08T06:25:36.218+0000] {logging_mixin.py:151} INFO - jqf2ghn
[2023-10-08T06:25:37.751+0000] {logging_mixin.py:151} INFO - jqeqclw
[2023-10-08T06:25:38.266+0000] {logging_mixin.py:151} INFO - jqep98v
[2023-10-08T06:25:39.693+0000] {logging_mixin.py:151} INFO - jqhw2rp
[2023-10-08T06:25:40.074+0000] {logging_mixin.py:151} INFO - jqfcajs
[2023-10-08T06:25:41.469+0000] {logging_mixin.py:151} INFO - jqez7od
[2023-10-08T06:25:42.265+0000] {logging_mixin.py:151} INFO - jqfnvji
[2023-10-08T06:25:43.777+0000] {logging_mixin.py:151} INFO - jqf46uk
[2023-10-08T06:25:44.687+0000] {logging_mixin.py:151} INFO - jqh49zq
[2023-10-08T06:25:45.108+0000] {logging_mixin.py:151} INFO - jqgxzfi
[2023-10-08T06:25:46.646+0000] {logging_mixin.py:151} INFO - jqhphot
[2023-10-08T06:25:47.156+0000] {logging_mixin.py:151} INFO - jqeporb
[2023-10-08T06:25:48.563+0000] {logging_mixin.py:151} INFO - jqgf4lj
[2023-10-08T06:25:48.963+0000] {logging_mixin.py:151} INFO - jqidaig
[2023-10-08T06:25:50.439+0000] {logging_mixin.py:151} INFO - jqec0vf
[2023-10-08T06:25:50.951+0000] {logging_mixin.py:151} INFO - jqei8oz
[2023-10-08T06:25:52.385+0000] {logging_mixin.py:151} INFO - jqgygib
[2023-10-08T06:25:52.808+0000] {logging_mixin.py:151} INFO - jqerric
[2023-10-08T06:25:54.223+0000] {logging_mixin.py:151} INFO - jqfen1m
[2023-10-08T06:25:55.662+0000] {logging_mixin.py:151} INFO - jqgh1e8
[2023-10-08T06:25:56.175+0000] {logging_mixin.py:151} INFO - jqehfp3
[2023-10-08T06:25:57.574+0000] {logging_mixin.py:151} INFO - jqhppoq
[2023-10-08T06:25:58.022+0000] {logging_mixin.py:151} INFO - jqehlyp
[2023-10-08T06:25:59.557+0000] {logging_mixin.py:151} INFO - jqgpdbq
[2023-10-08T06:25:59.971+0000] {logging_mixin.py:151} INFO - jql3ppf
[2023-10-08T06:26:01.363+0000] {logging_mixin.py:151} INFO - jqer72l
[2023-10-08T06:26:01.769+0000] {logging_mixin.py:151} INFO - jqfhtde
[2023-10-08T06:26:03.164+0000] {logging_mixin.py:151} INFO - jqeqnu2
[2023-10-08T06:26:04.676+0000] {logging_mixin.py:151} INFO - jqesmvs
[2023-10-08T06:26:05.193+0000] {logging_mixin.py:151} INFO - jqen8m0
[2023-10-08T06:26:06.730+0000] {logging_mixin.py:151} INFO - jqh7n9k
[2023-10-08T06:26:07.250+0000] {logging_mixin.py:151} INFO - jqg4p7b
[2023-10-08T06:26:09.397+0000] {logging_mixin.py:151} INFO - jqg0f39
[2023-10-08T06:26:09.888+0000] {logging_mixin.py:151} INFO - jqfvnbd
[2023-10-08T06:26:10.441+0000] {logging_mixin.py:151} INFO - jqkju06
[2023-10-08T06:26:11.260+0000] {logging_mixin.py:151} INFO - jqf5bpb
[2023-10-08T06:26:12.857+0000] {logging_mixin.py:151} INFO - jqepvdr
[2023-10-08T06:26:13.233+0000] {logging_mixin.py:151} INFO - jqf54fy
[2023-10-08T06:26:15.147+0000] {logging_mixin.py:151} INFO - jqfk0w8
[2023-10-08T06:26:15.596+0000] {logging_mixin.py:151} INFO - jqhfbzh
[2023-10-08T06:26:16.137+0000] {logging_mixin.py:151} INFO - jqgpim1
[2023-10-08T06:26:17.676+0000] {logging_mixin.py:151} INFO - jt4a7j6
[2023-10-08T06:26:18.189+0000] {logging_mixin.py:151} INFO - jqgs10g
[2023-10-08T06:26:19.861+0000] {logging_mixin.py:151} INFO - jqfiuy5
[2023-10-08T06:26:20.429+0000] {logging_mixin.py:151} INFO - jqgit4d
[2023-10-08T06:26:21.832+0000] {logging_mixin.py:151} INFO - jqh1u10
[2023-10-08T06:26:22.221+0000] {logging_mixin.py:151} INFO - jqpeq35
[2023-10-08T06:26:23.614+0000] {logging_mixin.py:151} INFO - jqpev10
[2023-10-08T06:26:24.133+0000] {logging_mixin.py:151} INFO - jqf5hbn
[2023-10-08T06:26:25.568+0000] {logging_mixin.py:151} INFO - jqgfd6e
[2023-10-08T06:26:25.973+0000] {logging_mixin.py:151} INFO - jqh8rae
[2023-10-08T06:26:27.406+0000] {logging_mixin.py:151} INFO - jqf3njd
[2023-10-08T06:26:27.777+0000] {logging_mixin.py:151} INFO - jqeal73
[2023-10-08T06:26:29.458+0000] {logging_mixin.py:151} INFO - jqg7z2u
[2023-10-08T06:26:31.198+0000] {logging_mixin.py:151} INFO - jqh4s8d
[2023-10-08T06:26:31.714+0000] {logging_mixin.py:151} INFO - jqep71d
[2023-10-08T06:26:32.232+0000] {logging_mixin.py:151} INFO - jqenldn
[2023-10-08T06:26:33.768+0000] {logging_mixin.py:151} INFO - jqh3dwx
[2023-10-08T06:26:34.238+0000] {logging_mixin.py:151} INFO - jqglhjv
[2023-10-08T06:26:36.022+0000] {logging_mixin.py:151} INFO - jqfkh7x
[2023-10-08T06:26:36.635+0000] {logging_mixin.py:151} INFO - jqfnx0v
[2023-10-08T06:26:37.864+0000] {logging_mixin.py:151} INFO - jqgn158
[2023-10-08T06:26:39.265+0000] {logging_mixin.py:151} INFO - jqjql5s
[2023-10-08T06:26:39.661+0000] {logging_mixin.py:151} INFO - jqfj2i5
[2023-10-08T06:26:40.048+0000] {logging_mixin.py:151} INFO - jqfesku
[2023-10-08T06:26:41.570+0000] {logging_mixin.py:151} INFO - jqgxmds
[2023-10-08T06:26:42.046+0000] {logging_mixin.py:151} INFO - jqg5m7d
[2023-10-08T06:26:43.578+0000] {logging_mixin.py:151} INFO - jqgksum
[2023-10-08T06:26:44.034+0000] {logging_mixin.py:151} INFO - jqg5nop
[2023-10-08T06:26:45.525+0000] {logging_mixin.py:151} INFO - jqhf21n
[2023-10-08T06:26:46.043+0000] {logging_mixin.py:151} INFO - jqgvx7l
[2023-10-08T06:26:47.578+0000] {logging_mixin.py:151} INFO - jqf6n7x
[2023-10-08T06:26:48.006+0000] {logging_mixin.py:151} INFO - jqfl0ko
[2023-10-08T06:26:49.422+0000] {logging_mixin.py:151} INFO - jqg2g84
[2023-10-08T06:26:49.934+0000] {logging_mixin.py:151} INFO - jqfha0m
[2023-10-08T06:26:51.576+0000] {logging_mixin.py:151} INFO - jqexoap
[2023-10-08T06:27:01.188+0000] {logging_mixin.py:151} INFO - jqewxsx
[2023-10-08T06:27:02.655+0000] {logging_mixin.py:151} INFO - js0l8zu
[2023-10-08T06:27:03.054+0000] {logging_mixin.py:151} INFO - jqf57wi
[2023-10-08T06:27:03.561+0000] {logging_mixin.py:151} INFO - jqgwaht
[2023-10-08T06:27:03.957+0000] {logging_mixin.py:151} INFO - jqfkz8j
[2023-10-08T06:27:04.392+0000] {logging_mixin.py:151} INFO - jqh0yax
[2023-10-08T06:27:04.822+0000] {logging_mixin.py:151} INFO - jqfc579
[2023-10-08T06:27:05.269+0000] {logging_mixin.py:151} INFO - jqfukx7
[2023-10-08T06:27:05.793+0000] {logging_mixin.py:151} INFO - jqks34y
[2023-10-08T06:27:06.262+0000] {logging_mixin.py:151} INFO - jqfbulu
[2023-10-08T06:27:06.842+0000] {logging_mixin.py:151} INFO - jqghy9o
[2023-10-08T06:27:07.249+0000] {logging_mixin.py:151} INFO - jqh27kj
[2023-10-08T06:27:07.813+0000] {logging_mixin.py:151} INFO - jqet5fd
[2023-10-08T06:27:08.277+0000] {logging_mixin.py:151} INFO - jqgl3pz
[2023-10-08T06:27:08.792+0000] {logging_mixin.py:151} INFO - jqg1fh0
[2023-10-08T06:27:10.111+0000] {logging_mixin.py:151} INFO - jqf772o
[2023-10-08T06:27:10.840+0000] {logging_mixin.py:151} INFO - jqeq054
[2023-10-08T06:27:11.456+0000] {logging_mixin.py:151} INFO - jqge7kp
[2023-10-08T06:27:12.132+0000] {logging_mixin.py:151} INFO - jqgt8fw
[2023-10-08T06:27:12.666+0000] {logging_mixin.py:151} INFO - jqgprj1
[2023-10-08T06:27:13.791+0000] {logging_mixin.py:151} INFO - jqgjqgp
[2023-10-08T06:27:14.508+0000] {logging_mixin.py:151} INFO - jqh7392
[2023-10-08T06:27:15.023+0000] {logging_mixin.py:151} INFO - jqpfp4m
[2023-10-08T06:27:15.529+0000] {logging_mixin.py:151} INFO - jqgfe0f
[2023-10-08T06:27:16.152+0000] {logging_mixin.py:151} INFO - jqepysj
[2023-10-08T06:27:17.808+0000] {logging_mixin.py:151} INFO - jqipkjt
[2023-10-08T06:27:18.400+0000] {logging_mixin.py:151} INFO - jqk3x0e
[2023-10-08T06:27:19.833+0000] {logging_mixin.py:151} INFO - jqgpbb3
[2023-10-08T06:27:20.241+0000] {logging_mixin.py:151} INFO - jqg3a04
[2023-10-08T06:27:21.780+0000] {logging_mixin.py:151} INFO - jqgi79u
[2023-10-08T06:27:22.215+0000] {logging_mixin.py:151} INFO - jqgslho
[2023-10-08T06:27:23.606+0000] {logging_mixin.py:151} INFO - jqhf7po
[2023-10-08T06:27:23.984+0000] {logging_mixin.py:151} INFO - jqlshln
[2023-10-08T06:27:25.471+0000] {logging_mixin.py:151} INFO - jqgh4bt
[2023-10-08T06:27:25.874+0000] {logging_mixin.py:151} INFO - jqh0sw1
[2023-10-08T06:27:27.420+0000] {logging_mixin.py:151} INFO - jqgqm63
[2023-10-08T06:27:27.961+0000] {logging_mixin.py:151} INFO - jqf7wha
[2023-10-08T06:27:29.472+0000] {logging_mixin.py:151} INFO - jqgpw4g
[2023-10-08T06:27:29.876+0000] {logging_mixin.py:151} INFO - jqeyu1o
[2023-10-08T06:27:31.426+0000] {logging_mixin.py:151} INFO - jqfsk45
[2023-10-08T06:27:31.825+0000] {logging_mixin.py:151} INFO - jqhg9hq
[2023-10-08T06:27:33.259+0000] {logging_mixin.py:151} INFO - jqfdp72
[2023-10-08T06:27:34.701+0000] {logging_mixin.py:151} INFO - jqht69t
[2023-10-08T06:27:35.202+0000] {logging_mixin.py:151} INFO - jqgtt1r
[2023-10-08T06:27:36.643+0000] {logging_mixin.py:151} INFO - jqf9652
[2023-10-08T06:27:37.257+0000] {logging_mixin.py:151} INFO - jrva3a4
[2023-10-08T06:27:38.996+0000] {logging_mixin.py:151} INFO - jqgh5fy
[2023-10-08T06:27:39.491+0000] {logging_mixin.py:151} INFO - jqgr79k
[2023-10-08T06:27:39.895+0000] {logging_mixin.py:151} INFO - jqfbgxc
[2023-10-08T06:27:41.355+0000] {logging_mixin.py:151} INFO - jqfh4i5
[2023-10-08T06:27:41.866+0000] {logging_mixin.py:151} INFO - jqhahoa
[2023-10-08T06:27:43.435+0000] {logging_mixin.py:151} INFO - jqf9fg7
[2023-10-08T06:27:43.834+0000] {logging_mixin.py:151} INFO - jqgi00k
[2023-10-08T06:27:45.316+0000] {logging_mixin.py:151} INFO - jqgsouh
[2023-10-08T06:27:46.868+0000] {logging_mixin.py:151} INFO - jqgm5el
[2023-10-08T06:27:47.484+0000] {logging_mixin.py:151} INFO - jqgo5gu
[2023-10-08T06:27:53.185+0000] {logging_mixin.py:151} INFO - gy8hnx5
[2023-10-08T06:27:53.881+0000] {logging_mixin.py:151} INFO - gy8ursl
[2023-10-08T06:27:54.658+0000] {logging_mixin.py:151} INFO - gy7rmwm
[2023-10-08T06:27:55.169+0000] {logging_mixin.py:151} INFO - gy7lnyo
[2023-10-08T06:27:55.681+0000] {logging_mixin.py:151} INFO - gy7y960
[2023-10-08T06:27:56.706+0000] {logging_mixin.py:151} INFO - gy83qky
[2023-10-08T06:27:57.425+0000] {logging_mixin.py:151} INFO - gy7n5ae
[2023-10-08T06:27:58.103+0000] {logging_mixin.py:151} INFO - gy7r68m
[2023-10-08T06:27:58.858+0000] {logging_mixin.py:151} INFO - gy85xjg
[2023-10-08T06:27:59.575+0000] {logging_mixin.py:151} INFO - gy7lwah
[2023-10-08T06:27:59.957+0000] {logging_mixin.py:151} INFO - gy7xkoa
[2023-10-08T06:28:00.392+0000] {logging_mixin.py:151} INFO - gy7o07q
[2023-10-08T06:28:00.907+0000] {logging_mixin.py:151} INFO - gy98cf4
[2023-10-08T06:28:02.649+0000] {logging_mixin.py:151} INFO - gya523h
[2023-10-08T06:28:03.363+0000] {logging_mixin.py:151} INFO - gy7lg2f
[2023-10-08T06:28:04.761+0000] {logging_mixin.py:151} INFO - gy9h02p
[2023-10-08T06:28:05.312+0000] {logging_mixin.py:151} INFO - gy7hi1a
[2023-10-08T06:28:06.747+0000] {logging_mixin.py:151} INFO - gy7hhox
[2023-10-08T06:28:07.155+0000] {logging_mixin.py:151} INFO - gy8kmih
[2023-10-08T06:28:08.806+0000] {logging_mixin.py:151} INFO - gyd207t
[2023-10-08T06:28:09.386+0000] {logging_mixin.py:151} INFO - gy7u47g
[2023-10-08T06:28:10.781+0000] {logging_mixin.py:151} INFO - gy87f28
[2023-10-08T06:28:11.204+0000] {logging_mixin.py:151} INFO - gy8pb10
[2023-10-08T06:28:12.820+0000] {logging_mixin.py:151} INFO - gya5f1d
[2023-10-08T06:28:13.775+0000] {logging_mixin.py:151} INFO - gy7h7wd
[2023-10-08T06:28:15.335+0000] {logging_mixin.py:151} INFO - gy7mn56
[2023-10-08T06:28:15.865+0000] {logging_mixin.py:151} INFO - gy8o9n9
[2023-10-08T06:28:16.265+0000] {logging_mixin.py:151} INFO - gy7o5qj
[2023-10-08T06:28:16.645+0000] {logging_mixin.py:151} INFO - gy923rc
[2023-10-08T06:28:18.285+0000] {logging_mixin.py:151} INFO - gy9btt1
[2023-10-08T06:28:19.740+0000] {logging_mixin.py:151} INFO - gy8h73l
[2023-10-08T06:28:20.255+0000] {logging_mixin.py:151} INFO - gy8y0g9
[2023-10-08T06:28:21.791+0000] {logging_mixin.py:151} INFO - gy97n70
[2023-10-08T06:28:23.214+0000] {logging_mixin.py:151} INFO - gy7o6y1
[2023-10-08T06:28:24.928+0000] {logging_mixin.py:151} INFO - gy8je1f
[2023-10-08T06:28:25.639+0000] {logging_mixin.py:151} INFO - gy8zv60
[2023-10-08T06:28:26.033+0000] {logging_mixin.py:151} INFO - gy8hw5u
[2023-10-08T06:28:26.502+0000] {logging_mixin.py:151} INFO - gy7n11v
[2023-10-08T06:28:27.017+0000] {logging_mixin.py:151} INFO - gy9vxxr
[2023-10-08T06:28:33.264+0000] {logging_mixin.py:151} INFO - gy88sbu
[2023-10-08T06:28:33.657+0000] {logging_mixin.py:151} INFO - gy8p102
[2023-10-08T06:28:34.052+0000] {logging_mixin.py:151} INFO - gya191p
[2023-10-08T06:28:34.464+0000] {logging_mixin.py:151} INFO - gya6bad
[2023-10-08T06:28:35.027+0000] {logging_mixin.py:151} INFO - gy7r2o9
[2023-10-08T06:28:35.725+0000] {logging_mixin.py:151} INFO - gyahnv9
[2023-10-08T06:28:36.144+0000] {logging_mixin.py:151} INFO - gy8o3m6
[2023-10-08T06:28:36.647+0000] {logging_mixin.py:151} INFO - gy8tsh8
[2023-10-08T06:28:37.168+0000] {logging_mixin.py:151} INFO - gy8hzan
[2023-10-08T06:28:37.910+0000] {logging_mixin.py:151} INFO - gy9ydcw
[2023-10-08T06:28:38.311+0000] {logging_mixin.py:151} INFO - gya2azs
[2023-10-08T06:28:38.799+0000] {logging_mixin.py:151} INFO - gy7p0bw
[2023-10-08T06:28:40.183+0000] {logging_mixin.py:151} INFO - gy7v02l
[2023-10-08T06:28:41.672+0000] {logging_mixin.py:151} INFO - gy80bb2
[2023-10-08T06:28:42.164+0000] {logging_mixin.py:151} INFO - gy80zfy
[2023-10-08T06:28:43.906+0000] {logging_mixin.py:151} INFO - gy8a7cr
[2023-10-08T06:28:44.417+0000] {logging_mixin.py:151} INFO - gy8t386
[2023-10-08T06:28:44.928+0000] {logging_mixin.py:151} INFO - gya2ixw
[2023-10-08T06:28:46.363+0000] {logging_mixin.py:151} INFO - gy7x9um
[2023-10-08T06:28:46.778+0000] {logging_mixin.py:151} INFO - gyafg25
[2023-10-08T06:28:48.172+0000] {logging_mixin.py:151} INFO - gy8990a
[2023-10-08T06:28:49.645+0000] {logging_mixin.py:151} INFO - gy8sr4z
[2023-10-08T06:28:50.059+0000] {logging_mixin.py:151} INFO - gy9d2af
[2023-10-08T06:28:51.486+0000] {logging_mixin.py:151} INFO - gy9zdfp
[2023-10-08T06:28:51.899+0000] {logging_mixin.py:151} INFO - gy7rthc
[2023-10-08T06:28:53.293+0000] {logging_mixin.py:151} INFO - gy7tafl
[2023-10-08T06:28:53.677+0000] {logging_mixin.py:151} INFO - gy85b9u
[2023-10-08T06:28:55.051+0000] {logging_mixin.py:151} INFO - gy8jqdi
[2023-10-08T06:28:56.511+0000] {logging_mixin.py:151} INFO - gyadhke
[2023-10-08T06:28:57.021+0000] {logging_mixin.py:151} INFO - gy7sh1k
[2023-10-08T06:28:58.466+0000] {logging_mixin.py:151} INFO - gy86dzj
[2023-10-08T06:28:58.971+0000] {logging_mixin.py:151} INFO - gybefds
[2023-10-08T06:29:00.505+0000] {logging_mixin.py:151} INFO - gyca4i9
[2023-10-08T06:29:00.891+0000] {logging_mixin.py:151} INFO - gy8m3qv
[2023-10-08T06:29:02.564+0000] {logging_mixin.py:151} INFO - gy87pbq
[2023-10-08T06:29:02.949+0000] {logging_mixin.py:151} INFO - gy8fibb
[2023-10-08T06:29:04.401+0000] {logging_mixin.py:151} INFO - gyci9ud
[2023-10-08T06:29:04.913+0000] {logging_mixin.py:151} INFO - gy7vpb1
[2023-10-08T06:29:06.449+0000] {logging_mixin.py:151} INFO - gy7qtfu
[2023-10-08T06:29:06.847+0000] {logging_mixin.py:151} INFO - gy9rm4u
[2023-10-08T06:29:08.279+0000] {logging_mixin.py:151} INFO - gy83ynx
[2023-10-08T06:29:09.835+0000] {logging_mixin.py:151} INFO - gy8n2pq
[2023-10-08T06:29:10.342+0000] {logging_mixin.py:151} INFO - gy8vfou
[2023-10-08T06:29:11.878+0000] {logging_mixin.py:151} INFO - gy7u7ec
[2023-10-08T06:29:12.266+0000] {logging_mixin.py:151} INFO - gy9tgnl
[2023-10-08T06:29:13.648+0000] {logging_mixin.py:151} INFO - gyaixzw
[2023-10-08T06:29:14.832+0000] {logging_mixin.py:151} INFO - gy8ci3p
[2023-10-08T06:29:16.369+0000] {logging_mixin.py:151} INFO - gy7k4lo
[2023-10-08T06:29:16.776+0000] {logging_mixin.py:151} INFO - gy9g9vl
[2023-10-08T06:29:17.190+0000] {logging_mixin.py:151} INFO - gy8jo46
[2023-10-08T06:29:18.623+0000] {logging_mixin.py:151} INFO - gy8by17
[2023-10-08T06:29:19.004+0000] {logging_mixin.py:151} INFO - gyb30nj
[2023-10-08T06:29:20.395+0000] {logging_mixin.py:151} INFO - gyc7x6f
[2023-10-08T06:29:20.878+0000] {logging_mixin.py:151} INFO - gy815dz
[2023-10-08T06:29:22.417+0000] {logging_mixin.py:151} INFO - gy8j9ki
[2023-10-08T06:29:23.038+0000] {logging_mixin.py:151} INFO - gy7uvey
[2023-10-08T06:29:24.574+0000] {logging_mixin.py:151} INFO - gy9s0c0
[2023-10-08T06:29:25.009+0000] {logging_mixin.py:151} INFO - gy95u00
[2023-10-08T06:29:26.512+0000] {logging_mixin.py:151} INFO - gy9ek99
[2023-10-08T06:29:26.902+0000] {logging_mixin.py:151} INFO - gy7jjq7
[2023-10-08T06:29:28.478+0000] {logging_mixin.py:151} INFO - gya0m9c
[2023-10-08T06:29:28.973+0000] {logging_mixin.py:151} INFO - gy896xz
[2023-10-08T06:29:30.509+0000] {logging_mixin.py:151} INFO - gy8c05j
[2023-10-08T06:29:31.023+0000] {logging_mixin.py:151} INFO - gy95nli
[2023-10-08T06:29:32.460+0000] {logging_mixin.py:151} INFO - gy9nixk
[2023-10-08T06:29:32.899+0000] {logging_mixin.py:151} INFO - gy97ouw
[2023-10-08T06:29:34.303+0000] {logging_mixin.py:151} INFO - gy9kghv
[2023-10-08T06:29:34.808+0000] {logging_mixin.py:151} INFO - gy9gxl3
[2023-10-08T06:29:36.277+0000] {logging_mixin.py:151} INFO - gyc4mo2
[2023-10-08T06:29:37.729+0000] {logging_mixin.py:151} INFO - gybt2eq
[2023-10-08T06:29:38.194+0000] {logging_mixin.py:151} INFO - gy8r3bi
[2023-10-08T06:29:39.628+0000] {logging_mixin.py:151} INFO - gy92ve5
[2023-10-08T06:29:40.042+0000] {logging_mixin.py:151} INFO - gy9kqft
[2023-10-08T06:29:41.575+0000] {logging_mixin.py:151} INFO - gyc5n3d
[2023-10-08T06:29:41.958+0000] {logging_mixin.py:151} INFO - gyd493b
[2023-10-08T06:29:43.604+0000] {logging_mixin.py:151} INFO - gy8k0c1
[2023-10-08T06:29:44.116+0000] {logging_mixin.py:151} INFO - gy8e3vd
[2023-10-08T06:29:45.551+0000] {logging_mixin.py:151} INFO - gy941il
[2023-10-08T06:29:46.064+0000] {logging_mixin.py:151} INFO - gy9i80c
[2023-10-08T06:29:47.607+0000] {logging_mixin.py:151} INFO - gy9c5ek
[2023-10-08T06:29:49.547+0000] {logging_mixin.py:151} INFO - gy8o46s
[2023-10-08T06:29:50.981+0000] {logging_mixin.py:151} INFO - gy93oq1
[2023-10-08T06:29:51.497+0000] {logging_mixin.py:151} INFO - gy9gzuc
[2023-10-08T06:29:52.008+0000] {logging_mixin.py:151} INFO - gy7qm26
[2023-10-08T06:29:52.524+0000] {logging_mixin.py:151} INFO - gy8xrjv
[2023-10-08T06:29:53.032+0000] {logging_mixin.py:151} INFO - gy91jap
[2023-10-08T06:29:54.425+0000] {logging_mixin.py:151} INFO - gy9m05s
[2023-10-08T06:29:54.823+0000] {logging_mixin.py:151} INFO - gy9m0g5
[2023-10-08T06:29:56.209+0000] {logging_mixin.py:151} INFO - gya8sjo
[2023-10-08T06:29:57.719+0000] {logging_mixin.py:151} INFO - gy7q7xs
[2023-10-08T06:29:58.364+0000] {logging_mixin.py:151} INFO - gy931jy
[2023-10-08T06:29:59.794+0000] {logging_mixin.py:151} INFO - gy9h1fa
[2023-10-08T06:30:00.205+0000] {taskinstance.py:1943} ERROR - Task failed with exception
Traceback (most recent call last):
  File "/home/airflow/.local/lib/python3.8/site-packages/airflow/operators/python.py", line 192, in execute
    return_value = self.execute_callable()
  File "/home/airflow/.local/lib/python3.8/site-packages/airflow/operators/python.py", line 209, in execute_callable
    return self.python_callable(*self.op_args, **self.op_kwargs)
  File "/opt/airflow/plugins/reddit_data_extractor.py", line 103, in extract_post_comment
    post_comments["comment_auther"].append(comment_data.author if comment_data.author else '')
  File "/home/airflow/.local/lib/python3.8/site-packages/praw/models/reddit/base.py", line 35, in __getattr__
    self._fetch()
  File "/home/airflow/.local/lib/python3.8/site-packages/praw/models/reddit/comment.py", line 188, in _fetch
    data = self._fetch_data()
  File "/home/airflow/.local/lib/python3.8/site-packages/praw/models/reddit/base.py", line 89, in _fetch_data
    return self._reddit.request(method="GET", params=params, path=path)
  File "/home/airflow/.local/lib/python3.8/site-packages/praw/util/deprecate_args.py", line 43, in wrapped
    return func(**dict(zip(_old_args, args)), **kwargs)
  File "/home/airflow/.local/lib/python3.8/site-packages/praw/reddit.py", line 941, in request
    return self._core.request(
  File "/home/airflow/.local/lib/python3.8/site-packages/prawcore/sessions.py", line 328, in request
    return self._request_with_retries(
  File "/home/airflow/.local/lib/python3.8/site-packages/prawcore/sessions.py", line 267, in _request_with_retries
    raise self.STATUS_EXCEPTIONS[response.status_code](response)
prawcore.exceptions.TooManyRequests: received 429 HTTP response
[2023-10-08T06:30:00.231+0000] {taskinstance.py:1400} INFO - Marking task as UP_FOR_RETRY. dag_id=Reddit_Post_Comment_Dag, task_id=extract_post_comment_task, execution_date=20231008T061144, start_date=20231008T061151, end_date=20231008T063000
[2023-10-08T06:30:00.255+0000] {standard_task_runner.py:104} ERROR - Failed to execute job 162 for task extract_post_comment_task (received 429 HTTP response; 1318)
[2023-10-08T06:30:00.280+0000] {local_task_job_runner.py:228} INFO - Task exited with return code 1
[2023-10-08T06:30:00.310+0000] {taskinstance.py:2784} INFO - 0 downstream tasks scheduled from follow-on schedule check
