[2023-10-08T04:49:22.290+0000] {taskinstance.py:1159} INFO - Dependencies all met for dep_context=non-requeueable deps ti=<TaskInstance: Reddit_Post_Dag.data_transformation_task manual__2023-10-08T04:48:46.484038+00:00 [queued]>
[2023-10-08T04:49:22.304+0000] {taskinstance.py:1159} INFO - Dependencies all met for dep_context=requeueable deps ti=<TaskInstance: Reddit_Post_Dag.data_transformation_task manual__2023-10-08T04:48:46.484038+00:00 [queued]>
[2023-10-08T04:49:22.305+0000] {taskinstance.py:1361} INFO - Starting attempt 1 of 2
[2023-10-08T04:49:22.324+0000] {taskinstance.py:1382} INFO - Executing <Task(PythonOperator): data_transformation_task> on 2023-10-08 04:48:46.484038+00:00
[2023-10-08T04:49:22.337+0000] {standard_task_runner.py:57} INFO - Started process 104 to run task
[2023-10-08T04:49:22.344+0000] {standard_task_runner.py:84} INFO - Running: ['***', 'tasks', 'run', 'Reddit_Post_Dag', 'data_transformation_task', 'manual__2023-10-08T04:48:46.484038+00:00', '--job-id', '137', '--raw', '--subdir', 'DAGS_FOLDER/reddit_post_dag.py', '--cfg-path', '/tmp/tmp_2vzgbfb']
[2023-10-08T04:49:22.349+0000] {standard_task_runner.py:85} INFO - Job 137: Subtask data_transformation_task
[2023-10-08T04:49:22.416+0000] {task_command.py:415} INFO - Running <TaskInstance: Reddit_Post_Dag.data_transformation_task manual__2023-10-08T04:48:46.484038+00:00 [running]> on host 8fc8b5f3ebc7
[2023-10-08T04:49:22.524+0000] {taskinstance.py:1660} INFO - Exporting env vars: AIRFLOW_CTX_DAG_OWNER='***' AIRFLOW_CTX_DAG_ID='Reddit_Post_Dag' AIRFLOW_CTX_TASK_ID='data_transformation_task' AIRFLOW_CTX_EXECUTION_DATE='2023-10-08T04:48:46.484038+00:00' AIRFLOW_CTX_TRY_NUMBER='1' AIRFLOW_CTX_DAG_RUN_ID='manual__2023-10-08T04:48:46.484038+00:00'
[2023-10-08T04:49:22.824+0000] {logging_mixin.py:151} INFO -                                                  title  ...  subreddit
0                              THEY WON THE UNION VOTE  ...  starbucks
1                   60 Frappuccino’s with no tip… $279  ...  starbucks
2               I'm not allowed to make signs anymore.  ...  starbucks
3                          What did you get fired for?  ...  starbucks
4                          An inspiration to us all 🙌🏻  ...  starbucks
..                                                 ...  ...        ...
992                                    it be like that  ...  starbucks
993  Not sure which makes me happier, our raises or...  ...  starbucks
994  What's your favorite moment of instant karma w...  ...  starbucks
995        These modifications are getting ridiculous🙄  ...  starbucks
996   My manager made the moment right in the best way  ...  starbucks

[997 rows x 9 columns]
[2023-10-08T04:49:22.842+0000] {logging_mixin.py:151} INFO - title                   object
score                    int64
post_id                 object
url                     object
comms_num                int64
created         datetime64[ns]
body                    object
author                  object
subreddit               object
created_date            object
created_time            object
dtype: object
[2023-10-08T04:49:22.869+0000] {logging_mixin.py:151} INFO -                                                  title  ...  created_time
0                                           Why I quit  ...      12:47:54
1    No one believed me when I said we had a cat in...  ...      18:23:58
2           Malicious compliance for a dumb new policy  ...      05:07:43
3                      I enraged a wild Karen today...  ...      19:15:38
4         I drew an iced americano in coloured pencil:  ...      20:32:09
..                                                 ...  ...           ...
992                                          thoughts?  ...      13:37:23
993     When customers don't want a remake or a refund  ...      11:31:43
994                             Thought this was funny  ...      18:05:43
995   Coworker drew this cute picture of us at work :)  ...      23:55:25
996             I'm not allowed to make signs anymore.  ...      23:54:40

[997 rows x 11 columns]
[2023-10-08T04:49:22.897+0000] {python.py:194} INFO - Done. Returned value was: None
[2023-10-08T04:49:22.912+0000] {taskinstance.py:1400} INFO - Marking task as SUCCESS. dag_id=Reddit_Post_Dag, task_id=data_transformation_task, execution_date=20231008T044846, start_date=20231008T044922, end_date=20231008T044922
[2023-10-08T04:49:22.961+0000] {local_task_job_runner.py:228} INFO - Task exited with return code 0
[2023-10-08T04:49:22.991+0000] {taskinstance.py:2784} INFO - 1 downstream tasks scheduled from follow-on schedule check
