[2023-10-05T06:48:35.206+0000] {taskinstance.py:1159} INFO - Dependencies all met for dep_context=non-requeueable deps ti=<TaskInstance: Reddit_Post_Comment_Dag.sentiment_analysis_task manual__2023-10-05T06:48:08.813832+00:00 [queued]>
[2023-10-05T06:48:35.223+0000] {taskinstance.py:1159} INFO - Dependencies all met for dep_context=requeueable deps ti=<TaskInstance: Reddit_Post_Comment_Dag.sentiment_analysis_task manual__2023-10-05T06:48:08.813832+00:00 [queued]>
[2023-10-05T06:48:35.224+0000] {taskinstance.py:1361} INFO - Starting attempt 1 of 2
[2023-10-05T06:48:35.244+0000] {taskinstance.py:1382} INFO - Executing <Task(PythonOperator): sentiment_analysis_task> on 2023-10-05 06:48:08.813832+00:00
[2023-10-05T06:48:35.254+0000] {standard_task_runner.py:57} INFO - Started process 197 to run task
[2023-10-05T06:48:35.260+0000] {standard_task_runner.py:84} INFO - Running: ['***', 'tasks', 'run', 'Reddit_Post_Comment_Dag', 'sentiment_analysis_task', 'manual__2023-10-05T06:48:08.813832+00:00', '--job-id', '72', '--raw', '--subdir', 'DAGS_FOLDER/reddit_post_comment_dag.py', '--cfg-path', '/tmp/tmph4qlzu82']
[2023-10-05T06:48:35.266+0000] {standard_task_runner.py:85} INFO - Job 72: Subtask sentiment_analysis_task
[2023-10-05T06:48:35.342+0000] {task_command.py:415} INFO - Running <TaskInstance: Reddit_Post_Comment_Dag.sentiment_analysis_task manual__2023-10-05T06:48:08.813832+00:00 [running]> on host 44d08be4c1e6
[2023-10-05T06:48:35.451+0000] {taskinstance.py:1660} INFO - Exporting env vars: AIRFLOW_CTX_DAG_OWNER='***' AIRFLOW_CTX_DAG_ID='Reddit_Post_Comment_Dag' AIRFLOW_CTX_TASK_ID='sentiment_analysis_task' AIRFLOW_CTX_EXECUTION_DATE='2023-10-05T06:48:08.813832+00:00' AIRFLOW_CTX_TRY_NUMBER='1' AIRFLOW_CTX_DAG_RUN_ID='manual__2023-10-05T06:48:08.813832+00:00'
[2023-10-05T06:48:35.875+0000] {log.py:232} WARNING - [nltk_data] Downloading package vader_lexicon to
[nltk_data]     /home/***/nltk_data...
[2023-10-05T06:48:35.880+0000] {log.py:232} WARNING - [nltk_data]   Package vader_lexicon is already up-to-date!
[2023-10-05T06:48:36.184+0000] {logging_mixin.py:151} INFO -    comment_id  ... sentiment
0     e394x3f  ...  positive
1     e39bjg1  ...  positive
2     e39djei  ...  positive
3     e397yak  ...  positive
4     e396cxa  ...  negative
5     e39kgo8  ...  negative
6     e39i2g6  ...  positive
7     e3989ym  ...  positive
8     e39e2rk  ...   neutral
9     e39rptt  ...  positive
10    e3ajiqw  ...  negative
11    e39k6pu  ...  negative
12    e39j1vl  ...   neutral
13    e3b6kl7  ...   neutral
14    e39ki1k  ...  negative
15    e39jpby  ...  negative
16    e3b6u2p  ...  positive
17    e39kl1g  ...  negative
18    e39jr0y  ...   neutral
19    e39kuw2  ...  positive
20    e39jtj9  ...  negative
21    e39jutt  ...   neutral
22    e39jz0s  ...  negative
23    e39k022  ...  negative

[24 rows x 5 columns]
[2023-10-05T06:48:36.186+0000] {python.py:194} INFO - Done. Returned value was: None
[2023-10-05T06:48:36.201+0000] {taskinstance.py:1400} INFO - Marking task as SUCCESS. dag_id=Reddit_Post_Comment_Dag, task_id=sentiment_analysis_task, execution_date=20231005T064808, start_date=20231005T064835, end_date=20231005T064836
[2023-10-05T06:48:36.243+0000] {local_task_job_runner.py:228} INFO - Task exited with return code 0
[2023-10-05T06:48:36.269+0000] {taskinstance.py:2784} INFO - 0 downstream tasks scheduled from follow-on schedule check
