[2023-10-04T02:18:35.991+0000] {taskinstance.py:1159} INFO - Dependencies all met for dep_context=non-requeueable deps ti=<TaskInstance: Reddit_Post_Dag.raw_data_insert_task manual__2023-10-04T02:18:30.556928+00:00 [queued]>
[2023-10-04T02:18:36.007+0000] {taskinstance.py:1159} INFO - Dependencies all met for dep_context=requeueable deps ti=<TaskInstance: Reddit_Post_Dag.raw_data_insert_task manual__2023-10-04T02:18:30.556928+00:00 [queued]>
[2023-10-04T02:18:36.009+0000] {taskinstance.py:1361} INFO - Starting attempt 1 of 2
[2023-10-04T02:18:36.026+0000] {taskinstance.py:1382} INFO - Executing <Task(RawDataTableOperator): raw_data_insert_task> on 2023-10-04 02:18:30.556928+00:00
[2023-10-04T02:18:36.034+0000] {standard_task_runner.py:57} INFO - Started process 82 to run task
[2023-10-04T02:18:36.039+0000] {standard_task_runner.py:84} INFO - Running: ['***', 'tasks', 'run', 'Reddit_Post_Dag', 'raw_data_insert_task', 'manual__2023-10-04T02:18:30.556928+00:00', '--job-id', '24', '--raw', '--subdir', 'DAGS_FOLDER/reddit_post_dag.py', '--cfg-path', '/tmp/tmplttpnh4y']
[2023-10-04T02:18:36.045+0000] {standard_task_runner.py:85} INFO - Job 24: Subtask raw_data_insert_task
[2023-10-04T02:18:36.115+0000] {task_command.py:415} INFO - Running <TaskInstance: Reddit_Post_Dag.raw_data_insert_task manual__2023-10-04T02:18:30.556928+00:00 [running]> on host 119fbdffdc04
[2023-10-04T02:18:36.441+0000] {taskinstance.py:1660} INFO - Exporting env vars: AIRFLOW_CTX_DAG_OWNER='***' AIRFLOW_CTX_DAG_ID='Reddit_Post_Dag' AIRFLOW_CTX_TASK_ID='raw_data_insert_task' AIRFLOW_CTX_EXECUTION_DATE='2023-10-04T02:18:30.556928+00:00' AIRFLOW_CTX_TRY_NUMBER='1' AIRFLOW_CTX_DAG_RUN_ID='manual__2023-10-04T02:18:30.556928+00:00'
[2023-10-04T02:18:36.443+0000] {raw_data_table_operator.py:27} INFO - Executing CustomMySqlOperator with data from task: extract_post_task
[2023-10-04T02:18:36.462+0000] {sql.py:274} INFO - Executing: CREATE TABLE IF NOT EXISTS test(id INT AUTO_INCREMENT PRIMARY KEY,title VARCHAR(255) DEFAULT NULL,score INT DEFAULT NULL,post_id INT DEFAULT NULL,url VARCHAR(255) DEFAULT NULL,comms_num INT DEFAULT NULL,created DATETIME DEFAULT NULL, body TEXT DEFAULT NULL,author VARCHAR(255) DEFAULT NULL,subreddit VARCHAR(255) DEFAULT NULL)
[2023-10-04T02:18:36.469+0000] {base.py:73} INFO - Using connection ID 'mysql_connection' for task execution.
[2023-10-04T02:18:36.480+0000] {base.py:73} INFO - Using connection ID 'mysql_connection' for task execution.
[2023-10-04T02:18:36.497+0000] {sql.py:418} INFO - Running statement: CREATE TABLE IF NOT EXISTS test(id INT AUTO_INCREMENT PRIMARY KEY,title VARCHAR(255) DEFAULT NULL,score INT DEFAULT NULL,post_id INT DEFAULT NULL,url VARCHAR(255) DEFAULT NULL,comms_num INT DEFAULT NULL,created DATETIME DEFAULT NULL, body TEXT DEFAULT NULL,author VARCHAR(255) DEFAULT NULL,subreddit VARCHAR(255) DEFAULT NULL), parameters: None
[2023-10-04T02:18:36.531+0000] {sql.py:427} INFO - Rows affected: 0
[2023-10-04T02:18:36.543+0000] {logging_mixin.py:151} INFO - mysql_connection
[2023-10-04T02:18:36.813+0000] {logging_mixin.py:151} INFO -                                                title  ...  subreddit
0                            THEY WON THE UNION VOTE  ...  starbucks
1                 60 Frappuccino’s with no tip… $279  ...  starbucks
2             I'm not allowed to make signs anymore.  ...  starbucks
3                        What did you get fired for?  ...  starbucks
4                        An inspiration to us all 🙌🏻  ...  starbucks
5  when they buy a $0.05 handle bag and request a...  ...  starbucks
6                Filling out the CoVid CoAcH like...  ...  starbucks
7                                bro is struggling 💀  ...  starbucks
8   Needless to say we’ve been verbally abused a lot  ...  starbucks
9  Year two of dressing up as In-N-Out at my Star...  ...  starbucks

[10 rows x 9 columns]
[2023-10-04T02:18:37.075+0000] {taskinstance.py:1400} INFO - Marking task as SUCCESS. dag_id=Reddit_Post_Dag, task_id=raw_data_insert_task, execution_date=20231004T021830, start_date=20231004T021835, end_date=20231004T021837
[2023-10-04T02:18:37.140+0000] {local_task_job_runner.py:228} INFO - Task exited with return code 0
[2023-10-04T02:18:37.164+0000] {taskinstance.py:2784} INFO - 0 downstream tasks scheduled from follow-on schedule check
