[2023-10-05T07:02:46.986+0000] {taskinstance.py:1159} INFO - Dependencies all met for dep_context=non-requeueable deps ti=<TaskInstance: Reddit_Post_Comment_Dag.extract_post_comment_task manual__2023-10-05T07:02:39.484745+00:00 [queued]>
[2023-10-05T07:02:47.002+0000] {taskinstance.py:1159} INFO - Dependencies all met for dep_context=requeueable deps ti=<TaskInstance: Reddit_Post_Comment_Dag.extract_post_comment_task manual__2023-10-05T07:02:39.484745+00:00 [queued]>
[2023-10-05T07:02:47.003+0000] {taskinstance.py:1361} INFO - Starting attempt 1 of 2
[2023-10-05T07:02:47.021+0000] {taskinstance.py:1382} INFO - Executing <Task(PythonOperator): extract_post_comment_task> on 2023-10-05 07:02:39.484745+00:00
[2023-10-05T07:02:47.031+0000] {standard_task_runner.py:57} INFO - Started process 423 to run task
[2023-10-05T07:02:47.038+0000] {standard_task_runner.py:84} INFO - Running: ['***', 'tasks', 'run', 'Reddit_Post_Comment_Dag', 'extract_post_comment_task', 'manual__2023-10-05T07:02:39.484745+00:00', '--job-id', '74', '--raw', '--subdir', 'DAGS_FOLDER/reddit_post_comment_dag.py', '--cfg-path', '/tmp/tmp0_xas0pj']
[2023-10-05T07:02:47.043+0000] {standard_task_runner.py:85} INFO - Job 74: Subtask extract_post_comment_task
[2023-10-05T07:02:47.122+0000] {task_command.py:415} INFO - Running <TaskInstance: Reddit_Post_Comment_Dag.extract_post_comment_task manual__2023-10-05T07:02:39.484745+00:00 [running]> on host 44d08be4c1e6
[2023-10-05T07:02:47.238+0000] {taskinstance.py:1660} INFO - Exporting env vars: AIRFLOW_CTX_DAG_OWNER='***' AIRFLOW_CTX_DAG_ID='Reddit_Post_Comment_Dag' AIRFLOW_CTX_TASK_ID='extract_post_comment_task' AIRFLOW_CTX_EXECUTION_DATE='2023-10-05T07:02:39.484745+00:00' AIRFLOW_CTX_TRY_NUMBER='1' AIRFLOW_CTX_DAG_RUN_ID='manual__2023-10-05T07:02:39.484745+00:00'
[2023-10-05T07:02:49.052+0000] {logging_mixin.py:151} INFO - e394x3f
[2023-10-05T07:02:49.553+0000] {logging_mixin.py:151} INFO - e39bjg1
[2023-10-05T07:02:49.940+0000] {logging_mixin.py:151} INFO - e39djei
[2023-10-05T07:02:50.324+0000] {logging_mixin.py:151} INFO - e397yak
[2023-10-05T07:02:50.722+0000] {logging_mixin.py:151} INFO - e396cxa
[2023-10-05T07:02:51.115+0000] {logging_mixin.py:151} INFO - e39kgo8
[2023-10-05T07:02:51.516+0000] {logging_mixin.py:151} INFO - e39i2g6
[2023-10-05T07:02:51.905+0000] {logging_mixin.py:151} INFO - e3989ym
[2023-10-05T07:02:52.291+0000] {logging_mixin.py:151} INFO - e39e2rk
[2023-10-05T07:02:52.672+0000] {logging_mixin.py:151} INFO - e39rptt
[2023-10-05T07:02:53.063+0000] {logging_mixin.py:151} INFO - e3ajiqw
[2023-10-05T07:02:53.442+0000] {logging_mixin.py:151} INFO - e39k6pu
[2023-10-05T07:02:53.824+0000] {logging_mixin.py:151} INFO - e39j1vl
[2023-10-05T07:02:54.269+0000] {logging_mixin.py:151} INFO - e3b6kl7
[2023-10-05T07:02:54.656+0000] {logging_mixin.py:151} INFO - e39ki1k
[2023-10-05T07:02:55.187+0000] {logging_mixin.py:151} INFO - e39jpby
[2023-10-05T07:02:56.316+0000] {logging_mixin.py:151} INFO - e3b6u2p
[2023-10-05T07:02:56.724+0000] {logging_mixin.py:151} INFO - e39kl1g
[2023-10-05T07:02:57.115+0000] {logging_mixin.py:151} INFO - e39jr0y
[2023-10-05T07:02:57.546+0000] {logging_mixin.py:151} INFO - e39kuw2
[2023-10-05T07:02:57.949+0000] {logging_mixin.py:151} INFO - e39jtj9
[2023-10-05T07:02:58.466+0000] {logging_mixin.py:151} INFO - e39jutt
[2023-10-05T07:02:58.874+0000] {logging_mixin.py:151} INFO - e39jz0s
[2023-10-05T07:02:59.286+0000] {logging_mixin.py:151} INFO - e39k022
[2023-10-05T07:02:59.847+0000] {logging_mixin.py:151} INFO -    post_id    post_author  ... is_root_comment comment_author_flair_text
0   92x3p6  SeriousStarbs  ...            True                      None
1   92x3p6  SeriousStarbs  ...            True            Former Partner
2   92x3p6  SeriousStarbs  ...            True                      None
3   92x3p6  SeriousStarbs  ...            True                      None
4   92x3p6  SeriousStarbs  ...            True                      None
5   92x3p6  SeriousStarbs  ...            True        :CM: Coffee Master
6   92x3p6  SeriousStarbs  ...            True                   Barista
7   92x3p6  SeriousStarbs  ...            True                Supervisor
8   92x3p6  SeriousStarbs  ...            True                      None
9   92x3p6  SeriousStarbs  ...            True                      None
10  92x3p6  SeriousStarbs  ...            True                   Barista
11  92x3p6  SeriousStarbs  ...           False      :Barista: Supervisor
12  92x3p6  SeriousStarbs  ...           False                   Barista
13  92x3p6  SeriousStarbs  ...           False                      None
14  92x3p6  SeriousStarbs  ...           False            Former Partner
15  92x3p6  SeriousStarbs  ...           False            Former Partner
16  92x3p6  SeriousStarbs  ...           False                      None
17  92x3p6  SeriousStarbs  ...           False      :Barista: Supervisor
18  92x3p6  SeriousStarbs  ...           False                   Barista
19  92x3p6  SeriousStarbs  ...           False            Former Partner
20  92x3p6  SeriousStarbs  ...           False            Former Partner
21  92x3p6  SeriousStarbs  ...           False                   Barista
22  92x3p6  SeriousStarbs  ...           False            Former Partner
23  92x3p6  SeriousStarbs  ...           False                   Barista

[24 rows x 10 columns]
[2023-10-05T07:02:59.887+0000] {python.py:194} INFO - Done. Returned value was: None
[2023-10-05T07:02:59.908+0000] {taskinstance.py:1400} INFO - Marking task as SUCCESS. dag_id=Reddit_Post_Comment_Dag, task_id=extract_post_comment_task, execution_date=20231005T070239, start_date=20231005T070246, end_date=20231005T070259
[2023-10-05T07:02:59.976+0000] {local_task_job_runner.py:228} INFO - Task exited with return code 0
[2023-10-05T07:03:00.036+0000] {taskinstance.py:2784} INFO - 1 downstream tasks scheduled from follow-on schedule check
