[2023-10-04T03:30:45.800+0000] {taskinstance.py:1159} INFO - Dependencies all met for dep_context=non-requeueable deps ti=<TaskInstance: Reddit_Post_Dag.data_transformation_task manual__2023-10-04T03:30:36.738339+00:00 [queued]>
[2023-10-04T03:30:45.817+0000] {taskinstance.py:1159} INFO - Dependencies all met for dep_context=requeueable deps ti=<TaskInstance: Reddit_Post_Dag.data_transformation_task manual__2023-10-04T03:30:36.738339+00:00 [queued]>
[2023-10-04T03:30:45.818+0000] {taskinstance.py:1361} INFO - Starting attempt 1 of 2
[2023-10-04T03:30:45.842+0000] {taskinstance.py:1382} INFO - Executing <Task(PythonOperator): data_transformation_task> on 2023-10-04 03:30:36.738339+00:00
[2023-10-04T03:30:45.854+0000] {standard_task_runner.py:57} INFO - Started process 942 to run task
[2023-10-04T03:30:45.861+0000] {standard_task_runner.py:84} INFO - Running: ['***', 'tasks', 'run', 'Reddit_Post_Dag', 'data_transformation_task', 'manual__2023-10-04T03:30:36.738339+00:00', '--job-id', '35', '--raw', '--subdir', 'DAGS_FOLDER/reddit_post_dag.py', '--cfg-path', '/tmp/tmpuxr2id0h']
[2023-10-04T03:30:45.868+0000] {standard_task_runner.py:85} INFO - Job 35: Subtask data_transformation_task
[2023-10-04T03:30:45.950+0000] {task_command.py:415} INFO - Running <TaskInstance: Reddit_Post_Dag.data_transformation_task manual__2023-10-04T03:30:36.738339+00:00 [running]> on host 119fbdffdc04
[2023-10-04T03:30:46.097+0000] {taskinstance.py:1660} INFO - Exporting env vars: AIRFLOW_CTX_DAG_OWNER='***' AIRFLOW_CTX_DAG_ID='Reddit_Post_Dag' AIRFLOW_CTX_TASK_ID='data_transformation_task' AIRFLOW_CTX_EXECUTION_DATE='2023-10-04T03:30:36.738339+00:00' AIRFLOW_CTX_TRY_NUMBER='1' AIRFLOW_CTX_DAG_RUN_ID='manual__2023-10-04T03:30:36.738339+00:00'
[2023-10-04T03:30:46.153+0000] {logging_mixin.py:151} INFO -                                                title  ...  subreddit
0                            THEY WON THE UNION VOTE  ...  starbucks
1                 60 Frappuccino’s with no tip… $279  ...  starbucks
2             I'm not allowed to make signs anymore.  ...  starbucks
3                        What did you get fired for?  ...  starbucks
4                        An inspiration to us all 🙌🏻  ...  starbucks
5  when they buy a $0.05 handle bag and request a...  ...  starbucks
6                Filling out the CoVid CoAcH like...  ...  starbucks
7                                bro is struggling 💀  ...  starbucks
8   Needless to say we’ve been verbally abused a lot  ...  starbucks
9  Year two of dressing up as In-N-Out at my Star...  ...  starbucks

[10 rows x 9 columns]
[2023-10-04T03:30:46.166+0000] {logging_mixin.py:151} INFO - title                   object
score                    int64
post_id                 object
url                     object
comms_num                int64
created         datetime64[ns]
body                    object
author                  object
subreddit               object
created_date            object
created_time            object
dtype: object
[2023-10-04T03:30:46.192+0000] {logging_mixin.py:151} INFO -                                                title  ...  created_time
0  when they buy a $0.05 handle bag and request a...  ...      13:52:04
1                            THEY WON THE UNION VOTE  ...      18:48:34
2                        What did you get fired for?  ...      17:03:32
3                        An inspiration to us all 🙌🏻  ...      13:49:26
4                 60 Frappuccino’s with no tip… $279  ...      00:05:34
5   Needless to say we’ve been verbally abused a lot  ...      14:56:37
6  Year two of dressing up as In-N-Out at my Star...  ...      01:14:51
7                                bro is struggling 💀  ...      14:05:19
8                Filling out the CoVid CoAcH like...  ...      16:23:34
9             I'm not allowed to make signs anymore.  ...      23:54:40

[10 rows x 11 columns]
[2023-10-04T03:30:46.210+0000] {python.py:194} INFO - Done. Returned value was: None
[2023-10-04T03:30:46.226+0000] {taskinstance.py:1400} INFO - Marking task as SUCCESS. dag_id=Reddit_Post_Dag, task_id=data_transformation_task, execution_date=20231004T033036, start_date=20231004T033045, end_date=20231004T033046
[2023-10-04T03:30:46.278+0000] {local_task_job_runner.py:228} INFO - Task exited with return code 0
[2023-10-04T03:30:46.312+0000] {taskinstance.py:2784} INFO - 1 downstream tasks scheduled from follow-on schedule check
