[2023-10-05T06:45:38.892+0000] {taskinstance.py:1159} INFO - Dependencies all met for dep_context=non-requeueable deps ti=<TaskInstance: Reddit_Post_Comment_Dag.comment_raw_data_insert_task manual__2023-10-05T06:44:43.227282+00:00 [queued]>
[2023-10-05T06:45:38.906+0000] {taskinstance.py:1159} INFO - Dependencies all met for dep_context=requeueable deps ti=<TaskInstance: Reddit_Post_Comment_Dag.comment_raw_data_insert_task manual__2023-10-05T06:44:43.227282+00:00 [queued]>
[2023-10-05T06:45:38.907+0000] {taskinstance.py:1361} INFO - Starting attempt 1 of 2
[2023-10-05T06:45:38.927+0000] {taskinstance.py:1382} INFO - Executing <Task(CommentRawDataTableOperator): comment_raw_data_insert_task> on 2023-10-05 06:44:43.227282+00:00
[2023-10-05T06:45:38.937+0000] {standard_task_runner.py:57} INFO - Started process 121 to run task
[2023-10-05T06:45:38.946+0000] {standard_task_runner.py:84} INFO - Running: ['***', 'tasks', 'run', 'Reddit_Post_Comment_Dag', 'comment_raw_data_insert_task', 'manual__2023-10-05T06:44:43.227282+00:00', '--job-id', '66', '--raw', '--subdir', 'DAGS_FOLDER/reddit_post_comment_dag.py', '--cfg-path', '/tmp/tmpvy0rh3ra']
[2023-10-05T06:45:38.951+0000] {standard_task_runner.py:85} INFO - Job 66: Subtask comment_raw_data_insert_task
[2023-10-05T06:45:39.038+0000] {task_command.py:415} INFO - Running <TaskInstance: Reddit_Post_Comment_Dag.comment_raw_data_insert_task manual__2023-10-05T06:44:43.227282+00:00 [running]> on host 44d08be4c1e6
[2023-10-05T06:45:39.153+0000] {taskinstance.py:1660} INFO - Exporting env vars: AIRFLOW_CTX_DAG_OWNER='***' AIRFLOW_CTX_DAG_ID='Reddit_Post_Comment_Dag' AIRFLOW_CTX_TASK_ID='comment_raw_data_insert_task' AIRFLOW_CTX_EXECUTION_DATE='2023-10-05T06:44:43.227282+00:00' AIRFLOW_CTX_TRY_NUMBER='1' AIRFLOW_CTX_DAG_RUN_ID='manual__2023-10-05T06:44:43.227282+00:00'
[2023-10-05T06:45:39.157+0000] {comment_raw_data_table_operator.py:27} INFO - Executing CustomMySqlOperator with data from task: extract_post_comment_task
[2023-10-05T06:45:39.176+0000] {sql.py:274} INFO - Executing: CREATE TABLE  IF NOT EXISTS reddit_comment_raw_details(id INT AUTO_INCREMENT PRIMARY KEY,post_id INT NOT NULL, post_author VARCHAR(255) NOT NULL, comment_author VARCHAR(255) NOT NULL, comment_id INT NOT NULL, comment_body TEXT NOT NULL, comment_score INT NOT NULL, comment_created_utc DATETIME NOT NULL, comment_permalink VARCHAR(255) NOT NULL,is_root_comment BOOLEAN NOT NULL, comment_author_flair_text VARCHAR(255))
[2023-10-05T06:45:39.183+0000] {base.py:73} INFO - Using connection ID 'mysql_connection' for task execution.
[2023-10-05T06:45:39.196+0000] {base.py:73} INFO - Using connection ID 'mysql_connection' for task execution.
[2023-10-05T06:45:39.217+0000] {sql.py:418} INFO - Running statement: CREATE TABLE  IF NOT EXISTS reddit_comment_raw_details(id INT AUTO_INCREMENT PRIMARY KEY,post_id INT NOT NULL, post_author VARCHAR(255) NOT NULL, comment_author VARCHAR(255) NOT NULL, comment_id INT NOT NULL, comment_body TEXT NOT NULL, comment_score INT NOT NULL, comment_created_utc DATETIME NOT NULL, comment_permalink VARCHAR(255) NOT NULL,is_root_comment BOOLEAN NOT NULL, comment_author_flair_text VARCHAR(255)), parameters: None
[2023-10-05T06:45:39.260+0000] {sql.py:427} INFO - Rows affected: 0
[2023-10-05T06:45:39.273+0000] {logging_mixin.py:151} INFO - mysql_connection
[2023-10-05T06:45:39.850+0000] {logging_mixin.py:151} INFO -    post_id   post_author  ... is_root_comment comment_author_flair_text
0   pa07hq  annaplatt411  ...            True         :Barista: Barista
1   pa07hq  annaplatt411  ...            True            Former Partner
2   pa07hq  annaplatt411  ...            True                       NaN
3   pa07hq  annaplatt411  ...            True                       NaN
4   pa07hq  annaplatt411  ...            True        :CM: Coffee Master
..     ...           ...  ...             ...                       ...
79  pa07hq  annaplatt411  ...           False                       NaN
80  pa07hq  annaplatt411  ...           False                       NaN
81  pa07hq  annaplatt411  ...           False         :Barista: Barista
82  pa07hq  annaplatt411  ...           False        :CM: Coffee Master
83  pa07hq  annaplatt411  ...           False                       NaN

[84 rows x 10 columns]
[2023-10-05T06:45:40.160+0000] {taskinstance.py:1400} INFO - Marking task as SUCCESS. dag_id=Reddit_Post_Comment_Dag, task_id=comment_raw_data_insert_task, execution_date=20231005T064443, start_date=20231005T064538, end_date=20231005T064540
[2023-10-05T06:45:40.247+0000] {local_task_job_runner.py:228} INFO - Task exited with return code 0
[2023-10-05T06:45:40.299+0000] {taskinstance.py:2784} INFO - 1 downstream tasks scheduled from follow-on schedule check
