[2023-10-08T06:02:30.402+0000] {taskinstance.py:1159} INFO - Dependencies all met for dep_context=non-requeueable deps ti=<TaskInstance: Reddit_Post_Comment_Dag.comment_raw_data_insert_task manual__2023-10-08T05:47:14.086787+00:00 [queued]>
[2023-10-08T06:02:30.422+0000] {taskinstance.py:1159} INFO - Dependencies all met for dep_context=requeueable deps ti=<TaskInstance: Reddit_Post_Comment_Dag.comment_raw_data_insert_task manual__2023-10-08T05:47:14.086787+00:00 [queued]>
[2023-10-08T06:02:30.424+0000] {taskinstance.py:1361} INFO - Starting attempt 1 of 2
[2023-10-08T06:02:30.444+0000] {taskinstance.py:1382} INFO - Executing <Task(CommentRawDataTableOperator): comment_raw_data_insert_task> on 2023-10-08 05:47:14.086787+00:00
[2023-10-08T06:02:30.454+0000] {standard_task_runner.py:57} INFO - Started process 1155 to run task
[2023-10-08T06:02:30.461+0000] {standard_task_runner.py:84} INFO - Running: ['***', 'tasks', 'run', 'Reddit_Post_Comment_Dag', 'comment_raw_data_insert_task', 'manual__2023-10-08T05:47:14.086787+00:00', '--job-id', '158', '--raw', '--subdir', 'DAGS_FOLDER/reddit_post_comment_dag.py', '--cfg-path', '/tmp/tmp91f24vml']
[2023-10-08T06:02:30.469+0000] {standard_task_runner.py:85} INFO - Job 158: Subtask comment_raw_data_insert_task
[2023-10-08T06:02:30.546+0000] {task_command.py:415} INFO - Running <TaskInstance: Reddit_Post_Comment_Dag.comment_raw_data_insert_task manual__2023-10-08T05:47:14.086787+00:00 [running]> on host 88aca7bb4134
[2023-10-08T06:02:30.968+0000] {taskinstance.py:1660} INFO - Exporting env vars: AIRFLOW_CTX_DAG_OWNER='***' AIRFLOW_CTX_DAG_ID='Reddit_Post_Comment_Dag' AIRFLOW_CTX_TASK_ID='comment_raw_data_insert_task' AIRFLOW_CTX_EXECUTION_DATE='2023-10-08T05:47:14.086787+00:00' AIRFLOW_CTX_TRY_NUMBER='1' AIRFLOW_CTX_DAG_RUN_ID='manual__2023-10-08T05:47:14.086787+00:00'
[2023-10-08T06:02:30.970+0000] {comment_raw_data_table_operator.py:27} INFO - Executing CustomMySqlOperator with data from task: extract_post_comment_task
[2023-10-08T06:02:30.988+0000] {sql.py:274} INFO - Executing: CREATE TABLE  IF NOT EXISTS reddit_comment_raw_details(id INT AUTO_INCREMENT PRIMARY KEY,post_id INT NOT NULL, post_author VARCHAR(255) NOT NULL, comment_author VARCHAR(255) NOT NULL, comment_id INT NOT NULL, comment_body TEXT NOT NULL, comment_score INT NOT NULL, comment_created_utc DATETIME NOT NULL, comment_permalink VARCHAR(255) NOT NULL,is_root_comment BOOLEAN NOT NULL, comment_author_flair_text VARCHAR(255))
[2023-10-08T06:02:31.000+0000] {base.py:73} INFO - Using connection ID 'mysql_connection' for task execution.
[2023-10-08T06:02:31.013+0000] {base.py:73} INFO - Using connection ID 'mysql_connection' for task execution.
[2023-10-08T06:02:31.055+0000] {sql.py:418} INFO - Running statement: CREATE TABLE  IF NOT EXISTS reddit_comment_raw_details(id INT AUTO_INCREMENT PRIMARY KEY,post_id INT NOT NULL, post_author VARCHAR(255) NOT NULL, comment_author VARCHAR(255) NOT NULL, comment_id INT NOT NULL, comment_body TEXT NOT NULL, comment_score INT NOT NULL, comment_created_utc DATETIME NOT NULL, comment_permalink VARCHAR(255) NOT NULL,is_root_comment BOOLEAN NOT NULL, comment_author_flair_text VARCHAR(255)), parameters: None
[2023-10-08T06:02:31.060+0000] {sql.py:427} INFO - Rows affected: 0
[2023-10-08T06:02:31.071+0000] {logging_mixin.py:151} INFO - mysql_connection
[2023-10-08T06:02:31.174+0000] {logging_mixin.py:151} INFO -       post_id           post_author  ... is_root_comment comment_author_flair_text
0     13ey26m        melancholiness  ...            True                       NaN
1     13ey26m        melancholiness  ...            True                       NaN
2     13ey26m        melancholiness  ...            True                       NaN
3     13ey26m        melancholiness  ...            True        :CM: Coffee Master
4     13ey26m        melancholiness  ...            True                       NaN
...       ...                   ...  ...             ...                       ...
1052  13d7a78  Equivalent_Garlic697  ...           False         :Barista: Barista
1053  13d7a78  Equivalent_Garlic697  ...           False       :Customer: Customer
1054  13d7a78  Equivalent_Garlic697  ...           False         :Barista: Barista
1055  13d7a78  Equivalent_Garlic697  ...           False         :Barista: Barista
1056  13d7a78  Equivalent_Garlic697  ...           False                       NaN

[1057 rows x 10 columns]
[2023-10-08T06:02:31.494+0000] {taskinstance.py:1400} INFO - Marking task as SUCCESS. dag_id=Reddit_Post_Comment_Dag, task_id=comment_raw_data_insert_task, execution_date=20231008T054714, start_date=20231008T060230, end_date=20231008T060231
[2023-10-08T06:02:31.562+0000] {local_task_job_runner.py:228} INFO - Task exited with return code 0
[2023-10-08T06:02:31.603+0000] {taskinstance.py:2784} INFO - 1 downstream tasks scheduled from follow-on schedule check
