[2023-10-08T06:02:38.127+0000] {taskinstance.py:1159} INFO - Dependencies all met for dep_context=non-requeueable deps ti=<TaskInstance: Reddit_Post_Comment_Dag.processed_comment_data_insert_task manual__2023-10-08T05:47:14.086787+00:00 [queued]>
[2023-10-08T06:02:38.144+0000] {taskinstance.py:1159} INFO - Dependencies all met for dep_context=requeueable deps ti=<TaskInstance: Reddit_Post_Comment_Dag.processed_comment_data_insert_task manual__2023-10-08T05:47:14.086787+00:00 [queued]>
[2023-10-08T06:02:38.145+0000] {taskinstance.py:1361} INFO - Starting attempt 1 of 2
[2023-10-08T06:02:38.163+0000] {taskinstance.py:1382} INFO - Executing <Task(ProcessCommentDataTableOperator): processed_comment_data_insert_task> on 2023-10-08 05:47:14.086787+00:00
[2023-10-08T06:02:38.177+0000] {standard_task_runner.py:57} INFO - Started process 1167 to run task
[2023-10-08T06:02:38.183+0000] {standard_task_runner.py:84} INFO - Running: ['***', 'tasks', 'run', 'Reddit_Post_Comment_Dag', 'processed_comment_data_insert_task', 'manual__2023-10-08T05:47:14.086787+00:00', '--job-id', '160', '--raw', '--subdir', 'DAGS_FOLDER/reddit_post_comment_dag.py', '--cfg-path', '/tmp/tmpgl9yq3ci']
[2023-10-08T06:02:38.189+0000] {standard_task_runner.py:85} INFO - Job 160: Subtask processed_comment_data_insert_task
[2023-10-08T06:02:38.261+0000] {task_command.py:415} INFO - Running <TaskInstance: Reddit_Post_Comment_Dag.processed_comment_data_insert_task manual__2023-10-08T05:47:14.086787+00:00 [running]> on host 88aca7bb4134
[2023-10-08T06:02:38.730+0000] {taskinstance.py:1660} INFO - Exporting env vars: AIRFLOW_CTX_DAG_OWNER='***' AIRFLOW_CTX_DAG_ID='Reddit_Post_Comment_Dag' AIRFLOW_CTX_TASK_ID='processed_comment_data_insert_task' AIRFLOW_CTX_EXECUTION_DATE='2023-10-08T05:47:14.086787+00:00' AIRFLOW_CTX_TRY_NUMBER='1' AIRFLOW_CTX_DAG_RUN_ID='manual__2023-10-08T05:47:14.086787+00:00'
[2023-10-08T06:02:38.732+0000] {process_comment_data_table_operator.py:27} INFO - Executing CustomMySqlOperator with data from task: sentiment_analysis_task
[2023-10-08T06:02:38.754+0000] {sql.py:274} INFO - Executing: CREATE TABLE  IF NOT EXISTS reddit_post_comments(id INT AUTO_INCREMENT PRIMARY KEY,post_id INT NOT NULL, post_author VARCHAR(255) NOT NULL, comment_author VARCHAR(255) NOT NULL, comment_id INT NOT NULL, comment_body TEXT NOT NULL, comment_score INT NOT NULL, comment_created_utc DATETIME NOT NULL, comment_permalink VARCHAR(255) NOT NULL,is_root_comment BOOLEAN NOT NULL, comment_author_flair_text VARCHAR(255), sentiment_scores FLOAT, compound_sentiment FLOAT, sentiment VARCHAR(255))
[2023-10-08T06:02:38.766+0000] {base.py:73} INFO - Using connection ID 'mysql_connection' for task execution.
[2023-10-08T06:02:38.783+0000] {base.py:73} INFO - Using connection ID 'mysql_connection' for task execution.
[2023-10-08T06:02:38.862+0000] {sql.py:418} INFO - Running statement: CREATE TABLE  IF NOT EXISTS reddit_post_comments(id INT AUTO_INCREMENT PRIMARY KEY,post_id INT NOT NULL, post_author VARCHAR(255) NOT NULL, comment_author VARCHAR(255) NOT NULL, comment_id INT NOT NULL, comment_body TEXT NOT NULL, comment_score INT NOT NULL, comment_created_utc DATETIME NOT NULL, comment_permalink VARCHAR(255) NOT NULL,is_root_comment BOOLEAN NOT NULL, comment_author_flair_text VARCHAR(255), sentiment_scores FLOAT, compound_sentiment FLOAT, sentiment VARCHAR(255)), parameters: None
[2023-10-08T06:02:38.868+0000] {sql.py:427} INFO - Rows affected: 0
[2023-10-08T06:02:38.885+0000] {logging_mixin.py:151} INFO - mysql_connection
[2023-10-08T06:02:39.058+0000] {logging_mixin.py:151} INFO -       post_id           post_author  ... compound_sentiment sentiment
0     13ey26m        melancholiness  ...             0.0000   neutral
1     13ey26m        melancholiness  ...             0.1531  positive
2     13ey26m        melancholiness  ...             0.4215  positive
3     13ey26m        melancholiness  ...             0.0000   neutral
4     13ey26m        melancholiness  ...             0.4588  positive
...       ...                   ...  ...                ...       ...
1052  13d7a78  Equivalent_Garlic697  ...             0.0258   neutral
1053  13d7a78  Equivalent_Garlic697  ...             0.0000   neutral
1054  13d7a78  Equivalent_Garlic697  ...             0.0000   neutral
1055  13d7a78  Equivalent_Garlic697  ...             0.3182  positive
1056  13d7a78  Equivalent_Garlic697  ...             0.0000   neutral

[1057 rows x 14 columns]
[2023-10-08T06:02:39.604+0000] {taskinstance.py:1400} INFO - Marking task as SUCCESS. dag_id=Reddit_Post_Comment_Dag, task_id=processed_comment_data_insert_task, execution_date=20231008T054714, start_date=20231008T060238, end_date=20231008T060239
[2023-10-08T06:02:39.711+0000] {local_task_job_runner.py:228} INFO - Task exited with return code 0
[2023-10-08T06:02:39.812+0000] {taskinstance.py:2784} INFO - 0 downstream tasks scheduled from follow-on schedule check
