[2023-10-03T14:17:02.390+0000] {processor.py:157} INFO - Started process (PID=101) to work on /opt/airflow/dags/s001_dag.py
[2023-10-03T14:17:02.393+0000] {processor.py:829} INFO - Processing file /opt/airflow/dags/s001_dag.py for tasks to queue
[2023-10-03T14:17:02.398+0000] {logging_mixin.py:151} INFO - [2023-10-03T14:17:02.397+0000] {dagbag.py:539} INFO - Filling up the DagBag from /opt/airflow/dags/s001_dag.py
[2023-10-03T14:17:02.408+0000] {logging_mixin.py:151} INFO - [2023-10-03T14:17:02.406+0000] {dagbag.py:347} ERROR - Failed to import: /opt/airflow/dags/s001_dag.py
Traceback (most recent call last):
  File "/home/airflow/.local/lib/python3.8/site-packages/airflow/models/dagbag.py", line 343, in parse
    loader.exec_module(new_module)
  File "<frozen importlib._bootstrap_external>", line 839, in exec_module
  File "<frozen importlib._bootstrap_external>", line 976, in get_code
  File "<frozen importlib._bootstrap_external>", line 906, in source_to_code
  File "<frozen importlib._bootstrap>", line 219, in _call_with_frames_removed
  File "/opt/airflow/dags/s001_dag.py", line 25
    
    ^
SyntaxError: unexpected EOF while parsing
[2023-10-03T14:17:02.410+0000] {processor.py:841} WARNING - No viable dags retrieved from /opt/airflow/dags/s001_dag.py
[2023-10-03T14:17:02.444+0000] {processor.py:179} INFO - Processing /opt/airflow/dags/s001_dag.py took 0.060 seconds
[2023-10-03T14:17:32.630+0000] {processor.py:157} INFO - Started process (PID=109) to work on /opt/airflow/dags/s001_dag.py
[2023-10-03T14:17:32.633+0000] {processor.py:829} INFO - Processing file /opt/airflow/dags/s001_dag.py for tasks to queue
[2023-10-03T14:17:32.638+0000] {logging_mixin.py:151} INFO - [2023-10-03T14:17:32.637+0000] {dagbag.py:539} INFO - Filling up the DagBag from /opt/airflow/dags/s001_dag.py
[2023-10-03T14:17:32.650+0000] {logging_mixin.py:151} INFO - [2023-10-03T14:17:32.649+0000] {dagbag.py:347} ERROR - Failed to import: /opt/airflow/dags/s001_dag.py
Traceback (most recent call last):
  File "/home/airflow/.local/lib/python3.8/site-packages/airflow/models/dagbag.py", line 343, in parse
    loader.exec_module(new_module)
  File "<frozen importlib._bootstrap_external>", line 839, in exec_module
  File "<frozen importlib._bootstrap_external>", line 976, in get_code
  File "<frozen importlib._bootstrap_external>", line 906, in source_to_code
  File "<frozen importlib._bootstrap>", line 219, in _call_with_frames_removed
  File "/opt/airflow/dags/s001_dag.py", line 25
    
    ^
SyntaxError: unexpected EOF while parsing
[2023-10-03T14:17:32.652+0000] {processor.py:841} WARNING - No viable dags retrieved from /opt/airflow/dags/s001_dag.py
[2023-10-03T14:17:32.679+0000] {processor.py:179} INFO - Processing /opt/airflow/dags/s001_dag.py took 0.055 seconds
[2023-10-03T14:18:02.946+0000] {processor.py:157} INFO - Started process (PID=117) to work on /opt/airflow/dags/s001_dag.py
[2023-10-03T14:18:02.950+0000] {processor.py:829} INFO - Processing file /opt/airflow/dags/s001_dag.py for tasks to queue
[2023-10-03T14:18:02.956+0000] {logging_mixin.py:151} INFO - [2023-10-03T14:18:02.956+0000] {dagbag.py:539} INFO - Filling up the DagBag from /opt/airflow/dags/s001_dag.py
[2023-10-03T14:18:02.974+0000] {logging_mixin.py:151} INFO - [2023-10-03T14:18:02.972+0000] {dagbag.py:347} ERROR - Failed to import: /opt/airflow/dags/s001_dag.py
Traceback (most recent call last):
  File "/home/airflow/.local/lib/python3.8/site-packages/airflow/models/dagbag.py", line 343, in parse
    loader.exec_module(new_module)
  File "<frozen importlib._bootstrap_external>", line 839, in exec_module
  File "<frozen importlib._bootstrap_external>", line 976, in get_code
  File "<frozen importlib._bootstrap_external>", line 906, in source_to_code
  File "<frozen importlib._bootstrap>", line 219, in _call_with_frames_removed
  File "/opt/airflow/dags/s001_dag.py", line 25
    
    ^
SyntaxError: unexpected EOF while parsing
[2023-10-03T14:18:02.977+0000] {processor.py:841} WARNING - No viable dags retrieved from /opt/airflow/dags/s001_dag.py
[2023-10-03T14:18:03.006+0000] {processor.py:179} INFO - Processing /opt/airflow/dags/s001_dag.py took 0.072 seconds
[2023-10-03T14:18:33.209+0000] {processor.py:157} INFO - Started process (PID=125) to work on /opt/airflow/dags/s001_dag.py
[2023-10-03T14:18:33.213+0000] {processor.py:829} INFO - Processing file /opt/airflow/dags/s001_dag.py for tasks to queue
[2023-10-03T14:18:33.221+0000] {logging_mixin.py:151} INFO - [2023-10-03T14:18:33.221+0000] {dagbag.py:539} INFO - Filling up the DagBag from /opt/airflow/dags/s001_dag.py
[2023-10-03T14:18:33.233+0000] {logging_mixin.py:151} INFO - [2023-10-03T14:18:33.232+0000] {dagbag.py:347} ERROR - Failed to import: /opt/airflow/dags/s001_dag.py
Traceback (most recent call last):
  File "/home/airflow/.local/lib/python3.8/site-packages/airflow/models/dagbag.py", line 343, in parse
    loader.exec_module(new_module)
  File "<frozen importlib._bootstrap_external>", line 839, in exec_module
  File "<frozen importlib._bootstrap_external>", line 976, in get_code
  File "<frozen importlib._bootstrap_external>", line 906, in source_to_code
  File "<frozen importlib._bootstrap>", line 219, in _call_with_frames_removed
  File "/opt/airflow/dags/s001_dag.py", line 25
    
    ^
SyntaxError: unexpected EOF while parsing
[2023-10-03T14:18:33.235+0000] {processor.py:841} WARNING - No viable dags retrieved from /opt/airflow/dags/s001_dag.py
[2023-10-03T14:18:33.277+0000] {processor.py:179} INFO - Processing /opt/airflow/dags/s001_dag.py took 0.077 seconds
[2023-10-03T14:18:41.321+0000] {processor.py:157} INFO - Started process (PID=126) to work on /opt/airflow/dags/s001_dag.py
[2023-10-03T14:18:41.324+0000] {processor.py:829} INFO - Processing file /opt/airflow/dags/s001_dag.py for tasks to queue
[2023-10-03T14:18:41.331+0000] {logging_mixin.py:151} INFO - [2023-10-03T14:18:41.331+0000] {dagbag.py:539} INFO - Filling up the DagBag from /opt/airflow/dags/s001_dag.py
[2023-10-03T14:18:41.352+0000] {logging_mixin.py:151} INFO - [2023-10-03T14:18:41.348+0000] {dagbag.py:347} ERROR - Failed to import: /opt/airflow/dags/s001_dag.py
Traceback (most recent call last):
  File "/home/airflow/.local/lib/python3.8/site-packages/airflow/models/dagbag.py", line 343, in parse
    loader.exec_module(new_module)
  File "<frozen importlib._bootstrap_external>", line 839, in exec_module
  File "<frozen importlib._bootstrap_external>", line 976, in get_code
  File "<frozen importlib._bootstrap_external>", line 906, in source_to_code
  File "<frozen importlib._bootstrap>", line 219, in _call_with_frames_removed
  File "/opt/airflow/dags/s001_dag.py", line 27
    scraper_identifier_task = PythonOperator(
    ^
IndentationError: expected an indented block
[2023-10-03T14:18:41.354+0000] {processor.py:841} WARNING - No viable dags retrieved from /opt/airflow/dags/s001_dag.py
[2023-10-03T14:18:41.392+0000] {processor.py:179} INFO - Processing /opt/airflow/dags/s001_dag.py took 0.079 seconds
[2023-10-03T14:18:44.412+0000] {processor.py:157} INFO - Started process (PID=134) to work on /opt/airflow/dags/s001_dag.py
[2023-10-03T14:18:44.414+0000] {processor.py:829} INFO - Processing file /opt/airflow/dags/s001_dag.py for tasks to queue
[2023-10-03T14:18:44.418+0000] {logging_mixin.py:151} INFO - [2023-10-03T14:18:44.418+0000] {dagbag.py:539} INFO - Filling up the DagBag from /opt/airflow/dags/s001_dag.py
[2023-10-03T14:18:44.456+0000] {logging_mixin.py:151} INFO - [2023-10-03T14:18:44.453+0000] {dagbag.py:347} ERROR - Failed to import: /opt/airflow/dags/s001_dag.py
Traceback (most recent call last):
  File "/home/airflow/.local/lib/python3.8/site-packages/airflow/models/dagbag.py", line 343, in parse
    loader.exec_module(new_module)
  File "<frozen importlib._bootstrap_external>", line 843, in exec_module
  File "<frozen importlib._bootstrap>", line 219, in _call_with_frames_removed
  File "/opt/airflow/dags/s001_dag.py", line 29, in <module>
    python_callable=get_scraper_source_details,
NameError: name 'get_scraper_source_details' is not defined
[2023-10-03T14:18:44.458+0000] {processor.py:841} WARNING - No viable dags retrieved from /opt/airflow/dags/s001_dag.py
[2023-10-03T14:18:44.485+0000] {processor.py:179} INFO - Processing /opt/airflow/dags/s001_dag.py took 0.079 seconds
[2023-10-03T14:18:55.525+0000] {processor.py:157} INFO - Started process (PID=135) to work on /opt/airflow/dags/s001_dag.py
[2023-10-03T14:18:55.527+0000] {processor.py:829} INFO - Processing file /opt/airflow/dags/s001_dag.py for tasks to queue
[2023-10-03T14:18:55.533+0000] {logging_mixin.py:151} INFO - [2023-10-03T14:18:55.532+0000] {dagbag.py:539} INFO - Filling up the DagBag from /opt/airflow/dags/s001_dag.py
[2023-10-03T14:18:55.565+0000] {logging_mixin.py:151} INFO - [2023-10-03T14:18:55.561+0000] {dagbag.py:347} ERROR - Failed to import: /opt/airflow/dags/s001_dag.py
Traceback (most recent call last):
  File "/home/airflow/.local/lib/python3.8/site-packages/airflow/models/dagbag.py", line 343, in parse
    loader.exec_module(new_module)
  File "<frozen importlib._bootstrap_external>", line 843, in exec_module
  File "<frozen importlib._bootstrap>", line 219, in _call_with_frames_removed
  File "/opt/airflow/dags/s001_dag.py", line 8, in <module>
    from includes.data_preparation import initial_data_preparation
ModuleNotFoundError: No module named 'includes'
[2023-10-03T14:18:55.567+0000] {processor.py:841} WARNING - No viable dags retrieved from /opt/airflow/dags/s001_dag.py
[2023-10-03T14:18:55.600+0000] {processor.py:179} INFO - Processing /opt/airflow/dags/s001_dag.py took 0.081 seconds
[2023-10-03T14:19:04.646+0000] {processor.py:157} INFO - Started process (PID=136) to work on /opt/airflow/dags/s001_dag.py
[2023-10-03T14:19:04.649+0000] {processor.py:829} INFO - Processing file /opt/airflow/dags/s001_dag.py for tasks to queue
[2023-10-03T14:19:04.653+0000] {logging_mixin.py:151} INFO - [2023-10-03T14:19:04.653+0000] {dagbag.py:539} INFO - Filling up the DagBag from /opt/airflow/dags/s001_dag.py
[2023-10-03T14:19:04.699+0000] {logging_mixin.py:151} INFO - [2023-10-03T14:19:04.696+0000] {dagbag.py:347} ERROR - Failed to import: /opt/airflow/dags/s001_dag.py
Traceback (most recent call last):
  File "/home/airflow/.local/lib/python3.8/site-packages/airflow/models/dagbag.py", line 343, in parse
    loader.exec_module(new_module)
  File "<frozen importlib._bootstrap_external>", line 843, in exec_module
  File "<frozen importlib._bootstrap>", line 219, in _call_with_frames_removed
  File "/opt/airflow/dags/s001_dag.py", line 8, in <module>
    from reddit_data_extractor import initial_data_preparation
ImportError: cannot import name 'initial_data_preparation' from 'reddit_data_extractor' (/opt/airflow/plugins/reddit_data_extractor.py)
[2023-10-03T14:19:04.701+0000] {processor.py:841} WARNING - No viable dags retrieved from /opt/airflow/dags/s001_dag.py
[2023-10-03T14:19:04.731+0000] {processor.py:179} INFO - Processing /opt/airflow/dags/s001_dag.py took 0.090 seconds
[2023-10-03T14:19:12.792+0000] {processor.py:157} INFO - Started process (PID=137) to work on /opt/airflow/dags/s001_dag.py
[2023-10-03T14:19:12.794+0000] {processor.py:829} INFO - Processing file /opt/airflow/dags/s001_dag.py for tasks to queue
[2023-10-03T14:19:12.799+0000] {logging_mixin.py:151} INFO - [2023-10-03T14:19:12.798+0000] {dagbag.py:539} INFO - Filling up the DagBag from /opt/airflow/dags/s001_dag.py
[2023-10-03T14:19:12.847+0000] {logging_mixin.py:151} INFO - [2023-10-03T14:19:12.843+0000] {dagbag.py:347} ERROR - Failed to import: /opt/airflow/dags/s001_dag.py
Traceback (most recent call last):
  File "/home/airflow/.local/lib/python3.8/site-packages/airflow/models/dagbag.py", line 343, in parse
    loader.exec_module(new_module)
  File "<frozen importlib._bootstrap_external>", line 843, in exec_module
  File "<frozen importlib._bootstrap>", line 219, in _call_with_frames_removed
  File "/opt/airflow/dags/s001_dag.py", line 31, in <module>
    python_callable=get_scraper_source_details,
NameError: name 'get_scraper_source_details' is not defined
[2023-10-03T14:19:12.848+0000] {processor.py:841} WARNING - No viable dags retrieved from /opt/airflow/dags/s001_dag.py
[2023-10-03T14:19:12.892+0000] {processor.py:179} INFO - Processing /opt/airflow/dags/s001_dag.py took 0.106 seconds
[2023-10-03T14:19:15.841+0000] {processor.py:157} INFO - Started process (PID=145) to work on /opt/airflow/dags/s001_dag.py
[2023-10-03T14:19:15.844+0000] {processor.py:829} INFO - Processing file /opt/airflow/dags/s001_dag.py for tasks to queue
[2023-10-03T14:19:15.849+0000] {logging_mixin.py:151} INFO - [2023-10-03T14:19:15.848+0000] {dagbag.py:539} INFO - Filling up the DagBag from /opt/airflow/dags/s001_dag.py
[2023-10-03T14:19:15.891+0000] {logging_mixin.py:151} INFO - [2023-10-03T14:19:15.888+0000] {dagbag.py:347} ERROR - Failed to import: /opt/airflow/dags/s001_dag.py
Traceback (most recent call last):
  File "/home/airflow/.local/lib/python3.8/site-packages/airflow/models/dagbag.py", line 343, in parse
    loader.exec_module(new_module)
  File "<frozen importlib._bootstrap_external>", line 843, in exec_module
  File "<frozen importlib._bootstrap>", line 219, in _call_with_frames_removed
  File "/opt/airflow/dags/s001_dag.py", line 32, in <module>
    op_args=[mysql_conn_id, scraper_identifier],
NameError: name 'mysql_conn_id' is not defined
[2023-10-03T14:19:15.892+0000] {processor.py:841} WARNING - No viable dags retrieved from /opt/airflow/dags/s001_dag.py
[2023-10-03T14:19:15.930+0000] {processor.py:179} INFO - Processing /opt/airflow/dags/s001_dag.py took 0.095 seconds
[2023-10-03T14:19:22.002+0000] {processor.py:157} INFO - Started process (PID=146) to work on /opt/airflow/dags/s001_dag.py
[2023-10-03T14:19:22.010+0000] {processor.py:829} INFO - Processing file /opt/airflow/dags/s001_dag.py for tasks to queue
[2023-10-03T14:19:22.016+0000] {logging_mixin.py:151} INFO - [2023-10-03T14:19:22.015+0000] {dagbag.py:539} INFO - Filling up the DagBag from /opt/airflow/dags/s001_dag.py
[2023-10-03T14:19:22.056+0000] {processor.py:839} INFO - DAG(s) dict_keys(['Reddit_Post_Dag']) retrieved from /opt/airflow/dags/s001_dag.py
[2023-10-03T14:19:22.366+0000] {logging_mixin.py:151} INFO - [2023-10-03T14:19:22.366+0000] {manager.py:501} INFO - Created Permission View: can delete on DAG:Reddit_Post_Dag
[2023-10-03T14:19:22.385+0000] {logging_mixin.py:151} INFO - [2023-10-03T14:19:22.385+0000] {manager.py:501} INFO - Created Permission View: can read on DAG:Reddit_Post_Dag
[2023-10-03T14:19:22.398+0000] {logging_mixin.py:151} INFO - [2023-10-03T14:19:22.397+0000] {manager.py:501} INFO - Created Permission View: can edit on DAG:Reddit_Post_Dag
[2023-10-03T14:19:22.421+0000] {logging_mixin.py:151} INFO - [2023-10-03T14:19:22.421+0000] {dag.py:2907} INFO - Sync 1 DAGs
[2023-10-03T14:19:22.439+0000] {logging_mixin.py:151} INFO - [2023-10-03T14:19:22.439+0000] {dag.py:2929} INFO - Creating ORM DAG for Reddit_Post_Dag
[2023-10-03T14:19:22.442+0000] {logging_mixin.py:151} INFO - [2023-10-03T14:19:22.441+0000] {dag.py:3677} INFO - Setting next_dagrun for Reddit_Post_Dag to None, run_after=None
[2023-10-03T14:19:22.487+0000] {processor.py:179} INFO - Processing /opt/airflow/dags/s001_dag.py took 0.489 seconds
[2023-10-03T14:19:52.746+0000] {processor.py:157} INFO - Started process (PID=154) to work on /opt/airflow/dags/s001_dag.py
[2023-10-03T14:19:52.750+0000] {processor.py:829} INFO - Processing file /opt/airflow/dags/s001_dag.py for tasks to queue
[2023-10-03T14:19:52.755+0000] {logging_mixin.py:151} INFO - [2023-10-03T14:19:52.755+0000] {dagbag.py:539} INFO - Filling up the DagBag from /opt/airflow/dags/s001_dag.py
[2023-10-03T14:19:52.789+0000] {processor.py:839} INFO - DAG(s) dict_keys(['Reddit_Post_Dag']) retrieved from /opt/airflow/dags/s001_dag.py
[2023-10-03T14:19:52.831+0000] {logging_mixin.py:151} INFO - [2023-10-03T14:19:52.830+0000] {dag.py:2907} INFO - Sync 1 DAGs
[2023-10-03T14:19:52.855+0000] {logging_mixin.py:151} INFO - [2023-10-03T14:19:52.855+0000] {dag.py:3677} INFO - Setting next_dagrun for Reddit_Post_Dag to None, run_after=None
[2023-10-03T14:19:52.896+0000] {processor.py:179} INFO - Processing /opt/airflow/dags/s001_dag.py took 0.155 seconds
[2023-10-03T14:19:53.780+0000] {processor.py:157} INFO - Started process (PID=155) to work on /opt/airflow/dags/s001_dag.py
[2023-10-03T14:19:53.783+0000] {processor.py:829} INFO - Processing file /opt/airflow/dags/s001_dag.py for tasks to queue
[2023-10-03T14:19:53.788+0000] {logging_mixin.py:151} INFO - [2023-10-03T14:19:53.787+0000] {dagbag.py:539} INFO - Filling up the DagBag from /opt/airflow/dags/s001_dag.py
[2023-10-03T14:19:53.825+0000] {processor.py:839} INFO - DAG(s) dict_keys(['Reddit_Post_Dag']) retrieved from /opt/airflow/dags/s001_dag.py
[2023-10-03T14:19:53.996+0000] {logging_mixin.py:151} INFO - [2023-10-03T14:19:53.996+0000] {dag.py:2907} INFO - Sync 1 DAGs
[2023-10-03T14:19:54.012+0000] {logging_mixin.py:151} INFO - [2023-10-03T14:19:54.012+0000] {dag.py:3677} INFO - Setting next_dagrun for Reddit_Post_Dag to None, run_after=None
[2023-10-03T14:19:54.053+0000] {processor.py:179} INFO - Processing /opt/airflow/dags/s001_dag.py took 0.281 seconds
[2023-10-03T14:20:00.986+0000] {processor.py:157} INFO - Started process (PID=156) to work on /opt/airflow/dags/s001_dag.py
[2023-10-03T14:20:00.989+0000] {processor.py:829} INFO - Processing file /opt/airflow/dags/s001_dag.py for tasks to queue
[2023-10-03T14:20:00.996+0000] {logging_mixin.py:151} INFO - [2023-10-03T14:20:00.995+0000] {dagbag.py:539} INFO - Filling up the DagBag from /opt/airflow/dags/s001_dag.py
[2023-10-03T14:20:01.051+0000] {processor.py:839} INFO - DAG(s) dict_keys(['Reddit_Post_Dag']) retrieved from /opt/airflow/dags/s001_dag.py
[2023-10-03T14:20:01.080+0000] {logging_mixin.py:151} INFO - [2023-10-03T14:20:01.080+0000] {dag.py:2907} INFO - Sync 1 DAGs
[2023-10-03T14:20:01.110+0000] {logging_mixin.py:151} INFO - [2023-10-03T14:20:01.110+0000] {dag.py:3677} INFO - Setting next_dagrun for Reddit_Post_Dag to None, run_after=None
[2023-10-03T14:20:01.155+0000] {processor.py:179} INFO - Processing /opt/airflow/dags/s001_dag.py took 0.177 seconds
[2023-10-03T14:20:31.401+0000] {processor.py:157} INFO - Started process (PID=164) to work on /opt/airflow/dags/s001_dag.py
[2023-10-03T14:20:31.403+0000] {processor.py:829} INFO - Processing file /opt/airflow/dags/s001_dag.py for tasks to queue
[2023-10-03T14:20:31.408+0000] {logging_mixin.py:151} INFO - [2023-10-03T14:20:31.408+0000] {dagbag.py:539} INFO - Filling up the DagBag from /opt/airflow/dags/s001_dag.py
[2023-10-03T14:20:31.436+0000] {processor.py:839} INFO - DAG(s) dict_keys(['Reddit_Post_Dag']) retrieved from /opt/airflow/dags/s001_dag.py
[2023-10-03T14:20:31.479+0000] {logging_mixin.py:151} INFO - [2023-10-03T14:20:31.479+0000] {dag.py:2907} INFO - Sync 1 DAGs
[2023-10-03T14:20:31.500+0000] {logging_mixin.py:151} INFO - [2023-10-03T14:20:31.499+0000] {dag.py:3677} INFO - Setting next_dagrun for Reddit_Post_Dag to None, run_after=None
[2023-10-03T14:20:31.532+0000] {processor.py:179} INFO - Processing /opt/airflow/dags/s001_dag.py took 0.136 seconds
[2023-10-03T14:21:01.663+0000] {processor.py:157} INFO - Started process (PID=172) to work on /opt/airflow/dags/s001_dag.py
[2023-10-03T14:21:01.665+0000] {processor.py:829} INFO - Processing file /opt/airflow/dags/s001_dag.py for tasks to queue
[2023-10-03T14:21:01.671+0000] {logging_mixin.py:151} INFO - [2023-10-03T14:21:01.670+0000] {dagbag.py:539} INFO - Filling up the DagBag from /opt/airflow/dags/s001_dag.py
[2023-10-03T14:21:01.701+0000] {logging_mixin.py:151} INFO - [2023-10-03T14:21:01.696+0000] {dagbag.py:347} ERROR - Failed to import: /opt/airflow/dags/s001_dag.py
Traceback (most recent call last):
  File "/home/airflow/.local/lib/python3.8/site-packages/airflow/models/dagbag.py", line 343, in parse
    loader.exec_module(new_module)
  File "<frozen importlib._bootstrap_external>", line 843, in exec_module
  File "<frozen importlib._bootstrap>", line 219, in _call_with_frames_removed
  File "/opt/airflow/dags/s001_dag.py", line 8, in <module>
    from reddit_data_extractor import extract_post_data
  File "/opt/airflow/plugins/reddit_data_extractor.py", line 1, in <module>
    import praw
ModuleNotFoundError: No module named 'praw'
[2023-10-03T14:21:01.702+0000] {processor.py:841} WARNING - No viable dags retrieved from /opt/airflow/dags/s001_dag.py
[2023-10-03T14:21:01.736+0000] {processor.py:179} INFO - Processing /opt/airflow/dags/s001_dag.py took 0.078 seconds
[2023-10-03T14:21:31.891+0000] {processor.py:157} INFO - Started process (PID=180) to work on /opt/airflow/dags/s001_dag.py
[2023-10-03T14:21:31.895+0000] {processor.py:829} INFO - Processing file /opt/airflow/dags/s001_dag.py for tasks to queue
[2023-10-03T14:21:31.903+0000] {logging_mixin.py:151} INFO - [2023-10-03T14:21:31.902+0000] {dagbag.py:539} INFO - Filling up the DagBag from /opt/airflow/dags/s001_dag.py
[2023-10-03T14:21:31.948+0000] {logging_mixin.py:151} INFO - [2023-10-03T14:21:31.940+0000] {dagbag.py:347} ERROR - Failed to import: /opt/airflow/dags/s001_dag.py
Traceback (most recent call last):
  File "/home/airflow/.local/lib/python3.8/site-packages/airflow/models/dagbag.py", line 343, in parse
    loader.exec_module(new_module)
  File "<frozen importlib._bootstrap_external>", line 843, in exec_module
  File "<frozen importlib._bootstrap>", line 219, in _call_with_frames_removed
  File "/opt/airflow/dags/s001_dag.py", line 8, in <module>
    from reddit_data_extractor import extract_post_data
  File "/opt/airflow/plugins/reddit_data_extractor.py", line 1, in <module>
    import praw
ModuleNotFoundError: No module named 'praw'
[2023-10-03T14:21:31.950+0000] {processor.py:841} WARNING - No viable dags retrieved from /opt/airflow/dags/s001_dag.py
[2023-10-03T14:21:31.979+0000] {processor.py:179} INFO - Processing /opt/airflow/dags/s001_dag.py took 0.094 seconds
[2023-10-03T14:22:02.199+0000] {processor.py:157} INFO - Started process (PID=189) to work on /opt/airflow/dags/s001_dag.py
[2023-10-03T14:22:02.202+0000] {processor.py:829} INFO - Processing file /opt/airflow/dags/s001_dag.py for tasks to queue
[2023-10-03T14:22:02.207+0000] {logging_mixin.py:151} INFO - [2023-10-03T14:22:02.207+0000] {dagbag.py:539} INFO - Filling up the DagBag from /opt/airflow/dags/s001_dag.py
[2023-10-03T14:22:02.240+0000] {logging_mixin.py:151} INFO - [2023-10-03T14:22:02.236+0000] {dagbag.py:347} ERROR - Failed to import: /opt/airflow/dags/s001_dag.py
Traceback (most recent call last):
  File "/home/airflow/.local/lib/python3.8/site-packages/airflow/models/dagbag.py", line 343, in parse
    loader.exec_module(new_module)
  File "<frozen importlib._bootstrap_external>", line 843, in exec_module
  File "<frozen importlib._bootstrap>", line 219, in _call_with_frames_removed
  File "/opt/airflow/dags/s001_dag.py", line 8, in <module>
    from reddit_data_extractor import extract_post_data
  File "/opt/airflow/plugins/reddit_data_extractor.py", line 1, in <module>
    import praw
ModuleNotFoundError: No module named 'praw'
[2023-10-03T14:22:02.241+0000] {processor.py:841} WARNING - No viable dags retrieved from /opt/airflow/dags/s001_dag.py
[2023-10-03T14:22:02.270+0000] {processor.py:179} INFO - Processing /opt/airflow/dags/s001_dag.py took 0.076 seconds
[2023-10-03T14:22:32.549+0000] {processor.py:157} INFO - Started process (PID=197) to work on /opt/airflow/dags/s001_dag.py
[2023-10-03T14:22:32.552+0000] {processor.py:829} INFO - Processing file /opt/airflow/dags/s001_dag.py for tasks to queue
[2023-10-03T14:22:32.554+0000] {logging_mixin.py:151} INFO - [2023-10-03T14:22:32.553+0000] {dagbag.py:539} INFO - Filling up the DagBag from /opt/airflow/dags/s001_dag.py
[2023-10-03T14:22:32.577+0000] {logging_mixin.py:151} INFO - [2023-10-03T14:22:32.572+0000] {dagbag.py:347} ERROR - Failed to import: /opt/airflow/dags/s001_dag.py
Traceback (most recent call last):
  File "/home/airflow/.local/lib/python3.8/site-packages/airflow/models/dagbag.py", line 343, in parse
    loader.exec_module(new_module)
  File "<frozen importlib._bootstrap_external>", line 843, in exec_module
  File "<frozen importlib._bootstrap>", line 219, in _call_with_frames_removed
  File "/opt/airflow/dags/s001_dag.py", line 8, in <module>
    from reddit_data_extractor import extract_post_data
  File "/opt/airflow/plugins/reddit_data_extractor.py", line 1, in <module>
    import praw
ModuleNotFoundError: No module named 'praw'
[2023-10-03T14:22:32.578+0000] {processor.py:841} WARNING - No viable dags retrieved from /opt/airflow/dags/s001_dag.py
[2023-10-03T14:22:32.603+0000] {processor.py:179} INFO - Processing /opt/airflow/dags/s001_dag.py took 0.059 seconds
[2023-10-03T14:23:02.801+0000] {processor.py:157} INFO - Started process (PID=205) to work on /opt/airflow/dags/s001_dag.py
[2023-10-03T14:23:02.803+0000] {processor.py:829} INFO - Processing file /opt/airflow/dags/s001_dag.py for tasks to queue
[2023-10-03T14:23:02.805+0000] {logging_mixin.py:151} INFO - [2023-10-03T14:23:02.804+0000] {dagbag.py:539} INFO - Filling up the DagBag from /opt/airflow/dags/s001_dag.py
[2023-10-03T14:23:02.824+0000] {logging_mixin.py:151} INFO - [2023-10-03T14:23:02.821+0000] {dagbag.py:347} ERROR - Failed to import: /opt/airflow/dags/s001_dag.py
Traceback (most recent call last):
  File "/home/airflow/.local/lib/python3.8/site-packages/airflow/models/dagbag.py", line 343, in parse
    loader.exec_module(new_module)
  File "<frozen importlib._bootstrap_external>", line 843, in exec_module
  File "<frozen importlib._bootstrap>", line 219, in _call_with_frames_removed
  File "/opt/airflow/dags/s001_dag.py", line 8, in <module>
    from reddit_data_extractor import extract_post_data
  File "/opt/airflow/plugins/reddit_data_extractor.py", line 1, in <module>
    import praw
ModuleNotFoundError: No module named 'praw'
[2023-10-03T14:23:02.826+0000] {processor.py:841} WARNING - No viable dags retrieved from /opt/airflow/dags/s001_dag.py
[2023-10-03T14:23:02.852+0000] {processor.py:179} INFO - Processing /opt/airflow/dags/s001_dag.py took 0.055 seconds
[2023-10-03T14:23:33.118+0000] {processor.py:157} INFO - Started process (PID=213) to work on /opt/airflow/dags/s001_dag.py
[2023-10-03T14:23:33.121+0000] {processor.py:829} INFO - Processing file /opt/airflow/dags/s001_dag.py for tasks to queue
[2023-10-03T14:23:33.123+0000] {logging_mixin.py:151} INFO - [2023-10-03T14:23:33.123+0000] {dagbag.py:539} INFO - Filling up the DagBag from /opt/airflow/dags/s001_dag.py
[2023-10-03T14:23:33.142+0000] {logging_mixin.py:151} INFO - [2023-10-03T14:23:33.138+0000] {dagbag.py:347} ERROR - Failed to import: /opt/airflow/dags/s001_dag.py
Traceback (most recent call last):
  File "/home/airflow/.local/lib/python3.8/site-packages/airflow/models/dagbag.py", line 343, in parse
    loader.exec_module(new_module)
  File "<frozen importlib._bootstrap_external>", line 843, in exec_module
  File "<frozen importlib._bootstrap>", line 219, in _call_with_frames_removed
  File "/opt/airflow/dags/s001_dag.py", line 8, in <module>
    from reddit_data_extractor import extract_post_data
  File "/opt/airflow/plugins/reddit_data_extractor.py", line 1, in <module>
    import praw
ModuleNotFoundError: No module named 'praw'
[2023-10-03T14:23:33.144+0000] {processor.py:841} WARNING - No viable dags retrieved from /opt/airflow/dags/s001_dag.py
[2023-10-03T14:23:33.176+0000] {processor.py:179} INFO - Processing /opt/airflow/dags/s001_dag.py took 0.063 seconds
[2023-10-03T14:24:03.369+0000] {processor.py:157} INFO - Started process (PID=221) to work on /opt/airflow/dags/s001_dag.py
[2023-10-03T14:24:03.374+0000] {processor.py:829} INFO - Processing file /opt/airflow/dags/s001_dag.py for tasks to queue
[2023-10-03T14:24:03.378+0000] {logging_mixin.py:151} INFO - [2023-10-03T14:24:03.377+0000] {dagbag.py:539} INFO - Filling up the DagBag from /opt/airflow/dags/s001_dag.py
[2023-10-03T14:24:03.414+0000] {logging_mixin.py:151} INFO - [2023-10-03T14:24:03.410+0000] {dagbag.py:347} ERROR - Failed to import: /opt/airflow/dags/s001_dag.py
Traceback (most recent call last):
  File "/home/airflow/.local/lib/python3.8/site-packages/airflow/models/dagbag.py", line 343, in parse
    loader.exec_module(new_module)
  File "<frozen importlib._bootstrap_external>", line 843, in exec_module
  File "<frozen importlib._bootstrap>", line 219, in _call_with_frames_removed
  File "/opt/airflow/dags/s001_dag.py", line 8, in <module>
    from reddit_data_extractor import extract_post_data
  File "/opt/airflow/plugins/reddit_data_extractor.py", line 1, in <module>
    import praw
ModuleNotFoundError: No module named 'praw'
[2023-10-03T14:24:03.417+0000] {processor.py:841} WARNING - No viable dags retrieved from /opt/airflow/dags/s001_dag.py
[2023-10-03T14:24:03.450+0000] {processor.py:179} INFO - Processing /opt/airflow/dags/s001_dag.py took 0.090 seconds
[2023-10-03T14:24:33.623+0000] {processor.py:157} INFO - Started process (PID=229) to work on /opt/airflow/dags/s001_dag.py
[2023-10-03T14:24:33.626+0000] {processor.py:829} INFO - Processing file /opt/airflow/dags/s001_dag.py for tasks to queue
[2023-10-03T14:24:33.629+0000] {logging_mixin.py:151} INFO - [2023-10-03T14:24:33.628+0000] {dagbag.py:539} INFO - Filling up the DagBag from /opt/airflow/dags/s001_dag.py
[2023-10-03T14:24:33.666+0000] {logging_mixin.py:151} INFO - [2023-10-03T14:24:33.662+0000] {dagbag.py:347} ERROR - Failed to import: /opt/airflow/dags/s001_dag.py
Traceback (most recent call last):
  File "/home/airflow/.local/lib/python3.8/site-packages/airflow/models/dagbag.py", line 343, in parse
    loader.exec_module(new_module)
  File "<frozen importlib._bootstrap_external>", line 843, in exec_module
  File "<frozen importlib._bootstrap>", line 219, in _call_with_frames_removed
  File "/opt/airflow/dags/s001_dag.py", line 8, in <module>
    from reddit_data_extractor import extract_post_data
  File "/opt/airflow/plugins/reddit_data_extractor.py", line 1, in <module>
    import praw
ModuleNotFoundError: No module named 'praw'
[2023-10-03T14:24:33.669+0000] {processor.py:841} WARNING - No viable dags retrieved from /opt/airflow/dags/s001_dag.py
[2023-10-03T14:24:33.696+0000] {processor.py:179} INFO - Processing /opt/airflow/dags/s001_dag.py took 0.079 seconds
[2023-10-03T14:25:03.948+0000] {processor.py:157} INFO - Started process (PID=237) to work on /opt/airflow/dags/s001_dag.py
[2023-10-03T14:25:03.952+0000] {processor.py:829} INFO - Processing file /opt/airflow/dags/s001_dag.py for tasks to queue
[2023-10-03T14:25:03.955+0000] {logging_mixin.py:151} INFO - [2023-10-03T14:25:03.954+0000] {dagbag.py:539} INFO - Filling up the DagBag from /opt/airflow/dags/s001_dag.py
[2023-10-03T14:25:03.987+0000] {logging_mixin.py:151} INFO - [2023-10-03T14:25:03.983+0000] {dagbag.py:347} ERROR - Failed to import: /opt/airflow/dags/s001_dag.py
Traceback (most recent call last):
  File "/home/airflow/.local/lib/python3.8/site-packages/airflow/models/dagbag.py", line 343, in parse
    loader.exec_module(new_module)
  File "<frozen importlib._bootstrap_external>", line 843, in exec_module
  File "<frozen importlib._bootstrap>", line 219, in _call_with_frames_removed
  File "/opt/airflow/dags/s001_dag.py", line 8, in <module>
    from reddit_data_extractor import extract_post_data
  File "/opt/airflow/plugins/reddit_data_extractor.py", line 1, in <module>
    import praw
ModuleNotFoundError: No module named 'praw'
[2023-10-03T14:25:03.989+0000] {processor.py:841} WARNING - No viable dags retrieved from /opt/airflow/dags/s001_dag.py
[2023-10-03T14:25:04.020+0000] {processor.py:179} INFO - Processing /opt/airflow/dags/s001_dag.py took 0.077 seconds
[2023-10-03T14:25:34.197+0000] {processor.py:157} INFO - Started process (PID=245) to work on /opt/airflow/dags/s001_dag.py
[2023-10-03T14:25:34.199+0000] {processor.py:829} INFO - Processing file /opt/airflow/dags/s001_dag.py for tasks to queue
[2023-10-03T14:25:34.201+0000] {logging_mixin.py:151} INFO - [2023-10-03T14:25:34.201+0000] {dagbag.py:539} INFO - Filling up the DagBag from /opt/airflow/dags/s001_dag.py
[2023-10-03T14:25:34.234+0000] {logging_mixin.py:151} INFO - [2023-10-03T14:25:34.230+0000] {dagbag.py:347} ERROR - Failed to import: /opt/airflow/dags/s001_dag.py
Traceback (most recent call last):
  File "/home/airflow/.local/lib/python3.8/site-packages/airflow/models/dagbag.py", line 343, in parse
    loader.exec_module(new_module)
  File "<frozen importlib._bootstrap_external>", line 843, in exec_module
  File "<frozen importlib._bootstrap>", line 219, in _call_with_frames_removed
  File "/opt/airflow/dags/s001_dag.py", line 8, in <module>
    from reddit_data_extractor import extract_post_data
  File "/opt/airflow/plugins/reddit_data_extractor.py", line 1, in <module>
    import praw
ModuleNotFoundError: No module named 'praw'
[2023-10-03T14:25:34.236+0000] {processor.py:841} WARNING - No viable dags retrieved from /opt/airflow/dags/s001_dag.py
[2023-10-03T14:25:34.261+0000] {processor.py:179} INFO - Processing /opt/airflow/dags/s001_dag.py took 0.070 seconds
[2023-10-03T14:26:04.516+0000] {processor.py:157} INFO - Started process (PID=253) to work on /opt/airflow/dags/s001_dag.py
[2023-10-03T14:26:04.519+0000] {processor.py:829} INFO - Processing file /opt/airflow/dags/s001_dag.py for tasks to queue
[2023-10-03T14:26:04.522+0000] {logging_mixin.py:151} INFO - [2023-10-03T14:26:04.521+0000] {dagbag.py:539} INFO - Filling up the DagBag from /opt/airflow/dags/s001_dag.py
[2023-10-03T14:26:04.547+0000] {logging_mixin.py:151} INFO - [2023-10-03T14:26:04.542+0000] {dagbag.py:347} ERROR - Failed to import: /opt/airflow/dags/s001_dag.py
Traceback (most recent call last):
  File "/home/airflow/.local/lib/python3.8/site-packages/airflow/models/dagbag.py", line 343, in parse
    loader.exec_module(new_module)
  File "<frozen importlib._bootstrap_external>", line 843, in exec_module
  File "<frozen importlib._bootstrap>", line 219, in _call_with_frames_removed
  File "/opt/airflow/dags/s001_dag.py", line 8, in <module>
    from reddit_data_extractor import extract_post_data
  File "/opt/airflow/plugins/reddit_data_extractor.py", line 1, in <module>
    import praw
ModuleNotFoundError: No module named 'praw'
[2023-10-03T14:26:04.548+0000] {processor.py:841} WARNING - No viable dags retrieved from /opt/airflow/dags/s001_dag.py
[2023-10-03T14:26:04.581+0000] {processor.py:179} INFO - Processing /opt/airflow/dags/s001_dag.py took 0.072 seconds
[2023-10-03T14:26:34.761+0000] {processor.py:157} INFO - Started process (PID=261) to work on /opt/airflow/dags/s001_dag.py
[2023-10-03T14:26:34.765+0000] {processor.py:829} INFO - Processing file /opt/airflow/dags/s001_dag.py for tasks to queue
[2023-10-03T14:26:34.768+0000] {logging_mixin.py:151} INFO - [2023-10-03T14:26:34.767+0000] {dagbag.py:539} INFO - Filling up the DagBag from /opt/airflow/dags/s001_dag.py
[2023-10-03T14:26:34.813+0000] {logging_mixin.py:151} INFO - [2023-10-03T14:26:34.804+0000] {dagbag.py:347} ERROR - Failed to import: /opt/airflow/dags/s001_dag.py
Traceback (most recent call last):
  File "/home/airflow/.local/lib/python3.8/site-packages/airflow/models/dagbag.py", line 343, in parse
    loader.exec_module(new_module)
  File "<frozen importlib._bootstrap_external>", line 843, in exec_module
  File "<frozen importlib._bootstrap>", line 219, in _call_with_frames_removed
  File "/opt/airflow/dags/s001_dag.py", line 8, in <module>
    from reddit_data_extractor import extract_post_data
  File "/opt/airflow/plugins/reddit_data_extractor.py", line 1, in <module>
    import praw
ModuleNotFoundError: No module named 'praw'
[2023-10-03T14:26:34.816+0000] {processor.py:841} WARNING - No viable dags retrieved from /opt/airflow/dags/s001_dag.py
[2023-10-03T14:26:34.855+0000] {processor.py:179} INFO - Processing /opt/airflow/dags/s001_dag.py took 0.099 seconds
[2023-10-03T14:27:05.075+0000] {processor.py:157} INFO - Started process (PID=269) to work on /opt/airflow/dags/s001_dag.py
[2023-10-03T14:27:05.078+0000] {processor.py:829} INFO - Processing file /opt/airflow/dags/s001_dag.py for tasks to queue
[2023-10-03T14:27:05.081+0000] {logging_mixin.py:151} INFO - [2023-10-03T14:27:05.080+0000] {dagbag.py:539} INFO - Filling up the DagBag from /opt/airflow/dags/s001_dag.py
[2023-10-03T14:27:05.118+0000] {logging_mixin.py:151} INFO - [2023-10-03T14:27:05.113+0000] {dagbag.py:347} ERROR - Failed to import: /opt/airflow/dags/s001_dag.py
Traceback (most recent call last):
  File "/home/airflow/.local/lib/python3.8/site-packages/airflow/models/dagbag.py", line 343, in parse
    loader.exec_module(new_module)
  File "<frozen importlib._bootstrap_external>", line 843, in exec_module
  File "<frozen importlib._bootstrap>", line 219, in _call_with_frames_removed
  File "/opt/airflow/dags/s001_dag.py", line 8, in <module>
    from reddit_data_extractor import extract_post_data
  File "/opt/airflow/plugins/reddit_data_extractor.py", line 1, in <module>
    import praw
ModuleNotFoundError: No module named 'praw'
[2023-10-03T14:27:05.121+0000] {processor.py:841} WARNING - No viable dags retrieved from /opt/airflow/dags/s001_dag.py
[2023-10-03T14:27:05.152+0000] {processor.py:179} INFO - Processing /opt/airflow/dags/s001_dag.py took 0.082 seconds
[2023-10-03T14:27:35.332+0000] {processor.py:157} INFO - Started process (PID=277) to work on /opt/airflow/dags/s001_dag.py
[2023-10-03T14:27:35.335+0000] {processor.py:829} INFO - Processing file /opt/airflow/dags/s001_dag.py for tasks to queue
[2023-10-03T14:27:35.337+0000] {logging_mixin.py:151} INFO - [2023-10-03T14:27:35.336+0000] {dagbag.py:539} INFO - Filling up the DagBag from /opt/airflow/dags/s001_dag.py
[2023-10-03T14:27:35.378+0000] {logging_mixin.py:151} INFO - [2023-10-03T14:27:35.373+0000] {dagbag.py:347} ERROR - Failed to import: /opt/airflow/dags/s001_dag.py
Traceback (most recent call last):
  File "/home/airflow/.local/lib/python3.8/site-packages/airflow/models/dagbag.py", line 343, in parse
    loader.exec_module(new_module)
  File "<frozen importlib._bootstrap_external>", line 843, in exec_module
  File "<frozen importlib._bootstrap>", line 219, in _call_with_frames_removed
  File "/opt/airflow/dags/s001_dag.py", line 8, in <module>
    from reddit_data_extractor import extract_post_data
  File "/opt/airflow/plugins/reddit_data_extractor.py", line 1, in <module>
    import praw
ModuleNotFoundError: No module named 'praw'
[2023-10-03T14:27:35.380+0000] {processor.py:841} WARNING - No viable dags retrieved from /opt/airflow/dags/s001_dag.py
[2023-10-03T14:27:35.406+0000] {processor.py:179} INFO - Processing /opt/airflow/dags/s001_dag.py took 0.080 seconds
[2023-10-03T14:28:05.639+0000] {processor.py:157} INFO - Started process (PID=284) to work on /opt/airflow/dags/s001_dag.py
[2023-10-03T14:28:05.643+0000] {processor.py:829} INFO - Processing file /opt/airflow/dags/s001_dag.py for tasks to queue
[2023-10-03T14:28:05.645+0000] {logging_mixin.py:151} INFO - [2023-10-03T14:28:05.645+0000] {dagbag.py:539} INFO - Filling up the DagBag from /opt/airflow/dags/s001_dag.py
[2023-10-03T14:28:05.674+0000] {logging_mixin.py:151} INFO - [2023-10-03T14:28:05.669+0000] {dagbag.py:347} ERROR - Failed to import: /opt/airflow/dags/s001_dag.py
Traceback (most recent call last):
  File "/home/airflow/.local/lib/python3.8/site-packages/airflow/models/dagbag.py", line 343, in parse
    loader.exec_module(new_module)
  File "<frozen importlib._bootstrap_external>", line 843, in exec_module
  File "<frozen importlib._bootstrap>", line 219, in _call_with_frames_removed
  File "/opt/airflow/dags/s001_dag.py", line 8, in <module>
    from reddit_data_extractor import extract_post_data
  File "/opt/airflow/plugins/reddit_data_extractor.py", line 1, in <module>
    import praw
ModuleNotFoundError: No module named 'praw'
[2023-10-03T14:28:05.676+0000] {processor.py:841} WARNING - No viable dags retrieved from /opt/airflow/dags/s001_dag.py
[2023-10-03T14:28:05.706+0000] {processor.py:179} INFO - Processing /opt/airflow/dags/s001_dag.py took 0.071 seconds
[2023-10-03T14:28:35.887+0000] {processor.py:157} INFO - Started process (PID=292) to work on /opt/airflow/dags/s001_dag.py
[2023-10-03T14:28:35.890+0000] {processor.py:829} INFO - Processing file /opt/airflow/dags/s001_dag.py for tasks to queue
[2023-10-03T14:28:35.893+0000] {logging_mixin.py:151} INFO - [2023-10-03T14:28:35.892+0000] {dagbag.py:539} INFO - Filling up the DagBag from /opt/airflow/dags/s001_dag.py
[2023-10-03T14:28:35.916+0000] {logging_mixin.py:151} INFO - [2023-10-03T14:28:35.912+0000] {dagbag.py:347} ERROR - Failed to import: /opt/airflow/dags/s001_dag.py
Traceback (most recent call last):
  File "/home/airflow/.local/lib/python3.8/site-packages/airflow/models/dagbag.py", line 343, in parse
    loader.exec_module(new_module)
  File "<frozen importlib._bootstrap_external>", line 843, in exec_module
  File "<frozen importlib._bootstrap>", line 219, in _call_with_frames_removed
  File "/opt/airflow/dags/s001_dag.py", line 8, in <module>
    from reddit_data_extractor import extract_post_data
  File "/opt/airflow/plugins/reddit_data_extractor.py", line 1, in <module>
    import praw
ModuleNotFoundError: No module named 'praw'
[2023-10-03T14:28:35.919+0000] {processor.py:841} WARNING - No viable dags retrieved from /opt/airflow/dags/s001_dag.py
[2023-10-03T14:28:35.947+0000] {processor.py:179} INFO - Processing /opt/airflow/dags/s001_dag.py took 0.067 seconds
[2023-10-03T14:29:06.300+0000] {processor.py:157} INFO - Started process (PID=300) to work on /opt/airflow/dags/s001_dag.py
[2023-10-03T14:29:06.303+0000] {processor.py:829} INFO - Processing file /opt/airflow/dags/s001_dag.py for tasks to queue
[2023-10-03T14:29:06.306+0000] {logging_mixin.py:151} INFO - [2023-10-03T14:29:06.305+0000] {dagbag.py:539} INFO - Filling up the DagBag from /opt/airflow/dags/s001_dag.py
[2023-10-03T14:29:06.337+0000] {logging_mixin.py:151} INFO - [2023-10-03T14:29:06.331+0000] {dagbag.py:347} ERROR - Failed to import: /opt/airflow/dags/s001_dag.py
Traceback (most recent call last):
  File "/home/airflow/.local/lib/python3.8/site-packages/airflow/models/dagbag.py", line 343, in parse
    loader.exec_module(new_module)
  File "<frozen importlib._bootstrap_external>", line 843, in exec_module
  File "<frozen importlib._bootstrap>", line 219, in _call_with_frames_removed
  File "/opt/airflow/dags/s001_dag.py", line 8, in <module>
    from reddit_data_extractor import extract_post_data
  File "/opt/airflow/plugins/reddit_data_extractor.py", line 1, in <module>
    import praw
ModuleNotFoundError: No module named 'praw'
[2023-10-03T14:29:06.339+0000] {processor.py:841} WARNING - No viable dags retrieved from /opt/airflow/dags/s001_dag.py
[2023-10-03T14:29:06.380+0000] {processor.py:179} INFO - Processing /opt/airflow/dags/s001_dag.py took 0.086 seconds
[2023-10-03T14:29:36.560+0000] {processor.py:157} INFO - Started process (PID=308) to work on /opt/airflow/dags/s001_dag.py
[2023-10-03T14:29:36.563+0000] {processor.py:829} INFO - Processing file /opt/airflow/dags/s001_dag.py for tasks to queue
[2023-10-03T14:29:36.565+0000] {logging_mixin.py:151} INFO - [2023-10-03T14:29:36.565+0000] {dagbag.py:539} INFO - Filling up the DagBag from /opt/airflow/dags/s001_dag.py
[2023-10-03T14:29:36.589+0000] {logging_mixin.py:151} INFO - [2023-10-03T14:29:36.584+0000] {dagbag.py:347} ERROR - Failed to import: /opt/airflow/dags/s001_dag.py
Traceback (most recent call last):
  File "/home/airflow/.local/lib/python3.8/site-packages/airflow/models/dagbag.py", line 343, in parse
    loader.exec_module(new_module)
  File "<frozen importlib._bootstrap_external>", line 843, in exec_module
  File "<frozen importlib._bootstrap>", line 219, in _call_with_frames_removed
  File "/opt/airflow/dags/s001_dag.py", line 8, in <module>
    from reddit_data_extractor import extract_post_data
  File "/opt/airflow/plugins/reddit_data_extractor.py", line 1, in <module>
    import praw
ModuleNotFoundError: No module named 'praw'
[2023-10-03T14:29:36.591+0000] {processor.py:841} WARNING - No viable dags retrieved from /opt/airflow/dags/s001_dag.py
[2023-10-03T14:29:36.622+0000] {processor.py:179} INFO - Processing /opt/airflow/dags/s001_dag.py took 0.068 seconds
[2023-10-03T14:30:06.842+0000] {processor.py:157} INFO - Started process (PID=316) to work on /opt/airflow/dags/s001_dag.py
[2023-10-03T14:30:06.844+0000] {processor.py:829} INFO - Processing file /opt/airflow/dags/s001_dag.py for tasks to queue
[2023-10-03T14:30:06.846+0000] {logging_mixin.py:151} INFO - [2023-10-03T14:30:06.846+0000] {dagbag.py:539} INFO - Filling up the DagBag from /opt/airflow/dags/s001_dag.py
[2023-10-03T14:30:06.870+0000] {logging_mixin.py:151} INFO - [2023-10-03T14:30:06.865+0000] {dagbag.py:347} ERROR - Failed to import: /opt/airflow/dags/s001_dag.py
Traceback (most recent call last):
  File "/home/airflow/.local/lib/python3.8/site-packages/airflow/models/dagbag.py", line 343, in parse
    loader.exec_module(new_module)
  File "<frozen importlib._bootstrap_external>", line 843, in exec_module
  File "<frozen importlib._bootstrap>", line 219, in _call_with_frames_removed
  File "/opt/airflow/dags/s001_dag.py", line 8, in <module>
    from reddit_data_extractor import extract_post_data
  File "/opt/airflow/plugins/reddit_data_extractor.py", line 1, in <module>
    import praw
ModuleNotFoundError: No module named 'praw'
[2023-10-03T14:30:06.872+0000] {processor.py:841} WARNING - No viable dags retrieved from /opt/airflow/dags/s001_dag.py
[2023-10-03T14:30:06.900+0000] {processor.py:179} INFO - Processing /opt/airflow/dags/s001_dag.py took 0.063 seconds
[2023-10-03T14:30:37.073+0000] {processor.py:157} INFO - Started process (PID=325) to work on /opt/airflow/dags/s001_dag.py
[2023-10-03T14:30:37.076+0000] {processor.py:829} INFO - Processing file /opt/airflow/dags/s001_dag.py for tasks to queue
[2023-10-03T14:30:37.078+0000] {logging_mixin.py:151} INFO - [2023-10-03T14:30:37.078+0000] {dagbag.py:539} INFO - Filling up the DagBag from /opt/airflow/dags/s001_dag.py
[2023-10-03T14:30:37.101+0000] {logging_mixin.py:151} INFO - [2023-10-03T14:30:37.097+0000] {dagbag.py:347} ERROR - Failed to import: /opt/airflow/dags/s001_dag.py
Traceback (most recent call last):
  File "/home/airflow/.local/lib/python3.8/site-packages/airflow/models/dagbag.py", line 343, in parse
    loader.exec_module(new_module)
  File "<frozen importlib._bootstrap_external>", line 843, in exec_module
  File "<frozen importlib._bootstrap>", line 219, in _call_with_frames_removed
  File "/opt/airflow/dags/s001_dag.py", line 8, in <module>
    from reddit_data_extractor import extract_post_data
  File "/opt/airflow/plugins/reddit_data_extractor.py", line 1, in <module>
    import praw
ModuleNotFoundError: No module named 'praw'
[2023-10-03T14:30:37.102+0000] {processor.py:841} WARNING - No viable dags retrieved from /opt/airflow/dags/s001_dag.py
[2023-10-03T14:30:37.131+0000] {processor.py:179} INFO - Processing /opt/airflow/dags/s001_dag.py took 0.065 seconds
[2023-10-03T14:31:07.388+0000] {processor.py:157} INFO - Started process (PID=333) to work on /opt/airflow/dags/s001_dag.py
[2023-10-03T14:31:07.390+0000] {processor.py:829} INFO - Processing file /opt/airflow/dags/s001_dag.py for tasks to queue
[2023-10-03T14:31:07.394+0000] {logging_mixin.py:151} INFO - [2023-10-03T14:31:07.393+0000] {dagbag.py:539} INFO - Filling up the DagBag from /opt/airflow/dags/s001_dag.py
[2023-10-03T14:31:07.417+0000] {logging_mixin.py:151} INFO - [2023-10-03T14:31:07.412+0000] {dagbag.py:347} ERROR - Failed to import: /opt/airflow/dags/s001_dag.py
Traceback (most recent call last):
  File "/home/airflow/.local/lib/python3.8/site-packages/airflow/models/dagbag.py", line 343, in parse
    loader.exec_module(new_module)
  File "<frozen importlib._bootstrap_external>", line 843, in exec_module
  File "<frozen importlib._bootstrap>", line 219, in _call_with_frames_removed
  File "/opt/airflow/dags/s001_dag.py", line 8, in <module>
    from reddit_data_extractor import extract_post_data
  File "/opt/airflow/plugins/reddit_data_extractor.py", line 1, in <module>
    import praw
ModuleNotFoundError: No module named 'praw'
[2023-10-03T14:31:07.418+0000] {processor.py:841} WARNING - No viable dags retrieved from /opt/airflow/dags/s001_dag.py
[2023-10-03T14:31:07.447+0000] {processor.py:179} INFO - Processing /opt/airflow/dags/s001_dag.py took 0.064 seconds
[2023-10-03T14:31:37.650+0000] {processor.py:157} INFO - Started process (PID=342) to work on /opt/airflow/dags/s001_dag.py
[2023-10-03T14:31:37.652+0000] {processor.py:829} INFO - Processing file /opt/airflow/dags/s001_dag.py for tasks to queue
[2023-10-03T14:31:37.655+0000] {logging_mixin.py:151} INFO - [2023-10-03T14:31:37.654+0000] {dagbag.py:539} INFO - Filling up the DagBag from /opt/airflow/dags/s001_dag.py
[2023-10-03T14:31:37.675+0000] {logging_mixin.py:151} INFO - [2023-10-03T14:31:37.671+0000] {dagbag.py:347} ERROR - Failed to import: /opt/airflow/dags/s001_dag.py
Traceback (most recent call last):
  File "/home/airflow/.local/lib/python3.8/site-packages/airflow/models/dagbag.py", line 343, in parse
    loader.exec_module(new_module)
  File "<frozen importlib._bootstrap_external>", line 843, in exec_module
  File "<frozen importlib._bootstrap>", line 219, in _call_with_frames_removed
  File "/opt/airflow/dags/s001_dag.py", line 8, in <module>
    from reddit_data_extractor import extract_post_data
  File "/opt/airflow/plugins/reddit_data_extractor.py", line 1, in <module>
    import praw
ModuleNotFoundError: No module named 'praw'
[2023-10-03T14:31:37.678+0000] {processor.py:841} WARNING - No viable dags retrieved from /opt/airflow/dags/s001_dag.py
[2023-10-03T14:31:37.706+0000] {processor.py:179} INFO - Processing /opt/airflow/dags/s001_dag.py took 0.064 seconds
[2023-10-03T14:32:07.902+0000] {processor.py:157} INFO - Started process (PID=351) to work on /opt/airflow/dags/s001_dag.py
[2023-10-03T14:32:07.905+0000] {processor.py:829} INFO - Processing file /opt/airflow/dags/s001_dag.py for tasks to queue
[2023-10-03T14:32:07.907+0000] {logging_mixin.py:151} INFO - [2023-10-03T14:32:07.906+0000] {dagbag.py:539} INFO - Filling up the DagBag from /opt/airflow/dags/s001_dag.py
[2023-10-03T14:32:07.927+0000] {logging_mixin.py:151} INFO - [2023-10-03T14:32:07.922+0000] {dagbag.py:347} ERROR - Failed to import: /opt/airflow/dags/s001_dag.py
Traceback (most recent call last):
  File "/home/airflow/.local/lib/python3.8/site-packages/airflow/models/dagbag.py", line 343, in parse
    loader.exec_module(new_module)
  File "<frozen importlib._bootstrap_external>", line 843, in exec_module
  File "<frozen importlib._bootstrap>", line 219, in _call_with_frames_removed
  File "/opt/airflow/dags/s001_dag.py", line 8, in <module>
    from reddit_data_extractor import extract_post_data
  File "/opt/airflow/plugins/reddit_data_extractor.py", line 1, in <module>
    import praw
ModuleNotFoundError: No module named 'praw'
[2023-10-03T14:32:07.929+0000] {processor.py:841} WARNING - No viable dags retrieved from /opt/airflow/dags/s001_dag.py
[2023-10-03T14:32:07.955+0000] {processor.py:179} INFO - Processing /opt/airflow/dags/s001_dag.py took 0.058 seconds
[2023-10-03T14:32:38.162+0000] {processor.py:157} INFO - Started process (PID=359) to work on /opt/airflow/dags/s001_dag.py
[2023-10-03T14:32:38.165+0000] {processor.py:829} INFO - Processing file /opt/airflow/dags/s001_dag.py for tasks to queue
[2023-10-03T14:32:38.168+0000] {logging_mixin.py:151} INFO - [2023-10-03T14:32:38.167+0000] {dagbag.py:539} INFO - Filling up the DagBag from /opt/airflow/dags/s001_dag.py
[2023-10-03T14:32:38.191+0000] {logging_mixin.py:151} INFO - [2023-10-03T14:32:38.186+0000] {dagbag.py:347} ERROR - Failed to import: /opt/airflow/dags/s001_dag.py
Traceback (most recent call last):
  File "/home/airflow/.local/lib/python3.8/site-packages/airflow/models/dagbag.py", line 343, in parse
    loader.exec_module(new_module)
  File "<frozen importlib._bootstrap_external>", line 843, in exec_module
  File "<frozen importlib._bootstrap>", line 219, in _call_with_frames_removed
  File "/opt/airflow/dags/s001_dag.py", line 8, in <module>
    from reddit_data_extractor import extract_post_data
  File "/opt/airflow/plugins/reddit_data_extractor.py", line 1, in <module>
    import praw
ModuleNotFoundError: No module named 'praw'
[2023-10-03T14:32:38.193+0000] {processor.py:841} WARNING - No viable dags retrieved from /opt/airflow/dags/s001_dag.py
[2023-10-03T14:32:38.226+0000] {processor.py:179} INFO - Processing /opt/airflow/dags/s001_dag.py took 0.070 seconds
[2023-10-03T14:33:08.428+0000] {processor.py:157} INFO - Started process (PID=367) to work on /opt/airflow/dags/s001_dag.py
[2023-10-03T14:33:08.432+0000] {processor.py:829} INFO - Processing file /opt/airflow/dags/s001_dag.py for tasks to queue
[2023-10-03T14:33:08.434+0000] {logging_mixin.py:151} INFO - [2023-10-03T14:33:08.434+0000] {dagbag.py:539} INFO - Filling up the DagBag from /opt/airflow/dags/s001_dag.py
[2023-10-03T14:33:08.458+0000] {logging_mixin.py:151} INFO - [2023-10-03T14:33:08.453+0000] {dagbag.py:347} ERROR - Failed to import: /opt/airflow/dags/s001_dag.py
Traceback (most recent call last):
  File "/home/airflow/.local/lib/python3.8/site-packages/airflow/models/dagbag.py", line 343, in parse
    loader.exec_module(new_module)
  File "<frozen importlib._bootstrap_external>", line 843, in exec_module
  File "<frozen importlib._bootstrap>", line 219, in _call_with_frames_removed
  File "/opt/airflow/dags/s001_dag.py", line 8, in <module>
    from reddit_data_extractor import extract_post_data
  File "/opt/airflow/plugins/reddit_data_extractor.py", line 1, in <module>
    import praw
ModuleNotFoundError: No module named 'praw'
[2023-10-03T14:33:08.461+0000] {processor.py:841} WARNING - No viable dags retrieved from /opt/airflow/dags/s001_dag.py
[2023-10-03T14:33:08.490+0000] {processor.py:179} INFO - Processing /opt/airflow/dags/s001_dag.py took 0.068 seconds
[2023-10-03T14:33:38.707+0000] {processor.py:157} INFO - Started process (PID=375) to work on /opt/airflow/dags/s001_dag.py
[2023-10-03T14:33:38.709+0000] {processor.py:829} INFO - Processing file /opt/airflow/dags/s001_dag.py for tasks to queue
[2023-10-03T14:33:38.712+0000] {logging_mixin.py:151} INFO - [2023-10-03T14:33:38.711+0000] {dagbag.py:539} INFO - Filling up the DagBag from /opt/airflow/dags/s001_dag.py
[2023-10-03T14:33:38.733+0000] {logging_mixin.py:151} INFO - [2023-10-03T14:33:38.728+0000] {dagbag.py:347} ERROR - Failed to import: /opt/airflow/dags/s001_dag.py
Traceback (most recent call last):
  File "/home/airflow/.local/lib/python3.8/site-packages/airflow/models/dagbag.py", line 343, in parse
    loader.exec_module(new_module)
  File "<frozen importlib._bootstrap_external>", line 843, in exec_module
  File "<frozen importlib._bootstrap>", line 219, in _call_with_frames_removed
  File "/opt/airflow/dags/s001_dag.py", line 8, in <module>
    from reddit_data_extractor import extract_post_data
  File "/opt/airflow/plugins/reddit_data_extractor.py", line 1, in <module>
    import praw
ModuleNotFoundError: No module named 'praw'
[2023-10-03T14:33:38.734+0000] {processor.py:841} WARNING - No viable dags retrieved from /opt/airflow/dags/s001_dag.py
[2023-10-03T14:33:38.763+0000] {processor.py:179} INFO - Processing /opt/airflow/dags/s001_dag.py took 0.062 seconds
[2023-10-03T14:34:08.997+0000] {processor.py:157} INFO - Started process (PID=383) to work on /opt/airflow/dags/s001_dag.py
[2023-10-03T14:34:09.000+0000] {processor.py:829} INFO - Processing file /opt/airflow/dags/s001_dag.py for tasks to queue
[2023-10-03T14:34:09.002+0000] {logging_mixin.py:151} INFO - [2023-10-03T14:34:09.001+0000] {dagbag.py:539} INFO - Filling up the DagBag from /opt/airflow/dags/s001_dag.py
[2023-10-03T14:34:09.023+0000] {logging_mixin.py:151} INFO - [2023-10-03T14:34:09.018+0000] {dagbag.py:347} ERROR - Failed to import: /opt/airflow/dags/s001_dag.py
Traceback (most recent call last):
  File "/home/airflow/.local/lib/python3.8/site-packages/airflow/models/dagbag.py", line 343, in parse
    loader.exec_module(new_module)
  File "<frozen importlib._bootstrap_external>", line 843, in exec_module
  File "<frozen importlib._bootstrap>", line 219, in _call_with_frames_removed
  File "/opt/airflow/dags/s001_dag.py", line 8, in <module>
    from reddit_data_extractor import extract_post_data
  File "/opt/airflow/plugins/reddit_data_extractor.py", line 1, in <module>
    import praw
ModuleNotFoundError: No module named 'praw'
[2023-10-03T14:34:09.024+0000] {processor.py:841} WARNING - No viable dags retrieved from /opt/airflow/dags/s001_dag.py
[2023-10-03T14:34:09.053+0000] {processor.py:179} INFO - Processing /opt/airflow/dags/s001_dag.py took 0.062 seconds
[2023-10-03T14:34:39.275+0000] {processor.py:157} INFO - Started process (PID=391) to work on /opt/airflow/dags/s001_dag.py
[2023-10-03T14:34:39.277+0000] {processor.py:829} INFO - Processing file /opt/airflow/dags/s001_dag.py for tasks to queue
[2023-10-03T14:34:39.280+0000] {logging_mixin.py:151} INFO - [2023-10-03T14:34:39.279+0000] {dagbag.py:539} INFO - Filling up the DagBag from /opt/airflow/dags/s001_dag.py
[2023-10-03T14:34:39.304+0000] {logging_mixin.py:151} INFO - [2023-10-03T14:34:39.300+0000] {dagbag.py:347} ERROR - Failed to import: /opt/airflow/dags/s001_dag.py
Traceback (most recent call last):
  File "/home/airflow/.local/lib/python3.8/site-packages/airflow/models/dagbag.py", line 343, in parse
    loader.exec_module(new_module)
  File "<frozen importlib._bootstrap_external>", line 843, in exec_module
  File "<frozen importlib._bootstrap>", line 219, in _call_with_frames_removed
  File "/opt/airflow/dags/s001_dag.py", line 8, in <module>
    from reddit_data_extractor import extract_post_data
  File "/opt/airflow/plugins/reddit_data_extractor.py", line 1, in <module>
    import praw
ModuleNotFoundError: No module named 'praw'
[2023-10-03T14:34:39.306+0000] {processor.py:841} WARNING - No viable dags retrieved from /opt/airflow/dags/s001_dag.py
[2023-10-03T14:34:39.337+0000] {processor.py:179} INFO - Processing /opt/airflow/dags/s001_dag.py took 0.068 seconds
[2023-10-03T14:35:09.509+0000] {processor.py:157} INFO - Started process (PID=399) to work on /opt/airflow/dags/s001_dag.py
[2023-10-03T14:35:09.512+0000] {processor.py:829} INFO - Processing file /opt/airflow/dags/s001_dag.py for tasks to queue
[2023-10-03T14:35:09.515+0000] {logging_mixin.py:151} INFO - [2023-10-03T14:35:09.515+0000] {dagbag.py:539} INFO - Filling up the DagBag from /opt/airflow/dags/s001_dag.py
[2023-10-03T14:35:09.544+0000] {logging_mixin.py:151} INFO - [2023-10-03T14:35:09.540+0000] {dagbag.py:347} ERROR - Failed to import: /opt/airflow/dags/s001_dag.py
Traceback (most recent call last):
  File "/home/airflow/.local/lib/python3.8/site-packages/airflow/models/dagbag.py", line 343, in parse
    loader.exec_module(new_module)
  File "<frozen importlib._bootstrap_external>", line 843, in exec_module
  File "<frozen importlib._bootstrap>", line 219, in _call_with_frames_removed
  File "/opt/airflow/dags/s001_dag.py", line 8, in <module>
    from reddit_data_extractor import extract_post_data
  File "/opt/airflow/plugins/reddit_data_extractor.py", line 1, in <module>
    import praw
ModuleNotFoundError: No module named 'praw'
[2023-10-03T14:35:09.545+0000] {processor.py:841} WARNING - No viable dags retrieved from /opt/airflow/dags/s001_dag.py
[2023-10-03T14:35:09.590+0000] {processor.py:179} INFO - Processing /opt/airflow/dags/s001_dag.py took 0.088 seconds
[2023-10-03T14:35:39.856+0000] {processor.py:157} INFO - Started process (PID=407) to work on /opt/airflow/dags/s001_dag.py
[2023-10-03T14:35:39.858+0000] {processor.py:829} INFO - Processing file /opt/airflow/dags/s001_dag.py for tasks to queue
[2023-10-03T14:35:39.861+0000] {logging_mixin.py:151} INFO - [2023-10-03T14:35:39.860+0000] {dagbag.py:539} INFO - Filling up the DagBag from /opt/airflow/dags/s001_dag.py
[2023-10-03T14:35:39.884+0000] {logging_mixin.py:151} INFO - [2023-10-03T14:35:39.879+0000] {dagbag.py:347} ERROR - Failed to import: /opt/airflow/dags/s001_dag.py
Traceback (most recent call last):
  File "/home/airflow/.local/lib/python3.8/site-packages/airflow/models/dagbag.py", line 343, in parse
    loader.exec_module(new_module)
  File "<frozen importlib._bootstrap_external>", line 843, in exec_module
  File "<frozen importlib._bootstrap>", line 219, in _call_with_frames_removed
  File "/opt/airflow/dags/s001_dag.py", line 8, in <module>
    from reddit_data_extractor import extract_post_data
  File "/opt/airflow/plugins/reddit_data_extractor.py", line 1, in <module>
    import praw
ModuleNotFoundError: No module named 'praw'
[2023-10-03T14:35:39.886+0000] {processor.py:841} WARNING - No viable dags retrieved from /opt/airflow/dags/s001_dag.py
[2023-10-03T14:35:39.915+0000] {processor.py:179} INFO - Processing /opt/airflow/dags/s001_dag.py took 0.064 seconds
[2023-10-03T14:36:10.205+0000] {processor.py:157} INFO - Started process (PID=415) to work on /opt/airflow/dags/s001_dag.py
[2023-10-03T14:36:10.208+0000] {processor.py:829} INFO - Processing file /opt/airflow/dags/s001_dag.py for tasks to queue
[2023-10-03T14:36:10.211+0000] {logging_mixin.py:151} INFO - [2023-10-03T14:36:10.210+0000] {dagbag.py:539} INFO - Filling up the DagBag from /opt/airflow/dags/s001_dag.py
[2023-10-03T14:36:10.233+0000] {logging_mixin.py:151} INFO - [2023-10-03T14:36:10.229+0000] {dagbag.py:347} ERROR - Failed to import: /opt/airflow/dags/s001_dag.py
Traceback (most recent call last):
  File "/home/airflow/.local/lib/python3.8/site-packages/airflow/models/dagbag.py", line 343, in parse
    loader.exec_module(new_module)
  File "<frozen importlib._bootstrap_external>", line 843, in exec_module
  File "<frozen importlib._bootstrap>", line 219, in _call_with_frames_removed
  File "/opt/airflow/dags/s001_dag.py", line 8, in <module>
    from reddit_data_extractor import extract_post_data
  File "/opt/airflow/plugins/reddit_data_extractor.py", line 1, in <module>
    import praw
ModuleNotFoundError: No module named 'praw'
[2023-10-03T14:36:10.234+0000] {processor.py:841} WARNING - No viable dags retrieved from /opt/airflow/dags/s001_dag.py
[2023-10-03T14:36:10.266+0000] {processor.py:179} INFO - Processing /opt/airflow/dags/s001_dag.py took 0.066 seconds
[2023-10-03T14:36:40.495+0000] {processor.py:157} INFO - Started process (PID=423) to work on /opt/airflow/dags/s001_dag.py
[2023-10-03T14:36:40.498+0000] {processor.py:829} INFO - Processing file /opt/airflow/dags/s001_dag.py for tasks to queue
[2023-10-03T14:36:40.500+0000] {logging_mixin.py:151} INFO - [2023-10-03T14:36:40.500+0000] {dagbag.py:539} INFO - Filling up the DagBag from /opt/airflow/dags/s001_dag.py
[2023-10-03T14:36:40.521+0000] {logging_mixin.py:151} INFO - [2023-10-03T14:36:40.517+0000] {dagbag.py:347} ERROR - Failed to import: /opt/airflow/dags/s001_dag.py
Traceback (most recent call last):
  File "/home/airflow/.local/lib/python3.8/site-packages/airflow/models/dagbag.py", line 343, in parse
    loader.exec_module(new_module)
  File "<frozen importlib._bootstrap_external>", line 843, in exec_module
  File "<frozen importlib._bootstrap>", line 219, in _call_with_frames_removed
  File "/opt/airflow/dags/s001_dag.py", line 8, in <module>
    from reddit_data_extractor import extract_post_data
  File "/opt/airflow/plugins/reddit_data_extractor.py", line 1, in <module>
    import praw
ModuleNotFoundError: No module named 'praw'
[2023-10-03T14:36:40.522+0000] {processor.py:841} WARNING - No viable dags retrieved from /opt/airflow/dags/s001_dag.py
[2023-10-03T14:36:40.549+0000] {processor.py:179} INFO - Processing /opt/airflow/dags/s001_dag.py took 0.059 seconds
[2023-10-03T14:37:10.860+0000] {processor.py:157} INFO - Started process (PID=431) to work on /opt/airflow/dags/s001_dag.py
[2023-10-03T14:37:10.863+0000] {processor.py:829} INFO - Processing file /opt/airflow/dags/s001_dag.py for tasks to queue
[2023-10-03T14:37:10.866+0000] {logging_mixin.py:151} INFO - [2023-10-03T14:37:10.866+0000] {dagbag.py:539} INFO - Filling up the DagBag from /opt/airflow/dags/s001_dag.py
[2023-10-03T14:37:10.895+0000] {logging_mixin.py:151} INFO - [2023-10-03T14:37:10.890+0000] {dagbag.py:347} ERROR - Failed to import: /opt/airflow/dags/s001_dag.py
Traceback (most recent call last):
  File "/home/airflow/.local/lib/python3.8/site-packages/airflow/models/dagbag.py", line 343, in parse
    loader.exec_module(new_module)
  File "<frozen importlib._bootstrap_external>", line 843, in exec_module
  File "<frozen importlib._bootstrap>", line 219, in _call_with_frames_removed
  File "/opt/airflow/dags/s001_dag.py", line 8, in <module>
    from reddit_data_extractor import extract_post_data
  File "/opt/airflow/plugins/reddit_data_extractor.py", line 1, in <module>
    import praw
ModuleNotFoundError: No module named 'praw'
[2023-10-03T14:37:10.896+0000] {processor.py:841} WARNING - No viable dags retrieved from /opt/airflow/dags/s001_dag.py
[2023-10-03T14:37:10.939+0000] {processor.py:179} INFO - Processing /opt/airflow/dags/s001_dag.py took 0.085 seconds
[2023-10-03T14:37:41.110+0000] {processor.py:157} INFO - Started process (PID=439) to work on /opt/airflow/dags/s001_dag.py
[2023-10-03T14:37:41.114+0000] {processor.py:829} INFO - Processing file /opt/airflow/dags/s001_dag.py for tasks to queue
[2023-10-03T14:37:41.117+0000] {logging_mixin.py:151} INFO - [2023-10-03T14:37:41.116+0000] {dagbag.py:539} INFO - Filling up the DagBag from /opt/airflow/dags/s001_dag.py
[2023-10-03T14:37:41.138+0000] {logging_mixin.py:151} INFO - [2023-10-03T14:37:41.133+0000] {dagbag.py:347} ERROR - Failed to import: /opt/airflow/dags/s001_dag.py
Traceback (most recent call last):
  File "/home/airflow/.local/lib/python3.8/site-packages/airflow/models/dagbag.py", line 343, in parse
    loader.exec_module(new_module)
  File "<frozen importlib._bootstrap_external>", line 843, in exec_module
  File "<frozen importlib._bootstrap>", line 219, in _call_with_frames_removed
  File "/opt/airflow/dags/s001_dag.py", line 8, in <module>
    from reddit_data_extractor import extract_post_data
  File "/opt/airflow/plugins/reddit_data_extractor.py", line 1, in <module>
    import praw
ModuleNotFoundError: No module named 'praw'
[2023-10-03T14:37:41.139+0000] {processor.py:841} WARNING - No viable dags retrieved from /opt/airflow/dags/s001_dag.py
[2023-10-03T14:37:41.169+0000] {processor.py:179} INFO - Processing /opt/airflow/dags/s001_dag.py took 0.064 seconds
[2023-10-03T14:38:11.461+0000] {processor.py:157} INFO - Started process (PID=447) to work on /opt/airflow/dags/s001_dag.py
[2023-10-03T14:38:11.481+0000] {processor.py:829} INFO - Processing file /opt/airflow/dags/s001_dag.py for tasks to queue
[2023-10-03T14:38:11.484+0000] {logging_mixin.py:151} INFO - [2023-10-03T14:38:11.484+0000] {dagbag.py:539} INFO - Filling up the DagBag from /opt/airflow/dags/s001_dag.py
[2023-10-03T14:38:11.506+0000] {logging_mixin.py:151} INFO - [2023-10-03T14:38:11.502+0000] {dagbag.py:347} ERROR - Failed to import: /opt/airflow/dags/s001_dag.py
Traceback (most recent call last):
  File "/home/airflow/.local/lib/python3.8/site-packages/airflow/models/dagbag.py", line 343, in parse
    loader.exec_module(new_module)
  File "<frozen importlib._bootstrap_external>", line 843, in exec_module
  File "<frozen importlib._bootstrap>", line 219, in _call_with_frames_removed
  File "/opt/airflow/dags/s001_dag.py", line 8, in <module>
    from reddit_data_extractor import extract_post_data
  File "/opt/airflow/plugins/reddit_data_extractor.py", line 1, in <module>
    import praw
ModuleNotFoundError: No module named 'praw'
[2023-10-03T14:38:11.508+0000] {processor.py:841} WARNING - No viable dags retrieved from /opt/airflow/dags/s001_dag.py
[2023-10-03T14:38:11.537+0000] {processor.py:179} INFO - Processing /opt/airflow/dags/s001_dag.py took 0.081 seconds
[2023-10-03T14:38:41.739+0000] {processor.py:157} INFO - Started process (PID=455) to work on /opt/airflow/dags/s001_dag.py
[2023-10-03T14:38:41.741+0000] {processor.py:829} INFO - Processing file /opt/airflow/dags/s001_dag.py for tasks to queue
[2023-10-03T14:38:41.744+0000] {logging_mixin.py:151} INFO - [2023-10-03T14:38:41.743+0000] {dagbag.py:539} INFO - Filling up the DagBag from /opt/airflow/dags/s001_dag.py
[2023-10-03T14:38:41.766+0000] {logging_mixin.py:151} INFO - [2023-10-03T14:38:41.761+0000] {dagbag.py:347} ERROR - Failed to import: /opt/airflow/dags/s001_dag.py
Traceback (most recent call last):
  File "/home/airflow/.local/lib/python3.8/site-packages/airflow/models/dagbag.py", line 343, in parse
    loader.exec_module(new_module)
  File "<frozen importlib._bootstrap_external>", line 843, in exec_module
  File "<frozen importlib._bootstrap>", line 219, in _call_with_frames_removed
  File "/opt/airflow/dags/s001_dag.py", line 8, in <module>
    from reddit_data_extractor import extract_post_data
  File "/opt/airflow/plugins/reddit_data_extractor.py", line 1, in <module>
    import praw
ModuleNotFoundError: No module named 'praw'
[2023-10-03T14:38:41.768+0000] {processor.py:841} WARNING - No viable dags retrieved from /opt/airflow/dags/s001_dag.py
[2023-10-03T14:38:41.800+0000] {processor.py:179} INFO - Processing /opt/airflow/dags/s001_dag.py took 0.067 seconds
[2023-10-03T14:39:12.024+0000] {processor.py:157} INFO - Started process (PID=463) to work on /opt/airflow/dags/s001_dag.py
[2023-10-03T14:39:12.028+0000] {processor.py:829} INFO - Processing file /opt/airflow/dags/s001_dag.py for tasks to queue
[2023-10-03T14:39:12.030+0000] {logging_mixin.py:151} INFO - [2023-10-03T14:39:12.029+0000] {dagbag.py:539} INFO - Filling up the DagBag from /opt/airflow/dags/s001_dag.py
[2023-10-03T14:39:12.053+0000] {logging_mixin.py:151} INFO - [2023-10-03T14:39:12.049+0000] {dagbag.py:347} ERROR - Failed to import: /opt/airflow/dags/s001_dag.py
Traceback (most recent call last):
  File "/home/airflow/.local/lib/python3.8/site-packages/airflow/models/dagbag.py", line 343, in parse
    loader.exec_module(new_module)
  File "<frozen importlib._bootstrap_external>", line 843, in exec_module
  File "<frozen importlib._bootstrap>", line 219, in _call_with_frames_removed
  File "/opt/airflow/dags/s001_dag.py", line 8, in <module>
    from reddit_data_extractor import extract_post_data
  File "/opt/airflow/plugins/reddit_data_extractor.py", line 1, in <module>
    import praw
ModuleNotFoundError: No module named 'praw'
[2023-10-03T14:39:12.054+0000] {processor.py:841} WARNING - No viable dags retrieved from /opt/airflow/dags/s001_dag.py
[2023-10-03T14:39:12.084+0000] {processor.py:179} INFO - Processing /opt/airflow/dags/s001_dag.py took 0.065 seconds
[2023-10-03T14:39:42.326+0000] {processor.py:157} INFO - Started process (PID=471) to work on /opt/airflow/dags/s001_dag.py
[2023-10-03T14:39:42.330+0000] {processor.py:829} INFO - Processing file /opt/airflow/dags/s001_dag.py for tasks to queue
[2023-10-03T14:39:42.332+0000] {logging_mixin.py:151} INFO - [2023-10-03T14:39:42.332+0000] {dagbag.py:539} INFO - Filling up the DagBag from /opt/airflow/dags/s001_dag.py
[2023-10-03T14:39:42.356+0000] {logging_mixin.py:151} INFO - [2023-10-03T14:39:42.351+0000] {dagbag.py:347} ERROR - Failed to import: /opt/airflow/dags/s001_dag.py
Traceback (most recent call last):
  File "/home/airflow/.local/lib/python3.8/site-packages/airflow/models/dagbag.py", line 343, in parse
    loader.exec_module(new_module)
  File "<frozen importlib._bootstrap_external>", line 843, in exec_module
  File "<frozen importlib._bootstrap>", line 219, in _call_with_frames_removed
  File "/opt/airflow/dags/s001_dag.py", line 8, in <module>
    from reddit_data_extractor import extract_post_data
  File "/opt/airflow/plugins/reddit_data_extractor.py", line 1, in <module>
    import praw
ModuleNotFoundError: No module named 'praw'
[2023-10-03T14:39:42.357+0000] {processor.py:841} WARNING - No viable dags retrieved from /opt/airflow/dags/s001_dag.py
[2023-10-03T14:39:42.391+0000] {processor.py:179} INFO - Processing /opt/airflow/dags/s001_dag.py took 0.069 seconds
[2023-10-03T14:40:12.520+0000] {processor.py:157} INFO - Started process (PID=479) to work on /opt/airflow/dags/s001_dag.py
[2023-10-03T14:40:12.523+0000] {processor.py:829} INFO - Processing file /opt/airflow/dags/s001_dag.py for tasks to queue
[2023-10-03T14:40:12.528+0000] {logging_mixin.py:151} INFO - [2023-10-03T14:40:12.527+0000] {dagbag.py:539} INFO - Filling up the DagBag from /opt/airflow/dags/s001_dag.py
[2023-10-03T14:40:12.555+0000] {logging_mixin.py:151} INFO - [2023-10-03T14:40:12.549+0000] {dagbag.py:347} ERROR - Failed to import: /opt/airflow/dags/s001_dag.py
Traceback (most recent call last):
  File "/home/airflow/.local/lib/python3.8/site-packages/airflow/models/dagbag.py", line 343, in parse
    loader.exec_module(new_module)
  File "<frozen importlib._bootstrap_external>", line 843, in exec_module
  File "<frozen importlib._bootstrap>", line 219, in _call_with_frames_removed
  File "/opt/airflow/dags/s001_dag.py", line 8, in <module>
    from reddit_data_extractor import extract_post_data
  File "/opt/airflow/plugins/reddit_data_extractor.py", line 1, in <module>
    import praw
ModuleNotFoundError: No module named 'praw'
[2023-10-03T14:40:12.556+0000] {processor.py:841} WARNING - No viable dags retrieved from /opt/airflow/dags/s001_dag.py
[2023-10-03T14:40:12.601+0000] {processor.py:179} INFO - Processing /opt/airflow/dags/s001_dag.py took 0.088 seconds
[2023-10-03T14:41:29.632+0000] {processor.py:157} INFO - Started process (PID=38) to work on /opt/airflow/dags/s001_dag.py
[2023-10-03T14:41:29.643+0000] {processor.py:829} INFO - Processing file /opt/airflow/dags/s001_dag.py for tasks to queue
[2023-10-03T14:41:29.653+0000] {logging_mixin.py:151} INFO - [2023-10-03T14:41:29.653+0000] {dagbag.py:539} INFO - Filling up the DagBag from /opt/airflow/dags/s001_dag.py
[2023-10-03T14:41:30.217+0000] {processor.py:839} INFO - DAG(s) dict_keys(['Reddit_Post_Dag']) retrieved from /opt/airflow/dags/s001_dag.py
[2023-10-03T14:41:31.524+0000] {logging_mixin.py:151} INFO - [2023-10-03T14:41:31.521+0000] {dag.py:2907} INFO - Sync 1 DAGs
[2023-10-03T14:41:31.597+0000] {logging_mixin.py:151} INFO - [2023-10-03T14:41:31.597+0000] {dag.py:3677} INFO - Setting next_dagrun for Reddit_Post_Dag to None, run_after=None
[2023-10-03T14:41:31.700+0000] {processor.py:179} INFO - Processing /opt/airflow/dags/s001_dag.py took 2.105 seconds
[2023-10-03T14:42:01.812+0000] {processor.py:157} INFO - Started process (PID=45) to work on /opt/airflow/dags/s001_dag.py
[2023-10-03T14:42:01.816+0000] {processor.py:829} INFO - Processing file /opt/airflow/dags/s001_dag.py for tasks to queue
[2023-10-03T14:42:01.825+0000] {logging_mixin.py:151} INFO - [2023-10-03T14:42:01.824+0000] {dagbag.py:539} INFO - Filling up the DagBag from /opt/airflow/dags/s001_dag.py
[2023-10-03T14:42:01.929+0000] {processor.py:839} INFO - DAG(s) dict_keys(['Reddit_Post_Dag']) retrieved from /opt/airflow/dags/s001_dag.py
[2023-10-03T14:42:02.017+0000] {logging_mixin.py:151} INFO - [2023-10-03T14:42:02.016+0000] {dag.py:2907} INFO - Sync 1 DAGs
[2023-10-03T14:42:02.087+0000] {logging_mixin.py:151} INFO - [2023-10-03T14:42:02.086+0000] {dag.py:3677} INFO - Setting next_dagrun for Reddit_Post_Dag to None, run_after=None
[2023-10-03T14:42:02.134+0000] {processor.py:179} INFO - Processing /opt/airflow/dags/s001_dag.py took 0.332 seconds
[2023-10-03T14:42:32.351+0000] {processor.py:157} INFO - Started process (PID=53) to work on /opt/airflow/dags/s001_dag.py
[2023-10-03T14:42:32.353+0000] {processor.py:829} INFO - Processing file /opt/airflow/dags/s001_dag.py for tasks to queue
[2023-10-03T14:42:32.357+0000] {logging_mixin.py:151} INFO - [2023-10-03T14:42:32.357+0000] {dagbag.py:539} INFO - Filling up the DagBag from /opt/airflow/dags/s001_dag.py
[2023-10-03T14:42:32.379+0000] {processor.py:839} INFO - DAG(s) dict_keys(['Reddit_Post_Dag']) retrieved from /opt/airflow/dags/s001_dag.py
[2023-10-03T14:42:32.421+0000] {logging_mixin.py:151} INFO - [2023-10-03T14:42:32.420+0000] {dag.py:2907} INFO - Sync 1 DAGs
[2023-10-03T14:42:32.445+0000] {logging_mixin.py:151} INFO - [2023-10-03T14:42:32.445+0000] {dag.py:3677} INFO - Setting next_dagrun for Reddit_Post_Dag to None, run_after=None
[2023-10-03T14:42:32.473+0000] {processor.py:179} INFO - Processing /opt/airflow/dags/s001_dag.py took 0.128 seconds
[2023-10-03T14:43:02.621+0000] {processor.py:157} INFO - Started process (PID=61) to work on /opt/airflow/dags/s001_dag.py
[2023-10-03T14:43:02.623+0000] {processor.py:829} INFO - Processing file /opt/airflow/dags/s001_dag.py for tasks to queue
[2023-10-03T14:43:02.627+0000] {logging_mixin.py:151} INFO - [2023-10-03T14:43:02.627+0000] {dagbag.py:539} INFO - Filling up the DagBag from /opt/airflow/dags/s001_dag.py
[2023-10-03T14:43:02.650+0000] {processor.py:839} INFO - DAG(s) dict_keys(['Reddit_Post_Dag']) retrieved from /opt/airflow/dags/s001_dag.py
[2023-10-03T14:43:02.692+0000] {logging_mixin.py:151} INFO - [2023-10-03T14:43:02.692+0000] {dag.py:2907} INFO - Sync 1 DAGs
[2023-10-03T14:43:02.711+0000] {logging_mixin.py:151} INFO - [2023-10-03T14:43:02.711+0000] {dag.py:3677} INFO - Setting next_dagrun for Reddit_Post_Dag to None, run_after=None
[2023-10-03T14:43:02.746+0000] {processor.py:179} INFO - Processing /opt/airflow/dags/s001_dag.py took 0.130 seconds
[2023-10-03T14:43:33.046+0000] {processor.py:157} INFO - Started process (PID=69) to work on /opt/airflow/dags/s001_dag.py
[2023-10-03T14:43:33.049+0000] {processor.py:829} INFO - Processing file /opt/airflow/dags/s001_dag.py for tasks to queue
[2023-10-03T14:43:33.054+0000] {logging_mixin.py:151} INFO - [2023-10-03T14:43:33.053+0000] {dagbag.py:539} INFO - Filling up the DagBag from /opt/airflow/dags/s001_dag.py
[2023-10-03T14:43:33.077+0000] {processor.py:839} INFO - DAG(s) dict_keys(['Reddit_Post_Dag']) retrieved from /opt/airflow/dags/s001_dag.py
[2023-10-03T14:43:33.117+0000] {logging_mixin.py:151} INFO - [2023-10-03T14:43:33.117+0000] {dag.py:2907} INFO - Sync 1 DAGs
[2023-10-03T14:43:33.137+0000] {logging_mixin.py:151} INFO - [2023-10-03T14:43:33.137+0000] {dag.py:3677} INFO - Setting next_dagrun for Reddit_Post_Dag to None, run_after=None
[2023-10-03T14:43:33.167+0000] {processor.py:179} INFO - Processing /opt/airflow/dags/s001_dag.py took 0.125 seconds
[2023-10-03T14:44:03.368+0000] {processor.py:157} INFO - Started process (PID=77) to work on /opt/airflow/dags/s001_dag.py
[2023-10-03T14:44:03.371+0000] {processor.py:829} INFO - Processing file /opt/airflow/dags/s001_dag.py for tasks to queue
[2023-10-03T14:44:03.375+0000] {logging_mixin.py:151} INFO - [2023-10-03T14:44:03.375+0000] {dagbag.py:539} INFO - Filling up the DagBag from /opt/airflow/dags/s001_dag.py
[2023-10-03T14:44:03.398+0000] {processor.py:839} INFO - DAG(s) dict_keys(['Reddit_Post_Dag']) retrieved from /opt/airflow/dags/s001_dag.py
[2023-10-03T14:44:03.442+0000] {logging_mixin.py:151} INFO - [2023-10-03T14:44:03.441+0000] {dag.py:2907} INFO - Sync 1 DAGs
[2023-10-03T14:44:03.461+0000] {logging_mixin.py:151} INFO - [2023-10-03T14:44:03.460+0000] {dag.py:3677} INFO - Setting next_dagrun for Reddit_Post_Dag to None, run_after=None
[2023-10-03T14:44:03.493+0000] {processor.py:179} INFO - Processing /opt/airflow/dags/s001_dag.py took 0.130 seconds
[2023-10-03T14:44:33.681+0000] {processor.py:157} INFO - Started process (PID=85) to work on /opt/airflow/dags/s001_dag.py
[2023-10-03T14:44:33.683+0000] {processor.py:829} INFO - Processing file /opt/airflow/dags/s001_dag.py for tasks to queue
[2023-10-03T14:44:33.687+0000] {logging_mixin.py:151} INFO - [2023-10-03T14:44:33.687+0000] {dagbag.py:539} INFO - Filling up the DagBag from /opt/airflow/dags/s001_dag.py
[2023-10-03T14:44:33.710+0000] {processor.py:839} INFO - DAG(s) dict_keys(['Reddit_Post_Dag']) retrieved from /opt/airflow/dags/s001_dag.py
[2023-10-03T14:44:33.756+0000] {logging_mixin.py:151} INFO - [2023-10-03T14:44:33.755+0000] {dag.py:2907} INFO - Sync 1 DAGs
[2023-10-03T14:44:33.776+0000] {logging_mixin.py:151} INFO - [2023-10-03T14:44:33.776+0000] {dag.py:3677} INFO - Setting next_dagrun for Reddit_Post_Dag to None, run_after=None
[2023-10-03T14:44:33.807+0000] {processor.py:179} INFO - Processing /opt/airflow/dags/s001_dag.py took 0.132 seconds
[2023-10-03T14:45:04.028+0000] {processor.py:157} INFO - Started process (PID=93) to work on /opt/airflow/dags/s001_dag.py
[2023-10-03T14:45:04.031+0000] {processor.py:829} INFO - Processing file /opt/airflow/dags/s001_dag.py for tasks to queue
[2023-10-03T14:45:04.035+0000] {logging_mixin.py:151} INFO - [2023-10-03T14:45:04.035+0000] {dagbag.py:539} INFO - Filling up the DagBag from /opt/airflow/dags/s001_dag.py
[2023-10-03T14:45:04.060+0000] {processor.py:839} INFO - DAG(s) dict_keys(['Reddit_Post_Dag']) retrieved from /opt/airflow/dags/s001_dag.py
[2023-10-03T14:45:04.107+0000] {logging_mixin.py:151} INFO - [2023-10-03T14:45:04.107+0000] {dag.py:2907} INFO - Sync 1 DAGs
[2023-10-03T14:45:04.128+0000] {logging_mixin.py:151} INFO - [2023-10-03T14:45:04.127+0000] {dag.py:3677} INFO - Setting next_dagrun for Reddit_Post_Dag to None, run_after=None
[2023-10-03T14:45:04.160+0000] {processor.py:179} INFO - Processing /opt/airflow/dags/s001_dag.py took 0.137 seconds
[2023-10-03T14:45:34.268+0000] {processor.py:157} INFO - Started process (PID=101) to work on /opt/airflow/dags/s001_dag.py
[2023-10-03T14:45:34.270+0000] {processor.py:829} INFO - Processing file /opt/airflow/dags/s001_dag.py for tasks to queue
[2023-10-03T14:45:34.275+0000] {logging_mixin.py:151} INFO - [2023-10-03T14:45:34.274+0000] {dagbag.py:539} INFO - Filling up the DagBag from /opt/airflow/dags/s001_dag.py
[2023-10-03T14:45:34.300+0000] {processor.py:839} INFO - DAG(s) dict_keys(['Reddit_Post_Dag']) retrieved from /opt/airflow/dags/s001_dag.py
[2023-10-03T14:45:34.347+0000] {logging_mixin.py:151} INFO - [2023-10-03T14:45:34.347+0000] {dag.py:2907} INFO - Sync 1 DAGs
[2023-10-03T14:45:34.374+0000] {logging_mixin.py:151} INFO - [2023-10-03T14:45:34.374+0000] {dag.py:3677} INFO - Setting next_dagrun for Reddit_Post_Dag to None, run_after=None
[2023-10-03T14:45:34.406+0000] {processor.py:179} INFO - Processing /opt/airflow/dags/s001_dag.py took 0.143 seconds
[2023-10-03T14:46:04.599+0000] {processor.py:157} INFO - Started process (PID=110) to work on /opt/airflow/dags/s001_dag.py
[2023-10-03T14:46:04.602+0000] {processor.py:829} INFO - Processing file /opt/airflow/dags/s001_dag.py for tasks to queue
[2023-10-03T14:46:04.607+0000] {logging_mixin.py:151} INFO - [2023-10-03T14:46:04.607+0000] {dagbag.py:539} INFO - Filling up the DagBag from /opt/airflow/dags/s001_dag.py
[2023-10-03T14:46:04.629+0000] {processor.py:839} INFO - DAG(s) dict_keys(['Reddit_Post_Dag']) retrieved from /opt/airflow/dags/s001_dag.py
[2023-10-03T14:46:04.673+0000] {logging_mixin.py:151} INFO - [2023-10-03T14:46:04.673+0000] {dag.py:2907} INFO - Sync 1 DAGs
[2023-10-03T14:46:04.696+0000] {logging_mixin.py:151} INFO - [2023-10-03T14:46:04.696+0000] {dag.py:3677} INFO - Setting next_dagrun for Reddit_Post_Dag to None, run_after=None
[2023-10-03T14:46:04.728+0000] {processor.py:179} INFO - Processing /opt/airflow/dags/s001_dag.py took 0.134 seconds
[2023-10-03T14:46:34.958+0000] {processor.py:157} INFO - Started process (PID=118) to work on /opt/airflow/dags/s001_dag.py
[2023-10-03T14:46:34.961+0000] {processor.py:829} INFO - Processing file /opt/airflow/dags/s001_dag.py for tasks to queue
[2023-10-03T14:46:34.968+0000] {logging_mixin.py:151} INFO - [2023-10-03T14:46:34.967+0000] {dagbag.py:539} INFO - Filling up the DagBag from /opt/airflow/dags/s001_dag.py
[2023-10-03T14:46:34.990+0000] {processor.py:839} INFO - DAG(s) dict_keys(['Reddit_Post_Dag']) retrieved from /opt/airflow/dags/s001_dag.py
[2023-10-03T14:46:35.029+0000] {logging_mixin.py:151} INFO - [2023-10-03T14:46:35.029+0000] {dag.py:2907} INFO - Sync 1 DAGs
[2023-10-03T14:46:35.050+0000] {logging_mixin.py:151} INFO - [2023-10-03T14:46:35.049+0000] {dag.py:3677} INFO - Setting next_dagrun for Reddit_Post_Dag to None, run_after=None
[2023-10-03T14:46:35.078+0000] {processor.py:179} INFO - Processing /opt/airflow/dags/s001_dag.py took 0.128 seconds
[2023-10-03T14:47:05.262+0000] {processor.py:157} INFO - Started process (PID=126) to work on /opt/airflow/dags/s001_dag.py
[2023-10-03T14:47:05.265+0000] {processor.py:829} INFO - Processing file /opt/airflow/dags/s001_dag.py for tasks to queue
[2023-10-03T14:47:05.270+0000] {logging_mixin.py:151} INFO - [2023-10-03T14:47:05.269+0000] {dagbag.py:539} INFO - Filling up the DagBag from /opt/airflow/dags/s001_dag.py
[2023-10-03T14:47:05.292+0000] {processor.py:839} INFO - DAG(s) dict_keys(['Reddit_Post_Dag']) retrieved from /opt/airflow/dags/s001_dag.py
[2023-10-03T14:47:05.341+0000] {logging_mixin.py:151} INFO - [2023-10-03T14:47:05.341+0000] {dag.py:2907} INFO - Sync 1 DAGs
[2023-10-03T14:47:05.361+0000] {logging_mixin.py:151} INFO - [2023-10-03T14:47:05.361+0000] {dag.py:3677} INFO - Setting next_dagrun for Reddit_Post_Dag to None, run_after=None
[2023-10-03T14:47:05.388+0000] {processor.py:179} INFO - Processing /opt/airflow/dags/s001_dag.py took 0.132 seconds
[2023-10-03T14:47:35.574+0000] {processor.py:157} INFO - Started process (PID=134) to work on /opt/airflow/dags/s001_dag.py
[2023-10-03T14:47:35.577+0000] {processor.py:829} INFO - Processing file /opt/airflow/dags/s001_dag.py for tasks to queue
[2023-10-03T14:47:35.581+0000] {logging_mixin.py:151} INFO - [2023-10-03T14:47:35.581+0000] {dagbag.py:539} INFO - Filling up the DagBag from /opt/airflow/dags/s001_dag.py
[2023-10-03T14:47:35.603+0000] {processor.py:839} INFO - DAG(s) dict_keys(['Reddit_Post_Dag']) retrieved from /opt/airflow/dags/s001_dag.py
[2023-10-03T14:47:35.644+0000] {logging_mixin.py:151} INFO - [2023-10-03T14:47:35.644+0000] {dag.py:2907} INFO - Sync 1 DAGs
[2023-10-03T14:47:35.665+0000] {logging_mixin.py:151} INFO - [2023-10-03T14:47:35.665+0000] {dag.py:3677} INFO - Setting next_dagrun for Reddit_Post_Dag to None, run_after=None
[2023-10-03T14:47:35.702+0000] {processor.py:179} INFO - Processing /opt/airflow/dags/s001_dag.py took 0.133 seconds
[2023-10-03T14:48:05.886+0000] {processor.py:157} INFO - Started process (PID=142) to work on /opt/airflow/dags/s001_dag.py
[2023-10-03T14:48:05.889+0000] {processor.py:829} INFO - Processing file /opt/airflow/dags/s001_dag.py for tasks to queue
[2023-10-03T14:48:05.895+0000] {logging_mixin.py:151} INFO - [2023-10-03T14:48:05.894+0000] {dagbag.py:539} INFO - Filling up the DagBag from /opt/airflow/dags/s001_dag.py
[2023-10-03T14:48:05.923+0000] {processor.py:839} INFO - DAG(s) dict_keys(['Reddit_Post_Dag']) retrieved from /opt/airflow/dags/s001_dag.py
[2023-10-03T14:48:05.967+0000] {logging_mixin.py:151} INFO - [2023-10-03T14:48:05.967+0000] {dag.py:2907} INFO - Sync 1 DAGs
[2023-10-03T14:48:05.987+0000] {logging_mixin.py:151} INFO - [2023-10-03T14:48:05.987+0000] {dag.py:3677} INFO - Setting next_dagrun for Reddit_Post_Dag to None, run_after=None
[2023-10-03T14:48:06.017+0000] {processor.py:179} INFO - Processing /opt/airflow/dags/s001_dag.py took 0.136 seconds
