[2023-10-08T05:47:20.798+0000] {taskinstance.py:1159} INFO - Dependencies all met for dep_context=non-requeueable deps ti=<TaskInstance: Reddit_Post_Comment_Dag.extract_post_comment_task manual__2023-10-08T05:47:14.086787+00:00 [queued]>
[2023-10-08T05:47:20.821+0000] {taskinstance.py:1159} INFO - Dependencies all met for dep_context=requeueable deps ti=<TaskInstance: Reddit_Post_Comment_Dag.extract_post_comment_task manual__2023-10-08T05:47:14.086787+00:00 [queued]>
[2023-10-08T05:47:20.822+0000] {taskinstance.py:1361} INFO - Starting attempt 1 of 2
[2023-10-08T05:47:20.841+0000] {taskinstance.py:1382} INFO - Executing <Task(PythonOperator): extract_post_comment_task> on 2023-10-08 05:47:14.086787+00:00
[2023-10-08T05:47:20.855+0000] {standard_task_runner.py:57} INFO - Started process 921 to run task
[2023-10-08T05:47:20.861+0000] {standard_task_runner.py:84} INFO - Running: ['***', 'tasks', 'run', 'Reddit_Post_Comment_Dag', 'extract_post_comment_task', 'manual__2023-10-08T05:47:14.086787+00:00', '--job-id', '157', '--raw', '--subdir', 'DAGS_FOLDER/reddit_post_comment_dag.py', '--cfg-path', '/tmp/tmpb5cygl48']
[2023-10-08T05:47:20.867+0000] {standard_task_runner.py:85} INFO - Job 157: Subtask extract_post_comment_task
[2023-10-08T05:47:20.941+0000] {task_command.py:415} INFO - Running <TaskInstance: Reddit_Post_Comment_Dag.extract_post_comment_task manual__2023-10-08T05:47:14.086787+00:00 [running]> on host 88aca7bb4134
[2023-10-08T05:47:21.324+0000] {taskinstance.py:1660} INFO - Exporting env vars: AIRFLOW_CTX_DAG_OWNER='***' AIRFLOW_CTX_DAG_ID='Reddit_Post_Comment_Dag' AIRFLOW_CTX_TASK_ID='extract_post_comment_task' AIRFLOW_CTX_EXECUTION_DATE='2023-10-08T05:47:14.086787+00:00' AIRFLOW_CTX_TRY_NUMBER='1' AIRFLOW_CTX_DAG_RUN_ID='manual__2023-10-08T05:47:14.086787+00:00'
[2023-10-08T05:47:23.658+0000] {logging_mixin.py:151} INFO - jjsbgd7
[2023-10-08T05:47:24.141+0000] {logging_mixin.py:151} INFO - jjse714
[2023-10-08T05:47:24.656+0000] {logging_mixin.py:151} INFO - jjt3tve
[2023-10-08T05:47:25.093+0000] {logging_mixin.py:151} INFO - jjt6kiy
[2023-10-08T05:47:25.577+0000] {logging_mixin.py:151} INFO - jjtapqh
[2023-10-08T05:47:26.091+0000] {logging_mixin.py:151} INFO - jjti8ed
[2023-10-08T05:47:26.601+0000] {logging_mixin.py:151} INFO - jjt159s
[2023-10-08T05:47:27.131+0000] {logging_mixin.py:151} INFO - jjsgi6q
[2023-10-08T05:47:27.535+0000] {logging_mixin.py:151} INFO - jjtjybc
[2023-10-08T05:47:28.033+0000] {logging_mixin.py:151} INFO - jjtb5wq
[2023-10-08T05:47:28.545+0000] {logging_mixin.py:151} INFO - jjt99lk
[2023-10-08T05:47:29.061+0000] {logging_mixin.py:151} INFO - jjsz0g3
[2023-10-08T05:47:29.512+0000] {logging_mixin.py:151} INFO - jjteorc
[2023-10-08T05:47:30.096+0000] {logging_mixin.py:151} INFO - jjtbjfc
[2023-10-08T05:47:30.490+0000] {logging_mixin.py:151} INFO - jjv7rca
[2023-10-08T05:47:30.886+0000] {logging_mixin.py:151} INFO - jjt6k9r
[2023-10-08T05:47:31.314+0000] {logging_mixin.py:151} INFO - jju2kve
[2023-10-08T05:47:31.831+0000] {logging_mixin.py:151} INFO - jjucxt0
[2023-10-08T05:47:32.338+0000] {logging_mixin.py:151} INFO - jjt4h67
[2023-10-08T05:47:32.801+0000] {logging_mixin.py:151} INFO - jjtnci4
[2023-10-08T05:47:33.190+0000] {logging_mixin.py:151} INFO - jjtr3t7
[2023-10-08T05:47:33.673+0000] {logging_mixin.py:151} INFO - jjsx7jr
[2023-10-08T05:47:34.062+0000] {logging_mixin.py:151} INFO - jjt768t
[2023-10-08T05:47:34.493+0000] {logging_mixin.py:151} INFO - jjtmqyn
[2023-10-08T05:47:35.003+0000] {logging_mixin.py:151} INFO - jjtq0ix
[2023-10-08T05:47:35.515+0000] {logging_mixin.py:151} INFO - jjux801
[2023-10-08T05:47:36.027+0000] {logging_mixin.py:151} INFO - jk02s4d
[2023-10-08T05:47:36.432+0000] {logging_mixin.py:151} INFO - jjsxhuc
[2023-10-08T05:47:36.949+0000] {logging_mixin.py:151} INFO - jjt8lbj
[2023-10-08T05:47:37.331+0000] {logging_mixin.py:151} INFO - jju7o2q
[2023-10-08T05:47:37.708+0000] {logging_mixin.py:151} INFO - jjvn06e
[2023-10-08T05:47:38.177+0000] {logging_mixin.py:151} INFO - jjuc36g
[2023-10-08T05:47:38.690+0000] {logging_mixin.py:151} INFO - jjvwqzu
[2023-10-08T05:47:39.203+0000] {logging_mixin.py:151} INFO - jju34yd
[2023-10-08T05:47:39.619+0000] {logging_mixin.py:151} INFO - jjsu3md
[2023-10-08T05:47:40.069+0000] {logging_mixin.py:151} INFO - jjt1kp2
[2023-10-08T05:47:40.536+0000] {logging_mixin.py:151} INFO - jjuw8oo
[2023-10-08T05:47:41.050+0000] {logging_mixin.py:151} INFO - jjv65j5
[2023-10-08T05:47:41.564+0000] {logging_mixin.py:151} INFO - jjw0flk
[2023-10-08T05:47:42.077+0000] {logging_mixin.py:151} INFO - jjw6n6x
[2023-10-08T05:47:42.588+0000] {logging_mixin.py:151} INFO - jjx1ass
[2023-10-08T05:47:42.992+0000] {logging_mixin.py:151} INFO - jjxenas
[2023-10-08T05:47:43.504+0000] {logging_mixin.py:151} INFO - jjxp4q2
[2023-10-08T05:47:43.895+0000] {logging_mixin.py:151} INFO - jk0h28a
[2023-10-08T05:47:44.407+0000] {logging_mixin.py:151} INFO - jm0udkf
[2023-10-08T05:47:44.806+0000] {logging_mixin.py:151} INFO - jjsi3vz
[2023-10-08T05:47:45.228+0000] {logging_mixin.py:151} INFO - jjsp1oy
[2023-10-08T05:47:45.739+0000] {logging_mixin.py:151} INFO - jjt7nyt
[2023-10-08T05:47:46.252+0000] {logging_mixin.py:151} INFO - jjueqzn
[2023-10-08T05:47:46.770+0000] {logging_mixin.py:151} INFO - jjsx460
[2023-10-08T05:47:47.273+0000] {logging_mixin.py:151} INFO - jjuzy6s
[2023-10-08T05:47:47.700+0000] {logging_mixin.py:151} INFO - jjuc36v
[2023-10-08T05:47:48.121+0000] {logging_mixin.py:151} INFO - jjvn3m5
[2023-10-08T05:47:48.613+0000] {logging_mixin.py:151} INFO - jjv662t
[2023-10-08T05:47:49.124+0000] {logging_mixin.py:151} INFO - jjxwrp7
[2023-10-08T05:47:49.872+0000] {logging_mixin.py:151} INFO - jmvwq07
[2023-10-08T05:47:50.359+0000] {logging_mixin.py:151} INFO - k2k5wzi
[2023-10-08T05:47:50.868+0000] {logging_mixin.py:151} INFO - jjsrq4f
[2023-10-08T05:47:51.376+0000] {logging_mixin.py:151} INFO - jjtknu9
[2023-10-08T05:47:51.891+0000] {logging_mixin.py:151} INFO - jjtrq0o
[2023-10-08T05:47:52.403+0000] {logging_mixin.py:151} INFO - jjt9fkc
[2023-10-08T05:47:52.913+0000] {logging_mixin.py:151} INFO - jlrwyc7
[2023-10-08T05:47:53.429+0000] {logging_mixin.py:151} INFO - jjtqnjn
[2023-10-08T05:47:54.543+0000] {logging_mixin.py:151} INFO - jjutdg2
[2023-10-08T05:47:55.680+0000] {logging_mixin.py:151} INFO - jjsmq4q
[2023-10-08T05:47:56.194+0000] {logging_mixin.py:151} INFO - jjssvrp
[2023-10-08T05:47:56.704+0000] {logging_mixin.py:151} INFO - jjt1gu5
[2023-10-08T05:47:58.446+0000] {logging_mixin.py:151} INFO - jjt3skn
[2023-10-08T05:47:58.959+0000] {logging_mixin.py:151} INFO - jjtoht0
[2023-10-08T05:47:59.470+0000] {logging_mixin.py:151} INFO - jjx9u2d
[2023-10-08T05:47:59.987+0000] {logging_mixin.py:151} INFO - jjt2qdm
[2023-10-08T05:48:00.499+0000] {logging_mixin.py:151} INFO - jjt05x5
[2023-10-08T05:48:01.010+0000] {logging_mixin.py:151} INFO - jjsxcdv
[2023-10-08T05:48:01.422+0000] {logging_mixin.py:151} INFO - jjw8p02
[2023-10-08T05:48:01.829+0000] {logging_mixin.py:151} INFO - jjsuzr0
[2023-10-08T05:48:02.244+0000] {logging_mixin.py:151} INFO - jjtzn4w
[2023-10-08T05:48:02.649+0000] {logging_mixin.py:151} INFO - jjw8s05
[2023-10-08T05:48:03.164+0000] {logging_mixin.py:151} INFO - jjuihxi
[2023-10-08T05:48:03.553+0000] {logging_mixin.py:151} INFO - jjugk0v
[2023-10-08T05:48:04.014+0000] {logging_mixin.py:151} INFO - jjxiavc
[2023-10-08T05:48:04.498+0000] {logging_mixin.py:151} INFO - jjstvfq
[2023-10-08T05:48:05.007+0000] {logging_mixin.py:151} INFO - jjtfpn9
[2023-10-08T05:48:05.519+0000] {logging_mixin.py:151} INFO - jjvgs3c
[2023-10-08T05:48:05.926+0000] {logging_mixin.py:151} INFO - jjtf9b6
[2023-10-08T05:48:06.545+0000] {logging_mixin.py:151} INFO - jjueeik
[2023-10-08T05:48:07.161+0000] {logging_mixin.py:151} INFO - jjuu41b
[2023-10-08T05:48:07.671+0000] {logging_mixin.py:151} INFO - jjv4kwa
[2023-10-08T05:48:08.182+0000] {logging_mixin.py:151} INFO - jk27sse
[2023-10-08T05:48:09.412+0000] {logging_mixin.py:151} INFO - jjv59ma
[2023-10-08T05:48:09.786+0000] {logging_mixin.py:151} INFO - jjuqm4s
[2023-10-08T05:48:10.212+0000] {logging_mixin.py:151} INFO - jjuqjzn
[2023-10-08T05:48:10.638+0000] {logging_mixin.py:151} INFO - jjtymi3
[2023-10-08T05:48:11.038+0000] {logging_mixin.py:151} INFO - jjtvei5
[2023-10-08T05:48:11.461+0000] {logging_mixin.py:151} INFO - jjxb2sc
[2023-10-08T05:48:11.975+0000] {logging_mixin.py:151} INFO - jjt2kns
[2023-10-08T05:48:12.854+0000] {logging_mixin.py:151} INFO - jjt2fng
[2023-10-08T05:48:13.308+0000] {logging_mixin.py:151} INFO - jjsxgk7
[2023-10-08T05:48:13.799+0000] {logging_mixin.py:151} INFO - jjsxpze
[2023-10-08T05:48:14.314+0000] {logging_mixin.py:151} INFO - jjvzxky
[2023-10-08T05:48:14.741+0000] {logging_mixin.py:151} INFO - jjt8zpg
[2023-10-08T05:48:15.231+0000] {logging_mixin.py:151} INFO - jjt3bcf
[2023-10-08T05:48:15.744+0000] {logging_mixin.py:151} INFO - jjt6mj6
[2023-10-08T05:48:16.257+0000] {logging_mixin.py:151} INFO - jjsxe4j
[2023-10-08T05:48:16.769+0000] {logging_mixin.py:151} INFO - jjtazac
[2023-10-08T05:48:17.282+0000] {logging_mixin.py:151} INFO - jjtb71j
[2023-10-08T05:48:17.691+0000] {logging_mixin.py:151} INFO - jjtitij
[2023-10-08T05:48:18.112+0000] {logging_mixin.py:151} INFO - jjuent8
[2023-10-08T05:48:18.611+0000] {logging_mixin.py:151} INFO - jjvhtfq
[2023-10-08T05:48:19.130+0000] {logging_mixin.py:151} INFO - jjw5lqw
[2023-10-08T05:48:19.638+0000] {logging_mixin.py:151} INFO - jjtvep7
[2023-10-08T05:48:20.152+0000] {logging_mixin.py:151} INFO - jjtq13x
[2023-10-08T05:48:20.547+0000] {logging_mixin.py:151} INFO - jjvj65r
[2023-10-08T05:48:20.956+0000] {logging_mixin.py:151} INFO - jjuezq9
[2023-10-08T05:48:21.483+0000] {logging_mixin.py:151} INFO - jjtja27
[2023-10-08T05:48:21.999+0000] {logging_mixin.py:151} INFO - jjt4gz1
[2023-10-08T05:48:22.519+0000] {logging_mixin.py:151} INFO - jk5emsx
[2023-10-08T05:48:23.129+0000] {logging_mixin.py:151} INFO - jjsxzl8
[2023-10-08T05:48:23.550+0000] {logging_mixin.py:151} INFO - jjv2qyw
[2023-10-08T05:48:24.152+0000] {logging_mixin.py:151} INFO - jjt9qx3
[2023-10-08T05:48:24.655+0000] {logging_mixin.py:151} INFO - jjt6q0m
[2023-10-08T05:48:25.062+0000] {logging_mixin.py:151} INFO - jjv41q1
[2023-10-08T05:48:25.585+0000] {logging_mixin.py:151} INFO - jjtrnwz
[2023-10-08T05:48:26.505+0000] {logging_mixin.py:151} INFO - jjtcdqu
[2023-10-08T05:48:27.020+0000] {logging_mixin.py:151} INFO - jjv4jwn
[2023-10-08T05:48:27.531+0000] {logging_mixin.py:151} INFO - jju8ff2
[2023-10-08T05:48:28.044+0000] {logging_mixin.py:151} INFO - jjtkhui
[2023-10-08T05:48:28.438+0000] {logging_mixin.py:151} INFO - jjtof1d
[2023-10-08T05:48:28.966+0000] {logging_mixin.py:151} INFO - jjvq8xn
[2023-10-08T05:48:29.482+0000] {logging_mixin.py:151} INFO - jjt1o19
[2023-10-08T05:48:29.992+0000] {logging_mixin.py:151} INFO - jjw64tx
[2023-10-08T05:48:30.503+0000] {logging_mixin.py:151} INFO - jjvb6m7
[2023-10-08T05:48:30.946+0000] {logging_mixin.py:151} INFO - jjta4tg
[2023-10-08T05:48:31.423+0000] {logging_mixin.py:151} INFO - jjtfykn
[2023-10-08T05:48:32.612+0000] {logging_mixin.py:151} INFO - jjv5093
[2023-10-08T05:48:33.011+0000] {logging_mixin.py:151} INFO - jjurl9z
[2023-10-08T05:48:33.524+0000] {logging_mixin.py:151} INFO - jjvfu0z
[2023-10-08T05:48:33.931+0000] {logging_mixin.py:151} INFO - jjumwfn
[2023-10-08T05:48:34.325+0000] {logging_mixin.py:151} INFO - jjt1t88
[2023-10-08T05:48:34.814+0000] {logging_mixin.py:151} INFO - jjtat5a
[2023-10-08T05:48:35.220+0000] {logging_mixin.py:151} INFO - jju5t5o
[2023-10-08T05:48:35.622+0000] {logging_mixin.py:151} INFO - jjyyemu
[2023-10-08T05:48:36.142+0000] {logging_mixin.py:151} INFO - jjuahes
[2023-10-08T05:48:36.602+0000] {logging_mixin.py:151} INFO - jjuuasj
[2023-10-08T05:48:36.999+0000] {logging_mixin.py:151} INFO - jjudcqw
[2023-10-08T05:48:37.572+0000] {logging_mixin.py:151} INFO - jjv878u
[2023-10-08T05:48:38.015+0000] {logging_mixin.py:151} INFO - jjv98u0
[2023-10-08T05:48:40.759+0000] {logging_mixin.py:151} INFO - jjmw1ja
[2023-10-08T05:48:41.261+0000] {logging_mixin.py:151} INFO - jjn4ldb
[2023-10-08T05:48:41.643+0000] {logging_mixin.py:151} INFO - jjn0e5a
[2023-10-08T05:48:42.039+0000] {logging_mixin.py:151} INFO - jjmypmn
[2023-10-08T05:48:42.440+0000] {logging_mixin.py:151} INFO - jjn63c0
[2023-10-08T05:48:42.817+0000] {logging_mixin.py:151} INFO - jjneogi
[2023-10-08T05:48:43.417+0000] {logging_mixin.py:151} INFO - jjn3iay
[2023-10-08T05:48:43.905+0000] {logging_mixin.py:151} INFO - jjn2wse
[2023-10-08T05:48:44.420+0000] {logging_mixin.py:151} INFO - jjnlo58
[2023-10-08T05:48:44.931+0000] {logging_mixin.py:151} INFO - jjngfnj
[2023-10-08T05:48:45.446+0000] {logging_mixin.py:151} INFO - jjnimee
[2023-10-08T05:48:45.957+0000] {logging_mixin.py:151} INFO - jjn9o0w
[2023-10-08T05:48:46.367+0000] {logging_mixin.py:151} INFO - jjnia08
[2023-10-08T05:48:46.880+0000] {logging_mixin.py:151} INFO - jjnl7r7
[2023-10-08T05:48:47.370+0000] {logging_mixin.py:151} INFO - jjnl7x1
[2023-10-08T05:48:47.799+0000] {logging_mixin.py:151} INFO - jjn5wwy
[2023-10-08T05:48:48.313+0000] {logging_mixin.py:151} INFO - jjobi8v
[2023-10-08T05:48:48.753+0000] {logging_mixin.py:151} INFO - jjmt6rd
[2023-10-08T05:48:49.128+0000] {logging_mixin.py:151} INFO - jjn9qc6
[2023-10-08T05:48:49.604+0000] {logging_mixin.py:151} INFO - jjnsse1
[2023-10-08T05:48:50.055+0000] {logging_mixin.py:151} INFO - jjoqfjy
[2023-10-08T05:48:50.568+0000] {logging_mixin.py:151} INFO - jjn9jnq
[2023-10-08T05:48:51.080+0000] {logging_mixin.py:151} INFO - jjno9ua
[2023-10-08T05:48:51.591+0000] {logging_mixin.py:151} INFO - jjnl8pv
[2023-10-08T05:48:52.009+0000] {logging_mixin.py:151} INFO - jjos1gx
[2023-10-08T05:48:52.521+0000] {logging_mixin.py:151} INFO - jjnbrru
[2023-10-08T05:48:53.027+0000] {logging_mixin.py:151} INFO - jjnj3a2
[2023-10-08T05:48:53.542+0000] {logging_mixin.py:151} INFO - jjno0fg
[2023-10-08T05:48:53.951+0000] {logging_mixin.py:151} INFO - jjo12rl
[2023-10-08T05:48:54.359+0000] {logging_mixin.py:151} INFO - jjo7aja
[2023-10-08T05:48:54.771+0000] {logging_mixin.py:151} INFO - jjnz6r1
[2023-10-08T05:48:55.282+0000] {logging_mixin.py:151} INFO - jjolzyq
[2023-10-08T05:48:55.694+0000] {logging_mixin.py:151} INFO - jjonpe0
[2023-10-08T05:48:56.205+0000] {logging_mixin.py:151} INFO - jjn9okv
[2023-10-08T05:48:56.624+0000] {logging_mixin.py:151} INFO - jjnagdv
[2023-10-08T05:48:57.122+0000] {logging_mixin.py:151} INFO - jjnh30g
[2023-10-08T05:48:57.638+0000] {logging_mixin.py:151} INFO - jjnid1a
[2023-10-08T05:48:58.152+0000] {logging_mixin.py:151} INFO - jjnktos
[2023-10-08T05:48:58.617+0000] {logging_mixin.py:151} INFO - jjnkuan
[2023-10-08T05:48:59.017+0000] {logging_mixin.py:151} INFO - jjnl62z
[2023-10-08T05:48:59.482+0000] {logging_mixin.py:151} INFO - jjnp35b
[2023-10-08T05:48:59.998+0000] {logging_mixin.py:151} INFO - jjnp5nf
[2023-10-08T05:49:00.512+0000] {logging_mixin.py:151} INFO - jjnqyn5
[2023-10-08T05:49:01.021+0000] {logging_mixin.py:151} INFO - jjntkix
[2023-10-08T05:49:01.453+0000] {logging_mixin.py:151} INFO - jjntqn1
[2023-10-08T05:49:02.049+0000] {logging_mixin.py:151} INFO - jjo8bmu
[2023-10-08T05:49:02.431+0000] {logging_mixin.py:151} INFO - jjocc6n
[2023-10-08T05:49:02.968+0000] {logging_mixin.py:151} INFO - jjodwbq
[2023-10-08T05:49:03.482+0000] {logging_mixin.py:151} INFO - jjoh4f9
[2023-10-08T05:49:03.874+0000] {logging_mixin.py:151} INFO - jjoihig
[2023-10-08T05:49:04.301+0000] {logging_mixin.py:151} INFO - jjoj14v
[2023-10-08T05:49:04.814+0000] {logging_mixin.py:151} INFO - jjorhkz
[2023-10-08T05:49:05.326+0000] {logging_mixin.py:151} INFO - jjos2nd
[2023-10-08T05:49:05.835+0000] {logging_mixin.py:151} INFO - jjot6k8
[2023-10-08T05:49:06.233+0000] {logging_mixin.py:151} INFO - jjoy6uj
[2023-10-08T05:49:06.760+0000] {logging_mixin.py:151} INFO - jjp2ddw
[2023-10-08T05:49:07.271+0000] {logging_mixin.py:151} INFO - jjp83hp
[2023-10-08T05:49:07.680+0000] {logging_mixin.py:151} INFO - jjpkhir
[2023-10-08T05:49:08.193+0000] {logging_mixin.py:151} INFO - jjpmul2
[2023-10-08T05:49:08.587+0000] {logging_mixin.py:151} INFO - jjxegq4
[2023-10-08T05:49:09.119+0000] {logging_mixin.py:151} INFO - jjn95g9
[2023-10-08T05:49:09.630+0000] {logging_mixin.py:151} INFO - jjn6yvt
[2023-10-08T05:49:10.029+0000] {logging_mixin.py:151} INFO - jjneopt
[2023-10-08T05:49:10.430+0000] {logging_mixin.py:151} INFO - jjnguej
[2023-10-08T05:49:10.839+0000] {logging_mixin.py:151} INFO - jjngxm1
[2023-10-08T05:49:11.271+0000] {logging_mixin.py:151} INFO - jjnkaur
[2023-10-08T05:49:11.783+0000] {logging_mixin.py:151} INFO - jjnpb33
[2023-10-08T05:49:12.292+0000] {logging_mixin.py:151} INFO - jjnpo4i
[2023-10-08T05:49:12.807+0000] {logging_mixin.py:151} INFO - jjnpz2b
[2023-10-08T05:49:13.320+0000] {logging_mixin.py:151} INFO - jjnq6n3
[2023-10-08T05:49:13.812+0000] {logging_mixin.py:151} INFO - jjnr4sk
[2023-10-08T05:49:14.318+0000] {logging_mixin.py:151} INFO - jjnrgqb
[2023-10-08T05:49:14.715+0000] {logging_mixin.py:151} INFO - jjnux3e
[2023-10-08T05:49:15.112+0000] {logging_mixin.py:151} INFO - jjnv36a
[2023-10-08T05:49:15.555+0000] {logging_mixin.py:151} INFO - jjnwem0
[2023-10-08T05:49:15.948+0000] {logging_mixin.py:151} INFO - jjnwfrp
[2023-10-08T05:49:16.884+0000] {logging_mixin.py:151} INFO - jjnwhcf
[2023-10-08T05:49:17.266+0000] {logging_mixin.py:151} INFO - jjnwv3n
[2023-10-08T05:49:17.801+0000] {logging_mixin.py:151} INFO - jjnx9qy
[2023-10-08T05:49:18.313+0000] {logging_mixin.py:151} INFO - jjnxm5o
[2023-10-08T05:49:18.733+0000] {logging_mixin.py:151} INFO - jjnxo4g
[2023-10-08T05:49:19.136+0000] {logging_mixin.py:151} INFO - jjny0jg
[2023-10-08T05:49:19.547+0000] {logging_mixin.py:151} INFO - jjny1ey
[2023-10-08T05:49:20.056+0000] {logging_mixin.py:151} INFO - jjny53z
[2023-10-08T05:49:20.565+0000] {logging_mixin.py:151} INFO - jjny68v
[2023-10-08T05:49:21.798+0000] {logging_mixin.py:151} INFO - jjnysim
[2023-10-08T05:49:22.213+0000] {logging_mixin.py:151} INFO - jjnyvb1
[2023-10-08T05:49:22.609+0000] {logging_mixin.py:151} INFO - jjnz7x7
[2023-10-08T05:49:22.994+0000] {logging_mixin.py:151} INFO - jjnzmoq
[2023-10-08T05:49:23.439+0000] {logging_mixin.py:151} INFO - jjnzpqe
[2023-10-08T05:49:23.842+0000] {logging_mixin.py:151} INFO - jjo009g
[2023-10-08T05:49:24.210+0000] {logging_mixin.py:151} INFO - jjo2byb
[2023-10-08T05:49:24.668+0000] {logging_mixin.py:151} INFO - jjo2olg
[2023-10-08T05:49:25.109+0000] {logging_mixin.py:151} INFO - jjo556x
[2023-10-08T05:49:25.590+0000] {logging_mixin.py:151} INFO - jjo6jex
[2023-10-08T05:49:26.108+0000] {logging_mixin.py:151} INFO - jjo9moa
[2023-10-08T05:49:26.619+0000] {logging_mixin.py:151} INFO - jjo9qps
[2023-10-08T05:49:27.129+0000] {logging_mixin.py:151} INFO - jjobue4
[2023-10-08T05:49:27.534+0000] {logging_mixin.py:151} INFO - jjoe0ps
[2023-10-08T05:49:27.950+0000] {logging_mixin.py:151} INFO - jjoefyy
[2023-10-08T05:49:28.461+0000] {logging_mixin.py:151} INFO - jjoescc
[2023-10-08T05:49:28.975+0000] {logging_mixin.py:151} INFO - jjofqho
[2023-10-08T05:49:29.411+0000] {logging_mixin.py:151} INFO - jjoia85
[2023-10-08T05:49:29.812+0000] {logging_mixin.py:151} INFO - jjojsz7
[2023-10-08T05:49:30.312+0000] {logging_mixin.py:151} INFO - jjoknq5
[2023-10-08T05:49:30.820+0000] {logging_mixin.py:151} INFO - jjolfmn
[2023-10-08T05:49:31.331+0000] {logging_mixin.py:151} INFO - jjolgc2
[2023-10-08T05:49:31.843+0000] {logging_mixin.py:151} INFO - jjonhr3
[2023-10-08T05:49:32.253+0000] {logging_mixin.py:151} INFO - jjoujgm
[2023-10-08T05:49:32.663+0000] {logging_mixin.py:151} INFO - jjouqfx
[2023-10-08T05:49:34.096+0000] {logging_mixin.py:151} INFO - jjouywf
[2023-10-08T05:49:34.638+0000] {logging_mixin.py:151} INFO - jjovv5r
[2023-10-08T05:49:35.039+0000] {logging_mixin.py:151} INFO - jjoxh17
[2023-10-08T05:49:35.446+0000] {logging_mixin.py:151} INFO - jjoyakr
[2023-10-08T05:49:35.831+0000] {logging_mixin.py:151} INFO - jjp0336
[2023-10-08T05:49:36.233+0000] {logging_mixin.py:151} INFO - jjp4nzw
[2023-10-08T05:49:36.660+0000] {logging_mixin.py:151} INFO - jjp5nnh
[2023-10-08T05:49:37.200+0000] {logging_mixin.py:151} INFO - jjp6yu5
[2023-10-08T05:49:37.603+0000] {logging_mixin.py:151} INFO - jjp7k9y
[2023-10-08T05:49:38.130+0000] {logging_mixin.py:151} INFO - jjp8v5t
[2023-10-08T05:49:38.609+0000] {logging_mixin.py:151} INFO - jjpb74v
[2023-10-08T05:49:39.120+0000] {logging_mixin.py:151} INFO - jjpfrjv
[2023-10-08T05:49:39.530+0000] {logging_mixin.py:151} INFO - jjpgmmh
[2023-10-08T05:49:39.935+0000] {logging_mixin.py:151} INFO - jjpk4kx
[2023-10-08T05:49:40.472+0000] {logging_mixin.py:151} INFO - jjq04me
[2023-10-08T05:49:40.887+0000] {logging_mixin.py:151} INFO - jjq3blo
[2023-10-08T05:49:41.381+0000] {logging_mixin.py:151} INFO - jjq6sub
[2023-10-08T05:49:41.883+0000] {logging_mixin.py:151} INFO - jjqawit
[2023-10-08T05:49:42.397+0000] {logging_mixin.py:151} INFO - jjqdioh
[2023-10-08T05:49:42.914+0000] {logging_mixin.py:151} INFO - jjqep66
[2023-10-08T05:49:43.421+0000] {logging_mixin.py:151} INFO - jjqoswt
[2023-10-08T05:49:43.808+0000] {logging_mixin.py:151} INFO - jjqs228
[2023-10-08T05:49:44.325+0000] {logging_mixin.py:151} INFO - jjqsxy3
[2023-10-08T05:49:44.836+0000] {logging_mixin.py:151} INFO - jjquoxd
[2023-10-08T05:49:45.352+0000] {logging_mixin.py:151} INFO - jjqvquf
[2023-10-08T05:49:45.863+0000] {logging_mixin.py:151} INFO - jjqw4qn
[2023-10-08T05:49:46.372+0000] {logging_mixin.py:151} INFO - jjqz4kk
[2023-10-08T05:49:46.886+0000] {logging_mixin.py:151} INFO - jjr0qyh
[2023-10-08T05:49:47.295+0000] {logging_mixin.py:151} INFO - jjr3hzn
[2023-10-08T05:49:47.688+0000] {logging_mixin.py:151} INFO - jjr3uwy
[2023-10-08T05:49:48.117+0000] {logging_mixin.py:151} INFO - jjr7bng
[2023-10-08T05:49:48.515+0000] {logging_mixin.py:151} INFO - jjreicd
[2023-10-08T05:49:48.937+0000] {logging_mixin.py:151} INFO - jjrfutn
[2023-10-08T05:49:49.447+0000] {logging_mixin.py:151} INFO - jjrku5o
[2023-10-08T05:49:49.859+0000] {logging_mixin.py:151} INFO - jjro2ki
[2023-10-08T05:49:50.371+0000] {logging_mixin.py:151} INFO - jjrxfma
[2023-10-08T05:49:50.884+0000] {logging_mixin.py:151} INFO - jjs45dx
[2023-10-08T05:49:51.394+0000] {logging_mixin.py:151} INFO - jjsa75x
[2023-10-08T05:49:51.908+0000] {logging_mixin.py:151} INFO - jjsdrbi
[2023-10-08T05:49:52.319+0000] {logging_mixin.py:151} INFO - jjsjerz
[2023-10-08T05:49:52.704+0000] {logging_mixin.py:151} INFO - jjsw8k6
[2023-10-08T05:49:53.106+0000] {logging_mixin.py:151} INFO - jjsy684
[2023-10-08T05:49:53.514+0000] {logging_mixin.py:151} INFO - jjt3kfr
[2023-10-08T05:49:53.931+0000] {logging_mixin.py:151} INFO - jjtqnx9
[2023-10-08T05:49:54.364+0000] {logging_mixin.py:151} INFO - jju4lsp
[2023-10-08T05:49:54.756+0000] {logging_mixin.py:151} INFO - jju8r2c
[2023-10-08T05:49:55.287+0000] {logging_mixin.py:151} INFO - jjw4l02
[2023-10-08T05:49:55.696+0000] {logging_mixin.py:151} INFO - jjwdyq3
[2023-10-08T05:49:56.210+0000] {logging_mixin.py:151} INFO - jjx56ol
[2023-10-08T05:49:56.720+0000] {logging_mixin.py:151} INFO - jk1a5q4
[2023-10-08T05:49:57.134+0000] {logging_mixin.py:151} INFO - jk3baeu
[2023-10-08T05:49:57.609+0000] {logging_mixin.py:151} INFO - jkd6l9w
[2023-10-08T05:49:57.997+0000] {logging_mixin.py:151} INFO - jkohg51
[2023-10-08T05:49:58.460+0000] {logging_mixin.py:151} INFO - jkvxqs6
[2023-10-08T05:49:58.976+0000] {logging_mixin.py:151} INFO - jkxzhp6
[2023-10-08T05:49:59.492+0000] {logging_mixin.py:151} INFO - jky8h5m
[2023-10-08T05:49:59.889+0000] {logging_mixin.py:151} INFO - jky9zb5
[2023-10-08T05:50:00.413+0000] {logging_mixin.py:151} INFO - jkyjw4e
[2023-10-08T05:50:00.928+0000] {logging_mixin.py:151} INFO - jl42cpn
[2023-10-08T05:50:02.432+0000] {logging_mixin.py:151} INFO - jl7ttd0
[2023-10-08T05:50:02.867+0000] {logging_mixin.py:151} INFO - jjn9dne
[2023-10-08T05:50:04.408+0000] {logging_mixin.py:151} INFO - jjn8vcq
[2023-10-08T05:50:05.874+0000] {logging_mixin.py:151} INFO - jjnoi2d
[2023-10-08T05:50:06.354+0000] {logging_mixin.py:151} INFO - jjowwg2
[2023-10-08T05:50:07.892+0000] {logging_mixin.py:151} INFO - jjnnxz6
[2023-10-08T05:50:08.407+0000] {logging_mixin.py:151} INFO - jjno8w9
[2023-10-08T05:50:09.943+0000] {logging_mixin.py:151} INFO - jjnora6
[2023-10-08T05:50:10.327+0000] {logging_mixin.py:151} INFO - jjnp98h
[2023-10-08T05:50:11.787+0000] {logging_mixin.py:151} INFO - jjnqnuh
[2023-10-08T05:50:12.303+0000] {logging_mixin.py:151} INFO - jjnqvb3
[2023-10-08T05:50:13.815+0000] {logging_mixin.py:151} INFO - jjnrn45
[2023-10-08T05:50:14.327+0000] {logging_mixin.py:151} INFO - jjns9mi
[2023-10-08T05:50:15.698+0000] {logging_mixin.py:151} INFO - jjnssxf
[2023-10-08T05:50:16.077+0000] {logging_mixin.py:151} INFO - jjnsxsm
[2023-10-08T05:50:17.607+0000] {logging_mixin.py:151} INFO - jjntfd7
[2023-10-08T05:50:18.120+0000] {logging_mixin.py:151} INFO - jjnu95z
[2023-10-08T05:50:19.555+0000] {logging_mixin.py:151} INFO - jjnuq8n
[2023-10-08T05:50:20.064+0000] {logging_mixin.py:151} INFO - jjnv0ef
[2023-10-08T05:50:21.503+0000] {logging_mixin.py:151} INFO - jjnvy1v
[2023-10-08T05:50:22.016+0000] {logging_mixin.py:151} INFO - jjnvzy4
[2023-10-08T05:50:23.447+0000] {logging_mixin.py:151} INFO - jjnx4aj
[2023-10-08T05:50:23.859+0000] {logging_mixin.py:151} INFO - jjnxoyd
[2023-10-08T05:50:25.293+0000] {logging_mixin.py:151} INFO - jjo04h0
[2023-10-08T05:50:26.723+0000] {logging_mixin.py:151} INFO - jjo0i4n
[2023-10-08T05:50:27.238+0000] {logging_mixin.py:151} INFO - jjo0mw9
[2023-10-08T05:50:28.675+0000] {logging_mixin.py:151} INFO - jjo1we8
[2023-10-08T05:50:29.054+0000] {logging_mixin.py:151} INFO - jjo2onn
[2023-10-08T05:50:30.520+0000] {logging_mixin.py:151} INFO - jjo3m8l
[2023-10-08T05:50:30.930+0000] {logging_mixin.py:151} INFO - jjo45mx
[2023-10-08T05:50:32.365+0000] {logging_mixin.py:151} INFO - jjo4nvt
[2023-10-08T05:50:33.798+0000] {logging_mixin.py:151} INFO - jjo5s2m
[2023-10-08T05:50:34.312+0000] {logging_mixin.py:151} INFO - jjo5x1o
[2023-10-08T05:50:35.748+0000] {logging_mixin.py:151} INFO - jjo83p3
[2023-10-08T05:50:36.261+0000] {logging_mixin.py:151} INFO - jjoaxlz
[2023-10-08T05:50:37.691+0000] {logging_mixin.py:151} INFO - jjobupp
[2023-10-08T05:50:38.204+0000] {logging_mixin.py:151} INFO - jjoflc1
[2023-10-08T05:50:39.629+0000] {logging_mixin.py:151} INFO - jjom7gf
[2023-10-08T05:50:40.009+0000] {logging_mixin.py:151} INFO - jjop2dl
[2023-10-08T05:50:41.404+0000] {logging_mixin.py:151} INFO - jjoqnkg
[2023-10-08T05:50:42.238+0000] {logging_mixin.py:151} INFO - jjor6td
[2023-10-08T05:50:43.716+0000] {logging_mixin.py:151} INFO - jjoyk44
[2023-10-08T05:50:44.253+0000] {logging_mixin.py:151} INFO - jjpkcws
[2023-10-08T05:50:45.768+0000] {logging_mixin.py:151} INFO - jjptjkq
[2023-10-08T05:50:46.282+0000] {logging_mixin.py:151} INFO - jjq0clu
[2023-10-08T05:50:47.700+0000] {logging_mixin.py:151} INFO - jjqiyi2
[2023-10-08T05:50:48.225+0000] {logging_mixin.py:151} INFO - jjqplad
[2023-10-08T05:50:49.658+0000] {logging_mixin.py:151} INFO - jjqq81e
[2023-10-08T05:50:50.043+0000] {logging_mixin.py:151} INFO - jjqrsmh
[2023-10-08T05:50:51.506+0000] {logging_mixin.py:151} INFO - jjqstcb
[2023-10-08T05:50:52.019+0000] {logging_mixin.py:151} INFO - jjr35pr
[2023-10-08T05:50:53.556+0000] {logging_mixin.py:151} INFO - jjrawky
[2023-10-08T05:50:53.977+0000] {logging_mixin.py:151} INFO - jjrb01x
[2023-10-08T05:50:55.387+0000] {logging_mixin.py:151} INFO - jjre771
[2023-10-08T05:50:55.874+0000] {logging_mixin.py:151} INFO - jjrf9hl
[2023-10-08T05:50:57.346+0000] {logging_mixin.py:151} INFO - jjrfiuz
[2023-10-08T05:50:58.882+0000] {logging_mixin.py:151} INFO - jjrfwr9
[2023-10-08T05:50:59.394+0000] {logging_mixin.py:151} INFO - jjrg6zh
[2023-10-08T05:51:00.828+0000] {logging_mixin.py:151} INFO - jjrsszc
[2023-10-08T05:51:01.236+0000] {logging_mixin.py:151} INFO - jjru4zp
[2023-10-08T05:51:02.625+0000] {logging_mixin.py:151} INFO - jjrvwpb
[2023-10-08T05:51:03.086+0000] {logging_mixin.py:151} INFO - jjs5y3e
[2023-10-08T05:51:04.620+0000] {logging_mixin.py:151} INFO - jjs8ip3
[2023-10-08T05:51:05.134+0000] {logging_mixin.py:151} INFO - jjsij35
[2023-10-08T05:51:06.569+0000] {logging_mixin.py:151} INFO - jjsl48t
[2023-10-08T05:51:07.083+0000] {logging_mixin.py:151} INFO - jjsr27s
[2023-10-08T05:51:08.516+0000] {logging_mixin.py:151} INFO - jjsvoo6
[2023-10-08T05:51:09.032+0000] {logging_mixin.py:151} INFO - jjtrlui
[2023-10-08T05:51:10.424+0000] {logging_mixin.py:151} INFO - jjtw4sz
[2023-10-08T05:51:10.874+0000] {logging_mixin.py:151} INFO - jjv2w38
[2023-10-08T05:51:12.310+0000] {logging_mixin.py:151} INFO - jjxs0n2
[2023-10-08T05:51:13.823+0000] {logging_mixin.py:151} INFO - jk068h9
[2023-10-08T05:51:14.335+0000] {logging_mixin.py:151} INFO - jk0grxe
[2023-10-08T05:51:15.772+0000] {logging_mixin.py:151} INFO - jk8wpvv
[2023-10-08T05:51:16.168+0000] {logging_mixin.py:151} INFO - jkb9mhz
[2023-10-08T05:51:17.616+0000] {logging_mixin.py:151} INFO - jknkh9i
[2023-10-08T05:51:18.027+0000] {logging_mixin.py:151} INFO - jkotvvg
[2023-10-08T05:51:19.460+0000] {logging_mixin.py:151} INFO - jkpm1ik
[2023-10-08T05:51:19.973+0000] {logging_mixin.py:151} INFO - jkq1qpc
[2023-10-08T05:51:21.406+0000] {logging_mixin.py:151} INFO - jkq6igs
[2023-10-08T05:51:21.814+0000] {logging_mixin.py:151} INFO - jkrcz12
[2023-10-08T05:51:23.224+0000] {logging_mixin.py:151} INFO - jkrtb2w
[2023-10-08T05:51:24.686+0000] {logging_mixin.py:151} INFO - jktkgqn
[2023-10-08T05:51:25.084+0000] {logging_mixin.py:151} INFO - jku9l8z
[2023-10-08T05:51:26.530+0000] {logging_mixin.py:151} INFO - jkv7n8x
[2023-10-08T05:51:27.043+0000] {logging_mixin.py:151} INFO - jkvlb58
[2023-10-08T05:51:28.475+0000] {logging_mixin.py:151} INFO - jkvpyzm
[2023-10-08T05:51:28.989+0000] {logging_mixin.py:151} INFO - jlkolqx
[2023-10-08T05:51:30.427+0000] {logging_mixin.py:151} INFO - jmrcnyk
[2023-10-08T05:51:30.941+0000] {logging_mixin.py:151} INFO - jjn4pmi
[2023-10-08T05:51:32.474+0000] {logging_mixin.py:151} INFO - jjmzs8p
[2023-10-08T05:51:34.010+0000] {logging_mixin.py:151} INFO - jjnnqeb
[2023-10-08T05:51:34.533+0000] {logging_mixin.py:151} INFO - jjnkbdo
[2023-10-08T05:51:35.134+0000] {logging_mixin.py:151} INFO - jjnswr1
[2023-10-08T05:51:37.266+0000] {logging_mixin.py:151} INFO - jjnqmr2
[2023-10-08T05:51:38.156+0000] {logging_mixin.py:151} INFO - jjnt7cu
[2023-10-08T05:51:38.586+0000] {logging_mixin.py:151} INFO - jjo7ip8
[2023-10-08T05:51:38.984+0000] {logging_mixin.py:151} INFO - jjo84f0
[2023-10-08T05:51:40.466+0000] {logging_mixin.py:151} INFO - jjovr1n
[2023-10-08T05:51:40.983+0000] {logging_mixin.py:151} INFO - jjquu4r
[2023-10-08T05:51:42.470+0000] {logging_mixin.py:151} INFO - jl83j2a
[2023-10-08T05:51:42.925+0000] {logging_mixin.py:151} INFO - jjo245c
[2023-10-08T05:51:44.445+0000] {logging_mixin.py:151} INFO - jjnlp7o
[2023-10-08T05:51:45.937+0000] {logging_mixin.py:151} INFO - jjn2y7d
[2023-10-08T05:51:46.493+0000] {logging_mixin.py:151} INFO - jjnkp4l
[2023-10-08T05:51:47.107+0000] {logging_mixin.py:151} INFO - jjnvesn
[2023-10-08T05:51:48.652+0000] {logging_mixin.py:151} INFO - jjnyee7
[2023-10-08T05:51:49.158+0000] {logging_mixin.py:151} INFO - jjo2769
[2023-10-08T05:51:50.694+0000] {logging_mixin.py:151} INFO - jkpuiy7
[2023-10-08T05:51:51.120+0000] {logging_mixin.py:151} INFO - jjord9n
[2023-10-08T05:51:52.598+0000] {logging_mixin.py:151} INFO - jkso60z
[2023-10-08T05:51:53.003+0000] {logging_mixin.py:151} INFO - jjnggle
[2023-10-08T05:51:54.489+0000] {logging_mixin.py:151} INFO - jjnybby
[2023-10-08T05:51:55.008+0000] {logging_mixin.py:151} INFO - jjnkmds
[2023-10-08T05:51:56.533+0000] {logging_mixin.py:151} INFO - jjnrv7q
[2023-10-08T05:51:57.049+0000] {logging_mixin.py:151} INFO - jjp9ujs
[2023-10-08T05:51:58.586+0000] {logging_mixin.py:151} INFO - jjooe1f
[2023-10-08T05:51:58.993+0000] {logging_mixin.py:151} INFO - jjonzz6
[2023-10-08T05:52:00.536+0000] {logging_mixin.py:151} INFO - jknzcgu
[2023-10-08T05:52:01.046+0000] {logging_mixin.py:151} INFO - jjpwv5h
[2023-10-08T05:52:02.478+0000] {logging_mixin.py:151} INFO - jjnz7m8
[2023-10-08T05:52:02.909+0000] {logging_mixin.py:151} INFO - jjovbw0
[2023-10-08T05:52:04.424+0000] {logging_mixin.py:151} INFO - jjsagun
[2023-10-08T05:52:06.064+0000] {logging_mixin.py:151} INFO - jkjofqm
[2023-10-08T05:52:06.576+0000] {logging_mixin.py:151} INFO - jjoric1
[2023-10-08T05:52:07.088+0000] {logging_mixin.py:151} INFO - jjph8g7
[2023-10-08T05:52:08.502+0000] {logging_mixin.py:151} INFO - jjpwy1w
[2023-10-08T05:52:08.936+0000] {logging_mixin.py:151} INFO - jjpwnmj
[2023-10-08T05:52:10.334+0000] {logging_mixin.py:151} INFO - jjpkb1u
[2023-10-08T05:52:11.804+0000] {logging_mixin.py:151} INFO - jjns9a8
[2023-10-08T05:52:12.219+0000] {logging_mixin.py:151} INFO - jkmxw23
[2023-10-08T05:52:13.732+0000] {logging_mixin.py:151} INFO - jjp6qhn
[2023-10-08T05:52:15.166+0000] {logging_mixin.py:151} INFO - jjpx0e1
[2023-10-08T05:52:17.120+0000] {logging_mixin.py:151} INFO - jjoqxjt
[2023-10-08T05:52:17.526+0000] {logging_mixin.py:151} INFO - jk1i8oi
[2023-10-08T05:52:17.939+0000] {logging_mixin.py:151} INFO - jr8rc5c
[2023-10-08T05:52:18.335+0000] {logging_mixin.py:151} INFO - jkreml7
[2023-10-08T05:52:19.768+0000] {logging_mixin.py:151} INFO - jjnzqho
[2023-10-08T05:52:20.289+0000] {logging_mixin.py:151} INFO - jjo87al
[2023-10-08T05:52:21.708+0000] {logging_mixin.py:151} INFO - jjom12c
[2023-10-08T05:52:22.233+0000] {logging_mixin.py:151} INFO - jjs609n
[2023-10-08T05:52:23.653+0000] {logging_mixin.py:151} INFO - jjn2vn1
[2023-10-08T05:52:24.185+0000] {logging_mixin.py:151} INFO - jjnqhre
[2023-10-08T05:52:25.723+0000] {logging_mixin.py:151} INFO - jjnr3bo
[2023-10-08T05:52:26.233+0000] {logging_mixin.py:151} INFO - jjq2s6s
[2023-10-08T05:52:27.669+0000] {logging_mixin.py:151} INFO - jjnp66s
[2023-10-08T05:52:28.181+0000] {logging_mixin.py:151} INFO - jjp7s01
[2023-10-08T05:52:29.610+0000] {logging_mixin.py:151} INFO - jjn9tt4
[2023-10-08T05:52:31.460+0000] {logging_mixin.py:151} INFO - jjpl1em
[2023-10-08T05:52:32.867+0000] {logging_mixin.py:151} INFO - jlfdqv8
[2023-10-08T05:52:33.263+0000] {logging_mixin.py:151} INFO - jjnwr0u
[2023-10-08T05:52:33.815+0000] {logging_mixin.py:151} INFO - jjoytal
[2023-10-08T05:52:34.324+0000] {logging_mixin.py:151} INFO - jjofnex
[2023-10-08T05:52:35.760+0000] {logging_mixin.py:151} INFO - jky8mti
[2023-10-08T05:52:36.169+0000] {logging_mixin.py:151} INFO - jjnncxs
[2023-10-08T05:52:37.605+0000] {logging_mixin.py:151} INFO - jjnnchz
[2023-10-08T05:52:38.016+0000] {logging_mixin.py:151} INFO - jjnxt54
[2023-10-08T05:52:39.447+0000] {logging_mixin.py:151} INFO - jjor50z
[2023-10-08T05:52:39.926+0000] {logging_mixin.py:151} INFO - jlkl2b7
[2023-10-08T05:52:41.401+0000] {logging_mixin.py:151} INFO - jjsctjk
[2023-10-08T05:52:42.821+0000] {logging_mixin.py:151} INFO - jkjoqpt
[2023-10-08T05:52:43.347+0000] {logging_mixin.py:151} INFO - jjpwvq0
[2023-10-08T05:52:44.967+0000] {logging_mixin.py:151} INFO - jkn7yd8
[2023-10-08T05:52:45.476+0000] {logging_mixin.py:151} INFO - jk2p0wg
[2023-10-08T05:52:46.076+0000] {logging_mixin.py:151} INFO - jr8r3gq
[2023-10-08T05:52:47.631+0000] {logging_mixin.py:151} INFO - jjpbl5n
[2023-10-08T05:52:48.033+0000] {logging_mixin.py:151} INFO - jjr78it
[2023-10-08T05:52:49.584+0000] {logging_mixin.py:151} INFO - jjnnizu
[2023-10-08T05:52:50.089+0000] {logging_mixin.py:151} INFO - jjnqolm
[2023-10-08T05:52:51.741+0000] {logging_mixin.py:151} INFO - jjomaup
[2023-10-08T05:52:52.294+0000] {logging_mixin.py:151} INFO - jjo63td
[2023-10-08T05:52:53.682+0000] {logging_mixin.py:151} INFO - jjnz493
[2023-10-08T05:52:54.080+0000] {logging_mixin.py:151} INFO - jjpcrkk
[2023-10-08T05:52:55.619+0000] {logging_mixin.py:151} INFO - jjpfuwh
[2023-10-08T05:52:56.005+0000] {logging_mixin.py:151} INFO - jjrmrjz
[2023-10-08T05:52:57.464+0000] {logging_mixin.py:151} INFO - jjtps1u
[2023-10-08T05:52:57.915+0000] {logging_mixin.py:151} INFO - jjnremx
[2023-10-08T05:52:59.419+0000] {logging_mixin.py:151} INFO - jjpczl1
[2023-10-08T05:53:00.921+0000] {logging_mixin.py:151} INFO - jjobza2
[2023-10-08T05:53:01.463+0000] {logging_mixin.py:151} INFO - jjojhsu
[2023-10-08T05:53:02.906+0000] {logging_mixin.py:151} INFO - jjowbu5
[2023-10-08T05:53:03.408+0000] {logging_mixin.py:151} INFO - jlgtlou
[2023-10-08T05:53:16.890+0000] {logging_mixin.py:151} INFO - jjqy6nt
[2023-10-08T05:53:17.325+0000] {logging_mixin.py:151} INFO - jjogwdk
[2023-10-08T05:53:17.735+0000] {logging_mixin.py:151} INFO - jjoglku
[2023-10-08T05:53:18.248+0000] {logging_mixin.py:151} INFO - jjoi4bd
[2023-10-08T05:53:18.657+0000] {logging_mixin.py:151} INFO - jkpz9ih
[2023-10-08T05:53:19.065+0000] {logging_mixin.py:151} INFO - jkq6qkh
[2023-10-08T05:53:19.453+0000] {logging_mixin.py:151} INFO - jjp871o
[2023-10-08T05:53:19.888+0000] {logging_mixin.py:151} INFO - jjrbt75
[2023-10-08T05:53:20.402+0000] {logging_mixin.py:151} INFO - jjoitji
[2023-10-08T05:53:20.912+0000] {logging_mixin.py:151} INFO - jjnpefd
[2023-10-08T05:53:21.322+0000] {logging_mixin.py:151} INFO - jjnxkud
[2023-10-08T05:53:21.836+0000] {logging_mixin.py:151} INFO - jjo6bou
[2023-10-08T05:53:22.346+0000] {logging_mixin.py:151} INFO - jjokloy
[2023-10-08T05:53:22.761+0000] {logging_mixin.py:151} INFO - jjqjtog
[2023-10-08T05:53:23.266+0000] {logging_mixin.py:151} INFO - jjor1h9
[2023-10-08T05:53:23.781+0000] {logging_mixin.py:151} INFO - jjnngpf
[2023-10-08T05:53:24.190+0000] {logging_mixin.py:151} INFO - jjnpgm2
[2023-10-08T05:53:24.707+0000] {logging_mixin.py:151} INFO - jjnple3
[2023-10-08T05:53:25.101+0000] {logging_mixin.py:151} INFO - jjoa20o
[2023-10-08T05:53:25.519+0000] {logging_mixin.py:151} INFO - jjp3gxf
[2023-10-08T05:53:26.037+0000] {logging_mixin.py:151} INFO - jjoq14u
[2023-10-08T05:53:26.548+0000] {logging_mixin.py:151} INFO - jjq80x3
[2023-10-08T05:53:27.061+0000] {logging_mixin.py:151} INFO - jkply87
[2023-10-08T05:53:27.575+0000] {logging_mixin.py:151} INFO - jjoibya
[2023-10-08T05:53:27.980+0000] {logging_mixin.py:151} INFO - jjoi80e
[2023-10-08T05:53:29.418+0000] {logging_mixin.py:151} INFO - jksoika
[2023-10-08T05:53:29.932+0000] {logging_mixin.py:151} INFO - jjtc497
[2023-10-08T05:53:31.465+0000] {logging_mixin.py:151} INFO - jjns2j3
[2023-10-08T05:53:32.898+0000] {logging_mixin.py:151} INFO - jjoqx6w
[2023-10-08T05:53:33.414+0000] {logging_mixin.py:151} INFO - jjorffk
[2023-10-08T05:53:34.847+0000] {logging_mixin.py:151} INFO - jjorlu1
[2023-10-08T05:53:35.364+0000] {logging_mixin.py:151} INFO - jjow7g1
[2023-10-08T05:53:36.793+0000] {logging_mixin.py:151} INFO - jjorsgc
[2023-10-08T05:53:37.205+0000] {logging_mixin.py:151} INFO - jjsbjwl
[2023-10-08T05:53:38.645+0000] {logging_mixin.py:151} INFO - jjos0m5
[2023-10-08T05:53:39.071+0000] {logging_mixin.py:151} INFO - jjnsb17
[2023-10-08T05:53:40.588+0000] {logging_mixin.py:151} INFO - jkvq3b5
[2023-10-08T05:53:41.098+0000] {logging_mixin.py:151} INFO - jjqhya5
[2023-10-08T05:53:42.534+0000] {logging_mixin.py:151} INFO - jkpt1em
[2023-10-08T05:53:43.044+0000] {logging_mixin.py:151} INFO - jjr7w85
[2023-10-08T05:53:44.454+0000] {logging_mixin.py:151} INFO - jjoyib0
[2023-10-08T05:53:44.882+0000] {logging_mixin.py:151} INFO - jjpdsx3
[2023-10-08T05:53:46.303+0000] {logging_mixin.py:151} INFO - jjo6rg6
[2023-10-08T05:53:47.690+0000] {logging_mixin.py:151} INFO - jjps64p
[2023-10-08T05:53:48.076+0000] {logging_mixin.py:151} INFO - jjos0dz
[2023-10-08T05:53:49.510+0000] {logging_mixin.py:151} INFO - jjo2ufo
[2023-10-08T05:53:50.070+0000] {logging_mixin.py:151} INFO - jjsdn83
[2023-10-08T05:53:51.482+0000] {logging_mixin.py:151} INFO - jksnvqz
[2023-10-08T05:53:51.942+0000] {logging_mixin.py:151} INFO - jjqrrz7
[2023-10-08T05:53:53.393+0000] {logging_mixin.py:151} INFO - jjq6bff
[2023-10-08T05:53:53.810+0000] {logging_mixin.py:151} INFO - jjodg53
[2023-10-08T05:53:55.225+0000] {logging_mixin.py:151} INFO - jjok3gi
[2023-10-08T05:53:57.477+0000] {logging_mixin.py:151} INFO - jjp6p5c
[2023-10-08T05:53:59.291+0000] {logging_mixin.py:151} INFO - ji3z3ef
[2023-10-08T05:54:00.753+0000] {logging_mixin.py:151} INFO - ji3jyjo
[2023-10-08T05:54:01.983+0000] {logging_mixin.py:151} INFO - ji3fuz3
[2023-10-08T05:54:02.497+0000] {logging_mixin.py:151} INFO - ji3gr5y
[2023-10-08T05:54:02.922+0000] {logging_mixin.py:151} INFO - ji3gmq2
[2023-10-08T05:54:03.417+0000] {logging_mixin.py:151} INFO - ji3kp86
[2023-10-08T05:54:04.956+0000] {logging_mixin.py:151} INFO - ji3tvie
[2023-10-08T05:54:05.466+0000] {logging_mixin.py:151} INFO - ji45ldw
[2023-10-08T05:54:07.007+0000] {logging_mixin.py:151} INFO - ji3ymbc
[2023-10-08T05:54:07.529+0000] {logging_mixin.py:151} INFO - ji3ji2x
[2023-10-08T05:54:08.032+0000] {logging_mixin.py:151} INFO - ji3me5r
[2023-10-08T05:54:09.568+0000] {logging_mixin.py:151} INFO - ji3rlkc
[2023-10-08T05:54:10.076+0000] {logging_mixin.py:151} INFO - ji3pnr8
[2023-10-08T05:54:11.515+0000] {logging_mixin.py:151} INFO - ji3j4vr
[2023-10-08T05:54:12.031+0000] {logging_mixin.py:151} INFO - ji3ufvx
[2023-10-08T05:54:13.460+0000] {logging_mixin.py:151} INFO - ji4055a
[2023-10-08T05:54:13.841+0000] {logging_mixin.py:151} INFO - ji47hia
[2023-10-08T05:54:15.289+0000] {logging_mixin.py:151} INFO - ji3nhv4
[2023-10-08T05:54:16.716+0000] {logging_mixin.py:151} INFO - ji3on1p
[2023-10-08T05:54:17.228+0000] {logging_mixin.py:151} INFO - ji3pto0
[2023-10-08T05:54:18.766+0000] {logging_mixin.py:151} INFO - ji3qma9
[2023-10-08T05:54:19.176+0000] {logging_mixin.py:151} INFO - ji3ze79
[2023-10-08T05:54:20.640+0000] {logging_mixin.py:151} INFO - ji46okk
[2023-10-08T05:54:21.173+0000] {logging_mixin.py:151} INFO - ji4ge5p
[2023-10-08T05:54:22.608+0000] {logging_mixin.py:151} INFO - ji4klzp
[2023-10-08T05:54:23.039+0000] {logging_mixin.py:151} INFO - ji5z1yc
[2023-10-08T05:54:24.508+0000] {logging_mixin.py:151} INFO - ji3olr9
[2023-10-08T05:54:24.915+0000] {logging_mixin.py:151} INFO - ji4bfm3
[2023-10-08T05:54:26.454+0000] {logging_mixin.py:151} INFO - ji4qk5g
[2023-10-08T05:54:27.886+0000] {logging_mixin.py:151} INFO - ji522g0
[2023-10-08T05:54:28.298+0000] {logging_mixin.py:151} INFO - ji5u7ax
[2023-10-08T05:54:29.701+0000] {logging_mixin.py:151} INFO - ji67hbp
[2023-10-08T05:54:30.141+0000] {logging_mixin.py:151} INFO - ji79576
[2023-10-08T05:54:32.084+0000] {logging_mixin.py:151} INFO - ji7lxny
[2023-10-08T05:54:32.602+0000] {logging_mixin.py:151} INFO - ji45vyr
[2023-10-08T05:54:33.012+0000] {logging_mixin.py:151} INFO - ji3oc9f
[2023-10-08T05:54:34.549+0000] {logging_mixin.py:151} INFO - ji3zao0
[2023-10-08T05:54:35.060+0000] {logging_mixin.py:151} INFO - ji401l2
[2023-10-08T05:54:36.499+0000] {logging_mixin.py:151} INFO - ji40a1x
[2023-10-08T05:54:36.909+0000] {logging_mixin.py:151} INFO - ji4e7dw
[2023-10-08T05:54:38.396+0000] {logging_mixin.py:151} INFO - ji4gbd7
[2023-10-08T05:54:39.823+0000] {logging_mixin.py:151} INFO - ji4gznx
[2023-10-08T05:54:40.209+0000] {logging_mixin.py:151} INFO - ji4i7qs
[2023-10-08T05:54:41.622+0000] {logging_mixin.py:151} INFO - ji4iir2
[2023-10-08T05:54:42.136+0000] {logging_mixin.py:151} INFO - ji4lwzu
[2023-10-08T05:54:43.547+0000] {logging_mixin.py:151} INFO - ji4nd2s
[2023-10-08T05:54:43.957+0000] {logging_mixin.py:151} INFO - ji4q2m1
[2023-10-08T05:54:45.494+0000] {logging_mixin.py:151} INFO - ji4q54e
[2023-10-08T05:54:46.004+0000] {logging_mixin.py:151} INFO - ji4ur5d
[2023-10-08T05:54:47.540+0000] {logging_mixin.py:151} INFO - ji4zo0m
[2023-10-08T05:54:48.463+0000] {logging_mixin.py:151} INFO - ji51vf7
[2023-10-08T05:54:48.873+0000] {logging_mixin.py:151} INFO - ji5572f
[2023-10-08T05:54:50.278+0000] {logging_mixin.py:151} INFO - ji57zvl
[2023-10-08T05:54:51.742+0000] {logging_mixin.py:151} INFO - ji5bj4i
[2023-10-08T05:54:52.258+0000] {logging_mixin.py:151} INFO - ji5dioy
[2023-10-08T05:54:53.722+0000] {logging_mixin.py:151} INFO - ji5lb71
[2023-10-08T05:54:54.203+0000] {logging_mixin.py:151} INFO - ji5pk8h
[2023-10-08T05:54:55.610+0000] {logging_mixin.py:151} INFO - ji5rmjq
[2023-10-08T05:54:56.148+0000] {logging_mixin.py:151} INFO - ji5s0r5
[2023-10-08T05:54:57.684+0000] {logging_mixin.py:151} INFO - ji5vumo
[2023-10-08T05:54:58.073+0000] {logging_mixin.py:151} INFO - ji5xx5g
[2023-10-08T05:54:59.479+0000] {logging_mixin.py:151} INFO - ji6k3nq
[2023-10-08T05:54:59.945+0000] {logging_mixin.py:151} INFO - ji6vl4n
[2023-10-08T05:55:01.343+0000] {logging_mixin.py:151} INFO - ji6wysv
[2023-10-08T05:55:02.753+0000] {logging_mixin.py:151} INFO - ji735hn
[2023-10-08T05:55:03.155+0000] {logging_mixin.py:151} INFO - ji79l9c
[2023-10-08T05:55:05.168+0000] {logging_mixin.py:151} INFO - ji9xsfh
[2023-10-08T05:55:05.684+0000] {logging_mixin.py:151} INFO - jib5e6l
[2023-10-08T05:55:06.065+0000] {logging_mixin.py:151} INFO - ji44nxv
[2023-10-08T05:55:07.529+0000] {logging_mixin.py:151} INFO - ji454o6
[2023-10-08T05:55:08.038+0000] {logging_mixin.py:151} INFO - ji515lr
[2023-10-08T05:55:09.575+0000] {logging_mixin.py:151} INFO - ji6juow
[2023-10-08T05:55:09.968+0000] {logging_mixin.py:151} INFO - ji8lka5
[2023-10-08T05:55:11.419+0000] {logging_mixin.py:151} INFO - ji3kvxl
[2023-10-08T05:55:11.933+0000] {logging_mixin.py:151} INFO - ji3qxg4
[2023-10-08T05:55:13.471+0000] {logging_mixin.py:151} INFO - ji45gmk
[2023-10-08T05:55:14.863+0000] {logging_mixin.py:151} INFO - ji3hjzx
[2023-10-08T05:55:15.392+0000] {logging_mixin.py:151} INFO - ji5f3om
[2023-10-08T05:55:16.827+0000] {logging_mixin.py:151} INFO - ji3up2q
[2023-10-08T05:55:17.341+0000] {logging_mixin.py:151} INFO - ji4idgm
[2023-10-08T05:55:18.778+0000] {logging_mixin.py:151} INFO - ji5hq0u
[2023-10-08T05:55:19.191+0000] {logging_mixin.py:151} INFO - ji4torm
[2023-10-08T05:55:20.639+0000] {logging_mixin.py:151} INFO - ji3wjvm
[2023-10-08T05:55:21.059+0000] {logging_mixin.py:151} INFO - ji42tpj
[2023-10-08T05:55:22.470+0000] {logging_mixin.py:151} INFO - ji59z7n
[2023-10-08T05:55:22.849+0000] {logging_mixin.py:151} INFO - ji4d5qv
[2023-10-08T05:55:24.371+0000] {logging_mixin.py:151} INFO - ji5q6js
[2023-10-08T05:55:25.791+0000] {logging_mixin.py:151} INFO - ji66h0u
[2023-10-08T05:55:26.260+0000] {logging_mixin.py:151} INFO - ji3movg
[2023-10-08T05:55:27.686+0000] {logging_mixin.py:151} INFO - ji4hp2j
[2023-10-08T05:55:28.206+0000] {logging_mixin.py:151} INFO - ji44qq9
[2023-10-08T05:55:29.747+0000] {logging_mixin.py:151} INFO - ji3nojc
[2023-10-08T05:55:30.938+0000] {logging_mixin.py:151} INFO - jiozn84
[2023-10-08T05:55:32.405+0000] {logging_mixin.py:151} INFO - ji7pocc
[2023-10-08T05:55:32.801+0000] {logging_mixin.py:151} INFO - ji82npd
[2023-10-08T05:55:33.192+0000] {logging_mixin.py:151} INFO - ji7pynd
[2023-10-08T05:55:34.662+0000] {logging_mixin.py:151} INFO - ji4zm8t
[2023-10-08T05:55:35.176+0000] {logging_mixin.py:151} INFO - ji51ecy
[2023-10-08T05:55:36.708+0000] {logging_mixin.py:151} INFO - ji459cw
[2023-10-08T05:55:37.328+0000] {logging_mixin.py:151} INFO - ji4jrxg
[2023-10-08T05:55:38.760+0000] {logging_mixin.py:151} INFO - ji45we7
[2023-10-08T05:55:39.270+0000] {logging_mixin.py:151} INFO - ji7ku2a
[2023-10-08T05:55:40.705+0000] {logging_mixin.py:151} INFO - ji6k1fs
[2023-10-08T05:55:41.108+0000] {logging_mixin.py:151} INFO - ji5aaus
[2023-10-08T05:55:42.515+0000] {logging_mixin.py:151} INFO - ji4hxn9
[2023-10-08T05:55:42.911+0000] {logging_mixin.py:151} INFO - ji5f9ej
[2023-10-08T05:55:44.375+0000] {logging_mixin.py:151} INFO - ji5194s
[2023-10-08T05:55:45.916+0000] {logging_mixin.py:151} INFO - ji52j73
[2023-10-08T05:55:46.425+0000] {logging_mixin.py:151} INFO - ji4vcgl
[2023-10-08T05:55:47.958+0000] {logging_mixin.py:151} INFO - ji4oyxe
[2023-10-08T05:55:48.363+0000] {logging_mixin.py:151} INFO - ji9165a
[2023-10-08T05:55:51.922+0000] {logging_mixin.py:151} INFO - jhlumhw
[2023-10-08T05:55:53.390+0000] {logging_mixin.py:151} INFO - jhlhafx
[2023-10-08T05:55:53.789+0000] {logging_mixin.py:151} INFO - jhlom5w
[2023-10-08T05:55:54.192+0000] {logging_mixin.py:151} INFO - jhlk0tk
[2023-10-08T05:55:54.619+0000] {logging_mixin.py:151} INFO - jhlvrbr
[2023-10-08T05:55:55.131+0000] {logging_mixin.py:151} INFO - jhlsz98
[2023-10-08T05:55:56.548+0000] {logging_mixin.py:151} INFO - jhlvl28
[2023-10-08T05:55:56.976+0000] {logging_mixin.py:151} INFO - jhlq1z2
[2023-10-08T05:55:58.413+0000] {logging_mixin.py:151} INFO - jhluvjz
[2023-10-08T05:55:58.929+0000] {logging_mixin.py:151} INFO - jhljcgs
[2023-10-08T05:56:00.327+0000] {logging_mixin.py:151} INFO - jhlt87q
[2023-10-08T05:56:01.712+0000] {logging_mixin.py:151} INFO - jhmu7gh
[2023-10-08T05:56:02.099+0000] {logging_mixin.py:151} INFO - jho7r80
[2023-10-08T05:56:03.638+0000] {logging_mixin.py:151} INFO - jhlw8w6
[2023-10-08T05:56:04.055+0000] {logging_mixin.py:151} INFO - jhloztk
[2023-10-08T05:56:05.448+0000] {logging_mixin.py:151} INFO - jhlv5f3
[2023-10-08T05:56:05.896+0000] {logging_mixin.py:151} INFO - jhmgu0d
[2023-10-08T05:56:07.290+0000] {logging_mixin.py:151} INFO - jhnlowv
[2023-10-08T05:56:08.763+0000] {logging_mixin.py:151} INFO - jhp7utg
[2023-10-08T05:56:09.270+0000] {logging_mixin.py:151} INFO - jhmtykn
[2023-10-08T05:56:11.223+0000] {logging_mixin.py:151} INFO - jhmvxny
[2023-10-08T05:56:11.635+0000] {logging_mixin.py:151} INFO - jhnf5eg
[2023-10-08T05:56:12.147+0000] {logging_mixin.py:151} INFO - jhnx42j
[2023-10-08T05:56:13.559+0000] {logging_mixin.py:151} INFO - jhpc9te
[2023-10-08T05:56:14.069+0000] {logging_mixin.py:151} INFO - jhmfid2
[2023-10-08T05:56:15.613+0000] {logging_mixin.py:151} INFO - jhma01x
[2023-10-08T05:56:16.120+0000] {logging_mixin.py:151} INFO - jhlp9y7
[2023-10-08T05:56:17.543+0000] {logging_mixin.py:151} INFO - jhm7bmg
[2023-10-08T05:56:17.966+0000] {logging_mixin.py:151} INFO - jhnw4ap
[2023-10-08T05:56:19.397+0000] {logging_mixin.py:151} INFO - jhny2kd
[2023-10-08T05:56:19.775+0000] {logging_mixin.py:151} INFO - jho3s3z
[2023-10-08T05:56:21.176+0000] {logging_mixin.py:151} INFO - jhlvyth
[2023-10-08T05:56:22.586+0000] {logging_mixin.py:151} INFO - jhm466a
[2023-10-08T05:56:22.990+0000] {logging_mixin.py:151} INFO - jhmhhhk
[2023-10-08T05:56:24.389+0000] {logging_mixin.py:151} INFO - jhn6zbl
[2023-10-08T05:56:24.795+0000] {logging_mixin.py:151} INFO - jhn87mt
[2023-10-08T05:56:26.367+0000] {logging_mixin.py:151} INFO - jhneweq
[2023-10-08T05:56:27.759+0000] {logging_mixin.py:151} INFO - jhnk0r9
[2023-10-08T05:56:28.285+0000] {logging_mixin.py:151} INFO - jhnmw72
[2023-10-08T05:56:29.752+0000] {logging_mixin.py:151} INFO - jhox9cu
[2023-10-08T05:56:30.264+0000] {logging_mixin.py:151} INFO - jhp4vni
[2023-10-08T05:56:32.490+0000] {logging_mixin.py:151} INFO - jht6ajf
[2023-10-08T05:56:33.646+0000] {logging_mixin.py:151} INFO - jhm4apb
[2023-10-08T05:56:34.052+0000] {logging_mixin.py:151} INFO - jhojymr
[2023-10-08T05:56:34.567+0000] {logging_mixin.py:151} INFO - jhmej0b
[2023-10-08T05:56:34.977+0000] {logging_mixin.py:151} INFO - jhmrgtu
[2023-10-08T05:56:36.412+0000] {logging_mixin.py:151} INFO - jhm6jju
[2023-10-08T05:56:36.918+0000] {logging_mixin.py:151} INFO - jhlunoi
[2023-10-08T05:56:38.362+0000] {logging_mixin.py:151} INFO - jhmkroc
[2023-10-08T05:56:39.774+0000] {logging_mixin.py:151} INFO - jhoqmzk
[2023-10-08T05:56:40.187+0000] {logging_mixin.py:151} INFO - jhnx987
[2023-10-08T05:56:41.583+0000] {logging_mixin.py:151} INFO - jhp4n1b
[2023-10-08T05:56:41.965+0000] {logging_mixin.py:151} INFO - jhlvjyr
[2023-10-08T05:56:43.461+0000] {logging_mixin.py:151} INFO - jhly71b
[2023-10-08T05:56:43.855+0000] {logging_mixin.py:151} INFO - jhm5bri
[2023-10-08T05:56:45.250+0000] {logging_mixin.py:151} INFO - jhm6n5f
[2023-10-08T05:56:46.739+0000] {logging_mixin.py:151} INFO - jhm9exq
[2023-10-08T05:56:47.237+0000] {logging_mixin.py:151} INFO - jhmqw3z
[2023-10-08T05:56:48.685+0000] {logging_mixin.py:151} INFO - jhmve4y
[2023-10-08T05:56:49.199+0000] {logging_mixin.py:151} INFO - jhn0g89
[2023-10-08T05:56:50.607+0000] {logging_mixin.py:151} INFO - jhngdyo
[2023-10-08T05:56:51.026+0000] {logging_mixin.py:151} INFO - jhni9kn
[2023-10-08T05:56:52.476+0000] {logging_mixin.py:151} INFO - jhnku72
[2023-10-08T05:56:53.093+0000] {logging_mixin.py:151} INFO - jhnlqh6
[2023-10-08T05:56:54.501+0000] {logging_mixin.py:151} INFO - jhnn6xq
[2023-10-08T05:56:55.036+0000] {logging_mixin.py:151} INFO - jhnopl2
[2023-10-08T05:56:56.477+0000] {logging_mixin.py:151} INFO - jho57ze
[2023-10-08T05:56:56.882+0000] {logging_mixin.py:151} INFO - jho5na4
[2023-10-08T05:56:58.299+0000] {logging_mixin.py:151} INFO - jholhsv
[2023-10-08T05:56:59.752+0000] {logging_mixin.py:151} INFO - jhonfyp
[2023-10-08T05:57:00.147+0000] {logging_mixin.py:151} INFO - jhoni1d
[2023-10-08T05:57:01.596+0000] {logging_mixin.py:151} INFO - jhosj65
[2023-10-08T05:57:02.006+0000] {logging_mixin.py:151} INFO - jhputwh
[2023-10-08T05:57:03.420+0000] {logging_mixin.py:151} INFO - jhqfic3
[2023-10-08T05:57:03.824+0000] {logging_mixin.py:151} INFO - jhqi8qf
[2023-10-08T05:57:05.286+0000] {logging_mixin.py:151} INFO - jhqnvgh
[2023-10-08T05:57:06.722+0000] {logging_mixin.py:151} INFO - jhqqk19
[2023-10-08T05:57:07.232+0000] {logging_mixin.py:151} INFO - jhsz2p7
[2023-10-08T05:57:08.772+0000] {logging_mixin.py:151} INFO - jj6tab8
[2023-10-08T05:57:09.184+0000] {logging_mixin.py:151} INFO - jjuphkh
[2023-10-08T05:57:11.435+0000] {logging_mixin.py:151} INFO - jl1v2qp
[2023-10-08T05:57:11.845+0000] {logging_mixin.py:151} INFO - jhmh7iu
[2023-10-08T05:57:12.258+0000] {logging_mixin.py:151} INFO - jhlyfif
[2023-10-08T05:57:13.673+0000] {logging_mixin.py:151} INFO - jhonv5m
[2023-10-08T05:57:14.074+0000] {logging_mixin.py:151} INFO - jhmr8x5
[2023-10-08T05:57:15.516+0000] {logging_mixin.py:151} INFO - jhmvrny
[2023-10-08T05:57:15.930+0000] {logging_mixin.py:151} INFO - jhlyla3
[2023-10-08T05:57:18.180+0000] {logging_mixin.py:151} INFO - jhm8yo9
[2023-10-08T05:57:19.582+0000] {logging_mixin.py:151} INFO - jho5lcz
[2023-10-08T05:57:20.023+0000] {logging_mixin.py:151} INFO - jho90am
[2023-10-08T05:57:20.533+0000] {logging_mixin.py:151} INFO - jhlpe3h
[2023-10-08T05:57:20.945+0000] {logging_mixin.py:151} INFO - jhmcviv
[2023-10-08T05:57:22.379+0000] {logging_mixin.py:151} INFO - jhnpw7t
[2023-10-08T05:57:23.775+0000] {logging_mixin.py:151} INFO - jhmq309
[2023-10-08T05:57:24.175+0000] {logging_mixin.py:151} INFO - jhlz1rh
[2023-10-08T05:57:25.582+0000] {logging_mixin.py:151} INFO - jhlqk9n
[2023-10-08T05:57:26.069+0000] {logging_mixin.py:151} INFO - jhmtkrc
[2023-10-08T05:57:27.505+0000] {logging_mixin.py:151} INFO - jhm6ykw
[2023-10-08T05:57:28.016+0000] {logging_mixin.py:151} INFO - jhlynik
[2023-10-08T05:57:29.575+0000] {logging_mixin.py:151} INFO - jhm0o8g
[2023-10-08T05:57:30.295+0000] {logging_mixin.py:151} INFO - jhnoxaa
[2023-10-08T05:57:31.759+0000] {logging_mixin.py:151} INFO - jhnrc3s
[2023-10-08T05:57:32.271+0000] {logging_mixin.py:151} INFO - jhm01yb
[2023-10-08T05:57:33.752+0000] {logging_mixin.py:151} INFO - jhpf11v
[2023-10-08T05:57:34.264+0000] {logging_mixin.py:151} INFO - jhltdrf
[2023-10-08T05:57:35.802+0000] {logging_mixin.py:151} INFO - jhlqa4h
[2023-10-08T05:57:36.317+0000] {logging_mixin.py:151} INFO - jhmrig8
[2023-10-08T05:57:37.856+0000] {logging_mixin.py:151} INFO - jhlyd7i
[2023-10-08T05:57:38.369+0000] {logging_mixin.py:151} INFO - jhlytqu
[2023-10-08T05:57:39.771+0000] {logging_mixin.py:151} INFO - jhn2ht1
[2023-10-08T05:57:40.169+0000] {logging_mixin.py:151} INFO - jhow5ot
[2023-10-08T05:57:41.643+0000] {logging_mixin.py:151} INFO - jho0fdh
[2023-10-08T05:57:42.156+0000] {logging_mixin.py:151} INFO - jhnzi65
[2023-10-08T05:57:43.674+0000] {logging_mixin.py:151} INFO - ji2rsxu
[2023-10-08T05:57:44.901+0000] {logging_mixin.py:151} INFO - jhmb9vz
[2023-10-08T05:57:46.319+0000] {logging_mixin.py:151} INFO - jhn5xen
[2023-10-08T05:57:48.080+0000] {logging_mixin.py:151} INFO - jhpdrix
[2023-10-08T05:57:48.496+0000] {logging_mixin.py:151} INFO - jhn9cnh
[2023-10-08T05:57:49.001+0000] {logging_mixin.py:151} INFO - jhr0ywl
[2023-10-08T05:57:49.615+0000] {logging_mixin.py:151} INFO - jhm97mz
[2023-10-08T05:57:50.072+0000] {logging_mixin.py:151} INFO - jho0ap2
[2023-10-08T05:57:51.565+0000] {logging_mixin.py:151} INFO - jhqht0c
[2023-10-08T05:57:52.076+0000] {logging_mixin.py:151} INFO - jhmd0v0
[2023-10-08T05:57:53.479+0000] {logging_mixin.py:151} INFO - jhpe3j0
[2023-10-08T05:57:53.923+0000] {logging_mixin.py:151} INFO - jhnzlfm
[2023-10-08T05:57:55.459+0000] {logging_mixin.py:151} INFO - jhmwd6y
[2023-10-08T05:57:56.994+0000] {logging_mixin.py:151} INFO - jhm5pmw
[2023-10-08T05:57:57.405+0000] {logging_mixin.py:151} INFO - jhm9udx
[2023-10-08T05:57:57.925+0000] {logging_mixin.py:151} INFO - jhpmksg
[2023-10-08T05:57:59.455+0000] {logging_mixin.py:151} INFO - jhuqkrh
[2023-10-08T05:58:00.888+0000] {logging_mixin.py:151} INFO - jhnpvd2
[2023-10-08T05:58:01.402+0000] {logging_mixin.py:151} INFO - jhobnyx
[2023-10-08T05:58:02.834+0000] {logging_mixin.py:151} INFO - jhoqz51
[2023-10-08T05:58:03.254+0000] {logging_mixin.py:151} INFO - jhmar2m
[2023-10-08T05:58:04.670+0000] {logging_mixin.py:151} INFO - jhn0z9j
[2023-10-08T05:58:05.105+0000] {logging_mixin.py:151} INFO - jhnynjm
[2023-10-08T05:58:06.496+0000] {logging_mixin.py:151} INFO - jho0cwp
[2023-10-08T05:58:06.913+0000] {logging_mixin.py:151} INFO - jhoeofv
[2023-10-08T05:58:08.360+0000] {logging_mixin.py:151} INFO - jhn25va
[2023-10-08T05:58:09.908+0000] {logging_mixin.py:151} INFO - jhmwg2w
[2023-10-08T05:58:10.319+0000] {logging_mixin.py:151} INFO - jhm5lxe
[2023-10-08T05:58:11.855+0000] {logging_mixin.py:151} INFO - jhm3cul
[2023-10-08T05:58:12.367+0000] {logging_mixin.py:151} INFO - jhm2uw6
[2023-10-08T05:58:13.781+0000] {logging_mixin.py:151} INFO - jhm0u69
[2023-10-08T05:58:14.185+0000] {logging_mixin.py:151} INFO - jhuqxg1
[2023-10-08T05:58:15.725+0000] {logging_mixin.py:151} INFO - jho4nmt
[2023-10-08T05:58:16.137+0000] {logging_mixin.py:151} INFO - jhq72zi
[2023-10-08T05:58:17.672+0000] {logging_mixin.py:151} INFO - jhqh84a
[2023-10-08T05:58:18.070+0000] {logging_mixin.py:151} INFO - jhm2sgg
[2023-10-08T05:58:19.472+0000] {logging_mixin.py:151} INFO - jjopyzy
[2023-10-08T05:58:19.930+0000] {logging_mixin.py:151} INFO - jhm6s6y
[2023-10-08T05:58:21.571+0000] {logging_mixin.py:151} INFO - jhp44ct
[2023-10-08T05:58:23.001+0000] {logging_mixin.py:151} INFO - jhog1w7
[2023-10-08T05:58:23.410+0000] {logging_mixin.py:151} INFO - jhowz5w
[2023-10-08T05:58:23.801+0000] {logging_mixin.py:151} INFO - jhorolh
[2023-10-08T05:58:25.215+0000] {logging_mixin.py:151} INFO - jhors5o
[2023-10-08T05:58:27.449+0000] {logging_mixin.py:151} INFO - jhpmzqe
[2023-10-08T05:58:27.857+0000] {logging_mixin.py:151} INFO - jhnig8b
[2023-10-08T05:58:28.279+0000] {logging_mixin.py:151} INFO - jho283a
[2023-10-08T05:58:29.766+0000] {logging_mixin.py:151} INFO - jhoqk4b
[2023-10-08T05:58:30.238+0000] {logging_mixin.py:151} INFO - jhmucwb
[2023-10-08T05:58:31.715+0000] {logging_mixin.py:151} INFO - jhn6bmf
[2023-10-08T05:58:32.121+0000] {logging_mixin.py:151} INFO - ji813w7
[2023-10-08T05:58:33.560+0000] {logging_mixin.py:151} INFO - jhp6qfn
[2023-10-08T05:58:34.483+0000] {logging_mixin.py:151} INFO - jhorbqd
[2023-10-08T05:58:34.990+0000] {logging_mixin.py:151} INFO - jhnuzq5
[2023-10-08T05:58:36.492+0000] {logging_mixin.py:151} INFO - jhnva2i
[2023-10-08T05:58:36.946+0000] {logging_mixin.py:151} INFO - jho6v5g
[2023-10-08T05:58:38.423+0000] {logging_mixin.py:151} INFO - jhn7hm5
[2023-10-08T05:58:39.835+0000] {logging_mixin.py:151} INFO - jhp5737
[2023-10-08T05:58:40.237+0000] {logging_mixin.py:151} INFO - jhmkwog
[2023-10-08T05:58:41.860+0000] {logging_mixin.py:151} INFO - jjmqipf
[2023-10-08T05:58:42.372+0000] {logging_mixin.py:151} INFO - jhm3cvb
[2023-10-08T05:58:43.887+0000] {logging_mixin.py:151} INFO - jhmhroz
[2023-10-08T05:58:44.284+0000] {logging_mixin.py:151} INFO - jhm707c
[2023-10-08T05:58:45.704+0000] {logging_mixin.py:151} INFO - jhp8bnx
[2023-10-08T05:58:46.589+0000] {logging_mixin.py:151} INFO - jhp3m4i
[2023-10-08T05:58:46.999+0000] {logging_mixin.py:151} INFO - jhpq9bq
[2023-10-08T05:58:48.377+0000] {logging_mixin.py:151} INFO - jho34yc
[2023-10-08T05:58:48.909+0000] {logging_mixin.py:151} INFO - jho3mnx
[2023-10-08T05:58:50.451+0000] {logging_mixin.py:151} INFO - jhmw5gm
[2023-10-08T05:58:51.878+0000] {logging_mixin.py:151} INFO - jhpcwex
[2023-10-08T05:58:52.389+0000] {logging_mixin.py:151} INFO - jhsboww
[2023-10-08T05:58:53.803+0000] {logging_mixin.py:151} INFO - jhr0j67
[2023-10-08T05:58:54.239+0000] {logging_mixin.py:151} INFO - jhmhjka
[2023-10-08T05:58:55.657+0000] {logging_mixin.py:151} INFO - jhz4970
[2023-10-08T05:58:56.181+0000] {logging_mixin.py:151} INFO - jhpcv0f
[2023-10-08T05:58:57.627+0000] {logging_mixin.py:151} INFO - jhpcylb
[2023-10-08T05:58:58.131+0000] {logging_mixin.py:151} INFO - jhqioaz
[2023-10-08T05:58:59.668+0000] {logging_mixin.py:151} INFO - ji127xe
[2023-10-08T05:59:00.054+0000] {logging_mixin.py:151} INFO - jhnso49
[2023-10-08T05:59:01.449+0000] {logging_mixin.py:151} INFO - jhmhtpw
[2023-10-08T05:59:01.920+0000] {logging_mixin.py:151} INFO - ji10tx5
[2023-10-08T05:59:03.350+0000] {logging_mixin.py:151} INFO - jhpd3vm
[2023-10-08T05:59:04.892+0000] {logging_mixin.py:151} INFO - ji7sg4a
[2023-10-08T05:59:05.403+0000] {logging_mixin.py:151} INFO - jhqiu1y
[2023-10-08T05:59:06.951+0000] {logging_mixin.py:151} INFO - jk0a1nc
[2023-10-08T05:59:07.359+0000] {logging_mixin.py:151} INFO - jhmj9ct
[2023-10-08T05:59:08.804+0000] {logging_mixin.py:151} INFO - jhqzfkm
[2023-10-08T05:59:09.299+0000] {logging_mixin.py:151} INFO - jhqjcn2
[2023-10-08T05:59:10.834+0000] {logging_mixin.py:151} INFO - jk7m019
[2023-10-08T05:59:11.348+0000] {logging_mixin.py:151} INFO - jhqo906
[2023-10-08T05:59:14.787+0000] {logging_mixin.py:151} INFO - jjjxqkc
[2023-10-08T05:59:15.178+0000] {logging_mixin.py:151} INFO - jjjjcmu
[2023-10-08T05:59:16.055+0000] {logging_mixin.py:151} INFO - jjjdvo7
[2023-10-08T05:59:16.484+0000] {logging_mixin.py:151} INFO - jjjce0f
[2023-10-08T05:59:16.889+0000] {logging_mixin.py:151} INFO - jjjldbt
[2023-10-08T05:59:18.280+0000] {logging_mixin.py:151} INFO - jjjbiac
[2023-10-08T05:59:19.730+0000] {logging_mixin.py:151} INFO - jjjv1dg
[2023-10-08T05:59:20.134+0000] {logging_mixin.py:151} INFO - jjk13bu
[2023-10-08T05:59:21.577+0000] {logging_mixin.py:151} INFO - jjjvgxi
[2023-10-08T05:59:21.987+0000] {logging_mixin.py:151} INFO - jjl7jkj
[2023-10-08T05:59:23.523+0000] {logging_mixin.py:151} INFO - jjjzer4
[2023-10-08T05:59:24.042+0000] {logging_mixin.py:151} INFO - jjkp24z
[2023-10-08T05:59:25.472+0000] {logging_mixin.py:151} INFO - jjkqstq
[2023-10-08T05:59:25.868+0000] {logging_mixin.py:151} INFO - jjk7e17
[2023-10-08T05:59:27.293+0000] {logging_mixin.py:151} INFO - jjjzmch
[2023-10-08T05:59:28.722+0000] {logging_mixin.py:151} INFO - jjjzaa7
[2023-10-08T05:59:29.120+0000] {logging_mixin.py:151} INFO - jjk6k1s
[2023-10-08T05:59:30.596+0000] {logging_mixin.py:151} INFO - jjjrkt7
[2023-10-08T05:59:31.016+0000] {logging_mixin.py:151} INFO - jjkzk4g
[2023-10-08T05:59:32.415+0000] {logging_mixin.py:151} INFO - jjl3hny
[2023-10-08T05:59:32.855+0000] {logging_mixin.py:151} INFO - jjncd2v
[2023-10-08T05:59:34.387+0000] {logging_mixin.py:151} INFO - jjjtulz
[2023-10-08T05:59:35.924+0000] {logging_mixin.py:151} INFO - jjkh9c1
[2023-10-08T05:59:36.335+0000] {logging_mixin.py:151} INFO - jjlg2mo
[2023-10-08T05:59:37.869+0000] {logging_mixin.py:151} INFO - jjm4ut2
[2023-10-08T05:59:38.382+0000] {logging_mixin.py:151} INFO - jjjuxc1
[2023-10-08T05:59:39.914+0000] {logging_mixin.py:151} INFO - jjkwms3
[2023-10-08T05:59:40.525+0000] {logging_mixin.py:151} INFO - jjm35gs
[2023-10-08T05:59:41.917+0000] {logging_mixin.py:151} INFO - jjk81j1
[2023-10-08T05:59:42.432+0000] {logging_mixin.py:151} INFO - jjk12fq
[2023-10-08T05:59:43.839+0000] {logging_mixin.py:151} INFO - jjkglgw
[2023-10-08T05:59:44.218+0000] {logging_mixin.py:151} INFO - jjkiow4
[2023-10-08T05:59:45.618+0000] {logging_mixin.py:151} INFO - jjkjecw
[2023-10-08T05:59:46.050+0000] {logging_mixin.py:151} INFO - jjl64go
[2023-10-08T05:59:47.486+0000] {logging_mixin.py:151} INFO - jjlbufl
[2023-10-08T05:59:47.865+0000] {logging_mixin.py:151} INFO - jjldcs7
[2023-10-08T05:59:49.249+0000] {logging_mixin.py:151} INFO - jjlgn0m
[2023-10-08T05:59:50.762+0000] {logging_mixin.py:151} INFO - jjlgnhe
[2023-10-08T05:59:51.170+0000] {logging_mixin.py:151} INFO - jjllhxl
[2023-10-08T05:59:52.709+0000] {logging_mixin.py:151} INFO - jjlsfef
[2023-10-08T05:59:53.127+0000] {logging_mixin.py:151} INFO - jjlvi5t
[2023-10-08T05:59:54.547+0000] {logging_mixin.py:151} INFO - jjlwcdm
[2023-10-08T05:59:54.977+0000] {logging_mixin.py:151} INFO - jjlwoaj
[2023-10-08T05:59:56.501+0000] {logging_mixin.py:151} INFO - jjlxj7l
[2023-10-08T05:59:56.892+0000] {logging_mixin.py:151} INFO - jjlxynr
[2023-10-08T05:59:58.457+0000] {logging_mixin.py:151} INFO - jjlzxsg
[2023-10-08T05:59:58.958+0000] {logging_mixin.py:151} INFO - jjm0yq7
[2023-10-08T06:00:00.396+0000] {logging_mixin.py:151} INFO - jjm140i
[2023-10-08T06:00:00.909+0000] {logging_mixin.py:151} INFO - jjm2xb4
[2023-10-08T06:00:02.324+0000] {logging_mixin.py:151} INFO - jjm4koy
[2023-10-08T06:00:03.759+0000] {logging_mixin.py:151} INFO - jjm54su
[2023-10-08T06:00:04.288+0000] {logging_mixin.py:151} INFO - jjmg3r9
[2023-10-08T06:00:05.721+0000] {logging_mixin.py:151} INFO - jjmhbws
[2023-10-08T06:00:06.148+0000] {logging_mixin.py:151} INFO - jjmj8d1
[2023-10-08T06:00:07.529+0000] {logging_mixin.py:151} INFO - jjmkghr
[2023-10-08T06:00:07.952+0000] {logging_mixin.py:151} INFO - jjml1tc
[2023-10-08T06:00:09.397+0000] {logging_mixin.py:151} INFO - jjmnd7l
[2023-10-08T06:00:11.772+0000] {logging_mixin.py:151} INFO - jjmp08u
[2023-10-08T06:00:12.279+0000] {logging_mixin.py:151} INFO - jjmphbw
[2023-10-08T06:00:12.792+0000] {logging_mixin.py:151} INFO - jjmu5d6
[2023-10-08T06:00:13.304+0000] {logging_mixin.py:151} INFO - jjmzteg
[2023-10-08T06:00:14.726+0000] {logging_mixin.py:151} INFO - jjn0vsn
[2023-10-08T06:00:15.229+0000] {logging_mixin.py:151} INFO - jjn9egi
[2023-10-08T06:00:16.648+0000] {logging_mixin.py:151} INFO - jjnnufm
[2023-10-08T06:00:17.035+0000] {logging_mixin.py:151} INFO - jjoxack
[2023-10-08T06:00:18.510+0000] {logging_mixin.py:151} INFO - jjp7pxj
[2023-10-08T06:00:18.923+0000] {logging_mixin.py:151} INFO - jjkc7pn
[2023-10-08T06:00:20.354+0000] {logging_mixin.py:151} INFO - jjl8pag
[2023-10-08T06:00:21.894+0000] {logging_mixin.py:151} INFO - jjm4l7h
[2023-10-08T06:00:22.402+0000] {logging_mixin.py:151} INFO - jjnacoi
[2023-10-08T06:00:23.832+0000] {logging_mixin.py:151} INFO - jjm6ri4
[2023-10-08T06:00:24.352+0000] {logging_mixin.py:151} INFO - jjsg16h
[2023-10-08T06:00:25.862+0000] {logging_mixin.py:151} INFO - jk2d2vw
[2023-10-08T06:00:26.299+0000] {logging_mixin.py:151} INFO - jt0tp4p
[2023-10-08T06:00:27.712+0000] {logging_mixin.py:151} INFO - jjjjv32
[2023-10-08T06:00:28.445+0000] {logging_mixin.py:151} INFO - jjji3qb
[2023-10-08T06:00:29.846+0000] {logging_mixin.py:151} INFO - jjjstmf
[2023-10-08T06:00:30.235+0000] {logging_mixin.py:151} INFO - jjkm1x9
[2023-10-08T06:00:31.658+0000] {logging_mixin.py:151} INFO - jjjjjqt
[2023-10-08T06:00:32.139+0000] {logging_mixin.py:151} INFO - jjlry7e
[2023-10-08T06:00:33.577+0000] {logging_mixin.py:151} INFO - jjkesw6
[2023-10-08T06:00:34.084+0000] {logging_mixin.py:151} INFO - jjjja2r
[2023-10-08T06:00:35.620+0000] {logging_mixin.py:151} INFO - jjjma1k
[2023-10-08T06:00:36.236+0000] {logging_mixin.py:151} INFO - jjkoblt
[2023-10-08T06:00:37.773+0000] {logging_mixin.py:151} INFO - jjls87b
[2023-10-08T06:00:38.190+0000] {logging_mixin.py:151} INFO - jjm4sk1
[2023-10-08T06:00:39.621+0000] {logging_mixin.py:151} INFO - jjmp07c
[2023-10-08T06:00:40.047+0000] {logging_mixin.py:151} INFO - jjn425a
[2023-10-08T06:00:41.454+0000] {logging_mixin.py:151} INFO - jjo47ak
[2023-10-08T06:00:41.877+0000] {logging_mixin.py:151} INFO - jjov13d
[2023-10-08T06:00:43.290+0000] {logging_mixin.py:151} INFO - jjjj3t4
[2023-10-08T06:00:45.358+0000] {logging_mixin.py:151} INFO - jjjjc9q
[2023-10-08T06:00:45.848+0000] {logging_mixin.py:151} INFO - jjks8hd
[2023-10-08T06:00:46.306+0000] {logging_mixin.py:151} INFO - jjk99eu
[2023-10-08T06:00:47.718+0000] {logging_mixin.py:151} INFO - jjjzadu
[2023-10-08T06:00:48.099+0000] {logging_mixin.py:151} INFO - jjk99mp
[2023-10-08T06:00:50.290+0000] {logging_mixin.py:151} INFO - jkdh5my
[2023-10-08T06:00:50.772+0000] {logging_mixin.py:151} INFO - jjo59re
[2023-10-08T06:00:51.258+0000] {logging_mixin.py:151} INFO - jjk9f1x
[2023-10-08T06:00:52.717+0000] {logging_mixin.py:151} INFO - jjkhja1
[2023-10-08T06:00:53.126+0000] {logging_mixin.py:151} INFO - jjl7o17
[2023-10-08T06:00:54.540+0000] {logging_mixin.py:151} INFO - jjk1c29
[2023-10-08T06:00:54.943+0000] {logging_mixin.py:151} INFO - jjju70p
[2023-10-08T06:00:56.356+0000] {logging_mixin.py:151} INFO - jjjxtnv
[2023-10-08T06:00:57.841+0000] {logging_mixin.py:151} INFO - jjo5lr1
[2023-10-08T06:00:58.354+0000] {logging_mixin.py:151} INFO - jjlskrn
[2023-10-08T06:00:59.763+0000] {logging_mixin.py:151} INFO - jjo57jj
[2023-10-08T06:01:00.165+0000] {logging_mixin.py:151} INFO - jjlkd14
[2023-10-08T06:01:01.582+0000] {logging_mixin.py:151} INFO - jjmqn2d
[2023-10-08T06:01:01.996+0000] {logging_mixin.py:151} INFO - jjo5nlz
[2023-10-08T06:01:03.476+0000] {logging_mixin.py:151} INFO - jjm7ht2
[2023-10-08T06:01:03.930+0000] {logging_mixin.py:151} INFO - jjo5o9i
[2023-10-08T06:01:05.422+0000] {logging_mixin.py:151} INFO - jjkimv8
[2023-10-08T06:01:06.969+0000] {logging_mixin.py:151} INFO - jjlp0g2
[2023-10-08T06:01:07.352+0000] {logging_mixin.py:151} INFO - jjmxwid
[2023-10-08T06:01:08.805+0000] {logging_mixin.py:151} INFO - jjlh95c
[2023-10-08T06:01:09.215+0000] {logging_mixin.py:151} INFO - jjm7ol5
[2023-10-08T06:01:12.137+0000] {logging_mixin.py:151} INFO - jjo5ush
[2023-10-08T06:01:12.549+0000] {logging_mixin.py:151} INFO - jjo5z3a
[2023-10-08T06:01:12.970+0000] {logging_mixin.py:151} INFO - jjm7cnn
[2023-10-08T06:01:13.501+0000] {logging_mixin.py:151} INFO - jjo601w
[2023-10-08T06:01:14.935+0000] {logging_mixin.py:151} INFO - jjo61xn
[2023-10-08T06:01:15.362+0000] {logging_mixin.py:151} INFO - jjmrnkr
[2023-10-08T06:01:16.784+0000] {logging_mixin.py:151} INFO - jjo65n3
[2023-10-08T06:01:22.569+0000] {logging_mixin.py:151} INFO - jjnl016
[2023-10-08T06:01:23.995+0000] {logging_mixin.py:151} INFO - jjl960i
[2023-10-08T06:01:24.389+0000] {logging_mixin.py:151} INFO - jjmdy40
[2023-10-08T06:01:24.791+0000] {logging_mixin.py:151} INFO - jjlx67y
[2023-10-08T06:01:25.281+0000] {logging_mixin.py:151} INFO - jjshzlx
[2023-10-08T06:01:25.833+0000] {logging_mixin.py:151} INFO - jjk0vku
[2023-10-08T06:01:27.346+0000] {logging_mixin.py:151} INFO - jjkvkmm
[2023-10-08T06:01:27.809+0000] {logging_mixin.py:151} INFO - jjkhpx6
[2023-10-08T06:01:28.203+0000] {logging_mixin.py:151} INFO - jjjr9oh
[2023-10-08T06:01:28.741+0000] {logging_mixin.py:151} INFO - jjkdezy
[2023-10-08T06:01:29.169+0000] {logging_mixin.py:151} INFO - jjk0vnx
[2023-10-08T06:01:29.680+0000] {logging_mixin.py:151} INFO - jjjjo9k
[2023-10-08T06:01:30.052+0000] {logging_mixin.py:151} INFO - jjlrq5z
[2023-10-08T06:01:30.454+0000] {logging_mixin.py:151} INFO - jjjjkoo
[2023-10-08T06:01:30.903+0000] {logging_mixin.py:151} INFO - jjjszrd
[2023-10-08T06:01:32.333+0000] {logging_mixin.py:151} INFO - jjo4582
[2023-10-08T06:01:33.745+0000] {logging_mixin.py:151} INFO - jjk8jk0
[2023-10-08T06:01:34.197+0000] {logging_mixin.py:151} INFO - jjmgtjr
[2023-10-08T06:01:35.616+0000] {logging_mixin.py:151} INFO - jjkdsgy
[2023-10-08T06:01:36.033+0000] {logging_mixin.py:151} INFO - jjkh0o5
[2023-10-08T06:01:37.425+0000] {logging_mixin.py:151} INFO - jjmxjds
[2023-10-08T06:01:37.823+0000] {logging_mixin.py:151} INFO - jjo50s6
[2023-10-08T06:01:39.311+0000] {logging_mixin.py:151} INFO - jjo5f80
[2023-10-08T06:01:40.721+0000] {logging_mixin.py:151} INFO - jjn852k
[2023-10-08T06:01:41.105+0000] {logging_mixin.py:151} INFO - jjouhn1
[2023-10-08T06:01:42.668+0000] {logging_mixin.py:151} INFO - jjljs27
[2023-10-08T06:01:43.188+0000] {logging_mixin.py:151} INFO - jjmcute
[2023-10-08T06:01:44.608+0000] {logging_mixin.py:151} INFO - jjo8fzn
[2023-10-08T06:01:45.000+0000] {logging_mixin.py:151} INFO - jjlqlin
[2023-10-08T06:01:46.480+0000] {logging_mixin.py:151} INFO - jjn9ln3
[2023-10-08T06:01:46.998+0000] {logging_mixin.py:151} INFO - jjsg5lc
[2023-10-08T06:01:48.492+0000] {logging_mixin.py:151} INFO - jjlxmos
[2023-10-08T06:01:49.066+0000] {logging_mixin.py:151} INFO - jjlgskx
[2023-10-08T06:01:50.539+0000] {logging_mixin.py:151} INFO - jjl6ehe
[2023-10-08T06:01:50.974+0000] {logging_mixin.py:151} INFO - jjmpdib
[2023-10-08T06:01:52.488+0000] {logging_mixin.py:151} INFO - jjjrerr
[2023-10-08T06:01:53.003+0000] {logging_mixin.py:151} INFO - jjjx6zu
[2023-10-08T06:01:54.472+0000] {logging_mixin.py:151} INFO - jjk8u91
[2023-10-08T06:01:54.873+0000] {logging_mixin.py:151} INFO - jjlbyjr
[2023-10-08T06:01:56.302+0000] {logging_mixin.py:151} INFO - jjlz4xt
[2023-10-08T06:01:56.700+0000] {logging_mixin.py:151} INFO - jjm3psw
[2023-10-08T06:01:58.104+0000] {logging_mixin.py:151} INFO - jjkperb
[2023-10-08T06:01:59.557+0000] {logging_mixin.py:151} INFO - jjki9v3
[2023-10-08T06:02:00.068+0000] {logging_mixin.py:151} INFO - jjo4jwn
[2023-10-08T06:02:01.468+0000] {logging_mixin.py:151} INFO - jjo5s6j
[2023-10-08T06:02:01.909+0000] {logging_mixin.py:151} INFO - jjo8quz
[2023-10-08T06:02:03.351+0000] {logging_mixin.py:151} INFO - jjmxjk8
[2023-10-08T06:02:03.874+0000] {logging_mixin.py:151} INFO - jjly55z
[2023-10-08T06:02:05.297+0000] {logging_mixin.py:151} INFO - jjjs1q4
[2023-10-08T06:02:05.739+0000] {logging_mixin.py:151} INFO - jjjyuj7
[2023-10-08T06:02:07.173+0000] {logging_mixin.py:151} INFO - jjk2un1
[2023-10-08T06:02:08.586+0000] {logging_mixin.py:151} INFO - jjmnvqf
[2023-10-08T06:02:09.086+0000] {logging_mixin.py:151} INFO - jjkju34
[2023-10-08T06:02:10.495+0000] {logging_mixin.py:151} INFO - jjmy5f5
[2023-10-08T06:02:11.134+0000] {logging_mixin.py:151} INFO - jjlnqrg
[2023-10-08T06:02:12.545+0000] {logging_mixin.py:151} INFO - jjn3css
[2023-10-08T06:02:12.952+0000] {logging_mixin.py:151} INFO - jjk0p4e
[2023-10-08T06:02:14.816+0000] {logging_mixin.py:151} INFO - jjo3lfu
[2023-10-08T06:02:15.430+0000] {logging_mixin.py:151} INFO - jjkkdv6
[2023-10-08T06:02:16.841+0000] {logging_mixin.py:151} INFO - jjo8dn6
[2023-10-08T06:02:17.245+0000] {logging_mixin.py:151} INFO - jjlpk6z
[2023-10-08T06:02:18.618+0000] {logging_mixin.py:151} INFO - jjk5ywg
[2023-10-08T06:02:19.020+0000] {logging_mixin.py:151} INFO - jjk1azs
[2023-10-08T06:02:20.540+0000] {logging_mixin.py:151} INFO - jjlpv91
[2023-10-08T06:02:20.957+0000] {logging_mixin.py:151} INFO - jjk1jzr
[2023-10-08T06:02:22.389+0000] {logging_mixin.py:151} INFO - jjlw44k
[2023-10-08T06:02:22.831+0000] {logging_mixin.py:151} INFO - jjk31i8
[2023-10-08T06:02:24.267+0000] {logging_mixin.py:151} INFO - jjlz819
[2023-10-08T06:02:25.684+0000] {logging_mixin.py:151} INFO - jjk3v7b
[2023-10-08T06:02:26.102+0000] {logging_mixin.py:151} INFO - jjkh8fw
[2023-10-08T06:02:27.591+0000] {logging_mixin.py:151} INFO -       post_id           post_author  ... is_root_comment comment_author_flair_text
0     13ey26m        melancholiness  ...            True                      None
1     13ey26m        melancholiness  ...            True                      None
2     13ey26m        melancholiness  ...            True                      None
3     13ey26m        melancholiness  ...            True        :CM: Coffee Master
4     13ey26m        melancholiness  ...            True                      None
...       ...                   ...  ...             ...                       ...
1052  13d7a78  Equivalent_Garlic697  ...           False         :Barista: Barista
1053  13d7a78  Equivalent_Garlic697  ...           False       :Customer: Customer
1054  13d7a78  Equivalent_Garlic697  ...           False         :Barista: Barista
1055  13d7a78  Equivalent_Garlic697  ...           False         :Barista: Barista
1056  13d7a78  Equivalent_Garlic697  ...           False                      None

[1057 rows x 10 columns]
[2023-10-08T06:02:27.649+0000] {python.py:194} INFO - Done. Returned value was: None
[2023-10-08T06:02:27.666+0000] {taskinstance.py:1400} INFO - Marking task as SUCCESS. dag_id=Reddit_Post_Comment_Dag, task_id=extract_post_comment_task, execution_date=20231008T054714, start_date=20231008T054720, end_date=20231008T060227
[2023-10-08T06:02:27.728+0000] {local_task_job_runner.py:228} INFO - Task exited with return code 0
[2023-10-08T06:02:27.785+0000] {taskinstance.py:2784} INFO - 1 downstream tasks scheduled from follow-on schedule check
