[2023-10-08T04:58:37.203+0000] {taskinstance.py:1159} INFO - Dependencies all met for dep_context=non-requeueable deps ti=<TaskInstance: Reddit_Post_Comment_Dag.extract_post_comment_task manual__2023-10-08T04:58:27.785729+00:00 [queued]>
[2023-10-08T04:58:37.220+0000] {taskinstance.py:1159} INFO - Dependencies all met for dep_context=requeueable deps ti=<TaskInstance: Reddit_Post_Comment_Dag.extract_post_comment_task manual__2023-10-08T04:58:27.785729+00:00 [queued]>
[2023-10-08T04:58:37.222+0000] {taskinstance.py:1361} INFO - Starting attempt 1 of 2
[2023-10-08T04:58:37.245+0000] {taskinstance.py:1382} INFO - Executing <Task(PythonOperator): extract_post_comment_task> on 2023-10-08 04:58:27.785729+00:00
[2023-10-08T04:58:37.256+0000] {standard_task_runner.py:57} INFO - Started process 109 to run task
[2023-10-08T04:58:37.262+0000] {standard_task_runner.py:84} INFO - Running: ['***', 'tasks', 'run', 'Reddit_Post_Comment_Dag', 'extract_post_comment_task', 'manual__2023-10-08T04:58:27.785729+00:00', '--job-id', '142', '--raw', '--subdir', 'DAGS_FOLDER/reddit_post_comment_dag.py', '--cfg-path', '/tmp/tmprz0w4jla']
[2023-10-08T04:58:37.267+0000] {standard_task_runner.py:85} INFO - Job 142: Subtask extract_post_comment_task
[2023-10-08T04:58:37.345+0000] {task_command.py:415} INFO - Running <TaskInstance: Reddit_Post_Comment_Dag.extract_post_comment_task manual__2023-10-08T04:58:27.785729+00:00 [running]> on host 88aca7bb4134
[2023-10-08T04:58:37.721+0000] {taskinstance.py:1660} INFO - Exporting env vars: AIRFLOW_CTX_DAG_OWNER='***' AIRFLOW_CTX_DAG_ID='Reddit_Post_Comment_Dag' AIRFLOW_CTX_TASK_ID='extract_post_comment_task' AIRFLOW_CTX_EXECUTION_DATE='2023-10-08T04:58:27.785729+00:00' AIRFLOW_CTX_TRY_NUMBER='1' AIRFLOW_CTX_DAG_RUN_ID='manual__2023-10-08T04:58:27.785729+00:00'
[2023-10-08T04:58:40.249+0000] {logging_mixin.py:151} INFO - jx9wlsz
[2023-10-08T04:58:40.692+0000] {logging_mixin.py:151} INFO - jxa6ehk
[2023-10-08T04:58:41.247+0000] {logging_mixin.py:151} INFO - jx9y3uq
[2023-10-08T04:58:41.759+0000] {logging_mixin.py:151} INFO - jx9un30
[2023-10-08T04:58:42.172+0000] {logging_mixin.py:151} INFO - jxadpga
[2023-10-08T04:58:42.580+0000] {logging_mixin.py:151} INFO - jxag4pv
[2023-10-08T04:58:42.988+0000] {logging_mixin.py:151} INFO - jxak146
[2023-10-08T04:58:43.503+0000] {logging_mixin.py:151} INFO - jx9malv
[2023-10-08T04:58:44.014+0000] {logging_mixin.py:151} INFO - jxa40yo
[2023-10-08T04:58:44.529+0000] {logging_mixin.py:151} INFO - jxao6vn
[2023-10-08T04:58:44.908+0000] {logging_mixin.py:151} INFO - jxaj3jf
[2023-10-08T04:58:45.349+0000] {logging_mixin.py:151} INFO - jxal80n
[2023-10-08T04:58:45.716+0000] {logging_mixin.py:151} INFO - jxbblmx
[2023-10-08T04:58:46.108+0000] {logging_mixin.py:151} INFO - jxbw6pv
[2023-10-08T04:58:46.558+0000] {logging_mixin.py:151} INFO - jxbe2n9
[2023-10-08T04:58:46.959+0000] {logging_mixin.py:151} INFO - jxc22pe
[2023-10-08T04:58:47.374+0000] {logging_mixin.py:151} INFO - jxb2vdp
[2023-10-08T04:58:48.503+0000] {logging_mixin.py:151} INFO - jxbeqpe
[2023-10-08T04:58:48.882+0000] {logging_mixin.py:151} INFO - jxa9qqi
[2023-10-08T04:58:49.275+0000] {logging_mixin.py:151} INFO - jxarm65
[2023-10-08T04:58:49.733+0000] {logging_mixin.py:151} INFO - jxblyu2
[2023-10-08T04:58:50.115+0000] {logging_mixin.py:151} INFO - jxcllb5
[2023-10-08T04:58:50.554+0000] {logging_mixin.py:151} INFO - jxbakoz
[2023-10-08T04:58:51.682+0000] {logging_mixin.py:151} INFO - jxem6cp
[2023-10-08T04:58:52.089+0000] {logging_mixin.py:151} INFO - jxc2sz7
[2023-10-08T04:58:52.502+0000] {logging_mixin.py:151} INFO - jxar7rb
[2023-10-08T04:58:52.907+0000] {logging_mixin.py:151} INFO - jxaq00x
[2023-10-08T04:58:53.308+0000] {logging_mixin.py:151} INFO - jxb2df4
[2023-10-08T04:58:53.705+0000] {logging_mixin.py:151} INFO - jxccrzy
[2023-10-08T04:58:54.140+0000] {logging_mixin.py:151} INFO - jxao3yw
[2023-10-08T04:58:54.552+0000] {logging_mixin.py:151} INFO - jxb7h9r
[2023-10-08T04:58:54.978+0000] {logging_mixin.py:151} INFO - jxbulkl
[2023-10-08T04:58:55.470+0000] {logging_mixin.py:151} INFO - jxahprz
[2023-10-08T04:58:55.873+0000] {logging_mixin.py:151} INFO - jxbbeu1
[2023-10-08T04:58:56.289+0000] {logging_mixin.py:151} INFO - jxcgqp8
[2023-10-08T04:58:56.805+0000] {logging_mixin.py:151} INFO - jxbwrrg
[2023-10-08T04:58:57.324+0000] {logging_mixin.py:151} INFO - jxbmoc3
[2023-10-08T04:58:57.830+0000] {logging_mixin.py:151} INFO - jxbv0fi
[2023-10-08T04:58:58.339+0000] {logging_mixin.py:151} INFO - jxbxzmz
[2023-10-08T04:58:58.868+0000] {logging_mixin.py:151} INFO - jxc1yyj
[2023-10-08T04:58:59.363+0000] {logging_mixin.py:151} INFO - jxcg5e6
[2023-10-08T04:59:00.288+0000] {logging_mixin.py:151} INFO - jxckvug
[2023-10-08T04:59:00.698+0000] {logging_mixin.py:151} INFO - jxdcgqv
[2023-10-08T04:59:01.087+0000] {logging_mixin.py:151} INFO - jxg1idk
[2023-10-08T04:59:01.619+0000] {logging_mixin.py:151} INFO - jx9y3yb
[2023-10-08T04:59:02.005+0000] {logging_mixin.py:151} INFO - jxb80yf
[2023-10-08T04:59:02.440+0000] {logging_mixin.py:151} INFO - jxb8gob
[2023-10-08T04:59:02.955+0000] {logging_mixin.py:151} INFO - jxcdbff
[2023-10-08T04:59:03.465+0000] {logging_mixin.py:151} INFO - jxcvyl3
[2023-10-08T04:59:03.977+0000] {logging_mixin.py:151} INFO - jxcwvx6
[2023-10-08T04:59:04.371+0000] {logging_mixin.py:151} INFO - jxczg5e
[2023-10-08T04:59:04.879+0000] {logging_mixin.py:151} INFO - jxdfxqf
[2023-10-08T04:59:05.314+0000] {logging_mixin.py:151} INFO - jxdl19r
[2023-10-08T04:59:05.683+0000] {logging_mixin.py:151} INFO - jxdms90
[2023-10-08T04:59:06.129+0000] {logging_mixin.py:151} INFO - jxdofdr
[2023-10-08T04:59:06.642+0000] {logging_mixin.py:151} INFO - jxe33ny
[2023-10-08T04:59:07.156+0000] {logging_mixin.py:151} INFO - jxfss6b
[2023-10-08T04:59:07.664+0000] {logging_mixin.py:151} INFO - jxi777a
[2023-10-08T04:59:08.149+0000] {logging_mixin.py:151} INFO - jxb00b8
[2023-10-08T04:59:08.545+0000] {logging_mixin.py:151} INFO - jxdvrve
[2023-10-08T04:59:08.940+0000] {logging_mixin.py:151} INFO - jxdqp8v
[2023-10-08T04:59:09.411+0000] {logging_mixin.py:151} INFO - jxb20fn
[2023-10-08T04:59:09.831+0000] {logging_mixin.py:151} INFO - jxf7ate
[2023-10-08T04:59:10.331+0000] {logging_mixin.py:151} INFO - jxflkla
[2023-10-08T04:59:10.707+0000] {logging_mixin.py:151} INFO - jxg2psa
[2023-10-08T04:59:11.147+0000] {logging_mixin.py:151} INFO - jxg5e7g
[2023-10-08T04:59:11.664+0000] {logging_mixin.py:151} INFO - jxg5ttj
[2023-10-08T04:59:12.072+0000] {logging_mixin.py:151} INFO - jxghxv1
[2023-10-08T04:59:12.937+0000] {logging_mixin.py:151} INFO - jxgnajk
[2023-10-08T04:59:13.331+0000] {logging_mixin.py:151} INFO - jxh3h3i
[2023-10-08T04:59:13.713+0000] {logging_mixin.py:151} INFO - jxhrvaw
[2023-10-08T04:59:14.222+0000] {logging_mixin.py:151} INFO - jxi601w
[2023-10-08T04:59:14.632+0000] {logging_mixin.py:151} INFO - jxqnuz7
[2023-10-08T04:59:15.148+0000] {logging_mixin.py:151} INFO - jxaolid
[2023-10-08T04:59:15.562+0000] {logging_mixin.py:151} INFO - jxbb7ab
[2023-10-08T04:59:15.944+0000] {logging_mixin.py:151} INFO - jxbjhmx
[2023-10-08T04:59:16.354+0000] {logging_mixin.py:151} INFO - jxb9gd7
[2023-10-08T04:59:16.742+0000] {logging_mixin.py:151} INFO - jxbj7po
[2023-10-08T04:59:17.156+0000] {logging_mixin.py:151} INFO - jxasnz7
[2023-10-08T04:59:17.685+0000] {logging_mixin.py:151} INFO - jxc8u85
[2023-10-08T04:59:18.101+0000] {logging_mixin.py:151} INFO - jxddsqm
[2023-10-08T04:59:18.509+0000] {logging_mixin.py:151} INFO - jxbaes0
[2023-10-08T04:59:19.022+0000] {logging_mixin.py:151} INFO - jxchrp5
[2023-10-08T04:59:19.433+0000] {logging_mixin.py:151} INFO - jxctx62
[2023-10-08T04:59:19.944+0000] {logging_mixin.py:151} INFO - jxesz9m
[2023-10-08T04:59:20.353+0000] {logging_mixin.py:151} INFO - jxiafq1
[2023-10-08T04:59:20.864+0000] {logging_mixin.py:151} INFO - jxaiia2
[2023-10-08T04:59:21.274+0000] {logging_mixin.py:151} INFO - jxb9ou2
[2023-10-08T04:59:21.684+0000] {logging_mixin.py:151} INFO - jxdfv9a
[2023-10-08T04:59:22.063+0000] {logging_mixin.py:151} INFO - jxcqzfg
[2023-10-08T04:59:22.503+0000] {logging_mixin.py:151} INFO - jxc2c64
[2023-10-08T04:59:23.016+0000] {logging_mixin.py:151} INFO - jxahq46
[2023-10-08T04:59:23.531+0000] {logging_mixin.py:151} INFO - jxtx7gu
[2023-10-08T04:59:24.049+0000] {logging_mixin.py:151} INFO - jxeci7e
[2023-10-08T04:59:24.553+0000] {logging_mixin.py:151} INFO - jxc39er
[2023-10-08T04:59:24.960+0000] {logging_mixin.py:151} INFO - jxc58so
[2023-10-08T04:59:25.342+0000] {logging_mixin.py:151} INFO - jxa3byd
[2023-10-08T04:59:25.723+0000] {logging_mixin.py:151} INFO - jxalxke
[2023-10-08T04:59:26.120+0000] {logging_mixin.py:151} INFO - jxe6qg2
[2023-10-08T04:59:26.598+0000] {logging_mixin.py:151} INFO - jxa019x
[2023-10-08T04:59:27.014+0000] {logging_mixin.py:151} INFO - jx9za55
[2023-10-08T04:59:27.525+0000] {logging_mixin.py:151} INFO - jxa7fr9
[2023-10-08T04:59:27.938+0000] {logging_mixin.py:151} INFO - jxgcyom
[2023-10-08T04:59:28.334+0000] {logging_mixin.py:151} INFO - jxbmte9
[2023-10-08T04:59:28.856+0000] {logging_mixin.py:151} INFO - jxeo3wv
[2023-10-08T04:59:29.266+0000] {logging_mixin.py:151} INFO - jxe37wm
[2023-10-08T04:59:29.779+0000] {logging_mixin.py:151} INFO - jxg3xnu
[2023-10-08T04:59:30.290+0000] {logging_mixin.py:151} INFO - jz427jd
[2023-10-08T04:59:30.704+0000] {logging_mixin.py:151} INFO - jxdgefg
[2023-10-08T04:59:31.111+0000] {logging_mixin.py:151} INFO - jxas9ak
[2023-10-08T04:59:31.529+0000] {logging_mixin.py:151} INFO - jxa16xs
[2023-10-08T04:59:32.137+0000] {logging_mixin.py:151} INFO - jxas3cf
[2023-10-08T04:59:32.518+0000] {logging_mixin.py:151} INFO - jxbq7hu
[2023-10-08T04:59:32.919+0000] {logging_mixin.py:151} INFO - jxfcmqt
[2023-10-08T04:59:33.364+0000] {logging_mixin.py:151} INFO - jxjtexq
[2023-10-08T04:59:33.879+0000] {logging_mixin.py:151} INFO - jxbroke
[2023-10-08T04:59:34.291+0000] {logging_mixin.py:151} INFO - jxcyjde
[2023-10-08T04:59:34.802+0000] {logging_mixin.py:151} INFO - jxk4m6l
[2023-10-08T04:59:35.313+0000] {logging_mixin.py:151} INFO - jxdm5ps
[2023-10-08T04:59:35.826+0000] {logging_mixin.py:151} INFO - jxflo05
[2023-10-08T04:59:36.237+0000] {logging_mixin.py:151} INFO - jxfvffs
[2023-10-08T04:59:38.145+0000] {logging_mixin.py:151} INFO - jso2wiw
[2023-10-08T04:59:38.594+0000] {logging_mixin.py:151} INFO - jsn90rd
[2023-10-08T04:59:39.004+0000] {logging_mixin.py:151} INFO - jsnybaw
[2023-10-08T04:59:39.514+0000] {logging_mixin.py:151} INFO - jso9v0u
[2023-10-08T04:59:40.744+0000] {logging_mixin.py:151} INFO - jsnskcg
[2023-10-08T04:59:41.156+0000] {logging_mixin.py:151} INFO - jsncrdr
[2023-10-08T04:59:41.563+0000] {logging_mixin.py:151} INFO - jsn6yyr
[2023-10-08T04:59:41.977+0000] {logging_mixin.py:151} INFO - jso9fsi
[2023-10-08T04:59:42.488+0000] {logging_mixin.py:151} INFO - json3lx
[2023-10-08T04:59:43.000+0000] {logging_mixin.py:151} INFO - jsp4j7s
[2023-10-08T04:59:43.412+0000] {logging_mixin.py:151} INFO - jsnnlao
[2023-10-08T04:59:43.821+0000] {logging_mixin.py:151} INFO - jsq3xh0
[2023-10-08T04:59:44.229+0000] {logging_mixin.py:151} INFO - jsn3dp2
[2023-10-08T04:59:44.749+0000] {logging_mixin.py:151} INFO - jsnub8h
[2023-10-08T04:59:45.252+0000] {logging_mixin.py:151} INFO - jsny1vp
[2023-10-08T04:59:45.639+0000] {logging_mixin.py:151} INFO - jsqdr69
[2023-10-08T04:59:46.036+0000] {logging_mixin.py:151} INFO - jss8d0j
[2023-10-08T04:59:46.401+0000] {logging_mixin.py:151} INFO - jsp5ezb
[2023-10-08T04:59:46.793+0000] {logging_mixin.py:151} INFO - jsodwjb
[2023-10-08T04:59:47.186+0000] {logging_mixin.py:151} INFO - jsmymgv
[2023-10-08T04:59:47.594+0000] {logging_mixin.py:151} INFO - jsox49h
[2023-10-08T04:59:47.975+0000] {logging_mixin.py:151} INFO - jspvnt2
[2023-10-08T04:59:48.367+0000] {logging_mixin.py:151} INFO - jsq0wjh
[2023-10-08T04:59:48.814+0000] {logging_mixin.py:151} INFO - jsqdiiq
[2023-10-08T04:59:49.231+0000] {logging_mixin.py:151} INFO - jsovj6y
[2023-10-08T04:59:49.741+0000] {logging_mixin.py:151} INFO - jsp31ra
[2023-10-08T04:59:50.102+0000] {logging_mixin.py:151} INFO - jsnncm9
[2023-10-08T04:59:50.563+0000] {logging_mixin.py:151} INFO - jsmg10o
[2023-10-08T04:59:50.973+0000] {logging_mixin.py:151} INFO - jsphhw7
[2023-10-08T04:59:51.483+0000] {logging_mixin.py:151} INFO - jsmq7gb
[2023-10-08T04:59:51.891+0000] {logging_mixin.py:151} INFO - jsom5u7
[2023-10-08T04:59:52.405+0000] {logging_mixin.py:151} INFO - jsnpvzj
[2023-10-08T04:59:53.633+0000] {logging_mixin.py:151} INFO - jsnoizr
[2023-10-08T04:59:54.046+0000] {logging_mixin.py:151} INFO - jsr6c9q
[2023-10-08T04:59:54.559+0000] {logging_mixin.py:151} INFO - jssfrkx
[2023-10-08T04:59:54.949+0000] {logging_mixin.py:151} INFO - jssw6jj
[2023-10-08T04:59:55.479+0000] {logging_mixin.py:151} INFO - jt2fyd2
[2023-10-08T04:59:55.890+0000] {logging_mixin.py:151} INFO - jvvq808
[2023-10-08T04:59:56.300+0000] {logging_mixin.py:151} INFO - jso9kh0
[2023-10-08T04:59:56.815+0000] {logging_mixin.py:151} INFO - jsnnetu
[2023-10-08T04:59:57.325+0000] {logging_mixin.py:151} INFO - jsqaj48
[2023-10-08T04:59:57.834+0000] {logging_mixin.py:151} INFO - jsszzrq
[2023-10-08T04:59:58.252+0000] {logging_mixin.py:151} INFO - jsnos1t
[2023-10-08T04:59:58.757+0000] {logging_mixin.py:151} INFO - jsncu04
[2023-10-08T04:59:59.168+0000] {logging_mixin.py:151} INFO - jsn83r6
[2023-10-08T04:59:59.576+0000] {logging_mixin.py:151} INFO - jsoo4rp
[2023-10-08T04:59:59.986+0000] {logging_mixin.py:151} INFO - jso06nz
[2023-10-08T05:00:00.401+0000] {logging_mixin.py:151} INFO - jsnnnsn
[2023-10-08T05:00:00.786+0000] {logging_mixin.py:151} INFO - jsn47yg
[2023-10-08T05:00:04.393+0000] {logging_mixin.py:151} INFO - jso6qzn
[2023-10-08T05:00:05.911+0000] {logging_mixin.py:151} INFO - jssam08
[2023-10-08T05:00:06.444+0000] {logging_mixin.py:151} INFO - jspl2u4
[2023-10-08T05:00:06.818+0000] {logging_mixin.py:151} INFO - jsqe4ig
[2023-10-08T05:00:07.262+0000] {logging_mixin.py:151} INFO - jsn1009
[2023-10-08T05:00:07.728+0000] {logging_mixin.py:151} INFO - jsqfm4i
[2023-10-08T05:00:08.113+0000] {logging_mixin.py:151} INFO - jssnr8b
[2023-10-08T05:00:09.624+0000] {logging_mixin.py:151} INFO - jspkzpt
[2023-10-08T05:00:10.135+0000] {logging_mixin.py:151} INFO - jsmvn9i
[2023-10-08T05:00:11.674+0000] {logging_mixin.py:151} INFO - jsnjlxv
[2023-10-08T05:00:12.081+0000] {logging_mixin.py:151} INFO - jsmgvor
[2023-10-08T05:00:13.516+0000] {logging_mixin.py:151} INFO - jspkrua
[2023-10-08T05:00:14.030+0000] {logging_mixin.py:151} INFO - jstbqs3
[2023-10-08T05:00:15.465+0000] {logging_mixin.py:151} INFO - jsmttq0
[2023-10-08T05:00:16.878+0000] {logging_mixin.py:151} INFO - jsoxwst
[2023-10-08T05:00:17.386+0000] {logging_mixin.py:151} INFO - jsnuq15
[2023-10-08T05:00:18.762+0000] {logging_mixin.py:151} INFO - jsnuvbe
[2023-10-08T05:00:19.143+0000] {logging_mixin.py:151} INFO - jsnytb0
[2023-10-08T05:00:20.668+0000] {logging_mixin.py:151} INFO - jsoa3zx
[2023-10-08T05:00:21.080+0000] {logging_mixin.py:151} INFO - jsrkjli
[2023-10-08T05:00:22.513+0000] {logging_mixin.py:151} INFO - jsqcbmu
[2023-10-08T05:00:22.913+0000] {logging_mixin.py:151} INFO - jso9w6c
[2023-10-08T05:00:24.303+0000] {logging_mixin.py:151} INFO - jsnqkwv
[2023-10-08T05:00:25.787+0000] {logging_mixin.py:151} INFO - jst5wag
[2023-10-08T05:00:26.303+0000] {logging_mixin.py:151} INFO - jso4oeb
[2023-10-08T05:00:27.738+0000] {logging_mixin.py:151} INFO - jso8e5w
[2023-10-08T05:00:28.151+0000] {logging_mixin.py:151} INFO - jsq1w54
[2023-10-08T05:00:29.576+0000] {logging_mixin.py:151} INFO - jsods9o
[2023-10-08T05:00:30.095+0000] {logging_mixin.py:151} INFO - jsnnm2u
[2023-10-08T05:00:31.532+0000] {logging_mixin.py:151} INFO - jsn2ou9
[2023-10-08T05:00:32.024+0000] {logging_mixin.py:151} INFO - jsmtzkg
[2023-10-08T05:00:33.476+0000] {logging_mixin.py:151} INFO - jsnulg9
[2023-10-08T05:00:33.885+0000] {logging_mixin.py:151} INFO - jsna8oc
[2023-10-08T05:00:35.324+0000] {logging_mixin.py:151} INFO - jsnv0ob
[2023-10-08T05:00:36.759+0000] {logging_mixin.py:151} INFO - jsnxk94
[2023-10-08T05:00:37.166+0000] {logging_mixin.py:151} INFO - jsodf0e
[2023-10-08T05:00:38.602+0000] {logging_mixin.py:151} INFO - jsobj8z
[2023-10-08T05:00:39.012+0000] {logging_mixin.py:151} INFO - jsod3ct
[2023-10-08T05:00:40.398+0000] {logging_mixin.py:151} INFO - jsqfjnr
[2023-10-08T05:00:41.880+0000] {logging_mixin.py:151} INFO - jsn31d3
[2023-10-08T05:00:42.395+0000] {logging_mixin.py:151} INFO - jsn7d6v
[2023-10-08T05:00:43.829+0000] {logging_mixin.py:151} INFO - jsnrygd
[2023-10-08T05:00:44.342+0000] {logging_mixin.py:151} INFO - jsnuv4d
[2023-10-08T05:00:45.857+0000] {logging_mixin.py:151} INFO - jsodxyk
[2023-10-08T05:00:46.266+0000] {logging_mixin.py:151} INFO - jsn2gwa
[2023-10-08T05:00:47.705+0000] {logging_mixin.py:151} INFO - jsngwwi
[2023-10-08T05:00:48.210+0000] {logging_mixin.py:151} INFO - jsni9vl
[2023-10-08T05:00:49.649+0000] {logging_mixin.py:151} INFO - jsnqyzg
[2023-10-08T05:00:50.028+0000] {logging_mixin.py:151} INFO - jsnc0eq
[2023-10-08T05:00:51.592+0000] {logging_mixin.py:151} INFO - jsnwfoc
[2023-10-08T05:00:52.002+0000] {logging_mixin.py:151} INFO - jsnypez
[2023-10-08T05:00:53.434+0000] {logging_mixin.py:151} INFO - jsr0bcj
[2023-10-08T05:00:54.826+0000] {logging_mixin.py:151} INFO - jstb596
[2023-10-08T05:00:55.284+0000] {logging_mixin.py:151} INFO - jsnhyzl
[2023-10-08T05:00:56.725+0000] {logging_mixin.py:151} INFO - jsn3b58
[2023-10-08T05:00:57.232+0000] {logging_mixin.py:151} INFO - jsntifb
[2023-10-08T05:00:58.668+0000] {logging_mixin.py:151} INFO - jsnxv59
[2023-10-08T05:00:59.175+0000] {logging_mixin.py:151} INFO - jsn2qa8
[2023-10-08T05:01:00.714+0000] {logging_mixin.py:151} INFO - jsn6ql6
[2023-10-08T05:01:01.119+0000] {logging_mixin.py:151} INFO - jsnq4jl
[2023-10-08T05:01:02.558+0000] {logging_mixin.py:151} INFO - jsny9fx
[2023-10-08T05:01:03.790+0000] {logging_mixin.py:151} INFO - jso5kk5
[2023-10-08T05:01:05.183+0000] {logging_mixin.py:151} INFO - jsnio7j
[2023-10-08T05:01:05.628+0000] {logging_mixin.py:151} INFO - jsn63ju
[2023-10-08T05:01:06.042+0000] {logging_mixin.py:151} INFO - jsnrdmz
[2023-10-08T05:01:12.768+0000] {logging_mixin.py:151} INFO - jsndpop
[2023-10-08T05:01:13.313+0000] {logging_mixin.py:151} INFO - jsnuhvm
[2023-10-08T05:01:13.695+0000] {logging_mixin.py:151} INFO - jso8916
[2023-10-08T05:01:14.144+0000] {logging_mixin.py:151} INFO - jsnzaee
[2023-10-08T05:01:14.527+0000] {logging_mixin.py:151} INFO - jspi852
[2023-10-08T05:01:14.907+0000] {logging_mixin.py:151} INFO - jsnzl5u
[2023-10-08T05:01:15.303+0000] {logging_mixin.py:151} INFO - jsn37fp
[2023-10-08T05:01:15.568+0000] {logging_mixin.py:151} INFO - jsn7obv
[2023-10-08T05:01:16.096+0000] {logging_mixin.py:151} INFO - jsodibz
[2023-10-08T05:01:16.529+0000] {logging_mixin.py:151} INFO - jsnyehl
[2023-10-08T05:01:16.918+0000] {logging_mixin.py:151} INFO - jsn7ste
[2023-10-08T05:01:18.774+0000] {logging_mixin.py:151} INFO - jsnxpq0
[2023-10-08T05:01:19.161+0000] {logging_mixin.py:151} INFO - jsnja8h
[2023-10-08T05:01:20.551+0000] {logging_mixin.py:151} INFO - jsocw47
[2023-10-08T05:01:21.010+0000] {logging_mixin.py:151} INFO - jso2cgm
[2023-10-08T05:01:22.548+0000] {logging_mixin.py:151} INFO - jsqwgmn
[2023-10-08T05:01:22.939+0000] {logging_mixin.py:151} INFO - jso2jtu
[2023-10-08T05:01:25.110+0000] {logging_mixin.py:151} INFO - jsn6adr
[2023-10-08T05:01:25.618+0000] {logging_mixin.py:151} INFO - jsnkt74
[2023-10-08T05:01:26.032+0000] {logging_mixin.py:151} INFO - jsnowyk
[2023-10-08T05:01:27.467+0000] {logging_mixin.py:151} INFO - jsnunwn
[2023-10-08T05:01:27.978+0000] {logging_mixin.py:151} INFO - jsqa6bw
[2023-10-08T05:01:29.363+0000] {logging_mixin.py:151} INFO - jsnrna0
[2023-10-08T05:01:29.821+0000] {logging_mixin.py:151} INFO - jsohkca
[2023-10-08T05:01:31.359+0000] {logging_mixin.py:151} INFO - jso5yy4
[2023-10-08T05:01:32.843+0000] {logging_mixin.py:151} INFO - jsnj7l5
[2023-10-08T05:01:33.264+0000] {logging_mixin.py:151} INFO - jsn7ul2
[2023-10-08T05:01:34.676+0000] {logging_mixin.py:151} INFO - jsny60s
[2023-10-08T05:01:35.174+0000] {logging_mixin.py:151} INFO - jsoh5zx
[2023-10-08T05:01:36.727+0000] {logging_mixin.py:151} INFO - jsothn7
[2023-10-08T05:01:37.245+0000] {logging_mixin.py:151} INFO - jsnx8wq
[2023-10-08T05:01:38.862+0000] {logging_mixin.py:151} INFO - jsny32g
[2023-10-08T05:01:39.260+0000] {logging_mixin.py:151} INFO - jsqwe8v
[2023-10-08T05:01:40.722+0000] {logging_mixin.py:151} INFO - jsnx410
[2023-10-08T05:01:41.261+0000] {logging_mixin.py:151} INFO - jso626p
[2023-10-08T05:01:42.669+0000] {logging_mixin.py:151} INFO - jsnyo3b
[2023-10-08T05:01:43.148+0000] {logging_mixin.py:151} INFO - jsoi3sw
[2023-10-08T05:01:44.580+0000] {logging_mixin.py:151} INFO - jsp30yd
[2023-10-08T05:01:44.954+0000] {logging_mixin.py:151} INFO - jsnzen8
[2023-10-08T05:01:46.404+0000] {logging_mixin.py:151} INFO - jsnym50
[2023-10-08T05:01:46.911+0000] {logging_mixin.py:151} INFO - jsnx9vf
[2023-10-08T05:01:48.302+0000] {logging_mixin.py:151} INFO - jso65et
[2023-10-08T05:01:48.695+0000] {logging_mixin.py:151} INFO - jso6o2c
[2023-10-08T05:01:50.166+0000] {logging_mixin.py:151} INFO - jsnyuwn
[2023-10-08T05:01:51.555+0000] {logging_mixin.py:151} INFO - jsnzsq5
[2023-10-08T05:01:52.035+0000] {logging_mixin.py:151} INFO - jsnz07u
[2023-10-08T05:01:53.469+0000] {logging_mixin.py:151} INFO - jsnxehw
[2023-10-08T05:01:53.882+0000] {logging_mixin.py:151} INFO - jso7rv4
[2023-10-08T05:01:55.517+0000] {logging_mixin.py:151} INFO - jsoi5lp
[2023-10-08T05:01:56.912+0000] {logging_mixin.py:151} INFO - jso7snu
[2023-10-08T05:01:59.033+0000] {logging_mixin.py:151} INFO - jsflykt
[2023-10-08T05:02:00.395+0000] {logging_mixin.py:151} INFO - jsfrs9b
[2023-10-08T05:02:00.778+0000] {logging_mixin.py:151} INFO - jsfxzhl
[2023-10-08T05:02:01.170+0000] {logging_mixin.py:151} INFO - jsf96lx
[2023-10-08T05:02:02.585+0000] {logging_mixin.py:151} INFO - jsg33zh
[2023-10-08T05:02:03.000+0000] {logging_mixin.py:151} INFO - jsg3r0t
[2023-10-08T05:02:05.135+0000] {logging_mixin.py:151} INFO - jsffglt
[2023-10-08T05:02:05.665+0000] {logging_mixin.py:151} INFO - jsfr9rd
[2023-10-08T05:02:06.177+0000] {logging_mixin.py:151} INFO - jsg6tzq
[2023-10-08T05:02:07.561+0000] {logging_mixin.py:151} INFO - jsg9rfg
[2023-10-08T05:02:08.662+0000] {logging_mixin.py:151} INFO - jsg4my0
[2023-10-08T05:02:10.175+0000] {logging_mixin.py:151} INFO - jsgdqy2
[2023-10-08T05:02:10.688+0000] {logging_mixin.py:151} INFO - jsgn3eg
[2023-10-08T05:02:11.200+0000] {logging_mixin.py:151} INFO - jsg8iqi
[2023-10-08T05:02:13.059+0000] {logging_mixin.py:151} INFO - jsgai5n
[2023-10-08T05:02:13.774+0000] {logging_mixin.py:151} INFO - jsgbv9e
[2023-10-08T05:02:14.294+0000] {logging_mixin.py:151} INFO - jsfxhf9
[2023-10-08T05:02:15.650+0000] {logging_mixin.py:151} INFO - jsgd9jm
[2023-10-08T05:02:16.100+0000] {logging_mixin.py:151} INFO - jsgdv2s
[2023-10-08T05:02:17.479+0000] {logging_mixin.py:151} INFO - jsgtvri
[2023-10-08T05:02:17.880+0000] {logging_mixin.py:151} INFO - jsg9veg
[2023-10-08T05:02:19.257+0000] {logging_mixin.py:151} INFO - jsgaluo
[2023-10-08T05:02:20.647+0000] {logging_mixin.py:151} INFO - jsftfyx
[2023-10-08T05:02:21.056+0000] {logging_mixin.py:151} INFO - jsg457w
[2023-10-08T05:02:23.678+0000] {logging_mixin.py:151} INFO - jsg9rep
[2023-10-08T05:02:24.096+0000] {logging_mixin.py:151} INFO - jsgi8lb
[2023-10-08T05:02:24.517+0000] {logging_mixin.py:151} INFO - jsgjqy3
[2023-10-08T05:02:25.047+0000] {logging_mixin.py:151} INFO - jshixfq
[2023-10-08T05:02:26.639+0000] {logging_mixin.py:151} INFO - jshk9rs
[2023-10-08T05:02:27.034+0000] {logging_mixin.py:151} INFO - jshmqri
[2023-10-08T05:02:28.492+0000] {logging_mixin.py:151} INFO - jsge4iv
[2023-10-08T05:02:29.011+0000] {logging_mixin.py:151} INFO - jsge5vg
[2023-10-08T05:02:30.644+0000] {logging_mixin.py:151} INFO - jsgjs1g
[2023-10-08T05:02:31.033+0000] {logging_mixin.py:151} INFO - jsglrra
[2023-10-08T05:02:32.476+0000] {logging_mixin.py:151} INFO - jsgthxu
[2023-10-08T05:02:32.854+0000] {logging_mixin.py:151} INFO - jshzh6d
[2023-10-08T05:02:34.278+0000] {logging_mixin.py:151} INFO - jsgg7r8
[2023-10-08T05:02:35.683+0000] {logging_mixin.py:151} INFO - jsgknnt
[2023-10-08T05:02:36.068+0000] {logging_mixin.py:151} INFO - jsgmd9w
[2023-10-08T05:02:37.444+0000] {logging_mixin.py:151} INFO - jsgo98a
[2023-10-08T05:02:37.924+0000] {logging_mixin.py:151} INFO - jsgrkgi
[2023-10-08T05:02:39.694+0000] {logging_mixin.py:151} INFO - jsgv45s
[2023-10-08T05:02:40.084+0000] {logging_mixin.py:151} INFO - jsh03fo
[2023-10-08T05:02:41.479+0000] {logging_mixin.py:151} INFO - jsha9kc
[2023-10-08T05:02:41.863+0000] {logging_mixin.py:151} INFO - jshdabm
[2023-10-08T05:02:43.256+0000] {logging_mixin.py:151} INFO - jshmh12
[2023-10-08T05:02:44.754+0000] {logging_mixin.py:151} INFO - jsi31hp
[2023-10-08T05:02:45.212+0000] {logging_mixin.py:151} INFO - jsia01p
[2023-10-08T05:02:46.604+0000] {logging_mixin.py:151} INFO - jsgahfl
[2023-10-08T05:02:46.986+0000] {logging_mixin.py:151} INFO - jsgg1ib
[2023-10-08T05:02:48.371+0000] {logging_mixin.py:151} INFO - jsglqve
[2023-10-08T05:02:48.772+0000] {logging_mixin.py:151} INFO - jsgu61u
[2023-10-08T05:02:50.174+0000] {logging_mixin.py:151} INFO - jsgwgm6
[2023-10-08T05:02:51.634+0000] {logging_mixin.py:151} INFO - jsgxvtq
[2023-10-08T05:02:52.143+0000] {logging_mixin.py:151} INFO - jsh4bfa
[2023-10-08T05:02:53.580+0000] {logging_mixin.py:151} INFO - jshc9f6
[2023-10-08T05:02:53.991+0000] {logging_mixin.py:151} INFO - jshgvil
[2023-10-08T05:02:55.422+0000] {logging_mixin.py:151} INFO - jshw5q0
[2023-10-08T05:02:55.935+0000] {logging_mixin.py:151} INFO - jsj85x1
[2023-10-08T05:02:57.371+0000] {logging_mixin.py:151} INFO - jsfnzjv
[2023-10-08T05:02:57.784+0000] {logging_mixin.py:151} INFO - jsgcfnc
[2023-10-08T05:02:59.215+0000] {logging_mixin.py:151} INFO - jsggzen
[2023-10-08T05:03:00.652+0000] {logging_mixin.py:151} INFO - jsgjk1z
[2023-10-08T05:03:01.058+0000] {logging_mixin.py:151} INFO - jsgujxu
[2023-10-08T05:03:02.460+0000] {logging_mixin.py:151} INFO - jshbict
[2023-10-08T05:03:02.848+0000] {logging_mixin.py:151} INFO - jshwwou
[2023-10-08T05:03:04.221+0000] {logging_mixin.py:151} INFO - jsip4iy
[2023-10-08T05:03:05.674+0000] {logging_mixin.py:151} INFO - jsipb0j
[2023-10-08T05:03:06.183+0000] {logging_mixin.py:151} INFO - jsir6t8
[2023-10-08T05:03:07.593+0000] {logging_mixin.py:151} INFO - jsisjr4
[2023-10-08T05:03:08.036+0000] {logging_mixin.py:151} INFO - jsj8n3o
[2023-10-08T05:03:09.465+0000] {logging_mixin.py:151} INFO - jsjd54o
[2023-10-08T05:03:09.879+0000] {logging_mixin.py:151} INFO - jskvtrs
[2023-10-08T05:03:11.310+0000] {logging_mixin.py:151} INFO - jsgm9h6
[2023-10-08T05:03:12.708+0000] {logging_mixin.py:151} INFO - jsgupp2
[2023-10-08T05:03:13.096+0000] {logging_mixin.py:151} INFO - jsgibcr
[2023-10-08T05:03:14.506+0000] {logging_mixin.py:151} INFO - jsgwqt4
[2023-10-08T05:03:14.895+0000] {logging_mixin.py:151} INFO - jshg9ku
[2023-10-08T05:03:16.974+0000] {logging_mixin.py:151} INFO - jsgd9w0
[2023-10-08T05:03:18.345+0000] {logging_mixin.py:151} INFO - jsg7dw2
[2023-10-08T05:03:18.716+0000] {logging_mixin.py:151} INFO - jsfk32c
[2023-10-08T05:03:19.086+0000] {logging_mixin.py:151} INFO - jsgr95m
[2023-10-08T05:03:20.511+0000] {logging_mixin.py:151} INFO - jsgygne
[2023-10-08T05:03:20.902+0000] {logging_mixin.py:151} INFO - jshpsxu
[2023-10-08T05:03:22.357+0000] {logging_mixin.py:151} INFO - jsfbsi2
[2023-10-08T05:03:22.867+0000] {logging_mixin.py:151} INFO - jsfes6m
[2023-10-08T05:03:24.236+0000] {logging_mixin.py:151} INFO - jsfzkbt
[2023-10-08T05:03:25.627+0000] {logging_mixin.py:151} INFO - jsh55fd
[2023-10-08T05:03:26.042+0000] {logging_mixin.py:151} INFO - jshcn21
[2023-10-08T05:03:27.477+0000] {logging_mixin.py:151} INFO - jsicxk2
[2023-10-08T05:03:27.889+0000] {logging_mixin.py:151} INFO - jsidetk
[2023-10-08T05:03:29.263+0000] {logging_mixin.py:151} INFO - jsidjmi
[2023-10-08T05:03:30.675+0000] {logging_mixin.py:151} INFO - jsirr49
[2023-10-08T05:03:31.169+0000] {logging_mixin.py:151} INFO - jsj0b9i
[2023-10-08T05:03:32.576+0000] {logging_mixin.py:151} INFO - jsjb8p3
[2023-10-08T05:03:33.026+0000] {logging_mixin.py:151} INFO - jsjguot
[2023-10-08T05:03:34.442+0000] {logging_mixin.py:151} INFO - jsji15z
[2023-10-08T05:03:34.855+0000] {logging_mixin.py:151} INFO - jsjooep
[2023-10-08T05:03:36.289+0000] {logging_mixin.py:151} INFO - jsjpsl5
[2023-10-08T05:03:37.726+0000] {logging_mixin.py:151} INFO - jsjs48q
[2023-10-08T05:03:38.138+0000] {logging_mixin.py:151} INFO - jsjwk6i
[2023-10-08T05:03:39.571+0000] {logging_mixin.py:151} INFO - jsk5d6r
[2023-10-08T05:03:39.999+0000] {logging_mixin.py:151} INFO - jskgtid
[2023-10-08T05:03:41.379+0000] {logging_mixin.py:151} INFO - jskoezi
[2023-10-08T05:03:41.760+0000] {logging_mixin.py:151} INFO - jsktzvm
[2023-10-08T05:03:43.147+0000] {logging_mixin.py:151} INFO - jsl6h30
[2023-10-08T05:03:44.544+0000] {logging_mixin.py:151} INFO - jsm4ku8
[2023-10-08T05:03:44.929+0000] {logging_mixin.py:151} INFO - jspagc6
[2023-10-08T05:03:46.418+0000] {logging_mixin.py:151} INFO - jsfs63r
[2023-10-08T05:03:46.840+0000] {logging_mixin.py:151} INFO - jsfmg5c
[2023-10-08T05:03:48.212+0000] {logging_mixin.py:151} INFO - jsiyiy3
[2023-10-08T05:03:49.594+0000] {logging_mixin.py:151} INFO - jsgjdwq
[2023-10-08T05:03:50.001+0000] {logging_mixin.py:151} INFO - jsgko20
[2023-10-08T05:03:51.434+0000] {logging_mixin.py:151} INFO - jsh08ko
[2023-10-08T05:03:51.882+0000] {logging_mixin.py:151} INFO - jsiul4i
[2023-10-08T05:03:53.381+0000] {logging_mixin.py:151} INFO - jsgo2x3
[2023-10-08T05:03:53.890+0000] {logging_mixin.py:151} INFO - jsgoudc
[2023-10-08T05:03:55.282+0000] {logging_mixin.py:151} INFO - jsftyqy
[2023-10-08T05:03:56.764+0000] {logging_mixin.py:151} INFO - jsftiqa
[2023-10-08T05:03:57.153+0000] {logging_mixin.py:151} INFO - jsoex8f
[2023-10-08T05:03:58.547+0000] {logging_mixin.py:151} INFO - jsg7vth
[2023-10-08T05:03:58.940+0000] {logging_mixin.py:151} INFO - jsgyn6d
[2023-10-08T05:04:00.390+0000] {logging_mixin.py:151} INFO - jsgmn1s
[2023-10-08T05:04:00.773+0000] {logging_mixin.py:151} INFO - jsjh8sy
[2023-10-08T05:04:02.205+0000] {logging_mixin.py:151} INFO - jsjjdtz
[2023-10-08T05:04:03.609+0000] {logging_mixin.py:151} INFO - jsgo5uc
[2023-10-08T05:04:04.041+0000] {logging_mixin.py:151} INFO - jsk0q5f
[2023-10-08T05:04:05.456+0000] {logging_mixin.py:151} INFO - jsi3ats
[2023-10-08T05:04:05.835+0000] {logging_mixin.py:151} INFO - jsi3jt7
[2023-10-08T05:04:07.230+0000] {logging_mixin.py:151} INFO - jsh012d
[2023-10-08T05:04:08.754+0000] {logging_mixin.py:151} INFO - jsh18n5
[2023-10-08T05:04:09.270+0000] {logging_mixin.py:151} INFO - jsgumvp
[2023-10-08T05:04:11.113+0000] {logging_mixin.py:151} INFO - jsx0pvi
[2023-10-08T05:04:11.627+0000] {logging_mixin.py:151} INFO - jsi4ard
[2023-10-08T05:04:12.118+0000] {logging_mixin.py:151} INFO - jshkece
[2023-10-08T05:04:13.574+0000] {logging_mixin.py:151} INFO - jshryvu
[2023-10-08T05:04:13.967+0000] {logging_mixin.py:151} INFO - jsgmrq6
[2023-10-08T05:04:15.399+0000] {logging_mixin.py:151} INFO - jsgggw4
[2023-10-08T05:04:16.520+0000] {logging_mixin.py:151} INFO - jsguf0h
[2023-10-08T05:04:17.963+0000] {logging_mixin.py:151} INFO - jsheiai
[2023-10-08T05:04:18.337+0000] {logging_mixin.py:151} INFO - jsi42iy
[2023-10-08T05:04:18.704+0000] {logging_mixin.py:151} INFO - jsgmcow
[2023-10-08T05:04:20.089+0000] {logging_mixin.py:151} INFO - jsi4nrx
[2023-10-08T05:04:21.606+0000] {logging_mixin.py:151} INFO - jshx6xd
[2023-10-08T05:04:21.982+0000] {logging_mixin.py:151} INFO - jsj1onw
[2023-10-08T05:04:23.378+0000] {logging_mixin.py:151} INFO - jshh17y
[2023-10-08T05:04:23.799+0000] {logging_mixin.py:151} INFO - jsftdbd
[2023-10-08T05:04:25.183+0000] {logging_mixin.py:151} INFO - jsfeque
[2023-10-08T05:04:26.586+0000] {logging_mixin.py:151} INFO - jsffhln
[2023-10-08T05:04:26.970+0000] {logging_mixin.py:151} INFO - jsfssgy
[2023-10-08T05:04:28.354+0000] {logging_mixin.py:151} INFO - jsfdtpi
[2023-10-08T05:04:30.663+0000] {logging_mixin.py:151} INFO - jsfkghy
[2023-10-08T05:04:32.038+0000] {logging_mixin.py:151} INFO - jsfzxuu
[2023-10-08T05:04:32.434+0000] {logging_mixin.py:151} INFO - jsfrt05
[2023-10-08T05:04:32.833+0000] {logging_mixin.py:151} INFO - jsfztv4
[2023-10-08T05:04:33.227+0000] {logging_mixin.py:151} INFO - jsg398m
[2023-10-08T05:04:34.764+0000] {logging_mixin.py:151} INFO - jshd9jr
[2023-10-08T05:04:35.156+0000] {logging_mixin.py:151} INFO - jsfkiop
[2023-10-08T05:04:37.042+0000] {logging_mixin.py:151} INFO - jsg07j5
[2023-10-08T05:04:37.531+0000] {logging_mixin.py:151} INFO - jsk5ubw
[2023-10-08T05:04:37.942+0000] {logging_mixin.py:151} INFO - jsfvi5x
[2023-10-08T05:04:39.372+0000] {logging_mixin.py:151} INFO - jsh5j5v
[2023-10-08T05:04:39.754+0000] {logging_mixin.py:151} INFO - jsh1xgn
[2023-10-08T05:04:41.140+0000] {logging_mixin.py:151} INFO - jslhpuf
[2023-10-08T05:04:42.538+0000] {logging_mixin.py:151} INFO - jsi6a5p
[2023-10-08T05:04:42.962+0000] {logging_mixin.py:151} INFO - jsfucqd
[2023-10-08T05:04:44.396+0000] {logging_mixin.py:151} INFO - jsgh38z
[2023-10-08T05:04:44.761+0000] {logging_mixin.py:151} INFO - jsgmkli
[2023-10-08T05:04:46.131+0000] {logging_mixin.py:151} INFO - jshy6kp
[2023-10-08T05:04:48.062+0000] {logging_mixin.py:151} INFO - jsoazhd
[2023-10-08T05:04:48.450+0000] {logging_mixin.py:151} INFO - jsobswt
[2023-10-08T05:04:48.882+0000] {logging_mixin.py:151} INFO - jslo42g
[2023-10-08T05:04:50.252+0000] {logging_mixin.py:151} INFO - jvt7bdi
[2023-10-08T05:04:51.754+0000] {logging_mixin.py:151} INFO - jsgt34e
[2023-10-08T05:04:52.162+0000] {logging_mixin.py:151} INFO - jshhxvc
[2023-10-08T05:04:53.596+0000] {logging_mixin.py:151} INFO - jsfffg1
[2023-10-08T05:04:53.991+0000] {logging_mixin.py:151} INFO - jsfyk9c
[2023-10-08T05:04:55.441+0000] {logging_mixin.py:151} INFO - jsh392w
[2023-10-08T05:04:55.851+0000] {logging_mixin.py:151} INFO - jshaesv
[2023-10-08T05:04:57.249+0000] {logging_mixin.py:151} INFO - jsha1ku
[2023-10-08T05:04:58.721+0000] {logging_mixin.py:151} INFO - jsjh2q3
[2023-10-08T05:04:59.135+0000] {logging_mixin.py:151} INFO - jsl9kvv
[2023-10-08T05:05:00.568+0000] {logging_mixin.py:151} INFO - jsh8t5m
[2023-10-08T05:05:01.058+0000] {logging_mixin.py:151} INFO - jsgm6n0
[2023-10-08T05:05:02.494+0000] {logging_mixin.py:151} INFO - jshk1uf
[2023-10-08T05:05:02.923+0000] {logging_mixin.py:151} INFO - jshxvly
[2023-10-08T05:05:04.357+0000] {logging_mixin.py:151} INFO - jshbqk4
[2023-10-08T05:05:04.765+0000] {logging_mixin.py:151} INFO - jshelia
[2023-10-08T05:05:06.161+0000] {logging_mixin.py:151} INFO - jshl4p8
[2023-10-08T05:05:07.573+0000] {logging_mixin.py:151} INFO - jsjv2fi
[2023-10-08T05:05:10.114+0000] {logging_mixin.py:151} INFO - js87q5s
[2023-10-08T05:05:10.510+0000] {logging_mixin.py:151} INFO - js8youn
[2023-10-08T05:05:10.914+0000] {logging_mixin.py:151} INFO - js8v6qs
[2023-10-08T05:05:12.347+0000] {logging_mixin.py:151} INFO - js8twpv
[2023-10-08T05:05:12.758+0000] {logging_mixin.py:151} INFO - js8l1ad
[2023-10-08T05:05:14.292+0000] {logging_mixin.py:151} INFO - js8hxxa
[2023-10-08T05:05:15.771+0000] {logging_mixin.py:151} INFO - js9resw
[2023-10-08T05:05:16.164+0000] {logging_mixin.py:151} INFO - js8gip8
[2023-10-08T05:05:17.759+0000] {logging_mixin.py:151} INFO - js8uhn1
[2023-10-08T05:05:18.372+0000] {logging_mixin.py:151} INFO - js9wtue
[2023-10-08T05:05:19.888+0000] {logging_mixin.py:151} INFO - js985qq
[2023-10-08T05:05:20.270+0000] {logging_mixin.py:151} INFO - js94sa5
[2023-10-08T05:05:21.647+0000] {logging_mixin.py:151} INFO - js97v2u
[2023-10-08T05:05:22.049+0000] {logging_mixin.py:151} INFO - js9ldx8
[2023-10-08T05:05:23.499+0000] {logging_mixin.py:151} INFO - js92wpp
[2023-10-08T05:05:24.009+0000] {logging_mixin.py:151} INFO - js9f8pc
[2023-10-08T05:05:25.522+0000] {logging_mixin.py:151} INFO - js8zjbu
[2023-10-08T05:05:25.956+0000] {logging_mixin.py:151} INFO - js92fmn
[2023-10-08T05:05:27.353+0000] {logging_mixin.py:151} INFO - js9d9h7
[2023-10-08T05:05:28.746+0000] {logging_mixin.py:151} INFO - js967it
[2023-10-08T05:05:30.166+0000] {logging_mixin.py:151} INFO - js9wg7o
[2023-10-08T05:05:30.672+0000] {logging_mixin.py:151} INFO - js91xj5
[2023-10-08T05:05:31.084+0000] {logging_mixin.py:151} INFO - js9949e
[2023-10-08T05:05:32.491+0000] {logging_mixin.py:151} INFO - js9axg0
[2023-10-08T05:05:33.031+0000] {logging_mixin.py:151} INFO - js9kj4k
[2023-10-08T05:05:34.432+0000] {logging_mixin.py:151} INFO - js8uyaf
[2023-10-08T05:05:34.864+0000] {logging_mixin.py:151} INFO - js9k20r
[2023-10-08T05:05:36.309+0000] {logging_mixin.py:151} INFO - js96ao4
[2023-10-08T05:05:37.749+0000] {logging_mixin.py:151} INFO - js9dkiz
[2023-10-08T05:05:38.252+0000] {logging_mixin.py:151} INFO - js9nv9f
[2023-10-08T05:05:39.642+0000] {logging_mixin.py:151} INFO - js9puv9
[2023-10-08T05:05:40.027+0000] {logging_mixin.py:151} INFO - js9vzvu
[2023-10-08T05:05:41.409+0000] {logging_mixin.py:151} INFO - js9go4t
[2023-10-08T05:05:41.819+0000] {logging_mixin.py:151} INFO - js9t4r2
[2023-10-08T05:05:43.229+0000] {logging_mixin.py:151} INFO - jsa1j2i
[2023-10-08T05:05:44.707+0000] {logging_mixin.py:151} INFO - jscjqio
[2023-10-08T05:05:45.118+0000] {logging_mixin.py:151} INFO - js8wr75
[2023-10-08T05:05:46.634+0000] {logging_mixin.py:151} INFO - js8pxr7
[2023-10-08T05:05:47.009+0000] {logging_mixin.py:151} INFO - js9jcot
[2023-10-08T05:05:48.410+0000] {logging_mixin.py:151} INFO - js8zt93
[2023-10-08T05:05:48.812+0000] {logging_mixin.py:151} INFO - js92r7f
[2023-10-08T05:05:50.202+0000] {logging_mixin.py:151} INFO - js94pfc
[2023-10-08T05:05:51.620+0000] {logging_mixin.py:151} INFO - js96pkw
[2023-10-08T05:05:52.068+0000] {logging_mixin.py:151} INFO - js9nq2f
[2023-10-08T05:05:53.784+0000] {logging_mixin.py:151} INFO - js9za7y
[2023-10-08T05:05:54.148+0000] {logging_mixin.py:151} INFO - jsavybx
[2023-10-08T05:05:55.552+0000] {logging_mixin.py:151} INFO - jsazcjc
[2023-10-08T05:05:56.057+0000] {logging_mixin.py:151} INFO - jsbm9ih
[2023-10-08T05:05:57.493+0000] {logging_mixin.py:151} INFO - jsc1f32
[2023-10-08T05:05:57.876+0000] {logging_mixin.py:151} INFO - jsc88u3
[2023-10-08T05:05:59.349+0000] {logging_mixin.py:151} INFO - jscoiv3
[2023-10-08T05:06:00.779+0000] {logging_mixin.py:151} INFO - jsa54ju
[2023-10-08T05:06:01.154+0000] {logging_mixin.py:151} INFO - jsa5su7
[2023-10-08T05:06:02.622+0000] {logging_mixin.py:151} INFO - js984r9
[2023-10-08T05:06:03.035+0000] {logging_mixin.py:151} INFO - js9gk3q
[2023-10-08T05:06:04.470+0000] {logging_mixin.py:151} INFO - jsa70lq
[2023-10-08T05:06:04.875+0000] {logging_mixin.py:151} INFO - js9n1mh
[2023-10-08T05:06:06.312+0000] {logging_mixin.py:151} INFO - jsaqngz
[2023-10-08T05:06:07.711+0000] {logging_mixin.py:151} INFO - jsau60j
[2023-10-08T05:06:08.118+0000] {logging_mixin.py:151} INFO - jsahle1
[2023-10-08T05:06:09.593+0000] {logging_mixin.py:151} INFO - js8mqx2
[2023-10-08T05:06:10.002+0000] {logging_mixin.py:151} INFO - js9bbvn
[2023-10-08T05:06:11.538+0000] {logging_mixin.py:151} INFO - js9q6fa
[2023-10-08T05:06:11.940+0000] {logging_mixin.py:151} INFO - jsaolxx
[2023-10-08T05:06:13.384+0000] {logging_mixin.py:151} INFO - jsb57db
[2023-10-08T05:06:13.772+0000] {logging_mixin.py:151} INFO - jsbcc7c
[2023-10-08T05:06:15.151+0000] {logging_mixin.py:151} INFO - jsbegk5
[2023-10-08T05:06:16.638+0000] {logging_mixin.py:151} INFO - jsbon6k
[2023-10-08T05:06:17.052+0000] {logging_mixin.py:151} INFO - jsbqgvk
[2023-10-08T05:06:18.483+0000] {logging_mixin.py:151} INFO - jsbqr4e
[2023-10-08T05:06:18.839+0000] {logging_mixin.py:151} INFO - jsbs6yr
[2023-10-08T05:06:20.228+0000] {logging_mixin.py:151} INFO - jsckei4
[2023-10-08T05:06:21.648+0000] {logging_mixin.py:151} INFO - jsdoz6b
[2023-10-08T05:06:22.072+0000] {logging_mixin.py:151} INFO - jsglg2g
[2023-10-08T05:06:23.493+0000] {logging_mixin.py:151} INFO - jsirxbw
[2023-10-08T05:06:23.863+0000] {logging_mixin.py:151} INFO - k0wz2jw
[2023-10-08T05:06:25.269+0000] {logging_mixin.py:151} INFO - js88oxa
[2023-10-08T05:06:26.760+0000] {logging_mixin.py:151} INFO - js9uhn8
[2023-10-08T05:06:27.193+0000] {logging_mixin.py:151} INFO - jsa14x5
[2023-10-08T05:06:28.597+0000] {logging_mixin.py:151} INFO - js9tnlq
[2023-10-08T05:06:29.117+0000] {logging_mixin.py:151} INFO - jsds8ci
[2023-10-08T05:06:30.512+0000] {logging_mixin.py:151} INFO - js907qm
[2023-10-08T05:06:30.918+0000] {logging_mixin.py:151} INFO - jsaanmc
[2023-10-08T05:06:32.315+0000] {logging_mixin.py:151} INFO - jsbzbmf
[2023-10-08T05:06:32.716+0000] {logging_mixin.py:151} INFO - js9jvlh
[2023-10-08T05:06:34.163+0000] {logging_mixin.py:151} INFO - js91b6g
[2023-10-08T05:06:35.598+0000] {logging_mixin.py:151} INFO - js9bvvu
[2023-10-08T05:06:36.023+0000] {logging_mixin.py:151} INFO - jsqt2z0
[2023-10-08T05:06:38.158+0000] {logging_mixin.py:151} INFO - js94zc8
[2023-10-08T05:06:38.677+0000] {logging_mixin.py:151} INFO - jsaaevn
[2023-10-08T05:06:39.187+0000] {logging_mixin.py:151} INFO - jsaje5i
[2023-10-08T05:06:40.585+0000] {logging_mixin.py:151} INFO - js9t8cg
[2023-10-08T05:06:40.980+0000] {logging_mixin.py:151} INFO - jscrezw
[2023-10-08T05:06:42.389+0000] {logging_mixin.py:151} INFO - js9uxoa
[2023-10-08T05:06:42.877+0000] {logging_mixin.py:151} INFO - js9dxdk
[2023-10-08T05:06:44.311+0000] {logging_mixin.py:151} INFO - js9zgyv
[2023-10-08T05:06:45.827+0000] {logging_mixin.py:151} INFO - js9bt8u
[2023-10-08T05:06:46.233+0000] {logging_mixin.py:151} INFO - jscs2xr
[2023-10-08T05:06:47.669+0000] {logging_mixin.py:151} INFO - js9qms0
[2023-10-08T05:06:48.046+0000] {logging_mixin.py:151} INFO - js9czq1
[2023-10-08T05:06:49.433+0000] {logging_mixin.py:151} INFO - jsa7zks
[2023-10-08T05:06:50.515+0000] {logging_mixin.py:151} INFO - jsbpbhz
[2023-10-08T05:06:52.074+0000] {logging_mixin.py:151} INFO - jsa7tm6
[2023-10-08T05:06:52.586+0000] {logging_mixin.py:151} INFO - js8oyuz
[2023-10-08T05:06:53.101+0000] {logging_mixin.py:151} INFO - js8pdav
[2023-10-08T05:06:54.543+0000] {logging_mixin.py:151} INFO - js8p5to
[2023-10-08T05:06:54.934+0000] {logging_mixin.py:151} INFO - js8oxxi
[2023-10-08T05:06:56.892+0000] {logging_mixin.py:151} INFO - js91yyd
[2023-10-08T05:06:57.286+0000] {logging_mixin.py:151} INFO - js8qmt6
[2023-10-08T05:06:58.733+0000] {logging_mixin.py:151} INFO - js903d3
[2023-10-08T05:06:59.149+0000] {logging_mixin.py:151} INFO - js8n79w
[2023-10-08T05:07:00.584+0000] {logging_mixin.py:151} INFO - jsa5jkt
[2023-10-08T05:07:01.094+0000] {logging_mixin.py:151} INFO - js9jufu
[2023-10-08T05:07:02.511+0000] {logging_mixin.py:151} INFO - jsbovvf
[2023-10-08T05:07:02.939+0000] {logging_mixin.py:151} INFO - js9qu10
[2023-10-08T05:07:04.375+0000] {logging_mixin.py:151} INFO - jsa4ezv
[2023-10-08T05:07:04.782+0000] {logging_mixin.py:151} INFO - jsayhs6
[2023-10-08T05:07:06.190+0000] {logging_mixin.py:151} INFO - jsaahsc
[2023-10-08T05:07:07.585+0000] {logging_mixin.py:151} INFO - jsac566
[2023-10-08T05:07:08.061+0000] {logging_mixin.py:151} INFO - js93q5z
[2023-10-08T05:07:09.464+0000] {logging_mixin.py:151} INFO - jsd6i4d
[2023-10-08T05:07:09.877+0000] {logging_mixin.py:151} INFO - js9nrpq
[2023-10-08T05:07:11.267+0000] {logging_mixin.py:151} INFO - js93ksx
[2023-10-08T05:07:12.776+0000] {logging_mixin.py:151} INFO - jsasqgw
[2023-10-08T05:07:13.154+0000] {logging_mixin.py:151} INFO - jsa1syj
[2023-10-08T05:07:14.553+0000] {logging_mixin.py:151} INFO - jsa0khp
[2023-10-08T05:07:14.951+0000] {logging_mixin.py:151} INFO - jsbxa7n
[2023-10-08T05:07:17.365+0000] {logging_mixin.py:151} INFO - jsa5h5r
[2023-10-08T05:07:17.777+0000] {logging_mixin.py:151} INFO - jsckbzd
[2023-10-08T05:07:18.181+0000] {logging_mixin.py:151} INFO - js9q42i
[2023-10-08T05:07:19.589+0000] {logging_mixin.py:151} INFO - jsays3q
[2023-10-08T05:07:19.983+0000] {logging_mixin.py:151} INFO - js9rgvp
[2023-10-08T05:07:21.378+0000] {logging_mixin.py:151} INFO - jsayt61
[2023-10-08T05:07:23.796+0000] {logging_mixin.py:151} INFO - jrl25pp
[2023-10-08T05:07:25.256+0000] {logging_mixin.py:151} INFO - jrldx3d
[2023-10-08T05:07:25.637+0000] {logging_mixin.py:151} INFO - jrle9ym
[2023-10-08T05:07:26.017+0000] {logging_mixin.py:151} INFO - jrl2kjw
[2023-10-08T05:07:27.438+0000] {logging_mixin.py:151} INFO - jrl83dl
[2023-10-08T05:07:27.814+0000] {logging_mixin.py:151} INFO - jrl1vag
[2023-10-08T05:07:29.203+0000] {logging_mixin.py:151} INFO - jrlajcu
[2023-10-08T05:07:30.722+0000] {logging_mixin.py:151} INFO - jrkz242
[2023-10-08T05:07:31.582+0000] {logging_mixin.py:151} INFO - jrlion3
[2023-10-08T05:07:31.975+0000] {logging_mixin.py:151} INFO - jrljvkl
[2023-10-08T05:07:33.457+0000] {logging_mixin.py:151} INFO - jrlqka2
[2023-10-08T05:07:33.972+0000] {logging_mixin.py:151} INFO - jrkywq0
[2023-10-08T05:07:35.509+0000] {logging_mixin.py:151} INFO - jrl9seu
[2023-10-08T05:07:36.016+0000] {logging_mixin.py:151} INFO - jrl9tvr
[2023-10-08T05:07:37.447+0000] {logging_mixin.py:151} INFO - jrld6ly
[2023-10-08T05:07:37.825+0000] {logging_mixin.py:151} INFO - jrlrtbz
[2023-10-08T05:07:39.297+0000] {logging_mixin.py:151} INFO - jrlruuc
[2023-10-08T05:07:40.693+0000] {logging_mixin.py:151} INFO - jrm3fx0
[2023-10-08T05:07:41.094+0000] {logging_mixin.py:151} INFO - jrmkbde
[2023-10-08T05:07:42.577+0000] {logging_mixin.py:151} INFO - jrmv2b1
[2023-10-08T05:07:42.966+0000] {logging_mixin.py:151} INFO - jrn4d8w
[2023-10-08T05:07:44.347+0000] {logging_mixin.py:151} INFO - jrnb7nc
[2023-10-08T05:07:44.741+0000] {logging_mixin.py:151} INFO - jrokqy8
[2023-10-08T05:07:46.142+0000] {logging_mixin.py:151} INFO - jrpumij
[2023-10-08T05:07:47.576+0000] {logging_mixin.py:151} INFO - jrqjgs1
[2023-10-08T05:07:47.963+0000] {logging_mixin.py:151} INFO - jrl44pa
[2023-10-08T05:07:49.356+0000] {logging_mixin.py:151} INFO - jrlfdka
[2023-10-08T05:07:49.730+0000] {logging_mixin.py:151} INFO - jrlhtej
[2023-10-08T05:07:51.117+0000] {logging_mixin.py:151} INFO - jrlivbc
[2023-10-08T05:07:52.531+0000] {logging_mixin.py:151} INFO - jrlj8zg
[2023-10-08T05:07:53.009+0000] {logging_mixin.py:151} INFO - jrlkyzr
[2023-10-08T05:07:54.439+0000] {logging_mixin.py:151} INFO - jrlmzjy
[2023-10-08T05:07:54.847+0000] {logging_mixin.py:151} INFO - jrln0ol
[2023-10-08T05:07:56.285+0000] {logging_mixin.py:151} INFO - jrlnf72
[2023-10-08T05:07:57.719+0000] {logging_mixin.py:151} INFO - jrloum1
[2023-10-08T05:07:58.107+0000] {logging_mixin.py:151} INFO - jrlqdne
[2023-10-08T05:07:59.567+0000] {logging_mixin.py:151} INFO - jrls0b0
[2023-10-08T05:07:59.972+0000] {logging_mixin.py:151} INFO - jrlupu9
[2023-10-08T05:08:01.408+0000] {logging_mixin.py:151} INFO - jrlxn3i
[2023-10-08T05:08:01.820+0000] {logging_mixin.py:151} INFO - jrm12rv
[2023-10-08T05:08:03.222+0000] {logging_mixin.py:151} INFO - jrm2vtb
[2023-10-08T05:08:04.689+0000] {logging_mixin.py:151} INFO - jrm7n7z
[2023-10-08T05:08:05.101+0000] {logging_mixin.py:151} INFO - jrm83zq
[2023-10-08T05:08:06.530+0000] {logging_mixin.py:151} INFO - jrmapp9
[2023-10-08T05:08:06.944+0000] {logging_mixin.py:151} INFO - jrmfygv
[2023-10-08T05:08:08.378+0000] {logging_mixin.py:151} INFO - jrmkr3p
[2023-10-08T05:08:08.793+0000] {logging_mixin.py:151} INFO - jrmrzy8
[2023-10-08T05:08:10.169+0000] {logging_mixin.py:151} INFO - jrndegw
[2023-10-08T05:08:11.661+0000] {logging_mixin.py:151} INFO - jrnr27w
[2023-10-08T05:08:12.050+0000] {logging_mixin.py:151} INFO - jro13en
[2023-10-08T05:08:13.502+0000] {logging_mixin.py:151} INFO - jrp2dc4
[2023-10-08T05:08:13.895+0000] {logging_mixin.py:151} INFO - jrp5dgz
[2023-10-08T05:08:15.258+0000] {logging_mixin.py:151} INFO - jrpqcig
[2023-10-08T05:08:16.762+0000] {logging_mixin.py:151} INFO - jrpwqld
[2023-10-08T05:08:17.145+0000] {logging_mixin.py:151} INFO - jrrlfns
[2023-10-08T05:08:18.604+0000] {logging_mixin.py:151} INFO - jrss7wr
[2023-10-08T05:08:19.004+0000] {logging_mixin.py:151} INFO - jrl3569
[2023-10-08T05:08:20.389+0000] {logging_mixin.py:151} INFO - jrlh7o6
[2023-10-08T05:08:20.798+0000] {logging_mixin.py:151} INFO - jrlqe4w
[2023-10-08T05:08:22.296+0000] {logging_mixin.py:151} INFO - jrl5w88
[2023-10-08T05:08:23.686+0000] {logging_mixin.py:151} INFO - jrl8pcu
[2023-10-08T05:08:24.137+0000] {logging_mixin.py:151} INFO - jrmasyn
[2023-10-08T05:08:25.572+0000] {logging_mixin.py:151} INFO - jrkz4bg
[2023-10-08T05:08:26.084+0000] {logging_mixin.py:151} INFO - jrlk2it
[2023-10-08T05:08:27.523+0000] {logging_mixin.py:151} INFO - jrlk3m3
[2023-10-08T05:08:27.900+0000] {logging_mixin.py:151} INFO - jrs0jfu
[2023-10-08T05:08:29.365+0000] {logging_mixin.py:151} INFO - jrkyyrr
[2023-10-08T05:08:30.762+0000] {logging_mixin.py:151} INFO - jrlabzu
[2023-10-08T05:08:31.159+0000] {logging_mixin.py:151} INFO - jrlab7o
[2023-10-08T05:08:32.568+0000] {logging_mixin.py:151} INFO - jrs0k93
[2023-10-08T05:08:33.051+0000] {logging_mixin.py:151} INFO - jrn0grz
[2023-10-08T05:08:34.461+0000] {logging_mixin.py:151} INFO - jrn1yib
[2023-10-08T05:08:34.897+0000] {logging_mixin.py:151} INFO - jrs0o1c
[2023-10-08T05:08:36.331+0000] {logging_mixin.py:151} INFO - jrnbpg2
[2023-10-08T05:08:37.772+0000] {logging_mixin.py:151} INFO - jrs0puw
[2023-10-08T05:08:38.280+0000] {logging_mixin.py:151} INFO - jrs0qmr
[2023-10-08T05:08:39.663+0000] {logging_mixin.py:151} INFO - jrli46t
[2023-10-08T05:08:40.066+0000] {logging_mixin.py:151} INFO - jrs0ll6
[2023-10-08T05:08:41.477+0000] {logging_mixin.py:151} INFO - jrs0mft
[2023-10-08T05:08:41.905+0000] {logging_mixin.py:151} INFO - jrndfoy
[2023-10-08T05:08:43.341+0000] {logging_mixin.py:151} INFO - jrq7f3o
[2023-10-08T05:08:43.721+0000] {logging_mixin.py:151} INFO - jrt6gaj
[2023-10-08T05:08:45.116+0000] {logging_mixin.py:151} INFO - jrmdmtb
[2023-10-08T05:08:46.558+0000] {logging_mixin.py:151} INFO - jrlhjvp
[2023-10-08T05:08:46.956+0000] {logging_mixin.py:151} INFO - jrmwpka
[2023-10-08T05:08:48.357+0000] {logging_mixin.py:151} INFO - jrn4ok5
[2023-10-08T05:08:48.820+0000] {logging_mixin.py:151} INFO - jrm1y31
[2023-10-08T05:08:50.218+0000] {logging_mixin.py:151} INFO - jrmabun
[2023-10-08T05:08:51.646+0000] {logging_mixin.py:151} INFO - jrmc6ns
[2023-10-08T05:08:52.087+0000] {logging_mixin.py:151} INFO - jrmh1nb
[2023-10-08T05:08:53.514+0000] {logging_mixin.py:151} INFO - jrndlvb
[2023-10-08T05:08:53.918+0000] {logging_mixin.py:151} INFO - jrn4n95
[2023-10-08T05:08:55.528+0000] {logging_mixin.py:151} INFO - jrn1si8
[2023-10-08T05:08:55.964+0000] {logging_mixin.py:151} INFO - jyrcdri
[2023-10-08T05:08:57.331+0000] {logging_mixin.py:151} INFO - jrn63tu
[2023-10-08T05:08:57.771+0000] {logging_mixin.py:151} INFO - jrnendk
[2023-10-08T05:08:59.270+0000] {logging_mixin.py:151} INFO - jrom8iu
[2023-10-08T05:09:00.802+0000] {logging_mixin.py:151} INFO - jrpwboz
[2023-10-08T05:09:01.396+0000] {logging_mixin.py:151} INFO -      post_id post_author  ... is_root_comment comment_author_flair_text
0    15y4v3n  colonade17  ...            True                      None
1    15y4v3n  colonade17  ...            True      :Barista: Supervisor
2    15y4v3n  colonade17  ...            True         :Barista: Barista
3    15y4v3n  colonade17  ...            True                      None
4    15y4v3n  colonade17  ...            True                      None
..       ...         ...  ...             ...                       ...
701  14x2lun      JOV_97  ...           False                      None
702  14x2lun      JOV_97  ...           False                      None
703  14x2lun      JOV_97  ...           False                      None
704  14x2lun      JOV_97  ...           False         :Barista: Barista
705  14x2lun      JOV_97  ...           False                      None

[706 rows x 10 columns]
[2023-10-08T05:09:01.469+0000] {python.py:194} INFO - Done. Returned value was: None
[2023-10-08T05:09:01.493+0000] {taskinstance.py:1400} INFO - Marking task as SUCCESS. dag_id=Reddit_Post_Comment_Dag, task_id=extract_post_comment_task, execution_date=20231008T045827, start_date=20231008T045837, end_date=20231008T050901
[2023-10-08T05:09:01.601+0000] {local_task_job_runner.py:228} INFO - Task exited with return code 0
[2023-10-08T05:09:01.681+0000] {taskinstance.py:2784} INFO - 1 downstream tasks scheduled from follow-on schedule check
