[2023-10-05T15:40:49.643+0000] {taskinstance.py:1159} INFO - Dependencies all met for dep_context=non-requeueable deps ti=<TaskInstance: YouTube_starbucks_Dag.save_starbucks_task manual__2023-10-05T15:40:41.471135+00:00 [queued]>
[2023-10-05T15:40:49.658+0000] {taskinstance.py:1159} INFO - Dependencies all met for dep_context=requeueable deps ti=<TaskInstance: YouTube_starbucks_Dag.save_starbucks_task manual__2023-10-05T15:40:41.471135+00:00 [queued]>
[2023-10-05T15:40:49.659+0000] {taskinstance.py:1361} INFO - Starting attempt 1 of 2
[2023-10-05T15:40:49.679+0000] {taskinstance.py:1382} INFO - Executing <Task(StarbucksDataTableOperator): save_starbucks_task> on 2023-10-05 15:40:41.471135+00:00
[2023-10-05T15:40:49.692+0000] {standard_task_runner.py:57} INFO - Started process 476 to run task
[2023-10-05T15:40:49.700+0000] {standard_task_runner.py:84} INFO - Running: ['***', 'tasks', 'run', 'YouTube_starbucks_Dag', 'save_starbucks_task', 'manual__2023-10-05T15:40:41.471135+00:00', '--job-id', '117', '--raw', '--subdir', 'DAGS_FOLDER/youtube_starbucks_dag.py', '--cfg-path', '/tmp/tmpts8hr6w7']
[2023-10-05T15:40:49.706+0000] {standard_task_runner.py:85} INFO - Job 117: Subtask save_starbucks_task
[2023-10-05T15:40:49.783+0000] {task_command.py:415} INFO - Running <TaskInstance: YouTube_starbucks_Dag.save_starbucks_task manual__2023-10-05T15:40:41.471135+00:00 [running]> on host 83a26c877c38
[2023-10-05T15:40:49.896+0000] {taskinstance.py:1660} INFO - Exporting env vars: AIRFLOW_CTX_DAG_OWNER='***' AIRFLOW_CTX_DAG_ID='YouTube_starbucks_Dag' AIRFLOW_CTX_TASK_ID='save_starbucks_task' AIRFLOW_CTX_EXECUTION_DATE='2023-10-05T15:40:41.471135+00:00' AIRFLOW_CTX_TRY_NUMBER='1' AIRFLOW_CTX_DAG_RUN_ID='manual__2023-10-05T15:40:41.471135+00:00'
[2023-10-05T15:40:49.898+0000] {starbucks_data_table_operator.py:27} INFO - Executing CustomMySqlOperator with data from task: extract_chanel_data_task
[2023-10-05T15:40:49.915+0000] {logging_mixin.py:151} INFO - /home/***/youtube_starbucks_details.csv
[2023-10-05T15:40:49.919+0000] {sql.py:274} INFO - Executing: CREATE TABLE  IF NOT EXISTS organization_table(id INT AUTO_INCREMENT PRIMARY KEY, social_media_platform VARCHAR(255),description TEXT, display_name VARCHAR(255),image VARCHAR(255),subscribers INT,title VARCHAR(255),url VARCHAR(255))
[2023-10-05T15:40:50.205+0000] {base.py:73} INFO - Using connection ID 'mysql_connection' for task execution.
[2023-10-05T15:40:50.217+0000] {base.py:73} INFO - Using connection ID 'mysql_connection' for task execution.
[2023-10-05T15:40:50.242+0000] {sql.py:418} INFO - Running statement: CREATE TABLE  IF NOT EXISTS organization_table(id INT AUTO_INCREMENT PRIMARY KEY, social_media_platform VARCHAR(255),description TEXT, display_name VARCHAR(255),image VARCHAR(255),subscribers INT,title VARCHAR(255),url VARCHAR(255)), parameters: None
[2023-10-05T15:40:50.249+0000] {sql.py:427} INFO - Rows affected: 0
[2023-10-05T15:40:50.261+0000] {logging_mixin.py:151} INFO - mysql_connection
[2023-10-05T15:40:50.345+0000] {logging_mixin.py:151} INFO -              title               display_name  ...  description image
0  Starbucks Music  @starbucksmusiccollection  ...          NaN   NaN

[1 rows x 6 columns]
[2023-10-05T15:40:50.796+0000] {taskinstance.py:1400} INFO - Marking task as SUCCESS. dag_id=YouTube_starbucks_Dag, task_id=save_starbucks_task, execution_date=20231005T154041, start_date=20231005T154049, end_date=20231005T154050
[2023-10-05T15:40:50.840+0000] {local_task_job_runner.py:228} INFO - Task exited with return code 0
[2023-10-05T15:40:50.867+0000] {taskinstance.py:2784} INFO - 0 downstream tasks scheduled from follow-on schedule check
