[2023-10-05T09:53:58.927+0000] {taskinstance.py:1159} INFO - Dependencies all met for dep_context=non-requeueable deps ti=<TaskInstance: YouTube_Post_Dag.data_transformation_task manual__2023-10-05T09:53:46.539361+00:00 [queued]>
[2023-10-05T09:53:58.945+0000] {taskinstance.py:1159} INFO - Dependencies all met for dep_context=requeueable deps ti=<TaskInstance: YouTube_Post_Dag.data_transformation_task manual__2023-10-05T09:53:46.539361+00:00 [queued]>
[2023-10-05T09:53:58.947+0000] {taskinstance.py:1361} INFO - Starting attempt 1 of 2
[2023-10-05T09:53:58.967+0000] {taskinstance.py:1382} INFO - Executing <Task(PythonOperator): data_transformation_task> on 2023-10-05 09:53:46.539361+00:00
[2023-10-05T09:53:58.979+0000] {standard_task_runner.py:57} INFO - Started process 256 to run task
[2023-10-05T09:53:58.986+0000] {standard_task_runner.py:84} INFO - Running: ['***', 'tasks', 'run', 'YouTube_Post_Dag', 'data_transformation_task', 'manual__2023-10-05T09:53:46.539361+00:00', '--job-id', '91', '--raw', '--subdir', 'DAGS_FOLDER/youTube_video_data_dag.py', '--cfg-path', '/tmp/tmpe9h8esjk']
[2023-10-05T09:53:58.994+0000] {standard_task_runner.py:85} INFO - Job 91: Subtask data_transformation_task
[2023-10-05T09:53:59.087+0000] {task_command.py:415} INFO - Running <TaskInstance: YouTube_Post_Dag.data_transformation_task manual__2023-10-05T09:53:46.539361+00:00 [running]> on host bdf8a93b58be
[2023-10-05T09:53:59.233+0000] {taskinstance.py:1660} INFO - Exporting env vars: AIRFLOW_CTX_DAG_OWNER='***' AIRFLOW_CTX_DAG_ID='YouTube_Post_Dag' AIRFLOW_CTX_TASK_ID='data_transformation_task' AIRFLOW_CTX_EXECUTION_DATE='2023-10-05T09:53:46.539361+00:00' AIRFLOW_CTX_TRY_NUMBER='1' AIRFLOW_CTX_DAG_RUN_ID='manual__2023-10-05T09:53:46.539361+00:00'
[2023-10-05T09:53:59.566+0000] {logging_mixin.py:151} INFO -                                                title  ...    durations
0  Full Energy New Day With Starbucks Coffee Musi...  ...          P0D
1  Elegant Starbucks Cafe Music - Starbucks Music...  ...       P1DT1S
2  Starbucks BGM 2024 : Positive Jazz Music with ...  ...  PT11H54M57S
3  Starbucks Coffee Music & Jazz Relaxing Music -...  ...          P0D
4  Happy October Jazz - Relaxing Morning Starbuck...  ...          P1D

[5 rows x 7 columns]
[2023-10-05T09:53:59.587+0000] {python.py:194} INFO - Done. Returned value was: None
[2023-10-05T09:53:59.604+0000] {taskinstance.py:1400} INFO - Marking task as SUCCESS. dag_id=YouTube_Post_Dag, task_id=data_transformation_task, execution_date=20231005T095346, start_date=20231005T095358, end_date=20231005T095359
[2023-10-05T09:53:59.685+0000] {local_task_job_runner.py:228} INFO - Task exited with return code 0
[2023-10-05T09:53:59.727+0000] {taskinstance.py:2784} INFO - 1 downstream tasks scheduled from follow-on schedule check
