[2023-10-05T05:55:23.398+0000] {taskinstance.py:1159} INFO - Dependencies all met for dep_context=non-requeueable deps ti=<TaskInstance: Reddit_Post_Comment_Dag.extract_post_comment_task manual__2023-10-05T05:55:17.238059+00:00 [queued]>
[2023-10-05T05:55:23.412+0000] {taskinstance.py:1159} INFO - Dependencies all met for dep_context=requeueable deps ti=<TaskInstance: Reddit_Post_Comment_Dag.extract_post_comment_task manual__2023-10-05T05:55:17.238059+00:00 [queued]>
[2023-10-05T05:55:23.414+0000] {taskinstance.py:1361} INFO - Starting attempt 1 of 2
[2023-10-05T05:55:23.431+0000] {taskinstance.py:1382} INFO - Executing <Task(PythonOperator): extract_post_comment_task> on 2023-10-05 05:55:17.238059+00:00
[2023-10-05T05:55:23.443+0000] {standard_task_runner.py:57} INFO - Started process 2439 to run task
[2023-10-05T05:55:23.449+0000] {standard_task_runner.py:84} INFO - Running: ['***', 'tasks', 'run', 'Reddit_Post_Comment_Dag', 'extract_post_comment_task', 'manual__2023-10-05T05:55:17.238059+00:00', '--job-id', '58', '--raw', '--subdir', 'DAGS_FOLDER/reddit_post_comment_dag.py', '--cfg-path', '/tmp/tmpxvn_y7cf']
[2023-10-05T05:55:23.455+0000] {standard_task_runner.py:85} INFO - Job 58: Subtask extract_post_comment_task
[2023-10-05T05:55:23.526+0000] {task_command.py:415} INFO - Running <TaskInstance: Reddit_Post_Comment_Dag.extract_post_comment_task manual__2023-10-05T05:55:17.238059+00:00 [running]> on host 1de4a8047cc3
[2023-10-05T05:55:23.644+0000] {taskinstance.py:1660} INFO - Exporting env vars: AIRFLOW_CTX_DAG_OWNER='***' AIRFLOW_CTX_DAG_ID='Reddit_Post_Comment_Dag' AIRFLOW_CTX_TASK_ID='extract_post_comment_task' AIRFLOW_CTX_EXECUTION_DATE='2023-10-05T05:55:17.238059+00:00' AIRFLOW_CTX_TRY_NUMBER='1' AIRFLOW_CTX_DAG_RUN_ID='manual__2023-10-05T05:55:17.238059+00:00'
[2023-10-05T05:55:26.725+0000] {logging_mixin.py:151} INFO - iqdfbj8
[2023-10-05T05:55:27.080+0000] {logging_mixin.py:151} INFO - iqdmth8
[2023-10-05T05:55:27.556+0000] {logging_mixin.py:151} INFO - iqdknrl
[2023-10-05T05:55:28.060+0000] {logging_mixin.py:151} INFO - iqdkdq1
[2023-10-05T05:55:28.478+0000] {logging_mixin.py:151} INFO - iqdlkuq
[2023-10-05T05:55:28.900+0000] {logging_mixin.py:151} INFO - iqdgp13
[2023-10-05T05:55:29.394+0000] {logging_mixin.py:151} INFO - iqdc3vj
[2023-10-05T05:55:29.793+0000] {logging_mixin.py:151} INFO - iqe4am6
[2023-10-05T05:55:30.170+0000] {logging_mixin.py:151} INFO - iqdn7bu
[2023-10-05T05:55:30.621+0000] {logging_mixin.py:151} INFO - iqdqi7o
[2023-10-05T05:55:31.029+0000] {logging_mixin.py:151} INFO - iqe1sdp
[2023-10-05T05:55:31.447+0000] {logging_mixin.py:151} INFO - iqdvfa2
[2023-10-05T05:55:31.952+0000] {logging_mixin.py:151} INFO - iqdy51g
[2023-10-05T05:55:32.316+0000] {logging_mixin.py:151} INFO - iqdu1d7
[2023-10-05T05:55:32.706+0000] {logging_mixin.py:151} INFO - iqdtj5v
[2023-10-05T05:55:33.062+0000] {logging_mixin.py:151} INFO - iqdwgle
[2023-10-05T05:55:33.442+0000] {logging_mixin.py:151} INFO - iqdv8i4
[2023-10-05T05:55:33.809+0000] {logging_mixin.py:151} INFO - iqe43z1
[2023-10-05T05:55:34.180+0000] {logging_mixin.py:151} INFO - iqdkzna
[2023-10-05T05:55:34.550+0000] {logging_mixin.py:151} INFO - iqem0tf
[2023-10-05T05:55:34.998+0000] {logging_mixin.py:151} INFO - iqdpi4z
[2023-10-05T05:55:35.363+0000] {logging_mixin.py:151} INFO - iqe0abl
[2023-10-05T05:55:35.814+0000] {logging_mixin.py:151} INFO - iqf1l7w
[2023-10-05T05:55:36.177+0000] {logging_mixin.py:151} INFO - iqe10yc
[2023-10-05T05:55:37.382+0000] {logging_mixin.py:151} INFO - iqe9uhh
[2023-10-05T05:55:37.756+0000] {logging_mixin.py:151} INFO - iqet6t3
[2023-10-05T05:55:38.204+0000] {logging_mixin.py:151} INFO - iqexvf7
[2023-10-05T05:55:38.613+0000] {logging_mixin.py:151} INFO - iqe8ih5
[2023-10-05T05:55:38.987+0000] {logging_mixin.py:151} INFO - iqep6mb
[2023-10-05T05:55:39.385+0000] {logging_mixin.py:151} INFO - iqerogi
[2023-10-05T05:55:39.851+0000] {logging_mixin.py:151} INFO - iqey0e9
[2023-10-05T05:55:40.253+0000] {logging_mixin.py:151} INFO - iqdtk7j
[2023-10-05T05:55:40.634+0000] {logging_mixin.py:151} INFO - iqe42ul
[2023-10-05T05:55:41.018+0000] {logging_mixin.py:151} INFO - iqecq7x
[2023-10-05T05:55:41.397+0000] {logging_mixin.py:151} INFO - iqem498
[2023-10-05T05:55:41.797+0000] {logging_mixin.py:151} INFO - iqewks9
[2023-10-05T05:55:42.179+0000] {logging_mixin.py:151} INFO - iqdu42g
[2023-10-05T05:55:42.554+0000] {logging_mixin.py:151} INFO - iqdxtw3
[2023-10-05T05:55:42.938+0000] {logging_mixin.py:151} INFO - iqdzpt7
[2023-10-05T05:55:43.303+0000] {logging_mixin.py:151} INFO - iqe9hok
[2023-10-05T05:55:43.684+0000] {logging_mixin.py:151} INFO - iqee9b3
[2023-10-05T05:55:44.155+0000] {logging_mixin.py:151} INFO - iqentih
[2023-10-05T05:55:44.558+0000] {logging_mixin.py:151} INFO - iqdj7p3
[2023-10-05T05:55:44.970+0000] {logging_mixin.py:151} INFO - iqecf0l
[2023-10-05T05:55:45.355+0000] {logging_mixin.py:151} INFO - iqets8m
[2023-10-05T05:55:45.768+0000] {logging_mixin.py:151} INFO - iqduk4z
[2023-10-05T05:55:46.280+0000] {logging_mixin.py:151} INFO - iqe3bhs
[2023-10-05T05:55:46.688+0000] {logging_mixin.py:151} INFO - iqesqmb
[2023-10-05T05:55:47.793+0000] {logging_mixin.py:151} INFO - iqetbs4
[2023-10-05T05:55:48.277+0000] {logging_mixin.py:151} INFO - iqey8y6
[2023-10-05T05:55:48.664+0000] {logging_mixin.py:151} INFO - iqezh16
[2023-10-05T05:55:49.152+0000] {logging_mixin.py:151} INFO - iqdnsvo
[2023-10-05T05:55:49.558+0000] {logging_mixin.py:151} INFO - iqe40pq
[2023-10-05T05:55:49.928+0000] {logging_mixin.py:151} INFO - iqeabx7
[2023-10-05T05:55:50.379+0000] {logging_mixin.py:151} INFO - iqeajf8
[2023-10-05T05:55:50.788+0000] {logging_mixin.py:151} INFO - iqechdz
[2023-10-05T05:55:51.166+0000] {logging_mixin.py:151} INFO - iqej4uc
[2023-10-05T05:55:51.536+0000] {logging_mixin.py:151} INFO - iqej9uz
[2023-10-05T05:55:51.914+0000] {logging_mixin.py:151} INFO - iqek8a6
[2023-10-05T05:55:52.263+0000] {logging_mixin.py:151} INFO - iqel54b
[2023-10-05T05:55:52.633+0000] {logging_mixin.py:151} INFO - iqely7e
[2023-10-05T05:55:53.012+0000] {logging_mixin.py:151} INFO - iqerhre
[2023-10-05T05:55:53.391+0000] {logging_mixin.py:151} INFO - iqev2f5
[2023-10-05T05:55:53.767+0000] {logging_mixin.py:151} INFO - iqeipej
[2023-10-05T05:55:54.173+0000] {logging_mixin.py:151} INFO - iqe7ds5
[2023-10-05T05:55:54.681+0000] {logging_mixin.py:151} INFO - iqea7qy
[2023-10-05T05:55:55.090+0000] {logging_mixin.py:151} INFO - iqdzwxr
[2023-10-05T05:55:55.453+0000] {logging_mixin.py:151} INFO - iqepslm
[2023-10-05T05:55:55.812+0000] {logging_mixin.py:151} INFO - iqe76g4
[2023-10-05T05:55:56.173+0000] {logging_mixin.py:151} INFO - iqeeqro
[2023-10-05T05:55:56.527+0000] {logging_mixin.py:151} INFO - iqefoxm
[2023-10-05T05:55:56.895+0000] {logging_mixin.py:151} INFO - iqejhly
[2023-10-05T05:55:57.283+0000] {logging_mixin.py:151} INFO - iqejibk
[2023-10-05T05:55:57.665+0000] {logging_mixin.py:151} INFO - iqelv8r
[2023-10-05T05:55:58.576+0000] {logging_mixin.py:151} INFO - iqeppvh
[2023-10-05T05:55:58.967+0000] {logging_mixin.py:151} INFO - iqerhsn
[2023-10-05T05:55:59.394+0000] {logging_mixin.py:151} INFO - iqdjc5s
[2023-10-05T05:55:59.779+0000] {logging_mixin.py:151} INFO - iqdxas6
[2023-10-05T05:56:00.171+0000] {logging_mixin.py:151} INFO - iqefg8u
[2023-10-05T05:56:00.627+0000] {logging_mixin.py:151} INFO - iqemqke
[2023-10-05T05:56:01.135+0000] {logging_mixin.py:151} INFO - iqf0b70
[2023-10-05T05:56:01.549+0000] {logging_mixin.py:151} INFO - iqeaei6
[2023-10-05T05:56:01.959+0000] {logging_mixin.py:151} INFO - iqekn6z
[2023-10-05T05:56:02.469+0000] {logging_mixin.py:151} INFO - iqeidqz
[2023-10-05T05:56:02.982+0000] {logging_mixin.py:151} INFO - iqdoijy
[2023-10-05T05:56:03.347+0000] {logging_mixin.py:151} INFO - iqefwty
[2023-10-05T05:56:03.740+0000] {logging_mixin.py:151} INFO - iqezb9m
[2023-10-05T05:56:04.126+0000] {logging_mixin.py:151} INFO - iqdmynl
[2023-10-05T05:56:04.504+0000] {logging_mixin.py:151} INFO - iqdxkno
[2023-10-05T05:56:04.875+0000] {logging_mixin.py:151} INFO - iqdvwvj
[2023-10-05T05:56:05.353+0000] {logging_mixin.py:151} INFO - iqeh5ei
[2023-10-05T05:56:05.735+0000] {logging_mixin.py:151} INFO - iqe3k4l
[2023-10-05T05:56:06.124+0000] {logging_mixin.py:151} INFO - iqdvua0
[2023-10-05T05:56:06.566+0000] {logging_mixin.py:151} INFO - iqe23oq
[2023-10-05T05:56:07.000+0000] {logging_mixin.py:151} INFO - iqe40ju
[2023-10-05T05:56:07.575+0000] {logging_mixin.py:151} INFO - iqdt09n
[2023-10-05T05:56:07.945+0000] {logging_mixin.py:151} INFO - iqdj4eg
[2023-10-05T05:56:08.322+0000] {logging_mixin.py:151} INFO - iqdgjj1
[2023-10-05T05:56:09.010+0000] {logging_mixin.py:151} INFO - iqecswi
[2023-10-05T05:56:09.438+0000] {logging_mixin.py:151} INFO - iqdu8au
[2023-10-05T05:56:09.840+0000] {logging_mixin.py:151} INFO - iqeano6
[2023-10-05T05:56:10.211+0000] {logging_mixin.py:151} INFO - iqeexta
[2023-10-05T05:56:10.653+0000] {logging_mixin.py:151} INFO - iqe428p
[2023-10-05T05:56:11.028+0000] {logging_mixin.py:151} INFO - iqdt44l
[2023-10-05T05:56:11.614+0000] {logging_mixin.py:151} INFO - iqe1yqc
[2023-10-05T05:56:12.101+0000] {logging_mixin.py:151} INFO - iqe43v5
[2023-10-05T05:56:12.479+0000] {logging_mixin.py:151} INFO - iqdpkmh
[2023-10-05T05:56:12.869+0000] {logging_mixin.py:151} INFO - iqdrwj3
[2023-10-05T05:56:13.253+0000] {logging_mixin.py:151} INFO - iqe4u5k
[2023-10-05T05:56:13.635+0000] {logging_mixin.py:151} INFO - iqe3bvo
[2023-10-05T05:56:14.021+0000] {logging_mixin.py:151} INFO - iqe26om
[2023-10-05T05:56:14.414+0000] {logging_mixin.py:151} INFO - iqe9tse
[2023-10-05T05:56:14.797+0000] {logging_mixin.py:151} INFO - iqemdbr
[2023-10-05T05:56:15.182+0000] {logging_mixin.py:151} INFO - iqeya39
[2023-10-05T05:56:15.543+0000] {logging_mixin.py:151} INFO - iqecxnr
[2023-10-05T05:56:15.931+0000] {logging_mixin.py:151} INFO - iqdm67m
[2023-10-05T05:56:16.303+0000] {logging_mixin.py:151} INFO - iqe1vto
[2023-10-05T05:56:16.691+0000] {logging_mixin.py:151} INFO - iqe4jxp
[2023-10-05T05:56:17.087+0000] {logging_mixin.py:151} INFO - iqef82s
[2023-10-05T05:56:17.469+0000] {logging_mixin.py:151} INFO - iqej7z2
[2023-10-05T05:56:18.340+0000] {logging_mixin.py:151} INFO - iqdwcl5
[2023-10-05T05:56:18.723+0000] {logging_mixin.py:151} INFO - iqdxjsz
[2023-10-05T05:56:19.141+0000] {logging_mixin.py:151} INFO - iqe5y1w
[2023-10-05T05:56:19.562+0000] {logging_mixin.py:151} INFO - iqeknje
[2023-10-05T05:56:20.079+0000] {logging_mixin.py:151} INFO - iqego2w
[2023-10-05T05:56:20.468+0000] {logging_mixin.py:151} INFO - iqenaki
[2023-10-05T05:56:20.896+0000] {logging_mixin.py:151} INFO - iqe6a9l
[2023-10-05T05:56:21.408+0000] {logging_mixin.py:151} INFO - iqe2e19
[2023-10-05T05:56:21.820+0000] {logging_mixin.py:151} INFO - iqekwge
[2023-10-05T05:56:22.329+0000] {logging_mixin.py:151} INFO - iqec2mj
[2023-10-05T05:56:22.856+0000] {logging_mixin.py:151} INFO - iqesiqg
[2023-10-05T05:56:23.229+0000] {logging_mixin.py:151} INFO - iqejg6n
[2023-10-05T05:56:23.624+0000] {logging_mixin.py:151} INFO - iqdxt7e
[2023-10-05T05:56:24.173+0000] {logging_mixin.py:151} INFO - iqdu9i1
[2023-10-05T05:56:24.552+0000] {logging_mixin.py:151} INFO - iqearw7
[2023-10-05T05:56:24.993+0000] {logging_mixin.py:151} INFO - iqe3lkf
[2023-10-05T05:56:25.391+0000] {logging_mixin.py:151} INFO - iqdruj1
[2023-10-05T05:56:25.795+0000] {logging_mixin.py:151} INFO - iqduegk
[2023-10-05T05:56:26.211+0000] {logging_mixin.py:151} INFO - iqe2dfi
[2023-10-05T05:56:26.592+0000] {logging_mixin.py:151} INFO - iqdx2sx
[2023-10-05T05:56:26.974+0000] {logging_mixin.py:151} INFO - iqe9xvy
[2023-10-05T05:56:27.341+0000] {logging_mixin.py:151} INFO - iqestha
[2023-10-05T05:56:27.739+0000] {logging_mixin.py:151} INFO - iqegl1o
[2023-10-05T05:56:28.172+0000] {logging_mixin.py:151} INFO - iqea95j
[2023-10-05T05:56:28.566+0000] {logging_mixin.py:151} INFO - iqezkic
[2023-10-05T05:56:28.989+0000] {logging_mixin.py:151} INFO - iqe7tor
[2023-10-05T05:56:29.402+0000] {logging_mixin.py:151} INFO - iqexirn
[2023-10-05T05:56:29.812+0000] {logging_mixin.py:151} INFO - iqefk07
[2023-10-05T05:56:30.207+0000] {logging_mixin.py:151} INFO - iqevtpw
[2023-10-05T05:56:30.629+0000] {logging_mixin.py:151} INFO - iqe7zzp
[2023-10-05T05:56:31.148+0000] {logging_mixin.py:151} INFO - iqemftb
[2023-10-05T05:56:31.657+0000] {logging_mixin.py:151} INFO - iqeqchl
[2023-10-05T05:56:32.166+0000] {logging_mixin.py:151} INFO - iqelr4c
[2023-10-05T05:56:32.677+0000] {logging_mixin.py:151} INFO - iqeo0wg
[2023-10-05T05:56:33.092+0000] {logging_mixin.py:151} INFO - iqejtwp
[2023-10-05T05:56:33.461+0000] {logging_mixin.py:151} INFO - iqepp7r
[2023-10-05T05:56:33.905+0000] {logging_mixin.py:151} INFO - iqe43ws
[2023-10-05T05:56:34.316+0000] {logging_mixin.py:151} INFO - iqdzfte
[2023-10-05T05:56:34.687+0000] {logging_mixin.py:151} INFO - iqel192
[2023-10-05T05:56:35.062+0000] {logging_mixin.py:151} INFO - iqeymm1
[2023-10-05T05:56:35.446+0000] {logging_mixin.py:151} INFO - iqeo4ra
[2023-10-05T05:56:35.857+0000] {logging_mixin.py:151} INFO - iqe99wn
[2023-10-05T05:56:36.240+0000] {logging_mixin.py:151} INFO - iqeofu7
[2023-10-05T05:56:36.781+0000] {logging_mixin.py:151} INFO - iqetf1t
[2023-10-05T05:56:37.293+0000] {logging_mixin.py:151} INFO - iqepe5j
[2023-10-05T05:56:37.701+0000] {logging_mixin.py:151} INFO - iqex658
[2023-10-05T05:56:38.082+0000] {logging_mixin.py:151} INFO - iqez6vw
[2023-10-05T05:56:39.238+0000] {logging_mixin.py:151} INFO - iqepp6v
[2023-10-05T05:56:39.650+0000] {logging_mixin.py:151} INFO - iqed730
[2023-10-05T05:56:40.037+0000] {logging_mixin.py:151} INFO - iqee9yq
[2023-10-05T05:56:40.408+0000] {logging_mixin.py:151} INFO - iqetlpg
[2023-10-05T05:56:40.804+0000] {logging_mixin.py:151} INFO - iqedga1
[2023-10-05T05:56:41.214+0000] {logging_mixin.py:151} INFO - iqeh4xp
[2023-10-05T05:56:41.576+0000] {logging_mixin.py:151} INFO - iqel5s6
[2023-10-05T05:56:41.969+0000] {logging_mixin.py:151} INFO - iqeehz2
[2023-10-05T05:56:42.414+0000] {logging_mixin.py:151} INFO - iqelbr1
[2023-10-05T05:56:42.824+0000] {logging_mixin.py:151} INFO - iqef1yn
[2023-10-05T05:56:43.236+0000] {logging_mixin.py:151} INFO - iqeqfz6
[2023-10-05T05:56:43.636+0000] {logging_mixin.py:151} INFO - iqenz0y
[2023-10-05T05:56:46.467+0000] {logging_mixin.py:151} INFO - hnvvbih
[2023-10-05T05:56:46.900+0000] {logging_mixin.py:151} INFO - hnvvjuf
[2023-10-05T05:56:47.309+0000] {logging_mixin.py:151} INFO - hnw48u2
[2023-10-05T05:56:47.719+0000] {logging_mixin.py:151} INFO - hnvx6bp
[2023-10-05T05:56:48.238+0000] {logging_mixin.py:151} INFO - hnvw6t4
[2023-10-05T05:56:48.640+0000] {logging_mixin.py:151} INFO - hnwxnva
[2023-10-05T05:56:49.011+0000] {logging_mixin.py:151} INFO - hnvzc7o
[2023-10-05T05:56:49.462+0000] {logging_mixin.py:151} INFO - hnvyc7v
[2023-10-05T05:56:49.825+0000] {logging_mixin.py:151} INFO - hnvy4r8
[2023-10-05T05:56:50.280+0000] {logging_mixin.py:151} INFO - hnw4d7x
[2023-10-05T05:56:50.694+0000] {logging_mixin.py:151} INFO - hnw9vv1
[2023-10-05T05:56:51.105+0000] {logging_mixin.py:151} INFO - hnvv9s5
[2023-10-05T05:56:51.516+0000] {logging_mixin.py:151} INFO - hnxghvp
[2023-10-05T05:56:51.932+0000] {logging_mixin.py:151} INFO - hnxi34b
[2023-10-05T05:56:52.441+0000] {logging_mixin.py:151} INFO - hnxicr4
[2023-10-05T05:56:52.893+0000] {logging_mixin.py:151} INFO - hnvxiuw
[2023-10-05T05:56:53.362+0000] {logging_mixin.py:151} INFO - hnw1wbn
[2023-10-05T05:56:53.772+0000] {logging_mixin.py:151} INFO - hnw7ec5
[2023-10-05T05:56:54.148+0000] {logging_mixin.py:151} INFO - hnw6l09
[2023-10-05T05:56:54.522+0000] {logging_mixin.py:151} INFO - hnvxhy4
[2023-10-05T05:56:54.897+0000] {logging_mixin.py:151} INFO - hnvv63f
[2023-10-05T05:56:55.266+0000] {logging_mixin.py:151} INFO - hnxgjjp
[2023-10-05T05:56:55.627+0000] {logging_mixin.py:151} INFO - hnw58k3
[2023-10-05T05:56:56.013+0000] {logging_mixin.py:151} INFO - hnwi8lp
[2023-10-05T05:56:56.401+0000] {logging_mixin.py:151} INFO - hnx5krf
[2023-10-05T05:56:56.767+0000] {logging_mixin.py:151} INFO - hnvvzo8
[2023-10-05T05:56:57.198+0000] {logging_mixin.py:151} INFO - hnvwv0e
[2023-10-05T05:56:57.571+0000] {logging_mixin.py:151} INFO - hnwdmej
[2023-10-05T05:56:58.075+0000] {logging_mixin.py:151} INFO - hnw87pm
[2023-10-05T05:56:58.448+0000] {logging_mixin.py:151} INFO - hnw8qvj
[2023-10-05T05:56:58.847+0000] {logging_mixin.py:151} INFO - hnvvmzx
[2023-10-05T05:56:59.303+0000] {logging_mixin.py:151} INFO - hnw5ky2
[2023-10-05T05:56:59.712+0000] {logging_mixin.py:151} INFO - hnvwi9n
[2023-10-05T05:57:00.066+0000] {logging_mixin.py:151} INFO - hnw08kn
[2023-10-05T05:57:00.425+0000] {logging_mixin.py:151} INFO - hnw0agd
[2023-10-05T05:57:00.836+0000] {logging_mixin.py:151} INFO - hnw1545
[2023-10-05T05:57:01.229+0000] {logging_mixin.py:151} INFO - hnwc11r
[2023-10-05T05:57:01.611+0000] {logging_mixin.py:151} INFO - hnxaa6o
[2023-10-05T05:57:02.002+0000] {logging_mixin.py:151} INFO - hnwogmg
[2023-10-05T05:57:02.400+0000] {logging_mixin.py:151} INFO - hnvw9zi
[2023-10-05T05:57:02.777+0000] {logging_mixin.py:151} INFO - hnvy09z
[2023-10-05T05:57:03.182+0000] {logging_mixin.py:151} INFO - hnxduir
[2023-10-05T05:57:03.571+0000] {logging_mixin.py:151} INFO - hnxetlx
[2023-10-05T05:57:03.932+0000] {logging_mixin.py:151} INFO - hnxfjjf
[2023-10-05T05:57:04.386+0000] {logging_mixin.py:151} INFO - hnvwg92
[2023-10-05T05:57:04.765+0000] {logging_mixin.py:151} INFO - hnvwxkd
[2023-10-05T05:57:05.140+0000] {logging_mixin.py:151} INFO - hnvzqj0
[2023-10-05T05:57:05.528+0000] {logging_mixin.py:151} INFO - hnx8tou
[2023-10-05T05:57:06.419+0000] {logging_mixin.py:151} INFO - hnx9xr2
[2023-10-05T05:57:06.783+0000] {logging_mixin.py:151} INFO - hnvz778
[2023-10-05T05:57:07.283+0000] {logging_mixin.py:151} INFO - hnvyry9
[2023-10-05T05:57:07.654+0000] {logging_mixin.py:151} INFO - hnvyuuw
[2023-10-05T05:57:08.038+0000] {logging_mixin.py:151} INFO - hnvz3zk
[2023-10-05T05:57:08.457+0000] {logging_mixin.py:151} INFO - hnvzdwm
[2023-10-05T05:57:08.839+0000] {logging_mixin.py:151} INFO - hnvzj2h
[2023-10-05T05:57:09.244+0000] {logging_mixin.py:151} INFO - hnvzz6z
[2023-10-05T05:57:09.643+0000] {logging_mixin.py:151} INFO - hnx3q0v
[2023-10-05T05:57:10.060+0000] {logging_mixin.py:151} INFO - hnx94t6
[2023-10-05T05:57:10.572+0000] {logging_mixin.py:151} INFO - hnxa03a
[2023-10-05T05:57:11.088+0000] {logging_mixin.py:151} INFO - hnw77n7
[2023-10-05T05:57:11.494+0000] {logging_mixin.py:151} INFO - hnxbstm
[2023-10-05T05:57:11.906+0000] {logging_mixin.py:151} INFO - hnxdx9w
[2023-10-05T05:57:12.301+0000] {logging_mixin.py:151} INFO - hnwy4tx
[2023-10-05T05:57:12.726+0000] {logging_mixin.py:151} INFO - hnw3zhg
[2023-10-05T05:57:13.601+0000] {logging_mixin.py:151} INFO - hnx9l1v
[2023-10-05T05:57:14.064+0000] {logging_mixin.py:151} INFO - hnxgp9l
[2023-10-05T05:57:14.444+0000] {logging_mixin.py:151} INFO - hnw8nbu
[2023-10-05T05:57:14.820+0000] {logging_mixin.py:151} INFO - hnwq9c3
[2023-10-05T05:57:15.202+0000] {logging_mixin.py:151} INFO - hnwiif5
[2023-10-05T05:57:15.558+0000] {logging_mixin.py:151} INFO - hnx1qa5
[2023-10-05T05:57:15.943+0000] {logging_mixin.py:151} INFO - hnwpqk1
[2023-10-05T05:57:16.311+0000] {logging_mixin.py:151} INFO - hnxa9ht
[2023-10-05T05:57:16.802+0000] {logging_mixin.py:151} INFO - hnwxgdh
[2023-10-05T05:57:17.181+0000] {logging_mixin.py:151} INFO - hnwogoh
[2023-10-05T05:57:17.542+0000] {logging_mixin.py:151} INFO - hnwqnon
[2023-10-05T05:57:17.954+0000] {logging_mixin.py:151} INFO - hnx2f6e
[2023-10-05T05:57:18.338+0000] {logging_mixin.py:151} INFO - hnxhxdu
[2023-10-05T05:57:18.719+0000] {logging_mixin.py:151} INFO - hnxel59
[2023-10-05T05:57:19.875+0000] {logging_mixin.py:151} INFO - hnx0zhl
[2023-10-05T05:57:20.285+0000] {logging_mixin.py:151} INFO - hnx7ggm
[2023-10-05T05:57:20.695+0000] {logging_mixin.py:151} INFO - hnxa4y4
[2023-10-05T05:57:21.094+0000] {logging_mixin.py:151} INFO - hnwxwl0
[2023-10-05T05:57:21.467+0000] {logging_mixin.py:151} INFO - hnx7i0c
[2023-10-05T05:57:21.926+0000] {logging_mixin.py:151} INFO - hnxfqnq
[2023-10-05T05:57:22.274+0000] {logging_mixin.py:151} INFO - hnxedgm
[2023-10-05T05:57:22.656+0000] {logging_mixin.py:151} INFO - hnwoagv
[2023-10-05T05:57:23.037+0000] {logging_mixin.py:151} INFO - hnwxnik
[2023-10-05T05:57:23.408+0000] {logging_mixin.py:151} INFO - hnvwe5u
[2023-10-05T05:57:24.080+0000] {logging_mixin.py:151} INFO - hnx1iv5
[2023-10-05T05:57:24.589+0000] {logging_mixin.py:151} INFO - hnxhhgs
[2023-10-05T05:57:25.000+0000] {logging_mixin.py:151} INFO - hnws1mn
[2023-10-05T05:57:25.385+0000] {logging_mixin.py:151} INFO - hnx8k0n
[2023-10-05T05:57:25.763+0000] {logging_mixin.py:151} INFO - hnx84hk
[2023-10-05T05:57:26.144+0000] {logging_mixin.py:151} INFO - hnxh0wz
[2023-10-05T05:57:26.514+0000] {logging_mixin.py:151} INFO - hnvzley
[2023-10-05T05:57:26.900+0000] {logging_mixin.py:151} INFO - hnxh5og
[2023-10-05T05:57:27.262+0000] {logging_mixin.py:151} INFO - hnx27oh
[2023-10-05T05:57:27.643+0000] {logging_mixin.py:151} INFO - hnxdot7
[2023-10-05T05:57:28.076+0000] {logging_mixin.py:151} INFO - hnxcv1s
[2023-10-05T05:57:28.485+0000] {logging_mixin.py:151} INFO - hnwnojb
[2023-10-05T05:57:28.868+0000] {logging_mixin.py:151} INFO - hnwzq5u
[2023-10-05T05:57:29.307+0000] {logging_mixin.py:151} INFO - hnwc9hw
[2023-10-05T05:57:29.664+0000] {logging_mixin.py:151} INFO - hnw7qup
[2023-10-05T05:57:30.022+0000] {logging_mixin.py:151} INFO - hnxdfyb
[2023-10-05T05:57:30.387+0000] {logging_mixin.py:151} INFO - hnxh55d
[2023-10-05T05:57:30.850+0000] {logging_mixin.py:151} INFO - hnw6294
[2023-10-05T05:57:31.250+0000] {logging_mixin.py:151} INFO - hnw7573
[2023-10-05T05:57:31.663+0000] {logging_mixin.py:151} INFO - hnw8c6a
[2023-10-05T05:57:32.074+0000] {logging_mixin.py:151} INFO - hnw9v4d
[2023-10-05T05:57:32.482+0000] {logging_mixin.py:151} INFO - hnwc3yj
[2023-10-05T05:57:32.864+0000] {logging_mixin.py:151} INFO - hnwefz6
[2023-10-05T05:57:33.247+0000] {logging_mixin.py:151} INFO - hnwfu4j
[2023-10-05T05:57:33.664+0000] {logging_mixin.py:151} INFO - hnwi4yt
[2023-10-05T05:57:34.039+0000] {logging_mixin.py:151} INFO - hnwmr2j
[2023-10-05T05:57:34.436+0000] {logging_mixin.py:151} INFO - hnwvgna
[2023-10-05T05:57:34.801+0000] {logging_mixin.py:151} INFO - hnwxrdr
[2023-10-05T05:57:35.160+0000] {logging_mixin.py:151} INFO - hnwy66o
[2023-10-05T05:57:35.555+0000] {logging_mixin.py:151} INFO - hnwydui
[2023-10-05T05:57:35.948+0000] {logging_mixin.py:151} INFO - hnxble3
[2023-10-05T05:57:36.316+0000] {logging_mixin.py:151} INFO - hnxehhp
[2023-10-05T05:57:36.692+0000] {logging_mixin.py:151} INFO - hnvwojh
[2023-10-05T05:57:37.081+0000] {logging_mixin.py:151} INFO - hnvwjk7
[2023-10-05T05:57:37.485+0000] {logging_mixin.py:151} INFO - hnwl8vf
[2023-10-05T05:57:37.882+0000] {logging_mixin.py:151} INFO - hnwpumq
[2023-10-05T05:57:38.301+0000] {logging_mixin.py:151} INFO - hnxejer
[2023-10-05T05:57:38.844+0000] {logging_mixin.py:151} INFO - hnwug49
[2023-10-05T05:57:39.212+0000] {logging_mixin.py:151} INFO - hnx5850
[2023-10-05T05:57:39.793+0000] {logging_mixin.py:151} INFO - hnwmudd
[2023-10-05T05:57:40.742+0000] {logging_mixin.py:151} INFO - hnwelgz
[2023-10-05T05:57:41.776+0000] {logging_mixin.py:151} INFO - hnxf7dn
[2023-10-05T05:57:42.339+0000] {logging_mixin.py:151} INFO - hnwfh5d
[2023-10-05T05:57:42.799+0000] {logging_mixin.py:151} INFO - hnxfbiz
[2023-10-05T05:57:43.368+0000] {logging_mixin.py:151} INFO - hnwxrd9
[2023-10-05T05:57:43.922+0000] {logging_mixin.py:151} INFO - hnw8wzx
[2023-10-05T05:57:44.301+0000] {logging_mixin.py:151} INFO - hnwu6dl
[2023-10-05T05:57:44.780+0000] {logging_mixin.py:151} INFO - hnw6ilc
[2023-10-05T05:57:45.171+0000] {logging_mixin.py:151} INFO - hnwpic6
[2023-10-05T05:57:45.579+0000] {logging_mixin.py:151} INFO - hnx6euj
[2023-10-05T05:57:45.946+0000] {logging_mixin.py:151} INFO - hnw2maj
[2023-10-05T05:57:46.347+0000] {logging_mixin.py:151} INFO - hnwgnuw
[2023-10-05T05:57:46.806+0000] {logging_mixin.py:151} INFO - hnwlap4
[2023-10-05T05:57:47.220+0000] {logging_mixin.py:151} INFO - hnvy5k1
[2023-10-05T05:57:47.594+0000] {logging_mixin.py:151} INFO - hnwpf3w
[2023-10-05T05:57:48.038+0000] {logging_mixin.py:151} INFO - hnwayqm
[2023-10-05T05:57:48.972+0000] {logging_mixin.py:151} INFO - hnwzdob
[2023-10-05T05:57:49.381+0000] {logging_mixin.py:151} INFO - hnwalqh
[2023-10-05T05:57:49.740+0000] {logging_mixin.py:151} INFO - hnwovqr
[2023-10-05T05:57:50.189+0000] {logging_mixin.py:151} INFO - hnwcuct
[2023-10-05T05:57:50.566+0000] {logging_mixin.py:151} INFO - hnwrmwq
[2023-10-05T05:57:51.008+0000] {logging_mixin.py:151} INFO - hnwq8r2
[2023-10-05T05:57:51.418+0000] {logging_mixin.py:151} INFO - hnxapd3
[2023-10-05T05:57:51.831+0000] {logging_mixin.py:151} INFO - hnxd4nr
[2023-10-05T05:57:52.238+0000] {logging_mixin.py:151} INFO - hnxefac
[2023-10-05T05:57:52.649+0000] {logging_mixin.py:151} INFO - hnx26fz
[2023-10-05T05:57:53.144+0000] {logging_mixin.py:151} INFO - hnx2pgh
[2023-10-05T05:57:53.518+0000] {logging_mixin.py:151} INFO - hnwyzzx
[2023-10-05T05:57:53.900+0000] {logging_mixin.py:151} INFO - hnxgg3c
[2023-10-05T05:57:54.287+0000] {logging_mixin.py:151} INFO - hnxb4n6
[2023-10-05T05:57:54.668+0000] {logging_mixin.py:151} INFO - hnxb8xz
[2023-10-05T05:57:55.066+0000] {logging_mixin.py:151} INFO - hnvwqhp
[2023-10-05T05:57:55.453+0000] {logging_mixin.py:151} INFO - hnvwzhg
[2023-10-05T05:57:55.838+0000] {logging_mixin.py:151} INFO - hnvzpxq
[2023-10-05T05:57:56.230+0000] {logging_mixin.py:151} INFO - hnw5tdz
[2023-10-05T05:57:56.593+0000] {logging_mixin.py:151} INFO - hnwxttf
[2023-10-05T05:57:56.977+0000] {logging_mixin.py:151} INFO - hnw26gh
[2023-10-05T05:57:57.335+0000] {logging_mixin.py:151} INFO - hnw1m9b
[2023-10-05T05:57:57.717+0000] {logging_mixin.py:151} INFO - hnw49ll
[2023-10-05T05:57:58.123+0000] {logging_mixin.py:151} INFO - hnx2gm4
[2023-10-05T05:57:58.526+0000] {logging_mixin.py:151} INFO - hnxed4a
[2023-10-05T05:57:58.910+0000] {logging_mixin.py:151} INFO - hnxecv7
[2023-10-05T05:57:59.312+0000] {logging_mixin.py:151} INFO - hnwz8au
[2023-10-05T05:57:59.829+0000] {logging_mixin.py:151} INFO - hnwx4mn
[2023-10-05T05:58:00.338+0000] {logging_mixin.py:151} INFO - hnxbq3e
[2023-10-05T05:58:00.748+0000] {logging_mixin.py:151} INFO - hnxcxwk
[2023-10-05T05:58:01.256+0000] {logging_mixin.py:151} INFO - hnxd7uz
[2023-10-05T05:58:01.666+0000] {logging_mixin.py:151} INFO - hnvzpza
[2023-10-05T05:58:02.182+0000] {logging_mixin.py:151} INFO - hnx21lt
[2023-10-05T05:58:02.549+0000] {logging_mixin.py:151} INFO - hnw8ol2
[2023-10-05T05:58:02.998+0000] {logging_mixin.py:151} INFO - hnwshso
[2023-10-05T05:58:03.385+0000] {logging_mixin.py:151} INFO - hnxdi9l
[2023-10-05T05:58:03.757+0000] {logging_mixin.py:151} INFO - hnxi719
[2023-10-05T05:58:04.134+0000] {logging_mixin.py:151} INFO - hnx6oy1
[2023-10-05T05:58:04.524+0000] {logging_mixin.py:151} INFO - hnxfh7x
[2023-10-05T05:58:04.879+0000] {logging_mixin.py:151} INFO - hnwy2hi
[2023-10-05T05:58:05.241+0000] {logging_mixin.py:151} INFO - hnx6pmk
[2023-10-05T05:58:05.703+0000] {logging_mixin.py:151} INFO - hnwv80o
[2023-10-05T05:58:06.180+0000] {logging_mixin.py:151} INFO - hnx9ie1
[2023-10-05T05:58:06.598+0000] {logging_mixin.py:151} INFO - hnwn7wb
[2023-10-05T05:58:07.005+0000] {logging_mixin.py:151} INFO - hnx1iw8
[2023-10-05T05:58:07.405+0000] {logging_mixin.py:151} INFO - hnwprje
[2023-10-05T05:58:07.894+0000] {logging_mixin.py:151} INFO - hnwnq6u
[2023-10-05T05:58:08.448+0000] {logging_mixin.py:151} INFO - hnwtfw3
[2023-10-05T05:58:08.831+0000] {logging_mixin.py:151} INFO - hnwqeh4
[2023-10-05T05:58:09.200+0000] {logging_mixin.py:151} INFO - hnwraq0
[2023-10-05T05:58:09.582+0000] {logging_mixin.py:151} INFO - hnxgkfb
[2023-10-05T05:58:09.955+0000] {logging_mixin.py:151} INFO - hnwtibd
[2023-10-05T05:58:10.479+0000] {logging_mixin.py:151} INFO - hnxbnmu
[2023-10-05T05:58:10.975+0000] {logging_mixin.py:151} INFO - hnx1das
[2023-10-05T05:58:11.535+0000] {logging_mixin.py:151} INFO - hnxe4u3
[2023-10-05T05:58:12.018+0000] {logging_mixin.py:151} INFO - hnwo6tc
[2023-10-05T05:58:12.395+0000] {logging_mixin.py:151} INFO - hnxf0nb
[2023-10-05T05:58:12.838+0000] {logging_mixin.py:151} INFO - hnxh6z7
[2023-10-05T05:58:13.352+0000] {logging_mixin.py:151} INFO - hnwh9dg
[2023-10-05T05:58:13.864+0000] {logging_mixin.py:151} INFO - hnwfl6p
[2023-10-05T05:58:14.255+0000] {logging_mixin.py:151} INFO - hnwjdvj
[2023-10-05T05:58:14.643+0000] {logging_mixin.py:151} INFO - hnwb2r9
[2023-10-05T05:58:15.049+0000] {logging_mixin.py:151} INFO - hnwqy0r
[2023-10-05T05:58:15.419+0000] {logging_mixin.py:151} INFO - hnvyh4h
[2023-10-05T05:58:15.794+0000] {logging_mixin.py:151} INFO - hnvzuk0
[2023-10-05T05:58:16.226+0000] {logging_mixin.py:151} INFO - hnwkcbp
[2023-10-05T05:58:16.606+0000] {logging_mixin.py:151} INFO - hnwbhmr
[2023-10-05T05:58:16.969+0000] {logging_mixin.py:151} INFO - hnwcqwj
[2023-10-05T05:58:17.427+0000] {logging_mixin.py:151} INFO - hnwcyr6
[2023-10-05T05:58:17.835+0000] {logging_mixin.py:151} INFO - hnwqy8d
[2023-10-05T05:58:18.257+0000] {logging_mixin.py:151} INFO - hnx9pfe
[2023-10-05T05:58:18.644+0000] {logging_mixin.py:151} INFO - hnxgao1
[2023-10-05T05:58:19.036+0000] {logging_mixin.py:151} INFO - hnx3m9h
[2023-10-05T05:58:19.478+0000] {logging_mixin.py:151} INFO - hnx38fg
[2023-10-05T05:58:20.023+0000] {logging_mixin.py:151} INFO - hnwdfle
[2023-10-05T05:58:20.405+0000] {logging_mixin.py:151} INFO - hnw70ym
[2023-10-05T05:58:21.015+0000] {logging_mixin.py:151} INFO - hnx8oer
[2023-10-05T05:58:21.390+0000] {logging_mixin.py:151} INFO - hnw1td9
[2023-10-05T05:58:21.838+0000] {logging_mixin.py:151} INFO - hnxeji7
[2023-10-05T05:58:22.255+0000] {logging_mixin.py:151} INFO - hnw1lk4
[2023-10-05T05:58:22.660+0000] {logging_mixin.py:151} INFO - hnx2mt9
[2023-10-05T05:58:23.031+0000] {logging_mixin.py:151} INFO - hnwb7ps
[2023-10-05T05:58:23.402+0000] {logging_mixin.py:151} INFO - hnx8vsu
[2023-10-05T05:58:23.761+0000] {logging_mixin.py:151} INFO - hnxi0in
[2023-10-05T05:58:24.104+0000] {logging_mixin.py:151} INFO - hnwsyyv
[2023-10-05T05:58:24.457+0000] {logging_mixin.py:151} INFO - hnwy8ng
[2023-10-05T05:58:24.824+0000] {logging_mixin.py:151} INFO - hnwq4rt
[2023-10-05T05:58:25.186+0000] {logging_mixin.py:151} INFO - hnx0y2v
[2023-10-05T05:58:25.553+0000] {logging_mixin.py:151} INFO - hnxdrqp
[2023-10-05T05:58:25.978+0000] {logging_mixin.py:151} INFO - hnwvc50
[2023-10-05T05:58:26.359+0000] {logging_mixin.py:151} INFO - hnx84i4
[2023-10-05T05:58:26.742+0000] {logging_mixin.py:151} INFO - hnwvbte
[2023-10-05T05:58:27.116+0000] {logging_mixin.py:151} INFO - hnxa1hp
[2023-10-05T05:58:28.903+0000] {logging_mixin.py:151} INFO - hnwzkpd
[2023-10-05T05:58:29.315+0000] {logging_mixin.py:151} INFO - hnxant7
[2023-10-05T05:58:29.798+0000] {logging_mixin.py:151} INFO - hnx2ffu
[2023-10-05T05:58:30.185+0000] {logging_mixin.py:151} INFO - hnxbqfl
[2023-10-05T05:58:30.855+0000] {logging_mixin.py:151} INFO - hnx3bmc
[2023-10-05T05:58:31.365+0000] {logging_mixin.py:151} INFO - hnxarxj
[2023-10-05T05:58:31.773+0000] {logging_mixin.py:151} INFO - hnworv9
[2023-10-05T05:58:32.185+0000] {logging_mixin.py:151} INFO - hnwhax6
[2023-10-05T05:58:32.600+0000] {logging_mixin.py:151} INFO - hnwrbxi
[2023-10-05T05:58:33.000+0000] {logging_mixin.py:151} INFO - hnw0hfm
[2023-10-05T05:58:33.413+0000] {logging_mixin.py:151} INFO - hnwgrth
[2023-10-05T05:58:33.824+0000] {logging_mixin.py:151} INFO - hnwitte
[2023-10-05T05:58:34.446+0000] {logging_mixin.py:151} INFO - hnxeqv9
[2023-10-05T05:58:34.817+0000] {logging_mixin.py:151} INFO - hnwdyz9
[2023-10-05T05:58:35.258+0000] {logging_mixin.py:151} INFO - hnxbd9j
[2023-10-05T05:58:35.768+0000] {logging_mixin.py:151} INFO - hnxbf54
[2023-10-05T05:58:36.154+0000] {logging_mixin.py:151} INFO - hnx46cn
[2023-10-05T05:58:36.535+0000] {logging_mixin.py:151} INFO - hnw3002
[2023-10-05T05:58:37.025+0000] {logging_mixin.py:151} INFO - hnw5cte
[2023-10-05T05:58:37.498+0000] {logging_mixin.py:151} INFO - hnw27hh
[2023-10-05T05:58:37.870+0000] {logging_mixin.py:151} INFO - hnwei7d
[2023-10-05T05:58:38.237+0000] {logging_mixin.py:151} INFO - hnw9amc
[2023-10-05T05:58:38.606+0000] {logging_mixin.py:151} INFO - hnwxmzw
[2023-10-05T05:58:38.985+0000] {logging_mixin.py:151} INFO - hnx3u0r
[2023-10-05T05:58:39.461+0000] {logging_mixin.py:151} INFO - hnx459b
[2023-10-05T05:58:39.839+0000] {logging_mixin.py:151} INFO - hnwe9wm
[2023-10-05T05:58:40.285+0000] {logging_mixin.py:151} INFO - hnwcku8
[2023-10-05T05:58:40.792+0000] {logging_mixin.py:151} INFO - hnx8zvm
[2023-10-05T05:58:41.203+0000] {logging_mixin.py:151} INFO - hnwvxqm
[2023-10-05T05:58:41.587+0000] {logging_mixin.py:151} INFO - hnwyvrb
[2023-10-05T05:58:42.020+0000] {logging_mixin.py:151} INFO - hnwxxmo
[2023-10-05T05:58:42.537+0000] {logging_mixin.py:151} INFO - hnwqvsc
[2023-10-05T05:58:42.925+0000] {logging_mixin.py:151} INFO - hnwvf43
[2023-10-05T05:58:43.297+0000] {logging_mixin.py:151} INFO - hnwvuc4
[2023-10-05T05:58:43.808+0000] {logging_mixin.py:151} INFO - hnx4ntm
[2023-10-05T05:58:44.279+0000] {logging_mixin.py:151} INFO - hnxe2rm
[2023-10-05T05:58:44.689+0000] {logging_mixin.py:151} INFO - hnwprwz
[2023-10-05T05:58:45.180+0000] {logging_mixin.py:151} INFO - hnwkpb9
[2023-10-05T05:58:45.574+0000] {logging_mixin.py:151} INFO - hnwq4pn
[2023-10-05T05:58:45.995+0000] {logging_mixin.py:151} INFO - hnxg2s1
[2023-10-05T05:58:46.412+0000] {logging_mixin.py:151} INFO - hnw0nyu
[2023-10-05T05:58:46.920+0000] {logging_mixin.py:151} INFO - hnwu5sj
[2023-10-05T05:58:47.437+0000] {logging_mixin.py:151} INFO - hnwp48r
[2023-10-05T05:58:47.941+0000] {logging_mixin.py:151} INFO - hnwl2du
[2023-10-05T05:58:48.459+0000] {logging_mixin.py:151} INFO - hnxbufh
[2023-10-05T05:58:48.871+0000] {logging_mixin.py:151} INFO - hnx4ezf
[2023-10-05T05:58:49.363+0000] {logging_mixin.py:151} INFO - hnw7x5c
[2023-10-05T05:58:49.756+0000] {logging_mixin.py:151} INFO - hnx4jjm
[2023-10-05T05:58:50.110+0000] {logging_mixin.py:151} INFO - hnwgwna
[2023-10-05T05:58:50.609+0000] {logging_mixin.py:151} INFO - hnwed8u
[2023-10-05T05:58:51.126+0000] {logging_mixin.py:151} INFO - hnxhewl
[2023-10-05T05:58:51.513+0000] {logging_mixin.py:151} INFO - hnwem22
[2023-10-05T05:58:51.941+0000] {logging_mixin.py:151} INFO - hnwe5u6
[2023-10-05T05:58:52.460+0000] {logging_mixin.py:151} INFO - hnxfz0z
[2023-10-05T05:58:52.866+0000] {logging_mixin.py:151} INFO - hnx676s
[2023-10-05T05:58:53.273+0000] {logging_mixin.py:151} INFO - hnx2knl
[2023-10-05T05:58:53.791+0000] {logging_mixin.py:151} INFO - hnx1ptl
[2023-10-05T05:58:54.197+0000] {logging_mixin.py:151} INFO - hnx1283
[2023-10-05T05:58:54.711+0000] {logging_mixin.py:151} INFO - hnxi1hq
[2023-10-05T05:58:55.321+0000] {logging_mixin.py:151} INFO - hnwz5hn
[2023-10-05T05:58:55.690+0000] {logging_mixin.py:151} INFO - hnwt8jl
[2023-10-05T05:58:56.055+0000] {logging_mixin.py:151} INFO - hnwxqim
[2023-10-05T05:58:56.425+0000] {logging_mixin.py:151} INFO - hnwq4z5
[2023-10-05T05:58:56.786+0000] {logging_mixin.py:151} INFO - hnwxx0x
[2023-10-05T05:58:57.155+0000] {logging_mixin.py:151} INFO - hnwl0ec
[2023-10-05T05:58:57.520+0000] {logging_mixin.py:151} INFO - hnwokxo
[2023-10-05T05:58:57.893+0000] {logging_mixin.py:151} INFO - hnw2vod
[2023-10-05T05:58:58.275+0000] {logging_mixin.py:151} INFO - hnw1bi9
[2023-10-05T05:58:58.653+0000] {logging_mixin.py:151} INFO - hnwxwue
[2023-10-05T05:58:59.114+0000] {logging_mixin.py:151} INFO - hnwrdjm
[2023-10-05T05:58:59.477+0000] {logging_mixin.py:151} INFO - hnxctz4
[2023-10-05T05:58:59.939+0000] {logging_mixin.py:151} INFO - hnx65a8
[2023-10-05T05:59:00.446+0000] {logging_mixin.py:151} INFO - hnx62po
[2023-10-05T05:59:00.854+0000] {logging_mixin.py:151} INFO - hnx91c1
[2023-10-05T05:59:01.225+0000] {logging_mixin.py:151} INFO - hnwh97u
[2023-10-05T05:59:01.782+0000] {logging_mixin.py:151} INFO - hnxhirs
[2023-10-05T05:59:02.189+0000] {logging_mixin.py:151} INFO - hnx83tf
[2023-10-05T05:59:02.600+0000] {logging_mixin.py:151} INFO - hnx8fqy
[2023-10-05T05:59:03.010+0000] {logging_mixin.py:151} INFO - hnxb6xv
[2023-10-05T05:59:03.370+0000] {logging_mixin.py:151} INFO - hnxa1gl
[2023-10-05T05:59:03.735+0000] {logging_mixin.py:151} INFO - hnxaa64
[2023-10-05T05:59:04.117+0000] {logging_mixin.py:151} INFO - hnx4lex
[2023-10-05T05:59:04.484+0000] {logging_mixin.py:151} INFO - hnx7mzy
[2023-10-05T05:59:04.851+0000] {logging_mixin.py:151} INFO - hnx6gxc
[2023-10-05T05:59:05.229+0000] {logging_mixin.py:151} INFO - hnwoxhg
[2023-10-05T05:59:05.673+0000] {logging_mixin.py:151} INFO - hnw1ho7
[2023-10-05T05:59:06.187+0000] {logging_mixin.py:151} INFO - hnxd6gq
[2023-10-05T05:59:06.566+0000] {logging_mixin.py:151} INFO - hnxhyfw
[2023-10-05T05:59:07.008+0000] {logging_mixin.py:151} INFO - hnx8auj
[2023-10-05T05:59:07.416+0000] {logging_mixin.py:151} INFO - hnx95ar
[2023-10-05T05:59:07.802+0000] {logging_mixin.py:151} INFO - hnxadxb
[2023-10-05T05:59:08.200+0000] {logging_mixin.py:151} INFO - hnxarhx
[2023-10-05T05:59:08.590+0000] {logging_mixin.py:151} INFO - hnx5mja
[2023-10-05T05:59:09.002+0000] {logging_mixin.py:151} INFO - hnx71xj
[2023-10-05T05:59:10.107+0000] {logging_mixin.py:151} INFO - hnw2lbl
[2023-10-05T05:59:10.593+0000] {logging_mixin.py:151} INFO - hnw2cds
[2023-10-05T05:59:10.989+0000] {logging_mixin.py:151} INFO - hnwc1no
[2023-10-05T05:59:11.520+0000] {logging_mixin.py:151} INFO - hnx8ic3
[2023-10-05T05:59:11.958+0000] {logging_mixin.py:151} INFO - hnxa48c
[2023-10-05T05:59:12.492+0000] {logging_mixin.py:151} INFO - hnxbgw0
[2023-10-05T05:59:12.954+0000] {logging_mixin.py:151} INFO - hnx9fap
[2023-10-05T05:59:13.361+0000] {logging_mixin.py:151} INFO - hnxaqb1
[2023-10-05T05:59:13.875+0000] {logging_mixin.py:151} INFO - hnxa9yh
[2023-10-05T05:59:14.387+0000] {logging_mixin.py:151} INFO - hnxaby6
[2023-10-05T05:59:14.818+0000] {logging_mixin.py:151} INFO - hnxasvj
[2023-10-05T05:59:15.192+0000] {logging_mixin.py:151} INFO - hnxbaek
[2023-10-05T05:59:16.022+0000] {logging_mixin.py:151} INFO - hnxd9a6
[2023-10-05T05:59:16.421+0000] {logging_mixin.py:151} INFO - hnx8yxf
[2023-10-05T05:59:16.926+0000] {logging_mixin.py:151} INFO - hnxba6k
[2023-10-05T05:59:17.339+0000] {logging_mixin.py:151} INFO - hnxbokm
[2023-10-05T05:59:17.718+0000] {logging_mixin.py:151} INFO - hnx9ijf
[2023-10-05T05:59:18.102+0000] {logging_mixin.py:151} INFO - hnxamvt
[2023-10-05T05:59:18.472+0000] {logging_mixin.py:151} INFO - hnxagol
[2023-10-05T05:59:18.867+0000] {logging_mixin.py:151} INFO - hnxbk52
[2023-10-05T05:59:19.482+0000] {logging_mixin.py:151} INFO -     post_id  post_author  ... is_root_comment comment_author_flair_text
0    xr8fc3  swiftlocked  ...            True            Former Partner
1    xr8fc3  swiftlocked  ...            True                      None
2    xr8fc3  swiftlocked  ...            True       :Customer: Customer
3    xr8fc3  swiftlocked  ...            True                      None
4    xr8fc3  swiftlocked  ...            True                      None
..      ...          ...  ...             ...                       ...
525  rco8xd  witchezbrew  ...           False            Former Partner
526  rco8xd  witchezbrew  ...           False            Former Partner
527  rco8xd  witchezbrew  ...           False            Former Partner
528  rco8xd  witchezbrew  ...           False            Former Partner
529  rco8xd  witchezbrew  ...           False            Former Partner

[530 rows x 10 columns]
[2023-10-05T05:59:19.518+0000] {python.py:194} INFO - Done. Returned value was: None
[2023-10-05T05:59:19.532+0000] {taskinstance.py:1400} INFO - Marking task as SUCCESS. dag_id=Reddit_Post_Comment_Dag, task_id=extract_post_comment_task, execution_date=20231005T055517, start_date=20231005T055523, end_date=20231005T055919
[2023-10-05T05:59:19.591+0000] {local_task_job_runner.py:228} INFO - Task exited with return code 0
[2023-10-05T05:59:19.626+0000] {taskinstance.py:2784} INFO - 1 downstream tasks scheduled from follow-on schedule check
