[2023-10-08T04:03:55.702+0000] {taskinstance.py:1159} INFO - Dependencies all met for dep_context=non-requeueable deps ti=<TaskInstance: Reddit_Post_Comment_Dag.extract_post_comment_task manual__2023-10-08T03:48:09.073695+00:00 [queued]>
[2023-10-08T04:03:55.715+0000] {taskinstance.py:1159} INFO - Dependencies all met for dep_context=requeueable deps ti=<TaskInstance: Reddit_Post_Comment_Dag.extract_post_comment_task manual__2023-10-08T03:48:09.073695+00:00 [queued]>
[2023-10-08T04:03:55.717+0000] {taskinstance.py:1361} INFO - Starting attempt 2 of 2
[2023-10-08T04:03:55.736+0000] {taskinstance.py:1382} INFO - Executing <Task(PythonOperator): extract_post_comment_task> on 2023-10-08 03:48:09.073695+00:00
[2023-10-08T04:03:55.747+0000] {standard_task_runner.py:57} INFO - Started process 558 to run task
[2023-10-08T04:03:55.753+0000] {standard_task_runner.py:84} INFO - Running: ['***', 'tasks', 'run', 'Reddit_Post_Comment_Dag', 'extract_post_comment_task', 'manual__2023-10-08T03:48:09.073695+00:00', '--job-id', '129', '--raw', '--subdir', 'DAGS_FOLDER/reddit_post_comment_dag.py', '--cfg-path', '/tmp/tmpov89o_f_']
[2023-10-08T04:03:55.760+0000] {standard_task_runner.py:85} INFO - Job 129: Subtask extract_post_comment_task
[2023-10-08T04:03:55.835+0000] {task_command.py:415} INFO - Running <TaskInstance: Reddit_Post_Comment_Dag.extract_post_comment_task manual__2023-10-08T03:48:09.073695+00:00 [running]> on host e23e2b6f1b74
[2023-10-08T04:03:56.227+0000] {taskinstance.py:1660} INFO - Exporting env vars: AIRFLOW_CTX_DAG_OWNER='***' AIRFLOW_CTX_DAG_ID='Reddit_Post_Comment_Dag' AIRFLOW_CTX_TASK_ID='extract_post_comment_task' AIRFLOW_CTX_EXECUTION_DATE='2023-10-08T03:48:09.073695+00:00' AIRFLOW_CTX_TRY_NUMBER='2' AIRFLOW_CTX_DAG_RUN_ID='manual__2023-10-08T03:48:09.073695+00:00'
[2023-10-08T04:03:57.735+0000] {logging_mixin.py:151} INFO - e394x3f
[2023-10-08T04:03:58.126+0000] {logging_mixin.py:151} INFO - e39bjg1
[2023-10-08T04:03:58.667+0000] {logging_mixin.py:151} INFO - e39djei
[2023-10-08T04:03:59.077+0000] {logging_mixin.py:151} INFO - e397yak
[2023-10-08T04:03:59.589+0000] {logging_mixin.py:151} INFO - e396cxa
[2023-10-08T04:04:00.101+0000] {logging_mixin.py:151} INFO - e39kgo8
[2023-10-08T04:04:00.617+0000] {logging_mixin.py:151} INFO - e39i2g6
[2023-10-08T04:04:01.048+0000] {logging_mixin.py:151} INFO - e3989ym
[2023-10-08T04:04:01.454+0000] {logging_mixin.py:151} INFO - e39e2rk
[2023-10-08T04:04:01.842+0000] {logging_mixin.py:151} INFO - e39rptt
[2023-10-08T04:04:02.296+0000] {logging_mixin.py:151} INFO - e3ajiqw
[2023-10-08T04:04:02.769+0000] {logging_mixin.py:151} INFO - e39k6pu
[2023-10-08T04:04:03.186+0000] {logging_mixin.py:151} INFO - e39j1vl
[2023-10-08T04:04:03.596+0000] {logging_mixin.py:151} INFO - e3b6kl7
[2023-10-08T04:04:04.000+0000] {logging_mixin.py:151} INFO - e39ki1k
[2023-10-08T04:04:04.508+0000] {logging_mixin.py:151} INFO - e39jpby
[2023-10-08T04:04:05.020+0000] {logging_mixin.py:151} INFO - e3b6u2p
[2023-10-08T04:04:05.429+0000] {logging_mixin.py:151} INFO - e39kl1g
[2023-10-08T04:04:05.834+0000] {logging_mixin.py:151} INFO - e39jr0y
[2023-10-08T04:04:06.257+0000] {logging_mixin.py:151} INFO - e39kuw2
[2023-10-08T04:04:06.669+0000] {logging_mixin.py:151} INFO - e39jtj9
[2023-10-08T04:04:07.050+0000] {logging_mixin.py:151} INFO - e39jutt
[2023-10-08T04:04:07.467+0000] {logging_mixin.py:151} INFO - e39jz0s
[2023-10-08T04:04:07.875+0000] {logging_mixin.py:151} INFO - e39k022
[2023-10-08T04:04:11.057+0000] {logging_mixin.py:151} INFO - hnvvbih
[2023-10-08T04:04:11.471+0000] {logging_mixin.py:151} INFO - hnvvjuf
[2023-10-08T04:04:11.890+0000] {logging_mixin.py:151} INFO - hnw48u2
[2023-10-08T04:04:12.286+0000] {logging_mixin.py:151} INFO - hnvx6bp
[2023-10-08T04:04:12.709+0000] {logging_mixin.py:151} INFO - hnvw6t4
[2023-10-08T04:04:13.120+0000] {logging_mixin.py:151} INFO - hnwxnva
[2023-10-08T04:04:13.631+0000] {logging_mixin.py:151} INFO - hnvzc7o
[2023-10-08T04:04:14.021+0000] {logging_mixin.py:151} INFO - hnvyc7v
[2023-10-08T04:04:14.453+0000] {logging_mixin.py:151} INFO - hnvy4r8
[2023-10-08T04:04:14.854+0000] {logging_mixin.py:151} INFO - hnw4d7x
[2023-10-08T04:04:15.240+0000] {logging_mixin.py:151} INFO - hnw9vv1
[2023-10-08T04:04:15.681+0000] {logging_mixin.py:151} INFO - hnvv9s5
[2023-10-08T04:04:16.192+0000] {logging_mixin.py:151} INFO - hnxghvp
[2023-10-08T04:04:16.689+0000] {logging_mixin.py:151} INFO - hnxi34b
[2023-10-08T04:04:17.153+0000] {logging_mixin.py:151} INFO - hnxicr4
[2023-10-08T04:04:17.551+0000] {logging_mixin.py:151} INFO - hnvxiuw
[2023-10-08T04:04:18.056+0000] {logging_mixin.py:151} INFO - hnw1wbn
[2023-10-08T04:04:18.531+0000] {logging_mixin.py:151} INFO - hnw7ec5
[2023-10-08T04:04:19.041+0000] {logging_mixin.py:151} INFO - hnw6l09
[2023-10-08T04:04:19.554+0000] {logging_mixin.py:151} INFO - hnvxhy4
[2023-10-08T04:04:20.575+0000] {logging_mixin.py:151} INFO - hnvv63f
[2023-10-08T04:04:21.089+0000] {logging_mixin.py:151} INFO - hnxgjjp
[2023-10-08T04:04:21.601+0000] {logging_mixin.py:151} INFO - hnw58k3
[2023-10-08T04:04:22.013+0000] {logging_mixin.py:151} INFO - hnwi8lp
[2023-10-08T04:04:22.420+0000] {logging_mixin.py:151} INFO - hnx5krf
[2023-10-08T04:04:22.819+0000] {logging_mixin.py:151} INFO - hnvvzo8
[2023-10-08T04:04:23.213+0000] {logging_mixin.py:151} INFO - hnvwv0e
[2023-10-08T04:04:23.627+0000] {logging_mixin.py:151} INFO - hnwdmej
[2023-10-08T04:04:24.062+0000] {logging_mixin.py:151} INFO - hnw87pm
[2023-10-08T04:04:24.459+0000] {logging_mixin.py:151} INFO - hnw8qvj
[2023-10-08T04:04:24.982+0000] {logging_mixin.py:151} INFO - hnvvmzx
[2023-10-08T04:04:25.378+0000] {logging_mixin.py:151} INFO - hnw5ky2
[2023-10-08T04:04:25.806+0000] {logging_mixin.py:151} INFO - hnvwi9n
[2023-10-08T04:04:26.316+0000] {logging_mixin.py:151} INFO - hnw08kn
[2023-10-08T04:04:26.829+0000] {logging_mixin.py:151} INFO - hnw0agd
[2023-10-08T04:04:27.245+0000] {logging_mixin.py:151} INFO - hnw1545
[2023-10-08T04:04:27.646+0000] {logging_mixin.py:151} INFO - hnwc11r
[2023-10-08T04:04:28.057+0000] {logging_mixin.py:151} INFO - hnxaa6o
[2023-10-08T04:04:28.571+0000] {logging_mixin.py:151} INFO - hnwogmg
[2023-10-08T04:04:28.952+0000] {logging_mixin.py:151} INFO - hnvw9zi
[2023-10-08T04:04:29.345+0000] {logging_mixin.py:151} INFO - hnvy09z
[2023-10-08T04:04:29.802+0000] {logging_mixin.py:151} INFO - hnxduir
[2023-10-08T04:04:30.311+0000] {logging_mixin.py:151} INFO - hnxetlx
[2023-10-08T04:04:31.456+0000] {logging_mixin.py:151} INFO - hnxfjjf
[2023-10-08T04:04:32.358+0000] {logging_mixin.py:151} INFO - hnvwg92
[2023-10-08T04:04:32.870+0000] {logging_mixin.py:151} INFO - hnvwxkd
[2023-10-08T04:04:33.389+0000] {logging_mixin.py:151} INFO - hnvzqj0
[2023-10-08T04:04:33.775+0000] {logging_mixin.py:151} INFO - hnx8tou
[2023-10-08T04:04:34.207+0000] {logging_mixin.py:151} INFO - hnx9xr2
[2023-10-08T04:04:34.721+0000] {logging_mixin.py:151} INFO - hnvz778
[2023-10-08T04:04:35.535+0000] {logging_mixin.py:151} INFO - hnvyry9
[2023-10-08T04:04:36.065+0000] {logging_mixin.py:151} INFO - hnvyuuw
[2023-10-08T04:04:36.564+0000] {logging_mixin.py:151} INFO - hnvz3zk
[2023-10-08T04:04:36.955+0000] {logging_mixin.py:151} INFO - hnvzdwm
[2023-10-08T04:04:37.346+0000] {logging_mixin.py:151} INFO - hnvzj2h
[2023-10-08T04:04:37.746+0000] {logging_mixin.py:151} INFO - hnvzz6z
[2023-10-08T04:04:38.137+0000] {logging_mixin.py:151} INFO - hnx3q0v
[2023-10-08T04:04:38.541+0000] {logging_mixin.py:151} INFO - hnx94t6
[2023-10-08T04:04:38.928+0000] {logging_mixin.py:151} INFO - hnxa03a
[2023-10-08T04:04:39.416+0000] {logging_mixin.py:151} INFO - hnw77n7
[2023-10-08T04:04:39.821+0000] {logging_mixin.py:151} INFO - hnxbstm
[2023-10-08T04:04:40.227+0000] {logging_mixin.py:151} INFO - hnxdx9w
[2023-10-08T04:04:40.615+0000] {logging_mixin.py:151} INFO - hnwy4tx
[2023-10-08T04:04:41.019+0000] {logging_mixin.py:151} INFO - hnw3zhg
[2023-10-08T04:04:41.423+0000] {logging_mixin.py:151} INFO - hnx9l1v
[2023-10-08T04:04:41.824+0000] {logging_mixin.py:151} INFO - hnxgp9l
[2023-10-08T04:04:42.221+0000] {logging_mixin.py:151} INFO - hnw8nbu
[2023-10-08T04:04:42.714+0000] {logging_mixin.py:151} INFO - hnwq9c3
[2023-10-08T04:04:43.110+0000] {logging_mixin.py:151} INFO - hnwiif5
[2023-10-08T04:04:43.525+0000] {logging_mixin.py:151} INFO - hnx1qa5
[2023-10-08T04:04:43.944+0000] {logging_mixin.py:151} INFO - hnwpqk1
[2023-10-08T04:04:44.359+0000] {logging_mixin.py:151} INFO - hnxa9ht
[2023-10-08T04:04:44.761+0000] {logging_mixin.py:151} INFO - hnwxgdh
[2023-10-08T04:04:45.137+0000] {logging_mixin.py:151} INFO - hnwogoh
[2023-10-08T04:04:46.096+0000] {logging_mixin.py:151} INFO - hnwqnon
[2023-10-08T04:04:46.499+0000] {logging_mixin.py:151} INFO - hnx2f6e
[2023-10-08T04:04:46.912+0000] {logging_mixin.py:151} INFO - hnxhxdu
[2023-10-08T04:04:47.335+0000] {logging_mixin.py:151} INFO - hnxel59
[2023-10-08T04:04:47.722+0000] {logging_mixin.py:151} INFO - hnx0zhl
[2023-10-08T04:04:48.131+0000] {logging_mixin.py:151} INFO - hnx7ggm
[2023-10-08T04:04:48.520+0000] {logging_mixin.py:151} INFO - hnxa4y4
[2023-10-08T04:04:48.929+0000] {logging_mixin.py:151} INFO - hnwxwl0
[2023-10-08T04:04:49.340+0000] {logging_mixin.py:151} INFO - hnx7i0c
[2023-10-08T04:04:49.863+0000] {logging_mixin.py:151} INFO - hnxfqnq
[2023-10-08T04:04:50.250+0000] {logging_mixin.py:151} INFO - hnxedgm
[2023-10-08T04:04:50.683+0000] {logging_mixin.py:151} INFO - hnwoagv
[2023-10-08T04:04:51.049+0000] {logging_mixin.py:151} INFO - hnwxnik
[2023-10-08T04:04:51.500+0000] {logging_mixin.py:151} INFO - hnvwe5u
[2023-10-08T04:04:52.078+0000] {logging_mixin.py:151} INFO - hnx1iv5
[2023-10-08T04:04:52.513+0000] {logging_mixin.py:151} INFO - hnxhhgs
[2023-10-08T04:04:53.042+0000] {logging_mixin.py:151} INFO - hnws1mn
[2023-10-08T04:04:53.451+0000] {logging_mixin.py:151} INFO - hnx8k0n
[2023-10-08T04:04:53.863+0000] {logging_mixin.py:151} INFO - hnx84hk
[2023-10-08T04:04:54.270+0000] {logging_mixin.py:151} INFO - hnxh0wz
[2023-10-08T04:04:54.654+0000] {logging_mixin.py:151} INFO - hnvzley
[2023-10-08T04:04:55.094+0000] {logging_mixin.py:151} INFO - hnxh5og
[2023-10-08T04:04:55.501+0000] {logging_mixin.py:151} INFO - hnx27oh
[2023-10-08T04:04:55.904+0000] {logging_mixin.py:151} INFO - hnxdot7
[2023-10-08T04:04:56.427+0000] {logging_mixin.py:151} INFO - hnxcv1s
[2023-10-08T04:04:56.960+0000] {logging_mixin.py:151} INFO - hnwnojb
[2023-10-08T04:04:57.462+0000] {logging_mixin.py:151} INFO - hnwzq5u
[2023-10-08T04:04:58.045+0000] {logging_mixin.py:151} INFO - hnwc9hw
[2023-10-08T04:04:58.462+0000] {logging_mixin.py:151} INFO - hnw7qup
[2023-10-08T04:04:58.985+0000] {logging_mixin.py:151} INFO - hnxdfyb
[2023-10-08T04:04:59.394+0000] {logging_mixin.py:151} INFO - hnxh55d
[2023-10-08T04:04:59.761+0000] {logging_mixin.py:151} INFO - hnw6294
[2023-10-08T04:05:00.133+0000] {logging_mixin.py:151} INFO - hnw7573
[2023-10-08T04:05:00.532+0000] {logging_mixin.py:151} INFO - hnw8c6a
[2023-10-08T04:05:01.033+0000] {logging_mixin.py:151} INFO - hnw9v4d
[2023-10-08T04:05:01.548+0000] {logging_mixin.py:151} INFO - hnwc3yj
[2023-10-08T04:05:01.943+0000] {logging_mixin.py:151} INFO - hnwefz6
[2023-10-08T04:05:02.369+0000] {logging_mixin.py:151} INFO - hnwfu4j
[2023-10-08T04:05:02.881+0000] {logging_mixin.py:151} INFO - hnwi4yt
[2023-10-08T04:05:03.390+0000] {logging_mixin.py:151} INFO - hnwmr2j
[2023-10-08T04:05:03.773+0000] {logging_mixin.py:151} INFO - hnwvgna
[2023-10-08T04:05:04.170+0000] {logging_mixin.py:151} INFO - hnwxrdr
[2023-10-08T04:05:04.547+0000] {logging_mixin.py:151} INFO - hnwy66o
[2023-10-08T04:05:04.925+0000] {logging_mixin.py:151} INFO - hnwydui
[2023-10-08T04:05:05.309+0000] {logging_mixin.py:151} INFO - hnxble3
[2023-10-08T04:05:05.692+0000] {logging_mixin.py:151} INFO - hnxehhp
[2023-10-08T04:05:06.090+0000] {logging_mixin.py:151} INFO - hnvwojh
[2023-10-08T04:05:06.501+0000] {logging_mixin.py:151} INFO - hnvwjk7
[2023-10-08T04:05:06.981+0000] {logging_mixin.py:151} INFO - hnwl8vf
[2023-10-08T04:05:07.375+0000] {logging_mixin.py:151} INFO - hnwpumq
[2023-10-08T04:05:07.765+0000] {logging_mixin.py:151} INFO - hnxejer
[2023-10-08T04:05:08.155+0000] {logging_mixin.py:151} INFO - hnwug49
[2023-10-08T04:05:08.546+0000] {logging_mixin.py:151} INFO - hnx5850
[2023-10-08T04:05:09.027+0000] {logging_mixin.py:151} INFO - hnwmudd
[2023-10-08T04:05:09.437+0000] {logging_mixin.py:151} INFO - hnwelgz
[2023-10-08T04:05:09.864+0000] {logging_mixin.py:151} INFO - hnxf7dn
[2023-10-08T04:05:10.358+0000] {logging_mixin.py:151} INFO - hnwfh5d
[2023-10-08T04:05:10.752+0000] {logging_mixin.py:151} INFO - hnxfbiz
[2023-10-08T04:05:11.177+0000] {logging_mixin.py:151} INFO - hnwxrd9
[2023-10-08T04:05:11.591+0000] {logging_mixin.py:151} INFO - hnw8wzx
[2023-10-08T04:05:12.014+0000] {logging_mixin.py:151} INFO - hnwu6dl
[2023-10-08T04:05:12.424+0000] {logging_mixin.py:151} INFO - hnw6ilc
[2023-10-08T04:05:12.924+0000] {logging_mixin.py:151} INFO - hnwpic6
[2023-10-08T04:05:13.329+0000] {logging_mixin.py:151} INFO - hnx6euj
[2023-10-08T04:05:13.740+0000] {logging_mixin.py:151} INFO - hnw2maj
[2023-10-08T04:05:14.257+0000] {logging_mixin.py:151} INFO - hnwgnuw
[2023-10-08T04:05:14.671+0000] {logging_mixin.py:151} INFO - hnwlap4
[2023-10-08T04:05:15.076+0000] {logging_mixin.py:151} INFO - hnvy5k1
[2023-10-08T04:05:15.590+0000] {logging_mixin.py:151} INFO - hnwpf3w
[2023-10-08T04:05:17.019+0000] {logging_mixin.py:151} INFO - hnwayqm
[2023-10-08T04:05:17.431+0000] {logging_mixin.py:151} INFO - hnwzdob
[2023-10-08T04:05:17.800+0000] {logging_mixin.py:151} INFO - hnwalqh
[2023-10-08T04:05:18.235+0000] {logging_mixin.py:151} INFO - hnwovqr
[2023-10-08T04:05:18.624+0000] {logging_mixin.py:151} INFO - hnwcuct
[2023-10-08T04:05:19.020+0000] {logging_mixin.py:151} INFO - hnwrmwq
[2023-10-08T04:05:19.872+0000] {logging_mixin.py:151} INFO - hnwq8r2
[2023-10-08T04:05:20.381+0000] {logging_mixin.py:151} INFO - hnxapd3
[2023-10-08T04:05:20.939+0000] {logging_mixin.py:151} INFO - hnxd4nr
[2023-10-08T04:05:21.486+0000] {logging_mixin.py:151} INFO - hnxefac
[2023-10-08T04:05:21.885+0000] {logging_mixin.py:151} INFO - hnx26fz
[2023-10-08T04:05:22.277+0000] {logging_mixin.py:151} INFO - hnx2pgh
[2023-10-08T04:05:22.742+0000] {logging_mixin.py:151} INFO - hnwyzzx
[2023-10-08T04:05:23.250+0000] {logging_mixin.py:151} INFO - hnxgg3c
[2023-10-08T04:05:23.661+0000] {logging_mixin.py:151} INFO - hnxb4n6
[2023-10-08T04:05:24.196+0000] {logging_mixin.py:151} INFO - hnxb8xz
[2023-10-08T04:05:24.593+0000] {logging_mixin.py:151} INFO - hnvwqhp
[2023-10-08T04:05:24.984+0000] {logging_mixin.py:151} INFO - hnvwzhg
[2023-10-08T04:05:25.403+0000] {logging_mixin.py:151} INFO - hnvzpxq
[2023-10-08T04:05:25.796+0000] {logging_mixin.py:151} INFO - hnw5tdz
[2023-10-08T04:05:26.210+0000] {logging_mixin.py:151} INFO - hnwxttf
[2023-10-08T04:05:26.639+0000] {logging_mixin.py:151} INFO - hnw26gh
[2023-10-08T04:05:27.108+0000] {logging_mixin.py:151} INFO - hnw1m9b
[2023-10-08T04:05:27.554+0000] {logging_mixin.py:151} INFO - hnw49ll
[2023-10-08T04:05:28.068+0000] {logging_mixin.py:151} INFO - hnx2gm4
[2023-10-08T04:05:28.579+0000] {logging_mixin.py:151} INFO - hnxed4a
[2023-10-08T04:05:28.997+0000] {logging_mixin.py:151} INFO - hnxecv7
[2023-10-08T04:05:29.503+0000] {logging_mixin.py:151} INFO - hnwz8au
[2023-10-08T04:05:30.015+0000] {logging_mixin.py:151} INFO - hnwx4mn
[2023-10-08T04:05:30.532+0000] {logging_mixin.py:151} INFO - hnxbq3e
[2023-10-08T04:05:30.939+0000] {logging_mixin.py:151} INFO - hnxcxwk
[2023-10-08T04:05:31.349+0000] {logging_mixin.py:151} INFO - hnxd7uz
[2023-10-08T04:05:31.731+0000] {logging_mixin.py:151} INFO - hnvzpza
[2023-10-08T04:05:32.124+0000] {logging_mixin.py:151} INFO - hnx21lt
[2023-10-08T04:05:32.504+0000] {logging_mixin.py:151} INFO - hnw8ol2
[2023-10-08T04:05:32.881+0000] {logging_mixin.py:151} INFO - hnwshso
[2023-10-08T04:05:33.331+0000] {logging_mixin.py:151} INFO - hnxdi9l
[2023-10-08T04:05:33.741+0000] {logging_mixin.py:151} INFO - hnxi719
[2023-10-08T04:05:34.167+0000] {logging_mixin.py:151} INFO - hnx6oy1
[2023-10-08T04:05:34.623+0000] {logging_mixin.py:151} INFO - hnxfh7x
[2023-10-08T04:05:35.058+0000] {logging_mixin.py:151} INFO - hnwy2hi
[2023-10-08T04:05:35.547+0000] {logging_mixin.py:151} INFO - hnx6pmk
[2023-10-08T04:05:36.058+0000] {logging_mixin.py:151} INFO - hnwv80o
[2023-10-08T04:05:36.468+0000] {logging_mixin.py:151} INFO - hnx9ie1
[2023-10-08T04:05:36.862+0000] {logging_mixin.py:151} INFO - hnwn7wb
[2023-10-08T04:05:37.288+0000] {logging_mixin.py:151} INFO - hnx1iw8
[2023-10-08T04:05:37.696+0000] {logging_mixin.py:151} INFO - hnwprje
[2023-10-08T04:05:38.116+0000] {logging_mixin.py:151} INFO - hnwnq6u
[2023-10-08T04:05:38.547+0000] {logging_mixin.py:151} INFO - hnwtfw3
[2023-10-08T04:05:38.943+0000] {logging_mixin.py:151} INFO - hnwqeh4
[2023-10-08T04:05:39.438+0000] {logging_mixin.py:151} INFO - hnwraq0
[2023-10-08T04:05:39.823+0000] {logging_mixin.py:151} INFO - hnxgkfb
[2023-10-08T04:05:40.214+0000] {logging_mixin.py:151} INFO - hnwtibd
[2023-10-08T04:05:40.588+0000] {logging_mixin.py:151} INFO - hnxbnmu
[2023-10-08T04:05:40.980+0000] {logging_mixin.py:151} INFO - hnx1das
[2023-10-08T04:05:41.371+0000] {logging_mixin.py:151} INFO - hnxe4u3
[2023-10-08T04:05:41.789+0000] {logging_mixin.py:151} INFO - hnwo6tc
[2023-10-08T04:05:42.181+0000] {logging_mixin.py:151} INFO - hnxf0nb
[2023-10-08T04:05:42.619+0000] {logging_mixin.py:151} INFO - hnxh6z7
[2023-10-08T04:05:43.031+0000] {logging_mixin.py:151} INFO - hnwh9dg
[2023-10-08T04:05:43.850+0000] {logging_mixin.py:151} INFO - hnwfl6p
[2023-10-08T04:05:44.269+0000] {logging_mixin.py:151} INFO - hnwjdvj
[2023-10-08T04:05:44.669+0000] {logging_mixin.py:151} INFO - hnwb2r9
[2023-10-08T04:05:45.074+0000] {logging_mixin.py:151} INFO - hnwqy0r
[2023-10-08T04:05:45.497+0000] {logging_mixin.py:151} INFO - hnvyh4h
[2023-10-08T04:05:45.899+0000] {logging_mixin.py:151} INFO - hnvzuk0
[2023-10-08T04:05:46.322+0000] {logging_mixin.py:151} INFO - hnwkcbp
[2023-10-08T04:05:46.822+0000] {logging_mixin.py:151} INFO - hnwbhmr
[2023-10-08T04:05:47.232+0000] {logging_mixin.py:151} INFO - hnwcqwj
[2023-10-08T04:05:47.623+0000] {logging_mixin.py:151} INFO - hnwcyr6
[2023-10-08T04:05:47.995+0000] {logging_mixin.py:151} INFO - hnwqy8d
[2023-10-08T04:05:48.438+0000] {logging_mixin.py:151} INFO - hnx9pfe
[2023-10-08T04:05:48.827+0000] {logging_mixin.py:151} INFO - hnxgao1
[2023-10-08T04:05:49.258+0000] {logging_mixin.py:151} INFO - hnx3m9h
[2023-10-08T04:05:49.656+0000] {logging_mixin.py:151} INFO - hnx38fg
[2023-10-08T04:05:50.058+0000] {logging_mixin.py:151} INFO - hnwdfle
[2023-10-08T04:05:50.440+0000] {logging_mixin.py:151} INFO - hnw70ym
[2023-10-08T04:05:50.896+0000] {logging_mixin.py:151} INFO - hnx8oer
[2023-10-08T04:05:51.408+0000] {logging_mixin.py:151} INFO - hnw1td9
[2023-10-08T04:05:51.925+0000] {logging_mixin.py:151} INFO - hnxeji7
[2023-10-08T04:05:52.316+0000] {logging_mixin.py:151} INFO - hnw1lk4
[2023-10-08T04:05:52.733+0000] {logging_mixin.py:151} INFO - hnx2mt9
[2023-10-08T04:05:53.253+0000] {logging_mixin.py:151} INFO - hnwb7ps
[2023-10-08T04:05:53.668+0000] {logging_mixin.py:151} INFO - hnx8vsu
[2023-10-08T04:05:54.175+0000] {logging_mixin.py:151} INFO - hnxi0in
[2023-10-08T04:05:54.593+0000] {logging_mixin.py:151} INFO - hnwsyyv
[2023-10-08T04:05:54.995+0000] {logging_mixin.py:151} INFO - hnwy8ng
[2023-10-08T04:05:55.409+0000] {logging_mixin.py:151} INFO - hnwq4rt
[2023-10-08T04:05:55.812+0000] {logging_mixin.py:151} INFO - hnx0y2v
[2023-10-08T04:05:56.227+0000] {logging_mixin.py:151} INFO - hnxdrqp
[2023-10-08T04:05:56.740+0000] {logging_mixin.py:151} INFO - hnwvc50
[2023-10-08T04:05:57.127+0000] {logging_mixin.py:151} INFO - hnx84i4
[2023-10-08T04:05:57.559+0000] {logging_mixin.py:151} INFO - hnwvbte
[2023-10-08T04:05:58.072+0000] {logging_mixin.py:151} INFO - hnxa1hp
[2023-10-08T04:05:58.584+0000] {logging_mixin.py:151} INFO - hnwzkpd
[2023-10-08T04:05:59.097+0000] {logging_mixin.py:151} INFO - hnxant7
[2023-10-08T04:06:00.226+0000] {logging_mixin.py:151} INFO - hnx2ffu
[2023-10-08T04:06:00.733+0000] {logging_mixin.py:151} INFO - hnxbqfl
[2023-10-08T04:06:01.249+0000] {logging_mixin.py:151} INFO - hnx3bmc
[2023-10-08T04:06:01.723+0000] {logging_mixin.py:151} INFO - hnxarxj
[2023-10-08T04:06:02.122+0000] {logging_mixin.py:151} INFO - hnworv9
[2023-10-08T04:06:02.582+0000] {logging_mixin.py:151} INFO - hnwhax6
[2023-10-08T04:06:03.093+0000] {logging_mixin.py:151} INFO - hnwrbxi
[2023-10-08T04:06:03.605+0000] {logging_mixin.py:151} INFO - hnw0hfm
[2023-10-08T04:06:04.119+0000] {logging_mixin.py:151} INFO - hnwgrth
[2023-10-08T04:06:04.634+0000] {logging_mixin.py:151} INFO - hnwitte
[2023-10-08T04:06:05.050+0000] {logging_mixin.py:151} INFO - hnxeqv9
[2023-10-08T04:06:05.460+0000] {logging_mixin.py:151} INFO - hnwdyz9
[2023-10-08T04:06:05.868+0000] {logging_mixin.py:151} INFO - hnxbd9j
[2023-10-08T04:06:06.265+0000] {logging_mixin.py:151} INFO - hnxbf54
[2023-10-08T04:06:06.663+0000] {logging_mixin.py:151} INFO - hnx46cn
[2023-10-08T04:06:07.054+0000] {logging_mixin.py:151} INFO - hnw3002
[2023-10-08T04:06:07.931+0000] {logging_mixin.py:151} INFO - hnw5cte
[2023-10-08T04:06:08.319+0000] {logging_mixin.py:151} INFO - hnw27hh
[2023-10-08T04:06:08.709+0000] {logging_mixin.py:151} INFO - hnwei7d
[2023-10-08T04:06:09.088+0000] {logging_mixin.py:151} INFO - hnw9amc
[2023-10-08T04:06:09.488+0000] {logging_mixin.py:151} INFO - hnwxmzw
[2023-10-08T04:06:09.878+0000] {logging_mixin.py:151} INFO - hnx3u0r
[2023-10-08T04:06:10.248+0000] {logging_mixin.py:151} INFO - hnx459b
[2023-10-08T04:06:10.627+0000] {logging_mixin.py:151} INFO - hnwe9wm
[2023-10-08T04:06:11.084+0000] {logging_mixin.py:151} INFO - hnwcku8
[2023-10-08T04:06:11.600+0000] {logging_mixin.py:151} INFO - hnx8zvm
[2023-10-08T04:06:12.114+0000] {logging_mixin.py:151} INFO - hnwvxqm
[2023-10-08T04:06:12.501+0000] {logging_mixin.py:151} INFO - hnwyvrb
[2023-10-08T04:06:13.034+0000] {logging_mixin.py:151} INFO - hnwxxmo
[2023-10-08T04:06:13.440+0000] {logging_mixin.py:151} INFO - hnwqvsc
[2023-10-08T04:06:13.957+0000] {logging_mixin.py:151} INFO - hnwvf43
[2023-10-08T04:06:14.469+0000] {logging_mixin.py:151} INFO - hnwvuc4
[2023-10-08T04:06:14.982+0000] {logging_mixin.py:151} INFO - hnx4ntm
[2023-10-08T04:06:15.490+0000] {logging_mixin.py:151} INFO - hnxe2rm
[2023-10-08T04:06:15.858+0000] {logging_mixin.py:151} INFO - hnwprwz
[2023-10-08T04:06:16.313+0000] {logging_mixin.py:151} INFO - hnwkpb9
[2023-10-08T04:06:16.826+0000] {logging_mixin.py:151} INFO - hnwq4pn
[2023-10-08T04:06:17.344+0000] {logging_mixin.py:151} INFO - hnxg2s1
[2023-10-08T04:06:17.826+0000] {logging_mixin.py:151} INFO - hnw0nyu
[2023-10-08T04:06:18.340+0000] {logging_mixin.py:151} INFO - hnwu5sj
[2023-10-08T04:06:18.852+0000] {logging_mixin.py:151} INFO - hnwp48r
[2023-10-08T04:06:19.367+0000] {logging_mixin.py:151} INFO - hnwl2du
[2023-10-08T04:06:19.864+0000] {logging_mixin.py:151} INFO - hnxbufh
[2023-10-08T04:06:20.390+0000] {logging_mixin.py:151} INFO - hnx4ezf
[2023-10-08T04:06:20.799+0000] {logging_mixin.py:151} INFO - hnw7x5c
[2023-10-08T04:06:21.312+0000] {logging_mixin.py:151} INFO - hnx4jjm
[2023-10-08T04:06:21.827+0000] {logging_mixin.py:151} INFO - hnwgwna
[2023-10-08T04:06:22.359+0000] {logging_mixin.py:151} INFO - hnwed8u
[2023-10-08T04:06:22.847+0000] {logging_mixin.py:151} INFO - hnxhewl
[2023-10-08T04:06:23.360+0000] {logging_mixin.py:151} INFO - hnwem22
[2023-10-08T04:06:23.874+0000] {logging_mixin.py:151} INFO - hnwe5u6
[2023-10-08T04:06:24.386+0000] {logging_mixin.py:151} INFO - hnxfz0z
[2023-10-08T04:06:24.764+0000] {logging_mixin.py:151} INFO - hnx676s
[2023-10-08T04:06:25.274+0000] {logging_mixin.py:151} INFO - hnx2knl
[2023-10-08T04:06:25.660+0000] {logging_mixin.py:151} INFO - hnx1ptl
[2023-10-08T04:06:26.061+0000] {logging_mixin.py:151} INFO - hnx1283
[2023-10-08T04:06:26.446+0000] {logging_mixin.py:151} INFO - hnxi1hq
[2023-10-08T04:06:26.833+0000] {logging_mixin.py:151} INFO - hnwz5hn
[2023-10-08T04:06:27.237+0000] {logging_mixin.py:151} INFO - hnwt8jl
[2023-10-08T04:06:27.631+0000] {logging_mixin.py:151} INFO - hnwxqim
[2023-10-08T04:06:28.166+0000] {logging_mixin.py:151} INFO - hnwq4z5
[2023-10-08T04:06:28.607+0000] {logging_mixin.py:151} INFO - hnwxx0x
[2023-10-08T04:06:29.100+0000] {logging_mixin.py:151} INFO - hnwl0ec
[2023-10-08T04:06:29.613+0000] {logging_mixin.py:151} INFO - hnwokxo
[2023-10-08T04:06:30.043+0000] {logging_mixin.py:151} INFO - hnw2vod
[2023-10-08T04:06:30.533+0000] {logging_mixin.py:151} INFO - hnw1bi9
[2023-10-08T04:06:31.049+0000] {logging_mixin.py:151} INFO - hnwxwue
[2023-10-08T04:06:31.563+0000] {logging_mixin.py:151} INFO - hnwrdjm
[2023-10-08T04:06:31.970+0000] {logging_mixin.py:151} INFO - hnxctz4
[2023-10-08T04:06:32.378+0000] {logging_mixin.py:151} INFO - hnx65a8
[2023-10-08T04:06:32.782+0000] {logging_mixin.py:151} INFO - hnx62po
[2023-10-08T04:06:33.301+0000] {logging_mixin.py:151} INFO - hnx91c1
[2023-10-08T04:06:33.814+0000] {logging_mixin.py:151} INFO - hnwh97u
[2023-10-08T04:06:34.326+0000] {logging_mixin.py:151} INFO - hnxhirs
[2023-10-08T04:06:34.836+0000] {logging_mixin.py:151} INFO - hnx83tf
[2023-10-08T04:06:35.251+0000] {logging_mixin.py:151} INFO - hnx8fqy
[2023-10-08T04:06:35.762+0000] {logging_mixin.py:151} INFO - hnxb6xv
[2023-10-08T04:06:36.276+0000] {logging_mixin.py:151} INFO - hnxa1gl
[2023-10-08T04:06:36.785+0000] {logging_mixin.py:151} INFO - hnxaa64
[2023-10-08T04:06:37.299+0000] {logging_mixin.py:151} INFO - hnx4lex
[2023-10-08T04:06:37.691+0000] {logging_mixin.py:151} INFO - hnx7mzy
[2023-10-08T04:06:38.086+0000] {logging_mixin.py:151} INFO - hnx6gxc
[2023-10-08T04:06:38.488+0000] {logging_mixin.py:151} INFO - hnwoxhg
[2023-10-08T04:06:38.888+0000] {logging_mixin.py:151} INFO - hnw1ho7
[2023-10-08T04:06:39.349+0000] {logging_mixin.py:151} INFO - hnxd6gq
[2023-10-08T04:06:39.751+0000] {logging_mixin.py:151} INFO - hnxhyfw
[2023-10-08T04:06:40.144+0000] {logging_mixin.py:151} INFO - hnx8auj
[2023-10-08T04:06:40.538+0000] {logging_mixin.py:151} INFO - hnx95ar
[2023-10-08T04:06:40.954+0000] {logging_mixin.py:151} INFO - hnxadxb
[2023-10-08T04:06:41.339+0000] {logging_mixin.py:151} INFO - hnxarhx
[2023-10-08T04:06:41.729+0000] {logging_mixin.py:151} INFO - hnx5mja
[2023-10-08T04:06:42.116+0000] {logging_mixin.py:151} INFO - hnx71xj
[2023-10-08T04:06:42.505+0000] {logging_mixin.py:151} INFO - hnw2lbl
[2023-10-08T04:06:42.900+0000] {logging_mixin.py:151} INFO - hnw2cds
[2023-10-08T04:06:43.363+0000] {logging_mixin.py:151} INFO - hnwc1no
[2023-10-08T04:06:43.831+0000] {logging_mixin.py:151} INFO - hnx8ic3
[2023-10-08T04:06:44.307+0000] {logging_mixin.py:151} INFO - hnxa48c
[2023-10-08T04:06:44.728+0000] {logging_mixin.py:151} INFO - hnxbgw0
[2023-10-08T04:06:45.113+0000] {logging_mixin.py:151} INFO - hnx9fap
[2023-10-08T04:06:45.518+0000] {logging_mixin.py:151} INFO - hnxaqb1
[2023-10-08T04:06:45.974+0000] {logging_mixin.py:151} INFO - hnxa9yh
[2023-10-08T04:06:46.378+0000] {logging_mixin.py:151} INFO - hnxaby6
[2023-10-08T04:06:46.777+0000] {logging_mixin.py:151} INFO - hnxasvj
[2023-10-08T04:06:47.163+0000] {logging_mixin.py:151} INFO - hnxbaek
[2023-10-08T04:06:47.547+0000] {logging_mixin.py:151} INFO - hnxd9a6
[2023-10-08T04:06:47.926+0000] {logging_mixin.py:151} INFO - hnx8yxf
[2023-10-08T04:06:48.316+0000] {logging_mixin.py:151} INFO - hnxba6k
[2023-10-08T04:06:48.756+0000] {logging_mixin.py:151} INFO - hnxbokm
[2023-10-08T04:06:49.156+0000] {logging_mixin.py:151} INFO - hnx9ijf
[2023-10-08T04:06:49.676+0000] {logging_mixin.py:151} INFO - hnxamvt
[2023-10-08T04:06:50.393+0000] {logging_mixin.py:151} INFO - hnxagol
[2023-10-08T04:06:50.790+0000] {logging_mixin.py:151} INFO - hnxbk52
[2023-10-08T04:06:54.307+0000] {logging_mixin.py:151} INFO - h9uuc0d
[2023-10-08T04:06:54.693+0000] {logging_mixin.py:151} INFO - h9uvn3h
[2023-10-08T04:06:55.208+0000] {logging_mixin.py:151} INFO - h9uxgkm
[2023-10-08T04:06:55.619+0000] {logging_mixin.py:151} INFO - h9uuhww
[2023-10-08T04:06:56.137+0000] {logging_mixin.py:151} INFO - h9ux7i6
[2023-10-08T04:06:56.645+0000] {logging_mixin.py:151} INFO - h9vmdpy
[2023-10-08T04:06:57.157+0000] {logging_mixin.py:151} INFO - h9uw250
[2023-10-08T04:06:57.568+0000] {logging_mixin.py:151} INFO - h9uu4mc
[2023-10-08T04:06:57.959+0000] {logging_mixin.py:151} INFO - h9v4oyt
[2023-10-08T04:06:58.386+0000] {logging_mixin.py:151} INFO - h9unwro
[2023-10-08T04:06:58.899+0000] {logging_mixin.py:151} INFO - h9usslo
[2023-10-08T04:06:59.314+0000] {logging_mixin.py:151} INFO - h9un0ty
[2023-10-08T04:06:59.687+0000] {logging_mixin.py:151} INFO - h9ut8x3
[2023-10-08T04:07:00.131+0000] {logging_mixin.py:151} INFO - h9v5381
[2023-10-08T04:07:00.534+0000] {logging_mixin.py:151} INFO - h9ve7nh
[2023-10-08T04:07:00.950+0000] {logging_mixin.py:151} INFO - h9v0i41
[2023-10-08T04:07:01.457+0000] {logging_mixin.py:151} INFO - h9vjqfo
[2023-10-08T04:07:01.872+0000] {logging_mixin.py:151} INFO - h9umaqn
[2023-10-08T04:07:02.381+0000] {logging_mixin.py:151} INFO - h9v3y6v
[2023-10-08T04:07:02.899+0000] {logging_mixin.py:151} INFO - h9v79t9
[2023-10-08T04:07:03.406+0000] {logging_mixin.py:151} INFO - h9vb8kt
[2023-10-08T04:07:03.794+0000] {logging_mixin.py:151} INFO - h9uql7f
[2023-10-08T04:07:04.229+0000] {logging_mixin.py:151} INFO - h9v1ogt
[2023-10-08T04:07:04.735+0000] {logging_mixin.py:151} INFO - h9uzs7i
[2023-10-08T04:07:05.253+0000] {logging_mixin.py:151} INFO - h9uwry3
[2023-10-08T04:07:05.767+0000] {logging_mixin.py:151} INFO - h9vjx4i
[2023-10-08T04:07:06.281+0000] {logging_mixin.py:151} INFO - h9v3cnm
[2023-10-08T04:07:06.790+0000] {logging_mixin.py:151} INFO - h9vcexm
[2023-10-08T04:07:07.189+0000] {logging_mixin.py:151} INFO - h9vdyzi
[2023-10-08T04:07:07.585+0000] {logging_mixin.py:151} INFO - h9vl1tx
[2023-10-08T04:07:07.986+0000] {logging_mixin.py:151} INFO - h9uwue6
[2023-10-08T04:07:08.366+0000] {logging_mixin.py:151} INFO - h9v97xu
[2023-10-08T04:07:08.760+0000] {logging_mixin.py:151} INFO - h9vgpzv
[2023-10-08T04:07:09.157+0000] {logging_mixin.py:151} INFO - h9vkeka
[2023-10-08T04:07:09.529+0000] {logging_mixin.py:151} INFO - h9v8c5j
[2023-10-08T04:07:09.905+0000] {logging_mixin.py:151} INFO - h9utgbu
[2023-10-08T04:07:10.376+0000] {logging_mixin.py:151} INFO - h9vkpsj
[2023-10-08T04:07:10.773+0000] {logging_mixin.py:151} INFO - h9vo0ut
[2023-10-08T04:07:11.194+0000] {logging_mixin.py:151} INFO - h9v2xpx
[2023-10-08T04:07:11.606+0000] {logging_mixin.py:151} INFO - h9vkzeg
[2023-10-08T04:07:12.019+0000] {logging_mixin.py:151} INFO - h9urygn
[2023-10-08T04:07:12.392+0000] {logging_mixin.py:151} INFO - h9vevh7
[2023-10-08T04:07:12.845+0000] {logging_mixin.py:151} INFO - h9vjmqx
[2023-10-08T04:07:13.348+0000] {logging_mixin.py:151} INFO - h9v29o6
[2023-10-08T04:07:13.858+0000] {logging_mixin.py:151} INFO - h9vhhav
[2023-10-08T04:07:14.269+0000] {logging_mixin.py:151} INFO - h9v8vc9
[2023-10-08T04:07:14.679+0000] {logging_mixin.py:151} INFO - h9v5r05
[2023-10-08T04:07:15.090+0000] {logging_mixin.py:151} INFO - h9va8u8
[2023-10-08T04:07:15.484+0000] {logging_mixin.py:151} INFO - h9vo7v9
[2023-10-08T04:07:15.874+0000] {logging_mixin.py:151} INFO - h9vfwud
[2023-10-08T04:07:16.318+0000] {logging_mixin.py:151} INFO - h9vk5ef
[2023-10-08T04:07:16.831+0000] {logging_mixin.py:151} INFO - h9viuxt
[2023-10-08T04:07:17.243+0000] {logging_mixin.py:151} INFO - h9vmi11
[2023-10-08T04:07:17.736+0000] {logging_mixin.py:151} INFO - h9v049s
[2023-10-08T04:07:18.254+0000] {logging_mixin.py:151} INFO - h9v2uca
[2023-10-08T04:07:18.759+0000] {logging_mixin.py:151} INFO - h9v59lw
[2023-10-08T04:07:19.274+0000] {logging_mixin.py:151} INFO - h9vfa1t
[2023-10-08T04:07:19.781+0000] {logging_mixin.py:151} INFO - h9vjk58
[2023-10-08T04:07:20.293+0000] {logging_mixin.py:151} INFO - h9vpe9v
[2023-10-08T04:07:20.809+0000] {logging_mixin.py:151} INFO - h9uul4g
[2023-10-08T04:07:21.318+0000] {logging_mixin.py:151} INFO - h9vk18g
[2023-10-08T04:07:21.731+0000] {logging_mixin.py:151} INFO - h9vnhb7
[2023-10-08T04:07:22.120+0000] {logging_mixin.py:151} INFO - h9vk0mb
[2023-10-08T04:07:22.549+0000] {logging_mixin.py:151} INFO - h9vcjls
[2023-10-08T04:07:22.961+0000] {logging_mixin.py:151} INFO - h9vhl0j
[2023-10-08T04:07:23.344+0000] {logging_mixin.py:151} INFO - h9vb8lw
[2023-10-08T04:07:24.804+0000] {logging_mixin.py:151} INFO - h9vbn8m
[2023-10-08T04:07:25.199+0000] {logging_mixin.py:151} INFO - h9vbwib
[2023-10-08T04:07:26.610+0000] {logging_mixin.py:151} INFO - h9vgewp
[2023-10-08T04:07:27.003+0000] {logging_mixin.py:151} INFO - h9vix9i
[2023-10-08T04:07:29.264+0000] {logging_mixin.py:151} INFO - h9vb8lc
[2023-10-08T04:07:30.144+0000] {logging_mixin.py:151} INFO - h9vopht
[2023-10-08T04:07:30.563+0000] {logging_mixin.py:151} INFO - h9vgwx2
[2023-10-08T04:07:30.961+0000] {logging_mixin.py:151} INFO - h9v0r70
[2023-10-08T04:07:32.344+0000] {logging_mixin.py:151} INFO - h9vone5
[2023-10-08T04:07:33.823+0000] {logging_mixin.py:151} INFO - h9vcdau
[2023-10-08T04:07:34.234+0000] {logging_mixin.py:151} INFO - h9vpraj
[2023-10-08T04:07:35.731+0000] {logging_mixin.py:151} INFO - h9vbk48
[2023-10-08T04:07:36.277+0000] {logging_mixin.py:151} INFO - h9vgqkk
[2023-10-08T04:07:37.680+0000] {logging_mixin.py:151} INFO - h9vhww6
[2023-10-08T04:07:38.077+0000] {logging_mixin.py:151} INFO - h9vb9jh
[2023-10-08T04:07:39.567+0000] {logging_mixin.py:151} INFO - h9vbk92
[2023-10-08T04:07:39.962+0000] {logging_mixin.py:151} INFO - h9vdlrl
[2023-10-08T04:07:41.345+0000] {logging_mixin.py:151} INFO - h9vedxt
[2023-10-08T04:07:42.843+0000] {logging_mixin.py:151} INFO - h9vaz90
[2023-10-08T04:07:43.250+0000] {logging_mixin.py:151} INFO - h9vnzio
[2023-10-08T04:07:44.740+0000] {logging_mixin.py:151} INFO - h9vnctv
[2023-10-08T04:07:45.200+0000] {logging_mixin.py:151} INFO - h9vakf3
[2023-10-08T04:07:46.733+0000] {logging_mixin.py:151} INFO - h9vhfwz
[2023-10-08T04:07:47.247+0000] {logging_mixin.py:151} INFO - h9vj6rc
[2023-10-08T04:07:48.605+0000] {logging_mixin.py:151} INFO - h9v42o2
[2023-10-08T04:07:49.004+0000] {logging_mixin.py:151} INFO - h9vl9y3
[2023-10-08T04:07:50.390+0000] {logging_mixin.py:151} INFO - h9vansy
[2023-10-08T04:07:50.781+0000] {logging_mixin.py:151} INFO - h9vhz3k
[2023-10-08T04:07:52.162+0000] {logging_mixin.py:151} INFO - h9vkxnq
[2023-10-08T04:07:53.681+0000] {logging_mixin.py:151} INFO - h9vgr2d
[2023-10-08T04:07:54.095+0000] {logging_mixin.py:151} INFO - h9vghn5
[2023-10-08T04:07:55.510+0000] {logging_mixin.py:151} INFO - h9vboke
[2023-10-08T04:07:55.926+0000] {logging_mixin.py:151} INFO - h9visy9
[2023-10-08T04:07:57.369+0000] {logging_mixin.py:151} INFO - h9vbpw8
[2023-10-08T04:07:58.775+0000] {logging_mixin.py:151} INFO - h9v1duh
[2023-10-08T04:07:59.182+0000] {logging_mixin.py:151} INFO - h9upeli
[2023-10-08T04:08:00.648+0000] {logging_mixin.py:151} INFO - h9v7wuz
[2023-10-08T04:08:01.105+0000] {logging_mixin.py:151} INFO - h9vb7mp
[2023-10-08T04:08:02.600+0000] {logging_mixin.py:151} INFO - h9uu0tn
[2023-10-08T04:08:02.992+0000] {logging_mixin.py:151} INFO - h9v8cg8
[2023-10-08T04:08:04.438+0000] {logging_mixin.py:151} INFO - h9uocy1
[2023-10-08T04:08:04.955+0000] {logging_mixin.py:151} INFO - h9urff0
[2023-10-08T04:08:06.365+0000] {logging_mixin.py:151} INFO - h9vka5x
[2023-10-08T04:08:07.784+0000] {logging_mixin.py:151} INFO - h9vocxi
[2023-10-08T04:08:08.186+0000] {logging_mixin.py:151} INFO - h9uwnml
[2023-10-08T04:08:09.573+0000] {logging_mixin.py:151} INFO - h9vgxtz
[2023-10-08T04:08:09.973+0000] {logging_mixin.py:151} INFO - h9vbcib
[2023-10-08T04:08:11.344+0000] {logging_mixin.py:151} INFO - h9vg6aj
[2023-10-08T04:08:12.765+0000] {logging_mixin.py:151} INFO - h9vheah
[2023-10-08T04:08:13.256+0000] {logging_mixin.py:151} INFO - h9uo4cy
[2023-10-08T04:08:14.707+0000] {logging_mixin.py:151} INFO - h9uvqsq
[2023-10-08T04:08:15.106+0000] {logging_mixin.py:151} INFO - h9v42sp
[2023-10-08T04:08:16.639+0000] {logging_mixin.py:151} INFO - h9vbjz5
[2023-10-08T04:08:17.050+0000] {logging_mixin.py:151} INFO - h9vd7ex
[2023-10-08T04:08:18.458+0000] {logging_mixin.py:151} INFO - h9vcvrm
[2023-10-08T04:08:18.973+0000] {logging_mixin.py:151} INFO - h9v9w3z
[2023-10-08T04:08:20.404+0000] {logging_mixin.py:151} INFO - h9vklre
[2023-10-08T04:08:20.814+0000] {logging_mixin.py:151} INFO - h9vd5z4
[2023-10-08T04:08:22.234+0000] {logging_mixin.py:151} INFO - h9vco54
[2023-10-08T04:08:23.644+0000] {logging_mixin.py:151} INFO - h9uv0xj
[2023-10-08T04:08:24.034+0000] {logging_mixin.py:151} INFO - h9vh5sw
[2023-10-08T04:08:25.528+0000] {logging_mixin.py:151} INFO - h9vlezu
[2023-10-08T04:08:25.938+0000] {logging_mixin.py:151} INFO - h9vckt8
[2023-10-08T04:08:27.376+0000] {logging_mixin.py:151} INFO - h9vcrvm
[2023-10-08T04:08:28.913+0000] {logging_mixin.py:151} INFO - h9vkt7h
[2023-10-08T04:08:29.426+0000] {logging_mixin.py:151} INFO - h9vkv4i
[2023-10-08T04:08:30.961+0000] {logging_mixin.py:151} INFO - h9vkjn6
[2023-10-08T04:08:31.474+0000] {logging_mixin.py:151} INFO - h9vhvch
[2023-10-08T04:08:32.915+0000] {logging_mixin.py:151} INFO - h9vcu7b
[2023-10-08T04:08:33.297+0000] {logging_mixin.py:151} INFO - h9vd18m
[2023-10-08T04:08:34.753+0000] {logging_mixin.py:151} INFO - h9vo7zj
[2023-10-08T04:08:35.264+0000] {logging_mixin.py:151} INFO - h9vkp8u
[2023-10-08T04:08:36.653+0000] {logging_mixin.py:151} INFO - h9vbzl9
[2023-10-08T04:08:37.037+0000] {logging_mixin.py:151} INFO - h9vkn1y
[2023-10-08T04:08:38.438+0000] {logging_mixin.py:151} INFO - h9vdia3
[2023-10-08T04:08:39.602+0000] {logging_mixin.py:151} INFO - h9vftaw
[2023-10-08T04:08:41.015+0000] {logging_mixin.py:151} INFO - h9vkl2j
[2023-10-08T04:08:41.422+0000] {logging_mixin.py:151} INFO - h9vkzpw
[2023-10-08T04:08:41.822+0000] {logging_mixin.py:151} INFO - h9vczep
[2023-10-08T04:08:43.273+0000] {logging_mixin.py:151} INFO - h9vp7tn
[2023-10-08T04:08:44.775+0000] {logging_mixin.py:151} INFO - h9vp33j
[2023-10-08T04:08:45.207+0000] {logging_mixin.py:151} INFO - h9vjrhs
[2023-10-08T04:08:46.601+0000] {logging_mixin.py:151} INFO - h9vozct
[2023-10-08T04:08:47.052+0000] {logging_mixin.py:151} INFO - h9vc27f
[2023-10-08T04:08:48.564+0000] {logging_mixin.py:151} INFO - h9vfbgj
[2023-10-08T04:08:49.076+0000] {logging_mixin.py:151} INFO - h9vk0sv
[2023-10-08T04:08:50.617+0000] {logging_mixin.py:151} INFO - h9v2ewh
[2023-10-08T04:08:51.023+0000] {logging_mixin.py:151} INFO - h9v75yu
[2023-10-08T04:08:52.424+0000] {logging_mixin.py:151} INFO - h9urzvb
[2023-10-08T04:08:52.832+0000] {logging_mixin.py:151} INFO - h9vfw5d
[2023-10-08T04:08:54.230+0000] {logging_mixin.py:151} INFO - h9vebms
[2023-10-08T04:08:55.689+0000] {logging_mixin.py:151} INFO - h9uw9og
[2023-10-08T04:08:56.093+0000] {logging_mixin.py:151} INFO - h9vno2k
[2023-10-08T04:08:57.484+0000] {logging_mixin.py:151} INFO - h9uwpqz
[2023-10-08T04:08:57.885+0000] {logging_mixin.py:151} INFO - h9v6j9d
[2023-10-08T04:08:59.297+0000] {logging_mixin.py:151} INFO - h9v0cav
[2023-10-08T04:09:00.759+0000] {logging_mixin.py:151} INFO - h9vomnt
[2023-10-08T04:09:01.185+0000] {logging_mixin.py:151} INFO - h9vokhk
[2023-10-08T04:09:02.598+0000] {logging_mixin.py:151} INFO - h9vh01q
[2023-10-08T04:09:03.019+0000] {logging_mixin.py:151} INFO - h9vl2py
[2023-10-08T04:09:04.415+0000] {logging_mixin.py:151} INFO - h9vh44t
[2023-10-08T04:09:04.800+0000] {logging_mixin.py:151} INFO - h9ura07
[2023-10-08T04:09:06.296+0000] {logging_mixin.py:151} INFO - h9vdzxe
[2023-10-08T04:09:07.688+0000] {logging_mixin.py:151} INFO - h9uxy7x
[2023-10-08T04:09:08.094+0000] {logging_mixin.py:151} INFO - h9vcddq
[2023-10-08T04:09:09.499+0000] {logging_mixin.py:151} INFO - h9v49c3
[2023-10-08T04:09:09.884+0000] {logging_mixin.py:151} INFO - h9vevmz
[2023-10-08T04:09:11.321+0000] {logging_mixin.py:151} INFO - h9vdydd
[2023-10-08T04:09:12.755+0000] {logging_mixin.py:151} INFO - h9uw9sa
[2023-10-08T04:09:13.170+0000] {logging_mixin.py:151} INFO - h9vnxtr
[2023-10-08T04:09:14.554+0000] {logging_mixin.py:151} INFO - h9vczhc
[2023-10-08T04:09:14.947+0000] {logging_mixin.py:151} INFO - h9vldve
[2023-10-08T04:09:16.354+0000] {logging_mixin.py:151} INFO - h9vlcqa
[2023-10-08T04:09:17.754+0000] {logging_mixin.py:151} INFO - h9vd7qk
[2023-10-08T04:09:18.264+0000] {logging_mixin.py:151} INFO - h9vkvic
[2023-10-08T04:09:19.797+0000] {logging_mixin.py:151} INFO - h9vgoug
[2023-10-08T04:09:20.210+0000] {logging_mixin.py:151} INFO - h9ve7j3
[2023-10-08T04:09:21.645+0000] {logging_mixin.py:151} INFO - h9vkd3u
[2023-10-08T04:09:22.047+0000] {logging_mixin.py:151} INFO - h9vlhue
[2023-10-08T04:09:23.457+0000] {logging_mixin.py:151} INFO - h9vkr6o
[2023-10-08T04:09:23.900+0000] {logging_mixin.py:151} INFO - h9v2jzi
[2023-10-08T04:09:25.331+0000] {logging_mixin.py:151} INFO - h9us6kp
[2023-10-08T04:09:26.733+0000] {logging_mixin.py:151} INFO - h9uy52k
[2023-10-08T04:09:27.173+0000] {logging_mixin.py:151} INFO - h9vp09f
[2023-10-08T04:09:28.614+0000] {logging_mixin.py:151} INFO - h9vp16j
[2023-10-08T04:09:29.127+0000] {logging_mixin.py:151} INFO - h9voo13
[2023-10-08T04:09:30.665+0000] {logging_mixin.py:151} INFO - h9vj0uk
[2023-10-08T04:09:31.176+0000] {logging_mixin.py:151} INFO - h9vmdos
[2023-10-08T04:09:32.615+0000] {logging_mixin.py:151} INFO - h9us9jb
[2023-10-08T04:09:33.120+0000] {logging_mixin.py:151} INFO - h9vgapy
[2023-10-08T04:09:34.658+0000] {logging_mixin.py:151} INFO - h9vgyu1
[2023-10-08T04:09:35.172+0000] {logging_mixin.py:151} INFO - h9vh5mv
[2023-10-08T04:09:36.629+0000] {logging_mixin.py:151} INFO - h9vdui1
[2023-10-08T04:09:37.160+0000] {logging_mixin.py:151} INFO - h9vb1rf
[2023-10-08T04:09:38.597+0000] {logging_mixin.py:151} INFO - h9vhqft
[2023-10-08T04:09:39.066+0000] {logging_mixin.py:151} INFO - h9vi3e2
[2023-10-08T04:09:40.464+0000] {logging_mixin.py:151} INFO - h9uz1ak
[2023-10-08T04:09:40.862+0000] {logging_mixin.py:151} INFO - h9vgny9
[2023-10-08T04:09:42.256+0000] {logging_mixin.py:151} INFO - h9vlhnx
[2023-10-08T04:09:43.657+0000] {logging_mixin.py:151} INFO - h9vle3y
[2023-10-08T04:09:44.068+0000] {logging_mixin.py:151} INFO - h9vengk
[2023-10-08T04:09:45.727+0000] {logging_mixin.py:151} INFO - h9vlbjn
[2023-10-08T04:09:46.138+0000] {logging_mixin.py:151} INFO - h9voytp
[2023-10-08T04:09:47.563+0000] {logging_mixin.py:151} INFO - h9vf1oe
[2023-10-08T04:09:47.967+0000] {logging_mixin.py:151} INFO - h9vlbr6
[2023-10-08T04:09:49.375+0000] {logging_mixin.py:151} INFO - h9vkjls
[2023-10-08T04:09:49.902+0000] {logging_mixin.py:151} INFO - h9vngk7
[2023-10-08T04:09:51.331+0000] {logging_mixin.py:151} INFO - h9vof85
[2023-10-08T04:09:52.775+0000] {logging_mixin.py:151} INFO - h9vb7b3
[2023-10-08T04:09:53.177+0000] {logging_mixin.py:151} INFO - h9uyjje
[2023-10-08T04:09:54.578+0000] {logging_mixin.py:151} INFO - h9v3kxm
[2023-10-08T04:09:55.029+0000] {logging_mixin.py:151} INFO - h9vorjd
[2023-10-08T04:09:56.416+0000] {logging_mixin.py:151} INFO - h9vj43m
[2023-10-08T04:09:56.855+0000] {logging_mixin.py:151} INFO - h9vgkke
[2023-10-08T04:09:58.309+0000] {logging_mixin.py:151} INFO - h9vi0un
[2023-10-08T04:09:59.739+0000] {logging_mixin.py:151} INFO - h9vknat
[2023-10-08T04:10:00.251+0000] {logging_mixin.py:151} INFO - h9vikmn
[2023-10-08T04:10:00.766+0000] {logging_mixin.py:151} INFO - h9v0fj0
[2023-10-08T04:10:02.218+0000] {logging_mixin.py:151} INFO - h9vlq02
[2023-10-08T04:10:03.668+0000] {logging_mixin.py:151} INFO - h9vli6l
[2023-10-08T04:10:04.080+0000] {logging_mixin.py:151} INFO - h9vlrm9
[2023-10-08T04:10:05.585+0000] {logging_mixin.py:151} INFO - h9vpzir
[2023-10-08T04:10:05.994+0000] {logging_mixin.py:151} INFO - h9vp8rq
[2023-10-08T04:10:07.858+0000] {logging_mixin.py:151} INFO - h9vlk4l
[2023-10-08T04:10:08.358+0000] {logging_mixin.py:151} INFO - h9vptny
[2023-10-08T04:10:09.753+0000] {logging_mixin.py:151} INFO - h9uylm8
[2023-10-08T04:10:10.168+0000] {logging_mixin.py:151} INFO - h9v3qo8
[2023-10-08T04:10:11.630+0000] {logging_mixin.py:151} INFO - h9v6d6n
[2023-10-08T04:10:12.023+0000] {logging_mixin.py:151} INFO - h9vdqqg
[2023-10-08T04:10:13.461+0000] {logging_mixin.py:151} INFO - h9vkbp8
[2023-10-08T04:10:13.888+0000] {logging_mixin.py:151} INFO - h9vl5dw
[2023-10-08T04:10:15.326+0000] {logging_mixin.py:151} INFO - h9vnfe8
[2023-10-08T04:10:17.268+0000] {logging_mixin.py:151} INFO - h9v267p
[2023-10-08T04:10:17.757+0000] {logging_mixin.py:151} INFO - h9v18ea
[2023-10-08T04:10:18.272+0000] {logging_mixin.py:151} INFO - h9vn4h1
[2023-10-08T04:10:19.809+0000] {logging_mixin.py:151} INFO - h9vm8mb
[2023-10-08T04:10:20.320+0000] {logging_mixin.py:151} INFO - h9vpe9f
[2023-10-08T04:10:21.859+0000] {logging_mixin.py:151} INFO - h9v00bz
[2023-10-08T04:10:22.267+0000] {logging_mixin.py:151} INFO - h9v3uz9
[2023-10-08T04:10:23.673+0000] {logging_mixin.py:151} INFO - h9v3wj7
[2023-10-08T04:10:24.074+0000] {logging_mixin.py:151} INFO - h9v8nh3
[2023-10-08T04:10:25.495+0000] {logging_mixin.py:151} INFO - h9v1ol5
[2023-10-08T04:10:25.959+0000] {logging_mixin.py:151} INFO - h9vb7u8
[2023-10-08T04:10:32.002+0000] {logging_mixin.py:151} INFO - hcz9mhe
[2023-10-08T04:10:32.420+0000] {logging_mixin.py:151} INFO - hd0033d
[2023-10-08T04:10:32.820+0000] {logging_mixin.py:151} INFO - hcz0ezs
[2023-10-08T04:10:33.227+0000] {logging_mixin.py:151} INFO - hczz2cn
[2023-10-08T04:10:33.641+0000] {logging_mixin.py:151} INFO - hczalui
[2023-10-08T04:10:34.157+0000] {logging_mixin.py:151} INFO - hczb116
[2023-10-08T04:10:34.568+0000] {logging_mixin.py:151} INFO - hcz4uqr
[2023-10-08T04:10:34.967+0000] {logging_mixin.py:151} INFO - hczvvr7
[2023-10-08T04:10:37.125+0000] {logging_mixin.py:151} INFO - hd0gr75
[2023-10-08T04:10:38.550+0000] {logging_mixin.py:151} INFO - hczzuw9
[2023-10-08T04:10:38.958+0000] {logging_mixin.py:151} INFO - hcz95b8
[2023-10-08T04:10:39.390+0000] {logging_mixin.py:151} INFO - hcz4wjd
[2023-10-08T04:10:40.892+0000] {logging_mixin.py:151} INFO - hczk0hs
[2023-10-08T04:10:41.324+0000] {logging_mixin.py:151} INFO - hd02fth
[2023-10-08T04:10:43.406+0000] {logging_mixin.py:151} INFO - hczztux
[2023-10-08T04:10:43.800+0000] {logging_mixin.py:151} INFO - hcz7qmg
[2023-10-08T04:10:44.190+0000] {logging_mixin.py:151} INFO - hcz1dd2
[2023-10-08T04:10:45.578+0000] {logging_mixin.py:151} INFO - hd08cn3
[2023-10-08T04:10:45.951+0000] {logging_mixin.py:151} INFO - hd0ujer
[2023-10-08T04:10:47.346+0000] {logging_mixin.py:151} INFO - hcz9z0x
[2023-10-08T04:10:48.785+0000] {logging_mixin.py:151} INFO - hczirc6
[2023-10-08T04:10:49.302+0000] {logging_mixin.py:151} INFO - hcz5t9v
[2023-10-08T04:10:50.732+0000] {logging_mixin.py:151} INFO - hd0et6d
[2023-10-08T04:10:51.245+0000] {logging_mixin.py:151} INFO - hd0k943
[2023-10-08T04:10:52.784+0000] {logging_mixin.py:151} INFO - hd0xjz6
[2023-10-08T04:10:53.296+0000] {logging_mixin.py:151} INFO - hd2ia4m
[2023-10-08T04:10:54.703+0000] {logging_mixin.py:151} INFO - hcziylh
[2023-10-08T04:10:55.142+0000] {logging_mixin.py:151} INFO - hd0mfpy
[2023-10-08T04:10:56.679+0000] {logging_mixin.py:151} INFO - hczclnu
[2023-10-08T04:10:57.131+0000] {logging_mixin.py:151} INFO - hd04861
[2023-10-08T04:10:58.629+0000] {logging_mixin.py:151} INFO - hczojun
[2023-10-08T04:10:59.038+0000] {logging_mixin.py:151} INFO - hd0byku
[2023-10-08T04:11:00.575+0000] {logging_mixin.py:151} INFO - hd0vm48
[2023-10-08T04:11:01.082+0000] {logging_mixin.py:151} INFO - hczrxo6
[2023-10-08T04:11:02.473+0000] {logging_mixin.py:151} INFO - hczdv1g
[2023-10-08T04:11:02.865+0000] {logging_mixin.py:151} INFO - hd07oou
[2023-10-08T04:11:04.281+0000] {logging_mixin.py:151} INFO - hd0i443
[2023-10-08T04:11:05.803+0000] {logging_mixin.py:151} INFO - hd0fwr4
[2023-10-08T04:11:06.187+0000] {logging_mixin.py:151} INFO - hczdhby
[2023-10-08T04:11:07.641+0000] {logging_mixin.py:151} INFO - hd1al7c
[2023-10-08T04:11:08.058+0000] {logging_mixin.py:151} INFO - hd06f7n
[2023-10-08T04:11:09.457+0000] {logging_mixin.py:151} INFO - hd0obqs
[2023-10-08T04:11:09.854+0000] {logging_mixin.py:151} INFO - hd0ugdi
[2023-10-08T04:11:11.247+0000] {logging_mixin.py:151} INFO - hd1ip47
[2023-10-08T04:11:12.688+0000] {logging_mixin.py:151} INFO - hczx1tn
[2023-10-08T04:11:13.082+0000] {logging_mixin.py:151} INFO - hd1f5ze
[2023-10-08T04:11:14.473+0000] {logging_mixin.py:151} INFO - hczqqch
[2023-10-08T04:11:14.917+0000] {logging_mixin.py:151} INFO - hd0bdnz
[2023-10-08T04:11:16.355+0000] {logging_mixin.py:151} INFO - hd0pcao
[2023-10-08T04:11:17.871+0000] {logging_mixin.py:151} INFO - hd1w034
[2023-10-08T04:11:18.383+0000] {logging_mixin.py:151} INFO - hcz4u06
[2023-10-08T04:11:19.817+0000] {logging_mixin.py:151} INFO - hczd8pk
[2023-10-08T04:11:20.209+0000] {logging_mixin.py:151} INFO - hczfxk8
[2023-10-08T04:11:21.661+0000] {logging_mixin.py:151} INFO - hd1ffsw
[2023-10-08T04:11:22.176+0000] {logging_mixin.py:151} INFO - hd1howl
[2023-10-08T04:11:23.573+0000] {logging_mixin.py:151} INFO - hd3p7n9
[2023-10-08T04:11:23.961+0000] {logging_mixin.py:151} INFO - hd0zvn1
[2023-10-08T04:11:25.340+0000] {logging_mixin.py:151} INFO - hd0a8v3
[2023-10-08T04:11:26.730+0000] {logging_mixin.py:151} INFO - hd1zhfh
[2023-10-08T04:11:27.128+0000] {logging_mixin.py:151} INFO - hd0eh9l
[2023-10-08T04:11:28.631+0000] {logging_mixin.py:151} INFO - hd114j6
[2023-10-08T04:11:29.144+0000] {logging_mixin.py:151} INFO - hd1495f
[2023-10-08T04:11:30.576+0000] {logging_mixin.py:151} INFO - hd3ysa5
[2023-10-08T04:11:31.090+0000] {logging_mixin.py:151} INFO - hd172kl
[2023-10-08T04:11:32.624+0000] {logging_mixin.py:151} INFO - hd1w13i
[2023-10-08T04:11:33.141+0000] {logging_mixin.py:151} INFO - hd23orv
[2023-10-08T04:11:34.682+0000] {logging_mixin.py:151} INFO - hd25ykg
[2023-10-08T04:11:35.185+0000] {logging_mixin.py:151} INFO - hd29q18
[2023-10-08T04:11:36.658+0000] {logging_mixin.py:151} INFO - hd2bgyx
[2023-10-08T04:11:37.133+0000] {logging_mixin.py:151} INFO - hd2qao5
[2023-10-08T04:11:38.558+0000] {logging_mixin.py:151} INFO - hdlp1h8
[2023-10-08T04:11:39.489+0000] {logging_mixin.py:151} INFO - hd0mbwk
[2023-10-08T04:11:39.889+0000] {logging_mixin.py:151} INFO - hd28b9c
[2023-10-08T04:11:41.308+0000] {logging_mixin.py:151} INFO - hdm7s8c
[2023-10-08T04:11:42.689+0000] {logging_mixin.py:151} INFO - hd179cp
[2023-10-08T04:11:43.125+0000] {logging_mixin.py:151} INFO - hd05l6d
[2023-10-08T04:11:44.578+0000] {logging_mixin.py:151} INFO - hczqqmv
[2023-10-08T04:11:44.985+0000] {logging_mixin.py:151} INFO - hczwkq1
[2023-10-08T04:11:46.468+0000] {logging_mixin.py:151} INFO - hczxbmp
[2023-10-08T04:11:46.906+0000] {logging_mixin.py:151} INFO - hczxthr
[2023-10-08T04:11:48.385+0000] {logging_mixin.py:151} INFO - hd18ipt
[2023-10-08T04:11:49.823+0000] {logging_mixin.py:151} INFO - hd1nwr5
[2023-10-08T04:11:50.335+0000] {logging_mixin.py:151} INFO - hd33tiz
[2023-10-08T04:11:51.869+0000] {logging_mixin.py:151} INFO - hd35h12
[2023-10-08T04:11:52.385+0000] {logging_mixin.py:151} INFO - hd3iqgo
[2023-10-08T04:11:53.777+0000] {logging_mixin.py:151} INFO - hd0m7ka
[2023-10-08T04:11:54.143+0000] {logging_mixin.py:151} INFO - hd0c6t2
[2023-10-08T04:11:55.563+0000] {logging_mixin.py:151} INFO - hd0pfhe
[2023-10-08T04:11:55.966+0000] {logging_mixin.py:151} INFO - hd1kwmw
[2023-10-08T04:11:57.373+0000] {logging_mixin.py:151} INFO - hczf8zp
[2023-10-08T04:11:57.774+0000] {logging_mixin.py:151} INFO - hd0p0f3
[2023-10-08T04:11:59.249+0000] {logging_mixin.py:151} INFO - hd0qj8v
[2023-10-08T04:12:00.681+0000] {logging_mixin.py:151} INFO - hd1c7rb
[2023-10-08T04:12:01.092+0000] {logging_mixin.py:151} INFO - hd1sxsf
[2023-10-08T04:12:03.042+0000] {logging_mixin.py:151} INFO - hd1whfq
[2023-10-08T04:12:03.433+0000] {logging_mixin.py:151} INFO - hd2i2lk
[2023-10-08T04:12:03.820+0000] {logging_mixin.py:151} INFO - hd2l5l5
[2023-10-08T04:12:05.204+0000] {logging_mixin.py:151} INFO - hd3553n
[2023-10-08T04:12:06.626+0000] {logging_mixin.py:151} INFO - hd3hihe
[2023-10-08T04:12:07.151+0000] {logging_mixin.py:151} INFO - hd4y5ju
[2023-10-08T04:12:08.562+0000] {logging_mixin.py:151} INFO - hd7sjvh
[2023-10-08T04:12:08.937+0000] {logging_mixin.py:151} INFO - hdqg361
[2023-10-08T04:12:10.420+0000] {logging_mixin.py:151} INFO - hdrjoiq
[2023-10-08T04:12:11.807+0000] {logging_mixin.py:151} INFO - hf7c1u7
[2023-10-08T04:12:12.266+0000] {logging_mixin.py:151} INFO - hjwv35p
[2023-10-08T04:12:13.663+0000] {logging_mixin.py:151} INFO - hk2730t
[2023-10-08T04:12:14.067+0000] {logging_mixin.py:151} INFO - i06f9z9
[2023-10-08T04:12:15.543+0000] {logging_mixin.py:151} INFO - i176dij
[2023-10-08T04:12:15.956+0000] {logging_mixin.py:151} INFO - irve4kq
[2023-10-08T04:12:17.367+0000] {logging_mixin.py:151} INFO - hd0qgwv
[2023-10-08T04:12:18.902+0000] {logging_mixin.py:151} INFO - hd1mjag
[2023-10-08T04:12:19.414+0000] {logging_mixin.py:151} INFO - hd0x6yv
[2023-10-08T04:12:21.158+0000] {logging_mixin.py:151} INFO - hd1gx6j
[2023-10-08T04:12:21.673+0000] {logging_mixin.py:151} INFO - hd1p22w
[2023-10-08T04:12:22.073+0000] {logging_mixin.py:151} INFO - hd35a7c
[2023-10-08T04:12:23.469+0000] {logging_mixin.py:151} INFO - hd1ky67
[2023-10-08T04:12:23.868+0000] {logging_mixin.py:151} INFO - hd0pcxd
[2023-10-08T04:12:25.359+0000] {logging_mixin.py:151} INFO - hcztkmp
[2023-10-08T04:12:26.795+0000] {logging_mixin.py:151} INFO - hd2aqop
[2023-10-08T04:12:27.184+0000] {logging_mixin.py:151} INFO - hd00vkd
[2023-10-08T04:12:28.639+0000] {logging_mixin.py:151} INFO - hczbykb
[2023-10-08T04:12:29.030+0000] {logging_mixin.py:151} INFO - hd19tsi
[2023-10-08T04:12:30.410+0000] {logging_mixin.py:151} INFO - hczgp53
[2023-10-08T04:12:30.802+0000] {logging_mixin.py:151} INFO - hczrslk
[2023-10-08T04:12:32.239+0000] {logging_mixin.py:151} INFO - hd0g941
[2023-10-08T04:12:33.651+0000] {logging_mixin.py:151} INFO - hd0mx2k
[2023-10-08T04:12:34.041+0000] {logging_mixin.py:151} INFO - hd0xfes
[2023-10-08T04:12:35.452+0000] {logging_mixin.py:151} INFO - hd0zykm
[2023-10-08T04:12:35.916+0000] {logging_mixin.py:151} INFO - hd1jb6g
[2023-10-08T04:12:37.351+0000] {logging_mixin.py:151} INFO - hd2s5fi
[2023-10-08T04:12:38.786+0000] {logging_mixin.py:151} INFO - hdzn215
[2023-10-08T04:12:39.176+0000] {logging_mixin.py:151} INFO - he1f43d
[2023-10-08T04:12:40.569+0000] {logging_mixin.py:151} INFO - he4qdjn
[2023-10-08T04:12:40.966+0000] {logging_mixin.py:151} INFO - heoxta9
[2023-10-08T04:12:42.352+0000] {logging_mixin.py:151} INFO - hf6agh7
[2023-10-08T04:12:43.789+0000] {logging_mixin.py:151} INFO - hfjgun0
[2023-10-08T04:12:44.169+0000] {logging_mixin.py:151} INFO - hfmkwyv
[2023-10-08T04:12:45.652+0000] {logging_mixin.py:151} INFO - hg9nkue
[2023-10-08T04:12:46.164+0000] {logging_mixin.py:151} INFO - hoa5sd4
[2023-10-08T04:12:47.601+0000] {logging_mixin.py:151} INFO - hyc0nvq
[2023-10-08T04:12:47.982+0000] {logging_mixin.py:151} INFO - iu30wve
[2023-10-08T04:12:49.417+0000] {logging_mixin.py:151} INFO - jp5tn66
[2023-10-08T04:12:49.931+0000] {logging_mixin.py:151} INFO - jr5ohma
[2023-10-08T04:12:51.430+0000] {logging_mixin.py:151} INFO - jzce4rp
[2023-10-08T04:12:51.878+0000] {logging_mixin.py:151} INFO - hczcj74
[2023-10-08T04:12:53.311+0000] {logging_mixin.py:151} INFO - hczcjvx
[2023-10-08T04:12:54.712+0000] {logging_mixin.py:151} INFO - hczfdbu
[2023-10-08T04:12:55.165+0000] {logging_mixin.py:151} INFO - hczl93n
[2023-10-08T04:12:56.696+0000] {logging_mixin.py:151} INFO - hczunmu
[2023-10-08T04:12:57.211+0000] {logging_mixin.py:151} INFO - hd0czl7
[2023-10-08T04:12:59.457+0000] {logging_mixin.py:151} INFO - hd054ai
[2023-10-08T04:12:59.976+0000] {logging_mixin.py:151} INFO - hczmevb
[2023-10-08T04:13:00.488+0000] {logging_mixin.py:151} INFO - he79yvh
[2023-10-08T04:13:02.435+0000] {logging_mixin.py:151} INFO - hd0dys2
[2023-10-08T04:13:02.843+0000] {logging_mixin.py:151} INFO - hd14exv
[2023-10-08T04:13:03.257+0000] {logging_mixin.py:151} INFO - hd1omyu
[2023-10-08T04:13:04.674+0000] {logging_mixin.py:151} INFO - hd1lvdn
[2023-10-08T04:13:05.092+0000] {logging_mixin.py:151} INFO - hd1hsda
[2023-10-08T04:13:06.637+0000] {logging_mixin.py:151} INFO - hd0hwl7
[2023-10-08T04:13:07.036+0000] {logging_mixin.py:151} INFO - hd1jfvj
[2023-10-08T04:13:08.457+0000] {logging_mixin.py:151} INFO - hd1ttkm
[2023-10-08T04:13:08.865+0000] {logging_mixin.py:151} INFO - hd25fi3
[2023-10-08T04:13:10.241+0000] {logging_mixin.py:151} INFO - hgexjvd
[2023-10-08T04:13:11.747+0000] {logging_mixin.py:151} INFO - hcz5jy7
[2023-10-08T04:13:12.376+0000] {logging_mixin.py:151} INFO - hczm1zb
[2023-10-08T04:13:13.910+0000] {logging_mixin.py:151} INFO - hd0hssq
[2023-10-08T04:13:14.423+0000] {logging_mixin.py:151} INFO - hd14cdn
[2023-10-08T04:13:15.825+0000] {logging_mixin.py:151} INFO - hd0a6wc
[2023-10-08T04:13:16.270+0000] {logging_mixin.py:151} INFO - hd041q7
[2023-10-08T04:13:17.781+0000] {logging_mixin.py:151} INFO - hd1mlo9
[2023-10-08T04:13:18.194+0000] {logging_mixin.py:151} INFO - hd0r3rp
[2023-10-08T04:13:19.630+0000] {logging_mixin.py:151} INFO - i3nauo8
[2023-10-08T04:13:20.146+0000] {logging_mixin.py:151} INFO - hd1s27y
[2023-10-08T04:13:21.579+0000] {logging_mixin.py:151} INFO - hd374y7
[2023-10-08T04:13:22.091+0000] {logging_mixin.py:151} INFO - hd0b974
[2023-10-08T04:13:23.476+0000] {logging_mixin.py:151} INFO - hd1z6p4
[2023-10-08T04:13:23.862+0000] {logging_mixin.py:151} INFO - hcz81x0
[2023-10-08T04:13:25.263+0000] {logging_mixin.py:151} INFO - hczijj1
[2023-10-08T04:13:26.802+0000] {logging_mixin.py:151} INFO - hczctlf
[2023-10-08T04:13:27.215+0000] {logging_mixin.py:151} INFO - hczhqzu
[2023-10-08T04:13:28.648+0000] {logging_mixin.py:151} INFO - hczocjh
[2023-10-08T04:13:29.164+0000] {logging_mixin.py:151} INFO - hczur95
[2023-10-08T04:13:30.585+0000] {logging_mixin.py:151} INFO - hczynrh
[2023-10-08T04:13:31.003+0000] {logging_mixin.py:151} INFO - hd07za2
[2023-10-08T04:13:32.426+0000] {logging_mixin.py:151} INFO - hd1jlfz
[2023-10-08T04:13:32.851+0000] {logging_mixin.py:151} INFO - hczddb6
[2023-10-08T04:13:34.386+0000] {logging_mixin.py:151} INFO - hd0rma9
[2023-10-08T04:13:35.820+0000] {logging_mixin.py:151} INFO - hz4zngv
[2023-10-08T04:13:36.223+0000] {logging_mixin.py:151} INFO - hd0bj4h
[2023-10-08T04:13:37.666+0000] {logging_mixin.py:151} INFO - hd2onla
[2023-10-08T04:13:38.178+0000] {logging_mixin.py:151} INFO - hgey4xo
[2023-10-08T04:13:39.587+0000] {logging_mixin.py:151} INFO - hd08x3c
[2023-10-08T04:13:39.994+0000] {logging_mixin.py:151} INFO - hd0tex1
[2023-10-08T04:13:41.409+0000] {logging_mixin.py:151} INFO - hcz9ubc
[2023-10-08T04:13:41.841+0000] {logging_mixin.py:151} INFO - hczauoi
[2023-10-08T04:13:43.257+0000] {logging_mixin.py:151} INFO - hczlq5c
[2023-10-08T04:13:44.743+0000] {logging_mixin.py:151} INFO - hczhorz
[2023-10-08T04:13:45.245+0000] {logging_mixin.py:151} INFO - hczalxv
[2023-10-08T04:13:46.732+0000] {logging_mixin.py:151} INFO - hczfzmh
[2023-10-08T04:13:47.152+0000] {logging_mixin.py:151} INFO - hczebug
[2023-10-08T04:13:48.617+0000] {logging_mixin.py:151} INFO - hcza1gu
[2023-10-08T04:13:49.047+0000] {logging_mixin.py:151} INFO - hczkmwr
[2023-10-08T04:13:50.553+0000] {logging_mixin.py:151} INFO - hczf5pi
[2023-10-08T04:13:50.965+0000] {logging_mixin.py:151} INFO - hd0pzfj
[2023-10-08T04:13:52.500+0000] {logging_mixin.py:151} INFO - hd0bat3
[2023-10-08T04:13:53.012+0000] {logging_mixin.py:151} INFO - hd0bxd6
[2023-10-08T04:13:54.450+0000] {logging_mixin.py:151} INFO - hczg198
[2023-10-08T04:13:55.356+0000] {logging_mixin.py:151} INFO - hd0fbvy
[2023-10-08T04:13:56.796+0000] {logging_mixin.py:151} INFO - hd0rsvm
[2023-10-08T04:13:57.201+0000] {logging_mixin.py:151} INFO - hcz72jv
[2023-10-08T04:13:58.762+0000] {logging_mixin.py:151} INFO - hczluwm
[2023-10-08T04:13:59.148+0000] {logging_mixin.py:151} INFO - hczuez9
[2023-10-08T04:14:00.596+0000] {logging_mixin.py:151} INFO - hgij997
[2023-10-08T04:14:01.007+0000] {logging_mixin.py:151} INFO - hdfmtyj
[2023-10-08T04:14:02.543+0000] {logging_mixin.py:151} INFO - hd1mkco
[2023-10-08T04:14:02.943+0000] {logging_mixin.py:151} INFO - hexvns8
[2023-10-08T04:14:04.365+0000] {logging_mixin.py:151} INFO - hczu4yc
[2023-10-08T04:14:05.820+0000] {logging_mixin.py:151} INFO - hczl9vp
[2023-10-08T04:14:06.237+0000] {logging_mixin.py:151} INFO - hcz6sxg
[2023-10-08T04:14:07.778+0000] {logging_mixin.py:151} INFO - hcz6v9z
[2023-10-08T04:14:08.178+0000] {logging_mixin.py:151} INFO - hczfmaq
[2023-10-08T04:14:09.572+0000] {logging_mixin.py:151} INFO - hczs0sp
[2023-10-08T04:14:09.965+0000] {logging_mixin.py:151} INFO - hcznsln
[2023-10-08T04:14:11.380+0000] {logging_mixin.py:151} INFO - hd0rm7w
[2023-10-08T04:14:12.893+0000] {logging_mixin.py:151} INFO - hd09k90
[2023-10-08T04:14:13.405+0000] {logging_mixin.py:151} INFO - hd0kl2x
[2023-10-08T04:14:14.945+0000] {logging_mixin.py:151} INFO - hd0lld5
[2023-10-08T04:14:15.456+0000] {logging_mixin.py:151} INFO - hd0b5yq
[2023-10-08T04:14:16.901+0000] {logging_mixin.py:151} INFO - hd2d89v
[2023-10-08T04:14:17.277+0000] {logging_mixin.py:151} INFO - hd0w220
[2023-10-08T04:14:18.670+0000] {logging_mixin.py:151} INFO - hd3rvvt
[2023-10-08T04:14:19.223+0000] {logging_mixin.py:151} INFO - hcztn3m
[2023-10-08T04:14:20.815+0000] {logging_mixin.py:151} INFO - hczu7pg
[2023-10-08T04:14:21.395+0000] {logging_mixin.py:151} INFO - hczlp10
[2023-10-08T04:14:22.975+0000] {logging_mixin.py:151} INFO - hczssjt
[2023-10-08T04:14:23.493+0000] {logging_mixin.py:151} INFO - hd0yvgk
[2023-10-08T04:14:25.528+0000] {logging_mixin.py:151} INFO - hczrp5q
[2023-10-08T04:14:25.988+0000] {logging_mixin.py:151} INFO - hd009y4
[2023-10-08T04:14:26.401+0000] {logging_mixin.py:151} INFO - hd0jdxj
[2023-10-08T04:14:26.811+0000] {logging_mixin.py:151} INFO - hd0fvia
[2023-10-08T04:14:28.212+0000] {logging_mixin.py:151} INFO - hd0z4qe
[2023-10-08T04:14:29.681+0000] {logging_mixin.py:151} INFO - hczm8u4
[2023-10-08T04:14:30.195+0000] {logging_mixin.py:151} INFO - hd15k6i
[2023-10-08T04:14:31.725+0000] {logging_mixin.py:151} INFO - hd08tu9
[2023-10-08T04:14:32.236+0000] {logging_mixin.py:151} INFO - hd2pmoi
[2023-10-08T04:14:33.782+0000] {logging_mixin.py:151} INFO - hczq8wy
[2023-10-08T04:14:34.292+0000] {logging_mixin.py:151} INFO - hczw9gx
[2023-10-08T04:14:35.830+0000] {logging_mixin.py:151} INFO - hyqav0i
[2023-10-08T04:14:36.340+0000] {logging_mixin.py:151} INFO - hd0g5ci
[2023-10-08T04:14:37.766+0000] {logging_mixin.py:151} INFO - hd0vy96
[2023-10-08T04:14:38.187+0000] {logging_mixin.py:151} INFO - hd3s2ih
[2023-10-08T04:14:39.589+0000] {logging_mixin.py:151} INFO - hd1fncj
[2023-10-08T04:14:40.021+0000] {logging_mixin.py:151} INFO - hd0dlkj
[2023-10-08T04:14:41.464+0000] {logging_mixin.py:151} INFO - hd0cb1e
[2023-10-08T04:14:41.883+0000] {logging_mixin.py:151} INFO - ho974py
[2023-10-08T04:14:43.309+0000] {logging_mixin.py:151} INFO - hd0zmh5
[2023-10-08T04:14:44.743+0000] {logging_mixin.py:151} INFO - hd3skv8
[2023-10-08T04:14:45.143+0000] {logging_mixin.py:151} INFO - hem17ji
[2023-10-08T04:14:46.793+0000] {logging_mixin.py:151} INFO - iqzjfnu
[2023-10-08T04:14:47.282+0000] {logging_mixin.py:151} INFO - hd0ix10
[2023-10-08T04:14:48.708+0000] {logging_mixin.py:151} INFO - hd3swmz
[2023-10-08T04:14:49.109+0000] {logging_mixin.py:151} INFO - hd0wbev
[2023-10-08T04:14:50.563+0000] {logging_mixin.py:151} INFO - hd3u6js
[2023-10-08T04:14:50.985+0000] {logging_mixin.py:151} INFO - hczxkc4
[2023-10-08T04:14:52.359+0000] {logging_mixin.py:151} INFO - hd3tb42
[2023-10-08T04:14:52.757+0000] {logging_mixin.py:151} INFO - hd3uits
[2023-10-08T04:14:54.147+0000] {logging_mixin.py:151} INFO - hd1l84n
[2023-10-08T04:14:55.567+0000] {logging_mixin.py:151} INFO - hd6hmqq
[2023-10-08T04:14:55.966+0000] {logging_mixin.py:151} INFO - hd0bfa9
[2023-10-08T04:14:57.372+0000] {logging_mixin.py:151} INFO - hd5s5m8
[2023-10-08T04:14:58.789+0000] {logging_mixin.py:151} INFO - hd3gvmr
[2023-10-08T04:14:59.199+0000] {logging_mixin.py:151} INFO - hd0fb5s
[2023-10-08T04:15:00.709+0000] {logging_mixin.py:151} INFO - hd6odj6
[2023-10-08T04:15:01.221+0000] {logging_mixin.py:151} INFO - hd3gvuo
[2023-10-08T04:15:02.652+0000] {logging_mixin.py:151} INFO - hd3gi8f
[2023-10-08T04:15:03.070+0000] {logging_mixin.py:151} INFO - hdn12kd
[2023-10-08T04:15:04.480+0000] {logging_mixin.py:151} INFO - hdn1fzo
[2023-10-08T04:15:04.900+0000] {logging_mixin.py:151} INFO - hd08h3w
[2023-10-08T04:15:06.448+0000] {logging_mixin.py:151} INFO - hd2oexg
[2023-10-08T04:15:07.988+0000] {logging_mixin.py:151} INFO - hdekuit
[2023-10-08T04:15:08.390+0000] {logging_mixin.py:151} INFO - hd0d1xs
[2023-10-08T04:15:09.246+0000] {logging_mixin.py:151} INFO - hf6awi5
[2023-10-08T04:15:10.632+0000] {logging_mixin.py:151} INFO - hd3us1a
[2023-10-08T04:15:11.043+0000] {logging_mixin.py:151} INFO - hd0qdqv
[2023-10-08T04:15:12.494+0000] {logging_mixin.py:151} INFO - hd0sotq
[2023-10-08T04:15:13.005+0000] {logging_mixin.py:151} INFO - hd6ogy4
[2023-10-08T04:15:14.405+0000] {logging_mixin.py:151} INFO - hdisvwe
[2023-10-08T04:15:14.852+0000] {logging_mixin.py:151} INFO - hdvawmu
[2023-10-08T04:15:16.386+0000] {logging_mixin.py:151} INFO - jmodcqk
[2023-10-08T04:15:18.009+0000] {logging_mixin.py:151} INFO - i1g3o9u
[2023-10-08T04:15:18.519+0000] {logging_mixin.py:151} INFO - hd35n24
[2023-10-08T04:15:19.033+0000] {logging_mixin.py:151} INFO - hczvvl6
[2023-10-08T04:15:20.575+0000] {logging_mixin.py:151} INFO - hd06qq5
[2023-10-08T04:15:21.080+0000] {logging_mixin.py:151} INFO - hd08i2z
[2023-10-08T04:15:22.620+0000] {logging_mixin.py:151} INFO - hd0ayh5
[2023-10-08T04:15:23.105+0000] {logging_mixin.py:151} INFO - hczkhes
[2023-10-08T04:15:24.492+0000] {logging_mixin.py:151} INFO - hd26s0j
[2023-10-08T04:15:24.876+0000] {logging_mixin.py:151} INFO - hczi5g2
[2023-10-08T04:15:26.304+0000] {logging_mixin.py:151} INFO - hczlmkc
[2023-10-08T04:15:27.714+0000] {logging_mixin.py:151} INFO - hczk0ze
[2023-10-08T04:15:28.102+0000] {logging_mixin.py:151} INFO - hd0791h
[2023-10-08T04:15:29.515+0000] {logging_mixin.py:151} INFO - hd016x1
[2023-10-08T04:15:29.995+0000] {logging_mixin.py:151} INFO - hd0cocv
[2023-10-08T04:15:31.417+0000] {logging_mixin.py:151} INFO - hd0syp3
[2023-10-08T04:15:31.836+0000] {logging_mixin.py:151} INFO - he1i179
[2023-10-08T04:15:33.272+0000] {logging_mixin.py:151} INFO - hnusb66
[2023-10-08T04:15:34.813+0000] {logging_mixin.py:151} INFO - hcznpy1
[2023-10-08T04:15:35.194+0000] {logging_mixin.py:151} INFO - hd0ursy
[2023-10-08T04:15:36.655+0000] {logging_mixin.py:151} INFO - hd1ndzg
[2023-10-08T04:15:37.166+0000] {logging_mixin.py:151} INFO - hd1u3kz
[2023-10-08T04:15:38.591+0000] {logging_mixin.py:151} INFO - hd0lown
[2023-10-08T04:15:38.993+0000] {logging_mixin.py:151} INFO - hd0ux8v
[2023-10-08T04:15:40.404+0000] {logging_mixin.py:151} INFO - hd2j6w4
[2023-10-08T04:15:40.798+0000] {logging_mixin.py:151} INFO - hd0qs9m
[2023-10-08T04:15:42.198+0000] {logging_mixin.py:151} INFO - hd1jmdy
[2023-10-08T04:15:43.610+0000] {logging_mixin.py:151} INFO - hdnuet5
[2023-10-08T04:15:44.039+0000] {logging_mixin.py:151} INFO - hd2jlm8
[2023-10-08T04:15:45.585+0000] {logging_mixin.py:151} INFO - hd450nq
[2023-10-08T04:15:46.061+0000] {logging_mixin.py:151} INFO - hfrvbjc
[2023-10-08T04:15:47.498+0000] {logging_mixin.py:151} INFO - hd8kbdd
[2023-10-08T04:15:47.895+0000] {logging_mixin.py:151} INFO - hd1tvep
[2023-10-08T04:15:49.340+0000] {logging_mixin.py:151} INFO - hd373fm
[2023-10-08T04:15:50.760+0000] {logging_mixin.py:151} INFO - hj75t7w
[2023-10-08T04:15:51.147+0000] {logging_mixin.py:151} INFO - hd1srzn
[2023-10-08T04:15:52.621+0000] {logging_mixin.py:151} INFO - hd4gvtq
[2023-10-08T04:15:53.034+0000] {logging_mixin.py:151} INFO - hd4gdly
[2023-10-08T04:15:54.510+0000] {logging_mixin.py:151} INFO - hczncfh
[2023-10-08T04:15:54.976+0000] {logging_mixin.py:151} INFO - hd0bn5u
[2023-10-08T04:15:56.411+0000] {logging_mixin.py:151} INFO - hd0cjk8
[2023-10-08T04:15:57.848+0000] {logging_mixin.py:151} INFO - hd2cxh5
[2023-10-08T04:15:58.244+0000] {logging_mixin.py:151} INFO - hd3lgcj
[2023-10-08T04:15:59.701+0000] {logging_mixin.py:151} INFO - hd0ixqt
[2023-10-08T04:16:00.206+0000] {logging_mixin.py:151} INFO - hd21rqu
[2023-10-08T04:16:01.948+0000] {logging_mixin.py:151} INFO - hd2mlcl
[2023-10-08T04:16:02.458+0000] {logging_mixin.py:151} INFO - hd226dc
[2023-10-08T04:16:03.882+0000] {logging_mixin.py:151} INFO - hd06vhu
[2023-10-08T04:16:04.282+0000] {logging_mixin.py:151} INFO - hdqd0vg
[2023-10-08T04:16:05.675+0000] {logging_mixin.py:151} INFO - hd1uusp
[2023-10-08T04:16:06.364+0000] {logging_mixin.py:151} INFO - hd3o4ul
[2023-10-08T04:16:07.788+0000] {logging_mixin.py:151} INFO - hjs9e9b
[2023-10-08T04:16:08.204+0000] {logging_mixin.py:151} INFO - hd01km9
[2023-10-08T04:16:10.530+0000] {logging_mixin.py:151} INFO - hd3c58d
[2023-10-08T04:16:10.934+0000] {logging_mixin.py:151} INFO - hd3gxrn
[2023-10-08T04:16:11.358+0000] {logging_mixin.py:151} INFO - hd2xknl
[2023-10-08T04:16:12.755+0000] {logging_mixin.py:151} INFO - hd02zfe
[2023-10-08T04:16:13.145+0000] {logging_mixin.py:151} INFO - hczcg1w
[2023-10-08T04:16:15.245+0000] {logging_mixin.py:151} INFO - hczb3se
[2023-10-08T04:16:15.781+0000] {logging_mixin.py:151} INFO - hd3mg8s
[2023-10-08T04:16:16.294+0000] {logging_mixin.py:151} INFO - hd0ll7f
[2023-10-08T04:16:17.714+0000] {logging_mixin.py:151} INFO - hd1342t
[2023-10-08T04:16:18.116+0000] {logging_mixin.py:151} INFO - hczrx2m
[2023-10-08T04:16:19.553+0000] {logging_mixin.py:151} INFO - hczumv6
[2023-10-08T04:16:20.066+0000] {logging_mixin.py:151} INFO - hd1zwy2
[2023-10-08T04:16:21.479+0000] {logging_mixin.py:151} INFO - hd2dayf
[2023-10-08T04:16:21.879+0000] {logging_mixin.py:151} INFO - hd01y9b
[2023-10-08T04:16:23.308+0000] {logging_mixin.py:151} INFO - hczrh6c
[2023-10-08T04:16:24.744+0000] {logging_mixin.py:151} INFO - hd03w2i
[2023-10-08T04:16:25.127+0000] {logging_mixin.py:151} INFO - hd0i5xw
[2023-10-08T04:16:26.534+0000] {logging_mixin.py:151} INFO - hd0pfgd
[2023-10-08T04:16:26.935+0000] {logging_mixin.py:151} INFO - hd2gbij
[2023-10-08T04:16:28.464+0000] {logging_mixin.py:151} INFO - hd3j521
[2023-10-08T04:16:29.895+0000] {logging_mixin.py:151} INFO - hd0xy7n
[2023-10-08T04:16:30.409+0000] {logging_mixin.py:151} INFO - hd3st22
[2023-10-08T04:16:31.876+0000] {logging_mixin.py:151} INFO - hczu0wu
[2023-10-08T04:16:32.256+0000] {logging_mixin.py:151} INFO - hczz48n
[2023-10-08T04:16:33.696+0000] {logging_mixin.py:151} INFO - hczwglp
[2023-10-08T04:16:34.202+0000] {logging_mixin.py:151} INFO - hczt0d4
[2023-10-08T04:16:35.646+0000] {logging_mixin.py:151} INFO - hczsq1w
[2023-10-08T04:16:36.055+0000] {logging_mixin.py:151} INFO - hd11rsz
[2023-10-08T04:16:37.461+0000] {logging_mixin.py:151} INFO - hczoiur
[2023-10-08T04:16:37.878+0000] {logging_mixin.py:151} INFO - hd3qwxy
[2023-10-08T04:16:39.290+0000] {logging_mixin.py:151} INFO - hd0swzj
[2023-10-08T04:16:40.698+0000] {logging_mixin.py:151} INFO - hd2u8ki
[2023-10-08T04:16:41.095+0000] {logging_mixin.py:151} INFO - hd0xv6v
[2023-10-08T04:16:42.607+0000] {logging_mixin.py:151} INFO - hd1g7g8
[2023-10-08T04:16:43.030+0000] {logging_mixin.py:151} INFO - hd4fvgu
[2023-10-08T04:16:44.449+0000] {logging_mixin.py:151} INFO - hd0wwec
[2023-10-08T04:16:44.860+0000] {logging_mixin.py:151} INFO - hn6bdg2
[2023-10-08T04:16:46.278+0000] {logging_mixin.py:151} INFO - hd78g7u
[2023-10-08T04:16:47.708+0000] {logging_mixin.py:151} INFO - hd0g032
[2023-10-08T04:16:48.100+0000] {logging_mixin.py:151} INFO - hd5gb84
[2023-10-08T04:16:49.557+0000] {logging_mixin.py:151} INFO - hd0fb1e
[2023-10-08T04:16:50.066+0000] {logging_mixin.py:151} INFO - hd0gv0d
[2023-10-08T04:16:52.013+0000] {logging_mixin.py:151} INFO - hd3vwt2
[2023-10-08T04:16:52.523+0000] {logging_mixin.py:151} INFO - hd7hd0j
[2023-10-08T04:16:52.922+0000] {logging_mixin.py:151} INFO - hd065hm
[2023-10-08T04:16:54.330+0000] {logging_mixin.py:151} INFO - hczw3qs
[2023-10-08T04:16:55.794+0000] {logging_mixin.py:151} INFO - hczkjax
[2023-10-08T04:16:56.316+0000] {logging_mixin.py:151} INFO - hd0tl5h
[2023-10-08T04:16:57.739+0000] {logging_mixin.py:151} INFO - hd0sw4h
[2023-10-08T04:16:58.142+0000] {logging_mixin.py:151} INFO - hd17ful
[2023-10-08T04:16:59.617+0000] {logging_mixin.py:151} INFO - hd8u4za
[2023-10-08T04:17:00.114+0000] {logging_mixin.py:151} INFO - hd0m52q
[2023-10-08T04:17:01.570+0000] {logging_mixin.py:151} INFO - hd2scjf
[2023-10-08T04:17:02.053+0000] {logging_mixin.py:151} INFO - hd2y8w2
[2023-10-08T04:17:03.465+0000] {logging_mixin.py:151} INFO - hd637bn
[2023-10-08T04:17:03.852+0000] {logging_mixin.py:151} INFO - hd36fvg
[2023-10-08T04:17:05.291+0000] {logging_mixin.py:151} INFO - hd2xdpu
[2023-10-08T04:17:06.772+0000] {logging_mixin.py:151} INFO - hfcqqqy
[2023-10-08T04:17:07.285+0000] {logging_mixin.py:151} INFO - hd3hv5m
[2023-10-08T04:17:08.687+0000] {logging_mixin.py:151} INFO - hd4h53q
[2023-10-08T04:17:09.230+0000] {logging_mixin.py:151} INFO - hfd5lgb
[2023-10-08T04:17:10.631+0000] {logging_mixin.py:151} INFO - hgei9x7
[2023-10-08T04:17:11.037+0000] {logging_mixin.py:151} INFO - hexiluw
[2023-10-08T04:17:12.417+0000] {logging_mixin.py:151} INFO - hd27now
[2023-10-08T04:17:12.824+0000] {logging_mixin.py:151} INFO - hd3hlq2
[2023-10-08T04:17:14.255+0000] {logging_mixin.py:151} INFO - hd4gq0x
[2023-10-08T04:17:15.794+0000] {logging_mixin.py:151} INFO - hczp3vp
[2023-10-08T04:17:16.302+0000] {logging_mixin.py:151} INFO - hczns6h
[2023-10-08T04:17:17.672+0000] {logging_mixin.py:151} INFO - hd2pzf3
[2023-10-08T04:17:18.076+0000] {logging_mixin.py:151} INFO - hd4sl0i
[2023-10-08T04:17:19.560+0000] {logging_mixin.py:151} INFO - hd0jdbm
[2023-10-08T04:17:20.071+0000] {logging_mixin.py:151} INFO - hd1qvfg
[2023-10-08T04:17:21.610+0000] {logging_mixin.py:151} INFO - izi6hsd
[2023-10-08T04:17:22.325+0000] {logging_mixin.py:151} INFO - hd2tcim
[2023-10-08T04:17:23.730+0000] {logging_mixin.py:151} INFO - hd3n58s
[2023-10-08T04:17:24.129+0000] {logging_mixin.py:151} INFO - hd05t3c
[2023-10-08T04:17:25.552+0000] {logging_mixin.py:151} INFO - hd3oc0l
[2023-10-08T04:17:26.015+0000] {logging_mixin.py:151} INFO - hd3qvkz
[2023-10-08T04:17:27.433+0000] {logging_mixin.py:151} INFO - hd7ualn
[2023-10-08T04:17:27.979+0000] {logging_mixin.py:151} INFO - hd0641r
[2023-10-08T04:17:29.500+0000] {logging_mixin.py:151} INFO - hd35awe
[2023-10-08T04:17:29.917+0000] {logging_mixin.py:151} INFO - hd3ml5i
[2023-10-08T04:17:31.453+0000] {logging_mixin.py:151} INFO - hdeuclj
[2023-10-08T04:17:32.884+0000] {logging_mixin.py:151} INFO - hd0eyew
[2023-10-08T04:17:33.392+0000] {logging_mixin.py:151} INFO - hd04bl8
[2023-10-08T04:17:35.441+0000] {logging_mixin.py:151} INFO - hd0au93
[2023-10-08T04:17:35.956+0000] {logging_mixin.py:151} INFO - hd0djf7
[2023-10-08T04:17:36.467+0000] {logging_mixin.py:151} INFO - hd0qf2e
[2023-10-08T04:17:37.880+0000] {logging_mixin.py:151} INFO - hd0i2fb
[2023-10-08T04:17:38.284+0000] {logging_mixin.py:151} INFO - hd0rl0p
[2023-10-08T04:17:39.684+0000] {logging_mixin.py:151} INFO - hd2so63
[2023-10-08T04:17:40.090+0000] {logging_mixin.py:151} INFO - hd0y0oj
[2023-10-08T04:17:41.501+0000] {logging_mixin.py:151} INFO - hd05t55
[2023-10-08T04:17:41.886+0000] {logging_mixin.py:151} INFO - hd3r4rv
[2023-10-08T04:17:43.335+0000] {logging_mixin.py:151} INFO - hd0gdqy
[2023-10-08T04:17:44.745+0000] {logging_mixin.py:151} INFO - hd0tgfq
[2023-10-08T04:17:45.162+0000] {logging_mixin.py:151} INFO - hczt49r
[2023-10-08T04:17:46.578+0000] {logging_mixin.py:151} INFO - hd0uszn
[2023-10-08T04:17:47.025+0000] {logging_mixin.py:151} INFO - hd1s6wv
[2023-10-08T04:17:48.442+0000] {logging_mixin.py:151} INFO - hd0y6l2
[2023-10-08T04:17:48.826+0000] {logging_mixin.py:151} INFO - hem0giu
[2023-10-08T04:17:50.228+0000] {logging_mixin.py:151} INFO - hd3s9qs
[2023-10-08T04:17:51.712+0000] {logging_mixin.py:151} INFO - hd0fjdq
[2023-10-08T04:17:52.109+0000] {logging_mixin.py:151} INFO - hd0lhvp
[2023-10-08T04:17:53.504+0000] {logging_mixin.py:151} INFO - hd0wiaf
[2023-10-08T04:17:53.949+0000] {logging_mixin.py:151} INFO - juuipn2
[2023-10-08T04:17:55.380+0000] {logging_mixin.py:151} INFO - hd16z0p
[2023-10-08T04:17:56.841+0000] {logging_mixin.py:151} INFO - hd06d1l
[2023-10-08T04:17:57.532+0000] {logging_mixin.py:151} INFO - hczwfzw
[2023-10-08T04:17:59.499+0000] {logging_mixin.py:151} INFO - hd10iud
[2023-10-08T04:18:00.120+0000] {logging_mixin.py:151} INFO - hd17izy
[2023-10-08T04:18:00.720+0000] {logging_mixin.py:151} INFO - hd1fc8y
[2023-10-08T04:18:01.217+0000] {logging_mixin.py:151} INFO - hd1g9a6
[2023-10-08T04:18:02.683+0000] {logging_mixin.py:151} INFO - hd1p4nd
[2023-10-08T04:18:03.104+0000] {logging_mixin.py:151} INFO - hd1zv2a
[2023-10-08T04:18:04.483+0000] {logging_mixin.py:151} INFO - hjwv7mc
[2023-10-08T04:18:04.888+0000] {logging_mixin.py:151} INFO - hdypeiz
[2023-10-08T04:18:06.296+0000] {logging_mixin.py:151} INFO - hd0no24
[2023-10-08T04:18:07.804+0000] {logging_mixin.py:151} INFO - hd1mzdj
[2023-10-08T04:18:08.315+0000] {logging_mixin.py:151} INFO - hfx7h0l
[2023-10-08T04:18:09.726+0000] {logging_mixin.py:151} INFO - hd52ssg
[2023-10-08T04:18:10.101+0000] {logging_mixin.py:151} INFO - hd3j54c
[2023-10-08T04:18:11.493+0000] {logging_mixin.py:151} INFO - hd2o9cc
[2023-10-08T04:18:11.889+0000] {logging_mixin.py:151} INFO - hdhez0k
[2023-10-08T04:18:13.287+0000] {logging_mixin.py:151} INFO - hd62fol
[2023-10-08T04:18:14.777+0000] {logging_mixin.py:151} INFO - hd2qkbu
[2023-10-08T04:18:15.168+0000] {logging_mixin.py:151} INFO - hd6lz02
[2023-10-08T04:18:16.722+0000] {logging_mixin.py:151} INFO - hd1mpct
[2023-10-08T04:18:17.210+0000] {logging_mixin.py:151} INFO - hd1jy1g
[2023-10-08T04:18:18.642+0000] {logging_mixin.py:151} INFO - hd1pppq
[2023-10-08T04:18:19.054+0000] {logging_mixin.py:151} INFO - hd3m1xp
[2023-10-08T04:18:20.593+0000] {logging_mixin.py:151} INFO - hg0xpcn
[2023-10-08T04:18:21.011+0000] {logging_mixin.py:151} INFO - hd1jqpz
[2023-10-08T04:18:22.701+0000] {logging_mixin.py:151} INFO - hd3xe9a
[2023-10-08T04:18:23.326+0000] {logging_mixin.py:151} INFO - ia07vv7
[2023-10-08T04:18:24.720+0000] {logging_mixin.py:151} INFO - hd0huy0
[2023-10-08T04:18:25.114+0000] {logging_mixin.py:151} INFO - hd0dbrj
[2023-10-08T04:18:26.604+0000] {logging_mixin.py:151} INFO - hd3ddec
[2023-10-08T04:18:27.242+0000] {logging_mixin.py:151} INFO - hd4kbw7
[2023-10-08T04:18:29.111+0000] {logging_mixin.py:151} INFO - hd52xl5
[2023-10-08T04:18:30.118+0000] {logging_mixin.py:151} INFO - hd52wie
[2023-10-08T04:18:31.290+0000] {logging_mixin.py:151} INFO - hd29tk5
[2023-10-08T04:18:34.379+0000] {logging_mixin.py:151} INFO - hd17ubz
[2023-10-08T04:18:35.355+0000] {logging_mixin.py:151} INFO - hjwvah5
[2023-10-08T04:18:35.919+0000] {logging_mixin.py:151} INFO - hd1ldgn
[2023-10-08T04:18:36.425+0000] {logging_mixin.py:151} INFO - hd0uqnv
[2023-10-08T04:18:36.936+0000] {logging_mixin.py:151} INFO - hd0qvxz
[2023-10-08T04:18:37.336+0000] {logging_mixin.py:151} INFO - izi671m
[2023-10-08T04:18:37.911+0000] {logging_mixin.py:151} INFO - hd211wy
[2023-10-08T04:18:38.627+0000] {logging_mixin.py:151} INFO - hd8wno3
[2023-10-08T04:18:40.101+0000] {logging_mixin.py:151} INFO - hf4uxot
[2023-10-08T04:18:40.501+0000] {logging_mixin.py:151} INFO - hd2qyd0
[2023-10-08T04:18:40.911+0000] {logging_mixin.py:151} INFO - hd24wmx
[2023-10-08T04:18:42.345+0000] {logging_mixin.py:151} INFO - hd21vke
[2023-10-08T04:18:43.783+0000] {logging_mixin.py:151} INFO - hd1tg6c
[2023-10-08T04:18:44.188+0000] {logging_mixin.py:151} INFO - hd0qw4u
[2023-10-08T04:18:45.615+0000] {logging_mixin.py:151} INFO - hd3vgh1
[2023-10-08T04:18:46.110+0000] {logging_mixin.py:151} INFO - hd4p4jq
[2023-10-08T04:18:47.723+0000] {logging_mixin.py:151} INFO - hd5369f
[2023-10-08T04:18:48.198+0000] {logging_mixin.py:151} INFO - hd4ur2g
[2023-10-08T04:18:49.675+0000] {logging_mixin.py:151} INFO - hd0vqvs
[2023-10-08T04:18:50.086+0000] {logging_mixin.py:151} INFO - hd0uhqi
[2023-10-08T04:18:51.485+0000] {logging_mixin.py:151} INFO - hd36f9c
[2023-10-08T04:18:51.930+0000] {logging_mixin.py:151} INFO - hd2mouy
[2023-10-08T04:18:53.463+0000] {logging_mixin.py:151} INFO - hd1bh7a
[2023-10-08T04:18:54.945+0000] {logging_mixin.py:151} INFO - hd11dfz
[2023-10-08T04:18:55.589+0000] {logging_mixin.py:151} INFO -      post_id       post_author  ... is_root_comment comment_author_flair_text
0     92x3p6     SeriousStarbs  ...            True                      None
1     92x3p6     SeriousStarbs  ...            True            Former Partner
2     92x3p6     SeriousStarbs  ...            True                      None
3     92x3p6     SeriousStarbs  ...            True                      None
4     92x3p6     SeriousStarbs  ...            True                      None
...      ...               ...  ...             ...                       ...
1126  pou8vz  PossiblyUnhinged  ...           False            Former Partner
1127  pou8vz  PossiblyUnhinged  ...           False                      None
1128  pou8vz  PossiblyUnhinged  ...           False   :Barista: Store Manager
1129  pou8vz  PossiblyUnhinged  ...           False                      None
1130  pou8vz  PossiblyUnhinged  ...           False                      None

[1131 rows x 10 columns]
[2023-10-08T04:18:55.629+0000] {python.py:194} INFO - Done. Returned value was: None
[2023-10-08T04:18:55.645+0000] {taskinstance.py:1400} INFO - Marking task as SUCCESS. dag_id=Reddit_Post_Comment_Dag, task_id=extract_post_comment_task, execution_date=20231008T034809, start_date=20231008T040355, end_date=20231008T041855
[2023-10-08T04:18:55.691+0000] {local_task_job_runner.py:228} INFO - Task exited with return code 0
[2023-10-08T04:18:55.725+0000] {taskinstance.py:2784} INFO - 1 downstream tasks scheduled from follow-on schedule check
