[2023-10-05T15:16:40.555+0000] {processor.py:157} INFO - Started process (PID=41) to work on /opt/airflow/dags/youtube_starbucks_dag.py
[2023-10-05T15:16:40.656+0000] {processor.py:829} INFO - Processing file /opt/airflow/dags/youtube_starbucks_dag.py for tasks to queue
[2023-10-05T15:16:40.863+0000] {logging_mixin.py:151} INFO - [2023-10-05T15:16:40.857+0000] {dagbag.py:539} INFO - Filling up the DagBag from /opt/airflow/dags/youtube_starbucks_dag.py
[2023-10-05T15:16:42.827+0000] {processor.py:839} INFO - DAG(s) dict_keys(['YouTube_starbucks_Dag']) retrieved from /opt/airflow/dags/youtube_starbucks_dag.py
[2023-10-05T15:16:43.705+0000] {logging_mixin.py:151} INFO - [2023-10-05T15:16:43.705+0000] {manager.py:501} INFO - Created Permission View: can read on DAG:YouTube_starbucks_Dag
[2023-10-05T15:16:43.722+0000] {logging_mixin.py:151} INFO - [2023-10-05T15:16:43.722+0000] {manager.py:501} INFO - Created Permission View: can delete on DAG:YouTube_starbucks_Dag
[2023-10-05T15:16:43.742+0000] {logging_mixin.py:151} INFO - [2023-10-05T15:16:43.742+0000] {manager.py:501} INFO - Created Permission View: can edit on DAG:YouTube_starbucks_Dag
[2023-10-05T15:16:43.767+0000] {logging_mixin.py:151} INFO - [2023-10-05T15:16:43.766+0000] {dag.py:2907} INFO - Sync 1 DAGs
[2023-10-05T15:16:43.802+0000] {logging_mixin.py:151} INFO - [2023-10-05T15:16:43.802+0000] {dag.py:2929} INFO - Creating ORM DAG for YouTube_starbucks_Dag
[2023-10-05T15:16:43.807+0000] {logging_mixin.py:151} INFO - [2023-10-05T15:16:43.806+0000] {dag.py:3677} INFO - Setting next_dagrun for YouTube_starbucks_Dag to None, run_after=None
[2023-10-05T15:16:43.874+0000] {processor.py:179} INFO - Processing /opt/airflow/dags/youtube_starbucks_dag.py took 3.798 seconds
[2023-10-05T15:17:14.344+0000] {processor.py:157} INFO - Started process (PID=54) to work on /opt/airflow/dags/youtube_starbucks_dag.py
[2023-10-05T15:17:14.385+0000] {processor.py:829} INFO - Processing file /opt/airflow/dags/youtube_starbucks_dag.py for tasks to queue
[2023-10-05T15:17:14.470+0000] {logging_mixin.py:151} INFO - [2023-10-05T15:17:14.464+0000] {dagbag.py:539} INFO - Filling up the DagBag from /opt/airflow/dags/youtube_starbucks_dag.py
[2023-10-05T15:17:14.830+0000] {processor.py:839} INFO - DAG(s) dict_keys(['YouTube_starbucks_Dag']) retrieved from /opt/airflow/dags/youtube_starbucks_dag.py
[2023-10-05T15:17:14.963+0000] {logging_mixin.py:151} INFO - [2023-10-05T15:17:14.963+0000] {dag.py:2907} INFO - Sync 1 DAGs
[2023-10-05T15:17:15.002+0000] {logging_mixin.py:151} INFO - [2023-10-05T15:17:15.002+0000] {dag.py:3677} INFO - Setting next_dagrun for YouTube_starbucks_Dag to None, run_after=None
[2023-10-05T15:17:15.111+0000] {processor.py:179} INFO - Processing /opt/airflow/dags/youtube_starbucks_dag.py took 0.867 seconds
[2023-10-05T15:17:45.562+0000] {processor.py:157} INFO - Started process (PID=66) to work on /opt/airflow/dags/youtube_starbucks_dag.py
[2023-10-05T15:17:45.565+0000] {processor.py:829} INFO - Processing file /opt/airflow/dags/youtube_starbucks_dag.py for tasks to queue
[2023-10-05T15:17:45.585+0000] {logging_mixin.py:151} INFO - [2023-10-05T15:17:45.583+0000] {dagbag.py:539} INFO - Filling up the DagBag from /opt/airflow/dags/youtube_starbucks_dag.py
[2023-10-05T15:17:45.673+0000] {processor.py:839} INFO - DAG(s) dict_keys(['YouTube_starbucks_Dag']) retrieved from /opt/airflow/dags/youtube_starbucks_dag.py
[2023-10-05T15:17:45.740+0000] {logging_mixin.py:151} INFO - [2023-10-05T15:17:45.740+0000] {dag.py:2907} INFO - Sync 1 DAGs
[2023-10-05T15:17:45.810+0000] {logging_mixin.py:151} INFO - [2023-10-05T15:17:45.809+0000] {dag.py:3677} INFO - Setting next_dagrun for YouTube_starbucks_Dag to None, run_after=None
[2023-10-05T15:17:45.861+0000] {processor.py:179} INFO - Processing /opt/airflow/dags/youtube_starbucks_dag.py took 0.320 seconds
[2023-10-05T15:18:16.838+0000] {processor.py:157} INFO - Started process (PID=78) to work on /opt/airflow/dags/youtube_starbucks_dag.py
[2023-10-05T15:18:16.844+0000] {processor.py:829} INFO - Processing file /opt/airflow/dags/youtube_starbucks_dag.py for tasks to queue
[2023-10-05T15:18:16.861+0000] {logging_mixin.py:151} INFO - [2023-10-05T15:18:16.859+0000] {dagbag.py:539} INFO - Filling up the DagBag from /opt/airflow/dags/youtube_starbucks_dag.py
[2023-10-05T15:18:17.038+0000] {processor.py:839} INFO - DAG(s) dict_keys(['YouTube_starbucks_Dag']) retrieved from /opt/airflow/dags/youtube_starbucks_dag.py
[2023-10-05T15:18:17.112+0000] {logging_mixin.py:151} INFO - [2023-10-05T15:18:17.110+0000] {dag.py:2907} INFO - Sync 1 DAGs
[2023-10-05T15:18:17.170+0000] {logging_mixin.py:151} INFO - [2023-10-05T15:18:17.170+0000] {dag.py:3677} INFO - Setting next_dagrun for YouTube_starbucks_Dag to None, run_after=None
[2023-10-05T15:18:17.230+0000] {processor.py:179} INFO - Processing /opt/airflow/dags/youtube_starbucks_dag.py took 0.404 seconds
[2023-10-05T15:18:31.895+0000] {processor.py:157} INFO - Started process (PID=89) to work on /opt/airflow/dags/youtube_starbucks_dag.py
[2023-10-05T15:18:31.898+0000] {processor.py:829} INFO - Processing file /opt/airflow/dags/youtube_starbucks_dag.py for tasks to queue
[2023-10-05T15:18:31.906+0000] {logging_mixin.py:151} INFO - [2023-10-05T15:18:31.905+0000] {dagbag.py:539} INFO - Filling up the DagBag from /opt/airflow/dags/youtube_starbucks_dag.py
[2023-10-05T15:18:32.100+0000] {logging_mixin.py:151} INFO - [2023-10-05T15:18:32.096+0000] {dagbag.py:347} ERROR - Failed to import: /opt/airflow/dags/youtube_starbucks_dag.py
Traceback (most recent call last):
  File "/home/airflow/.local/lib/python3.8/site-packages/airflow/models/dagbag.py", line 343, in parse
    loader.exec_module(new_module)
  File "<frozen importlib._bootstrap_external>", line 843, in exec_module
  File "<frozen importlib._bootstrap>", line 219, in _call_with_frames_removed
  File "/opt/airflow/dags/youtube_starbucks_dag.py", line 47, in <module>
    extract_post_task >> save_starbucks_task
NameError: name 'extract_post_task' is not defined
[2023-10-05T15:18:32.102+0000] {processor.py:841} WARNING - No viable dags retrieved from /opt/airflow/dags/youtube_starbucks_dag.py
[2023-10-05T15:18:32.129+0000] {processor.py:179} INFO - Processing /opt/airflow/dags/youtube_starbucks_dag.py took 0.242 seconds
[2023-10-05T15:18:33.943+0000] {processor.py:157} INFO - Started process (PID=90) to work on /opt/airflow/dags/youtube_starbucks_dag.py
[2023-10-05T15:18:33.947+0000] {processor.py:829} INFO - Processing file /opt/airflow/dags/youtube_starbucks_dag.py for tasks to queue
[2023-10-05T15:18:33.954+0000] {logging_mixin.py:151} INFO - [2023-10-05T15:18:33.953+0000] {dagbag.py:539} INFO - Filling up the DagBag from /opt/airflow/dags/youtube_starbucks_dag.py
[2023-10-05T15:18:34.034+0000] {logging_mixin.py:151} INFO - [2023-10-05T15:18:34.031+0000] {dagbag.py:347} ERROR - Failed to import: /opt/airflow/dags/youtube_starbucks_dag.py
Traceback (most recent call last):
  File "/home/airflow/.local/lib/python3.8/site-packages/airflow/models/dagbag.py", line 343, in parse
    loader.exec_module(new_module)
  File "<frozen importlib._bootstrap_external>", line 843, in exec_module
  File "<frozen importlib._bootstrap>", line 219, in _call_with_frames_removed
  File "/opt/airflow/dags/youtube_starbucks_dag.py", line 47, in <module>
    extract_post_task >> save_starbucks_task
NameError: name 'extract_post_task' is not defined
[2023-10-05T15:18:34.036+0000] {processor.py:841} WARNING - No viable dags retrieved from /opt/airflow/dags/youtube_starbucks_dag.py
[2023-10-05T15:18:34.054+0000] {processor.py:179} INFO - Processing /opt/airflow/dags/youtube_starbucks_dag.py took 0.118 seconds
[2023-10-05T15:18:36.175+0000] {processor.py:157} INFO - Started process (PID=91) to work on /opt/airflow/dags/youtube_starbucks_dag.py
[2023-10-05T15:18:36.180+0000] {processor.py:829} INFO - Processing file /opt/airflow/dags/youtube_starbucks_dag.py for tasks to queue
[2023-10-05T15:18:36.188+0000] {logging_mixin.py:151} INFO - [2023-10-05T15:18:36.187+0000] {dagbag.py:539} INFO - Filling up the DagBag from /opt/airflow/dags/youtube_starbucks_dag.py
[2023-10-05T15:18:36.287+0000] {processor.py:839} INFO - DAG(s) dict_keys(['YouTube_starbucks_Dag']) retrieved from /opt/airflow/dags/youtube_starbucks_dag.py
[2023-10-05T15:18:36.778+0000] {logging_mixin.py:151} INFO - [2023-10-05T15:18:36.778+0000] {dag.py:2907} INFO - Sync 1 DAGs
[2023-10-05T15:18:36.804+0000] {logging_mixin.py:151} INFO - [2023-10-05T15:18:36.803+0000] {dag.py:3677} INFO - Setting next_dagrun for YouTube_starbucks_Dag to None, run_after=None
[2023-10-05T15:18:36.845+0000] {processor.py:179} INFO - Processing /opt/airflow/dags/youtube_starbucks_dag.py took 0.678 seconds
[2023-10-05T15:19:07.473+0000] {processor.py:157} INFO - Started process (PID=103) to work on /opt/airflow/dags/youtube_starbucks_dag.py
[2023-10-05T15:19:07.475+0000] {processor.py:829} INFO - Processing file /opt/airflow/dags/youtube_starbucks_dag.py for tasks to queue
[2023-10-05T15:19:07.480+0000] {logging_mixin.py:151} INFO - [2023-10-05T15:19:07.479+0000] {dagbag.py:539} INFO - Filling up the DagBag from /opt/airflow/dags/youtube_starbucks_dag.py
[2023-10-05T15:19:07.587+0000] {processor.py:839} INFO - DAG(s) dict_keys(['YouTube_starbucks_Dag']) retrieved from /opt/airflow/dags/youtube_starbucks_dag.py
[2023-10-05T15:19:07.612+0000] {logging_mixin.py:151} INFO - [2023-10-05T15:19:07.611+0000] {dag.py:2907} INFO - Sync 1 DAGs
[2023-10-05T15:19:07.631+0000] {logging_mixin.py:151} INFO - [2023-10-05T15:19:07.631+0000] {dag.py:3677} INFO - Setting next_dagrun for YouTube_starbucks_Dag to None, run_after=None
[2023-10-05T15:19:07.662+0000] {processor.py:179} INFO - Processing /opt/airflow/dags/youtube_starbucks_dag.py took 0.195 seconds
[2023-10-05T15:19:38.126+0000] {processor.py:157} INFO - Started process (PID=115) to work on /opt/airflow/dags/youtube_starbucks_dag.py
[2023-10-05T15:19:38.128+0000] {processor.py:829} INFO - Processing file /opt/airflow/dags/youtube_starbucks_dag.py for tasks to queue
[2023-10-05T15:19:38.132+0000] {logging_mixin.py:151} INFO - [2023-10-05T15:19:38.132+0000] {dagbag.py:539} INFO - Filling up the DagBag from /opt/airflow/dags/youtube_starbucks_dag.py
[2023-10-05T15:19:38.185+0000] {processor.py:839} INFO - DAG(s) dict_keys(['YouTube_starbucks_Dag']) retrieved from /opt/airflow/dags/youtube_starbucks_dag.py
[2023-10-05T15:19:38.206+0000] {logging_mixin.py:151} INFO - [2023-10-05T15:19:38.206+0000] {dag.py:2907} INFO - Sync 1 DAGs
[2023-10-05T15:19:38.227+0000] {logging_mixin.py:151} INFO - [2023-10-05T15:19:38.227+0000] {dag.py:3677} INFO - Setting next_dagrun for YouTube_starbucks_Dag to None, run_after=None
[2023-10-05T15:19:38.255+0000] {processor.py:179} INFO - Processing /opt/airflow/dags/youtube_starbucks_dag.py took 0.135 seconds
[2023-10-05T15:20:08.787+0000] {processor.py:157} INFO - Started process (PID=127) to work on /opt/airflow/dags/youtube_starbucks_dag.py
[2023-10-05T15:20:08.789+0000] {processor.py:829} INFO - Processing file /opt/airflow/dags/youtube_starbucks_dag.py for tasks to queue
[2023-10-05T15:20:08.794+0000] {logging_mixin.py:151} INFO - [2023-10-05T15:20:08.794+0000] {dagbag.py:539} INFO - Filling up the DagBag from /opt/airflow/dags/youtube_starbucks_dag.py
[2023-10-05T15:20:08.835+0000] {processor.py:839} INFO - DAG(s) dict_keys(['YouTube_starbucks_Dag']) retrieved from /opt/airflow/dags/youtube_starbucks_dag.py
[2023-10-05T15:20:08.860+0000] {logging_mixin.py:151} INFO - [2023-10-05T15:20:08.859+0000] {dag.py:2907} INFO - Sync 1 DAGs
[2023-10-05T15:20:08.881+0000] {logging_mixin.py:151} INFO - [2023-10-05T15:20:08.881+0000] {dag.py:3677} INFO - Setting next_dagrun for YouTube_starbucks_Dag to None, run_after=None
[2023-10-05T15:20:08.919+0000] {processor.py:179} INFO - Processing /opt/airflow/dags/youtube_starbucks_dag.py took 0.137 seconds
[2023-10-05T15:20:39.422+0000] {processor.py:157} INFO - Started process (PID=139) to work on /opt/airflow/dags/youtube_starbucks_dag.py
[2023-10-05T15:20:39.425+0000] {processor.py:829} INFO - Processing file /opt/airflow/dags/youtube_starbucks_dag.py for tasks to queue
[2023-10-05T15:20:39.430+0000] {logging_mixin.py:151} INFO - [2023-10-05T15:20:39.429+0000] {dagbag.py:539} INFO - Filling up the DagBag from /opt/airflow/dags/youtube_starbucks_dag.py
[2023-10-05T15:20:39.473+0000] {processor.py:839} INFO - DAG(s) dict_keys(['YouTube_starbucks_Dag']) retrieved from /opt/airflow/dags/youtube_starbucks_dag.py
[2023-10-05T15:20:39.495+0000] {logging_mixin.py:151} INFO - [2023-10-05T15:20:39.495+0000] {dag.py:2907} INFO - Sync 1 DAGs
[2023-10-05T15:20:39.515+0000] {logging_mixin.py:151} INFO - [2023-10-05T15:20:39.515+0000] {dag.py:3677} INFO - Setting next_dagrun for YouTube_starbucks_Dag to None, run_after=None
[2023-10-05T15:20:39.539+0000] {processor.py:179} INFO - Processing /opt/airflow/dags/youtube_starbucks_dag.py took 0.123 seconds
[2023-10-05T15:21:10.139+0000] {processor.py:157} INFO - Started process (PID=151) to work on /opt/airflow/dags/youtube_starbucks_dag.py
[2023-10-05T15:21:10.141+0000] {processor.py:829} INFO - Processing file /opt/airflow/dags/youtube_starbucks_dag.py for tasks to queue
[2023-10-05T15:21:10.146+0000] {logging_mixin.py:151} INFO - [2023-10-05T15:21:10.145+0000] {dagbag.py:539} INFO - Filling up the DagBag from /opt/airflow/dags/youtube_starbucks_dag.py
[2023-10-05T15:21:10.188+0000] {processor.py:839} INFO - DAG(s) dict_keys(['YouTube_starbucks_Dag']) retrieved from /opt/airflow/dags/youtube_starbucks_dag.py
[2023-10-05T15:21:10.210+0000] {logging_mixin.py:151} INFO - [2023-10-05T15:21:10.210+0000] {dag.py:2907} INFO - Sync 1 DAGs
[2023-10-05T15:21:10.229+0000] {logging_mixin.py:151} INFO - [2023-10-05T15:21:10.228+0000] {dag.py:3677} INFO - Setting next_dagrun for YouTube_starbucks_Dag to None, run_after=None
[2023-10-05T15:21:10.257+0000] {processor.py:179} INFO - Processing /opt/airflow/dags/youtube_starbucks_dag.py took 0.124 seconds
[2023-10-05T15:21:40.865+0000] {processor.py:157} INFO - Started process (PID=163) to work on /opt/airflow/dags/youtube_starbucks_dag.py
[2023-10-05T15:21:40.870+0000] {processor.py:829} INFO - Processing file /opt/airflow/dags/youtube_starbucks_dag.py for tasks to queue
[2023-10-05T15:21:40.897+0000] {logging_mixin.py:151} INFO - [2023-10-05T15:21:40.892+0000] {dagbag.py:539} INFO - Filling up the DagBag from /opt/airflow/dags/youtube_starbucks_dag.py
[2023-10-05T15:21:40.970+0000] {processor.py:839} INFO - DAG(s) dict_keys(['YouTube_starbucks_Dag']) retrieved from /opt/airflow/dags/youtube_starbucks_dag.py
[2023-10-05T15:21:41.001+0000] {logging_mixin.py:151} INFO - [2023-10-05T15:21:41.000+0000] {dag.py:2907} INFO - Sync 1 DAGs
[2023-10-05T15:21:41.035+0000] {logging_mixin.py:151} INFO - [2023-10-05T15:21:41.035+0000] {dag.py:3677} INFO - Setting next_dagrun for YouTube_starbucks_Dag to None, run_after=None
[2023-10-05T15:21:41.143+0000] {processor.py:179} INFO - Processing /opt/airflow/dags/youtube_starbucks_dag.py took 0.286 seconds
[2023-10-05T15:22:11.454+0000] {processor.py:157} INFO - Started process (PID=174) to work on /opt/airflow/dags/youtube_starbucks_dag.py
[2023-10-05T15:22:11.456+0000] {processor.py:829} INFO - Processing file /opt/airflow/dags/youtube_starbucks_dag.py for tasks to queue
[2023-10-05T15:22:11.461+0000] {logging_mixin.py:151} INFO - [2023-10-05T15:22:11.461+0000] {dagbag.py:539} INFO - Filling up the DagBag from /opt/airflow/dags/youtube_starbucks_dag.py
[2023-10-05T15:22:11.517+0000] {processor.py:839} INFO - DAG(s) dict_keys(['YouTube_starbucks_Dag']) retrieved from /opt/airflow/dags/youtube_starbucks_dag.py
[2023-10-05T15:22:11.543+0000] {logging_mixin.py:151} INFO - [2023-10-05T15:22:11.542+0000] {dag.py:2907} INFO - Sync 1 DAGs
[2023-10-05T15:22:11.564+0000] {logging_mixin.py:151} INFO - [2023-10-05T15:22:11.564+0000] {dag.py:3677} INFO - Setting next_dagrun for YouTube_starbucks_Dag to None, run_after=None
[2023-10-05T15:22:11.622+0000] {processor.py:179} INFO - Processing /opt/airflow/dags/youtube_starbucks_dag.py took 0.175 seconds
[2023-10-05T15:22:42.183+0000] {processor.py:157} INFO - Started process (PID=186) to work on /opt/airflow/dags/youtube_starbucks_dag.py
[2023-10-05T15:22:42.186+0000] {processor.py:829} INFO - Processing file /opt/airflow/dags/youtube_starbucks_dag.py for tasks to queue
[2023-10-05T15:22:42.195+0000] {logging_mixin.py:151} INFO - [2023-10-05T15:22:42.195+0000] {dagbag.py:539} INFO - Filling up the DagBag from /opt/airflow/dags/youtube_starbucks_dag.py
[2023-10-05T15:22:42.245+0000] {processor.py:839} INFO - DAG(s) dict_keys(['YouTube_starbucks_Dag']) retrieved from /opt/airflow/dags/youtube_starbucks_dag.py
[2023-10-05T15:22:42.274+0000] {logging_mixin.py:151} INFO - [2023-10-05T15:22:42.274+0000] {dag.py:2907} INFO - Sync 1 DAGs
[2023-10-05T15:22:42.300+0000] {logging_mixin.py:151} INFO - [2023-10-05T15:22:42.300+0000] {dag.py:3677} INFO - Setting next_dagrun for YouTube_starbucks_Dag to None, run_after=None
[2023-10-05T15:22:42.334+0000] {processor.py:179} INFO - Processing /opt/airflow/dags/youtube_starbucks_dag.py took 0.161 seconds
[2023-10-05T15:23:12.956+0000] {processor.py:157} INFO - Started process (PID=198) to work on /opt/airflow/dags/youtube_starbucks_dag.py
[2023-10-05T15:23:12.958+0000] {processor.py:829} INFO - Processing file /opt/airflow/dags/youtube_starbucks_dag.py for tasks to queue
[2023-10-05T15:23:12.963+0000] {logging_mixin.py:151} INFO - [2023-10-05T15:23:12.963+0000] {dagbag.py:539} INFO - Filling up the DagBag from /opt/airflow/dags/youtube_starbucks_dag.py
[2023-10-05T15:23:13.013+0000] {processor.py:839} INFO - DAG(s) dict_keys(['YouTube_starbucks_Dag']) retrieved from /opt/airflow/dags/youtube_starbucks_dag.py
[2023-10-05T15:23:13.040+0000] {logging_mixin.py:151} INFO - [2023-10-05T15:23:13.039+0000] {dag.py:2907} INFO - Sync 1 DAGs
[2023-10-05T15:23:13.061+0000] {logging_mixin.py:151} INFO - [2023-10-05T15:23:13.061+0000] {dag.py:3677} INFO - Setting next_dagrun for YouTube_starbucks_Dag to None, run_after=None
[2023-10-05T15:23:13.094+0000] {processor.py:179} INFO - Processing /opt/airflow/dags/youtube_starbucks_dag.py took 0.144 seconds
[2023-10-05T15:23:43.657+0000] {processor.py:157} INFO - Started process (PID=210) to work on /opt/airflow/dags/youtube_starbucks_dag.py
[2023-10-05T15:23:43.659+0000] {processor.py:829} INFO - Processing file /opt/airflow/dags/youtube_starbucks_dag.py for tasks to queue
[2023-10-05T15:23:43.665+0000] {logging_mixin.py:151} INFO - [2023-10-05T15:23:43.665+0000] {dagbag.py:539} INFO - Filling up the DagBag from /opt/airflow/dags/youtube_starbucks_dag.py
[2023-10-05T15:23:43.730+0000] {processor.py:839} INFO - DAG(s) dict_keys(['YouTube_starbucks_Dag']) retrieved from /opt/airflow/dags/youtube_starbucks_dag.py
[2023-10-05T15:23:43.760+0000] {logging_mixin.py:151} INFO - [2023-10-05T15:23:43.759+0000] {dag.py:2907} INFO - Sync 1 DAGs
[2023-10-05T15:23:43.780+0000] {logging_mixin.py:151} INFO - [2023-10-05T15:23:43.780+0000] {dag.py:3677} INFO - Setting next_dagrun for YouTube_starbucks_Dag to None, run_after=None
[2023-10-05T15:23:43.814+0000] {processor.py:179} INFO - Processing /opt/airflow/dags/youtube_starbucks_dag.py took 0.163 seconds
[2023-10-05T15:24:14.439+0000] {processor.py:157} INFO - Started process (PID=222) to work on /opt/airflow/dags/youtube_starbucks_dag.py
[2023-10-05T15:24:14.441+0000] {processor.py:829} INFO - Processing file /opt/airflow/dags/youtube_starbucks_dag.py for tasks to queue
[2023-10-05T15:24:14.446+0000] {logging_mixin.py:151} INFO - [2023-10-05T15:24:14.446+0000] {dagbag.py:539} INFO - Filling up the DagBag from /opt/airflow/dags/youtube_starbucks_dag.py
[2023-10-05T15:24:14.490+0000] {processor.py:839} INFO - DAG(s) dict_keys(['YouTube_starbucks_Dag']) retrieved from /opt/airflow/dags/youtube_starbucks_dag.py
[2023-10-05T15:24:14.514+0000] {logging_mixin.py:151} INFO - [2023-10-05T15:24:14.514+0000] {dag.py:2907} INFO - Sync 1 DAGs
[2023-10-05T15:24:14.535+0000] {logging_mixin.py:151} INFO - [2023-10-05T15:24:14.535+0000] {dag.py:3677} INFO - Setting next_dagrun for YouTube_starbucks_Dag to None, run_after=None
[2023-10-05T15:24:14.564+0000] {processor.py:179} INFO - Processing /opt/airflow/dags/youtube_starbucks_dag.py took 0.131 seconds
[2023-10-05T15:24:45.560+0000] {processor.py:157} INFO - Started process (PID=234) to work on /opt/airflow/dags/youtube_starbucks_dag.py
[2023-10-05T15:24:45.565+0000] {processor.py:829} INFO - Processing file /opt/airflow/dags/youtube_starbucks_dag.py for tasks to queue
[2023-10-05T15:24:45.575+0000] {logging_mixin.py:151} INFO - [2023-10-05T15:24:45.574+0000] {dagbag.py:539} INFO - Filling up the DagBag from /opt/airflow/dags/youtube_starbucks_dag.py
[2023-10-05T15:24:45.640+0000] {processor.py:839} INFO - DAG(s) dict_keys(['YouTube_starbucks_Dag']) retrieved from /opt/airflow/dags/youtube_starbucks_dag.py
[2023-10-05T15:24:45.679+0000] {logging_mixin.py:151} INFO - [2023-10-05T15:24:45.679+0000] {dag.py:2907} INFO - Sync 1 DAGs
[2023-10-05T15:24:45.708+0000] {logging_mixin.py:151} INFO - [2023-10-05T15:24:45.708+0000] {dag.py:3677} INFO - Setting next_dagrun for YouTube_starbucks_Dag to None, run_after=None
[2023-10-05T15:24:45.773+0000] {processor.py:179} INFO - Processing /opt/airflow/dags/youtube_starbucks_dag.py took 0.221 seconds
[2023-10-05T15:25:16.497+0000] {processor.py:157} INFO - Started process (PID=245) to work on /opt/airflow/dags/youtube_starbucks_dag.py
[2023-10-05T15:25:16.499+0000] {processor.py:829} INFO - Processing file /opt/airflow/dags/youtube_starbucks_dag.py for tasks to queue
[2023-10-05T15:25:16.505+0000] {logging_mixin.py:151} INFO - [2023-10-05T15:25:16.504+0000] {dagbag.py:539} INFO - Filling up the DagBag from /opt/airflow/dags/youtube_starbucks_dag.py
[2023-10-05T15:25:16.555+0000] {processor.py:839} INFO - DAG(s) dict_keys(['YouTube_starbucks_Dag']) retrieved from /opt/airflow/dags/youtube_starbucks_dag.py
[2023-10-05T15:25:16.583+0000] {logging_mixin.py:151} INFO - [2023-10-05T15:25:16.583+0000] {dag.py:2907} INFO - Sync 1 DAGs
[2023-10-05T15:25:16.605+0000] {logging_mixin.py:151} INFO - [2023-10-05T15:25:16.605+0000] {dag.py:3677} INFO - Setting next_dagrun for YouTube_starbucks_Dag to None, run_after=None
[2023-10-05T15:25:16.639+0000] {processor.py:179} INFO - Processing /opt/airflow/dags/youtube_starbucks_dag.py took 0.147 seconds
[2023-10-05T15:25:47.168+0000] {processor.py:157} INFO - Started process (PID=257) to work on /opt/airflow/dags/youtube_starbucks_dag.py
[2023-10-05T15:25:47.171+0000] {processor.py:829} INFO - Processing file /opt/airflow/dags/youtube_starbucks_dag.py for tasks to queue
[2023-10-05T15:25:47.175+0000] {logging_mixin.py:151} INFO - [2023-10-05T15:25:47.175+0000] {dagbag.py:539} INFO - Filling up the DagBag from /opt/airflow/dags/youtube_starbucks_dag.py
[2023-10-05T15:25:47.223+0000] {processor.py:839} INFO - DAG(s) dict_keys(['YouTube_starbucks_Dag']) retrieved from /opt/airflow/dags/youtube_starbucks_dag.py
[2023-10-05T15:25:47.244+0000] {logging_mixin.py:151} INFO - [2023-10-05T15:25:47.244+0000] {dag.py:2907} INFO - Sync 1 DAGs
[2023-10-05T15:25:47.264+0000] {logging_mixin.py:151} INFO - [2023-10-05T15:25:47.264+0000] {dag.py:3677} INFO - Setting next_dagrun for YouTube_starbucks_Dag to None, run_after=None
[2023-10-05T15:25:47.293+0000] {processor.py:179} INFO - Processing /opt/airflow/dags/youtube_starbucks_dag.py took 0.131 seconds
[2023-10-05T15:26:17.773+0000] {processor.py:157} INFO - Started process (PID=269) to work on /opt/airflow/dags/youtube_starbucks_dag.py
[2023-10-05T15:26:17.777+0000] {processor.py:829} INFO - Processing file /opt/airflow/dags/youtube_starbucks_dag.py for tasks to queue
[2023-10-05T15:26:17.786+0000] {logging_mixin.py:151} INFO - [2023-10-05T15:26:17.785+0000] {dagbag.py:539} INFO - Filling up the DagBag from /opt/airflow/dags/youtube_starbucks_dag.py
[2023-10-05T15:26:17.858+0000] {processor.py:839} INFO - DAG(s) dict_keys(['YouTube_starbucks_Dag']) retrieved from /opt/airflow/dags/youtube_starbucks_dag.py
[2023-10-05T15:26:17.896+0000] {logging_mixin.py:151} INFO - [2023-10-05T15:26:17.895+0000] {dag.py:2907} INFO - Sync 1 DAGs
[2023-10-05T15:26:17.927+0000] {logging_mixin.py:151} INFO - [2023-10-05T15:26:17.926+0000] {dag.py:3677} INFO - Setting next_dagrun for YouTube_starbucks_Dag to None, run_after=None
[2023-10-05T15:26:17.962+0000] {processor.py:179} INFO - Processing /opt/airflow/dags/youtube_starbucks_dag.py took 0.199 seconds
[2023-10-05T15:26:48.528+0000] {processor.py:157} INFO - Started process (PID=281) to work on /opt/airflow/dags/youtube_starbucks_dag.py
[2023-10-05T15:26:48.531+0000] {processor.py:829} INFO - Processing file /opt/airflow/dags/youtube_starbucks_dag.py for tasks to queue
[2023-10-05T15:26:48.537+0000] {logging_mixin.py:151} INFO - [2023-10-05T15:26:48.536+0000] {dagbag.py:539} INFO - Filling up the DagBag from /opt/airflow/dags/youtube_starbucks_dag.py
[2023-10-05T15:26:48.582+0000] {processor.py:839} INFO - DAG(s) dict_keys(['YouTube_starbucks_Dag']) retrieved from /opt/airflow/dags/youtube_starbucks_dag.py
[2023-10-05T15:26:48.603+0000] {logging_mixin.py:151} INFO - [2023-10-05T15:26:48.603+0000] {dag.py:2907} INFO - Sync 1 DAGs
[2023-10-05T15:26:48.622+0000] {logging_mixin.py:151} INFO - [2023-10-05T15:26:48.621+0000] {dag.py:3677} INFO - Setting next_dagrun for YouTube_starbucks_Dag to None, run_after=None
[2023-10-05T15:26:48.653+0000] {processor.py:179} INFO - Processing /opt/airflow/dags/youtube_starbucks_dag.py took 0.130 seconds
[2023-10-05T15:27:19.104+0000] {processor.py:157} INFO - Started process (PID=293) to work on /opt/airflow/dags/youtube_starbucks_dag.py
[2023-10-05T15:27:19.106+0000] {processor.py:829} INFO - Processing file /opt/airflow/dags/youtube_starbucks_dag.py for tasks to queue
[2023-10-05T15:27:19.111+0000] {logging_mixin.py:151} INFO - [2023-10-05T15:27:19.111+0000] {dagbag.py:539} INFO - Filling up the DagBag from /opt/airflow/dags/youtube_starbucks_dag.py
[2023-10-05T15:27:19.155+0000] {processor.py:839} INFO - DAG(s) dict_keys(['YouTube_starbucks_Dag']) retrieved from /opt/airflow/dags/youtube_starbucks_dag.py
[2023-10-05T15:27:19.179+0000] {logging_mixin.py:151} INFO - [2023-10-05T15:27:19.179+0000] {dag.py:2907} INFO - Sync 1 DAGs
[2023-10-05T15:27:19.200+0000] {logging_mixin.py:151} INFO - [2023-10-05T15:27:19.199+0000] {dag.py:3677} INFO - Setting next_dagrun for YouTube_starbucks_Dag to None, run_after=None
[2023-10-05T15:27:19.232+0000] {processor.py:179} INFO - Processing /opt/airflow/dags/youtube_starbucks_dag.py took 0.132 seconds
[2023-10-05T15:27:49.578+0000] {processor.py:157} INFO - Started process (PID=305) to work on /opt/airflow/dags/youtube_starbucks_dag.py
[2023-10-05T15:27:49.580+0000] {processor.py:829} INFO - Processing file /opt/airflow/dags/youtube_starbucks_dag.py for tasks to queue
[2023-10-05T15:27:49.586+0000] {logging_mixin.py:151} INFO - [2023-10-05T15:27:49.585+0000] {dagbag.py:539} INFO - Filling up the DagBag from /opt/airflow/dags/youtube_starbucks_dag.py
[2023-10-05T15:27:49.635+0000] {processor.py:839} INFO - DAG(s) dict_keys(['YouTube_starbucks_Dag']) retrieved from /opt/airflow/dags/youtube_starbucks_dag.py
[2023-10-05T15:27:49.660+0000] {logging_mixin.py:151} INFO - [2023-10-05T15:27:49.660+0000] {dag.py:2907} INFO - Sync 1 DAGs
[2023-10-05T15:27:49.682+0000] {logging_mixin.py:151} INFO - [2023-10-05T15:27:49.681+0000] {dag.py:3677} INFO - Setting next_dagrun for YouTube_starbucks_Dag to None, run_after=None
[2023-10-05T15:27:49.715+0000] {processor.py:179} INFO - Processing /opt/airflow/dags/youtube_starbucks_dag.py took 0.143 seconds
[2023-10-05T15:28:20.262+0000] {processor.py:157} INFO - Started process (PID=317) to work on /opt/airflow/dags/youtube_starbucks_dag.py
[2023-10-05T15:28:20.264+0000] {processor.py:829} INFO - Processing file /opt/airflow/dags/youtube_starbucks_dag.py for tasks to queue
[2023-10-05T15:28:20.269+0000] {logging_mixin.py:151} INFO - [2023-10-05T15:28:20.268+0000] {dagbag.py:539} INFO - Filling up the DagBag from /opt/airflow/dags/youtube_starbucks_dag.py
[2023-10-05T15:28:20.319+0000] {processor.py:839} INFO - DAG(s) dict_keys(['YouTube_starbucks_Dag']) retrieved from /opt/airflow/dags/youtube_starbucks_dag.py
[2023-10-05T15:28:20.342+0000] {logging_mixin.py:151} INFO - [2023-10-05T15:28:20.342+0000] {dag.py:2907} INFO - Sync 1 DAGs
[2023-10-05T15:28:20.363+0000] {logging_mixin.py:151} INFO - [2023-10-05T15:28:20.363+0000] {dag.py:3677} INFO - Setting next_dagrun for YouTube_starbucks_Dag to None, run_after=None
[2023-10-05T15:28:20.391+0000] {processor.py:179} INFO - Processing /opt/airflow/dags/youtube_starbucks_dag.py took 0.135 seconds
[2023-10-05T15:28:50.859+0000] {processor.py:157} INFO - Started process (PID=329) to work on /opt/airflow/dags/youtube_starbucks_dag.py
[2023-10-05T15:28:50.864+0000] {processor.py:829} INFO - Processing file /opt/airflow/dags/youtube_starbucks_dag.py for tasks to queue
[2023-10-05T15:28:50.878+0000] {logging_mixin.py:151} INFO - [2023-10-05T15:28:50.877+0000] {dagbag.py:539} INFO - Filling up the DagBag from /opt/airflow/dags/youtube_starbucks_dag.py
[2023-10-05T15:28:50.944+0000] {processor.py:839} INFO - DAG(s) dict_keys(['YouTube_starbucks_Dag']) retrieved from /opt/airflow/dags/youtube_starbucks_dag.py
[2023-10-05T15:28:50.981+0000] {logging_mixin.py:151} INFO - [2023-10-05T15:28:50.981+0000] {dag.py:2907} INFO - Sync 1 DAGs
[2023-10-05T15:28:51.021+0000] {logging_mixin.py:151} INFO - [2023-10-05T15:28:51.020+0000] {dag.py:3677} INFO - Setting next_dagrun for YouTube_starbucks_Dag to None, run_after=None
[2023-10-05T15:28:51.085+0000] {processor.py:179} INFO - Processing /opt/airflow/dags/youtube_starbucks_dag.py took 0.238 seconds
[2023-10-05T15:29:21.440+0000] {processor.py:157} INFO - Started process (PID=341) to work on /opt/airflow/dags/youtube_starbucks_dag.py
[2023-10-05T15:29:21.443+0000] {processor.py:829} INFO - Processing file /opt/airflow/dags/youtube_starbucks_dag.py for tasks to queue
[2023-10-05T15:29:21.449+0000] {logging_mixin.py:151} INFO - [2023-10-05T15:29:21.448+0000] {dagbag.py:539} INFO - Filling up the DagBag from /opt/airflow/dags/youtube_starbucks_dag.py
[2023-10-05T15:29:21.502+0000] {processor.py:839} INFO - DAG(s) dict_keys(['YouTube_starbucks_Dag']) retrieved from /opt/airflow/dags/youtube_starbucks_dag.py
[2023-10-05T15:29:21.532+0000] {logging_mixin.py:151} INFO - [2023-10-05T15:29:21.531+0000] {dag.py:2907} INFO - Sync 1 DAGs
[2023-10-05T15:29:21.563+0000] {logging_mixin.py:151} INFO - [2023-10-05T15:29:21.563+0000] {dag.py:3677} INFO - Setting next_dagrun for YouTube_starbucks_Dag to None, run_after=None
[2023-10-05T15:29:21.630+0000] {processor.py:179} INFO - Processing /opt/airflow/dags/youtube_starbucks_dag.py took 0.196 seconds
[2023-10-05T15:29:52.267+0000] {processor.py:157} INFO - Started process (PID=353) to work on /opt/airflow/dags/youtube_starbucks_dag.py
[2023-10-05T15:29:52.277+0000] {processor.py:829} INFO - Processing file /opt/airflow/dags/youtube_starbucks_dag.py for tasks to queue
[2023-10-05T15:29:52.299+0000] {logging_mixin.py:151} INFO - [2023-10-05T15:29:52.297+0000] {dagbag.py:539} INFO - Filling up the DagBag from /opt/airflow/dags/youtube_starbucks_dag.py
[2023-10-05T15:29:52.416+0000] {processor.py:839} INFO - DAG(s) dict_keys(['YouTube_starbucks_Dag']) retrieved from /opt/airflow/dags/youtube_starbucks_dag.py
[2023-10-05T15:29:52.459+0000] {logging_mixin.py:151} INFO - [2023-10-05T15:29:52.459+0000] {dag.py:2907} INFO - Sync 1 DAGs
[2023-10-05T15:29:52.494+0000] {logging_mixin.py:151} INFO - [2023-10-05T15:29:52.494+0000] {dag.py:3677} INFO - Setting next_dagrun for YouTube_starbucks_Dag to None, run_after=None
[2023-10-05T15:29:52.607+0000] {processor.py:179} INFO - Processing /opt/airflow/dags/youtube_starbucks_dag.py took 0.390 seconds
[2023-10-05T15:30:23.359+0000] {processor.py:157} INFO - Started process (PID=365) to work on /opt/airflow/dags/youtube_starbucks_dag.py
[2023-10-05T15:30:23.361+0000] {processor.py:829} INFO - Processing file /opt/airflow/dags/youtube_starbucks_dag.py for tasks to queue
[2023-10-05T15:30:23.366+0000] {logging_mixin.py:151} INFO - [2023-10-05T15:30:23.366+0000] {dagbag.py:539} INFO - Filling up the DagBag from /opt/airflow/dags/youtube_starbucks_dag.py
[2023-10-05T15:30:23.419+0000] {processor.py:839} INFO - DAG(s) dict_keys(['YouTube_starbucks_Dag']) retrieved from /opt/airflow/dags/youtube_starbucks_dag.py
[2023-10-05T15:30:23.450+0000] {logging_mixin.py:151} INFO - [2023-10-05T15:30:23.450+0000] {dag.py:2907} INFO - Sync 1 DAGs
[2023-10-05T15:30:23.471+0000] {logging_mixin.py:151} INFO - [2023-10-05T15:30:23.471+0000] {dag.py:3677} INFO - Setting next_dagrun for YouTube_starbucks_Dag to None, run_after=None
[2023-10-05T15:30:23.504+0000] {processor.py:179} INFO - Processing /opt/airflow/dags/youtube_starbucks_dag.py took 0.151 seconds
[2023-10-05T15:30:53.997+0000] {processor.py:157} INFO - Started process (PID=377) to work on /opt/airflow/dags/youtube_starbucks_dag.py
[2023-10-05T15:30:53.999+0000] {processor.py:829} INFO - Processing file /opt/airflow/dags/youtube_starbucks_dag.py for tasks to queue
[2023-10-05T15:30:54.004+0000] {logging_mixin.py:151} INFO - [2023-10-05T15:30:54.004+0000] {dagbag.py:539} INFO - Filling up the DagBag from /opt/airflow/dags/youtube_starbucks_dag.py
[2023-10-05T15:30:54.051+0000] {processor.py:839} INFO - DAG(s) dict_keys(['YouTube_starbucks_Dag']) retrieved from /opt/airflow/dags/youtube_starbucks_dag.py
[2023-10-05T15:30:54.074+0000] {logging_mixin.py:151} INFO - [2023-10-05T15:30:54.074+0000] {dag.py:2907} INFO - Sync 1 DAGs
[2023-10-05T15:30:54.096+0000] {logging_mixin.py:151} INFO - [2023-10-05T15:30:54.096+0000] {dag.py:3677} INFO - Setting next_dagrun for YouTube_starbucks_Dag to None, run_after=None
[2023-10-05T15:30:54.128+0000] {processor.py:179} INFO - Processing /opt/airflow/dags/youtube_starbucks_dag.py took 0.136 seconds
[2023-10-05T15:31:24.666+0000] {processor.py:157} INFO - Started process (PID=389) to work on /opt/airflow/dags/youtube_starbucks_dag.py
[2023-10-05T15:31:24.668+0000] {processor.py:829} INFO - Processing file /opt/airflow/dags/youtube_starbucks_dag.py for tasks to queue
[2023-10-05T15:31:24.673+0000] {logging_mixin.py:151} INFO - [2023-10-05T15:31:24.672+0000] {dagbag.py:539} INFO - Filling up the DagBag from /opt/airflow/dags/youtube_starbucks_dag.py
[2023-10-05T15:31:24.712+0000] {processor.py:839} INFO - DAG(s) dict_keys(['YouTube_starbucks_Dag']) retrieved from /opt/airflow/dags/youtube_starbucks_dag.py
[2023-10-05T15:31:24.734+0000] {logging_mixin.py:151} INFO - [2023-10-05T15:31:24.734+0000] {dag.py:2907} INFO - Sync 1 DAGs
[2023-10-05T15:31:24.752+0000] {logging_mixin.py:151} INFO - [2023-10-05T15:31:24.752+0000] {dag.py:3677} INFO - Setting next_dagrun for YouTube_starbucks_Dag to None, run_after=None
[2023-10-05T15:31:24.784+0000] {processor.py:179} INFO - Processing /opt/airflow/dags/youtube_starbucks_dag.py took 0.123 seconds
[2023-10-05T15:31:55.409+0000] {processor.py:157} INFO - Started process (PID=408) to work on /opt/airflow/dags/youtube_starbucks_dag.py
[2023-10-05T15:31:55.411+0000] {processor.py:829} INFO - Processing file /opt/airflow/dags/youtube_starbucks_dag.py for tasks to queue
[2023-10-05T15:31:55.415+0000] {logging_mixin.py:151} INFO - [2023-10-05T15:31:55.414+0000] {dagbag.py:539} INFO - Filling up the DagBag from /opt/airflow/dags/youtube_starbucks_dag.py
[2023-10-05T15:31:55.455+0000] {processor.py:839} INFO - DAG(s) dict_keys(['YouTube_starbucks_Dag']) retrieved from /opt/airflow/dags/youtube_starbucks_dag.py
[2023-10-05T15:31:55.476+0000] {logging_mixin.py:151} INFO - [2023-10-05T15:31:55.476+0000] {dag.py:2907} INFO - Sync 1 DAGs
[2023-10-05T15:31:55.495+0000] {logging_mixin.py:151} INFO - [2023-10-05T15:31:55.495+0000] {dag.py:3677} INFO - Setting next_dagrun for YouTube_starbucks_Dag to None, run_after=None
[2023-10-05T15:31:55.524+0000] {processor.py:179} INFO - Processing /opt/airflow/dags/youtube_starbucks_dag.py took 0.119 seconds
[2023-10-05T15:32:26.071+0000] {processor.py:157} INFO - Started process (PID=420) to work on /opt/airflow/dags/youtube_starbucks_dag.py
[2023-10-05T15:32:26.074+0000] {processor.py:829} INFO - Processing file /opt/airflow/dags/youtube_starbucks_dag.py for tasks to queue
[2023-10-05T15:32:26.079+0000] {logging_mixin.py:151} INFO - [2023-10-05T15:32:26.079+0000] {dagbag.py:539} INFO - Filling up the DagBag from /opt/airflow/dags/youtube_starbucks_dag.py
[2023-10-05T15:32:26.128+0000] {processor.py:839} INFO - DAG(s) dict_keys(['YouTube_starbucks_Dag']) retrieved from /opt/airflow/dags/youtube_starbucks_dag.py
[2023-10-05T15:32:26.150+0000] {logging_mixin.py:151} INFO - [2023-10-05T15:32:26.150+0000] {dag.py:2907} INFO - Sync 1 DAGs
[2023-10-05T15:32:26.172+0000] {logging_mixin.py:151} INFO - [2023-10-05T15:32:26.172+0000] {dag.py:3677} INFO - Setting next_dagrun for YouTube_starbucks_Dag to None, run_after=None
[2023-10-05T15:32:26.203+0000] {processor.py:179} INFO - Processing /opt/airflow/dags/youtube_starbucks_dag.py took 0.138 seconds
[2023-10-05T15:32:56.695+0000] {processor.py:157} INFO - Started process (PID=432) to work on /opt/airflow/dags/youtube_starbucks_dag.py
[2023-10-05T15:32:56.698+0000] {processor.py:829} INFO - Processing file /opt/airflow/dags/youtube_starbucks_dag.py for tasks to queue
[2023-10-05T15:32:56.705+0000] {logging_mixin.py:151} INFO - [2023-10-05T15:32:56.704+0000] {dagbag.py:539} INFO - Filling up the DagBag from /opt/airflow/dags/youtube_starbucks_dag.py
[2023-10-05T15:32:56.750+0000] {processor.py:839} INFO - DAG(s) dict_keys(['YouTube_starbucks_Dag']) retrieved from /opt/airflow/dags/youtube_starbucks_dag.py
[2023-10-05T15:32:56.773+0000] {logging_mixin.py:151} INFO - [2023-10-05T15:32:56.773+0000] {dag.py:2907} INFO - Sync 1 DAGs
[2023-10-05T15:32:56.793+0000] {logging_mixin.py:151} INFO - [2023-10-05T15:32:56.793+0000] {dag.py:3677} INFO - Setting next_dagrun for YouTube_starbucks_Dag to None, run_after=None
[2023-10-05T15:32:56.828+0000] {processor.py:179} INFO - Processing /opt/airflow/dags/youtube_starbucks_dag.py took 0.140 seconds
[2023-10-05T15:33:27.288+0000] {processor.py:157} INFO - Started process (PID=444) to work on /opt/airflow/dags/youtube_starbucks_dag.py
[2023-10-05T15:33:27.291+0000] {processor.py:829} INFO - Processing file /opt/airflow/dags/youtube_starbucks_dag.py for tasks to queue
[2023-10-05T15:33:27.295+0000] {logging_mixin.py:151} INFO - [2023-10-05T15:33:27.295+0000] {dagbag.py:539} INFO - Filling up the DagBag from /opt/airflow/dags/youtube_starbucks_dag.py
[2023-10-05T15:33:27.336+0000] {processor.py:839} INFO - DAG(s) dict_keys(['YouTube_starbucks_Dag']) retrieved from /opt/airflow/dags/youtube_starbucks_dag.py
[2023-10-05T15:33:27.357+0000] {logging_mixin.py:151} INFO - [2023-10-05T15:33:27.357+0000] {dag.py:2907} INFO - Sync 1 DAGs
[2023-10-05T15:33:27.381+0000] {logging_mixin.py:151} INFO - [2023-10-05T15:33:27.381+0000] {dag.py:3677} INFO - Setting next_dagrun for YouTube_starbucks_Dag to None, run_after=None
[2023-10-05T15:33:27.410+0000] {processor.py:179} INFO - Processing /opt/airflow/dags/youtube_starbucks_dag.py took 0.127 seconds
[2023-10-05T15:33:57.966+0000] {processor.py:157} INFO - Started process (PID=456) to work on /opt/airflow/dags/youtube_starbucks_dag.py
[2023-10-05T15:33:57.969+0000] {processor.py:829} INFO - Processing file /opt/airflow/dags/youtube_starbucks_dag.py for tasks to queue
[2023-10-05T15:33:57.975+0000] {logging_mixin.py:151} INFO - [2023-10-05T15:33:57.974+0000] {dagbag.py:539} INFO - Filling up the DagBag from /opt/airflow/dags/youtube_starbucks_dag.py
[2023-10-05T15:33:58.049+0000] {processor.py:839} INFO - DAG(s) dict_keys(['YouTube_starbucks_Dag']) retrieved from /opt/airflow/dags/youtube_starbucks_dag.py
[2023-10-05T15:33:58.101+0000] {logging_mixin.py:151} INFO - [2023-10-05T15:33:58.100+0000] {dag.py:2907} INFO - Sync 1 DAGs
[2023-10-05T15:33:58.128+0000] {logging_mixin.py:151} INFO - [2023-10-05T15:33:58.128+0000] {dag.py:3677} INFO - Setting next_dagrun for YouTube_starbucks_Dag to None, run_after=None
[2023-10-05T15:33:58.171+0000] {processor.py:179} INFO - Processing /opt/airflow/dags/youtube_starbucks_dag.py took 0.211 seconds
[2023-10-05T15:34:28.607+0000] {processor.py:157} INFO - Started process (PID=468) to work on /opt/airflow/dags/youtube_starbucks_dag.py
[2023-10-05T15:34:28.611+0000] {processor.py:829} INFO - Processing file /opt/airflow/dags/youtube_starbucks_dag.py for tasks to queue
[2023-10-05T15:34:28.619+0000] {logging_mixin.py:151} INFO - [2023-10-05T15:34:28.618+0000] {dagbag.py:539} INFO - Filling up the DagBag from /opt/airflow/dags/youtube_starbucks_dag.py
[2023-10-05T15:34:28.671+0000] {processor.py:839} INFO - DAG(s) dict_keys(['YouTube_starbucks_Dag']) retrieved from /opt/airflow/dags/youtube_starbucks_dag.py
[2023-10-05T15:34:28.696+0000] {logging_mixin.py:151} INFO - [2023-10-05T15:34:28.696+0000] {dag.py:2907} INFO - Sync 1 DAGs
[2023-10-05T15:34:28.717+0000] {logging_mixin.py:151} INFO - [2023-10-05T15:34:28.716+0000] {dag.py:3677} INFO - Setting next_dagrun for YouTube_starbucks_Dag to None, run_after=None
[2023-10-05T15:34:28.751+0000] {processor.py:179} INFO - Processing /opt/airflow/dags/youtube_starbucks_dag.py took 0.149 seconds
[2023-10-05T15:34:59.306+0000] {processor.py:157} INFO - Started process (PID=480) to work on /opt/airflow/dags/youtube_starbucks_dag.py
[2023-10-05T15:34:59.310+0000] {processor.py:829} INFO - Processing file /opt/airflow/dags/youtube_starbucks_dag.py for tasks to queue
[2023-10-05T15:34:59.316+0000] {logging_mixin.py:151} INFO - [2023-10-05T15:34:59.315+0000] {dagbag.py:539} INFO - Filling up the DagBag from /opt/airflow/dags/youtube_starbucks_dag.py
[2023-10-05T15:34:59.366+0000] {processor.py:839} INFO - DAG(s) dict_keys(['YouTube_starbucks_Dag']) retrieved from /opt/airflow/dags/youtube_starbucks_dag.py
[2023-10-05T15:34:59.393+0000] {logging_mixin.py:151} INFO - [2023-10-05T15:34:59.392+0000] {dag.py:2907} INFO - Sync 1 DAGs
[2023-10-05T15:34:59.425+0000] {logging_mixin.py:151} INFO - [2023-10-05T15:34:59.425+0000] {dag.py:3677} INFO - Setting next_dagrun for YouTube_starbucks_Dag to None, run_after=None
[2023-10-05T15:34:59.465+0000] {processor.py:179} INFO - Processing /opt/airflow/dags/youtube_starbucks_dag.py took 0.165 seconds
[2023-10-05T15:35:29.984+0000] {processor.py:157} INFO - Started process (PID=493) to work on /opt/airflow/dags/youtube_starbucks_dag.py
[2023-10-05T15:35:29.987+0000] {processor.py:829} INFO - Processing file /opt/airflow/dags/youtube_starbucks_dag.py for tasks to queue
[2023-10-05T15:35:29.991+0000] {logging_mixin.py:151} INFO - [2023-10-05T15:35:29.991+0000] {dagbag.py:539} INFO - Filling up the DagBag from /opt/airflow/dags/youtube_starbucks_dag.py
[2023-10-05T15:35:30.033+0000] {processor.py:839} INFO - DAG(s) dict_keys(['YouTube_starbucks_Dag']) retrieved from /opt/airflow/dags/youtube_starbucks_dag.py
[2023-10-05T15:35:30.056+0000] {logging_mixin.py:151} INFO - [2023-10-05T15:35:30.055+0000] {dag.py:2907} INFO - Sync 1 DAGs
[2023-10-05T15:35:30.075+0000] {logging_mixin.py:151} INFO - [2023-10-05T15:35:30.074+0000] {dag.py:3677} INFO - Setting next_dagrun for YouTube_starbucks_Dag to None, run_after=None
[2023-10-05T15:35:30.103+0000] {processor.py:179} INFO - Processing /opt/airflow/dags/youtube_starbucks_dag.py took 0.123 seconds
[2023-10-05T15:36:00.509+0000] {processor.py:157} INFO - Started process (PID=505) to work on /opt/airflow/dags/youtube_starbucks_dag.py
[2023-10-05T15:36:00.512+0000] {processor.py:829} INFO - Processing file /opt/airflow/dags/youtube_starbucks_dag.py for tasks to queue
[2023-10-05T15:36:00.520+0000] {logging_mixin.py:151} INFO - [2023-10-05T15:36:00.519+0000] {dagbag.py:539} INFO - Filling up the DagBag from /opt/airflow/dags/youtube_starbucks_dag.py
[2023-10-05T15:36:00.586+0000] {processor.py:839} INFO - DAG(s) dict_keys(['YouTube_starbucks_Dag']) retrieved from /opt/airflow/dags/youtube_starbucks_dag.py
[2023-10-05T15:36:00.614+0000] {logging_mixin.py:151} INFO - [2023-10-05T15:36:00.614+0000] {dag.py:2907} INFO - Sync 1 DAGs
[2023-10-05T15:36:00.639+0000] {logging_mixin.py:151} INFO - [2023-10-05T15:36:00.639+0000] {dag.py:3677} INFO - Setting next_dagrun for YouTube_starbucks_Dag to None, run_after=None
[2023-10-05T15:36:00.679+0000] {processor.py:179} INFO - Processing /opt/airflow/dags/youtube_starbucks_dag.py took 0.177 seconds
[2023-10-05T15:36:31.094+0000] {processor.py:157} INFO - Started process (PID=517) to work on /opt/airflow/dags/youtube_starbucks_dag.py
[2023-10-05T15:36:31.096+0000] {processor.py:829} INFO - Processing file /opt/airflow/dags/youtube_starbucks_dag.py for tasks to queue
[2023-10-05T15:36:31.102+0000] {logging_mixin.py:151} INFO - [2023-10-05T15:36:31.101+0000] {dagbag.py:539} INFO - Filling up the DagBag from /opt/airflow/dags/youtube_starbucks_dag.py
[2023-10-05T15:36:31.154+0000] {processor.py:839} INFO - DAG(s) dict_keys(['YouTube_starbucks_Dag']) retrieved from /opt/airflow/dags/youtube_starbucks_dag.py
[2023-10-05T15:36:31.178+0000] {logging_mixin.py:151} INFO - [2023-10-05T15:36:31.178+0000] {dag.py:2907} INFO - Sync 1 DAGs
[2023-10-05T15:36:31.199+0000] {logging_mixin.py:151} INFO - [2023-10-05T15:36:31.199+0000] {dag.py:3677} INFO - Setting next_dagrun for YouTube_starbucks_Dag to None, run_after=None
[2023-10-05T15:36:31.234+0000] {processor.py:179} INFO - Processing /opt/airflow/dags/youtube_starbucks_dag.py took 0.145 seconds
[2023-10-05T15:37:01.743+0000] {processor.py:157} INFO - Started process (PID=529) to work on /opt/airflow/dags/youtube_starbucks_dag.py
[2023-10-05T15:37:01.746+0000] {processor.py:829} INFO - Processing file /opt/airflow/dags/youtube_starbucks_dag.py for tasks to queue
[2023-10-05T15:37:01.752+0000] {logging_mixin.py:151} INFO - [2023-10-05T15:37:01.751+0000] {dagbag.py:539} INFO - Filling up the DagBag from /opt/airflow/dags/youtube_starbucks_dag.py
[2023-10-05T15:37:01.804+0000] {processor.py:839} INFO - DAG(s) dict_keys(['YouTube_starbucks_Dag']) retrieved from /opt/airflow/dags/youtube_starbucks_dag.py
[2023-10-05T15:37:01.836+0000] {logging_mixin.py:151} INFO - [2023-10-05T15:37:01.835+0000] {dag.py:2907} INFO - Sync 1 DAGs
[2023-10-05T15:37:01.865+0000] {logging_mixin.py:151} INFO - [2023-10-05T15:37:01.865+0000] {dag.py:3677} INFO - Setting next_dagrun for YouTube_starbucks_Dag to None, run_after=None
[2023-10-05T15:37:01.905+0000] {processor.py:179} INFO - Processing /opt/airflow/dags/youtube_starbucks_dag.py took 0.168 seconds
[2023-10-05T15:37:32.348+0000] {processor.py:157} INFO - Started process (PID=541) to work on /opt/airflow/dags/youtube_starbucks_dag.py
[2023-10-05T15:37:32.351+0000] {processor.py:829} INFO - Processing file /opt/airflow/dags/youtube_starbucks_dag.py for tasks to queue
[2023-10-05T15:37:32.356+0000] {logging_mixin.py:151} INFO - [2023-10-05T15:37:32.355+0000] {dagbag.py:539} INFO - Filling up the DagBag from /opt/airflow/dags/youtube_starbucks_dag.py
[2023-10-05T15:37:32.400+0000] {processor.py:839} INFO - DAG(s) dict_keys(['YouTube_starbucks_Dag']) retrieved from /opt/airflow/dags/youtube_starbucks_dag.py
[2023-10-05T15:37:32.423+0000] {logging_mixin.py:151} INFO - [2023-10-05T15:37:32.423+0000] {dag.py:2907} INFO - Sync 1 DAGs
[2023-10-05T15:37:32.443+0000] {logging_mixin.py:151} INFO - [2023-10-05T15:37:32.442+0000] {dag.py:3677} INFO - Setting next_dagrun for YouTube_starbucks_Dag to None, run_after=None
[2023-10-05T15:37:32.475+0000] {processor.py:179} INFO - Processing /opt/airflow/dags/youtube_starbucks_dag.py took 0.133 seconds
[2023-10-05T15:38:02.940+0000] {processor.py:157} INFO - Started process (PID=553) to work on /opt/airflow/dags/youtube_starbucks_dag.py
[2023-10-05T15:38:02.942+0000] {processor.py:829} INFO - Processing file /opt/airflow/dags/youtube_starbucks_dag.py for tasks to queue
[2023-10-05T15:38:02.948+0000] {logging_mixin.py:151} INFO - [2023-10-05T15:38:02.948+0000] {dagbag.py:539} INFO - Filling up the DagBag from /opt/airflow/dags/youtube_starbucks_dag.py
[2023-10-05T15:38:02.991+0000] {processor.py:839} INFO - DAG(s) dict_keys(['YouTube_starbucks_Dag']) retrieved from /opt/airflow/dags/youtube_starbucks_dag.py
[2023-10-05T15:38:03.013+0000] {logging_mixin.py:151} INFO - [2023-10-05T15:38:03.012+0000] {dag.py:2907} INFO - Sync 1 DAGs
[2023-10-05T15:38:03.035+0000] {logging_mixin.py:151} INFO - [2023-10-05T15:38:03.035+0000] {dag.py:3677} INFO - Setting next_dagrun for YouTube_starbucks_Dag to None, run_after=None
[2023-10-05T15:38:03.068+0000] {processor.py:179} INFO - Processing /opt/airflow/dags/youtube_starbucks_dag.py took 0.133 seconds
[2023-10-05T15:38:33.511+0000] {processor.py:157} INFO - Started process (PID=564) to work on /opt/airflow/dags/youtube_starbucks_dag.py
[2023-10-05T15:38:33.514+0000] {processor.py:829} INFO - Processing file /opt/airflow/dags/youtube_starbucks_dag.py for tasks to queue
[2023-10-05T15:38:33.519+0000] {logging_mixin.py:151} INFO - [2023-10-05T15:38:33.518+0000] {dagbag.py:539} INFO - Filling up the DagBag from /opt/airflow/dags/youtube_starbucks_dag.py
[2023-10-05T15:38:33.564+0000] {processor.py:839} INFO - DAG(s) dict_keys(['YouTube_starbucks_Dag']) retrieved from /opt/airflow/dags/youtube_starbucks_dag.py
[2023-10-05T15:38:33.588+0000] {logging_mixin.py:151} INFO - [2023-10-05T15:38:33.588+0000] {dag.py:2907} INFO - Sync 1 DAGs
[2023-10-05T15:38:33.609+0000] {logging_mixin.py:151} INFO - [2023-10-05T15:38:33.608+0000] {dag.py:3677} INFO - Setting next_dagrun for YouTube_starbucks_Dag to None, run_after=None
[2023-10-05T15:38:33.641+0000] {processor.py:179} INFO - Processing /opt/airflow/dags/youtube_starbucks_dag.py took 0.135 seconds
[2023-10-05T15:39:04.580+0000] {processor.py:157} INFO - Started process (PID=576) to work on /opt/airflow/dags/youtube_starbucks_dag.py
[2023-10-05T15:39:04.587+0000] {processor.py:829} INFO - Processing file /opt/airflow/dags/youtube_starbucks_dag.py for tasks to queue
[2023-10-05T15:39:04.607+0000] {logging_mixin.py:151} INFO - [2023-10-05T15:39:04.600+0000] {dagbag.py:539} INFO - Filling up the DagBag from /opt/airflow/dags/youtube_starbucks_dag.py
[2023-10-05T15:39:04.838+0000] {processor.py:839} INFO - DAG(s) dict_keys(['YouTube_starbucks_Dag']) retrieved from /opt/airflow/dags/youtube_starbucks_dag.py
[2023-10-05T15:39:04.902+0000] {logging_mixin.py:151} INFO - [2023-10-05T15:39:04.901+0000] {dag.py:2907} INFO - Sync 1 DAGs
[2023-10-05T15:39:04.959+0000] {logging_mixin.py:151} INFO - [2023-10-05T15:39:04.958+0000] {dag.py:3677} INFO - Setting next_dagrun for YouTube_starbucks_Dag to None, run_after=None
[2023-10-05T15:39:05.037+0000] {processor.py:179} INFO - Processing /opt/airflow/dags/youtube_starbucks_dag.py took 0.489 seconds
[2023-10-05T15:39:35.818+0000] {processor.py:157} INFO - Started process (PID=588) to work on /opt/airflow/dags/youtube_starbucks_dag.py
[2023-10-05T15:39:35.822+0000] {processor.py:829} INFO - Processing file /opt/airflow/dags/youtube_starbucks_dag.py for tasks to queue
[2023-10-05T15:39:35.833+0000] {logging_mixin.py:151} INFO - [2023-10-05T15:39:35.832+0000] {dagbag.py:539} INFO - Filling up the DagBag from /opt/airflow/dags/youtube_starbucks_dag.py
[2023-10-05T15:39:35.938+0000] {processor.py:839} INFO - DAG(s) dict_keys(['YouTube_starbucks_Dag']) retrieved from /opt/airflow/dags/youtube_starbucks_dag.py
[2023-10-05T15:39:35.972+0000] {logging_mixin.py:151} INFO - [2023-10-05T15:39:35.972+0000] {dag.py:2907} INFO - Sync 1 DAGs
[2023-10-05T15:39:35.994+0000] {logging_mixin.py:151} INFO - [2023-10-05T15:39:35.994+0000] {dag.py:3677} INFO - Setting next_dagrun for YouTube_starbucks_Dag to None, run_after=None
[2023-10-05T15:39:36.028+0000] {processor.py:179} INFO - Processing /opt/airflow/dags/youtube_starbucks_dag.py took 0.223 seconds
[2023-10-05T15:40:06.607+0000] {processor.py:157} INFO - Started process (PID=601) to work on /opt/airflow/dags/youtube_starbucks_dag.py
[2023-10-05T15:40:06.612+0000] {processor.py:829} INFO - Processing file /opt/airflow/dags/youtube_starbucks_dag.py for tasks to queue
[2023-10-05T15:40:06.618+0000] {logging_mixin.py:151} INFO - [2023-10-05T15:40:06.618+0000] {dagbag.py:539} INFO - Filling up the DagBag from /opt/airflow/dags/youtube_starbucks_dag.py
[2023-10-05T15:40:06.688+0000] {processor.py:839} INFO - DAG(s) dict_keys(['YouTube_starbucks_Dag']) retrieved from /opt/airflow/dags/youtube_starbucks_dag.py
[2023-10-05T15:40:06.724+0000] {logging_mixin.py:151} INFO - [2023-10-05T15:40:06.723+0000] {dag.py:2907} INFO - Sync 1 DAGs
[2023-10-05T15:40:06.757+0000] {logging_mixin.py:151} INFO - [2023-10-05T15:40:06.757+0000] {dag.py:3677} INFO - Setting next_dagrun for YouTube_starbucks_Dag to None, run_after=None
[2023-10-05T15:40:06.809+0000] {processor.py:179} INFO - Processing /opt/airflow/dags/youtube_starbucks_dag.py took 0.208 seconds
[2023-10-05T15:40:37.186+0000] {processor.py:157} INFO - Started process (PID=613) to work on /opt/airflow/dags/youtube_starbucks_dag.py
[2023-10-05T15:40:37.188+0000] {processor.py:829} INFO - Processing file /opt/airflow/dags/youtube_starbucks_dag.py for tasks to queue
[2023-10-05T15:40:37.194+0000] {logging_mixin.py:151} INFO - [2023-10-05T15:40:37.193+0000] {dagbag.py:539} INFO - Filling up the DagBag from /opt/airflow/dags/youtube_starbucks_dag.py
[2023-10-05T15:40:37.235+0000] {processor.py:839} INFO - DAG(s) dict_keys(['YouTube_starbucks_Dag']) retrieved from /opt/airflow/dags/youtube_starbucks_dag.py
[2023-10-05T15:40:37.258+0000] {logging_mixin.py:151} INFO - [2023-10-05T15:40:37.258+0000] {dag.py:2907} INFO - Sync 1 DAGs
[2023-10-05T15:40:37.277+0000] {logging_mixin.py:151} INFO - [2023-10-05T15:40:37.277+0000] {dag.py:3677} INFO - Setting next_dagrun for YouTube_starbucks_Dag to None, run_after=None
[2023-10-05T15:40:37.302+0000] {processor.py:179} INFO - Processing /opt/airflow/dags/youtube_starbucks_dag.py took 0.121 seconds
[2023-10-05T15:41:07.812+0000] {processor.py:157} INFO - Started process (PID=625) to work on /opt/airflow/dags/youtube_starbucks_dag.py
[2023-10-05T15:41:07.817+0000] {processor.py:829} INFO - Processing file /opt/airflow/dags/youtube_starbucks_dag.py for tasks to queue
[2023-10-05T15:41:07.825+0000] {logging_mixin.py:151} INFO - [2023-10-05T15:41:07.824+0000] {dagbag.py:539} INFO - Filling up the DagBag from /opt/airflow/dags/youtube_starbucks_dag.py
[2023-10-05T15:41:07.871+0000] {processor.py:839} INFO - DAG(s) dict_keys(['YouTube_starbucks_Dag']) retrieved from /opt/airflow/dags/youtube_starbucks_dag.py
[2023-10-05T15:41:07.892+0000] {logging_mixin.py:151} INFO - [2023-10-05T15:41:07.891+0000] {dag.py:2907} INFO - Sync 1 DAGs
[2023-10-05T15:41:07.914+0000] {logging_mixin.py:151} INFO - [2023-10-05T15:41:07.914+0000] {dag.py:3677} INFO - Setting next_dagrun for YouTube_starbucks_Dag to None, run_after=None
[2023-10-05T15:41:07.945+0000] {processor.py:179} INFO - Processing /opt/airflow/dags/youtube_starbucks_dag.py took 0.139 seconds
[2023-10-05T15:41:38.501+0000] {processor.py:157} INFO - Started process (PID=637) to work on /opt/airflow/dags/youtube_starbucks_dag.py
[2023-10-05T15:41:38.503+0000] {processor.py:829} INFO - Processing file /opt/airflow/dags/youtube_starbucks_dag.py for tasks to queue
[2023-10-05T15:41:38.507+0000] {logging_mixin.py:151} INFO - [2023-10-05T15:41:38.507+0000] {dagbag.py:539} INFO - Filling up the DagBag from /opt/airflow/dags/youtube_starbucks_dag.py
[2023-10-05T15:41:38.552+0000] {processor.py:839} INFO - DAG(s) dict_keys(['YouTube_starbucks_Dag']) retrieved from /opt/airflow/dags/youtube_starbucks_dag.py
[2023-10-05T15:41:38.575+0000] {logging_mixin.py:151} INFO - [2023-10-05T15:41:38.574+0000] {dag.py:2907} INFO - Sync 1 DAGs
[2023-10-05T15:41:38.596+0000] {logging_mixin.py:151} INFO - [2023-10-05T15:41:38.596+0000] {dag.py:3677} INFO - Setting next_dagrun for YouTube_starbucks_Dag to None, run_after=None
[2023-10-05T15:41:38.628+0000] {processor.py:179} INFO - Processing /opt/airflow/dags/youtube_starbucks_dag.py took 0.136 seconds
[2023-10-05T15:42:09.197+0000] {processor.py:157} INFO - Started process (PID=649) to work on /opt/airflow/dags/youtube_starbucks_dag.py
[2023-10-05T15:42:09.200+0000] {processor.py:829} INFO - Processing file /opt/airflow/dags/youtube_starbucks_dag.py for tasks to queue
[2023-10-05T15:42:09.208+0000] {logging_mixin.py:151} INFO - [2023-10-05T15:42:09.208+0000] {dagbag.py:539} INFO - Filling up the DagBag from /opt/airflow/dags/youtube_starbucks_dag.py
[2023-10-05T15:42:09.270+0000] {processor.py:839} INFO - DAG(s) dict_keys(['YouTube_starbucks_Dag']) retrieved from /opt/airflow/dags/youtube_starbucks_dag.py
[2023-10-05T15:42:09.330+0000] {logging_mixin.py:151} INFO - [2023-10-05T15:42:09.330+0000] {dag.py:2907} INFO - Sync 1 DAGs
[2023-10-05T15:42:09.361+0000] {logging_mixin.py:151} INFO - [2023-10-05T15:42:09.361+0000] {dag.py:3677} INFO - Setting next_dagrun for YouTube_starbucks_Dag to None, run_after=None
[2023-10-05T15:42:09.407+0000] {processor.py:179} INFO - Processing /opt/airflow/dags/youtube_starbucks_dag.py took 0.218 seconds
[2023-10-05T15:42:39.989+0000] {processor.py:157} INFO - Started process (PID=663) to work on /opt/airflow/dags/youtube_starbucks_dag.py
[2023-10-05T15:42:39.992+0000] {processor.py:829} INFO - Processing file /opt/airflow/dags/youtube_starbucks_dag.py for tasks to queue
[2023-10-05T15:42:39.997+0000] {logging_mixin.py:151} INFO - [2023-10-05T15:42:39.997+0000] {dagbag.py:539} INFO - Filling up the DagBag from /opt/airflow/dags/youtube_starbucks_dag.py
[2023-10-05T15:42:40.042+0000] {processor.py:839} INFO - DAG(s) dict_keys(['YouTube_starbucks_Dag']) retrieved from /opt/airflow/dags/youtube_starbucks_dag.py
[2023-10-05T15:42:40.065+0000] {logging_mixin.py:151} INFO - [2023-10-05T15:42:40.065+0000] {dag.py:2907} INFO - Sync 1 DAGs
[2023-10-05T15:42:40.084+0000] {logging_mixin.py:151} INFO - [2023-10-05T15:42:40.083+0000] {dag.py:3677} INFO - Setting next_dagrun for YouTube_starbucks_Dag to None, run_after=None
[2023-10-05T15:42:40.114+0000] {processor.py:179} INFO - Processing /opt/airflow/dags/youtube_starbucks_dag.py took 0.131 seconds
[2023-10-05T15:43:10.646+0000] {processor.py:157} INFO - Started process (PID=675) to work on /opt/airflow/dags/youtube_starbucks_dag.py
[2023-10-05T15:43:10.648+0000] {processor.py:829} INFO - Processing file /opt/airflow/dags/youtube_starbucks_dag.py for tasks to queue
[2023-10-05T15:43:10.654+0000] {logging_mixin.py:151} INFO - [2023-10-05T15:43:10.653+0000] {dagbag.py:539} INFO - Filling up the DagBag from /opt/airflow/dags/youtube_starbucks_dag.py
[2023-10-05T15:43:10.716+0000] {processor.py:839} INFO - DAG(s) dict_keys(['YouTube_starbucks_Dag']) retrieved from /opt/airflow/dags/youtube_starbucks_dag.py
[2023-10-05T15:43:10.743+0000] {logging_mixin.py:151} INFO - [2023-10-05T15:43:10.743+0000] {dag.py:2907} INFO - Sync 1 DAGs
[2023-10-05T15:43:10.766+0000] {logging_mixin.py:151} INFO - [2023-10-05T15:43:10.765+0000] {dag.py:3677} INFO - Setting next_dagrun for YouTube_starbucks_Dag to None, run_after=None
[2023-10-05T15:43:10.805+0000] {processor.py:179} INFO - Processing /opt/airflow/dags/youtube_starbucks_dag.py took 0.166 seconds
[2023-10-05T15:43:41.322+0000] {processor.py:157} INFO - Started process (PID=687) to work on /opt/airflow/dags/youtube_starbucks_dag.py
[2023-10-05T15:43:41.325+0000] {processor.py:829} INFO - Processing file /opt/airflow/dags/youtube_starbucks_dag.py for tasks to queue
[2023-10-05T15:43:41.330+0000] {logging_mixin.py:151} INFO - [2023-10-05T15:43:41.329+0000] {dagbag.py:539} INFO - Filling up the DagBag from /opt/airflow/dags/youtube_starbucks_dag.py
[2023-10-05T15:43:41.375+0000] {processor.py:839} INFO - DAG(s) dict_keys(['YouTube_starbucks_Dag']) retrieved from /opt/airflow/dags/youtube_starbucks_dag.py
[2023-10-05T15:43:41.400+0000] {logging_mixin.py:151} INFO - [2023-10-05T15:43:41.400+0000] {dag.py:2907} INFO - Sync 1 DAGs
[2023-10-05T15:43:41.424+0000] {logging_mixin.py:151} INFO - [2023-10-05T15:43:41.424+0000] {dag.py:3677} INFO - Setting next_dagrun for YouTube_starbucks_Dag to None, run_after=None
[2023-10-05T15:43:41.467+0000] {processor.py:179} INFO - Processing /opt/airflow/dags/youtube_starbucks_dag.py took 0.150 seconds
[2023-10-05T15:44:12.051+0000] {processor.py:157} INFO - Started process (PID=699) to work on /opt/airflow/dags/youtube_starbucks_dag.py
[2023-10-05T15:44:12.054+0000] {processor.py:829} INFO - Processing file /opt/airflow/dags/youtube_starbucks_dag.py for tasks to queue
[2023-10-05T15:44:12.060+0000] {logging_mixin.py:151} INFO - [2023-10-05T15:44:12.059+0000] {dagbag.py:539} INFO - Filling up the DagBag from /opt/airflow/dags/youtube_starbucks_dag.py
[2023-10-05T15:44:12.114+0000] {processor.py:839} INFO - DAG(s) dict_keys(['YouTube_starbucks_Dag']) retrieved from /opt/airflow/dags/youtube_starbucks_dag.py
[2023-10-05T15:44:12.139+0000] {logging_mixin.py:151} INFO - [2023-10-05T15:44:12.139+0000] {dag.py:2907} INFO - Sync 1 DAGs
[2023-10-05T15:44:12.169+0000] {logging_mixin.py:151} INFO - [2023-10-05T15:44:12.169+0000] {dag.py:3677} INFO - Setting next_dagrun for YouTube_starbucks_Dag to None, run_after=None
[2023-10-05T15:44:12.213+0000] {processor.py:179} INFO - Processing /opt/airflow/dags/youtube_starbucks_dag.py took 0.167 seconds
[2023-10-05T15:44:42.785+0000] {processor.py:157} INFO - Started process (PID=711) to work on /opt/airflow/dags/youtube_starbucks_dag.py
[2023-10-05T15:44:42.788+0000] {processor.py:829} INFO - Processing file /opt/airflow/dags/youtube_starbucks_dag.py for tasks to queue
[2023-10-05T15:44:42.794+0000] {logging_mixin.py:151} INFO - [2023-10-05T15:44:42.793+0000] {dagbag.py:539} INFO - Filling up the DagBag from /opt/airflow/dags/youtube_starbucks_dag.py
[2023-10-05T15:44:42.843+0000] {processor.py:839} INFO - DAG(s) dict_keys(['YouTube_starbucks_Dag']) retrieved from /opt/airflow/dags/youtube_starbucks_dag.py
[2023-10-05T15:44:42.868+0000] {logging_mixin.py:151} INFO - [2023-10-05T15:44:42.868+0000] {dag.py:2907} INFO - Sync 1 DAGs
[2023-10-05T15:44:42.889+0000] {logging_mixin.py:151} INFO - [2023-10-05T15:44:42.889+0000] {dag.py:3677} INFO - Setting next_dagrun for YouTube_starbucks_Dag to None, run_after=None
[2023-10-05T15:44:42.918+0000] {processor.py:179} INFO - Processing /opt/airflow/dags/youtube_starbucks_dag.py took 0.139 seconds
[2023-10-05T15:45:13.467+0000] {processor.py:157} INFO - Started process (PID=723) to work on /opt/airflow/dags/youtube_starbucks_dag.py
[2023-10-05T15:45:13.471+0000] {processor.py:829} INFO - Processing file /opt/airflow/dags/youtube_starbucks_dag.py for tasks to queue
[2023-10-05T15:45:13.476+0000] {logging_mixin.py:151} INFO - [2023-10-05T15:45:13.476+0000] {dagbag.py:539} INFO - Filling up the DagBag from /opt/airflow/dags/youtube_starbucks_dag.py
[2023-10-05T15:45:13.523+0000] {processor.py:839} INFO - DAG(s) dict_keys(['YouTube_starbucks_Dag']) retrieved from /opt/airflow/dags/youtube_starbucks_dag.py
[2023-10-05T15:45:13.546+0000] {logging_mixin.py:151} INFO - [2023-10-05T15:45:13.546+0000] {dag.py:2907} INFO - Sync 1 DAGs
[2023-10-05T15:45:13.565+0000] {logging_mixin.py:151} INFO - [2023-10-05T15:45:13.565+0000] {dag.py:3677} INFO - Setting next_dagrun for YouTube_starbucks_Dag to None, run_after=None
[2023-10-05T15:45:13.590+0000] {processor.py:179} INFO - Processing /opt/airflow/dags/youtube_starbucks_dag.py took 0.128 seconds
[2023-10-05T15:45:44.112+0000] {processor.py:157} INFO - Started process (PID=735) to work on /opt/airflow/dags/youtube_starbucks_dag.py
[2023-10-05T15:45:44.115+0000] {processor.py:829} INFO - Processing file /opt/airflow/dags/youtube_starbucks_dag.py for tasks to queue
[2023-10-05T15:45:44.120+0000] {logging_mixin.py:151} INFO - [2023-10-05T15:45:44.119+0000] {dagbag.py:539} INFO - Filling up the DagBag from /opt/airflow/dags/youtube_starbucks_dag.py
[2023-10-05T15:45:44.162+0000] {processor.py:839} INFO - DAG(s) dict_keys(['YouTube_starbucks_Dag']) retrieved from /opt/airflow/dags/youtube_starbucks_dag.py
[2023-10-05T15:45:44.187+0000] {logging_mixin.py:151} INFO - [2023-10-05T15:45:44.186+0000] {dag.py:2907} INFO - Sync 1 DAGs
[2023-10-05T15:45:44.209+0000] {logging_mixin.py:151} INFO - [2023-10-05T15:45:44.209+0000] {dag.py:3677} INFO - Setting next_dagrun for YouTube_starbucks_Dag to None, run_after=None
[2023-10-05T15:45:44.241+0000] {processor.py:179} INFO - Processing /opt/airflow/dags/youtube_starbucks_dag.py took 0.135 seconds
[2023-10-05T15:46:14.728+0000] {processor.py:157} INFO - Started process (PID=747) to work on /opt/airflow/dags/youtube_starbucks_dag.py
[2023-10-05T15:46:14.731+0000] {processor.py:829} INFO - Processing file /opt/airflow/dags/youtube_starbucks_dag.py for tasks to queue
[2023-10-05T15:46:14.736+0000] {logging_mixin.py:151} INFO - [2023-10-05T15:46:14.736+0000] {dagbag.py:539} INFO - Filling up the DagBag from /opt/airflow/dags/youtube_starbucks_dag.py
[2023-10-05T15:46:14.787+0000] {processor.py:839} INFO - DAG(s) dict_keys(['YouTube_starbucks_Dag']) retrieved from /opt/airflow/dags/youtube_starbucks_dag.py
[2023-10-05T15:46:14.810+0000] {logging_mixin.py:151} INFO - [2023-10-05T15:46:14.809+0000] {dag.py:2907} INFO - Sync 1 DAGs
[2023-10-05T15:46:14.828+0000] {logging_mixin.py:151} INFO - [2023-10-05T15:46:14.828+0000] {dag.py:3677} INFO - Setting next_dagrun for YouTube_starbucks_Dag to None, run_after=None
[2023-10-05T15:46:14.858+0000] {processor.py:179} INFO - Processing /opt/airflow/dags/youtube_starbucks_dag.py took 0.141 seconds
[2023-10-05T15:46:45.442+0000] {processor.py:157} INFO - Started process (PID=759) to work on /opt/airflow/dags/youtube_starbucks_dag.py
[2023-10-05T15:46:45.445+0000] {processor.py:829} INFO - Processing file /opt/airflow/dags/youtube_starbucks_dag.py for tasks to queue
[2023-10-05T15:46:45.450+0000] {logging_mixin.py:151} INFO - [2023-10-05T15:46:45.450+0000] {dagbag.py:539} INFO - Filling up the DagBag from /opt/airflow/dags/youtube_starbucks_dag.py
[2023-10-05T15:46:45.493+0000] {processor.py:839} INFO - DAG(s) dict_keys(['YouTube_starbucks_Dag']) retrieved from /opt/airflow/dags/youtube_starbucks_dag.py
[2023-10-05T15:46:45.518+0000] {logging_mixin.py:151} INFO - [2023-10-05T15:46:45.518+0000] {dag.py:2907} INFO - Sync 1 DAGs
[2023-10-05T15:46:45.542+0000] {logging_mixin.py:151} INFO - [2023-10-05T15:46:45.541+0000] {dag.py:3677} INFO - Setting next_dagrun for YouTube_starbucks_Dag to None, run_after=None
[2023-10-05T15:46:45.575+0000] {processor.py:179} INFO - Processing /opt/airflow/dags/youtube_starbucks_dag.py took 0.139 seconds
[2023-10-05T15:47:16.478+0000] {processor.py:157} INFO - Started process (PID=771) to work on /opt/airflow/dags/youtube_starbucks_dag.py
[2023-10-05T15:47:16.483+0000] {processor.py:829} INFO - Processing file /opt/airflow/dags/youtube_starbucks_dag.py for tasks to queue
[2023-10-05T15:47:16.488+0000] {logging_mixin.py:151} INFO - [2023-10-05T15:47:16.487+0000] {dagbag.py:539} INFO - Filling up the DagBag from /opt/airflow/dags/youtube_starbucks_dag.py
[2023-10-05T15:47:16.530+0000] {processor.py:839} INFO - DAG(s) dict_keys(['YouTube_starbucks_Dag']) retrieved from /opt/airflow/dags/youtube_starbucks_dag.py
[2023-10-05T15:47:16.552+0000] {logging_mixin.py:151} INFO - [2023-10-05T15:47:16.551+0000] {dag.py:2907} INFO - Sync 1 DAGs
[2023-10-05T15:47:16.572+0000] {logging_mixin.py:151} INFO - [2023-10-05T15:47:16.571+0000] {dag.py:3677} INFO - Setting next_dagrun for YouTube_starbucks_Dag to None, run_after=None
[2023-10-05T15:47:16.600+0000] {processor.py:179} INFO - Processing /opt/airflow/dags/youtube_starbucks_dag.py took 0.129 seconds
[2023-10-05T15:47:47.115+0000] {processor.py:157} INFO - Started process (PID=784) to work on /opt/airflow/dags/youtube_starbucks_dag.py
[2023-10-05T15:47:47.121+0000] {processor.py:829} INFO - Processing file /opt/airflow/dags/youtube_starbucks_dag.py for tasks to queue
[2023-10-05T15:47:47.159+0000] {logging_mixin.py:151} INFO - [2023-10-05T15:47:47.157+0000] {dagbag.py:539} INFO - Filling up the DagBag from /opt/airflow/dags/youtube_starbucks_dag.py
[2023-10-05T15:47:47.255+0000] {processor.py:839} INFO - DAG(s) dict_keys(['YouTube_starbucks_Dag']) retrieved from /opt/airflow/dags/youtube_starbucks_dag.py
[2023-10-05T15:47:47.279+0000] {logging_mixin.py:151} INFO - [2023-10-05T15:47:47.279+0000] {dag.py:2907} INFO - Sync 1 DAGs
[2023-10-05T15:47:47.298+0000] {logging_mixin.py:151} INFO - [2023-10-05T15:47:47.298+0000] {dag.py:3677} INFO - Setting next_dagrun for YouTube_starbucks_Dag to None, run_after=None
[2023-10-05T15:47:47.329+0000] {processor.py:179} INFO - Processing /opt/airflow/dags/youtube_starbucks_dag.py took 0.221 seconds
[2023-10-05T15:48:17.956+0000] {processor.py:157} INFO - Started process (PID=795) to work on /opt/airflow/dags/youtube_starbucks_dag.py
[2023-10-05T15:48:17.958+0000] {processor.py:829} INFO - Processing file /opt/airflow/dags/youtube_starbucks_dag.py for tasks to queue
[2023-10-05T15:48:17.963+0000] {logging_mixin.py:151} INFO - [2023-10-05T15:48:17.962+0000] {dagbag.py:539} INFO - Filling up the DagBag from /opt/airflow/dags/youtube_starbucks_dag.py
[2023-10-05T15:48:18.010+0000] {processor.py:839} INFO - DAG(s) dict_keys(['YouTube_starbucks_Dag']) retrieved from /opt/airflow/dags/youtube_starbucks_dag.py
[2023-10-05T15:48:18.035+0000] {logging_mixin.py:151} INFO - [2023-10-05T15:48:18.034+0000] {dag.py:2907} INFO - Sync 1 DAGs
[2023-10-05T15:48:18.058+0000] {logging_mixin.py:151} INFO - [2023-10-05T15:48:18.058+0000] {dag.py:3677} INFO - Setting next_dagrun for YouTube_starbucks_Dag to None, run_after=None
[2023-10-05T15:48:18.114+0000] {processor.py:179} INFO - Processing /opt/airflow/dags/youtube_starbucks_dag.py took 0.165 seconds
[2023-10-05T15:48:48.707+0000] {processor.py:157} INFO - Started process (PID=807) to work on /opt/airflow/dags/youtube_starbucks_dag.py
[2023-10-05T15:48:48.709+0000] {processor.py:829} INFO - Processing file /opt/airflow/dags/youtube_starbucks_dag.py for tasks to queue
[2023-10-05T15:48:48.715+0000] {logging_mixin.py:151} INFO - [2023-10-05T15:48:48.715+0000] {dagbag.py:539} INFO - Filling up the DagBag from /opt/airflow/dags/youtube_starbucks_dag.py
[2023-10-05T15:48:48.774+0000] {processor.py:839} INFO - DAG(s) dict_keys(['YouTube_starbucks_Dag']) retrieved from /opt/airflow/dags/youtube_starbucks_dag.py
[2023-10-05T15:48:48.796+0000] {logging_mixin.py:151} INFO - [2023-10-05T15:48:48.796+0000] {dag.py:2907} INFO - Sync 1 DAGs
[2023-10-05T15:48:48.819+0000] {logging_mixin.py:151} INFO - [2023-10-05T15:48:48.819+0000] {dag.py:3677} INFO - Setting next_dagrun for YouTube_starbucks_Dag to None, run_after=None
[2023-10-05T15:48:48.849+0000] {processor.py:179} INFO - Processing /opt/airflow/dags/youtube_starbucks_dag.py took 0.147 seconds
[2023-10-05T15:49:19.371+0000] {processor.py:157} INFO - Started process (PID=819) to work on /opt/airflow/dags/youtube_starbucks_dag.py
[2023-10-05T15:49:19.373+0000] {processor.py:829} INFO - Processing file /opt/airflow/dags/youtube_starbucks_dag.py for tasks to queue
[2023-10-05T15:49:19.378+0000] {logging_mixin.py:151} INFO - [2023-10-05T15:49:19.377+0000] {dagbag.py:539} INFO - Filling up the DagBag from /opt/airflow/dags/youtube_starbucks_dag.py
[2023-10-05T15:49:19.421+0000] {processor.py:839} INFO - DAG(s) dict_keys(['YouTube_starbucks_Dag']) retrieved from /opt/airflow/dags/youtube_starbucks_dag.py
[2023-10-05T15:49:19.445+0000] {logging_mixin.py:151} INFO - [2023-10-05T15:49:19.444+0000] {dag.py:2907} INFO - Sync 1 DAGs
[2023-10-05T15:49:19.470+0000] {logging_mixin.py:151} INFO - [2023-10-05T15:49:19.470+0000] {dag.py:3677} INFO - Setting next_dagrun for YouTube_starbucks_Dag to None, run_after=None
[2023-10-05T15:49:19.498+0000] {processor.py:179} INFO - Processing /opt/airflow/dags/youtube_starbucks_dag.py took 0.133 seconds
[2023-10-05T15:49:50.010+0000] {processor.py:157} INFO - Started process (PID=830) to work on /opt/airflow/dags/youtube_starbucks_dag.py
[2023-10-05T15:49:50.012+0000] {processor.py:829} INFO - Processing file /opt/airflow/dags/youtube_starbucks_dag.py for tasks to queue
[2023-10-05T15:49:50.017+0000] {logging_mixin.py:151} INFO - [2023-10-05T15:49:50.017+0000] {dagbag.py:539} INFO - Filling up the DagBag from /opt/airflow/dags/youtube_starbucks_dag.py
[2023-10-05T15:49:50.060+0000] {processor.py:839} INFO - DAG(s) dict_keys(['YouTube_starbucks_Dag']) retrieved from /opt/airflow/dags/youtube_starbucks_dag.py
[2023-10-05T15:49:50.082+0000] {logging_mixin.py:151} INFO - [2023-10-05T15:49:50.081+0000] {dag.py:2907} INFO - Sync 1 DAGs
[2023-10-05T15:49:50.101+0000] {logging_mixin.py:151} INFO - [2023-10-05T15:49:50.100+0000] {dag.py:3677} INFO - Setting next_dagrun for YouTube_starbucks_Dag to None, run_after=None
[2023-10-05T15:49:50.133+0000] {processor.py:179} INFO - Processing /opt/airflow/dags/youtube_starbucks_dag.py took 0.128 seconds
[2023-10-05T15:50:20.644+0000] {processor.py:157} INFO - Started process (PID=842) to work on /opt/airflow/dags/youtube_starbucks_dag.py
[2023-10-05T15:50:20.646+0000] {processor.py:829} INFO - Processing file /opt/airflow/dags/youtube_starbucks_dag.py for tasks to queue
[2023-10-05T15:50:20.651+0000] {logging_mixin.py:151} INFO - [2023-10-05T15:50:20.651+0000] {dagbag.py:539} INFO - Filling up the DagBag from /opt/airflow/dags/youtube_starbucks_dag.py
[2023-10-05T15:50:20.695+0000] {processor.py:839} INFO - DAG(s) dict_keys(['YouTube_starbucks_Dag']) retrieved from /opt/airflow/dags/youtube_starbucks_dag.py
[2023-10-05T15:50:20.720+0000] {logging_mixin.py:151} INFO - [2023-10-05T15:50:20.720+0000] {dag.py:2907} INFO - Sync 1 DAGs
[2023-10-05T15:50:20.744+0000] {logging_mixin.py:151} INFO - [2023-10-05T15:50:20.744+0000] {dag.py:3677} INFO - Setting next_dagrun for YouTube_starbucks_Dag to None, run_after=None
[2023-10-05T15:50:20.778+0000] {processor.py:179} INFO - Processing /opt/airflow/dags/youtube_starbucks_dag.py took 0.139 seconds
[2023-10-05T15:50:51.382+0000] {processor.py:157} INFO - Started process (PID=854) to work on /opt/airflow/dags/youtube_starbucks_dag.py
[2023-10-05T15:50:51.385+0000] {processor.py:829} INFO - Processing file /opt/airflow/dags/youtube_starbucks_dag.py for tasks to queue
[2023-10-05T15:50:51.393+0000] {logging_mixin.py:151} INFO - [2023-10-05T15:50:51.393+0000] {dagbag.py:539} INFO - Filling up the DagBag from /opt/airflow/dags/youtube_starbucks_dag.py
[2023-10-05T15:50:51.447+0000] {processor.py:839} INFO - DAG(s) dict_keys(['YouTube_starbucks_Dag']) retrieved from /opt/airflow/dags/youtube_starbucks_dag.py
[2023-10-05T15:50:51.471+0000] {logging_mixin.py:151} INFO - [2023-10-05T15:50:51.471+0000] {dag.py:2907} INFO - Sync 1 DAGs
[2023-10-05T15:50:51.492+0000] {logging_mixin.py:151} INFO - [2023-10-05T15:50:51.492+0000] {dag.py:3677} INFO - Setting next_dagrun for YouTube_starbucks_Dag to None, run_after=None
[2023-10-05T15:50:51.524+0000] {processor.py:179} INFO - Processing /opt/airflow/dags/youtube_starbucks_dag.py took 0.148 seconds
[2023-10-05T15:51:22.110+0000] {processor.py:157} INFO - Started process (PID=866) to work on /opt/airflow/dags/youtube_starbucks_dag.py
[2023-10-05T15:51:22.112+0000] {processor.py:829} INFO - Processing file /opt/airflow/dags/youtube_starbucks_dag.py for tasks to queue
[2023-10-05T15:51:22.117+0000] {logging_mixin.py:151} INFO - [2023-10-05T15:51:22.117+0000] {dagbag.py:539} INFO - Filling up the DagBag from /opt/airflow/dags/youtube_starbucks_dag.py
[2023-10-05T15:51:22.195+0000] {processor.py:839} INFO - DAG(s) dict_keys(['YouTube_starbucks_Dag']) retrieved from /opt/airflow/dags/youtube_starbucks_dag.py
[2023-10-05T15:51:22.232+0000] {logging_mixin.py:151} INFO - [2023-10-05T15:51:22.232+0000] {dag.py:2907} INFO - Sync 1 DAGs
[2023-10-05T15:51:22.288+0000] {logging_mixin.py:151} INFO - [2023-10-05T15:51:22.287+0000] {dag.py:3677} INFO - Setting next_dagrun for YouTube_starbucks_Dag to None, run_after=None
[2023-10-05T15:51:22.345+0000] {processor.py:179} INFO - Processing /opt/airflow/dags/youtube_starbucks_dag.py took 0.245 seconds
[2023-10-05T15:51:52.954+0000] {processor.py:157} INFO - Started process (PID=878) to work on /opt/airflow/dags/youtube_starbucks_dag.py
[2023-10-05T15:51:52.957+0000] {processor.py:829} INFO - Processing file /opt/airflow/dags/youtube_starbucks_dag.py for tasks to queue
[2023-10-05T15:51:52.962+0000] {logging_mixin.py:151} INFO - [2023-10-05T15:51:52.962+0000] {dagbag.py:539} INFO - Filling up the DagBag from /opt/airflow/dags/youtube_starbucks_dag.py
[2023-10-05T15:51:53.006+0000] {processor.py:839} INFO - DAG(s) dict_keys(['YouTube_starbucks_Dag']) retrieved from /opt/airflow/dags/youtube_starbucks_dag.py
[2023-10-05T15:51:53.030+0000] {logging_mixin.py:151} INFO - [2023-10-05T15:51:53.029+0000] {dag.py:2907} INFO - Sync 1 DAGs
[2023-10-05T15:51:53.051+0000] {logging_mixin.py:151} INFO - [2023-10-05T15:51:53.051+0000] {dag.py:3677} INFO - Setting next_dagrun for YouTube_starbucks_Dag to None, run_after=None
[2023-10-05T15:51:53.082+0000] {processor.py:179} INFO - Processing /opt/airflow/dags/youtube_starbucks_dag.py took 0.134 seconds
[2023-10-05T15:52:23.615+0000] {processor.py:157} INFO - Started process (PID=890) to work on /opt/airflow/dags/youtube_starbucks_dag.py
[2023-10-05T15:52:23.617+0000] {processor.py:829} INFO - Processing file /opt/airflow/dags/youtube_starbucks_dag.py for tasks to queue
[2023-10-05T15:52:23.622+0000] {logging_mixin.py:151} INFO - [2023-10-05T15:52:23.621+0000] {dagbag.py:539} INFO - Filling up the DagBag from /opt/airflow/dags/youtube_starbucks_dag.py
[2023-10-05T15:52:23.663+0000] {processor.py:839} INFO - DAG(s) dict_keys(['YouTube_starbucks_Dag']) retrieved from /opt/airflow/dags/youtube_starbucks_dag.py
[2023-10-05T15:52:23.687+0000] {logging_mixin.py:151} INFO - [2023-10-05T15:52:23.686+0000] {dag.py:2907} INFO - Sync 1 DAGs
[2023-10-05T15:52:23.705+0000] {logging_mixin.py:151} INFO - [2023-10-05T15:52:23.705+0000] {dag.py:3677} INFO - Setting next_dagrun for YouTube_starbucks_Dag to None, run_after=None
[2023-10-05T15:52:23.735+0000] {processor.py:179} INFO - Processing /opt/airflow/dags/youtube_starbucks_dag.py took 0.125 seconds
[2023-10-05T15:52:54.283+0000] {processor.py:157} INFO - Started process (PID=902) to work on /opt/airflow/dags/youtube_starbucks_dag.py
[2023-10-05T15:52:54.285+0000] {processor.py:829} INFO - Processing file /opt/airflow/dags/youtube_starbucks_dag.py for tasks to queue
[2023-10-05T15:52:54.291+0000] {logging_mixin.py:151} INFO - [2023-10-05T15:52:54.290+0000] {dagbag.py:539} INFO - Filling up the DagBag from /opt/airflow/dags/youtube_starbucks_dag.py
[2023-10-05T15:52:54.333+0000] {processor.py:839} INFO - DAG(s) dict_keys(['YouTube_starbucks_Dag']) retrieved from /opt/airflow/dags/youtube_starbucks_dag.py
[2023-10-05T15:52:54.354+0000] {logging_mixin.py:151} INFO - [2023-10-05T15:52:54.354+0000] {dag.py:2907} INFO - Sync 1 DAGs
[2023-10-05T15:52:54.373+0000] {logging_mixin.py:151} INFO - [2023-10-05T15:52:54.373+0000] {dag.py:3677} INFO - Setting next_dagrun for YouTube_starbucks_Dag to None, run_after=None
[2023-10-05T15:52:54.414+0000] {processor.py:179} INFO - Processing /opt/airflow/dags/youtube_starbucks_dag.py took 0.136 seconds
[2023-10-05T15:53:24.941+0000] {processor.py:157} INFO - Started process (PID=914) to work on /opt/airflow/dags/youtube_starbucks_dag.py
[2023-10-05T15:53:24.943+0000] {processor.py:829} INFO - Processing file /opt/airflow/dags/youtube_starbucks_dag.py for tasks to queue
[2023-10-05T15:53:24.949+0000] {logging_mixin.py:151} INFO - [2023-10-05T15:53:24.948+0000] {dagbag.py:539} INFO - Filling up the DagBag from /opt/airflow/dags/youtube_starbucks_dag.py
[2023-10-05T15:53:24.990+0000] {processor.py:839} INFO - DAG(s) dict_keys(['YouTube_starbucks_Dag']) retrieved from /opt/airflow/dags/youtube_starbucks_dag.py
[2023-10-05T15:53:25.011+0000] {logging_mixin.py:151} INFO - [2023-10-05T15:53:25.011+0000] {dag.py:2907} INFO - Sync 1 DAGs
[2023-10-05T15:53:25.030+0000] {logging_mixin.py:151} INFO - [2023-10-05T15:53:25.030+0000] {dag.py:3677} INFO - Setting next_dagrun for YouTube_starbucks_Dag to None, run_after=None
[2023-10-05T15:53:25.068+0000] {processor.py:179} INFO - Processing /opt/airflow/dags/youtube_starbucks_dag.py took 0.132 seconds
[2023-10-05T15:53:55.661+0000] {processor.py:157} INFO - Started process (PID=926) to work on /opt/airflow/dags/youtube_starbucks_dag.py
[2023-10-05T15:53:55.664+0000] {processor.py:829} INFO - Processing file /opt/airflow/dags/youtube_starbucks_dag.py for tasks to queue
[2023-10-05T15:53:55.669+0000] {logging_mixin.py:151} INFO - [2023-10-05T15:53:55.668+0000] {dagbag.py:539} INFO - Filling up the DagBag from /opt/airflow/dags/youtube_starbucks_dag.py
[2023-10-05T15:53:55.735+0000] {processor.py:839} INFO - DAG(s) dict_keys(['YouTube_starbucks_Dag']) retrieved from /opt/airflow/dags/youtube_starbucks_dag.py
[2023-10-05T15:53:55.777+0000] {logging_mixin.py:151} INFO - [2023-10-05T15:53:55.776+0000] {dag.py:2907} INFO - Sync 1 DAGs
[2023-10-05T15:53:55.806+0000] {logging_mixin.py:151} INFO - [2023-10-05T15:53:55.806+0000] {dag.py:3677} INFO - Setting next_dagrun for YouTube_starbucks_Dag to None, run_after=None
[2023-10-05T15:53:55.854+0000] {processor.py:179} INFO - Processing /opt/airflow/dags/youtube_starbucks_dag.py took 0.202 seconds
